job start at
Tue Jan 28 20:30:33 CET 2020
SLURM_JOB_ID: 421626
HOSTNAME: t3wn33
JOBLIST:joblist/joblist_ZprimeToZHToZlepHinc_narrow_M-7000_TuneCP5_13TeV-madgraph-pythia8__RunIIAutumn18NanoAODv6-Nano25Oct2019_102X_upgrade2018_realistic_v20-v1__NANOAODSIM_ll.txt
Going to execute
python job.py -i root://cms-xrd-global.cern.ch//store/mc/RunIIAutumn18NanoAODv6/ZprimeToZHToZlepHinc_narrow_M-7000_TuneCP5_13TeV-madgraph-pythia8/NANOAODSIM/Nano25Oct2019_102X_upgrade2018_realistic_v20-v1/260000/D035F506-5480-0F41-95B7-72DC04B5842C.root -o /work/pbaertsc/heavy_resonance/output_2018/ZprimeToZHToZlepHinc_narrow_M-7000_TuneCP5_13TeV-madgraph-pythia8__RunIIAutumn18NanoAODv6-Nano25Oct2019_102X_upgrade2018_realistic_v20-v1__NANOAODSIM -N ZprimeToZHToZlepHinc_narrow_M-7000_TuneCP5_13TeV-madgraph-pythia8__RunIIAutumn18NanoAODv6-Nano25Oct2019_102X_upgrade2018_realistic_v20-v1__NANOAODSIM -n 1 -c ll -y 2018
TClass::Init:0: RuntimeWarning: no dictionary for class ROOT::TIOFeatures is available
/work/pbaertsc/heavy_resonance/CMSSW_9_4_6/python/PhysicsTools/NanoAODTools/postprocessing/framework/treeReaderArrayTools.py:69: RuntimeWarning: creating executor for unknown type "ULong64_t*"
  ret = _vr.Get()[0]
JEC= Autumn18_V19_MC 	 JER= Autumn18_V7_MC
MET branch= PuppiMET
JEC= Autumn18_V19_MC 	 JER= Autumn18_V7_MC
MET branch= PuppiMET
--------------------------------------------------------------------------------
input files  = ['root://cms-xrd-global.cern.ch//store/mc/RunIIAutumn18NanoAODv6/ZprimeToZHToZlepHinc_narrow_M-7000_TuneCP5_13TeV-madgraph-pythia8/NANOAODSIM/Nano25Oct2019_102X_upgrade2018_realistic_v20-v1/260000/D035F506-5480-0F41-95B7-72DC04B5842C.root']
output directory = /work/pbaertsc/heavy_resonance/output_2018/ZprimeToZHToZlepHinc_narrow_M-7000_TuneCP5_13TeV-madgraph-pythia8__RunIIAutumn18NanoAODv6-Nano25Oct2019_102X_upgrade2018_realistic_v20-v1__NANOAODSIM
output file  = ZprimeToZHToZlepHinc_narrow_M-7000_TuneCP5_13TeV-madgraph-pythia8__RunIIAutumn18NanoAODv6-Nano25Oct2019_102X_upgrade2018_realistic_v20-v1__NANOAODSIM_1_ll.root
chunck       = 1
channel      = ll
dataType     = mc
year         = 2018
tes          = 1.0
ltf          = 1.0
jtf          = 1.0
--------------------------------------------------------------------------------
job.py: creating PostProcessor...
TreeProducer is called /work/pbaertsc/heavy_resonance/output_2018/ZprimeToZHToZlepHinc_narrow_M-7000_TuneCP5_13TeV-madgraph-pythia8__RunIIAutumn18NanoAODv6-Nano25Oct2019_102X_upgrade2018_realistic_v20-v1__NANOAODSIM/ZprimeToZHToZlepHinc_narrow_M-7000_TuneCP5_13TeV-madgraph-pythia8__RunIIAutumn18NanoAODv6-Nano25Oct2019_102X_upgrade2018_realistic_v20-v1__NANOAODSIM_1_ll.root
job.py: going to run PostProcessor...
Will write selected trees to /work/pbaertsc/heavy_resonance/output_2018/ZprimeToZHToZlepHinc_narrow_M-7000_TuneCP5_13TeV-madgraph-pythia8__RunIIAutumn18NanoAODv6-Nano25Oct2019_102X_upgrade2018_realistic_v20-v1__NANOAODSIM
Loading jet energy scale (JES) uncertainties from file '/tmp/tmporE7B6/Autumn18_V19_MC_Uncertainty_AK4PFchs.txt'
Loading jet energy resolutions (JER) from file '/tmp/tmpvYJbas/Autumn18_V7_MC_PtResolution_AK4PFchs.txt'
Loading JER scale factors and uncertainties from file '/tmp/tmpvYJbas/Autumn18_V7_MC_SF_AK4PFchs.txt'
Loading jet energy scale (JES) uncertainties from file '/tmp/tmpCjZVOq/Autumn18_V19_MC_Uncertainty_AK8PFPuppi.txt'
Loading jet energy resolutions (JER) from file '/tmp/tmpOI8NNj/Autumn18_V7_MC_PtResolution_AK8PFPuppi.txt'
Loading JER scale factors and uncertainties from file '/tmp/tmpOI8NNj/Autumn18_V7_MC_SF_AK8PFPuppi.txt'
Pre-select 62000 entries out of 62000 (100.00%)
nanoAODv5? True
ZtoMM trigger inconsistency
Bad event
ZtoMM trigger inconsistency
Bad event
ZtoMM trigger inconsistency
ZtoMM trigger inconsistency
ZtoMM trigger inconsistency
WARNING: jet m = -20.5 !!
WARNING: jet m = -20.5 !!
ZtoMM trigger inconsistency
ZtoMM trigger inconsistency
ZtoMM trigger inconsistency
TtoEM trigger inconsistency
TtoEM trigger inconsistency
ZtoMM trigger inconsistency
ZtoMM trigger inconsistency
Bad event
ZtoMM trigger inconsistency
Bad event
Bad event
Bad event
Bad event
Bad event
ZtoMM trigger inconsistency
WARNING: jet m = -3199.6 !!
WARNING: jet m = -3199.6 !!
ZtoMM trigger inconsistency
WARNING: jet m = -1354.6 !!
WARNING: jet m = -1354.6 !!
ZtoMM trigger inconsistency
ZtoMM trigger inconsistency
WARNING: jet m = -392.4 !!
WARNING: jet m = -392.4 !!
Bad event
ZtoMM trigger inconsistency
ZtoMM trigger inconsistency
Bad event
Bad event
WARNING: jet m = -5174.4 !!
WARNING: jet m = -5174.4 !!
Bad event
ZtoMM trigger inconsistency
Bad event
TtoEM trigger inconsistency
Bad event
Bad event
ZtoMM trigger inconsistency
Bad event
ZtoMM trigger inconsistency
Bad event
ZtoMM trigger inconsistency
ZtoMM trigger inconsistency
ZtoMM trigger inconsistency
ZtoMM trigger inconsistency
Bad event
ZtoMM trigger inconsistency
ZtoMM trigger inconsistency
ZtoMM trigger inconsistency
ZtoMM trigger inconsistency
Bad event
TtoEM trigger inconsistency
ZtoMM trigger inconsistency
Bad event
WARNING: jet m = -15.5 !!
WARNING: jet m = -15.5 !!
Bad event
Bad event
Bad event
ZtoMM trigger inconsistency
ZtoMM trigger inconsistency
ZtoMM trigger inconsistency
ZtoMM trigger inconsistency
TtoEM trigger inconsistency
ZtoMM trigger inconsistency
ZtoMM trigger inconsistency
ZtoMM trigger inconsistency
Bad event
Bad event
Bad event
WARNING: jet m = -695.9 !!
WARNING: jet m = -695.9 !!
Bad event
Bad event
ZtoMM trigger inconsistency
ZtoMM trigger inconsistency
ZtoMM trigger inconsistency
ZtoMM trigger inconsistency
ZtoMM trigger inconsistency
ZtoMM trigger inconsistency
Bad event
ZtoMM trigger inconsistency
WARNING: jet m = -0.0 !!
WARNING: jet m = -0.0 !!
ZtoMM trigger inconsistency
ZtoMM trigger inconsistency
ZtoMM trigger inconsistency
ZtoMM trigger inconsistency
WARNING: jet m = -43.1 !!
WARNING: jet m = -43.1 !!
Bad event
ZtoMM trigger inconsistency
ZtoMM trigger inconsistency
ZtoMM trigger inconsistency
ZtoMM trigger inconsistency
ZtoMM trigger inconsistency
ZtoMM trigger inconsistency
Bad event
ZtoMM trigger inconsistency
WARNING: jet m = -30.8 !!
WARNING: jet m = -30.8 !!
ZtoMM trigger inconsistency
ZtoMM trigger inconsistency
Bad event
ZtoMM trigger inconsistency
Bad event
ZtoMM trigger inconsistency
TtoEM trigger inconsistency
TtoEM trigger inconsistency
ZtoMM trigger inconsistency
TtoEM trigger inconsistency
ZtoMM trigger inconsistency
ZtoMM trigger inconsistency
ZtoMM trigger inconsistency
ZtoMM trigger inconsistency
ZtoMM trigger inconsistency
WARNING: jet m = -4969.0 !!
WARNING: jet m = -4969.0 !!
ZtoMM trigger inconsistency
Bad event
ZtoMM trigger inconsistency
ZtoMM trigger inconsistency
ZtoMM trigger inconsistency
ZtoMM trigger inconsistency
WARNING: jet m = -7496.3 !!
WARNING: jet m = -7496.3 !!
Bad event
Bad event
ZtoMM trigger inconsistency
ZtoMM trigger inconsistency
ZtoMM trigger inconsistency
Bad event
ZtoMM trigger inconsistency
ZtoMM trigger inconsistency
ZtoMM trigger inconsistency
ZtoMM trigger inconsistency
WARNING: jet m = -49.1 !!
WARNING: jet m = -49.1 !!
TtoEM trigger inconsistency
ZtoMM trigger inconsistency
ZtoMM trigger inconsistency
Bad event
TtoEM trigger inconsistency
ZtoMM trigger inconsistency
ZtoMM trigger inconsistency
ZtoMM trigger inconsistency
ZtoMM trigger inconsistency
WARNING: jet m = -13.5 !!
WARNING: jet m = -13.5 !!
Bad event
WARNING: jet m = -197.5 !!
WARNING: jet m = -197.5 !!
Bad event
Bad event
TtoEM trigger inconsistency
ZtoMM trigger inconsistency
ZtoMM trigger inconsistency
Bad event
Bad event
WARNING: jet m = -9355.9 !!
WARNING: jet m = -9355.9 !!
Bad event
ZtoMM trigger inconsistency
Bad event
Bad event
ZtoMM trigger inconsistency
ZtoMM trigger inconsistency
Bad event
Bad event
ZtoMM trigger inconsistency
ZtoMM trigger inconsistency
ZtoMM trigger inconsistency
Bad event
ZtoMM trigger inconsistency
Bad event
Bad event
Bad event
ZtoMM trigger inconsistency
Bad event
WARNING: jet m = -6.5 !!
WARNING: jet m = -6.5 !!
ZtoMM trigger inconsistency
ZtoMM trigger inconsistency
WARNING: jet m = -9123.2 !!
WARNING: jet m = -9123.2 !!
ZtoMM trigger inconsistency
ZtoMM trigger inconsistency
ZtoMM trigger inconsistency
ZtoMM trigger inconsistency
Bad event
WARNING: jet m = -114.6 !!
WARNING: jet m = -114.6 !!
Bad event
TtoEM trigger inconsistency
ZtoMM trigger inconsistency
ZtoMM trigger inconsistency
ZtoMM trigger inconsistency
Bad event
ZtoMM trigger inconsistency
ZtoMM trigger inconsistency
Bad event
Bad event
ZtoMM trigger inconsistency
WARNING: jet m = -5.0 !!
WARNING: jet m = -5.0 !!
WARNING: jet m = -16.2 !!
WARNING: jet m = -16.2 !!
ZtoMM trigger inconsistency
Bad event
Bad event
Bad event
Bad event
Bad event
ZtoMM trigger inconsistency
WARNING: jet m = -2155.1 !!
WARNING: jet m = -2155.1 !!
ZtoMM trigger inconsistency
Bad event
ZtoMM trigger inconsistency
ZtoMM trigger inconsistency
ZtoMM trigger inconsistency
Bad event
TtoEM trigger inconsistency
ZtoMM trigger inconsistency
Bad event
Bad event
ZtoMM trigger inconsistency
ZtoMM trigger inconsistency
ZtoMM trigger inconsistency
WARNING: jet m = -29.6 !!
WARNING: jet m = -29.6 !!
ZtoMM trigger inconsistency
ZtoMM trigger inconsistency
WARNING: jet m = -1.8 !!
WARNING: jet m = -1.8 !!
TtoEM trigger inconsistency
Bad event
WARNING: jet m = -9045.8 !!
WARNING: jet m = -9045.8 !!
ZtoMM trigger inconsistency
ZtoMM trigger inconsistency
Bad event
ZtoMM trigger inconsistency
WARNING: jet m = -8.2 !!
WARNING: jet m = -8.2 !!
WARNING: jet m = -6.6 !!
WARNING: jet m = -6.6 !!
Bad event
ZtoMM trigger inconsistency
WARNING: jet m = -13.1 !!
WARNING: jet m = -13.1 !!
Bad event
ZtoMM trigger inconsistency
ZtoMM trigger inconsistency
Bad event
ZtoMM trigger inconsistency
Bad event
ZtoMM trigger inconsistency
Bad event
ZtoMM trigger inconsistency
Bad event
ZtoMM trigger inconsistency
Bad event
Bad event
ZtoMM trigger inconsistency
Bad event
TtoEM trigger inconsistency
ZtoMM trigger inconsistency
ZtoMM trigger inconsistency
Bad event
ZtoMM trigger inconsistency
ZtoMM trigger inconsistency
Bad event
Bad event
TtoEM trigger inconsistency
ZtoMM trigger inconsistency
Bad event
Bad event
ZtoMM trigger inconsistency
Bad event
ZtoMM trigger inconsistency
ZtoMM trigger inconsistency
ZtoMM trigger inconsistency
WARNING: jet m = -7898.4 !!
WARNING: jet m = -7898.4 !!
Bad event
Bad event
Bad event
Bad event
ZtoMM trigger inconsistency
ZtoMM trigger inconsistency
Bad event
ZtoMM trigger inconsistency
WARNING: jet m = -9452.2 !!
WARNING: jet m = -9452.2 !!
ZtoMM trigger inconsistency
ZtoMM trigger inconsistency
Bad event
ZtoMM trigger inconsistency
Bad event
ZtoMM trigger inconsistency
ZtoMM trigger inconsistency
WARNING: jet m = -935.5 !!
WARNING: jet m = -935.5 !!
Bad event
Bad event
Bad event
ZtoMM trigger inconsistency
ZtoMM trigger inconsistency
ZtoMM trigger inconsistency
Bad event
WARNING: jet m = -0.0 !!
ZtoMM trigger inconsistency
Bad event
Bad event
WARNING: jet m = -9754.0 !!
WARNING: jet m = -9754.0 !!
ZtoMM trigger inconsistency
Bad event
WARNING: jet m = -1638.1 !!
WARNING: jet m = -1638.1 !!
Bad event
Bad event
ZtoMM trigger inconsistency
ZtoMM trigger inconsistency
ZtoMM trigger inconsistency
ZtoMM trigger inconsistency
ZtoMM trigger inconsistency
ZtoMM trigger inconsistency
Bad event
TtoEM trigger inconsistency
ZtoMM trigger inconsistency
Bad event
ZtoMM trigger inconsistency
ZtoMM trigger inconsistency
Bad event
ZtoMM trigger inconsistency
ZtoMM trigger inconsistency
ZtoMM trigger inconsistency
ZtoMM trigger inconsistency
Bad event
ZtoMM trigger inconsistency
Bad event
ZtoMM trigger inconsistency
WARNING: jet m = -28.3 !!
WARNING: jet m = -28.3 !!
ZtoMM trigger inconsistency
ZtoMM trigger inconsistency
ZtoMM trigger inconsistency
TtoEM trigger inconsistency
ZtoMM trigger inconsistency
Bad event
ZtoMM trigger inconsistency
ZtoMM trigger inconsistency
Bad event
ZtoMM trigger inconsistency
WARNING: jet m = -662.3 !!
WARNING: jet m = -662.3 !!
ZtoMM trigger inconsistency
Bad event
ZtoMM trigger inconsistency
ZtoMM trigger inconsistency
ZtoMM trigger inconsistency
ZtoMM trigger inconsistency
ZtoMM trigger inconsistency
ZtoMM trigger inconsistency
ZtoMM trigger inconsistency
ZtoMM trigger inconsistency
Bad event
ZtoMM trigger inconsistency
Processed    10000/   62000 entries, 16.13% (elapsed time   214.6s, curr speed    0.047 kHz, avg speed    0.047 kHz), accepted     6397/   10001 events (63.96%)
ZtoMM trigger inconsistency
ZtoMM trigger inconsistency
ZtoMM trigger inconsistency
Bad event
ZtoMM trigger inconsistency
WARNING: jet m = -604.2 !!
WARNING: jet m = -604.2 !!
ZtoMM trigger inconsistency
ZtoMM trigger inconsistency
ZtoMM trigger inconsistency
ZtoMM trigger inconsistency
Bad event
ZtoMM trigger inconsistency
ZtoMM trigger inconsistency
Bad event
Bad event
Bad event
Bad event
WARNING: jet m = -7966.9 !!
WARNING: jet m = -7966.9 !!
Bad event
ZtoMM trigger inconsistency
ZtoMM trigger inconsistency
ZtoMM trigger inconsistency
ZtoMM trigger inconsistency
ZtoMM trigger inconsistency
Bad event
Bad event
ZtoMM trigger inconsistency
Bad event
ZtoMM trigger inconsistency
Bad event
WARNING: jet m = -19.5 !!
WARNING: jet m = -19.5 !!
Bad event
ZtoMM trigger inconsistency
ZtoMM trigger inconsistency
ZtoMM trigger inconsistency
ZtoMM trigger inconsistency
Bad event
ZtoEE trigger inconsistency
ZtoMM trigger inconsistency
ZtoMM trigger inconsistency
ZtoMM trigger inconsistency
Bad event
ZtoMM trigger inconsistency
ZtoMM trigger inconsistency
WARNING: jet m = -6.4 !!
WARNING: jet m = -6.4 !!
Bad event
ZtoMM trigger inconsistency
ZtoMM trigger inconsistency
WARNING: jet m = -4468.5 !!
WARNING: jet m = -4468.5 !!
Bad event
ZtoMM trigger inconsistency
ZtoMM trigger inconsistency
Bad event
ZtoMM trigger inconsistency
Bad event
ZtoMM trigger inconsistency
ZtoMM trigger inconsistency
Bad event
ZtoMM trigger inconsistency
ZtoMM trigger inconsistency
Bad event
Bad event
Bad event
Bad event
Bad event
Bad event
Bad event
Bad event
ZtoMM trigger inconsistency
ZtoMM trigger inconsistency
ZtoMM trigger inconsistency
TtoEM trigger inconsistency
WARNING: jet m = -32.9 !!
WARNING: jet m = -32.9 !!
Bad event
ZtoMM trigger inconsistency
Bad event
Bad event
ZtoMM trigger inconsistency
WARNING: jet m = -3877.9 !!
WARNING: jet m = -3877.9 !!
ZtoMM trigger inconsistency
ZtoMM trigger inconsistency
ZtoMM trigger inconsistency
TtoEM trigger inconsistency
Bad event
ZtoMM trigger inconsistency
ZtoMM trigger inconsistency
ZtoMM trigger inconsistency
Bad event
ZtoMM trigger inconsistency
ZtoMM trigger inconsistency
ZtoMM trigger inconsistency
ZtoMM trigger inconsistency
ZtoMM trigger inconsistency
ZtoMM trigger inconsistency
ZtoMM trigger inconsistency
Bad event
ZtoMM trigger inconsistency
ZtoMM trigger inconsistency
Bad event
Bad event
Bad event
ZtoMM trigger inconsistency
Bad event
ZtoMM trigger inconsistency
ZtoMM trigger inconsistency
WARNING: jet m = -132.3 !!
WARNING: jet m = -132.3 !!
Bad event
Bad event
Bad event
ZtoMM trigger inconsistency
ZtoMM trigger inconsistency
TtoEM trigger inconsistency
Bad event
ZtoMM trigger inconsistency
Bad event
ZtoMM trigger inconsistency
ZtoMM trigger inconsistency
WARNING: jet m = -49.8 !!
WARNING: jet m = -49.8 !!
ZtoMM trigger inconsistency
Bad event
Bad event
WARNING: jet m = -8726.9 !!
WARNING: jet m = -8726.9 !!
ZtoMM trigger inconsistency
ZtoMM trigger inconsistency
ZtoMM trigger inconsistency
ZtoMM trigger inconsistency
ZtoMM trigger inconsistency
ZtoMM trigger inconsistency
ZtoMM trigger inconsistency
ZtoMM trigger inconsistency
Bad event
ZtoMM trigger inconsistency
Bad event
WARNING: jet m = -22.9 !!
WARNING: jet m = -22.9 !!
ZtoMM trigger inconsistency
ZtoMM trigger inconsistency
Bad event
ZtoMM trigger inconsistency
TtoEM trigger inconsistency
ZtoMM trigger inconsistency
WARNING: jet m = -4045.4 !!
WARNING: jet m = -4045.4 !!
Bad event
ZtoMM trigger inconsistency
WARNING: jet m = -3362.4 !!
WARNING: jet m = -3362.4 !!
ZtoMM trigger inconsistency
ZtoMM trigger inconsistency
ZtoMM trigger inconsistency
Bad event
ZtoMM trigger inconsistency
Bad event
WARNING: jet m = -70.2 !!
WARNING: jet m = -70.2 !!
WARNING: jet m = -8.6 !!
WARNING: jet m = -8.6 !!
Bad event
ZtoMM trigger inconsistency
TtoEM trigger inconsistency
ZtoMM trigger inconsistency
ZtoMM trigger inconsistency
ZtoMM trigger inconsistency
Bad event
WARNING: jet m = -11.3 !!
WARNING: jet m = -11.3 !!
Bad event
ZtoMM trigger inconsistency
ZtoMM trigger inconsistency
ZtoMM trigger inconsistency
Bad event
Bad event
ZtoMM trigger inconsistency
ZtoMM trigger inconsistency
Bad event
WARNING: jet m = -2.2 !!
WARNING: jet m = -2.2 !!
Bad event
Bad event
ZtoMM trigger inconsistency
Bad event
TtoEM trigger inconsistency
ZtoMM trigger inconsistency
Bad event
Bad event
ZtoMM trigger inconsistency
ZtoMM trigger inconsistency
ZtoMM trigger inconsistency
WARNING: jet m = -43.3 !!
WARNING: jet m = -43.3 !!
Bad event
Bad event
WARNING: jet m = -359.5 !!
WARNING: jet m = -359.5 !!
Bad event
TtoEM trigger inconsistency
WARNING: jet m = -738.6 !!
WARNING: jet m = -738.6 !!
Bad event
ZtoMM trigger inconsistency
ZtoMM trigger inconsistency
Bad event
Bad event
WARNING: jet m = -378.7 !!
WARNING: jet m = -378.7 !!
WARNING: jet m = -58.5 !!
WARNING: jet m = -58.5 !!
WARNING: jet m = -9353.6 !!
WARNING: jet m = -9353.6 !!
Bad event
ZtoMM trigger inconsistency
Bad event
ZtoMM trigger inconsistency
ZtoMM trigger inconsistency
WARNING: jet m = -56.0 !!
WARNING: jet m = -56.0 !!
ZtoMM trigger inconsistency
ZtoMM trigger inconsistency
WARNING: jet m = -301.4 !!
WARNING: jet m = -301.4 !!
WARNING: jet m = -2401.5 !!
WARNING: jet m = -2401.5 !!
Bad event
Bad event
Bad event
Bad event
ZtoMM trigger inconsistency
Bad event
ZtoMM trigger inconsistency
ZtoMM trigger inconsistency
Bad event
ZtoMM trigger inconsistency
ZtoMM trigger inconsistency
Bad event
Bad event
ZtoMM trigger inconsistency
Bad event
ZtoMM trigger inconsistency
ZtoMM trigger inconsistency
ZtoMM trigger inconsistency
ZtoMM trigger inconsistency
ZtoMM trigger inconsistency
ZtoMM trigger inconsistency
Bad event
Bad event
WARNING: jet m = -28.1 !!
WARNING: jet m = -28.1 !!
ZtoMM trigger inconsistency
Bad event
Bad event
TtoEM trigger inconsistency
ZtoMM trigger inconsistency
Bad event
ZtoMM trigger inconsistency
WARNING: jet m = -18.5 !!
WARNING: jet m = -18.5 !!
Bad event
ZtoMM trigger inconsistency
Bad event
Bad event
ZtoMM trigger inconsistency
Bad event
Bad event
Bad event
ZtoMM trigger inconsistency
WARNING: jet m = -37.8 !!
WARNING: jet m = -37.8 !!
Bad event
ZtoMM trigger inconsistency
Bad event
ZtoMM trigger inconsistency
Bad event
ZtoMM trigger inconsistency
ZtoMM trigger inconsistency
ZtoMM trigger inconsistency
Bad event
ZtoMM trigger inconsistency
Bad event
WARNING: jet m = -3770.4 !!
WARNING: jet m = -3770.4 !!
WARNING: jet m = -6813.4 !!
WARNING: jet m = -6813.4 !!
Bad event
WARNING: jet m = -22.4 !!
WARNING: jet m = -22.4 !!
Bad event
WARNING: jet m = -4.1 !!
WARNING: jet m = -4.1 !!
WARNING: jet m = -4039.5 !!
WARNING: jet m = -4039.5 !!
Bad event
ZtoMM trigger inconsistency
Bad event
Bad event
ZtoMM trigger inconsistency
ZtoMM trigger inconsistency
Bad event
Bad event
Bad event
TtoEM trigger inconsistency
TtoEM trigger inconsistency
ZtoMM trigger inconsistency
TtoEM trigger inconsistency
Bad event
TtoEM trigger inconsistency
ZtoMM trigger inconsistency
ZtoMM trigger inconsistency
Bad event
ZtoMM trigger inconsistency
TtoEM trigger inconsistency
ZtoMM trigger inconsistency
Bad event
ZtoMM trigger inconsistency
ZtoMM trigger inconsistency
Bad event
Bad event
ZtoMM trigger inconsistency
Bad event
WARNING: jet m = -1056.6 !!
WARNING: jet m = -1056.6 !!
Bad event
ZtoMM trigger inconsistency
ZtoMM trigger inconsistency
ZtoMM trigger inconsistency
Bad event
ZtoMM trigger inconsistency
Bad event
ZtoMM trigger inconsistency
Bad event
ZtoMM trigger inconsistency
Bad event
ZtoMM trigger inconsistency
Bad event
ZtoMM trigger inconsistency
ZtoMM trigger inconsistency
ZtoMM trigger inconsistency
ZtoMM trigger inconsistency
ZtoMM trigger inconsistency
Bad event
Bad event
ZtoMM trigger inconsistency
Bad event
ZtoMM trigger inconsistency
WARNING: jet m = -3988.6 !!
WARNING: jet m = -3988.6 !!
Bad event
ZtoMM trigger inconsistency
TtoEM trigger inconsistency
Bad event
Bad event
Bad event
Bad event
ZtoMM trigger inconsistency
Bad event
ZtoMM trigger inconsistency
ZtoMM trigger inconsistency
WARNING: jet m = -3810.8 !!
WARNING: jet m = -3810.8 !!
Bad event
ZtoMM trigger inconsistency
ZtoMM trigger inconsistency
WARNING: jet m = -44.3 !!
WARNING: jet m = -44.3 !!
ZtoMM trigger inconsistency
Bad event
Bad event
Bad event
ZtoMM trigger inconsistency
Bad event
ZtoMM trigger inconsistency
ZtoMM trigger inconsistency
ZtoMM trigger inconsistency
Bad event
WARNING: jet m = -386.0 !!
WARNING: jet m = -386.0 !!
ZtoMM trigger inconsistency
WARNING: jet m = -109.6 !!
WARNING: jet m = -109.6 !!
Bad event
WARNING: jet m = -1145.1 !!
WARNING: jet m = -1145.1 !!
ZtoMM trigger inconsistency
Bad event
WARNING: jet m = -2156.0 !!
WARNING: jet m = -2156.0 !!
WARNING: jet m = -45.3 !!
WARNING: jet m = -45.3 !!
ZtoMM trigger inconsistency
WARNING: jet m = -73.1 !!
WARNING: jet m = -73.1 !!
ZtoMM trigger inconsistency
ZtoMM trigger inconsistency
WARNING: jet m = -290.9 !!
WARNING: jet m = -290.9 !!
ZtoMM trigger inconsistency
WARNING: jet m = -1180.5 !!
WARNING: jet m = -1180.5 !!
WARNING: jet m = -26.9 !!
WARNING: jet m = -26.9 !!
Bad event
ZtoMM trigger inconsistency
Bad event
WARNING: jet m = 0.0 !!
ZtoEE trigger inconsistency
ZtoMM trigger inconsistency
ZtoMM trigger inconsistency
Bad event
WARNING: jet m = -0.7 !!
WARNING: jet m = -0.7 !!
ZtoMM trigger inconsistency
ZtoMM trigger inconsistency
ZtoMM trigger inconsistency
Bad event
WARNING: jet m = -9287.6 !!
WARNING: jet m = -9287.6 !!
ZtoMM trigger inconsistency
Bad event
ZtoMM trigger inconsistency
Processed    20000/   62000 entries, 32.26% (elapsed time   423.7s, curr speed    0.048 kHz, avg speed    0.047 kHz), accepted    12757/   20001 events (63.78%)
Bad event
WARNING: jet m = -279.5 !!
WARNING: jet m = -279.5 !!
Bad event
Bad event
Bad event
ZtoMM trigger inconsistency
ZtoMM trigger inconsistency
ZtoMM trigger inconsistency
WARNING: jet m = -2.8 !!
WARNING: jet m = -2.8 !!
ZtoMM trigger inconsistency
ZtoMM trigger inconsistency
ZtoMM trigger inconsistency
Bad event
ZtoMM trigger inconsistency
WARNING: jet m = -4569.0 !!
WARNING: jet m = -4569.0 !!
ZtoMM trigger inconsistency
ZtoMM trigger inconsistency
Bad event
ZtoMM trigger inconsistency
Bad event
TtoEM trigger inconsistency
ZtoMM trigger inconsistency
ZtoMM trigger inconsistency
ZtoMM trigger inconsistency
Bad event
ZtoMM trigger inconsistency
Bad event
WARNING: jet m = -2956.2 !!
WARNING: jet m = -2956.2 !!
TtoEM trigger inconsistency
ZtoMM trigger inconsistency
ZtoMM trigger inconsistency
ZtoMM trigger inconsistency
WARNING: jet m = -9.0 !!
WARNING: jet m = -9.0 !!
Bad event
Bad event
Bad event
ZtoMM trigger inconsistency
ZtoMM trigger inconsistency
ZtoMM trigger inconsistency
ZtoMM trigger inconsistency
ZtoMM trigger inconsistency
Bad event
WARNING: jet m = -1321.3 !!
WARNING: jet m = -1321.3 !!
ZtoMM trigger inconsistency
Bad event
ZtoMM trigger inconsistency
Bad event
ZtoMM trigger inconsistency
Bad event
WARNING: jet m = -124.9 !!
WARNING: jet m = -124.9 !!
Bad event
WARNING: jet m = -3082.4 !!
WARNING: jet m = -3082.4 !!
WARNING: jet m = -13.6 !!
WARNING: jet m = -13.6 !!
Bad event
Bad event
ZtoMM trigger inconsistency
ZtoMM trigger inconsistency
WARNING: jet m = -271.6 !!
WARNING: jet m = -271.6 !!
TtoEM trigger inconsistency
ZtoMM trigger inconsistency
WARNING: jet m = -27.1 !!
WARNING: jet m = -27.1 !!
Bad event
ZtoMM trigger inconsistency
Bad event
Bad event
ZtoMM trigger inconsistency
ZtoMM trigger inconsistency
TtoEM trigger inconsistency
ZtoMM trigger inconsistency
Bad event
Bad event
ZtoMM trigger inconsistency
Bad event
Bad event
Bad event
Bad event
Bad event
ZtoMM trigger inconsistency
ZtoMM trigger inconsistency
Bad event
ZtoMM trigger inconsistency
ZtoMM trigger inconsistency
ZtoMM trigger inconsistency
ZtoMM trigger inconsistency
ZtoMM trigger inconsistency
Bad event
ZtoMM trigger inconsistency
TtoEM trigger inconsistency
ZtoMM trigger inconsistency
Bad event
ZtoMM trigger inconsistency
Bad event
WARNING: jet m = -352.6 !!
WARNING: jet m = -352.6 !!
WARNING: jet m = -8033.0 !!
WARNING: jet m = -8033.0 !!
ZtoMM trigger inconsistency
ZtoMM trigger inconsistency
ZtoMM trigger inconsistency
ZtoMM trigger inconsistency
ZtoMM trigger inconsistency
ZtoMM trigger inconsistency
Bad event
ZtoMM trigger inconsistency
Bad event
Bad event
ZtoMM trigger inconsistency
WARNING: jet m = -21.2 !!
WARNING: jet m = -21.2 !!
ZtoMM trigger inconsistency
ZtoMM trigger inconsistency
TtoEM trigger inconsistency
WARNING: jet m = -3594.8 !!
WARNING: jet m = -3594.8 !!
ZtoMM trigger inconsistency
Bad event
Bad event
TtoEM trigger inconsistency
Bad event
Bad event
WARNING: jet m = -354.0 !!
WARNING: jet m = -354.0 !!
ZtoMM trigger inconsistency
Bad event
ZtoMM trigger inconsistency
ZtoMM trigger inconsistency
ZtoMM trigger inconsistency
ZtoMM trigger inconsistency
ZtoMM trigger inconsistency
TtoEM trigger inconsistency
Bad event
ZtoMM trigger inconsistency
TtoEM trigger inconsistency
WARNING: jet m = -2557.0 !!
WARNING: jet m = -2557.0 !!
ZtoMM trigger inconsistency
ZtoMM trigger inconsistency
ZtoMM trigger inconsistency
Bad event
ZtoMM trigger inconsistency
Bad event
ZtoMM trigger inconsistency
ZtoMM trigger inconsistency
WARNING: jet m = -1493.1 !!
WARNING: jet m = -1493.1 !!
WARNING: jet m = -27.5 !!
WARNING: jet m = -27.5 !!
ZtoEE trigger inconsistency
ZtoMM trigger inconsistency
ZtoMM trigger inconsistency
TtoEM trigger inconsistency
Bad event
ZtoMM trigger inconsistency
Bad event
Bad event
Bad event
ZtoMM trigger inconsistency
Bad event
ZtoMM trigger inconsistency
TtoEM trigger inconsistency
Bad event
Bad event
WARNING: jet m = -32.3 !!
WARNING: jet m = -32.3 !!
ZtoMM trigger inconsistency
Bad event
ZtoMM trigger inconsistency
WARNING: jet m = -5105.8 !!
WARNING: jet m = -5105.8 !!
ZtoMM trigger inconsistency
Bad event
WARNING: jet m = -0.8 !!
WARNING: jet m = -0.8 !!
ZtoMM trigger inconsistency
Bad event
Bad event
ZtoMM trigger inconsistency
Bad event
ZtoMM trigger inconsistency
ZtoMM trigger inconsistency
ZtoMM trigger inconsistency
ZtoMM trigger inconsistency
ZtoMM trigger inconsistency
Bad event
Bad event
ZtoMM trigger inconsistency
ZtoMM trigger inconsistency
ZtoMM trigger inconsistency
Bad event
ZtoMM trigger inconsistency
Bad event
Bad event
Bad event
Bad event
ZtoMM trigger inconsistency
ZtoMM trigger inconsistency
Bad event
ZtoMM trigger inconsistency
ZtoMM trigger inconsistency
ZtoMM trigger inconsistency
ZtoMM trigger inconsistency
Bad event
Bad event
ZtoMM trigger inconsistency
Bad event
ZtoMM trigger inconsistency
Bad event
Bad event
ZtoMM trigger inconsistency
Bad event
Bad event
ZtoMM trigger inconsistency
Bad event
Bad event
Bad event
Bad event
Bad event
Bad event
ZtoMM trigger inconsistency
Bad event
ZtoMM trigger inconsistency
ZtoMM trigger inconsistency
ZtoMM trigger inconsistency
ZtoMM trigger inconsistency
Bad event
ZtoMM trigger inconsistency
ZtoMM trigger inconsistency
Bad event
ZtoMM trigger inconsistency
ZtoMM trigger inconsistency
ZtoMM trigger inconsistency
ZtoMM trigger inconsistency
Bad event
WARNING: jet m = -6258.6 !!
WARNING: jet m = -6258.6 !!
Bad event
ZtoEE trigger inconsistency
ZtoMM trigger inconsistency
ZtoEE trigger inconsistency
Bad event
ZtoMM trigger inconsistency
Bad event
ZtoMM trigger inconsistency
ZtoMM trigger inconsistency
WARNING: jet m = -2.8 !!
WARNING: jet m = -2.8 !!
Bad event
Bad event
ZtoMM trigger inconsistency
ZtoMM trigger inconsistency
WARNING: jet m = -4503.0 !!
WARNING: jet m = -4503.0 !!
ZtoMM trigger inconsistency
ZtoMM trigger inconsistency
Bad event
ZtoMM trigger inconsistency
ZtoMM trigger inconsistency
WARNING: jet m = -3432.9 !!
WARNING: jet m = -3432.9 !!
ZtoMM trigger inconsistency
Bad event
ZtoMM trigger inconsistency
ZtoMM trigger inconsistency
Bad event
Bad event
ZtoMM trigger inconsistency
ZtoMM trigger inconsistency
Bad event
Bad event
ZtoMM trigger inconsistency
Bad event
ZtoMM trigger inconsistency
Bad event
ZtoMM trigger inconsistency
Bad event
ZtoMM trigger inconsistency
WARNING: jet m = -7.9 !!
WARNING: jet m = -7.9 !!
ZtoMM trigger inconsistency
ZtoMM trigger inconsistency
ZtoMM trigger inconsistency
WARNING: jet m = -6.3 !!
WARNING: jet m = -6.3 !!
Bad event
WARNING: jet m = -46.5 !!
WARNING: jet m = -46.5 !!
Bad event
TtoEM trigger inconsistency
ZtoMM trigger inconsistency
ZtoMM trigger inconsistency
ZtoMM trigger inconsistency
ZtoMM trigger inconsistency
ZtoMM trigger inconsistency
ZtoMM trigger inconsistency
ZtoMM trigger inconsistency
Bad event
ZtoMM trigger inconsistency
WARNING: jet m = -91.0 !!
WARNING: jet m = -91.0 !!
ZtoMM trigger inconsistency
Bad event
Bad event
ZtoMM trigger inconsistency
Bad event
ZtoMM trigger inconsistency
ZtoMM trigger inconsistency
Bad event
Bad event
ZtoMM trigger inconsistency
Bad event
TtoEM trigger inconsistency
Bad event
Bad event
WARNING: jet m = -5191.2 !!
WARNING: jet m = -5191.2 !!
Bad event
Bad event
ZtoMM trigger inconsistency
ZtoMM trigger inconsistency
ZtoMM trigger inconsistency
WARNING: jet m = -1078.0 !!
WARNING: jet m = -1078.0 !!
ZtoMM trigger inconsistency
Bad event
ZtoMM trigger inconsistency
ZtoMM trigger inconsistency
ZtoMM trigger inconsistency
WARNING: jet m = -45.1 !!
WARNING: jet m = -45.1 !!
Bad event
ZtoMM trigger inconsistency
TtoEM trigger inconsistency
Bad event
ZtoMM trigger inconsistency
WARNING: jet m = -8.6 !!
WARNING: jet m = -8.6 !!
Bad event
ZtoMM trigger inconsistency
Bad event
WARNING: jet m = -58.5 !!
WARNING: jet m = -58.5 !!
Bad event
Bad event
ZtoMM trigger inconsistency
Processed    30000/   62000 entries, 48.39% (elapsed time   635.1s, curr speed    0.047 kHz, avg speed    0.047 kHz), accepted    19211/   30001 events (64.03%)
TtoEM trigger inconsistency
Bad event
Bad event
TtoEM trigger inconsistency
ZtoMM trigger inconsistency
Bad event
Bad event
ZtoMM trigger inconsistency
ZtoMM trigger inconsistency
ZtoMM trigger inconsistency
Bad event
ZtoMM trigger inconsistency
ZtoMM trigger inconsistency
WARNING: jet m = -4158.2 !!
WARNING: jet m = -4158.2 !!
ZtoMM trigger inconsistency
Bad event
Bad event
ZtoMM trigger inconsistency
ZtoMM trigger inconsistency
TtoEM trigger inconsistency
ZtoMM trigger inconsistency
Bad event
Bad event
WARNING: jet m = -41.9 !!
WARNING: jet m = -41.9 !!
WARNING: jet m = -26.3 !!
WARNING: jet m = -26.3 !!
Bad event
ZtoMM trigger inconsistency
ZtoMM trigger inconsistency
ZtoMM trigger inconsistency
ZtoMM trigger inconsistency
ZtoMM trigger inconsistency
ZtoMM trigger inconsistency
Bad event
ZtoMM trigger inconsistency
ZtoMM trigger inconsistency
ZtoMM trigger inconsistency
TtoEM trigger inconsistency
Bad event
ZtoMM trigger inconsistency
ZtoMM trigger inconsistency
ZtoMM trigger inconsistency
Bad event
ZtoMM trigger inconsistency
ZtoMM trigger inconsistency
ZtoMM trigger inconsistency
Bad event
WARNING: jet m = -214.5 !!
WARNING: jet m = -214.5 !!
WARNING: jet m = -162.9 !!
WARNING: jet m = -162.9 !!
Bad event
WARNING: jet m = -0.6 !!
WARNING: jet m = -0.6 !!
ZtoMM trigger inconsistency
Bad event
Bad event
Bad event
ZtoMM trigger inconsistency
Bad event
Bad event
ZtoMM trigger inconsistency
Bad event
Bad event
ZtoMM trigger inconsistency
Bad event
ZtoMM trigger inconsistency
ZtoMM trigger inconsistency
WARNING: jet m = -7094.6 !!
WARNING: jet m = -7094.6 !!
ZtoMM trigger inconsistency
Bad event
ZtoMM trigger inconsistency
WARNING: jet m = -64.3 !!
WARNING: jet m = -64.3 !!
ZtoMM trigger inconsistency
Bad event
ZtoMM trigger inconsistency
ZtoMM trigger inconsistency
ZtoMM trigger inconsistency
ZtoMM trigger inconsistency
ZtoMM trigger inconsistency
Bad event
ZtoMM trigger inconsistency
Bad event
WARNING: jet m = -18.4 !!
WARNING: jet m = -18.4 !!
WARNING: jet m = -562.7 !!
WARNING: jet m = -562.7 !!
Bad event
Bad event
ZtoMM trigger inconsistency
Bad event
ZtoMM trigger inconsistency
TtoEM trigger inconsistency
Bad event
Bad event
Bad event
WARNING: jet m = -2849.7 !!
WARNING: jet m = -2849.7 !!
Bad event
WARNING: jet m = -3826.0 !!
WARNING: jet m = -3826.0 !!
Bad event
TtoEM trigger inconsistency
Bad event
Bad event
ZtoMM trigger inconsistency
ZtoMM trigger inconsistency
ZtoMM trigger inconsistency
Bad event
Bad event
Bad event
WARNING: jet m = -9057.8 !!
WARNING: jet m = -9057.8 !!
Bad event
Bad event
WARNING: jet m = -1932.5 !!
WARNING: jet m = -1932.5 !!
ZtoMM trigger inconsistency
Bad event
ZtoMM trigger inconsistency
Bad event
ZtoMM trigger inconsistency
WARNING: jet m = -1292.4 !!
WARNING: jet m = -1292.4 !!
ZtoMM trigger inconsistency
Bad event
Bad event
Bad event
ZtoMM trigger inconsistency
ZtoMM trigger inconsistency
ZtoMM trigger inconsistency
Bad event
Bad event
ZtoMM trigger inconsistency
Bad event
Bad event
Bad event
ZtoMM trigger inconsistency
ZtoMM trigger inconsistency
ZtoMM trigger inconsistency
TtoEM trigger inconsistency
Bad event
ZtoMM trigger inconsistency
Bad event
ZtoMM trigger inconsistency
ZtoMM trigger inconsistency
WARNING: jet m = -6992.2 !!
WARNING: jet m = -6992.2 !!
ZtoMM trigger inconsistency
Bad event
ZtoMM trigger inconsistency
Bad event
Bad event
Bad event
ZtoMM trigger inconsistency
Bad event
Bad event
Bad event
Bad event
ZtoMM trigger inconsistency
ZtoMM trigger inconsistency
WARNING: jet m = -79.2 !!
WARNING: jet m = -79.2 !!
ZtoMM trigger inconsistency
Bad event
Bad event
Bad event
ZtoMM trigger inconsistency
TtoEM trigger inconsistency
Bad event
Bad event
ZtoMM trigger inconsistency
ZtoMM trigger inconsistency
ZtoMM trigger inconsistency
ZtoMM trigger inconsistency
ZtoMM trigger inconsistency
Bad event
ZtoMM trigger inconsistency
ZtoMM trigger inconsistency
ZtoMM trigger inconsistency
ZtoMM trigger inconsistency
ZtoMM trigger inconsistency
Bad event
Bad event
ZtoMM trigger inconsistency
ZtoMM trigger inconsistency
WARNING: jet m = -3203.6 !!
WARNING: jet m = -3203.6 !!
ZtoMM trigger inconsistency
ZtoMM trigger inconsistency
Bad event
ZtoMM trigger inconsistency
ZtoMM trigger inconsistency
ZtoMM trigger inconsistency
ZtoMM trigger inconsistency
Bad event
ZtoMM trigger inconsistency
Bad event
ZtoMM trigger inconsistency
Bad event
WARNING: jet m = -599.5 !!
WARNING: jet m = -599.5 !!
ZtoMM trigger inconsistency
ZtoMM trigger inconsistency
Bad event
WARNING: jet m = -1.8 !!
WARNING: jet m = -1.8 !!
WARNING: jet m = -1.7 !!
WARNING: jet m = -1.7 !!
Bad event
ZtoMM trigger inconsistency
WARNING: jet m = -59.4 !!
WARNING: jet m = -59.4 !!
WARNING: jet m = -9.6 !!
WARNING: jet m = -9.6 !!
ZtoMM trigger inconsistency
ZtoMM trigger inconsistency
ZtoMM trigger inconsistency
ZtoMM trigger inconsistency
ZtoMM trigger inconsistency
Bad event
ZtoMM trigger inconsistency
ZtoMM trigger inconsistency
ZtoMM trigger inconsistency
Bad event
Bad event
ZtoMM trigger inconsistency
ZtoMM trigger inconsistency
ZtoMM trigger inconsistency
Bad event
ZtoMM trigger inconsistency
ZtoMM trigger inconsistency
ZtoMM trigger inconsistency
Bad event
TtoEM trigger inconsistency
Bad event
ZtoMM trigger inconsistency
Bad event
Bad event
Bad event
WARNING: jet m = -66.6 !!
WARNING: jet m = -66.6 !!
Bad event
Bad event
ZtoMM trigger inconsistency
Bad event
ZtoMM trigger inconsistency
Bad event
Bad event
TtoEM trigger inconsistency
TtoEM trigger inconsistency
Bad event
TtoEM trigger inconsistency
ZtoMM trigger inconsistency
ZtoMM trigger inconsistency
ZtoMM trigger inconsistency
WARNING: jet m = -1497.4 !!
WARNING: jet m = -1497.4 !!
Bad event
Bad event
TtoEM trigger inconsistency
ZtoMM trigger inconsistency
ZtoMM trigger inconsistency
Bad event
ZtoMM trigger inconsistency
ZtoMM trigger inconsistency
WARNING: jet m = -2338.7 !!
WARNING: jet m = -2338.7 !!
ZtoMM trigger inconsistency
WARNING: jet m = -77.1 !!
WARNING: jet m = -77.1 !!
ZtoMM trigger inconsistency
TtoEM trigger inconsistency
ZtoMM trigger inconsistency
ZtoMM trigger inconsistency
WARNING: jet m = -343.5 !!
WARNING: jet m = -343.5 !!
Bad event
Bad event
ZtoMM trigger inconsistency
WARNING: jet m = -5651.2 !!
WARNING: jet m = -5651.2 !!
ZtoMM trigger inconsistency
ZtoMM trigger inconsistency
ZtoMM trigger inconsistency
ZtoMM trigger inconsistency
ZtoMM trigger inconsistency
ZtoMM trigger inconsistency
ZtoMM trigger inconsistency
ZtoMM trigger inconsistency
ZtoMM trigger inconsistency
ZtoMM trigger inconsistency
Bad event
Bad event
ZtoMM trigger inconsistency
Bad event
Bad event
WARNING: jet m = -2137.2 !!
WARNING: jet m = -2137.2 !!
ZtoMM trigger inconsistency
ZtoMM trigger inconsistency
ZtoMM trigger inconsistency
Bad event
ZtoMM trigger inconsistency
ZtoMM trigger inconsistency
ZtoMM trigger inconsistency
Bad event
ZtoMM trigger inconsistency
Bad event
ZtoMM trigger inconsistency
ZtoMM trigger inconsistency
WARNING: jet m = -146.5 !!
WARNING: jet m = -146.5 !!
Bad event
ZtoMM trigger inconsistency
ZtoMM trigger inconsistency
WARNING: jet m = -91.0 !!
WARNING: jet m = -91.0 !!
WARNING: jet m = -9075.5 !!
WARNING: jet m = -9075.5 !!
ZtoMM trigger inconsistency
Bad event
Bad event
Bad event
Bad event
ZtoMM trigger inconsistency
Bad event
WARNING: jet m = -38.2 !!
WARNING: jet m = -38.2 !!
ZtoMM trigger inconsistency
Bad event
ZtoMM trigger inconsistency
Bad event
TtoEM trigger inconsistency
Bad event
ZtoMM trigger inconsistency
Bad event
WARNING: jet m = -12.5 !!
WARNING: jet m = -12.5 !!
Bad event
WARNING: jet m = -492.7 !!
WARNING: jet m = -492.7 !!
ZtoMM trigger inconsistency
ZtoMM trigger inconsistency
ZtoMM trigger inconsistency
Bad event
ZtoMM trigger inconsistency
Bad event
TtoEM trigger inconsistency
WARNING: jet m = -102.2 !!
WARNING: jet m = -102.2 !!
Bad event
ZtoMM trigger inconsistency
ZtoMM trigger inconsistency
ZtoMM trigger inconsistency
Bad event
ZtoMM trigger inconsistency
ZtoMM trigger inconsistency
ZtoMM trigger inconsistency
ZtoMM trigger inconsistency
Bad event
Bad event
ZtoMM trigger inconsistency
Bad event
ZtoMM trigger inconsistency
Bad event
ZtoMM trigger inconsistency
Bad event
Bad event
Bad event
ZtoMM trigger inconsistency
ZtoMM trigger inconsistency
ZtoMM trigger inconsistency
ZtoMM trigger inconsistency
ZtoMM trigger inconsistency
ZtoMM trigger inconsistency
ZtoMM trigger inconsistency
ZtoMM trigger inconsistency
Bad event
Bad event
WARNING: jet m = -380.0 !!
WARNING: jet m = -380.0 !!
Processed    40000/   62000 entries, 64.52% (elapsed time   842.8s, curr speed    0.048 kHz, avg speed    0.047 kHz), accepted    25598/   40001 events (63.99%)
ZtoMM trigger inconsistency
WARNING: jet m = -3898.3 !!
WARNING: jet m = -3898.3 !!
ZtoMM trigger inconsistency
Bad event
ZtoMM trigger inconsistency
ZtoMM trigger inconsistency
ZtoMM trigger inconsistency
ZtoMM trigger inconsistency
Bad event
ZtoMM trigger inconsistency
ZtoMM trigger inconsistency
ZtoMM trigger inconsistency
WARNING: jet m = -3.0 !!
WARNING: jet m = -3.0 !!
ZtoMM trigger inconsistency
WARNING: jet m = -60.8 !!
WARNING: jet m = -60.8 !!
ZtoMM trigger inconsistency
ZtoMM trigger inconsistency
WARNING: jet m = -17.2 !!
WARNING: jet m = -17.2 !!
ZtoMM trigger inconsistency
ZtoMM trigger inconsistency
ZtoMM trigger inconsistency
ZtoMM trigger inconsistency
Bad event
ZtoMM trigger inconsistency
WARNING: jet m = -176.2 !!
WARNING: jet m = -176.2 !!
ZtoMM trigger inconsistency
ZtoMM trigger inconsistency
ZtoMM trigger inconsistency
ZtoMM trigger inconsistency
ZtoMM trigger inconsistency
ZtoMM trigger inconsistency
ZtoMM trigger inconsistency
WARNING: jet m = -46.0 !!
WARNING: jet m = -46.0 !!
Bad event
Bad event
ZtoMM trigger inconsistency
Bad event
ZtoMM trigger inconsistency
ZtoMM trigger inconsistency
ZtoMM trigger inconsistency
WARNING: jet m = -4126.0 !!
WARNING: jet m = -4126.0 !!
ZtoMM trigger inconsistency
Bad event
ZtoMM trigger inconsistency
ZtoMM trigger inconsistency
ZtoMM trigger inconsistency
ZtoMM trigger inconsistency
ZtoMM trigger inconsistency
Bad event
ZtoMM trigger inconsistency
ZtoMM trigger inconsistency
ZtoMM trigger inconsistency
Bad event
TtoEM trigger inconsistency
ZtoMM trigger inconsistency
Bad event
Bad event
Bad event
Bad event
WARNING: jet m = -5.1 !!
WARNING: jet m = -5.1 !!
ZtoMM trigger inconsistency
Bad event
ZtoMM trigger inconsistency
ZtoMM trigger inconsistency
Bad event
ZtoMM trigger inconsistency
Bad event
Bad event
Bad event
ZtoMM trigger inconsistency
ZtoMM trigger inconsistency
Bad event
ZtoMM trigger inconsistency
Bad event
ZtoMM trigger inconsistency
Bad event
ZtoMM trigger inconsistency
ZtoMM trigger inconsistency
Bad event
ZtoMM trigger inconsistency
TtoEM trigger inconsistency
Bad event
ZtoMM trigger inconsistency
Bad event
ZtoMM trigger inconsistency
Bad event
Bad event
Bad event
Bad event
ZtoMM trigger inconsistency
ZtoMM trigger inconsistency
Bad event
Bad event
ZtoMM trigger inconsistency
Bad event
ZtoMM trigger inconsistency
Bad event
WARNING: jet m = -159.7 !!
WARNING: jet m = -159.7 !!
ZtoMM trigger inconsistency
Bad event
ZtoMM trigger inconsistency
Bad event
ZtoMM trigger inconsistency
ZtoMM trigger inconsistency
Bad event
Bad event
WARNING: jet m = -4474.7 !!
WARNING: jet m = -4474.7 !!
Bad event
ZtoMM trigger inconsistency
ZtoMM trigger inconsistency
Bad event
ZtoMM trigger inconsistency
WARNING: jet m = -1128.3 !!
WARNING: jet m = -1128.3 !!
WARNING: jet m = -496.3 !!
WARNING: jet m = -496.3 !!
Bad event
TtoEM trigger inconsistency
Bad event
Bad event
Bad event
ZtoMM trigger inconsistency
TtoEM trigger inconsistency
ZtoMM trigger inconsistency
ZtoMM trigger inconsistency
Bad event
Bad event
WARNING: jet m = -14.6 !!
WARNING: jet m = -14.6 !!
WARNING: jet m = -5994.0 !!
WARNING: jet m = -5994.0 !!
WARNING: jet m = -2738.8 !!
WARNING: jet m = -2738.8 !!
WARNING: jet m = -9586.8 !!
WARNING: jet m = -9586.8 !!
Bad event
ZtoMM trigger inconsistency
WARNING: jet m = -479.8 !!
WARNING: jet m = -479.8 !!
WARNING: jet m = -30.1 !!
WARNING: jet m = -30.1 !!
ZtoMM trigger inconsistency
ZtoMM trigger inconsistency
ZtoMM trigger inconsistency
Bad event
Bad event
ZtoMM trigger inconsistency
ZtoMM trigger inconsistency
WARNING: jet m = -74.4 !!
WARNING: jet m = -74.4 !!
Bad event
Bad event
Bad event
WARNING: jet m = -26.1 !!
WARNING: jet m = -26.1 !!
Bad event
Bad event
Bad event
Bad event
ZtoMM trigger inconsistency
Bad event
Bad event
ZtoMM trigger inconsistency
Bad event
Bad event
ZtoMM trigger inconsistency
ZtoMM trigger inconsistency
ZtoMM trigger inconsistency
ZtoMM trigger inconsistency
ZtoMM trigger inconsistency
ZtoMM trigger inconsistency
ZtoMM trigger inconsistency
ZtoMM trigger inconsistency
ZtoMM trigger inconsistency
ZtoMM trigger inconsistency
ZtoMM trigger inconsistency
WARNING: jet m = -9457.8 !!
WARNING: jet m = -9457.8 !!
Bad event
ZtoMM trigger inconsistency
ZtoMM trigger inconsistency
Bad event
ZtoMM trigger inconsistency
Bad event
Bad event
ZtoMM trigger inconsistency
ZtoMM trigger inconsistency
Bad event
Bad event
Bad event
Bad event
Bad event
Bad event
WARNING: jet m = -0.8 !!
WARNING: jet m = -0.8 !!
WARNING: jet m = -3074.2 !!
WARNING: jet m = -3074.2 !!
ZtoMM trigger inconsistency
WARNING: jet m = -6128.0 !!
WARNING: jet m = -6128.0 !!
ZtoMM trigger inconsistency
ZtoMM trigger inconsistency
ZtoMM trigger inconsistency
ZtoMM trigger inconsistency
ZtoMM trigger inconsistency
WARNING: jet m = -4.9 !!
WARNING: jet m = -4.9 !!
ZtoMM trigger inconsistency
WARNING: jet m = -29.3 !!
WARNING: jet m = -29.3 !!
ZtoMM trigger inconsistency
WARNING: jet m = -7324.6 !!
WARNING: jet m = -7324.6 !!
WARNING: jet m = -1840.5 !!
WARNING: jet m = -1840.5 !!
ZtoMM trigger inconsistency
ZtoMM trigger inconsistency
ZtoMM trigger inconsistency
Bad event
ZtoMM trigger inconsistency
Bad event
Bad event
ZtoMM trigger inconsistency
TtoEM trigger inconsistency
ZtoMM trigger inconsistency
Bad event
Bad event
Bad event
TtoEM trigger inconsistency
Bad event
Bad event
TtoEM trigger inconsistency
ZtoMM trigger inconsistency
ZtoMM trigger inconsistency
ZtoMM trigger inconsistency
ZtoMM trigger inconsistency
ZtoMM trigger inconsistency
ZtoMM trigger inconsistency
ZtoMM trigger inconsistency
Bad event
ZtoMM trigger inconsistency
ZtoMM trigger inconsistency
ZtoMM trigger inconsistency
WARNING: jet m = -7680.7 !!
WARNING: jet m = -7680.7 !!
ZtoMM trigger inconsistency
ZtoMM trigger inconsistency
Bad event
Bad event
ZtoMM trigger inconsistency
ZtoMM trigger inconsistency
WARNING: jet m = -9126.9 !!
WARNING: jet m = -9126.9 !!
ZtoMM trigger inconsistency
ZtoMM trigger inconsistency
ZtoMM trigger inconsistency
Bad event
Bad event
WARNING: jet m = -1.7 !!
WARNING: jet m = -1.7 !!
ZtoMM trigger inconsistency
Bad event
WARNING: jet m = -1607.8 !!
WARNING: jet m = -1607.8 !!
ZtoMM trigger inconsistency
Bad event
Bad event
ZtoMM trigger inconsistency
ZtoMM trigger inconsistency
ZtoMM trigger inconsistency
WARNING: jet m = -1623.4 !!
WARNING: jet m = -1623.4 !!
Bad event
WARNING: jet m = -18.1 !!
WARNING: jet m = -18.1 !!
Bad event
ZtoMM trigger inconsistency
ZtoMM trigger inconsistency
Bad event
ZtoMM trigger inconsistency
WARNING: jet m = -2429.3 !!
WARNING: jet m = -2429.3 !!
Bad event
ZtoMM trigger inconsistency
ZtoMM trigger inconsistency
Bad event
Bad event
Bad event
ZtoMM trigger inconsistency
Bad event
WARNING: jet m = -568.0 !!
WARNING: jet m = -568.0 !!
ZtoMM trigger inconsistency
ZtoMM trigger inconsistency
ZtoMM trigger inconsistency
Bad event
ZtoMM trigger inconsistency
ZtoMM trigger inconsistency
Bad event
ZtoMM trigger inconsistency
Bad event
Bad event
ZtoMM trigger inconsistency
Bad event
WARNING: jet m = -1377.2 !!
WARNING: jet m = -1377.2 !!
ZtoMM trigger inconsistency
Bad event
ZtoMM trigger inconsistency
Bad event
TtoEM trigger inconsistency
ZtoMM trigger inconsistency
Bad event
ZtoMM trigger inconsistency
ZtoMM trigger inconsistency
ZtoMM trigger inconsistency
TtoEM trigger inconsistency
ZtoMM trigger inconsistency
ZtoMM trigger inconsistency
WARNING: jet m = -887.7 !!
WARNING: jet m = -887.7 !!
Bad event
WARNING: jet m = -3719.4 !!
WARNING: jet m = -3719.4 !!
TtoEM trigger inconsistency
Bad event
Bad event
ZtoMM trigger inconsistency
ZtoMM trigger inconsistency
ZtoMM trigger inconsistency
ZtoMM trigger inconsistency
Bad event
ZtoMM trigger inconsistency
ZtoMM trigger inconsistency
WARNING: jet m = -79.1 !!
WARNING: jet m = -79.1 !!
WARNING: jet m = -14.4 !!
WARNING: jet m = -14.4 !!
ZtoMM trigger inconsistency
TtoEM trigger inconsistency
Bad event
WARNING: jet m = -9685.0 !!
WARNING: jet m = -9685.0 !!
ZtoMM trigger inconsistency
ZtoMM trigger inconsistency
WARNING: jet m = -850.5 !!
WARNING: jet m = -850.5 !!
ZtoMM trigger inconsistency
Bad event
ZtoMM trigger inconsistency
ZtoMM trigger inconsistency
ZtoMM trigger inconsistency
TtoEM trigger inconsistency
TtoEM trigger inconsistency
ZtoMM trigger inconsistency
ZtoMM trigger inconsistency
Bad event
TtoEM trigger inconsistency
Bad event
ZtoMM trigger inconsistency
Bad event
WARNING: jet m = -381.9 !!
WARNING: jet m = -381.9 !!
ZtoMM trigger inconsistency
ZtoMM trigger inconsistency
ZtoMM trigger inconsistency
Bad event
Bad event
WARNING: jet m = -654.9 !!
WARNING: jet m = -654.9 !!
ZtoMM trigger inconsistency
ZtoMM trigger inconsistency
Bad event
Bad event
ZtoMM trigger inconsistency
Bad event
Processed    50000/   62000 entries, 80.65% (elapsed time  1053.3s, curr speed    0.048 kHz, avg speed    0.047 kHz), accepted    32053/   50001 events (64.10%)
ZtoMM trigger inconsistency
Bad event
TtoEM trigger inconsistency
Bad event
ZtoMM trigger inconsistency
ZtoMM trigger inconsistency
WARNING: jet m = -9146.4 !!
WARNING: jet m = -9146.4 !!
ZtoMM trigger inconsistency
ZtoMM trigger inconsistency
WARNING: jet m = -93.1 !!
WARNING: jet m = -93.1 !!
ZtoMM trigger inconsistency
ZtoMM trigger inconsistency
ZtoMM trigger inconsistency
Bad event
WARNING: jet m = -8.0 !!
WARNING: jet m = -8.0 !!
Bad event
ZtoMM trigger inconsistency
ZtoMM trigger inconsistency
Bad event
ZtoMM trigger inconsistency
ZtoMM trigger inconsistency
TtoEM trigger inconsistency
Bad event
ZtoMM trigger inconsistency
Bad event
Bad event
Bad event
Bad event
ZtoMM trigger inconsistency
ZtoMM trigger inconsistency
WARNING: jet m = -68.1 !!
WARNING: jet m = -68.1 !!
ZtoMM trigger inconsistency
TtoEM trigger inconsistency
ZtoMM trigger inconsistency
ZtoMM trigger inconsistency
ZtoMM trigger inconsistency
ZtoMM trigger inconsistency
ZtoMM trigger inconsistency
Bad event
ZtoMM trigger inconsistency
ZtoMM trigger inconsistency
WARNING: jet m = -51.0 !!
WARNING: jet m = -51.0 !!
ZtoMM trigger inconsistency
WARNING: jet m = -187.1 !!
WARNING: jet m = -187.1 !!
ZtoMM trigger inconsistency
ZtoMM trigger inconsistency
WARNING: jet m = -469.7 !!
WARNING: jet m = -469.7 !!
ZtoMM trigger inconsistency
Bad event
WARNING: jet m = -9.9 !!
WARNING: jet m = -9.9 !!
WARNING: jet m = -8.7 !!
WARNING: jet m = -8.7 !!
WARNING: jet m = -79.4 !!
WARNING: jet m = -79.4 !!
Bad event
ZtoMM trigger inconsistency
ZtoMM trigger inconsistency
Bad event
Bad event
Bad event
TtoEM trigger inconsistency
WARNING: jet m = -7944.0 !!
WARNING: jet m = -7944.0 !!
Bad event
Bad event
Bad event
ZtoMM trigger inconsistency
Bad event
WARNING: jet m = -220.0 !!
WARNING: jet m = -220.0 !!
Bad event
ZtoMM trigger inconsistency
TtoEM trigger inconsistency
TtoEM trigger inconsistency
ZtoMM trigger inconsistency
ZtoMM trigger inconsistency
ZtoMM trigger inconsistency
ZtoMM trigger inconsistency
Bad event
ZtoMM trigger inconsistency
Bad event
ZtoMM trigger inconsistency
ZtoMM trigger inconsistency
WARNING: jet m = -152.5 !!
WARNING: jet m = -152.5 !!
Bad event
ZtoMM trigger inconsistency
TtoEM trigger inconsistency
TtoEM trigger inconsistency
Bad event
Bad event
TtoEM trigger inconsistency
ZtoMM trigger inconsistency
WARNING: jet m = -9201.9 !!
WARNING: jet m = -9201.9 !!
ZtoMM trigger inconsistency
WARNING: jet m = -26.7 !!
WARNING: jet m = -26.7 !!
ZtoMM trigger inconsistency
ZtoMM trigger inconsistency
Bad event
ZtoMM trigger inconsistency
ZtoMM trigger inconsistency
ZtoMM trigger inconsistency
ZtoMM trigger inconsistency
ZtoMM trigger inconsistency
Bad event
WARNING: jet m = -574.9 !!
WARNING: jet m = -574.9 !!
Bad event
WARNING: jet m = -58.6 !!
WARNING: jet m = -58.6 !!
Bad event
Bad event
Bad event
Bad event
Bad event
ZtoMM trigger inconsistency
ZtoMM trigger inconsistency
Bad event
ZtoMM trigger inconsistency
ZtoMM trigger inconsistency
WARNING: jet m = -22.3 !!
WARNING: jet m = -22.3 !!
Bad event
ZtoMM trigger inconsistency
WARNING: jet m = -5.9 !!
WARNING: jet m = -5.9 !!
ZtoMM trigger inconsistency
WARNING: jet m = -2.9 !!
WARNING: jet m = -2.9 !!
ZtoMM trigger inconsistency
ZtoMM trigger inconsistency
ZtoMM trigger inconsistency
ZtoMM trigger inconsistency
ZtoMM trigger inconsistency
ZtoMM trigger inconsistency
ZtoMM trigger inconsistency
WARNING: jet m = -510.5 !!
WARNING: jet m = -510.5 !!
TtoEM trigger inconsistency
Bad event
ZtoMM trigger inconsistency
ZtoMM trigger inconsistency
ZtoMM trigger inconsistency
ZtoMM trigger inconsistency
ZtoMM trigger inconsistency
ZtoMM trigger inconsistency
Bad event
WARNING: jet m = -4397.2 !!
WARNING: jet m = -4397.2 !!
ZtoMM trigger inconsistency
ZtoMM trigger inconsistency
Bad event
ZtoMM trigger inconsistency
Bad event
ZtoMM trigger inconsistency
ZtoMM trigger inconsistency
WARNING: jet m = -602.5 !!
WARNING: jet m = -602.5 !!
ZtoMM trigger inconsistency
ZtoMM trigger inconsistency
ZtoMM trigger inconsistency
Bad event
ZtoMM trigger inconsistency
Bad event
ZtoMM trigger inconsistency
Bad event
Bad event
TtoEM trigger inconsistency
ZtoMM trigger inconsistency
Bad event
ZtoMM trigger inconsistency
Bad event
ZtoMM trigger inconsistency
ZtoMM trigger inconsistency
ZtoMM trigger inconsistency
ZtoMM trigger inconsistency
ZtoMM trigger inconsistency
ZtoMM trigger inconsistency
WARNING: jet m = -353.1 !!
WARNING: jet m = -353.1 !!
ZtoMM trigger inconsistency
Bad event
ZtoMM trigger inconsistency
ZtoMM trigger inconsistency
Bad event
Bad event
Bad event
ZtoMM trigger inconsistency
ZtoMM trigger inconsistency
Bad event
WARNING: jet m = -5470.9 !!
WARNING: jet m = -5470.9 !!
ZtoMM trigger inconsistency
ZtoMM trigger inconsistency
Bad event
Bad event
ZtoMM trigger inconsistency
ZtoMM trigger inconsistency
Bad event
ZtoMM trigger inconsistency
Bad event
TtoEM trigger inconsistency
ZtoMM trigger inconsistency
ZtoMM trigger inconsistency
Bad event
ZtoMM trigger inconsistency
TtoEM trigger inconsistency
ZtoMM trigger inconsistency
WARNING: jet m = -10.0 !!
WARNING: jet m = -10.0 !!
WARNING: jet m = -14.9 !!
WARNING: jet m = -14.9 !!
WARNING: jet m = -7.7 !!
WARNING: jet m = -7.7 !!
ZtoMM trigger inconsistency
ZtoMM trigger inconsistency
Bad event
ZtoMM trigger inconsistency
Bad event
ZtoMM trigger inconsistency
ZtoMM trigger inconsistency
ZtoMM trigger inconsistency
Bad event
ZtoMM trigger inconsistency
Bad event
ZtoMM trigger inconsistency
Bad event
ZtoMM trigger inconsistency
ZtoMM trigger inconsistency
Bad event
ZtoMM trigger inconsistency
ZtoMM trigger inconsistency
Bad event
ZtoMM trigger inconsistency
WARNING: jet m = -5.9 !!
WARNING: jet m = -5.9 !!
Bad event
Bad event
Bad event
ZtoMM trigger inconsistency
ZtoMM trigger inconsistency
ZtoMM trigger inconsistency
ZtoMM trigger inconsistency
Bad event
ZtoMM trigger inconsistency
TtoEM trigger inconsistency
Bad event
ZtoMM trigger inconsistency
WARNING: jet m = -0.0 !!
WARNING: jet m = -0.0 !!
ZtoMM trigger inconsistency
Bad event
TtoEM trigger inconsistency
ZtoMM trigger inconsistency
WARNING: jet m = -4000.6 !!
WARNING: jet m = -4000.6 !!
Bad event
ZtoMM trigger inconsistency
ZtoMM trigger inconsistency
ZtoMM trigger inconsistency
Bad event
Bad event
Bad event
WARNING: jet m = -8173.9 !!
WARNING: jet m = -8173.9 !!
Bad event
ZtoMM trigger inconsistency
Bad event
Bad event
Bad event
ZtoMM trigger inconsistency
Bad event
ZtoMM trigger inconsistency
Bad event
ZtoMM trigger inconsistency
Bad event
ZtoMM trigger inconsistency
WARNING: jet m = -911.7 !!
WARNING: jet m = -911.7 !!
Bad event
Bad event
Bad event
ZtoMM trigger inconsistency
Bad event
ZtoMM trigger inconsistency
ZtoMM trigger inconsistency
Bad event
ZtoMM trigger inconsistency
WARNING: jet m = -427.3 !!
WARNING: jet m = -427.3 !!
Bad event
ZtoMM trigger inconsistency
ZtoMM trigger inconsistency
ZtoMM trigger inconsistency
ZtoMM trigger inconsistency
ZtoMM trigger inconsistency
ZtoMM trigger inconsistency
ZtoMM trigger inconsistency
Bad event
ZtoMM trigger inconsistency
Bad event
Bad event
Bad event
ZtoMM trigger inconsistency
WARNING: jet m = -311.3 !!
WARNING: jet m = -311.3 !!
ZtoMM trigger inconsistency
Bad event
ZtoMM trigger inconsistency
TtoEM trigger inconsistency
ZtoMM trigger inconsistency
Bad event
ZtoMM trigger inconsistency
Bad event
WARNING: jet m = -69.4 !!
WARNING: jet m = -69.4 !!
ZtoMM trigger inconsistency
Bad event
Bad event
ZtoMM trigger inconsistency
ZtoMM trigger inconsistency
Bad event
Bad event
Bad event
ZtoMM trigger inconsistency
Bad event
ZtoMM trigger inconsistency
WARNING: jet m = -30.3 !!
WARNING: jet m = -30.3 !!
ZtoMM trigger inconsistency
ZtoMM trigger inconsistency
TtoEM trigger inconsistency
ZtoMM trigger inconsistency
ZtoMM trigger inconsistency
ZtoMM trigger inconsistency
WARNING: jet m = -42.9 !!
WARNING: jet m = -42.9 !!
ZtoMM trigger inconsistency
ZtoMM trigger inconsistency
TtoEM trigger inconsistency
ZtoMM trigger inconsistency
WARNING: jet m = -183.8 !!
WARNING: jet m = -183.8 !!
Bad event
ZtoMM trigger inconsistency
WARNING: jet m = -5153.9 !!
WARNING: jet m = -5153.9 !!
ZtoMM trigger inconsistency
WARNING: jet m = -652.0 !!
WARNING: jet m = -652.0 !!
Bad event
ZtoMM trigger inconsistency
Bad event
ZtoEE trigger inconsistency
WARNING: jet m = -2181.5 !!
WARNING: jet m = -2181.5 !!
Bad event
Bad event
ZtoMM trigger inconsistency
Bad event
WARNING: jet m = -4932.0 !!
WARNING: jet m = -4932.0 !!
Processed    60000/   62000 entries, 96.77% (elapsed time  1260.3s, curr speed    0.048 kHz, avg speed    0.048 kHz), accepted    38511/   60001 events (64.18%)
Bad event
TtoEM trigger inconsistency
ZtoMM trigger inconsistency
Bad event
Bad event
Bad event
ZtoMM trigger inconsistency
ZtoMM trigger inconsistency
ZtoMM trigger inconsistency
ZtoMM trigger inconsistency
Bad event
Bad event
WARNING: jet m = -0.7 !!
WARNING: jet m = -0.7 !!
ZtoMM trigger inconsistency
Bad event
ZtoMM trigger inconsistency
ZtoMM trigger inconsistency
ZtoMM trigger inconsistency
TtoEM trigger inconsistency
ZtoMM trigger inconsistency
ZtoMM trigger inconsistency
ZtoMM trigger inconsistency
Bad event
ZtoMM trigger inconsistency
ZtoMM trigger inconsistency
Bad event
Bad event
Bad event
WARNING: jet m = -1997.1 !!
WARNING: jet m = -1997.1 !!
ZtoMM trigger inconsistency
Bad event
ZtoMM trigger inconsistency
Bad event
Bad event
ZtoMM trigger inconsistency
WARNING: jet m = -7922.2 !!
WARNING: jet m = -7922.2 !!
ZtoMM trigger inconsistency
WARNING: jet m = -31.1 !!
WARNING: jet m = -31.1 !!
Bad event
Bad event
Bad event
Bad event
Bad event
WARNING: jet m = -37.2 !!
WARNING: jet m = -37.2 !!
Bad event
Bad event
Bad event
Bad event
Bad event
WARNING: jet m = -20.2 !!
WARNING: jet m = -20.2 !!
ZtoMM trigger inconsistency
Bad event
Bad event
ZtoMM trigger inconsistency
TtoEM trigger inconsistency
ZtoMM trigger inconsistency
ZtoMM trigger inconsistency
ZtoMM trigger inconsistency
Bad event
Bad event
Bad event
ZtoMM trigger inconsistency
ZtoMM trigger inconsistency
Bad event
Processed 62000 preselected entries from root://cms-xrd-global.cern.ch//store/mc/RunIIAutumn18NanoAODv6/ZprimeToZHToZlepHinc_narrow_M-7000_TuneCP5_13TeV-madgraph-pythia8/NANOAODSIM/Nano25Oct2019_102X_upgrade2018_realistic_v20-v1/260000/D035F506-5480-0F41-95B7-72DC04B5842C.root (62000 entries). Finally selected 39803 entries
Done /work/pbaertsc/heavy_resonance/output_2018/ZprimeToZHToZlepHinc_narrow_M-7000_TuneCP5_13TeV-madgraph-pythia8__RunIIAutumn18NanoAODv6-Nano25Oct2019_102X_upgrade2018_realistic_v20-v1__NANOAODSIM/D035F506-5480-0F41-95B7-72DC04B5842C.root
43.6533641254 Hz
deleting root file with name: /work/pbaertsc/heavy_resonance/output_2018/ZprimeToZHToZlepHinc_narrow_M-7000_TuneCP5_13TeV-madgraph-pythia8__RunIIAutumn18NanoAODv6-Nano25Oct2019_102X_upgrade2018_realistic_v20-v1__NANOAODSIM/D035F506-5480-0F41-95B7-72DC04B5842C.root
DONE
Complete at
Tue Jan 28 21:16:30 CET 2020
