job start at
Thu Jan 30 19:15:48 CET 2020
SLURM_JOB_ID: 437734
HOSTNAME: t3wn53
JOBLIST:joblist/joblist_WZTo2L2Q_13TeV_amcatnloFXFX_madspin_pythia8__RunIISummer16NanoAODv6-PUMoriond17_Nano25Oct2019_102X_mcRun2_asymptotic_v7-v1__NANOAODSIM_ll.txt
Going to execute
python job.py -i root://cms-xrd-global.cern.ch//store/mc/RunIISummer16NanoAODv6/WZTo2L2Q_13TeV_amcatnloFXFX_madspin_pythia8/NANOAODSIM/PUMoriond17_Nano25Oct2019_102X_mcRun2_asymptotic_v7-v1/270000/78B26AC8-F4D4-874A-B9FF-6BEBE4D5AC5E.root -o /work/pbaertsc/heavy_resonance/output_2016/WZTo2L2Q_13TeV_amcatnloFXFX_madspin_pythia8__RunIISummer16NanoAODv6-PUMoriond17_Nano25Oct2019_102X_mcRun2_asymptotic_v7-v1__NANOAODSIM -N WZTo2L2Q_13TeV_amcatnloFXFX_madspin_pythia8__RunIISummer16NanoAODv6-PUMoriond17_Nano25Oct2019_102X_mcRun2_asymptotic_v7-v1__NANOAODSIM -n 4 -c ll -y 2016
TClass::Init:0: RuntimeWarning: no dictionary for class ROOT::TIOFeatures is available
/work/pbaertsc/heavy_resonance/CMSSW_9_4_6/python/PhysicsTools/NanoAODTools/postprocessing/framework/treeReaderArrayTools.py:69: RuntimeWarning: creating executor for unknown type "ULong64_t*"
  ret = _vr.Get()[0]
JEC= Summer16_07Aug2017_V11_MC 	 JER= Summer16_25nsV1_MC
MET branch= PuppiMET
JEC= Summer16_07Aug2017_V11_MC 	 JER= Summer16_25nsV1_MC
MET branch= PuppiMET
--------------------------------------------------------------------------------
input files  = ['root://cms-xrd-global.cern.ch//store/mc/RunIISummer16NanoAODv6/WZTo2L2Q_13TeV_amcatnloFXFX_madspin_pythia8/NANOAODSIM/PUMoriond17_Nano25Oct2019_102X_mcRun2_asymptotic_v7-v1/270000/78B26AC8-F4D4-874A-B9FF-6BEBE4D5AC5E.root']
output directory = /work/pbaertsc/heavy_resonance/output_2016/WZTo2L2Q_13TeV_amcatnloFXFX_madspin_pythia8__RunIISummer16NanoAODv6-PUMoriond17_Nano25Oct2019_102X_mcRun2_asymptotic_v7-v1__NANOAODSIM
output file  = WZTo2L2Q_13TeV_amcatnloFXFX_madspin_pythia8__RunIISummer16NanoAODv6-PUMoriond17_Nano25Oct2019_102X_mcRun2_asymptotic_v7-v1__NANOAODSIM_4_ll.root
chunck       = 4
channel      = ll
dataType     = mc
year         = 2016
tes          = 1.0
ltf          = 1.0
jtf          = 1.0
--------------------------------------------------------------------------------
job.py: creating PostProcessor...
TreeProducer is called /work/pbaertsc/heavy_resonance/output_2016/WZTo2L2Q_13TeV_amcatnloFXFX_madspin_pythia8__RunIISummer16NanoAODv6-PUMoriond17_Nano25Oct2019_102X_mcRun2_asymptotic_v7-v1__NANOAODSIM/WZTo2L2Q_13TeV_amcatnloFXFX_madspin_pythia8__RunIISummer16NanoAODv6-PUMoriond17_Nano25Oct2019_102X_mcRun2_asymptotic_v7-v1__NANOAODSIM_4_ll.root
job.py: going to run PostProcessor...
Will write selected trees to /work/pbaertsc/heavy_resonance/output_2016/WZTo2L2Q_13TeV_amcatnloFXFX_madspin_pythia8__RunIISummer16NanoAODv6-PUMoriond17_Nano25Oct2019_102X_mcRun2_asymptotic_v7-v1__NANOAODSIM
Loading jet energy scale (JES) uncertainties from file '/tmp/tmpeAMD_N/Summer16_07Aug2017_V11_MC_Uncertainty_AK4PFchs.txt'
Loading jet energy resolutions (JER) from file '/tmp/tmpdd1PtV/Summer16_25nsV1_MC_PtResolution_AK4PFchs.txt'
Loading JER scale factors and uncertainties from file '/tmp/tmpdd1PtV/Summer16_25nsV1_MC_SF_AK4PFchs.txt'
Loading jet energy scale (JES) uncertainties from file '/tmp/tmpNl1r5W/Summer16_07Aug2017_V11_MC_Uncertainty_AK8PFPuppi.txt'
Loading jet energy resolutions (JER) from file '/tmp/tmp5GSjh7/Summer16_25nsV1_MC_PtResolution_AK8PFPuppi.txt'
Loading JER scale factors and uncertainties from file '/tmp/tmp5GSjh7/Summer16_25nsV1_MC_SF_AK8PFPuppi.txt'
Pre-select 1795184 entries out of 1795184 (100.00%)
nanoAODv5? True
ZtoMM trigger inconsistency
ZtoMM trigger inconsistency
ZtoMM trigger inconsistency
Processed    10000/ 1795184 entries,  0.56% (elapsed time   215.8s, curr speed    0.046 kHz, avg speed    0.046 kHz), accepted       95/   10001 events ( 0.95%)
ZtoMM trigger inconsistency
Processed    20000/ 1795184 entries,  1.11% (elapsed time   436.6s, curr speed    0.045 kHz, avg speed    0.046 kHz), accepted      175/   20001 events ( 0.87%)
ZtoEE trigger inconsistency
Processed    30000/ 1795184 entries,  1.67% (elapsed time   655.5s, curr speed    0.046 kHz, avg speed    0.046 kHz), accepted      249/   30001 events ( 0.83%)
ZtoMM trigger inconsistency
TtoEM trigger inconsistency
ZtoMM trigger inconsistency
Processed    40000/ 1795184 entries,  2.23% (elapsed time   872.6s, curr speed    0.046 kHz, avg speed    0.046 kHz), accepted      342/   40001 events ( 0.85%)
ZtoMM trigger inconsistency
ZtoMM trigger inconsistency
ZtoMM trigger inconsistency
ZtoMM trigger inconsistency
Processed    50000/ 1795184 entries,  2.79% (elapsed time  1090.5s, curr speed    0.046 kHz, avg speed    0.046 kHz), accepted      437/   50001 events ( 0.87%)
TtoEM trigger inconsistency
TtoEM trigger inconsistency
ZtoMM trigger inconsistency
ZtoMM trigger inconsistency
ZtoMM trigger inconsistency
Processed    60000/ 1795184 entries,  3.34% (elapsed time  1308.2s, curr speed    0.046 kHz, avg speed    0.046 kHz), accepted      520/   60001 events ( 0.87%)
ZtoEE trigger inconsistency
ZtoMM trigger inconsistency
Processed    70000/ 1795184 entries,  3.90% (elapsed time  1524.1s, curr speed    0.046 kHz, avg speed    0.046 kHz), accepted      596/   70001 events ( 0.85%)
ZtoMM trigger inconsistency
ZtoMM trigger inconsistency
ZtoMM trigger inconsistency
Processed    80000/ 1795184 entries,  4.46% (elapsed time  1734.5s, curr speed    0.048 kHz, avg speed    0.046 kHz), accepted      690/   80001 events ( 0.86%)
ZtoMM trigger inconsistency
ZtoMM trigger inconsistency
ZtoMM trigger inconsistency
Processed    90000/ 1795184 entries,  5.01% (elapsed time  1946.3s, curr speed    0.047 kHz, avg speed    0.046 kHz), accepted      791/   90001 events ( 0.88%)
TtoEM trigger inconsistency
ZtoMM trigger inconsistency
ZtoEE trigger inconsistency
Processed   100000/ 1795184 entries,  5.57% (elapsed time  2161.6s, curr speed    0.046 kHz, avg speed    0.046 kHz), accepted      879/  100001 events ( 0.88%)
ZtoMM trigger inconsistency
%MSG-e SimpleJetCorrectionUncertainty: 
 bin variables out of range
%MSG
%MSG-e SimpleJetCorrectionUncertainty: 
 bin variables out of range
%MSG
ZtoMM trigger inconsistency
ZtoMM trigger inconsistency
Processed   110000/ 1795184 entries,  6.13% (elapsed time  2378.5s, curr speed    0.046 kHz, avg speed    0.046 kHz), accepted      962/  110001 events ( 0.87%)
ZtoMM trigger inconsistency
ZtoMM trigger inconsistency
Processed   120000/ 1795184 entries,  6.68% (elapsed time  2593.2s, curr speed    0.047 kHz, avg speed    0.046 kHz), accepted     1052/  120001 events ( 0.88%)
Bad event
Processed   130000/ 1795184 entries,  7.24% (elapsed time  2806.5s, curr speed    0.047 kHz, avg speed    0.046 kHz), accepted     1128/  130001 events ( 0.87%)
ZtoMM trigger inconsistency
ZtoMM trigger inconsistency
ZtoEE trigger inconsistency
ZtoMM trigger inconsistency
Processed   140000/ 1795184 entries,  7.80% (elapsed time  3019.0s, curr speed    0.047 kHz, avg speed    0.046 kHz), accepted     1218/  140001 events ( 0.87%)
Bad event
ZtoMM trigger inconsistency
ZtoEE trigger inconsistency
ZtoMM trigger inconsistency
ZtoEE trigger inconsistency
ZtoMM trigger inconsistency
Processed   150000/ 1795184 entries,  8.36% (elapsed time  3237.8s, curr speed    0.046 kHz, avg speed    0.046 kHz), accepted     1293/  150001 events ( 0.86%)
ZtoMM trigger inconsistency
ZtoMM trigger inconsistency
ZtoMM trigger inconsistency
Processed   160000/ 1795184 entries,  8.91% (elapsed time  3451.1s, curr speed    0.047 kHz, avg speed    0.046 kHz), accepted     1357/  160001 events ( 0.85%)
ZtoMM trigger inconsistency
ZtoMM trigger inconsistency
ZtoMM trigger inconsistency
Processed   170000/ 1795184 entries,  9.47% (elapsed time  3667.0s, curr speed    0.046 kHz, avg speed    0.046 kHz), accepted     1443/  170001 events ( 0.85%)
TtoEM trigger inconsistency
ZtoMM trigger inconsistency
ZtoMM trigger inconsistency
Processed   180000/ 1795184 entries, 10.03% (elapsed time  3882.7s, curr speed    0.046 kHz, avg speed    0.046 kHz), accepted     1516/  180001 events ( 0.84%)
Bad event
Processed   190000/ 1795184 entries, 10.58% (elapsed time  4101.7s, curr speed    0.046 kHz, avg speed    0.046 kHz), accepted     1593/  190001 events ( 0.84%)
Bad event
ZtoMM trigger inconsistency
ZtoMM trigger inconsistency
Processed   200000/ 1795184 entries, 11.14% (elapsed time  4317.6s, curr speed    0.046 kHz, avg speed    0.046 kHz), accepted     1706/  200001 events ( 0.85%)
Bad event
ZtoMM trigger inconsistency
ZtoMM trigger inconsistency
TtoEM trigger inconsistency
Processed   210000/ 1795184 entries, 11.70% (elapsed time  4534.0s, curr speed    0.046 kHz, avg speed    0.046 kHz), accepted     1793/  210001 events ( 0.85%)
ZtoMM trigger inconsistency
ZtoMM trigger inconsistency
ZtoEE trigger inconsistency
Bad event
Processed   220000/ 1795184 entries, 12.26% (elapsed time  4751.5s, curr speed    0.046 kHz, avg speed    0.046 kHz), accepted     1876/  220001 events ( 0.85%)
ZtoMM trigger inconsistency
ZtoEE trigger inconsistency
ZtoMM trigger inconsistency
Processed   230000/ 1795184 entries, 12.81% (elapsed time  4968.9s, curr speed    0.046 kHz, avg speed    0.046 kHz), accepted     1963/  230001 events ( 0.85%)
ZtoMM trigger inconsistency
ZtoMM trigger inconsistency
ZtoMM trigger inconsistency
Processed   240000/ 1795184 entries, 13.37% (elapsed time  5183.4s, curr speed    0.047 kHz, avg speed    0.046 kHz), accepted     2054/  240001 events ( 0.86%)
ZtoMM trigger inconsistency
ZtoMM trigger inconsistency
Processed   250000/ 1795184 entries, 13.93% (elapsed time  5399.9s, curr speed    0.046 kHz, avg speed    0.046 kHz), accepted     2150/  250001 events ( 0.86%)
ZtoMM trigger inconsistency
ZtoMM trigger inconsistency
ZtoMM trigger inconsistency
ZtoMM trigger inconsistency
Processed   260000/ 1795184 entries, 14.48% (elapsed time  5618.0s, curr speed    0.046 kHz, avg speed    0.046 kHz), accepted     2246/  260001 events ( 0.86%)
ZtoMM trigger inconsistency
ZtoMM trigger inconsistency
Processed   270000/ 1795184 entries, 15.04% (elapsed time  5834.7s, curr speed    0.046 kHz, avg speed    0.046 kHz), accepted     2335/  270001 events ( 0.86%)
TtoEM trigger inconsistency
Processed   280000/ 1795184 entries, 15.60% (elapsed time  6052.1s, curr speed    0.046 kHz, avg speed    0.046 kHz), accepted     2434/  280001 events ( 0.87%)
Bad event
ZtoEE trigger inconsistency
ZtoEE trigger inconsistency
Processed   290000/ 1795184 entries, 16.15% (elapsed time  6269.6s, curr speed    0.046 kHz, avg speed    0.046 kHz), accepted     2513/  290001 events ( 0.87%)
ZtoMM trigger inconsistency
ZtoMM trigger inconsistency
ZtoMM trigger inconsistency
Processed   300000/ 1795184 entries, 16.71% (elapsed time  6488.7s, curr speed    0.046 kHz, avg speed    0.046 kHz), accepted     2602/  300001 events ( 0.87%)
TtoEM trigger inconsistency
ZtoMM trigger inconsistency
ZtoMM trigger inconsistency
ZtoMM trigger inconsistency
Processed   310000/ 1795184 entries, 17.27% (elapsed time  6707.3s, curr speed    0.046 kHz, avg speed    0.046 kHz), accepted     2696/  310001 events ( 0.87%)
ZtoMM trigger inconsistency
ZtoMM trigger inconsistency
ZtoMM trigger inconsistency
Processed   320000/ 1795184 entries, 17.83% (elapsed time  6926.1s, curr speed    0.046 kHz, avg speed    0.046 kHz), accepted     2782/  320001 events ( 0.87%)
Processed   330000/ 1795184 entries, 18.38% (elapsed time  7144.2s, curr speed    0.046 kHz, avg speed    0.046 kHz), accepted     2870/  330001 events ( 0.87%)
ZtoMM trigger inconsistency
ZtoMM trigger inconsistency
ZtoMM trigger inconsistency
Processed   340000/ 1795184 entries, 18.94% (elapsed time  7362.3s, curr speed    0.046 kHz, avg speed    0.046 kHz), accepted     2966/  340001 events ( 0.87%)
ZtoMM trigger inconsistency
ZtoMM trigger inconsistency
Processed   350000/ 1795184 entries, 19.50% (elapsed time  7576.3s, curr speed    0.047 kHz, avg speed    0.046 kHz), accepted     3057/  350001 events ( 0.87%)
TtoEM trigger inconsistency
ZtoEE trigger inconsistency
Processed   360000/ 1795184 entries, 20.05% (elapsed time  7792.8s, curr speed    0.046 kHz, avg speed    0.046 kHz), accepted     3142/  360001 events ( 0.87%)
ZtoMM trigger inconsistency
ZtoMM trigger inconsistency
Processed   370000/ 1795184 entries, 20.61% (elapsed time  8010.9s, curr speed    0.046 kHz, avg speed    0.046 kHz), accepted     3228/  370001 events ( 0.87%)
ZtoMM trigger inconsistency
ZtoEE trigger inconsistency
ZtoMM trigger inconsistency
ZtoMM trigger inconsistency
Processed   380000/ 1795184 entries, 21.17% (elapsed time  8230.1s, curr speed    0.046 kHz, avg speed    0.046 kHz), accepted     3302/  380001 events ( 0.87%)
ZtoMM trigger inconsistency
Processed   390000/ 1795184 entries, 21.72% (elapsed time  8448.1s, curr speed    0.046 kHz, avg speed    0.046 kHz), accepted     3380/  390001 events ( 0.87%)
Processed   400000/ 1795184 entries, 22.28% (elapsed time  8665.8s, curr speed    0.046 kHz, avg speed    0.046 kHz), accepted     3470/  400001 events ( 0.87%)
TtoEM trigger inconsistency
Processed   410000/ 1795184 entries, 22.84% (elapsed time  8883.5s, curr speed    0.046 kHz, avg speed    0.046 kHz), accepted     3557/  410001 events ( 0.87%)
ZtoMM trigger inconsistency
ZtoMM trigger inconsistency
Processed   420000/ 1795184 entries, 23.40% (elapsed time  9104.4s, curr speed    0.045 kHz, avg speed    0.046 kHz), accepted     3642/  420001 events ( 0.87%)
ZtoMM trigger inconsistency
Processed   430000/ 1795184 entries, 23.95% (elapsed time  9324.2s, curr speed    0.045 kHz, avg speed    0.046 kHz), accepted     3725/  430001 events ( 0.87%)
TtoEM trigger inconsistency
Processed   440000/ 1795184 entries, 24.51% (elapsed time  9541.8s, curr speed    0.046 kHz, avg speed    0.046 kHz), accepted     3808/  440001 events ( 0.87%)
ZtoMM trigger inconsistency
ZtoMM trigger inconsistency
Processed   450000/ 1795184 entries, 25.07% (elapsed time  9762.0s, curr speed    0.045 kHz, avg speed    0.046 kHz), accepted     3906/  450001 events ( 0.87%)
ZtoMM trigger inconsistency
Processed   460000/ 1795184 entries, 25.62% (elapsed time  9980.1s, curr speed    0.046 kHz, avg speed    0.046 kHz), accepted     3976/  460001 events ( 0.86%)
ZtoEE trigger inconsistency
TtoEM trigger inconsistency
ZtoMM trigger inconsistency
ZtoMM trigger inconsistency
ZtoMM trigger inconsistency
Processed   470000/ 1795184 entries, 26.18% (elapsed time 10197.7s, curr speed    0.046 kHz, avg speed    0.046 kHz), accepted     4052/  470001 events ( 0.86%)
TtoEM trigger inconsistency
ZtoMM trigger inconsistency
TtoEM trigger inconsistency
Processed   480000/ 1795184 entries, 26.74% (elapsed time 10419.0s, curr speed    0.045 kHz, avg speed    0.046 kHz), accepted     4129/  480001 events ( 0.86%)
Processed   490000/ 1795184 entries, 27.30% (elapsed time 10640.6s, curr speed    0.045 kHz, avg speed    0.046 kHz), accepted     4228/  490001 events ( 0.86%)
ZtoMM trigger inconsistency
ZtoMM trigger inconsistency
Processed   500000/ 1795184 entries, 27.85% (elapsed time 10863.9s, curr speed    0.045 kHz, avg speed    0.046 kHz), accepted     4328/  500001 events ( 0.87%)
ZtoMM trigger inconsistency
ZtoMM trigger inconsistency
ZtoMM trigger inconsistency
ZtoMM trigger inconsistency
ZtoMM trigger inconsistency
ZtoMM trigger inconsistency
Processed   510000/ 1795184 entries, 28.41% (elapsed time 11081.4s, curr speed    0.046 kHz, avg speed    0.046 kHz), accepted     4402/  510001 events ( 0.86%)
Bad event
ZtoMM trigger inconsistency
ZtoMM trigger inconsistency
ZtoMM trigger inconsistency
Bad event
ZtoMM trigger inconsistency
Processed   520000/ 1795184 entries, 28.97% (elapsed time 11300.5s, curr speed    0.046 kHz, avg speed    0.046 kHz), accepted     4505/  520001 events ( 0.87%)
ZtoMM trigger inconsistency
ZtoMM trigger inconsistency
ZtoMM trigger inconsistency
ZtoMM trigger inconsistency
Processed   530000/ 1795184 entries, 29.52% (elapsed time 11522.2s, curr speed    0.045 kHz, avg speed    0.046 kHz), accepted     4582/  530001 events ( 0.86%)
ZtoMM trigger inconsistency
ZtoMM trigger inconsistency
Processed   540000/ 1795184 entries, 30.08% (elapsed time 11744.7s, curr speed    0.045 kHz, avg speed    0.046 kHz), accepted     4650/  540001 events ( 0.86%)
ZtoMM trigger inconsistency
ZtoMM trigger inconsistency
ZtoMM trigger inconsistency
ZtoMM trigger inconsistency
TtoEM trigger inconsistency
ZtoMM trigger inconsistency
TtoEM trigger inconsistency
Processed   550000/ 1795184 entries, 30.64% (elapsed time 11968.8s, curr speed    0.045 kHz, avg speed    0.046 kHz), accepted     4740/  550001 events ( 0.86%)
ZtoMM trigger inconsistency
ZtoMM trigger inconsistency
Processed   560000/ 1795184 entries, 31.19% (elapsed time 12195.3s, curr speed    0.044 kHz, avg speed    0.046 kHz), accepted     4813/  560001 events ( 0.86%)
TtoEM trigger inconsistency
ZtoMM trigger inconsistency
TtoEM trigger inconsistency
ZtoMM trigger inconsistency
ZtoMM trigger inconsistency
ZtoMM trigger inconsistency
Processed   570000/ 1795184 entries, 31.75% (elapsed time 12416.8s, curr speed    0.045 kHz, avg speed    0.046 kHz), accepted     4896/  570001 events ( 0.86%)
TtoEM trigger inconsistency
Processed   580000/ 1795184 entries, 32.31% (elapsed time 12639.8s, curr speed    0.045 kHz, avg speed    0.046 kHz), accepted     4983/  580001 events ( 0.86%)
ZtoMM trigger inconsistency
ZtoMM trigger inconsistency
Processed   590000/ 1795184 entries, 32.87% (elapsed time 12860.8s, curr speed    0.045 kHz, avg speed    0.046 kHz), accepted     5074/  590001 events ( 0.86%)
ZtoMM trigger inconsistency
TtoEM trigger inconsistency
ZtoMM trigger inconsistency
ZtoEE trigger inconsistency
Processed   600000/ 1795184 entries, 33.42% (elapsed time 13081.4s, curr speed    0.045 kHz, avg speed    0.046 kHz), accepted     5171/  600001 events ( 0.86%)
ZtoMM trigger inconsistency
Bad event
ZtoMM trigger inconsistency
Processed   610000/ 1795184 entries, 33.98% (elapsed time 13303.0s, curr speed    0.045 kHz, avg speed    0.046 kHz), accepted     5249/  610001 events ( 0.86%)
ZtoEE trigger inconsistency
ZtoEE trigger inconsistency
TtoEM trigger inconsistency
ZtoMM trigger inconsistency
Processed   620000/ 1795184 entries, 34.54% (elapsed time 13525.1s, curr speed    0.045 kHz, avg speed    0.046 kHz), accepted     5344/  620001 events ( 0.86%)
Bad event
ZtoMM trigger inconsistency
TtoEM trigger inconsistency
ZtoMM trigger inconsistency
ZtoMM trigger inconsistency
ZtoMM trigger inconsistency
Processed   630000/ 1795184 entries, 35.09% (elapsed time 13744.7s, curr speed    0.046 kHz, avg speed    0.046 kHz), accepted     5420/  630001 events ( 0.86%)
ZtoEE trigger inconsistency
Bad event
ZtoEE trigger inconsistency
ZtoMM trigger inconsistency
ZtoMM trigger inconsistency
Processed   640000/ 1795184 entries, 35.65% (elapsed time 13968.3s, curr speed    0.045 kHz, avg speed    0.046 kHz), accepted     5507/  640001 events ( 0.86%)
ZtoMM trigger inconsistency
Processed   650000/ 1795184 entries, 36.21% (elapsed time 14194.2s, curr speed    0.044 kHz, avg speed    0.046 kHz), accepted     5592/  650001 events ( 0.86%)
TtoEM trigger inconsistency
ZtoMM trigger inconsistency
Processed   660000/ 1795184 entries, 36.77% (elapsed time 14419.9s, curr speed    0.044 kHz, avg speed    0.046 kHz), accepted     5681/  660001 events ( 0.86%)
ZtoMM trigger inconsistency
Processed   670000/ 1795184 entries, 37.32% (elapsed time 14642.9s, curr speed    0.045 kHz, avg speed    0.046 kHz), accepted     5754/  670001 events ( 0.86%)
ZtoMM trigger inconsistency
ZtoMM trigger inconsistency
ZtoMM trigger inconsistency
ZtoMM trigger inconsistency
Processed   680000/ 1795184 entries, 37.88% (elapsed time 14868.1s, curr speed    0.044 kHz, avg speed    0.046 kHz), accepted     5829/  680001 events ( 0.86%)
ZtoMM trigger inconsistency
TtoEM trigger inconsistency
ZtoMM trigger inconsistency
ZtoMM trigger inconsistency
Processed   690000/ 1795184 entries, 38.44% (elapsed time 15093.5s, curr speed    0.044 kHz, avg speed    0.046 kHz), accepted     5900/  690001 events ( 0.86%)
ZtoMM trigger inconsistency
ZtoMM trigger inconsistency
ZtoMM trigger inconsistency
ZtoMM trigger inconsistency
Processed   700000/ 1795184 entries, 38.99% (elapsed time 15313.6s, curr speed    0.045 kHz, avg speed    0.046 kHz), accepted     5962/  700001 events ( 0.85%)
ZtoMM trigger inconsistency
TtoEM trigger inconsistency
Processed   710000/ 1795184 entries, 39.55% (elapsed time 15540.7s, curr speed    0.044 kHz, avg speed    0.046 kHz), accepted     6045/  710001 events ( 0.85%)
TtoEM trigger inconsistency
ZtoMM trigger inconsistency
Processed   720000/ 1795184 entries, 40.11% (elapsed time 15765.6s, curr speed    0.044 kHz, avg speed    0.046 kHz), accepted     6134/  720001 events ( 0.85%)
ZtoMM trigger inconsistency
ZtoMM trigger inconsistency
TtoEM trigger inconsistency
Processed   730000/ 1795184 entries, 40.66% (elapsed time 15990.6s, curr speed    0.044 kHz, avg speed    0.046 kHz), accepted     6220/  730001 events ( 0.85%)
Processed   740000/ 1795184 entries, 41.22% (elapsed time 16217.4s, curr speed    0.044 kHz, avg speed    0.046 kHz), accepted     6312/  740001 events ( 0.85%)
ZtoMM trigger inconsistency
ZtoMM trigger inconsistency
TtoEM trigger inconsistency
Processed   750000/ 1795184 entries, 41.78% (elapsed time 16443.0s, curr speed    0.044 kHz, avg speed    0.046 kHz), accepted     6405/  750001 events ( 0.85%)
ZtoMM trigger inconsistency
ZtoMM trigger inconsistency
Processed   760000/ 1795184 entries, 42.34% (elapsed time 16671.0s, curr speed    0.044 kHz, avg speed    0.046 kHz), accepted     6501/  760001 events ( 0.86%)
ZtoMM trigger inconsistency
Processed   770000/ 1795184 entries, 42.89% (elapsed time 16895.6s, curr speed    0.045 kHz, avg speed    0.046 kHz), accepted     6581/  770001 events ( 0.85%)
ZtoMM trigger inconsistency
ZtoMM trigger inconsistency
Processed   780000/ 1795184 entries, 43.45% (elapsed time 17120.1s, curr speed    0.045 kHz, avg speed    0.046 kHz), accepted     6660/  780001 events ( 0.85%)
ZtoMM trigger inconsistency
Processed   790000/ 1795184 entries, 44.01% (elapsed time 17345.6s, curr speed    0.044 kHz, avg speed    0.046 kHz), accepted     6743/  790001 events ( 0.85%)
ZtoMM trigger inconsistency
ZtoMM trigger inconsistency
ZtoMM trigger inconsistency
ZtoMM trigger inconsistency
Processed   800000/ 1795184 entries, 44.56% (elapsed time 17571.3s, curr speed    0.044 kHz, avg speed    0.046 kHz), accepted     6820/  800001 events ( 0.85%)
Bad event
TtoEM trigger inconsistency
ZtoMM trigger inconsistency
ZtoMM trigger inconsistency
Processed   810000/ 1795184 entries, 45.12% (elapsed time 17795.1s, curr speed    0.045 kHz, avg speed    0.046 kHz), accepted     6903/  810001 events ( 0.85%)
ZtoMM trigger inconsistency
Processed   820000/ 1795184 entries, 45.68% (elapsed time 18015.2s, curr speed    0.045 kHz, avg speed    0.046 kHz), accepted     6977/  820001 events ( 0.85%)
ZtoEE trigger inconsistency
ZtoMM trigger inconsistency
ZtoMM trigger inconsistency
Processed   830000/ 1795184 entries, 46.23% (elapsed time 18239.0s, curr speed    0.045 kHz, avg speed    0.046 kHz), accepted     7057/  830001 events ( 0.85%)
ZtoMM trigger inconsistency
Processed   840000/ 1795184 entries, 46.79% (elapsed time 18461.2s, curr speed    0.045 kHz, avg speed    0.046 kHz), accepted     7139/  840001 events ( 0.85%)
ZtoMM trigger inconsistency
ZtoMM trigger inconsistency
ZtoMM trigger inconsistency
Processed   850000/ 1795184 entries, 47.35% (elapsed time 18681.7s, curr speed    0.045 kHz, avg speed    0.045 kHz), accepted     7221/  850001 events ( 0.85%)
Processed   860000/ 1795184 entries, 47.91% (elapsed time 18908.5s, curr speed    0.044 kHz, avg speed    0.045 kHz), accepted     7309/  860001 events ( 0.85%)
ZtoMM trigger inconsistency
ZtoMM trigger inconsistency
ZtoMM trigger inconsistency
Processed   870000/ 1795184 entries, 48.46% (elapsed time 19133.3s, curr speed    0.044 kHz, avg speed    0.045 kHz), accepted     7390/  870001 events ( 0.85%)
ZtoMM trigger inconsistency
Bad event
ZtoMM trigger inconsistency
Bad event
ZtoMM trigger inconsistency
Processed   880000/ 1795184 entries, 49.02% (elapsed time 19358.7s, curr speed    0.044 kHz, avg speed    0.045 kHz), accepted     7475/  880001 events ( 0.85%)
ZtoMM trigger inconsistency
ZtoMM trigger inconsistency
ZtoMM trigger inconsistency
Processed   890000/ 1795184 entries, 49.58% (elapsed time 19592.7s, curr speed    0.043 kHz, avg speed    0.045 kHz), accepted     7559/  890001 events ( 0.85%)
ZtoMM trigger inconsistency
TtoEM trigger inconsistency
ZtoEE trigger inconsistency
Processed   900000/ 1795184 entries, 50.13% (elapsed time 19822.9s, curr speed    0.043 kHz, avg speed    0.045 kHz), accepted     7653/  900001 events ( 0.85%)
ZtoMM trigger inconsistency
ZtoMM trigger inconsistency
Processed   910000/ 1795184 entries, 50.69% (elapsed time 20054.8s, curr speed    0.043 kHz, avg speed    0.045 kHz), accepted     7731/  910001 events ( 0.85%)
ZtoMM trigger inconsistency
TtoEM trigger inconsistency
ZtoMM trigger inconsistency
Processed   920000/ 1795184 entries, 51.25% (elapsed time 20286.5s, curr speed    0.043 kHz, avg speed    0.045 kHz), accepted     7828/  920001 events ( 0.85%)
Processed   930000/ 1795184 entries, 51.81% (elapsed time 20515.1s, curr speed    0.044 kHz, avg speed    0.045 kHz), accepted     7907/  930001 events ( 0.85%)
TtoEM trigger inconsistency
ZtoMM trigger inconsistency
Processed   940000/ 1795184 entries, 52.36% (elapsed time 20743.3s, curr speed    0.044 kHz, avg speed    0.045 kHz), accepted     8014/  940001 events ( 0.85%)
ZtoMM trigger inconsistency
ZtoEE trigger inconsistency
ZtoEE trigger inconsistency
Processed   950000/ 1795184 entries, 52.92% (elapsed time 20976.3s, curr speed    0.043 kHz, avg speed    0.045 kHz), accepted     8101/  950001 events ( 0.85%)
ZtoMM trigger inconsistency
Processed   960000/ 1795184 entries, 53.48% (elapsed time 21204.3s, curr speed    0.044 kHz, avg speed    0.045 kHz), accepted     8193/  960001 events ( 0.85%)
TtoEM trigger inconsistency
ZtoMM trigger inconsistency
ZtoMM trigger inconsistency
ZtoMM trigger inconsistency
Processed   970000/ 1795184 entries, 54.03% (elapsed time 21439.8s, curr speed    0.042 kHz, avg speed    0.045 kHz), accepted     8293/  970001 events ( 0.85%)
%MSG-e SimpleJetCorrectionUncertainty: 
 bin variables out of range
%MSG
%MSG-e SimpleJetCorrectionUncertainty: 
 bin variables out of range
%MSG
ZtoMM trigger inconsistency
Processed   980000/ 1795184 entries, 54.59% (elapsed time 21675.8s, curr speed    0.042 kHz, avg speed    0.045 kHz), accepted     8380/  980001 events ( 0.86%)
ZtoMM trigger inconsistency
ZtoMM trigger inconsistency
Processed   990000/ 1795184 entries, 55.15% (elapsed time 21911.8s, curr speed    0.042 kHz, avg speed    0.045 kHz), accepted     8463/  990001 events ( 0.85%)
TtoEM trigger inconsistency
ZtoMM trigger inconsistency
Processed  1000000/ 1795184 entries, 55.70% (elapsed time 22144.7s, curr speed    0.043 kHz, avg speed    0.045 kHz), accepted     8565/ 1000001 events ( 0.86%)
ZtoMM trigger inconsistency
ZtoMM trigger inconsistency
Processed  1010000/ 1795184 entries, 56.26% (elapsed time 22375.9s, curr speed    0.043 kHz, avg speed    0.045 kHz), accepted     8653/ 1010001 events ( 0.86%)
ZtoMM trigger inconsistency
Processed  1020000/ 1795184 entries, 56.82% (elapsed time 22608.4s, curr speed    0.043 kHz, avg speed    0.045 kHz), accepted     8726/ 1020001 events ( 0.86%)
TtoEM trigger inconsistency
ZtoMM trigger inconsistency
Processed  1030000/ 1795184 entries, 57.38% (elapsed time 22845.5s, curr speed    0.042 kHz, avg speed    0.045 kHz), accepted     8818/ 1030001 events ( 0.86%)
ZtoMM trigger inconsistency
ZtoMM trigger inconsistency
Processed  1040000/ 1795184 entries, 57.93% (elapsed time 23077.5s, curr speed    0.043 kHz, avg speed    0.045 kHz), accepted     8892/ 1040001 events ( 0.85%)
ZtoMM trigger inconsistency
ZtoMM trigger inconsistency
TtoEM trigger inconsistency
Processed  1050000/ 1795184 entries, 58.49% (elapsed time 23315.1s, curr speed    0.042 kHz, avg speed    0.045 kHz), accepted     8979/ 1050001 events ( 0.86%)
ZtoMM trigger inconsistency
Processed  1060000/ 1795184 entries, 59.05% (elapsed time 23547.3s, curr speed    0.043 kHz, avg speed    0.045 kHz), accepted     9056/ 1060001 events ( 0.85%)
TtoEM trigger inconsistency
Processed  1070000/ 1795184 entries, 59.60% (elapsed time 23777.8s, curr speed    0.043 kHz, avg speed    0.045 kHz), accepted     9139/ 1070001 events ( 0.85%)
ZtoMM trigger inconsistency
ZtoMM trigger inconsistency
TtoEM trigger inconsistency
ZtoMM trigger inconsistency
Processed  1080000/ 1795184 entries, 60.16% (elapsed time 24010.3s, curr speed    0.043 kHz, avg speed    0.045 kHz), accepted     9243/ 1080001 events ( 0.86%)
Bad event
ZtoEE trigger inconsistency
ZtoMM trigger inconsistency
ZtoMM trigger inconsistency
TtoEM trigger inconsistency
ZtoMM trigger inconsistency
Processed  1090000/ 1795184 entries, 60.72% (elapsed time 24248.2s, curr speed    0.042 kHz, avg speed    0.045 kHz), accepted     9322/ 1090001 events ( 0.86%)
ZtoMM trigger inconsistency
ZtoMM trigger inconsistency
TtoEM trigger inconsistency
Processed  1100000/ 1795184 entries, 61.28% (elapsed time 24482.6s, curr speed    0.043 kHz, avg speed    0.045 kHz), accepted     9400/ 1100001 events ( 0.85%)
TtoEM trigger inconsistency
ZtoMM trigger inconsistency
ZtoMM trigger inconsistency
ZtoMM trigger inconsistency
Processed  1110000/ 1795184 entries, 61.83% (elapsed time 24713.0s, curr speed    0.043 kHz, avg speed    0.045 kHz), accepted     9480/ 1110001 events ( 0.85%)
Processed  1120000/ 1795184 entries, 62.39% (elapsed time 24945.3s, curr speed    0.043 kHz, avg speed    0.045 kHz), accepted     9569/ 1120001 events ( 0.85%)
TtoEM trigger inconsistency
TtoEM trigger inconsistency
ZtoMM trigger inconsistency
ZtoMM trigger inconsistency
ZtoMM trigger inconsistency
Processed  1130000/ 1795184 entries, 62.95% (elapsed time 25182.4s, curr speed    0.042 kHz, avg speed    0.045 kHz), accepted     9650/ 1130001 events ( 0.85%)
TtoEM trigger inconsistency
Processed  1140000/ 1795184 entries, 63.50% (elapsed time 25415.7s, curr speed    0.043 kHz, avg speed    0.045 kHz), accepted     9726/ 1140001 events ( 0.85%)
TtoEM trigger inconsistency
ZtoMM trigger inconsistency
Processed  1150000/ 1795184 entries, 64.06% (elapsed time 25652.4s, curr speed    0.042 kHz, avg speed    0.045 kHz), accepted     9817/ 1150001 events ( 0.85%)
ZtoMM trigger inconsistency
ZtoMM trigger inconsistency
Processed  1160000/ 1795184 entries, 64.62% (elapsed time 25886.6s, curr speed    0.043 kHz, avg speed    0.045 kHz), accepted     9887/ 1160001 events ( 0.85%)
ZtoMM trigger inconsistency
Bad event
ZtoMM trigger inconsistency
ZtoMM trigger inconsistency
Processed  1170000/ 1795184 entries, 65.17% (elapsed time 26120.8s, curr speed    0.043 kHz, avg speed    0.045 kHz), accepted     9972/ 1170001 events ( 0.85%)
ZtoMM trigger inconsistency
Processed  1180000/ 1795184 entries, 65.73% (elapsed time 26357.3s, curr speed    0.042 kHz, avg speed    0.045 kHz), accepted    10056/ 1180001 events ( 0.85%)
ZtoMM trigger inconsistency
ZtoMM trigger inconsistency
Processed  1190000/ 1795184 entries, 66.29% (elapsed time 26593.0s, curr speed    0.042 kHz, avg speed    0.045 kHz), accepted    10134/ 1190001 events ( 0.85%)
Bad event
ZtoMM trigger inconsistency
ZtoMM trigger inconsistency
Processed  1200000/ 1795184 entries, 66.85% (elapsed time 26824.7s, curr speed    0.043 kHz, avg speed    0.045 kHz), accepted    10199/ 1200001 events ( 0.85%)
ZtoMM trigger inconsistency
ZtoMM trigger inconsistency
ZtoMM trigger inconsistency
Processed  1210000/ 1795184 entries, 67.40% (elapsed time 27058.3s, curr speed    0.043 kHz, avg speed    0.045 kHz), accepted    10284/ 1210001 events ( 0.85%)
ZtoMM trigger inconsistency
Processed  1220000/ 1795184 entries, 67.96% (elapsed time 27304.1s, curr speed    0.041 kHz, avg speed    0.045 kHz), accepted    10370/ 1220001 events ( 0.85%)
ZtoMM trigger inconsistency
ZtoEE trigger inconsistency
ZtoMM trigger inconsistency
ZtoMM trigger inconsistency
ZtoMM trigger inconsistency
ZtoMM trigger inconsistency
Processed  1230000/ 1795184 entries, 68.52% (elapsed time 27543.5s, curr speed    0.042 kHz, avg speed    0.045 kHz), accepted    10469/ 1230001 events ( 0.85%)
ZtoMM trigger inconsistency
ZtoEE trigger inconsistency
ZtoMM trigger inconsistency
Processed  1240000/ 1795184 entries, 69.07% (elapsed time 27774.9s, curr speed    0.043 kHz, avg speed    0.045 kHz), accepted    10552/ 1240001 events ( 0.85%)
TtoEM trigger inconsistency
TtoEM trigger inconsistency
ZtoMM trigger inconsistency
ZtoMM trigger inconsistency
Processed  1250000/ 1795184 entries, 69.63% (elapsed time 28008.1s, curr speed    0.043 kHz, avg speed    0.045 kHz), accepted    10653/ 1250001 events ( 0.85%)
ZtoMM trigger inconsistency
Bad event
Processed  1260000/ 1795184 entries, 70.19% (elapsed time 28238.2s, curr speed    0.043 kHz, avg speed    0.045 kHz), accepted    10747/ 1260001 events ( 0.85%)
ZtoMM trigger inconsistency
ZtoMM trigger inconsistency
ZtoMM trigger inconsistency
Processed  1270000/ 1795184 entries, 70.74% (elapsed time 28470.2s, curr speed    0.043 kHz, avg speed    0.045 kHz), accepted    10815/ 1270001 events ( 0.85%)
TtoEM trigger inconsistency
TtoEM trigger inconsistency
ZtoMM trigger inconsistency
ZtoMM trigger inconsistency
Processed  1280000/ 1795184 entries, 71.30% (elapsed time 28600.5s, curr speed    0.077 kHz, avg speed    0.045 kHz), accepted    10888/ 1280001 events ( 0.85%)
ZtoMM trigger inconsistency
Bad event
ZtoMM trigger inconsistency
Processed  1290000/ 1795184 entries, 71.86% (elapsed time 28718.4s, curr speed    0.085 kHz, avg speed    0.045 kHz), accepted    10957/ 1290001 events ( 0.85%)
ZtoMM trigger inconsistency
TtoEM trigger inconsistency
ZtoMM trigger inconsistency
ZtoMM trigger inconsistency
Processed  1300000/ 1795184 entries, 72.42% (elapsed time 28829.7s, curr speed    0.090 kHz, avg speed    0.045 kHz), accepted    11045/ 1300001 events ( 0.85%)
ZtoMM trigger inconsistency
Bad event
TtoEM trigger inconsistency
Processed  1310000/ 1795184 entries, 72.97% (elapsed time 28935.4s, curr speed    0.095 kHz, avg speed    0.045 kHz), accepted    11138/ 1310001 events ( 0.85%)
Processed  1320000/ 1795184 entries, 73.53% (elapsed time 29039.9s, curr speed    0.096 kHz, avg speed    0.045 kHz), accepted    11227/ 1320001 events ( 0.85%)
ZtoMM trigger inconsistency
ZtoMM trigger inconsistency
ZtoMM trigger inconsistency
ZtoEE trigger inconsistency
TtoEM trigger inconsistency
Processed  1330000/ 1795184 entries, 74.09% (elapsed time 29146.4s, curr speed    0.094 kHz, avg speed    0.046 kHz), accepted    11328/ 1330001 events ( 0.85%)
ZtoMM trigger inconsistency
ZtoMM trigger inconsistency
Processed  1340000/ 1795184 entries, 74.64% (elapsed time 29250.1s, curr speed    0.096 kHz, avg speed    0.046 kHz), accepted    11424/ 1340001 events ( 0.85%)
ZtoMM trigger inconsistency
ZtoMM trigger inconsistency
ZtoMM trigger inconsistency
Processed  1350000/ 1795184 entries, 75.20% (elapsed time 29354.9s, curr speed    0.095 kHz, avg speed    0.046 kHz), accepted    11517/ 1350001 events ( 0.85%)
TtoEM trigger inconsistency
ZtoMM trigger inconsistency
ZtoMM trigger inconsistency
Processed  1360000/ 1795184 entries, 75.76% (elapsed time 29459.5s, curr speed    0.096 kHz, avg speed    0.046 kHz), accepted    11607/ 1360001 events ( 0.85%)
ZtoMM trigger inconsistency
Processed  1370000/ 1795184 entries, 76.32% (elapsed time 29563.3s, curr speed    0.096 kHz, avg speed    0.046 kHz), accepted    11683/ 1370001 events ( 0.85%)
ZtoMM trigger inconsistency
ZtoMM trigger inconsistency
Processed  1380000/ 1795184 entries, 76.87% (elapsed time 29667.4s, curr speed    0.096 kHz, avg speed    0.047 kHz), accepted    11786/ 1380001 events ( 0.85%)
TtoEM trigger inconsistency
ZtoMM trigger inconsistency
ZtoMM trigger inconsistency
Processed  1390000/ 1795184 entries, 77.43% (elapsed time 29770.7s, curr speed    0.097 kHz, avg speed    0.047 kHz), accepted    11875/ 1390001 events ( 0.85%)
Processed  1400000/ 1795184 entries, 77.99% (elapsed time 29875.2s, curr speed    0.096 kHz, avg speed    0.047 kHz), accepted    11980/ 1400001 events ( 0.86%)
ZtoMM trigger inconsistency
ZtoMM trigger inconsistency
Processed  1410000/ 1795184 entries, 78.54% (elapsed time 29978.5s, curr speed    0.097 kHz, avg speed    0.047 kHz), accepted    12065/ 1410001 events ( 0.86%)
ZtoMM trigger inconsistency
ZtoMM trigger inconsistency
TtoEM trigger inconsistency
ZtoMM trigger inconsistency
ZtoEE trigger inconsistency
Processed  1420000/ 1795184 entries, 79.10% (elapsed time 30081.6s, curr speed    0.097 kHz, avg speed    0.047 kHz), accepted    12150/ 1420001 events ( 0.86%)
TtoEM trigger inconsistency
TtoEM trigger inconsistency
ZtoMM trigger inconsistency
ZtoMM trigger inconsistency
ZtoMM trigger inconsistency
Processed  1430000/ 1795184 entries, 79.66% (elapsed time 30185.3s, curr speed    0.096 kHz, avg speed    0.047 kHz), accepted    12223/ 1430001 events ( 0.85%)
ZtoMM trigger inconsistency
ZtoMM trigger inconsistency
Processed  1440000/ 1795184 entries, 80.21% (elapsed time 30288.2s, curr speed    0.097 kHz, avg speed    0.048 kHz), accepted    12310/ 1440001 events ( 0.85%)
ZtoMM trigger inconsistency
ZtoMM trigger inconsistency
ZtoEE trigger inconsistency
ZtoMM trigger inconsistency
Processed  1450000/ 1795184 entries, 80.77% (elapsed time 30391.5s, curr speed    0.097 kHz, avg speed    0.048 kHz), accepted    12410/ 1450001 events ( 0.86%)
ZtoMM trigger inconsistency
Processed  1460000/ 1795184 entries, 81.33% (elapsed time 30494.4s, curr speed    0.097 kHz, avg speed    0.048 kHz), accepted    12488/ 1460001 events ( 0.86%)
ZtoMM trigger inconsistency
ZtoMM trigger inconsistency
ZtoMM trigger inconsistency
ZtoMM trigger inconsistency
Processed  1470000/ 1795184 entries, 81.89% (elapsed time 30598.8s, curr speed    0.096 kHz, avg speed    0.048 kHz), accepted    12565/ 1470001 events ( 0.85%)
ZtoMM trigger inconsistency
ZtoMM trigger inconsistency
Processed  1480000/ 1795184 entries, 82.44% (elapsed time 30702.2s, curr speed    0.097 kHz, avg speed    0.048 kHz), accepted    12645/ 1480001 events ( 0.85%)
ZtoMM trigger inconsistency
ZtoMM trigger inconsistency
ZtoMM trigger inconsistency
Processed  1490000/ 1795184 entries, 83.00% (elapsed time 30805.6s, curr speed    0.097 kHz, avg speed    0.048 kHz), accepted    12721/ 1490001 events ( 0.85%)
ZtoMM trigger inconsistency
Bad event
TtoEM trigger inconsistency
Processed  1500000/ 1795184 entries, 83.56% (elapsed time 30909.4s, curr speed    0.096 kHz, avg speed    0.049 kHz), accepted    12820/ 1500001 events ( 0.85%)
TtoEM trigger inconsistency
Processed  1510000/ 1795184 entries, 84.11% (elapsed time 31013.4s, curr speed    0.096 kHz, avg speed    0.049 kHz), accepted    12894/ 1510001 events ( 0.85%)
ZtoMM trigger inconsistency
Processed  1520000/ 1795184 entries, 84.67% (elapsed time 31117.7s, curr speed    0.096 kHz, avg speed    0.049 kHz), accepted    12990/ 1520001 events ( 0.85%)
ZtoMM trigger inconsistency
Processed  1530000/ 1795184 entries, 85.23% (elapsed time 31221.2s, curr speed    0.097 kHz, avg speed    0.049 kHz), accepted    13059/ 1530001 events ( 0.85%)
ZtoMM trigger inconsistency
Processed  1540000/ 1795184 entries, 85.79% (elapsed time 31323.5s, curr speed    0.098 kHz, avg speed    0.049 kHz), accepted    13150/ 1540001 events ( 0.85%)
ZtoMM trigger inconsistency
ZtoMM trigger inconsistency
ZtoEE trigger inconsistency
Processed  1550000/ 1795184 entries, 86.34% (elapsed time 31426.3s, curr speed    0.097 kHz, avg speed    0.049 kHz), accepted    13226/ 1550001 events ( 0.85%)
Bad event
ZtoMM trigger inconsistency
ZtoMM trigger inconsistency
Processed  1560000/ 1795184 entries, 86.90% (elapsed time 31529.3s, curr speed    0.097 kHz, avg speed    0.049 kHz), accepted    13303/ 1560001 events ( 0.85%)
ZtoMM trigger inconsistency
ZtoMM trigger inconsistency
ZtoMM trigger inconsistency
ZtoMM trigger inconsistency
Processed  1570000/ 1795184 entries, 87.46% (elapsed time 31632.2s, curr speed    0.097 kHz, avg speed    0.050 kHz), accepted    13396/ 1570001 events ( 0.85%)
ZtoMM trigger inconsistency
TtoEM trigger inconsistency
ZtoMM trigger inconsistency
ZtoMM trigger inconsistency
ZtoMM trigger inconsistency
ZtoMM trigger inconsistency
Processed  1580000/ 1795184 entries, 88.01% (elapsed time 31735.5s, curr speed    0.097 kHz, avg speed    0.050 kHz), accepted    13477/ 1580001 events ( 0.85%)
ZtoEE trigger inconsistency
TtoEM trigger inconsistency
ZtoMM trigger inconsistency
ZtoMM trigger inconsistency
Processed  1590000/ 1795184 entries, 88.57% (elapsed time 31839.6s, curr speed    0.096 kHz, avg speed    0.050 kHz), accepted    13567/ 1590001 events ( 0.85%)
TtoEM trigger inconsistency
Processed  1600000/ 1795184 entries, 89.13% (elapsed time 31942.8s, curr speed    0.097 kHz, avg speed    0.050 kHz), accepted    13630/ 1600001 events ( 0.85%)
Processed  1610000/ 1795184 entries, 89.68% (elapsed time 32046.5s, curr speed    0.096 kHz, avg speed    0.050 kHz), accepted    13710/ 1610001 events ( 0.85%)
Bad event
Processed  1620000/ 1795184 entries, 90.24% (elapsed time 32148.2s, curr speed    0.098 kHz, avg speed    0.050 kHz), accepted    13790/ 1620001 events ( 0.85%)
ZtoMM trigger inconsistency
ZtoMM trigger inconsistency
ZtoMM trigger inconsistency
TtoEM trigger inconsistency
ZtoEE trigger inconsistency
Processed  1630000/ 1795184 entries, 90.80% (elapsed time 32252.3s, curr speed    0.096 kHz, avg speed    0.051 kHz), accepted    13870/ 1630001 events ( 0.85%)
ZtoMM trigger inconsistency
ZtoMM trigger inconsistency
ZtoMM trigger inconsistency
Processed  1640000/ 1795184 entries, 91.36% (elapsed time 32355.7s, curr speed    0.097 kHz, avg speed    0.051 kHz), accepted    13954/ 1640001 events ( 0.85%)
ZtoMM trigger inconsistency
Processed  1650000/ 1795184 entries, 91.91% (elapsed time 32459.3s, curr speed    0.096 kHz, avg speed    0.051 kHz), accepted    14041/ 1650001 events ( 0.85%)
ZtoMM trigger inconsistency
ZtoEE trigger inconsistency
Processed  1660000/ 1795184 entries, 92.47% (elapsed time 32563.1s, curr speed    0.096 kHz, avg speed    0.051 kHz), accepted    14133/ 1660001 events ( 0.85%)
ZtoMM trigger inconsistency
TtoEM trigger inconsistency
Processed  1670000/ 1795184 entries, 93.03% (elapsed time 32666.1s, curr speed    0.097 kHz, avg speed    0.051 kHz), accepted    14225/ 1670001 events ( 0.85%)
ZtoMM trigger inconsistency
ZtoMM trigger inconsistency
ZtoMM trigger inconsistency
Processed  1680000/ 1795184 entries, 93.58% (elapsed time 32770.3s, curr speed    0.096 kHz, avg speed    0.051 kHz), accepted    14337/ 1680001 events ( 0.85%)
ZtoEE trigger inconsistency
Bad event
Processed  1690000/ 1795184 entries, 94.14% (elapsed time 32874.9s, curr speed    0.096 kHz, avg speed    0.051 kHz), accepted    14420/ 1690001 events ( 0.85%)
ZtoMM trigger inconsistency
ZtoEE trigger inconsistency
ZtoMM trigger inconsistency
ZtoMM trigger inconsistency
Processed  1700000/ 1795184 entries, 94.70% (elapsed time 32977.9s, curr speed    0.097 kHz, avg speed    0.052 kHz), accepted    14512/ 1700001 events ( 0.85%)
TtoEM trigger inconsistency
ZtoMM trigger inconsistency
ZtoMM trigger inconsistency
ZtoMM trigger inconsistency
Processed  1710000/ 1795184 entries, 95.25% (elapsed time 33080.0s, curr speed    0.098 kHz, avg speed    0.052 kHz), accepted    14592/ 1710001 events ( 0.85%)
TtoEM trigger inconsistency
ZtoMM trigger inconsistency
ZtoMM trigger inconsistency
Processed  1720000/ 1795184 entries, 95.81% (elapsed time 33181.9s, curr speed    0.098 kHz, avg speed    0.052 kHz), accepted    14687/ 1720001 events ( 0.85%)
ZtoMM trigger inconsistency
ZtoMM trigger inconsistency
ZtoMM trigger inconsistency
Processed  1730000/ 1795184 entries, 96.37% (elapsed time 33283.3s, curr speed    0.099 kHz, avg speed    0.052 kHz), accepted    14764/ 1730001 events ( 0.85%)
ZtoMM trigger inconsistency
ZtoEE trigger inconsistency
TtoEM trigger inconsistency
ZtoMM trigger inconsistency
Processed  1740000/ 1795184 entries, 96.93% (elapsed time 33383.2s, curr speed    0.100 kHz, avg speed    0.052 kHz), accepted    14855/ 1740001 events ( 0.85%)
ZtoMM trigger inconsistency
ZtoMM trigger inconsistency
Processed  1750000/ 1795184 entries, 97.48% (elapsed time 33482.9s, curr speed    0.100 kHz, avg speed    0.052 kHz), accepted    14936/ 1750001 events ( 0.85%)
Bad event
ZtoMM trigger inconsistency
Processed  1760000/ 1795184 entries, 98.04% (elapsed time 33581.6s, curr speed    0.101 kHz, avg speed    0.052 kHz), accepted    15020/ 1760001 events ( 0.85%)
Bad event
ZtoMM trigger inconsistency
ZtoMM trigger inconsistency
Processed  1770000/ 1795184 entries, 98.60% (elapsed time 33680.7s, curr speed    0.101 kHz, avg speed    0.053 kHz), accepted    15104/ 1770001 events ( 0.85%)
ZtoMM trigger inconsistency
ZtoMM trigger inconsistency
Processed  1780000/ 1795184 entries, 99.15% (elapsed time 33780.7s, curr speed    0.100 kHz, avg speed    0.053 kHz), accepted    15185/ 1780001 events ( 0.85%)
ZtoMM trigger inconsistency
ZtoMM trigger inconsistency
ZtoMM trigger inconsistency
Processed  1790000/ 1795184 entries, 99.71% (elapsed time 33879.7s, curr speed    0.101 kHz, avg speed    0.053 kHz), accepted    15280/ 1790001 events ( 0.85%)
ZtoMM trigger inconsistency
Processed 1795184 preselected entries from root://cms-xrd-global.cern.ch//store/mc/RunIISummer16NanoAODv6/WZTo2L2Q_13TeV_amcatnloFXFX_madspin_pythia8/NANOAODSIM/PUMoriond17_Nano25Oct2019_102X_mcRun2_asymptotic_v7-v1/270000/78B26AC8-F4D4-874A-B9FF-6BEBE4D5AC5E.root (1795184 entries). Finally selected 15320 entries
Done /work/pbaertsc/heavy_resonance/output_2016/WZTo2L2Q_13TeV_amcatnloFXFX_madspin_pythia8__RunIISummer16NanoAODv6-PUMoriond17_Nano25Oct2019_102X_mcRun2_asymptotic_v7-v1__NANOAODSIM/78B26AC8-F4D4-874A-B9FF-6BEBE4D5AC5E.root
52.8402163784 Hz
deleting root file with name: /work/pbaertsc/heavy_resonance/output_2016/WZTo2L2Q_13TeV_amcatnloFXFX_madspin_pythia8__RunIISummer16NanoAODv6-PUMoriond17_Nano25Oct2019_102X_mcRun2_asymptotic_v7-v1__NANOAODSIM/78B26AC8-F4D4-874A-B9FF-6BEBE4D5AC5E.root
DONE
Complete at
Fri Jan 31 05:01:06 CET 2020
