job start at
Tue Jan 28 22:09:49 CET 2020
SLURM_JOB_ID: 422421
HOSTNAME: t3wn43
JOBLIST:joblist/joblist_ZZTo4L_13TeV_powheg_pythia8_ext1__RunIISummer16NanoAODv6-PUMoriond17_Nano25Oct2019_102X_mcRun2_asymptotic_v7-v1__NANOAODSIM_ll.txt
Going to execute
python job.py -i root://cms-xrd-global.cern.ch//store/mc/RunIISummer16NanoAODv6/ZZTo4L_13TeV_powheg_pythia8_ext1/NANOAODSIM/PUMoriond17_Nano25Oct2019_102X_mcRun2_asymptotic_v7-v1/270000/C97FAB6D-A15D-734D-AF13-464EB44DACFB.root -o /work/pbaertsc/heavy_resonance/output_2016/ZZTo4L_13TeV_powheg_pythia8_ext1__RunIISummer16NanoAODv6-PUMoriond17_Nano25Oct2019_102X_mcRun2_asymptotic_v7-v1__NANOAODSIM -N ZZTo4L_13TeV_powheg_pythia8_ext1__RunIISummer16NanoAODv6-PUMoriond17_Nano25Oct2019_102X_mcRun2_asymptotic_v7-v1__NANOAODSIM -n 12 -c ll -y 2016
TClass::Init:0: RuntimeWarning: no dictionary for class ROOT::TIOFeatures is available
/work/pbaertsc/heavy_resonance/CMSSW_9_4_6/python/PhysicsTools/NanoAODTools/postprocessing/framework/treeReaderArrayTools.py:69: RuntimeWarning: creating executor for unknown type "ULong64_t*"
  ret = _vr.Get()[0]
JEC= Summer16_07Aug2017_V11_MC 	 JER= Summer16_25nsV1_MC
MET branch= PuppiMET
JEC= Summer16_07Aug2017_V11_MC 	 JER= Summer16_25nsV1_MC
MET branch= PuppiMET
--------------------------------------------------------------------------------
input files  = ['root://cms-xrd-global.cern.ch//store/mc/RunIISummer16NanoAODv6/ZZTo4L_13TeV_powheg_pythia8_ext1/NANOAODSIM/PUMoriond17_Nano25Oct2019_102X_mcRun2_asymptotic_v7-v1/270000/C97FAB6D-A15D-734D-AF13-464EB44DACFB.root']
output directory = /work/pbaertsc/heavy_resonance/output_2016/ZZTo4L_13TeV_powheg_pythia8_ext1__RunIISummer16NanoAODv6-PUMoriond17_Nano25Oct2019_102X_mcRun2_asymptotic_v7-v1__NANOAODSIM
output file  = ZZTo4L_13TeV_powheg_pythia8_ext1__RunIISummer16NanoAODv6-PUMoriond17_Nano25Oct2019_102X_mcRun2_asymptotic_v7-v1__NANOAODSIM_12_ll.root
chunck       = 12
channel      = ll
dataType     = mc
year         = 2016
tes          = 1.0
ltf          = 1.0
jtf          = 1.0
--------------------------------------------------------------------------------
job.py: creating PostProcessor...
TreeProducer is called /work/pbaertsc/heavy_resonance/output_2016/ZZTo4L_13TeV_powheg_pythia8_ext1__RunIISummer16NanoAODv6-PUMoriond17_Nano25Oct2019_102X_mcRun2_asymptotic_v7-v1__NANOAODSIM/ZZTo4L_13TeV_powheg_pythia8_ext1__RunIISummer16NanoAODv6-PUMoriond17_Nano25Oct2019_102X_mcRun2_asymptotic_v7-v1__NANOAODSIM_12_ll.root
job.py: going to run PostProcessor...
Will write selected trees to /work/pbaertsc/heavy_resonance/output_2016/ZZTo4L_13TeV_powheg_pythia8_ext1__RunIISummer16NanoAODv6-PUMoriond17_Nano25Oct2019_102X_mcRun2_asymptotic_v7-v1__NANOAODSIM
Loading jet energy scale (JES) uncertainties from file '/tmp/tmp7Ie0Vo/Summer16_07Aug2017_V11_MC_Uncertainty_AK4PFchs.txt'
Loading jet energy resolutions (JER) from file '/tmp/tmprncU8s/Summer16_25nsV1_MC_PtResolution_AK4PFchs.txt'
Loading JER scale factors and uncertainties from file '/tmp/tmprncU8s/Summer16_25nsV1_MC_SF_AK4PFchs.txt'
Loading jet energy scale (JES) uncertainties from file '/tmp/tmprVh_du/Summer16_07Aug2017_V11_MC_Uncertainty_AK8PFPuppi.txt'
Loading jet energy resolutions (JER) from file '/tmp/tmpuR8p26/Summer16_25nsV1_MC_PtResolution_AK8PFPuppi.txt'
Loading JER scale factors and uncertainties from file '/tmp/tmpuR8p26/Summer16_25nsV1_MC_SF_AK8PFPuppi.txt'
Pre-select 2047149 entries out of 2047149 (100.00%)
nanoAODv5? True
Processed    10000/ 2047149 entries,  0.49% (elapsed time   236.5s, curr speed    0.042 kHz, avg speed    0.042 kHz), accepted       17/   10001 events ( 0.17%)
Processed    20000/ 2047149 entries,  0.98% (elapsed time   460.8s, curr speed    0.045 kHz, avg speed    0.043 kHz), accepted       34/   20001 events ( 0.17%)
ZtoMM trigger inconsistency
ZtoMM trigger inconsistency
Processed    30000/ 2047149 entries,  1.47% (elapsed time   690.6s, curr speed    0.044 kHz, avg speed    0.043 kHz), accepted       47/   30001 events ( 0.16%)
ZtoMM trigger inconsistency
Processed    40000/ 2047149 entries,  1.95% (elapsed time   919.8s, curr speed    0.044 kHz, avg speed    0.043 kHz), accepted       61/   40001 events ( 0.15%)
ZtoMM trigger inconsistency
TtoEM trigger inconsistency
Processed    50000/ 2047149 entries,  2.44% (elapsed time  1147.1s, curr speed    0.044 kHz, avg speed    0.044 kHz), accepted       73/   50001 events ( 0.15%)
Processed    60000/ 2047149 entries,  2.93% (elapsed time  1374.2s, curr speed    0.044 kHz, avg speed    0.044 kHz), accepted       90/   60001 events ( 0.15%)
Processed    70000/ 2047149 entries,  3.42% (elapsed time  1599.7s, curr speed    0.044 kHz, avg speed    0.044 kHz), accepted      103/   70001 events ( 0.15%)
Processed    80000/ 2047149 entries,  3.91% (elapsed time  1829.1s, curr speed    0.044 kHz, avg speed    0.044 kHz), accepted      120/   80001 events ( 0.15%)
Processed    90000/ 2047149 entries,  4.40% (elapsed time  2052.8s, curr speed    0.045 kHz, avg speed    0.044 kHz), accepted      139/   90001 events ( 0.15%)
Processed   100000/ 2047149 entries,  4.88% (elapsed time  2277.5s, curr speed    0.044 kHz, avg speed    0.044 kHz), accepted      149/  100001 events ( 0.15%)
Processed   110000/ 2047149 entries,  5.37% (elapsed time  2500.1s, curr speed    0.045 kHz, avg speed    0.044 kHz), accepted      174/  110001 events ( 0.16%)
ZtoEE trigger inconsistency
Processed   120000/ 2047149 entries,  5.86% (elapsed time  2722.5s, curr speed    0.045 kHz, avg speed    0.044 kHz), accepted      184/  120001 events ( 0.15%)
Processed   130000/ 2047149 entries,  6.35% (elapsed time  2952.0s, curr speed    0.044 kHz, avg speed    0.044 kHz), accepted      202/  130001 events ( 0.16%)
Processed   140000/ 2047149 entries,  6.84% (elapsed time  3176.7s, curr speed    0.045 kHz, avg speed    0.044 kHz), accepted      214/  140001 events ( 0.15%)
Processed   150000/ 2047149 entries,  7.33% (elapsed time  3402.8s, curr speed    0.044 kHz, avg speed    0.044 kHz), accepted      226/  150001 events ( 0.15%)
TtoEM trigger inconsistency
ZtoMM trigger inconsistency
Processed   160000/ 2047149 entries,  7.82% (elapsed time  3623.4s, curr speed    0.045 kHz, avg speed    0.044 kHz), accepted      237/  160001 events ( 0.15%)
Processed   170000/ 2047149 entries,  8.30% (elapsed time  3845.9s, curr speed    0.045 kHz, avg speed    0.044 kHz), accepted      249/  170001 events ( 0.15%)
ZtoMM trigger inconsistency
Processed   180000/ 2047149 entries,  8.79% (elapsed time  4066.7s, curr speed    0.045 kHz, avg speed    0.044 kHz), accepted      260/  180001 events ( 0.14%)
Processed   190000/ 2047149 entries,  9.28% (elapsed time  4287.6s, curr speed    0.045 kHz, avg speed    0.044 kHz), accepted      275/  190001 events ( 0.14%)
ZtoMM trigger inconsistency
TtoEM trigger inconsistency
Processed   200000/ 2047149 entries,  9.77% (elapsed time  4513.8s, curr speed    0.044 kHz, avg speed    0.044 kHz), accepted      290/  200001 events ( 0.14%)
Processed   210000/ 2047149 entries, 10.26% (elapsed time  4733.0s, curr speed    0.046 kHz, avg speed    0.044 kHz), accepted      307/  210001 events ( 0.15%)
Processed   220000/ 2047149 entries, 10.75% (elapsed time  4959.9s, curr speed    0.044 kHz, avg speed    0.044 kHz), accepted      322/  220001 events ( 0.15%)
TtoEM trigger inconsistency
Processed   230000/ 2047149 entries, 11.24% (elapsed time  5181.6s, curr speed    0.045 kHz, avg speed    0.044 kHz), accepted      330/  230001 events ( 0.14%)
ZtoMM trigger inconsistency
Processed   240000/ 2047149 entries, 11.72% (elapsed time  5406.5s, curr speed    0.044 kHz, avg speed    0.044 kHz), accepted      343/  240001 events ( 0.14%)
Processed   250000/ 2047149 entries, 12.21% (elapsed time  5628.5s, curr speed    0.045 kHz, avg speed    0.044 kHz), accepted      356/  250001 events ( 0.14%)
ZtoMM trigger inconsistency
Processed   260000/ 2047149 entries, 12.70% (elapsed time  5850.9s, curr speed    0.045 kHz, avg speed    0.044 kHz), accepted      369/  260001 events ( 0.14%)
Processed   270000/ 2047149 entries, 13.19% (elapsed time  6079.3s, curr speed    0.044 kHz, avg speed    0.044 kHz), accepted      381/  270001 events ( 0.14%)
Processed   280000/ 2047149 entries, 13.68% (elapsed time  6301.8s, curr speed    0.045 kHz, avg speed    0.044 kHz), accepted      394/  280001 events ( 0.14%)
ZtoMM trigger inconsistency
Processed   290000/ 2047149 entries, 14.17% (elapsed time  6527.0s, curr speed    0.044 kHz, avg speed    0.044 kHz), accepted      409/  290001 events ( 0.14%)
ZtoMM trigger inconsistency
Processed   300000/ 2047149 entries, 14.65% (elapsed time  6749.8s, curr speed    0.045 kHz, avg speed    0.044 kHz), accepted      420/  300001 events ( 0.14%)
Processed   310000/ 2047149 entries, 15.14% (elapsed time  6971.6s, curr speed    0.045 kHz, avg speed    0.044 kHz), accepted      437/  310001 events ( 0.14%)
ZtoMM trigger inconsistency
Processed   320000/ 2047149 entries, 15.63% (elapsed time  7192.1s, curr speed    0.045 kHz, avg speed    0.044 kHz), accepted      450/  320001 events ( 0.14%)
ZtoMM trigger inconsistency
ZtoEE trigger inconsistency
Processed   330000/ 2047149 entries, 16.12% (elapsed time  7406.6s, curr speed    0.047 kHz, avg speed    0.045 kHz), accepted      459/  330001 events ( 0.14%)
Processed   340000/ 2047149 entries, 16.61% (elapsed time  7624.7s, curr speed    0.046 kHz, avg speed    0.045 kHz), accepted      478/  340001 events ( 0.14%)
ZtoMM trigger inconsistency
TtoEM trigger inconsistency
ZtoMM trigger inconsistency
Processed   350000/ 2047149 entries, 17.10% (elapsed time  7845.0s, curr speed    0.045 kHz, avg speed    0.045 kHz), accepted      497/  350001 events ( 0.14%)
ZtoMM trigger inconsistency
ZtoMM trigger inconsistency
Processed   360000/ 2047149 entries, 17.59% (elapsed time  8063.5s, curr speed    0.046 kHz, avg speed    0.045 kHz), accepted      511/  360001 events ( 0.14%)
ZtoMM trigger inconsistency
ZtoMM trigger inconsistency
TtoEM trigger inconsistency
Processed   370000/ 2047149 entries, 18.07% (elapsed time  8281.8s, curr speed    0.046 kHz, avg speed    0.045 kHz), accepted      533/  370001 events ( 0.14%)
ZtoMM trigger inconsistency
Processed   380000/ 2047149 entries, 18.56% (elapsed time  8501.8s, curr speed    0.045 kHz, avg speed    0.045 kHz), accepted      546/  380001 events ( 0.14%)
ZtoEE trigger inconsistency
ZtoMM trigger inconsistency
Processed   390000/ 2047149 entries, 19.05% (elapsed time  8721.8s, curr speed    0.045 kHz, avg speed    0.045 kHz), accepted      558/  390001 events ( 0.14%)
Processed   400000/ 2047149 entries, 19.54% (elapsed time  8941.4s, curr speed    0.046 kHz, avg speed    0.045 kHz), accepted      575/  400001 events ( 0.14%)
Processed   410000/ 2047149 entries, 20.03% (elapsed time  9160.2s, curr speed    0.046 kHz, avg speed    0.045 kHz), accepted      592/  410001 events ( 0.14%)
Processed   420000/ 2047149 entries, 20.52% (elapsed time  9378.8s, curr speed    0.046 kHz, avg speed    0.045 kHz), accepted      605/  420001 events ( 0.14%)
Processed   430000/ 2047149 entries, 21.00% (elapsed time  9595.0s, curr speed    0.046 kHz, avg speed    0.045 kHz), accepted      619/  430001 events ( 0.14%)
ZtoMM trigger inconsistency
ZtoMM trigger inconsistency
Processed   440000/ 2047149 entries, 21.49% (elapsed time  9811.1s, curr speed    0.046 kHz, avg speed    0.045 kHz), accepted      637/  440001 events ( 0.14%)
TtoEM trigger inconsistency
Processed   450000/ 2047149 entries, 21.98% (elapsed time 10027.6s, curr speed    0.046 kHz, avg speed    0.045 kHz), accepted      649/  450001 events ( 0.14%)
ZtoMM trigger inconsistency
ZtoMM trigger inconsistency
Processed   460000/ 2047149 entries, 22.47% (elapsed time 10241.7s, curr speed    0.047 kHz, avg speed    0.045 kHz), accepted      671/  460001 events ( 0.15%)
TtoEM trigger inconsistency
Processed   470000/ 2047149 entries, 22.96% (elapsed time 10460.0s, curr speed    0.046 kHz, avg speed    0.045 kHz), accepted      685/  470001 events ( 0.15%)
ZtoEE trigger inconsistency
TtoEM trigger inconsistency
Processed   480000/ 2047149 entries, 23.45% (elapsed time 10677.2s, curr speed    0.046 kHz, avg speed    0.045 kHz), accepted      699/  480001 events ( 0.15%)
Processed   490000/ 2047149 entries, 23.94% (elapsed time 10897.6s, curr speed    0.045 kHz, avg speed    0.045 kHz), accepted      719/  490001 events ( 0.15%)
Processed   500000/ 2047149 entries, 24.42% (elapsed time 11114.5s, curr speed    0.046 kHz, avg speed    0.045 kHz), accepted      735/  500001 events ( 0.15%)
Processed   510000/ 2047149 entries, 24.91% (elapsed time 11327.3s, curr speed    0.047 kHz, avg speed    0.045 kHz), accepted      748/  510001 events ( 0.15%)
Processed   520000/ 2047149 entries, 25.40% (elapsed time 11543.9s, curr speed    0.046 kHz, avg speed    0.045 kHz), accepted      768/  520001 events ( 0.15%)
ZtoMM trigger inconsistency
Processed   530000/ 2047149 entries, 25.89% (elapsed time 11759.6s, curr speed    0.046 kHz, avg speed    0.045 kHz), accepted      778/  530001 events ( 0.15%)
TtoEM trigger inconsistency
TtoEM trigger inconsistency
Processed   540000/ 2047149 entries, 26.38% (elapsed time 11980.2s, curr speed    0.045 kHz, avg speed    0.045 kHz), accepted      791/  540001 events ( 0.15%)
Processed   550000/ 2047149 entries, 26.87% (elapsed time 12199.1s, curr speed    0.046 kHz, avg speed    0.045 kHz), accepted      802/  550001 events ( 0.15%)
TtoEM trigger inconsistency
Processed   560000/ 2047149 entries, 27.36% (elapsed time 12411.7s, curr speed    0.047 kHz, avg speed    0.045 kHz), accepted      816/  560001 events ( 0.15%)
Processed   570000/ 2047149 entries, 27.84% (elapsed time 12631.6s, curr speed    0.045 kHz, avg speed    0.045 kHz), accepted      833/  570001 events ( 0.15%)
Processed   580000/ 2047149 entries, 28.33% (elapsed time 12847.4s, curr speed    0.046 kHz, avg speed    0.045 kHz), accepted      852/  580001 events ( 0.15%)
Processed   590000/ 2047149 entries, 28.82% (elapsed time 13065.6s, curr speed    0.046 kHz, avg speed    0.045 kHz), accepted      870/  590001 events ( 0.15%)
Processed   600000/ 2047149 entries, 29.31% (elapsed time 13279.6s, curr speed    0.047 kHz, avg speed    0.045 kHz), accepted      882/  600001 events ( 0.15%)
Processed   610000/ 2047149 entries, 29.80% (elapsed time 13491.3s, curr speed    0.047 kHz, avg speed    0.045 kHz), accepted      897/  610001 events ( 0.15%)
ZtoMM trigger inconsistency
Processed   620000/ 2047149 entries, 30.29% (elapsed time 13708.6s, curr speed    0.046 kHz, avg speed    0.045 kHz), accepted      906/  620001 events ( 0.15%)
Processed   630000/ 2047149 entries, 30.77% (elapsed time 13922.5s, curr speed    0.047 kHz, avg speed    0.045 kHz), accepted      921/  630001 events ( 0.15%)
TtoEM trigger inconsistency
ZtoMM trigger inconsistency
Processed   640000/ 2047149 entries, 31.26% (elapsed time 14141.0s, curr speed    0.046 kHz, avg speed    0.045 kHz), accepted      939/  640001 events ( 0.15%)
TtoEM trigger inconsistency
ZtoMM trigger inconsistency
Processed   650000/ 2047149 entries, 31.75% (elapsed time 14357.3s, curr speed    0.046 kHz, avg speed    0.045 kHz), accepted      958/  650001 events ( 0.15%)
ZtoMM trigger inconsistency
Processed   660000/ 2047149 entries, 32.24% (elapsed time 14574.0s, curr speed    0.046 kHz, avg speed    0.045 kHz), accepted      978/  660001 events ( 0.15%)
Processed   670000/ 2047149 entries, 32.73% (elapsed time 14791.2s, curr speed    0.046 kHz, avg speed    0.045 kHz), accepted      991/  670001 events ( 0.15%)
Processed   680000/ 2047149 entries, 33.22% (elapsed time 15004.2s, curr speed    0.047 kHz, avg speed    0.045 kHz), accepted      998/  680001 events ( 0.15%)
TtoEM trigger inconsistency
ZtoMM trigger inconsistency
TtoEM trigger inconsistency
Processed   690000/ 2047149 entries, 33.71% (elapsed time 15223.1s, curr speed    0.046 kHz, avg speed    0.045 kHz), accepted     1015/  690001 events ( 0.15%)
ZtoMM trigger inconsistency
TtoEM trigger inconsistency
Processed   700000/ 2047149 entries, 34.19% (elapsed time 15437.2s, curr speed    0.047 kHz, avg speed    0.045 kHz), accepted     1032/  700001 events ( 0.15%)
Processed   710000/ 2047149 entries, 34.68% (elapsed time 15652.4s, curr speed    0.046 kHz, avg speed    0.045 kHz), accepted     1051/  710001 events ( 0.15%)
TtoEM trigger inconsistency
Processed   720000/ 2047149 entries, 35.17% (elapsed time 15872.0s, curr speed    0.046 kHz, avg speed    0.045 kHz), accepted     1066/  720001 events ( 0.15%)
ZtoMM trigger inconsistency
ZtoMM trigger inconsistency
Processed   730000/ 2047149 entries, 35.66% (elapsed time 16086.2s, curr speed    0.047 kHz, avg speed    0.045 kHz), accepted     1085/  730001 events ( 0.15%)
ZtoMM trigger inconsistency
Processed   740000/ 2047149 entries, 36.15% (elapsed time 16303.1s, curr speed    0.046 kHz, avg speed    0.045 kHz), accepted     1099/  740001 events ( 0.15%)
TtoEM trigger inconsistency
Processed   750000/ 2047149 entries, 36.64% (elapsed time 16520.0s, curr speed    0.046 kHz, avg speed    0.045 kHz), accepted     1112/  750001 events ( 0.15%)
%MSG-e SimpleJetCorrectionUncertainty: 
 bin variables out of range
%MSG
%MSG-e SimpleJetCorrectionUncertainty: 
 bin variables out of range
%MSG
Processed   760000/ 2047149 entries, 37.12% (elapsed time 16732.1s, curr speed    0.047 kHz, avg speed    0.045 kHz), accepted     1121/  760001 events ( 0.15%)
Processed   770000/ 2047149 entries, 37.61% (elapsed time 16950.2s, curr speed    0.046 kHz, avg speed    0.045 kHz), accepted     1125/  770001 events ( 0.15%)
Processed   780000/ 2047149 entries, 38.10% (elapsed time 17164.3s, curr speed    0.047 kHz, avg speed    0.045 kHz), accepted     1140/  780001 events ( 0.15%)
ZtoMM trigger inconsistency
Processed   790000/ 2047149 entries, 38.59% (elapsed time 17382.2s, curr speed    0.046 kHz, avg speed    0.045 kHz), accepted     1159/  790001 events ( 0.15%)
ZtoMM trigger inconsistency
Processed   800000/ 2047149 entries, 39.08% (elapsed time 17595.4s, curr speed    0.047 kHz, avg speed    0.045 kHz), accepted     1172/  800001 events ( 0.15%)
Processed   810000/ 2047149 entries, 39.57% (elapsed time 17808.7s, curr speed    0.047 kHz, avg speed    0.045 kHz), accepted     1184/  810001 events ( 0.15%)
ZtoMM trigger inconsistency
TtoEM trigger inconsistency
Processed   820000/ 2047149 entries, 40.06% (elapsed time 18025.2s, curr speed    0.046 kHz, avg speed    0.045 kHz), accepted     1194/  820001 events ( 0.15%)
ZtoMM trigger inconsistency
ZtoEE trigger inconsistency
Processed   830000/ 2047149 entries, 40.54% (elapsed time 18236.9s, curr speed    0.047 kHz, avg speed    0.046 kHz), accepted     1206/  830001 events ( 0.15%)
TtoEM trigger inconsistency
Processed   840000/ 2047149 entries, 41.03% (elapsed time 18453.0s, curr speed    0.046 kHz, avg speed    0.046 kHz), accepted     1220/  840001 events ( 0.15%)
TtoEM trigger inconsistency
TtoEM trigger inconsistency
Processed   850000/ 2047149 entries, 41.52% (elapsed time 18669.1s, curr speed    0.046 kHz, avg speed    0.046 kHz), accepted     1240/  850001 events ( 0.15%)
Processed   860000/ 2047149 entries, 42.01% (elapsed time 18884.1s, curr speed    0.047 kHz, avg speed    0.046 kHz), accepted     1258/  860001 events ( 0.15%)
ZtoMM trigger inconsistency
Processed   870000/ 2047149 entries, 42.50% (elapsed time 19098.0s, curr speed    0.047 kHz, avg speed    0.046 kHz), accepted     1272/  870001 events ( 0.15%)
ZtoEE trigger inconsistency
Processed   880000/ 2047149 entries, 42.99% (elapsed time 19311.6s, curr speed    0.047 kHz, avg speed    0.046 kHz), accepted     1288/  880001 events ( 0.15%)
ZtoMM trigger inconsistency
ZtoMM trigger inconsistency
ZtoMM trigger inconsistency
Processed   890000/ 2047149 entries, 43.48% (elapsed time 19528.3s, curr speed    0.046 kHz, avg speed    0.046 kHz), accepted     1302/  890001 events ( 0.15%)
ZtoMM trigger inconsistency
Processed   900000/ 2047149 entries, 43.96% (elapsed time 19742.2s, curr speed    0.047 kHz, avg speed    0.046 kHz), accepted     1311/  900001 events ( 0.15%)
Processed   910000/ 2047149 entries, 44.45% (elapsed time 19958.9s, curr speed    0.046 kHz, avg speed    0.046 kHz), accepted     1319/  910001 events ( 0.14%)
Processed   920000/ 2047149 entries, 44.94% (elapsed time 20175.8s, curr speed    0.046 kHz, avg speed    0.046 kHz), accepted     1344/  920001 events ( 0.15%)
Processed   930000/ 2047149 entries, 45.43% (elapsed time 20388.9s, curr speed    0.047 kHz, avg speed    0.046 kHz), accepted     1356/  930001 events ( 0.15%)
ZtoMM trigger inconsistency
Processed   940000/ 2047149 entries, 45.92% (elapsed time 20608.5s, curr speed    0.046 kHz, avg speed    0.046 kHz), accepted     1371/  940001 events ( 0.15%)
Processed   950000/ 2047149 entries, 46.41% (elapsed time 20823.5s, curr speed    0.047 kHz, avg speed    0.046 kHz), accepted     1383/  950001 events ( 0.15%)
ZtoMM trigger inconsistency
TtoEM trigger inconsistency
Processed   960000/ 2047149 entries, 46.89% (elapsed time 21040.5s, curr speed    0.046 kHz, avg speed    0.046 kHz), accepted     1395/  960001 events ( 0.15%)
Processed   970000/ 2047149 entries, 47.38% (elapsed time 21255.9s, curr speed    0.046 kHz, avg speed    0.046 kHz), accepted     1407/  970001 events ( 0.15%)
Processed   980000/ 2047149 entries, 47.87% (elapsed time 21469.0s, curr speed    0.047 kHz, avg speed    0.046 kHz), accepted     1423/  980001 events ( 0.15%)
ZtoMM trigger inconsistency
Processed   990000/ 2047149 entries, 48.36% (elapsed time 21687.0s, curr speed    0.046 kHz, avg speed    0.046 kHz), accepted     1441/  990001 events ( 0.15%)
Processed  1000000/ 2047149 entries, 48.85% (elapsed time 21897.6s, curr speed    0.047 kHz, avg speed    0.046 kHz), accepted     1454/ 1000001 events ( 0.15%)
Processed  1010000/ 2047149 entries, 49.34% (elapsed time 22110.5s, curr speed    0.047 kHz, avg speed    0.046 kHz), accepted     1470/ 1010001 events ( 0.15%)
Processed  1020000/ 2047149 entries, 49.83% (elapsed time 22328.2s, curr speed    0.046 kHz, avg speed    0.046 kHz), accepted     1484/ 1020001 events ( 0.15%)
ZtoMM trigger inconsistency
Processed  1030000/ 2047149 entries, 50.31% (elapsed time 22539.9s, curr speed    0.047 kHz, avg speed    0.046 kHz), accepted     1500/ 1030001 events ( 0.15%)
ZtoMM trigger inconsistency
Processed  1040000/ 2047149 entries, 50.80% (elapsed time 22756.8s, curr speed    0.046 kHz, avg speed    0.046 kHz), accepted     1510/ 1040001 events ( 0.15%)
Processed  1050000/ 2047149 entries, 51.29% (elapsed time 22971.1s, curr speed    0.047 kHz, avg speed    0.046 kHz), accepted     1523/ 1050001 events ( 0.15%)
ZtoEE trigger inconsistency
ZtoMM trigger inconsistency
Processed  1060000/ 2047149 entries, 51.78% (elapsed time 23187.3s, curr speed    0.046 kHz, avg speed    0.046 kHz), accepted     1538/ 1060001 events ( 0.15%)
TtoEM trigger inconsistency
ZtoMM trigger inconsistency
Processed  1070000/ 2047149 entries, 52.27% (elapsed time 23404.4s, curr speed    0.046 kHz, avg speed    0.046 kHz), accepted     1547/ 1070001 events ( 0.14%)
ZtoMM trigger inconsistency
Processed  1080000/ 2047149 entries, 52.76% (elapsed time 23617.4s, curr speed    0.047 kHz, avg speed    0.046 kHz), accepted     1565/ 1080001 events ( 0.14%)
ZtoMM trigger inconsistency
TtoEM trigger inconsistency
Processed  1090000/ 2047149 entries, 53.24% (elapsed time 23832.3s, curr speed    0.047 kHz, avg speed    0.046 kHz), accepted     1578/ 1090001 events ( 0.14%)
Processed  1100000/ 2047149 entries, 53.73% (elapsed time 24047.5s, curr speed    0.046 kHz, avg speed    0.046 kHz), accepted     1593/ 1100001 events ( 0.14%)
Processed  1110000/ 2047149 entries, 54.22% (elapsed time 24260.7s, curr speed    0.047 kHz, avg speed    0.046 kHz), accepted     1605/ 1110001 events ( 0.14%)
TtoEM trigger inconsistency
Processed  1120000/ 2047149 entries, 54.71% (elapsed time 24478.1s, curr speed    0.046 kHz, avg speed    0.046 kHz), accepted     1620/ 1120001 events ( 0.14%)
ZtoMM trigger inconsistency
Processed  1130000/ 2047149 entries, 55.20% (elapsed time 24691.1s, curr speed    0.047 kHz, avg speed    0.046 kHz), accepted     1639/ 1130001 events ( 0.15%)
Processed  1140000/ 2047149 entries, 55.69% (elapsed time 24905.2s, curr speed    0.047 kHz, avg speed    0.046 kHz), accepted     1653/ 1140001 events ( 0.14%)
Processed  1150000/ 2047149 entries, 56.18% (elapsed time 25119.8s, curr speed    0.047 kHz, avg speed    0.046 kHz), accepted     1675/ 1150001 events ( 0.15%)
ZtoMM trigger inconsistency
Processed  1160000/ 2047149 entries, 56.66% (elapsed time 25331.1s, curr speed    0.047 kHz, avg speed    0.046 kHz), accepted     1685/ 1160001 events ( 0.15%)
ZtoMM trigger inconsistency
TtoEM trigger inconsistency
Processed  1170000/ 2047149 entries, 57.15% (elapsed time 25548.5s, curr speed    0.046 kHz, avg speed    0.046 kHz), accepted     1698/ 1170001 events ( 0.15%)
ZtoMM trigger inconsistency
TtoEM trigger inconsistency
Processed  1180000/ 2047149 entries, 57.64% (elapsed time 25760.7s, curr speed    0.047 kHz, avg speed    0.046 kHz), accepted     1716/ 1180001 events ( 0.15%)
Processed  1190000/ 2047149 entries, 58.13% (elapsed time 25977.5s, curr speed    0.046 kHz, avg speed    0.046 kHz), accepted     1728/ 1190001 events ( 0.15%)
Processed  1200000/ 2047149 entries, 58.62% (elapsed time 26190.1s, curr speed    0.047 kHz, avg speed    0.046 kHz), accepted     1741/ 1200001 events ( 0.15%)
Processed  1210000/ 2047149 entries, 59.11% (elapsed time 26404.7s, curr speed    0.047 kHz, avg speed    0.046 kHz), accepted     1750/ 1210001 events ( 0.14%)
Processed  1220000/ 2047149 entries, 59.60% (elapsed time 26620.1s, curr speed    0.046 kHz, avg speed    0.046 kHz), accepted     1764/ 1220001 events ( 0.14%)
ZtoMM trigger inconsistency
Processed  1230000/ 2047149 entries, 60.08% (elapsed time 26827.9s, curr speed    0.048 kHz, avg speed    0.046 kHz), accepted     1784/ 1230001 events ( 0.15%)
ZtoMM trigger inconsistency
Processed  1240000/ 2047149 entries, 60.57% (elapsed time 27034.3s, curr speed    0.048 kHz, avg speed    0.046 kHz), accepted     1795/ 1240001 events ( 0.14%)
Processed  1250000/ 2047149 entries, 61.06% (elapsed time 27236.8s, curr speed    0.049 kHz, avg speed    0.046 kHz), accepted     1806/ 1250001 events ( 0.14%)
ZtoMM trigger inconsistency
Processed  1260000/ 2047149 entries, 61.55% (elapsed time 27440.8s, curr speed    0.049 kHz, avg speed    0.046 kHz), accepted     1820/ 1260001 events ( 0.14%)
Processed  1270000/ 2047149 entries, 62.04% (elapsed time 27647.1s, curr speed    0.048 kHz, avg speed    0.046 kHz), accepted     1842/ 1270001 events ( 0.15%)
Processed  1280000/ 2047149 entries, 62.53% (elapsed time 27845.4s, curr speed    0.050 kHz, avg speed    0.046 kHz), accepted     1857/ 1280001 events ( 0.15%)
Processed  1290000/ 2047149 entries, 63.01% (elapsed time 28047.8s, curr speed    0.049 kHz, avg speed    0.046 kHz), accepted     1875/ 1290001 events ( 0.15%)
ZtoMM trigger inconsistency
ZtoMM trigger inconsistency
Processed  1300000/ 2047149 entries, 63.50% (elapsed time 28249.9s, curr speed    0.049 kHz, avg speed    0.046 kHz), accepted     1891/ 1300001 events ( 0.15%)
Processed  1310000/ 2047149 entries, 63.99% (elapsed time 28450.0s, curr speed    0.050 kHz, avg speed    0.046 kHz), accepted     1906/ 1310001 events ( 0.15%)
TtoEM trigger inconsistency
Processed  1320000/ 2047149 entries, 64.48% (elapsed time 28651.5s, curr speed    0.050 kHz, avg speed    0.046 kHz), accepted     1922/ 1320001 events ( 0.15%)
Processed  1330000/ 2047149 entries, 64.97% (elapsed time 28852.2s, curr speed    0.050 kHz, avg speed    0.046 kHz), accepted     1940/ 1330001 events ( 0.15%)
Processed  1340000/ 2047149 entries, 65.46% (elapsed time 29056.0s, curr speed    0.049 kHz, avg speed    0.046 kHz), accepted     1953/ 1340001 events ( 0.15%)
ZtoMM trigger inconsistency
Processed  1350000/ 2047149 entries, 65.95% (elapsed time 29256.6s, curr speed    0.050 kHz, avg speed    0.046 kHz), accepted     1965/ 1350001 events ( 0.15%)
Processed  1360000/ 2047149 entries, 66.43% (elapsed time 29456.9s, curr speed    0.050 kHz, avg speed    0.046 kHz), accepted     1980/ 1360001 events ( 0.15%)
ZtoMM trigger inconsistency
Processed  1370000/ 2047149 entries, 66.92% (elapsed time 29658.5s, curr speed    0.050 kHz, avg speed    0.046 kHz), accepted     1988/ 1370001 events ( 0.15%)
Processed  1380000/ 2047149 entries, 67.41% (elapsed time 29856.8s, curr speed    0.050 kHz, avg speed    0.046 kHz), accepted     2006/ 1380001 events ( 0.15%)
TtoEM trigger inconsistency
Processed  1390000/ 2047149 entries, 67.90% (elapsed time 30063.6s, curr speed    0.048 kHz, avg speed    0.046 kHz), accepted     2022/ 1390001 events ( 0.15%)
ZtoMM trigger inconsistency
Processed  1400000/ 2047149 entries, 68.39% (elapsed time 30261.9s, curr speed    0.050 kHz, avg speed    0.046 kHz), accepted     2034/ 1400001 events ( 0.15%)
ZtoMM trigger inconsistency
Processed  1410000/ 2047149 entries, 68.88% (elapsed time 30466.8s, curr speed    0.049 kHz, avg speed    0.046 kHz), accepted     2047/ 1410001 events ( 0.15%)
ZtoMM trigger inconsistency
ZtoMM trigger inconsistency
Processed  1420000/ 2047149 entries, 69.36% (elapsed time 30667.2s, curr speed    0.050 kHz, avg speed    0.046 kHz), accepted     2064/ 1420001 events ( 0.15%)
TtoEM trigger inconsistency
Processed  1430000/ 2047149 entries, 69.85% (elapsed time 30869.5s, curr speed    0.049 kHz, avg speed    0.046 kHz), accepted     2081/ 1430001 events ( 0.15%)
ZtoMM trigger inconsistency
Processed  1440000/ 2047149 entries, 70.34% (elapsed time 31072.6s, curr speed    0.049 kHz, avg speed    0.046 kHz), accepted     2092/ 1440001 events ( 0.15%)
Processed  1450000/ 2047149 entries, 70.83% (elapsed time 31271.7s, curr speed    0.050 kHz, avg speed    0.046 kHz), accepted     2113/ 1450001 events ( 0.15%)
ZtoMM trigger inconsistency
TtoEM trigger inconsistency
Processed  1460000/ 2047149 entries, 71.32% (elapsed time 31473.0s, curr speed    0.050 kHz, avg speed    0.046 kHz), accepted     2136/ 1460001 events ( 0.15%)
ZtoMM trigger inconsistency
Processed  1470000/ 2047149 entries, 71.81% (elapsed time 31674.4s, curr speed    0.050 kHz, avg speed    0.046 kHz), accepted     2152/ 1470001 events ( 0.15%)
ZtoMM trigger inconsistency
Processed  1480000/ 2047149 entries, 72.30% (elapsed time 31875.8s, curr speed    0.050 kHz, avg speed    0.046 kHz), accepted     2167/ 1480001 events ( 0.15%)
ZtoMM trigger inconsistency
Processed  1490000/ 2047149 entries, 72.78% (elapsed time 32081.2s, curr speed    0.049 kHz, avg speed    0.046 kHz), accepted     2180/ 1490001 events ( 0.15%)
ZtoMM trigger inconsistency
Processed  1500000/ 2047149 entries, 73.27% (elapsed time 32278.8s, curr speed    0.051 kHz, avg speed    0.046 kHz), accepted     2189/ 1500001 events ( 0.15%)
ZtoMM trigger inconsistency
ZtoMM trigger inconsistency
Processed  1510000/ 2047149 entries, 73.76% (elapsed time 32484.5s, curr speed    0.049 kHz, avg speed    0.046 kHz), accepted     2205/ 1510001 events ( 0.15%)
Processed  1520000/ 2047149 entries, 74.25% (elapsed time 32680.0s, curr speed    0.051 kHz, avg speed    0.047 kHz), accepted     2215/ 1520001 events ( 0.15%)
Processed  1530000/ 2047149 entries, 74.74% (elapsed time 32876.3s, curr speed    0.051 kHz, avg speed    0.047 kHz), accepted     2234/ 1530001 events ( 0.15%)
TtoEM trigger inconsistency
Processed  1540000/ 2047149 entries, 75.23% (elapsed time 33074.9s, curr speed    0.050 kHz, avg speed    0.047 kHz), accepted     2252/ 1540001 events ( 0.15%)
Processed  1550000/ 2047149 entries, 75.72% (elapsed time 33272.1s, curr speed    0.051 kHz, avg speed    0.047 kHz), accepted     2273/ 1550001 events ( 0.15%)
ZtoEE trigger inconsistency
TtoEM trigger inconsistency
Processed  1560000/ 2047149 entries, 76.20% (elapsed time 33476.0s, curr speed    0.049 kHz, avg speed    0.047 kHz), accepted     2286/ 1560001 events ( 0.15%)
Processed  1570000/ 2047149 entries, 76.69% (elapsed time 33668.9s, curr speed    0.052 kHz, avg speed    0.047 kHz), accepted     2304/ 1570001 events ( 0.15%)
ZtoMM trigger inconsistency
ZtoMM trigger inconsistency
Processed  1580000/ 2047149 entries, 77.18% (elapsed time 33862.9s, curr speed    0.052 kHz, avg speed    0.047 kHz), accepted     2312/ 1580001 events ( 0.15%)
Processed  1590000/ 2047149 entries, 77.67% (elapsed time 34063.0s, curr speed    0.050 kHz, avg speed    0.047 kHz), accepted     2328/ 1590001 events ( 0.15%)
Processed  1600000/ 2047149 entries, 78.16% (elapsed time 34260.0s, curr speed    0.051 kHz, avg speed    0.047 kHz), accepted     2350/ 1600001 events ( 0.15%)
Processed  1610000/ 2047149 entries, 78.65% (elapsed time 34459.7s, curr speed    0.050 kHz, avg speed    0.047 kHz), accepted     2362/ 1610001 events ( 0.15%)
TtoEM trigger inconsistency
Processed  1620000/ 2047149 entries, 79.13% (elapsed time 34653.1s, curr speed    0.052 kHz, avg speed    0.047 kHz), accepted     2376/ 1620001 events ( 0.15%)
Processed  1630000/ 2047149 entries, 79.62% (elapsed time 34850.1s, curr speed    0.051 kHz, avg speed    0.047 kHz), accepted     2386/ 1630001 events ( 0.15%)
%MSG-e SimpleJetCorrectionUncertainty: 
 bin variables out of range
%MSG
%MSG-e SimpleJetCorrectionUncertainty: 
 bin variables out of range
%MSG
Processed  1640000/ 2047149 entries, 80.11% (elapsed time 35048.8s, curr speed    0.050 kHz, avg speed    0.047 kHz), accepted     2405/ 1640001 events ( 0.15%)
ZtoMM trigger inconsistency
Processed  1650000/ 2047149 entries, 80.60% (elapsed time 35246.0s, curr speed    0.051 kHz, avg speed    0.047 kHz), accepted     2427/ 1650001 events ( 0.15%)
Processed  1660000/ 2047149 entries, 81.09% (elapsed time 35444.8s, curr speed    0.050 kHz, avg speed    0.047 kHz), accepted     2449/ 1660001 events ( 0.15%)
Processed  1670000/ 2047149 entries, 81.58% (elapsed time 35641.0s, curr speed    0.051 kHz, avg speed    0.047 kHz), accepted     2459/ 1670001 events ( 0.15%)
ZtoMM trigger inconsistency
Processed  1680000/ 2047149 entries, 82.07% (elapsed time 35840.1s, curr speed    0.050 kHz, avg speed    0.047 kHz), accepted     2470/ 1680001 events ( 0.15%)
TtoEM trigger inconsistency
Processed  1690000/ 2047149 entries, 82.55% (elapsed time 36036.0s, curr speed    0.051 kHz, avg speed    0.047 kHz), accepted     2485/ 1690001 events ( 0.15%)
ZtoMM trigger inconsistency
Processed  1700000/ 2047149 entries, 83.04% (elapsed time 36235.1s, curr speed    0.050 kHz, avg speed    0.047 kHz), accepted     2498/ 1700001 events ( 0.15%)
Processed  1710000/ 2047149 entries, 83.53% (elapsed time 36436.2s, curr speed    0.050 kHz, avg speed    0.047 kHz), accepted     2516/ 1710001 events ( 0.15%)
Processed  1720000/ 2047149 entries, 84.02% (elapsed time 36642.4s, curr speed    0.049 kHz, avg speed    0.047 kHz), accepted     2532/ 1720001 events ( 0.15%)
ZtoMM trigger inconsistency
Processed  1730000/ 2047149 entries, 84.51% (elapsed time 36847.0s, curr speed    0.049 kHz, avg speed    0.047 kHz), accepted     2551/ 1730001 events ( 0.15%)
Processed  1740000/ 2047149 entries, 85.00% (elapsed time 37043.8s, curr speed    0.051 kHz, avg speed    0.047 kHz), accepted     2574/ 1740001 events ( 0.15%)
TtoEM trigger inconsistency
Processed  1750000/ 2047149 entries, 85.48% (elapsed time 37241.0s, curr speed    0.051 kHz, avg speed    0.047 kHz), accepted     2590/ 1750001 events ( 0.15%)
TtoEM trigger inconsistency
Processed  1760000/ 2047149 entries, 85.97% (elapsed time 37447.1s, curr speed    0.049 kHz, avg speed    0.047 kHz), accepted     2600/ 1760001 events ( 0.15%)
Processed  1770000/ 2047149 entries, 86.46% (elapsed time 37649.2s, curr speed    0.050 kHz, avg speed    0.047 kHz), accepted     2618/ 1770001 events ( 0.15%)
Processed  1780000/ 2047149 entries, 86.95% (elapsed time 37853.5s, curr speed    0.049 kHz, avg speed    0.047 kHz), accepted     2631/ 1780001 events ( 0.15%)
Processed  1790000/ 2047149 entries, 87.44% (elapsed time 38054.3s, curr speed    0.050 kHz, avg speed    0.047 kHz), accepted     2649/ 1790001 events ( 0.15%)
Processed  1800000/ 2047149 entries, 87.93% (elapsed time 38256.6s, curr speed    0.049 kHz, avg speed    0.047 kHz), accepted     2658/ 1800001 events ( 0.15%)
ZtoMM trigger inconsistency
Processed  1810000/ 2047149 entries, 88.42% (elapsed time 38457.7s, curr speed    0.050 kHz, avg speed    0.047 kHz), accepted     2670/ 1810001 events ( 0.15%)
TtoEM trigger inconsistency
Processed  1820000/ 2047149 entries, 88.90% (elapsed time 38651.8s, curr speed    0.052 kHz, avg speed    0.047 kHz), accepted     2690/ 1820001 events ( 0.15%)
Processed  1830000/ 2047149 entries, 89.39% (elapsed time 38851.6s, curr speed    0.050 kHz, avg speed    0.047 kHz), accepted     2708/ 1830001 events ( 0.15%)
Processed  1840000/ 2047149 entries, 89.88% (elapsed time 39046.6s, curr speed    0.051 kHz, avg speed    0.047 kHz), accepted     2720/ 1840001 events ( 0.15%)
Processed  1850000/ 2047149 entries, 90.37% (elapsed time 39239.1s, curr speed    0.052 kHz, avg speed    0.047 kHz), accepted     2743/ 1850001 events ( 0.15%)
ZtoMM trigger inconsistency
Processed  1860000/ 2047149 entries, 90.86% (elapsed time 39432.5s, curr speed    0.052 kHz, avg speed    0.047 kHz), accepted     2759/ 1860001 events ( 0.15%)
TtoEM trigger inconsistency
ZtoMM trigger inconsistency
Processed  1870000/ 2047149 entries, 91.35% (elapsed time 39633.2s, curr speed    0.050 kHz, avg speed    0.047 kHz), accepted     2778/ 1870001 events ( 0.15%)
ZtoMM trigger inconsistency
ZtoMM trigger inconsistency
Processed  1880000/ 2047149 entries, 91.84% (elapsed time 39832.6s, curr speed    0.050 kHz, avg speed    0.047 kHz), accepted     2788/ 1880001 events ( 0.15%)
Processed  1890000/ 2047149 entries, 92.32% (elapsed time 40031.5s, curr speed    0.050 kHz, avg speed    0.047 kHz), accepted     2807/ 1890001 events ( 0.15%)
Processed  1900000/ 2047149 entries, 92.81% (elapsed time 40229.3s, curr speed    0.051 kHz, avg speed    0.047 kHz), accepted     2827/ 1900001 events ( 0.15%)
Processed  1910000/ 2047149 entries, 93.30% (elapsed time 40429.2s, curr speed    0.050 kHz, avg speed    0.047 kHz), accepted     2841/ 1910001 events ( 0.15%)
Processed  1920000/ 2047149 entries, 93.79% (elapsed time 40605.3s, curr speed    0.057 kHz, avg speed    0.047 kHz), accepted     2854/ 1920001 events ( 0.15%)
Processed  1930000/ 2047149 entries, 94.28% (elapsed time 40785.6s, curr speed    0.055 kHz, avg speed    0.047 kHz), accepted     2867/ 1930001 events ( 0.15%)
ZtoMM trigger inconsistency
Processed  1940000/ 2047149 entries, 94.77% (elapsed time 40962.4s, curr speed    0.057 kHz, avg speed    0.047 kHz), accepted     2887/ 1940001 events ( 0.15%)
Processed  1950000/ 2047149 entries, 95.25% (elapsed time 41140.5s, curr speed    0.056 kHz, avg speed    0.047 kHz), accepted     2903/ 1950001 events ( 0.15%)
TtoEM trigger inconsistency
Processed  1960000/ 2047149 entries, 95.74% (elapsed time 41316.9s, curr speed    0.057 kHz, avg speed    0.047 kHz), accepted     2923/ 1960001 events ( 0.15%)
Processed  1970000/ 2047149 entries, 96.23% (elapsed time 41488.0s, curr speed    0.058 kHz, avg speed    0.047 kHz), accepted     2942/ 1970001 events ( 0.15%)
Processed  1980000/ 2047149 entries, 96.72% (elapsed time 41662.2s, curr speed    0.057 kHz, avg speed    0.048 kHz), accepted     2966/ 1980001 events ( 0.15%)
ZtoMM trigger inconsistency
Processed  1990000/ 2047149 entries, 97.21% (elapsed time 41832.7s, curr speed    0.059 kHz, avg speed    0.048 kHz), accepted     2983/ 1990001 events ( 0.15%)
%MSG-e SimpleJetCorrectionUncertainty: 
 bin variables out of range
%MSG
%MSG-e SimpleJetCorrectionUncertainty: 
 bin variables out of range
%MSG
Processed  2000000/ 2047149 entries, 97.70% (elapsed time 42004.8s, curr speed    0.058 kHz, avg speed    0.048 kHz), accepted     2994/ 2000001 events ( 0.15%)
TtoEM trigger inconsistency
Processed  2010000/ 2047149 entries, 98.19% (elapsed time 42179.9s, curr speed    0.057 kHz, avg speed    0.048 kHz), accepted     3013/ 2010001 events ( 0.15%)
TtoEM trigger inconsistency
Processed  2020000/ 2047149 entries, 98.67% (elapsed time 42354.5s, curr speed    0.057 kHz, avg speed    0.048 kHz), accepted     3031/ 2020001 events ( 0.15%)
Processed  2030000/ 2047149 entries, 99.16% (elapsed time 42531.9s, curr speed    0.056 kHz, avg speed    0.048 kHz), accepted     3050/ 2030001 events ( 0.15%)
ZtoEE trigger inconsistency
Processed  2040000/ 2047149 entries, 99.65% (elapsed time 42704.6s, curr speed    0.058 kHz, avg speed    0.048 kHz), accepted     3061/ 2040001 events ( 0.15%)
Processed 2047149 preselected entries from root://cms-xrd-global.cern.ch//store/mc/RunIISummer16NanoAODv6/ZZTo4L_13TeV_powheg_pythia8_ext1/NANOAODSIM/PUMoriond17_Nano25Oct2019_102X_mcRun2_asymptotic_v7-v1/270000/C97FAB6D-A15D-734D-AF13-464EB44DACFB.root (2047149 entries). Finally selected 3079 entries
Done /work/pbaertsc/heavy_resonance/output_2016/ZZTo4L_13TeV_powheg_pythia8_ext1__RunIISummer16NanoAODv6-PUMoriond17_Nano25Oct2019_102X_mcRun2_asymptotic_v7-v1__NANOAODSIM/C97FAB6D-A15D-734D-AF13-464EB44DACFB.root
47.7549683597 Hz
deleting root file with name: /work/pbaertsc/heavy_resonance/output_2016/ZZTo4L_13TeV_powheg_pythia8_ext1__RunIISummer16NanoAODv6-PUMoriond17_Nano25Oct2019_102X_mcRun2_asymptotic_v7-v1__NANOAODSIM/C97FAB6D-A15D-734D-AF13-464EB44DACFB.root
DONE
Complete at
Wed Jan 29 11:39:40 CET 2020
