job start at
Tue Jan 28 22:01:39 CET 2020
SLURM_JOB_ID: 422405
HOSTNAME: t3wn48
JOBLIST:joblist/joblist_ZZTo4L_13TeV_powheg_pythia8__RunIISummer16NanoAODv6-PUMoriond17_Nano25Oct2019_102X_mcRun2_asymptotic_v7-v1__NANOAODSIM_ll.txt
Going to execute
python job.py -i root://cms-xrd-global.cern.ch//store/mc/RunIISummer16NanoAODv6/ZZTo4L_13TeV_powheg_pythia8/NANOAODSIM/PUMoriond17_Nano25Oct2019_102X_mcRun2_asymptotic_v7-v1/270000/5ABA60D9-BB01-1947-A123-DE9B4A44A6BC.root -o /work/pbaertsc/heavy_resonance/output_2016/ZZTo4L_13TeV_powheg_pythia8__RunIISummer16NanoAODv6-PUMoriond17_Nano25Oct2019_102X_mcRun2_asymptotic_v7-v1__NANOAODSIM -N ZZTo4L_13TeV_powheg_pythia8__RunIISummer16NanoAODv6-PUMoriond17_Nano25Oct2019_102X_mcRun2_asymptotic_v7-v1__NANOAODSIM -n 0 -c ll -y 2016
TClass::Init:0: RuntimeWarning: no dictionary for class ROOT::TIOFeatures is available
/work/pbaertsc/heavy_resonance/CMSSW_9_4_6/python/PhysicsTools/NanoAODTools/postprocessing/framework/treeReaderArrayTools.py:69: RuntimeWarning: creating executor for unknown type "ULong64_t*"
  ret = _vr.Get()[0]
JEC= Summer16_07Aug2017_V11_MC 	 JER= Summer16_25nsV1_MC
MET branch= PuppiMET
JEC= Summer16_07Aug2017_V11_MC 	 JER= Summer16_25nsV1_MC
MET branch= PuppiMET
--------------------------------------------------------------------------------
input files  = ['root://cms-xrd-global.cern.ch//store/mc/RunIISummer16NanoAODv6/ZZTo4L_13TeV_powheg_pythia8/NANOAODSIM/PUMoriond17_Nano25Oct2019_102X_mcRun2_asymptotic_v7-v1/270000/5ABA60D9-BB01-1947-A123-DE9B4A44A6BC.root']
output directory = /work/pbaertsc/heavy_resonance/output_2016/ZZTo4L_13TeV_powheg_pythia8__RunIISummer16NanoAODv6-PUMoriond17_Nano25Oct2019_102X_mcRun2_asymptotic_v7-v1__NANOAODSIM
output file  = ZZTo4L_13TeV_powheg_pythia8__RunIISummer16NanoAODv6-PUMoriond17_Nano25Oct2019_102X_mcRun2_asymptotic_v7-v1__NANOAODSIM_0_ll.root
chunck       = 0
channel      = ll
dataType     = mc
year         = 2016
tes          = 1.0
ltf          = 1.0
jtf          = 1.0
--------------------------------------------------------------------------------
job.py: creating PostProcessor...
TreeProducer is called /work/pbaertsc/heavy_resonance/output_2016/ZZTo4L_13TeV_powheg_pythia8__RunIISummer16NanoAODv6-PUMoriond17_Nano25Oct2019_102X_mcRun2_asymptotic_v7-v1__NANOAODSIM/ZZTo4L_13TeV_powheg_pythia8__RunIISummer16NanoAODv6-PUMoriond17_Nano25Oct2019_102X_mcRun2_asymptotic_v7-v1__NANOAODSIM_0_ll.root
job.py: going to run PostProcessor...
Will write selected trees to /work/pbaertsc/heavy_resonance/output_2016/ZZTo4L_13TeV_powheg_pythia8__RunIISummer16NanoAODv6-PUMoriond17_Nano25Oct2019_102X_mcRun2_asymptotic_v7-v1__NANOAODSIM
Loading jet energy scale (JES) uncertainties from file '/tmp/tmpqNsS9t/Summer16_07Aug2017_V11_MC_Uncertainty_AK4PFchs.txt'
Loading jet energy resolutions (JER) from file '/tmp/tmpCcRXS5/Summer16_25nsV1_MC_PtResolution_AK4PFchs.txt'
Loading JER scale factors and uncertainties from file '/tmp/tmpCcRXS5/Summer16_25nsV1_MC_SF_AK4PFchs.txt'
Loading jet energy scale (JES) uncertainties from file '/tmp/tmpoOzxPP/Summer16_07Aug2017_V11_MC_Uncertainty_AK8PFPuppi.txt'
Loading jet energy resolutions (JER) from file '/tmp/tmpGo8oxl/Summer16_25nsV1_MC_PtResolution_AK8PFPuppi.txt'
Loading JER scale factors and uncertainties from file '/tmp/tmpGo8oxl/Summer16_25nsV1_MC_SF_AK8PFPuppi.txt'
Pre-select 1206552 entries out of 1206552 (100.00%)
nanoAODv5? True
TtoEM trigger inconsistency
ZtoMM trigger inconsistency
Processed    10000/ 1206552 entries,  0.83% (elapsed time   224.5s, curr speed    0.045 kHz, avg speed    0.045 kHz), accepted       17/   10001 events ( 0.17%)
ZtoMM trigger inconsistency
Processed    20000/ 1206552 entries,  1.66% (elapsed time   439.1s, curr speed    0.047 kHz, avg speed    0.046 kHz), accepted       31/   20001 events ( 0.15%)
ZtoMM trigger inconsistency
Processed    30000/ 1206552 entries,  2.49% (elapsed time   654.6s, curr speed    0.046 kHz, avg speed    0.046 kHz), accepted       48/   30001 events ( 0.16%)
Processed    40000/ 1206552 entries,  3.32% (elapsed time   876.8s, curr speed    0.045 kHz, avg speed    0.046 kHz), accepted       60/   40001 events ( 0.15%)
Processed    50000/ 1206552 entries,  4.14% (elapsed time  1089.5s, curr speed    0.047 kHz, avg speed    0.046 kHz), accepted       82/   50001 events ( 0.16%)
Processed    60000/ 1206552 entries,  4.97% (elapsed time  1309.7s, curr speed    0.045 kHz, avg speed    0.046 kHz), accepted       92/   60001 events ( 0.15%)
ZtoMM trigger inconsistency
Processed    70000/ 1206552 entries,  5.80% (elapsed time  1516.5s, curr speed    0.048 kHz, avg speed    0.046 kHz), accepted      108/   70001 events ( 0.15%)
Processed    80000/ 1206552 entries,  6.63% (elapsed time  1725.9s, curr speed    0.048 kHz, avg speed    0.046 kHz), accepted      120/   80001 events ( 0.15%)
ZtoMM trigger inconsistency
Processed    90000/ 1206552 entries,  7.46% (elapsed time  1932.9s, curr speed    0.048 kHz, avg speed    0.047 kHz), accepted      135/   90001 events ( 0.15%)
ZtoMM trigger inconsistency
Processed   100000/ 1206552 entries,  8.29% (elapsed time  2133.2s, curr speed    0.050 kHz, avg speed    0.047 kHz), accepted      154/  100001 events ( 0.15%)
TtoEM trigger inconsistency
TtoEM trigger inconsistency
Processed   110000/ 1206552 entries,  9.12% (elapsed time  2334.6s, curr speed    0.050 kHz, avg speed    0.047 kHz), accepted      168/  110001 events ( 0.15%)
Processed   120000/ 1206552 entries,  9.95% (elapsed time  2539.0s, curr speed    0.049 kHz, avg speed    0.047 kHz), accepted      185/  120001 events ( 0.15%)
Processed   130000/ 1206552 entries, 10.77% (elapsed time  2748.1s, curr speed    0.048 kHz, avg speed    0.047 kHz), accepted      199/  130001 events ( 0.15%)
TtoEM trigger inconsistency
Processed   140000/ 1206552 entries, 11.60% (elapsed time  2956.8s, curr speed    0.048 kHz, avg speed    0.047 kHz), accepted      215/  140001 events ( 0.15%)
%MSG-e SimpleJetCorrectionUncertainty: 
 bin variables out of range
%MSG
%MSG-e SimpleJetCorrectionUncertainty: 
 bin variables out of range
%MSG
Processed   150000/ 1206552 entries, 12.43% (elapsed time  3164.9s, curr speed    0.048 kHz, avg speed    0.047 kHz), accepted      228/  150001 events ( 0.15%)
Processed   160000/ 1206552 entries, 13.26% (elapsed time  3369.3s, curr speed    0.049 kHz, avg speed    0.047 kHz), accepted      244/  160001 events ( 0.15%)
Processed   170000/ 1206552 entries, 14.09% (elapsed time  3573.8s, curr speed    0.049 kHz, avg speed    0.048 kHz), accepted      258/  170001 events ( 0.15%)
Processed   180000/ 1206552 entries, 14.92% (elapsed time  3780.1s, curr speed    0.048 kHz, avg speed    0.048 kHz), accepted      274/  180001 events ( 0.15%)
ZtoEE trigger inconsistency
Processed   190000/ 1206552 entries, 15.75% (elapsed time  3980.8s, curr speed    0.050 kHz, avg speed    0.048 kHz), accepted      287/  190001 events ( 0.15%)
ZtoMM trigger inconsistency
ZtoEE trigger inconsistency
ZtoMM trigger inconsistency
Processed   200000/ 1206552 entries, 16.58% (elapsed time  4179.8s, curr speed    0.050 kHz, avg speed    0.048 kHz), accepted      297/  200001 events ( 0.15%)
Processed   210000/ 1206552 entries, 17.40% (elapsed time  4383.9s, curr speed    0.049 kHz, avg speed    0.048 kHz), accepted      316/  210001 events ( 0.15%)
ZtoMM trigger inconsistency
Processed   220000/ 1206552 entries, 18.23% (elapsed time  4591.2s, curr speed    0.048 kHz, avg speed    0.048 kHz), accepted      332/  220001 events ( 0.15%)
Processed   230000/ 1206552 entries, 19.06% (elapsed time  4797.8s, curr speed    0.048 kHz, avg speed    0.048 kHz), accepted      345/  230001 events ( 0.15%)
Processed   240000/ 1206552 entries, 19.89% (elapsed time  4999.6s, curr speed    0.050 kHz, avg speed    0.048 kHz), accepted      362/  240001 events ( 0.15%)
TtoEM trigger inconsistency
Processed   250000/ 1206552 entries, 20.72% (elapsed time  5200.9s, curr speed    0.050 kHz, avg speed    0.048 kHz), accepted      372/  250001 events ( 0.15%)
ZtoEE trigger inconsistency
ZtoMM trigger inconsistency
Processed   260000/ 1206552 entries, 21.55% (elapsed time  5399.5s, curr speed    0.050 kHz, avg speed    0.048 kHz), accepted      389/  260001 events ( 0.15%)
Processed   270000/ 1206552 entries, 22.38% (elapsed time  5606.4s, curr speed    0.048 kHz, avg speed    0.048 kHz), accepted      406/  270001 events ( 0.15%)
ZtoMM trigger inconsistency
Processed   280000/ 1206552 entries, 23.21% (elapsed time  5807.5s, curr speed    0.050 kHz, avg speed    0.048 kHz), accepted      417/  280001 events ( 0.15%)
Processed   290000/ 1206552 entries, 24.04% (elapsed time  6019.3s, curr speed    0.047 kHz, avg speed    0.048 kHz), accepted      433/  290001 events ( 0.15%)
ZtoMM trigger inconsistency
%MSG-e SimpleJetCorrectionUncertainty: 
 bin variables out of range
%MSG
%MSG-e SimpleJetCorrectionUncertainty: 
 bin variables out of range
%MSG
Processed   300000/ 1206552 entries, 24.86% (elapsed time  6224.5s, curr speed    0.049 kHz, avg speed    0.048 kHz), accepted      446/  300001 events ( 0.15%)
Processed   310000/ 1206552 entries, 25.69% (elapsed time  6429.7s, curr speed    0.049 kHz, avg speed    0.048 kHz), accepted      456/  310001 events ( 0.15%)
ZtoMM trigger inconsistency
Processed   320000/ 1206552 entries, 26.52% (elapsed time  6631.2s, curr speed    0.050 kHz, avg speed    0.048 kHz), accepted      471/  320001 events ( 0.15%)
TtoEM trigger inconsistency
Processed   330000/ 1206552 entries, 27.35% (elapsed time  6831.7s, curr speed    0.050 kHz, avg speed    0.048 kHz), accepted      482/  330001 events ( 0.15%)
Processed   340000/ 1206552 entries, 28.18% (elapsed time  7027.5s, curr speed    0.051 kHz, avg speed    0.048 kHz), accepted      501/  340001 events ( 0.15%)
ZtoMM trigger inconsistency
Processed   350000/ 1206552 entries, 29.01% (elapsed time  7228.8s, curr speed    0.050 kHz, avg speed    0.048 kHz), accepted      510/  350001 events ( 0.15%)
ZtoMM trigger inconsistency
ZtoMM trigger inconsistency
Processed   360000/ 1206552 entries, 29.84% (elapsed time  7440.0s, curr speed    0.047 kHz, avg speed    0.048 kHz), accepted      523/  360001 events ( 0.15%)
ZtoMM trigger inconsistency
Processed   370000/ 1206552 entries, 30.67% (elapsed time  7646.4s, curr speed    0.048 kHz, avg speed    0.048 kHz), accepted      539/  370001 events ( 0.15%)
TtoEM trigger inconsistency
Processed   380000/ 1206552 entries, 31.49% (elapsed time  7852.5s, curr speed    0.049 kHz, avg speed    0.048 kHz), accepted      554/  380001 events ( 0.15%)
Processed   390000/ 1206552 entries, 32.32% (elapsed time  8053.3s, curr speed    0.050 kHz, avg speed    0.048 kHz), accepted      566/  390001 events ( 0.15%)
Processed   400000/ 1206552 entries, 33.15% (elapsed time  8255.7s, curr speed    0.049 kHz, avg speed    0.048 kHz), accepted      584/  400001 events ( 0.15%)
TtoEM trigger inconsistency
Processed   410000/ 1206552 entries, 33.98% (elapsed time  8457.0s, curr speed    0.050 kHz, avg speed    0.048 kHz), accepted      601/  410001 events ( 0.15%)
ZtoMM trigger inconsistency
Processed   420000/ 1206552 entries, 34.81% (elapsed time  8661.6s, curr speed    0.049 kHz, avg speed    0.048 kHz), accepted      620/  420001 events ( 0.15%)
TtoEM trigger inconsistency
Processed   430000/ 1206552 entries, 35.64% (elapsed time  8866.7s, curr speed    0.049 kHz, avg speed    0.048 kHz), accepted      637/  430001 events ( 0.15%)
Processed   440000/ 1206552 entries, 36.47% (elapsed time  9078.3s, curr speed    0.047 kHz, avg speed    0.048 kHz), accepted      651/  440001 events ( 0.15%)
Processed   450000/ 1206552 entries, 37.30% (elapsed time  9283.0s, curr speed    0.049 kHz, avg speed    0.048 kHz), accepted      664/  450001 events ( 0.15%)
ZtoMM trigger inconsistency
Processed   460000/ 1206552 entries, 38.13% (elapsed time  9492.2s, curr speed    0.048 kHz, avg speed    0.048 kHz), accepted      679/  460001 events ( 0.15%)
Processed   470000/ 1206552 entries, 38.95% (elapsed time  9692.3s, curr speed    0.050 kHz, avg speed    0.048 kHz), accepted      697/  470001 events ( 0.15%)
Processed   480000/ 1206552 entries, 39.78% (elapsed time  9892.9s, curr speed    0.050 kHz, avg speed    0.049 kHz), accepted      710/  480001 events ( 0.15%)
Processed   490000/ 1206552 entries, 40.61% (elapsed time 10099.9s, curr speed    0.048 kHz, avg speed    0.049 kHz), accepted      730/  490001 events ( 0.15%)
Processed   500000/ 1206552 entries, 41.44% (elapsed time 10298.5s, curr speed    0.050 kHz, avg speed    0.049 kHz), accepted      745/  500001 events ( 0.15%)
Processed   510000/ 1206552 entries, 42.27% (elapsed time 10509.9s, curr speed    0.047 kHz, avg speed    0.049 kHz), accepted      757/  510001 events ( 0.15%)
Processed   520000/ 1206552 entries, 43.10% (elapsed time 10716.1s, curr speed    0.049 kHz, avg speed    0.049 kHz), accepted      775/  520001 events ( 0.15%)
TtoEM trigger inconsistency
ZtoMM trigger inconsistency
Processed   530000/ 1206552 entries, 43.93% (elapsed time 10916.6s, curr speed    0.050 kHz, avg speed    0.049 kHz), accepted      789/  530001 events ( 0.15%)
Processed   540000/ 1206552 entries, 44.76% (elapsed time 11114.0s, curr speed    0.051 kHz, avg speed    0.049 kHz), accepted      806/  540001 events ( 0.15%)
Processed   550000/ 1206552 entries, 45.58% (elapsed time 11318.5s, curr speed    0.049 kHz, avg speed    0.049 kHz), accepted      817/  550001 events ( 0.15%)
ZtoMM trigger inconsistency
Processed   560000/ 1206552 entries, 46.41% (elapsed time 11519.6s, curr speed    0.050 kHz, avg speed    0.049 kHz), accepted      829/  560001 events ( 0.15%)
Processed   570000/ 1206552 entries, 47.24% (elapsed time 11713.0s, curr speed    0.052 kHz, avg speed    0.049 kHz), accepted      842/  570001 events ( 0.15%)
ZtoMM trigger inconsistency
Processed   580000/ 1206552 entries, 48.07% (elapsed time 11906.3s, curr speed    0.052 kHz, avg speed    0.049 kHz), accepted      862/  580001 events ( 0.15%)
Processed   590000/ 1206552 entries, 48.90% (elapsed time 12103.8s, curr speed    0.051 kHz, avg speed    0.049 kHz), accepted      878/  590001 events ( 0.15%)
Processed   600000/ 1206552 entries, 49.73% (elapsed time 12307.5s, curr speed    0.049 kHz, avg speed    0.049 kHz), accepted      889/  600001 events ( 0.15%)
ZtoMM trigger inconsistency
ZtoMM trigger inconsistency
Processed   610000/ 1206552 entries, 50.56% (elapsed time 12513.3s, curr speed    0.049 kHz, avg speed    0.049 kHz), accepted      904/  610001 events ( 0.15%)
ZtoMM trigger inconsistency
Processed   620000/ 1206552 entries, 51.39% (elapsed time 12715.0s, curr speed    0.050 kHz, avg speed    0.049 kHz), accepted      920/  620001 events ( 0.15%)
ZtoMM trigger inconsistency
Processed   630000/ 1206552 entries, 52.21% (elapsed time 12914.4s, curr speed    0.050 kHz, avg speed    0.049 kHz), accepted      931/  630001 events ( 0.15%)
Processed   640000/ 1206552 entries, 53.04% (elapsed time 13110.7s, curr speed    0.051 kHz, avg speed    0.049 kHz), accepted      944/  640001 events ( 0.15%)
Processed   650000/ 1206552 entries, 53.87% (elapsed time 13302.3s, curr speed    0.052 kHz, avg speed    0.049 kHz), accepted      965/  650001 events ( 0.15%)
Processed   660000/ 1206552 entries, 54.70% (elapsed time 13483.3s, curr speed    0.055 kHz, avg speed    0.049 kHz), accepted      986/  660001 events ( 0.15%)
ZtoMM trigger inconsistency
Processed   670000/ 1206552 entries, 55.53% (elapsed time 13667.8s, curr speed    0.054 kHz, avg speed    0.049 kHz), accepted      999/  670001 events ( 0.15%)
Processed   680000/ 1206552 entries, 56.36% (elapsed time 13863.7s, curr speed    0.051 kHz, avg speed    0.049 kHz), accepted     1011/  680001 events ( 0.15%)
Processed   690000/ 1206552 entries, 57.19% (elapsed time 14062.3s, curr speed    0.050 kHz, avg speed    0.049 kHz), accepted     1026/  690001 events ( 0.15%)
ZtoMM trigger inconsistency
Processed   700000/ 1206552 entries, 58.02% (elapsed time 14260.5s, curr speed    0.050 kHz, avg speed    0.049 kHz), accepted     1042/  700001 events ( 0.15%)
Processed   710000/ 1206552 entries, 58.85% (elapsed time 14463.0s, curr speed    0.049 kHz, avg speed    0.049 kHz), accepted     1061/  710001 events ( 0.15%)
ZtoEE trigger inconsistency
Processed   720000/ 1206552 entries, 59.67% (elapsed time 14659.6s, curr speed    0.051 kHz, avg speed    0.049 kHz), accepted     1082/  720001 events ( 0.15%)
ZtoMM trigger inconsistency
Processed   730000/ 1206552 entries, 60.50% (elapsed time 14847.4s, curr speed    0.053 kHz, avg speed    0.049 kHz), accepted     1098/  730001 events ( 0.15%)
ZtoMM trigger inconsistency
Processed   740000/ 1206552 entries, 61.33% (elapsed time 15055.0s, curr speed    0.048 kHz, avg speed    0.049 kHz), accepted     1110/  740001 events ( 0.15%)
TtoEM trigger inconsistency
Processed   750000/ 1206552 entries, 62.16% (elapsed time 15246.0s, curr speed    0.052 kHz, avg speed    0.049 kHz), accepted     1124/  750001 events ( 0.15%)
ZtoMM trigger inconsistency
Processed   760000/ 1206552 entries, 62.99% (elapsed time 15442.0s, curr speed    0.051 kHz, avg speed    0.049 kHz), accepted     1140/  760001 events ( 0.15%)
ZtoMM trigger inconsistency
ZtoMM trigger inconsistency
Processed   770000/ 1206552 entries, 63.82% (elapsed time 15635.3s, curr speed    0.052 kHz, avg speed    0.049 kHz), accepted     1155/  770001 events ( 0.15%)
Processed   780000/ 1206552 entries, 64.65% (elapsed time 15828.7s, curr speed    0.052 kHz, avg speed    0.049 kHz), accepted     1166/  780001 events ( 0.15%)
Processed   790000/ 1206552 entries, 65.48% (elapsed time 16021.8s, curr speed    0.052 kHz, avg speed    0.049 kHz), accepted     1185/  790001 events ( 0.15%)
ZtoMM trigger inconsistency
Processed   800000/ 1206552 entries, 66.30% (elapsed time 16216.9s, curr speed    0.051 kHz, avg speed    0.049 kHz), accepted     1197/  800001 events ( 0.15%)
Processed   810000/ 1206552 entries, 67.13% (elapsed time 16421.5s, curr speed    0.049 kHz, avg speed    0.049 kHz), accepted     1214/  810001 events ( 0.15%)
Processed   820000/ 1206552 entries, 67.96% (elapsed time 16612.9s, curr speed    0.052 kHz, avg speed    0.049 kHz), accepted     1239/  820001 events ( 0.15%)
ZtoEE trigger inconsistency
Processed   830000/ 1206552 entries, 68.79% (elapsed time 16804.9s, curr speed    0.052 kHz, avg speed    0.049 kHz), accepted     1253/  830001 events ( 0.15%)
Processed   840000/ 1206552 entries, 69.62% (elapsed time 16999.9s, curr speed    0.051 kHz, avg speed    0.049 kHz), accepted     1267/  840001 events ( 0.15%)
Processed   850000/ 1206552 entries, 70.45% (elapsed time 17198.7s, curr speed    0.050 kHz, avg speed    0.049 kHz), accepted     1290/  850001 events ( 0.15%)
ZtoMM trigger inconsistency
Processed   860000/ 1206552 entries, 71.28% (elapsed time 17392.2s, curr speed    0.052 kHz, avg speed    0.049 kHz), accepted     1304/  860001 events ( 0.15%)
ZtoMM trigger inconsistency
Processed   870000/ 1206552 entries, 72.11% (elapsed time 17590.8s, curr speed    0.050 kHz, avg speed    0.049 kHz), accepted     1319/  870001 events ( 0.15%)
Processed   880000/ 1206552 entries, 72.94% (elapsed time 17789.7s, curr speed    0.050 kHz, avg speed    0.049 kHz), accepted     1337/  880001 events ( 0.15%)
ZtoEE trigger inconsistency
Processed   890000/ 1206552 entries, 73.76% (elapsed time 17985.3s, curr speed    0.051 kHz, avg speed    0.049 kHz), accepted     1360/  890001 events ( 0.15%)
Processed   900000/ 1206552 entries, 74.59% (elapsed time 18182.5s, curr speed    0.051 kHz, avg speed    0.049 kHz), accepted     1378/  900001 events ( 0.15%)
Processed   910000/ 1206552 entries, 75.42% (elapsed time 18380.5s, curr speed    0.050 kHz, avg speed    0.050 kHz), accepted     1389/  910001 events ( 0.15%)
ZtoMM trigger inconsistency
Processed   920000/ 1206552 entries, 76.25% (elapsed time 18575.3s, curr speed    0.051 kHz, avg speed    0.050 kHz), accepted     1409/  920001 events ( 0.15%)
ZtoMM trigger inconsistency
ZtoMM trigger inconsistency
Processed   930000/ 1206552 entries, 77.08% (elapsed time 18767.8s, curr speed    0.052 kHz, avg speed    0.050 kHz), accepted     1424/  930001 events ( 0.15%)
Processed   940000/ 1206552 entries, 77.91% (elapsed time 18961.2s, curr speed    0.052 kHz, avg speed    0.050 kHz), accepted     1435/  940001 events ( 0.15%)
Processed   950000/ 1206552 entries, 78.74% (elapsed time 19160.4s, curr speed    0.050 kHz, avg speed    0.050 kHz), accepted     1456/  950001 events ( 0.15%)
Processed   960000/ 1206552 entries, 79.57% (elapsed time 19357.7s, curr speed    0.051 kHz, avg speed    0.050 kHz), accepted     1471/  960001 events ( 0.15%)
ZtoMM trigger inconsistency
Processed   970000/ 1206552 entries, 80.39% (elapsed time 19556.4s, curr speed    0.050 kHz, avg speed    0.050 kHz), accepted     1480/  970001 events ( 0.15%)
Processed   980000/ 1206552 entries, 81.22% (elapsed time 19755.4s, curr speed    0.050 kHz, avg speed    0.050 kHz), accepted     1492/  980001 events ( 0.15%)
ZtoMM trigger inconsistency
ZtoMM trigger inconsistency
Processed   990000/ 1206552 entries, 82.05% (elapsed time 19955.7s, curr speed    0.050 kHz, avg speed    0.050 kHz), accepted     1504/  990001 events ( 0.15%)
ZtoMM trigger inconsistency
Processed  1000000/ 1206552 entries, 82.88% (elapsed time 20154.1s, curr speed    0.050 kHz, avg speed    0.050 kHz), accepted     1529/ 1000001 events ( 0.15%)
Processed  1010000/ 1206552 entries, 83.71% (elapsed time 20351.1s, curr speed    0.051 kHz, avg speed    0.050 kHz), accepted     1542/ 1010001 events ( 0.15%)
Processed  1020000/ 1206552 entries, 84.54% (elapsed time 20545.7s, curr speed    0.051 kHz, avg speed    0.050 kHz), accepted     1555/ 1020001 events ( 0.15%)
ZtoMM trigger inconsistency
Processed  1030000/ 1206552 entries, 85.37% (elapsed time 20740.6s, curr speed    0.051 kHz, avg speed    0.050 kHz), accepted     1575/ 1030001 events ( 0.15%)
ZtoEE trigger inconsistency
ZtoMM trigger inconsistency
Processed  1040000/ 1206552 entries, 86.20% (elapsed time 20941.2s, curr speed    0.050 kHz, avg speed    0.050 kHz), accepted     1587/ 1040001 events ( 0.15%)
Processed  1050000/ 1206552 entries, 87.02% (elapsed time 21137.6s, curr speed    0.051 kHz, avg speed    0.050 kHz), accepted     1604/ 1050001 events ( 0.15%)
ZtoMM trigger inconsistency
Processed  1060000/ 1206552 entries, 87.85% (elapsed time 21343.9s, curr speed    0.048 kHz, avg speed    0.050 kHz), accepted     1624/ 1060001 events ( 0.15%)
Processed  1070000/ 1206552 entries, 88.68% (elapsed time 21537.4s, curr speed    0.052 kHz, avg speed    0.050 kHz), accepted     1637/ 1070001 events ( 0.15%)
ZtoMM trigger inconsistency
Processed  1080000/ 1206552 entries, 89.51% (elapsed time 21739.2s, curr speed    0.050 kHz, avg speed    0.050 kHz), accepted     1654/ 1080001 events ( 0.15%)
Processed  1090000/ 1206552 entries, 90.34% (elapsed time 21938.0s, curr speed    0.050 kHz, avg speed    0.050 kHz), accepted     1669/ 1090001 events ( 0.15%)
ZtoMM trigger inconsistency
Processed  1100000/ 1206552 entries, 91.17% (elapsed time 22135.6s, curr speed    0.051 kHz, avg speed    0.050 kHz), accepted     1690/ 1100001 events ( 0.15%)
Bad event
Processed  1110000/ 1206552 entries, 92.00% (elapsed time 22335.1s, curr speed    0.050 kHz, avg speed    0.050 kHz), accepted     1700/ 1110001 events ( 0.15%)
Processed  1120000/ 1206552 entries, 92.83% (elapsed time 22533.4s, curr speed    0.050 kHz, avg speed    0.050 kHz), accepted     1712/ 1120001 events ( 0.15%)
Processed  1130000/ 1206552 entries, 93.66% (elapsed time 22727.6s, curr speed    0.051 kHz, avg speed    0.050 kHz), accepted     1728/ 1130001 events ( 0.15%)
Processed  1140000/ 1206552 entries, 94.48% (elapsed time 22922.7s, curr speed    0.051 kHz, avg speed    0.050 kHz), accepted     1742/ 1140001 events ( 0.15%)
Processed  1150000/ 1206552 entries, 95.31% (elapsed time 23119.9s, curr speed    0.051 kHz, avg speed    0.050 kHz), accepted     1759/ 1150001 events ( 0.15%)
ZtoMM trigger inconsistency
Processed  1160000/ 1206552 entries, 96.14% (elapsed time 23317.8s, curr speed    0.051 kHz, avg speed    0.050 kHz), accepted     1779/ 1160001 events ( 0.15%)
ZtoMM trigger inconsistency
Processed  1170000/ 1206552 entries, 96.97% (elapsed time 23511.8s, curr speed    0.052 kHz, avg speed    0.050 kHz), accepted     1796/ 1170001 events ( 0.15%)
Processed  1180000/ 1206552 entries, 97.80% (elapsed time 23715.4s, curr speed    0.049 kHz, avg speed    0.050 kHz), accepted     1806/ 1180001 events ( 0.15%)
Processed  1190000/ 1206552 entries, 98.63% (elapsed time 23911.2s, curr speed    0.051 kHz, avg speed    0.050 kHz), accepted     1812/ 1190001 events ( 0.15%)
Processed  1200000/ 1206552 entries, 99.46% (elapsed time 24105.6s, curr speed    0.051 kHz, avg speed    0.050 kHz), accepted     1825/ 1200001 events ( 0.15%)
Processed 1206552 preselected entries from root://cms-xrd-global.cern.ch//store/mc/RunIISummer16NanoAODv6/ZZTo4L_13TeV_powheg_pythia8/NANOAODSIM/PUMoriond17_Nano25Oct2019_102X_mcRun2_asymptotic_v7-v1/270000/5ABA60D9-BB01-1947-A123-DE9B4A44A6BC.root (1206552 entries). Finally selected 1837 entries
Done /work/pbaertsc/heavy_resonance/output_2016/ZZTo4L_13TeV_powheg_pythia8__RunIISummer16NanoAODv6-PUMoriond17_Nano25Oct2019_102X_mcRun2_asymptotic_v7-v1__NANOAODSIM/5ABA60D9-BB01-1947-A123-DE9B4A44A6BC.root
49.7762742631 Hz
deleting root file with name: /work/pbaertsc/heavy_resonance/output_2016/ZZTo4L_13TeV_powheg_pythia8__RunIISummer16NanoAODv6-PUMoriond17_Nano25Oct2019_102X_mcRun2_asymptotic_v7-v1__NANOAODSIM/5ABA60D9-BB01-1947-A123-DE9B4A44A6BC.root
DONE
Complete at
Wed Jan 29 05:43:17 CET 2020
