job start at
Tue Jan 28 22:27:26 CET 2020
SLURM_JOB_ID: 422458
HOSTNAME: t3wn48
JOBLIST:joblist/joblist_ZZTo4L_13TeV_powheg_pythia8_ext1__RunIISummer16NanoAODv6-PUMoriond17_Nano25Oct2019_102X_mcRun2_asymptotic_v7-v1__NANOAODSIM_ll.txt
Going to execute
python job.py -i root://cms-xrd-global.cern.ch//store/mc/RunIISummer16NanoAODv6/ZZTo4L_13TeV_powheg_pythia8_ext1/NANOAODSIM/PUMoriond17_Nano25Oct2019_102X_mcRun2_asymptotic_v7-v1/70000/2F3BC887-DA89-DB4B-8F64-4895154109D9.root -o /work/pbaertsc/heavy_resonance/output_2016/ZZTo4L_13TeV_powheg_pythia8_ext1__RunIISummer16NanoAODv6-PUMoriond17_Nano25Oct2019_102X_mcRun2_asymptotic_v7-v1__NANOAODSIM -N ZZTo4L_13TeV_powheg_pythia8_ext1__RunIISummer16NanoAODv6-PUMoriond17_Nano25Oct2019_102X_mcRun2_asymptotic_v7-v1__NANOAODSIM -n 49 -c ll -y 2016
TClass::Init:0: RuntimeWarning: no dictionary for class ROOT::TIOFeatures is available
/work/pbaertsc/heavy_resonance/CMSSW_9_4_6/python/PhysicsTools/NanoAODTools/postprocessing/framework/treeReaderArrayTools.py:69: RuntimeWarning: creating executor for unknown type "ULong64_t*"
  ret = _vr.Get()[0]
JEC= Summer16_07Aug2017_V11_MC 	 JER= Summer16_25nsV1_MC
MET branch= PuppiMET
JEC= Summer16_07Aug2017_V11_MC 	 JER= Summer16_25nsV1_MC
MET branch= PuppiMET
--------------------------------------------------------------------------------
input files  = ['root://cms-xrd-global.cern.ch//store/mc/RunIISummer16NanoAODv6/ZZTo4L_13TeV_powheg_pythia8_ext1/NANOAODSIM/PUMoriond17_Nano25Oct2019_102X_mcRun2_asymptotic_v7-v1/70000/2F3BC887-DA89-DB4B-8F64-4895154109D9.root']
output directory = /work/pbaertsc/heavy_resonance/output_2016/ZZTo4L_13TeV_powheg_pythia8_ext1__RunIISummer16NanoAODv6-PUMoriond17_Nano25Oct2019_102X_mcRun2_asymptotic_v7-v1__NANOAODSIM
output file  = ZZTo4L_13TeV_powheg_pythia8_ext1__RunIISummer16NanoAODv6-PUMoriond17_Nano25Oct2019_102X_mcRun2_asymptotic_v7-v1__NANOAODSIM_49_ll.root
chunck       = 49
channel      = ll
dataType     = mc
year         = 2016
tes          = 1.0
ltf          = 1.0
jtf          = 1.0
--------------------------------------------------------------------------------
job.py: creating PostProcessor...
TreeProducer is called /work/pbaertsc/heavy_resonance/output_2016/ZZTo4L_13TeV_powheg_pythia8_ext1__RunIISummer16NanoAODv6-PUMoriond17_Nano25Oct2019_102X_mcRun2_asymptotic_v7-v1__NANOAODSIM/ZZTo4L_13TeV_powheg_pythia8_ext1__RunIISummer16NanoAODv6-PUMoriond17_Nano25Oct2019_102X_mcRun2_asymptotic_v7-v1__NANOAODSIM_49_ll.root
job.py: going to run PostProcessor...
Will write selected trees to /work/pbaertsc/heavy_resonance/output_2016/ZZTo4L_13TeV_powheg_pythia8_ext1__RunIISummer16NanoAODv6-PUMoriond17_Nano25Oct2019_102X_mcRun2_asymptotic_v7-v1__NANOAODSIM
Loading jet energy scale (JES) uncertainties from file '/tmp/tmpXGnp4k/Summer16_07Aug2017_V11_MC_Uncertainty_AK4PFchs.txt'
Loading jet energy resolutions (JER) from file '/tmp/tmpc6uM3N/Summer16_25nsV1_MC_PtResolution_AK4PFchs.txt'
Loading JER scale factors and uncertainties from file '/tmp/tmpc6uM3N/Summer16_25nsV1_MC_SF_AK4PFchs.txt'
Loading jet energy scale (JES) uncertainties from file '/tmp/tmpDpJbrF/Summer16_07Aug2017_V11_MC_Uncertainty_AK8PFPuppi.txt'
Loading jet energy resolutions (JER) from file '/tmp/tmp71lqQ0/Summer16_25nsV1_MC_PtResolution_AK8PFPuppi.txt'
Loading JER scale factors and uncertainties from file '/tmp/tmp71lqQ0/Summer16_25nsV1_MC_SF_AK8PFPuppi.txt'
Pre-select 1294387 entries out of 1294387 (100.00%)
nanoAODv5? True
Processed    10000/ 1294387 entries,  0.77% (elapsed time   234.6s, curr speed    0.043 kHz, avg speed    0.043 kHz), accepted        8/   10001 events ( 0.08%)
Processed    20000/ 1294387 entries,  1.55% (elapsed time   464.7s, curr speed    0.043 kHz, avg speed    0.043 kHz), accepted       17/   20001 events ( 0.08%)
Processed    30000/ 1294387 entries,  2.32% (elapsed time   691.3s, curr speed    0.044 kHz, avg speed    0.043 kHz), accepted       34/   30001 events ( 0.11%)
ZtoMM trigger inconsistency
Processed    40000/ 1294387 entries,  3.09% (elapsed time   920.2s, curr speed    0.044 kHz, avg speed    0.043 kHz), accepted       57/   40001 events ( 0.14%)
Processed    50000/ 1294387 entries,  3.86% (elapsed time  1148.7s, curr speed    0.044 kHz, avg speed    0.044 kHz), accepted       75/   50001 events ( 0.15%)
TtoEM trigger inconsistency
ZtoMM trigger inconsistency
Processed    60000/ 1294387 entries,  4.64% (elapsed time  1375.5s, curr speed    0.044 kHz, avg speed    0.044 kHz), accepted       90/   60001 events ( 0.15%)
TtoEM trigger inconsistency
Processed    70000/ 1294387 entries,  5.41% (elapsed time  1606.2s, curr speed    0.043 kHz, avg speed    0.044 kHz), accepted      101/   70001 events ( 0.14%)
TtoEM trigger inconsistency
Processed    80000/ 1294387 entries,  6.18% (elapsed time  1834.6s, curr speed    0.044 kHz, avg speed    0.044 kHz), accepted      113/   80001 events ( 0.14%)
ZtoMM trigger inconsistency
Processed    90000/ 1294387 entries,  6.95% (elapsed time  2067.0s, curr speed    0.043 kHz, avg speed    0.044 kHz), accepted      134/   90001 events ( 0.15%)
Processed   100000/ 1294387 entries,  7.73% (elapsed time  2294.6s, curr speed    0.044 kHz, avg speed    0.044 kHz), accepted      152/  100001 events ( 0.15%)
ZtoMM trigger inconsistency
Processed   110000/ 1294387 entries,  8.50% (elapsed time  2518.5s, curr speed    0.045 kHz, avg speed    0.044 kHz), accepted      162/  110001 events ( 0.15%)
Processed   120000/ 1294387 entries,  9.27% (elapsed time  2745.5s, curr speed    0.044 kHz, avg speed    0.044 kHz), accepted      176/  120001 events ( 0.15%)
ZtoEE trigger inconsistency
Processed   130000/ 1294387 entries, 10.04% (elapsed time  2971.2s, curr speed    0.044 kHz, avg speed    0.044 kHz), accepted      187/  130001 events ( 0.14%)
Processed   140000/ 1294387 entries, 10.82% (elapsed time  3194.3s, curr speed    0.045 kHz, avg speed    0.044 kHz), accepted      198/  140001 events ( 0.14%)
%MSG-e SimpleJetCorrectionUncertainty: 
 bin variables out of range
%MSG
%MSG-e SimpleJetCorrectionUncertainty: 
 bin variables out of range
%MSG
Processed   150000/ 1294387 entries, 11.59% (elapsed time  3422.9s, curr speed    0.044 kHz, avg speed    0.044 kHz), accepted      207/  150001 events ( 0.14%)
ZtoMM trigger inconsistency
Processed   160000/ 1294387 entries, 12.36% (elapsed time  3653.4s, curr speed    0.043 kHz, avg speed    0.044 kHz), accepted      223/  160001 events ( 0.14%)
ZtoMM trigger inconsistency
ZtoEE trigger inconsistency
Processed   170000/ 1294387 entries, 13.13% (elapsed time  3880.4s, curr speed    0.044 kHz, avg speed    0.044 kHz), accepted      237/  170001 events ( 0.14%)
TtoEM trigger inconsistency
Processed   180000/ 1294387 entries, 13.91% (elapsed time  4107.6s, curr speed    0.044 kHz, avg speed    0.044 kHz), accepted      248/  180001 events ( 0.14%)
ZtoMM trigger inconsistency
Processed   190000/ 1294387 entries, 14.68% (elapsed time  4336.0s, curr speed    0.044 kHz, avg speed    0.044 kHz), accepted      263/  190001 events ( 0.14%)
Processed   200000/ 1294387 entries, 15.45% (elapsed time  4565.2s, curr speed    0.044 kHz, avg speed    0.044 kHz), accepted      281/  200001 events ( 0.14%)
Processed   210000/ 1294387 entries, 16.22% (elapsed time  4793.5s, curr speed    0.044 kHz, avg speed    0.044 kHz), accepted      296/  210001 events ( 0.14%)
Processed   220000/ 1294387 entries, 17.00% (elapsed time  5019.8s, curr speed    0.044 kHz, avg speed    0.044 kHz), accepted      315/  220001 events ( 0.14%)
Processed   230000/ 1294387 entries, 17.77% (elapsed time  5250.5s, curr speed    0.043 kHz, avg speed    0.044 kHz), accepted      325/  230001 events ( 0.14%)
Processed   240000/ 1294387 entries, 18.54% (elapsed time  5480.4s, curr speed    0.043 kHz, avg speed    0.044 kHz), accepted      342/  240001 events ( 0.14%)
Processed   250000/ 1294387 entries, 19.31% (elapsed time  5705.6s, curr speed    0.044 kHz, avg speed    0.044 kHz), accepted      360/  250001 events ( 0.14%)
ZtoMM trigger inconsistency
ZtoMM trigger inconsistency
Processed   260000/ 1294387 entries, 20.09% (elapsed time  5933.8s, curr speed    0.044 kHz, avg speed    0.044 kHz), accepted      380/  260001 events ( 0.15%)
ZtoMM trigger inconsistency
Processed   270000/ 1294387 entries, 20.86% (elapsed time  6163.1s, curr speed    0.044 kHz, avg speed    0.044 kHz), accepted      401/  270001 events ( 0.15%)
Processed   280000/ 1294387 entries, 21.63% (elapsed time  6393.2s, curr speed    0.043 kHz, avg speed    0.044 kHz), accepted      414/  280001 events ( 0.15%)
Processed   290000/ 1294387 entries, 22.40% (elapsed time  6621.6s, curr speed    0.044 kHz, avg speed    0.044 kHz), accepted      434/  290001 events ( 0.15%)
ZtoMM trigger inconsistency
Processed   300000/ 1294387 entries, 23.18% (elapsed time  6848.4s, curr speed    0.044 kHz, avg speed    0.044 kHz), accepted      442/  300001 events ( 0.15%)
Processed   310000/ 1294387 entries, 23.95% (elapsed time  7074.3s, curr speed    0.044 kHz, avg speed    0.044 kHz), accepted      453/  310001 events ( 0.15%)
Processed   320000/ 1294387 entries, 24.72% (elapsed time  7299.5s, curr speed    0.044 kHz, avg speed    0.044 kHz), accepted      466/  320001 events ( 0.15%)
ZtoMM trigger inconsistency
Processed   330000/ 1294387 entries, 25.49% (elapsed time  7518.5s, curr speed    0.046 kHz, avg speed    0.044 kHz), accepted      481/  330001 events ( 0.15%)
ZtoMM trigger inconsistency
ZtoMM trigger inconsistency
Processed   340000/ 1294387 entries, 26.27% (elapsed time  7742.7s, curr speed    0.045 kHz, avg speed    0.044 kHz), accepted      496/  340001 events ( 0.15%)
TtoEM trigger inconsistency
Processed   350000/ 1294387 entries, 27.04% (elapsed time  7962.4s, curr speed    0.046 kHz, avg speed    0.044 kHz), accepted      519/  350001 events ( 0.15%)
ZtoMM trigger inconsistency
Processed   360000/ 1294387 entries, 27.81% (elapsed time  8180.8s, curr speed    0.046 kHz, avg speed    0.044 kHz), accepted      532/  360001 events ( 0.15%)
ZtoMM trigger inconsistency
Processed   370000/ 1294387 entries, 28.58% (elapsed time  8404.9s, curr speed    0.045 kHz, avg speed    0.044 kHz), accepted      543/  370001 events ( 0.15%)
ZtoEE trigger inconsistency
Processed   380000/ 1294387 entries, 29.36% (elapsed time  8621.2s, curr speed    0.046 kHz, avg speed    0.044 kHz), accepted      569/  380001 events ( 0.15%)
Processed   390000/ 1294387 entries, 30.13% (elapsed time  8843.2s, curr speed    0.045 kHz, avg speed    0.044 kHz), accepted      585/  390001 events ( 0.15%)
Processed   400000/ 1294387 entries, 30.90% (elapsed time  9060.1s, curr speed    0.046 kHz, avg speed    0.044 kHz), accepted      602/  400001 events ( 0.15%)
ZtoMM trigger inconsistency
ZtoMM trigger inconsistency
ZtoMM trigger inconsistency
ZtoMM trigger inconsistency
TtoEM trigger inconsistency
Processed   410000/ 1294387 entries, 31.68% (elapsed time  9280.1s, curr speed    0.045 kHz, avg speed    0.044 kHz), accepted      617/  410001 events ( 0.15%)
TtoEM trigger inconsistency
Processed   420000/ 1294387 entries, 32.45% (elapsed time  9503.9s, curr speed    0.045 kHz, avg speed    0.044 kHz), accepted      635/  420001 events ( 0.15%)
Processed   430000/ 1294387 entries, 33.22% (elapsed time  9721.2s, curr speed    0.046 kHz, avg speed    0.044 kHz), accepted      652/  430001 events ( 0.15%)
TtoEM trigger inconsistency
Processed   440000/ 1294387 entries, 33.99% (elapsed time  9944.7s, curr speed    0.045 kHz, avg speed    0.044 kHz), accepted      663/  440001 events ( 0.15%)
ZtoMM trigger inconsistency
Processed   450000/ 1294387 entries, 34.77% (elapsed time 10164.5s, curr speed    0.045 kHz, avg speed    0.044 kHz), accepted      679/  450001 events ( 0.15%)
ZtoMM trigger inconsistency
Processed   460000/ 1294387 entries, 35.54% (elapsed time 10386.0s, curr speed    0.045 kHz, avg speed    0.044 kHz), accepted      698/  460001 events ( 0.15%)
ZtoMM trigger inconsistency
Processed   470000/ 1294387 entries, 36.31% (elapsed time 10610.4s, curr speed    0.045 kHz, avg speed    0.044 kHz), accepted      713/  470001 events ( 0.15%)
Processed   480000/ 1294387 entries, 37.08% (elapsed time 10830.7s, curr speed    0.045 kHz, avg speed    0.044 kHz), accepted      728/  480001 events ( 0.15%)
Processed   490000/ 1294387 entries, 37.86% (elapsed time 11048.7s, curr speed    0.046 kHz, avg speed    0.044 kHz), accepted      745/  490001 events ( 0.15%)
Processed   500000/ 1294387 entries, 38.63% (elapsed time 11265.3s, curr speed    0.046 kHz, avg speed    0.044 kHz), accepted      756/  500001 events ( 0.15%)
Processed   510000/ 1294387 entries, 39.40% (elapsed time 11487.4s, curr speed    0.045 kHz, avg speed    0.044 kHz), accepted      774/  510001 events ( 0.15%)
ZtoMM trigger inconsistency
ZtoMM trigger inconsistency
Processed   520000/ 1294387 entries, 40.17% (elapsed time 11704.2s, curr speed    0.046 kHz, avg speed    0.044 kHz), accepted      786/  520001 events ( 0.15%)
Processed   530000/ 1294387 entries, 40.95% (elapsed time 11926.3s, curr speed    0.045 kHz, avg speed    0.044 kHz), accepted      810/  530001 events ( 0.15%)
Processed   540000/ 1294387 entries, 41.72% (elapsed time 12147.2s, curr speed    0.045 kHz, avg speed    0.044 kHz), accepted      824/  540001 events ( 0.15%)
Processed   550000/ 1294387 entries, 42.49% (elapsed time 12364.5s, curr speed    0.046 kHz, avg speed    0.044 kHz), accepted      836/  550001 events ( 0.15%)
Processed   560000/ 1294387 entries, 43.26% (elapsed time 12582.6s, curr speed    0.046 kHz, avg speed    0.045 kHz), accepted      851/  560001 events ( 0.15%)
ZtoMM trigger inconsistency
Processed   570000/ 1294387 entries, 44.04% (elapsed time 12804.6s, curr speed    0.045 kHz, avg speed    0.045 kHz), accepted      866/  570001 events ( 0.15%)
TtoEM trigger inconsistency
Processed   580000/ 1294387 entries, 44.81% (elapsed time 13026.1s, curr speed    0.045 kHz, avg speed    0.045 kHz), accepted      878/  580001 events ( 0.15%)
Processed   590000/ 1294387 entries, 45.58% (elapsed time 13243.5s, curr speed    0.046 kHz, avg speed    0.045 kHz), accepted      894/  590001 events ( 0.15%)
Processed   600000/ 1294387 entries, 46.35% (elapsed time 13464.3s, curr speed    0.045 kHz, avg speed    0.045 kHz), accepted      909/  600001 events ( 0.15%)
ZtoEE trigger inconsistency
Processed   610000/ 1294387 entries, 47.13% (elapsed time 13688.5s, curr speed    0.045 kHz, avg speed    0.045 kHz), accepted      919/  610001 events ( 0.15%)
Processed   620000/ 1294387 entries, 47.90% (elapsed time 13908.0s, curr speed    0.046 kHz, avg speed    0.045 kHz), accepted      932/  620001 events ( 0.15%)
Processed   630000/ 1294387 entries, 48.67% (elapsed time 14126.0s, curr speed    0.046 kHz, avg speed    0.045 kHz), accepted      942/  630001 events ( 0.15%)
Processed   640000/ 1294387 entries, 49.44% (elapsed time 14342.2s, curr speed    0.046 kHz, avg speed    0.045 kHz), accepted      964/  640001 events ( 0.15%)
ZtoEE trigger inconsistency
Processed   650000/ 1294387 entries, 50.22% (elapsed time 14556.2s, curr speed    0.047 kHz, avg speed    0.045 kHz), accepted      978/  650001 events ( 0.15%)
ZtoMM trigger inconsistency
Processed   660000/ 1294387 entries, 50.99% (elapsed time 14774.0s, curr speed    0.046 kHz, avg speed    0.045 kHz), accepted      989/  660001 events ( 0.15%)
Processed   670000/ 1294387 entries, 51.76% (elapsed time 14990.3s, curr speed    0.046 kHz, avg speed    0.045 kHz), accepted     1008/  670001 events ( 0.15%)
TtoEM trigger inconsistency
Processed   680000/ 1294387 entries, 52.53% (elapsed time 15204.0s, curr speed    0.047 kHz, avg speed    0.045 kHz), accepted     1024/  680001 events ( 0.15%)
TtoEM trigger inconsistency
Processed   690000/ 1294387 entries, 53.31% (elapsed time 15418.9s, curr speed    0.047 kHz, avg speed    0.045 kHz), accepted     1037/  690001 events ( 0.15%)
Processed   700000/ 1294387 entries, 54.08% (elapsed time 15634.8s, curr speed    0.046 kHz, avg speed    0.045 kHz), accepted     1056/  700001 events ( 0.15%)
TtoEM trigger inconsistency
Processed   710000/ 1294387 entries, 54.85% (elapsed time 15844.5s, curr speed    0.048 kHz, avg speed    0.045 kHz), accepted     1067/  710001 events ( 0.15%)
ZtoMM trigger inconsistency
ZtoMM trigger inconsistency
Processed   720000/ 1294387 entries, 55.62% (elapsed time 16062.4s, curr speed    0.046 kHz, avg speed    0.045 kHz), accepted     1082/  720001 events ( 0.15%)
Processed   730000/ 1294387 entries, 56.40% (elapsed time 16279.6s, curr speed    0.046 kHz, avg speed    0.045 kHz), accepted     1099/  730001 events ( 0.15%)
TtoEM trigger inconsistency
Processed   740000/ 1294387 entries, 57.17% (elapsed time 16494.6s, curr speed    0.047 kHz, avg speed    0.045 kHz), accepted     1113/  740001 events ( 0.15%)
Processed   750000/ 1294387 entries, 57.94% (elapsed time 16712.0s, curr speed    0.046 kHz, avg speed    0.045 kHz), accepted     1123/  750001 events ( 0.15%)
Processed   760000/ 1294387 entries, 58.72% (elapsed time 16928.6s, curr speed    0.046 kHz, avg speed    0.045 kHz), accepted     1132/  760001 events ( 0.15%)
Processed   770000/ 1294387 entries, 59.49% (elapsed time 17143.0s, curr speed    0.047 kHz, avg speed    0.045 kHz), accepted     1145/  770001 events ( 0.15%)
ZtoMM trigger inconsistency
Processed   780000/ 1294387 entries, 60.26% (elapsed time 17359.9s, curr speed    0.046 kHz, avg speed    0.045 kHz), accepted     1156/  780001 events ( 0.15%)
Processed   790000/ 1294387 entries, 61.03% (elapsed time 17576.3s, curr speed    0.046 kHz, avg speed    0.045 kHz), accepted     1175/  790001 events ( 0.15%)
Processed   800000/ 1294387 entries, 61.81% (elapsed time 17789.7s, curr speed    0.047 kHz, avg speed    0.045 kHz), accepted     1187/  800001 events ( 0.15%)
Processed   810000/ 1294387 entries, 62.58% (elapsed time 18004.4s, curr speed    0.047 kHz, avg speed    0.045 kHz), accepted     1201/  810001 events ( 0.15%)
TtoEM trigger inconsistency
Processed   820000/ 1294387 entries, 63.35% (elapsed time 18218.6s, curr speed    0.047 kHz, avg speed    0.045 kHz), accepted     1212/  820001 events ( 0.15%)
Processed   830000/ 1294387 entries, 64.12% (elapsed time 18431.0s, curr speed    0.047 kHz, avg speed    0.045 kHz), accepted     1227/  830001 events ( 0.15%)
TtoEM trigger inconsistency
ZtoEE trigger inconsistency
TtoEM trigger inconsistency
Processed   840000/ 1294387 entries, 64.90% (elapsed time 18636.6s, curr speed    0.049 kHz, avg speed    0.045 kHz), accepted     1242/  840001 events ( 0.15%)
Processed   850000/ 1294387 entries, 65.67% (elapsed time 18848.9s, curr speed    0.047 kHz, avg speed    0.045 kHz), accepted     1252/  850001 events ( 0.15%)
TtoEM trigger inconsistency
TtoEM trigger inconsistency
Processed   860000/ 1294387 entries, 66.44% (elapsed time 19056.3s, curr speed    0.048 kHz, avg speed    0.045 kHz), accepted     1265/  860001 events ( 0.15%)
TtoEM trigger inconsistency
Processed   870000/ 1294387 entries, 67.21% (elapsed time 19264.5s, curr speed    0.048 kHz, avg speed    0.045 kHz), accepted     1281/  870001 events ( 0.15%)
Processed   880000/ 1294387 entries, 67.99% (elapsed time 19478.7s, curr speed    0.047 kHz, avg speed    0.045 kHz), accepted     1295/  880001 events ( 0.15%)
Processed   890000/ 1294387 entries, 68.76% (elapsed time 19687.5s, curr speed    0.048 kHz, avg speed    0.045 kHz), accepted     1316/  890001 events ( 0.15%)
ZtoMM trigger inconsistency
ZtoMM trigger inconsistency
Processed   900000/ 1294387 entries, 69.53% (elapsed time 19896.1s, curr speed    0.048 kHz, avg speed    0.045 kHz), accepted     1330/  900001 events ( 0.15%)
Processed   910000/ 1294387 entries, 70.30% (elapsed time 20100.5s, curr speed    0.049 kHz, avg speed    0.045 kHz), accepted     1347/  910001 events ( 0.15%)
Processed   920000/ 1294387 entries, 71.08% (elapsed time 20312.0s, curr speed    0.047 kHz, avg speed    0.045 kHz), accepted     1361/  920001 events ( 0.15%)
Processed   930000/ 1294387 entries, 71.85% (elapsed time 20520.9s, curr speed    0.048 kHz, avg speed    0.045 kHz), accepted     1377/  930001 events ( 0.15%)
ZtoMM trigger inconsistency
Processed   940000/ 1294387 entries, 72.62% (elapsed time 20731.0s, curr speed    0.048 kHz, avg speed    0.045 kHz), accepted     1390/  940001 events ( 0.15%)
Processed   950000/ 1294387 entries, 73.39% (elapsed time 20938.5s, curr speed    0.048 kHz, avg speed    0.045 kHz), accepted     1401/  950001 events ( 0.15%)
Processed   960000/ 1294387 entries, 74.17% (elapsed time 21149.0s, curr speed    0.048 kHz, avg speed    0.045 kHz), accepted     1412/  960001 events ( 0.15%)
ZtoMM trigger inconsistency
Processed   970000/ 1294387 entries, 74.94% (elapsed time 21355.8s, curr speed    0.048 kHz, avg speed    0.045 kHz), accepted     1426/  970001 events ( 0.15%)
Processed   980000/ 1294387 entries, 75.71% (elapsed time 21564.7s, curr speed    0.048 kHz, avg speed    0.045 kHz), accepted     1440/  980001 events ( 0.15%)
Processed   990000/ 1294387 entries, 76.48% (elapsed time 21782.9s, curr speed    0.046 kHz, avg speed    0.045 kHz), accepted     1454/  990001 events ( 0.15%)
Processed  1000000/ 1294387 entries, 77.26% (elapsed time 21989.6s, curr speed    0.048 kHz, avg speed    0.045 kHz), accepted     1469/ 1000001 events ( 0.15%)
Processed  1010000/ 1294387 entries, 78.03% (elapsed time 22199.8s, curr speed    0.048 kHz, avg speed    0.045 kHz), accepted     1486/ 1010001 events ( 0.15%)
ZtoMM trigger inconsistency
Processed  1020000/ 1294387 entries, 78.80% (elapsed time 22413.7s, curr speed    0.047 kHz, avg speed    0.046 kHz), accepted     1502/ 1020001 events ( 0.15%)
Processed  1030000/ 1294387 entries, 79.57% (elapsed time 22624.8s, curr speed    0.047 kHz, avg speed    0.046 kHz), accepted     1518/ 1030001 events ( 0.15%)
Processed  1040000/ 1294387 entries, 80.35% (elapsed time 22831.1s, curr speed    0.048 kHz, avg speed    0.046 kHz), accepted     1530/ 1040001 events ( 0.15%)
TtoEM trigger inconsistency
ZtoMM trigger inconsistency
Processed  1050000/ 1294387 entries, 81.12% (elapsed time 23040.0s, curr speed    0.048 kHz, avg speed    0.046 kHz), accepted     1548/ 1050001 events ( 0.15%)
Processed  1060000/ 1294387 entries, 81.89% (elapsed time 23251.4s, curr speed    0.047 kHz, avg speed    0.046 kHz), accepted     1562/ 1060001 events ( 0.15%)
Processed  1070000/ 1294387 entries, 82.66% (elapsed time 23456.7s, curr speed    0.049 kHz, avg speed    0.046 kHz), accepted     1582/ 1070001 events ( 0.15%)
ZtoMM trigger inconsistency
Processed  1080000/ 1294387 entries, 83.44% (elapsed time 23673.6s, curr speed    0.046 kHz, avg speed    0.046 kHz), accepted     1594/ 1080001 events ( 0.15%)
TtoEM trigger inconsistency
ZtoMM trigger inconsistency
Processed  1090000/ 1294387 entries, 84.21% (elapsed time 23878.7s, curr speed    0.049 kHz, avg speed    0.046 kHz), accepted     1604/ 1090001 events ( 0.15%)
TtoEM trigger inconsistency
Processed  1100000/ 1294387 entries, 84.98% (elapsed time 24084.8s, curr speed    0.049 kHz, avg speed    0.046 kHz), accepted     1616/ 1100001 events ( 0.15%)
Processed  1110000/ 1294387 entries, 85.75% (elapsed time 24298.0s, curr speed    0.047 kHz, avg speed    0.046 kHz), accepted     1628/ 1110001 events ( 0.15%)
TtoEM trigger inconsistency
Processed  1120000/ 1294387 entries, 86.53% (elapsed time 24506.0s, curr speed    0.048 kHz, avg speed    0.046 kHz), accepted     1641/ 1120001 events ( 0.15%)
Processed  1130000/ 1294387 entries, 87.30% (elapsed time 24714.1s, curr speed    0.048 kHz, avg speed    0.046 kHz), accepted     1658/ 1130001 events ( 0.15%)
ZtoMM trigger inconsistency
Processed  1140000/ 1294387 entries, 88.07% (elapsed time 24919.7s, curr speed    0.049 kHz, avg speed    0.046 kHz), accepted     1667/ 1140001 events ( 0.15%)
Processed  1150000/ 1294387 entries, 88.85% (elapsed time 25131.1s, curr speed    0.047 kHz, avg speed    0.046 kHz), accepted     1676/ 1150001 events ( 0.15%)
ZtoMM trigger inconsistency
Processed  1160000/ 1294387 entries, 89.62% (elapsed time 25340.3s, curr speed    0.048 kHz, avg speed    0.046 kHz), accepted     1699/ 1160001 events ( 0.15%)
Processed  1170000/ 1294387 entries, 90.39% (elapsed time 25548.6s, curr speed    0.048 kHz, avg speed    0.046 kHz), accepted     1721/ 1170001 events ( 0.15%)
TtoEM trigger inconsistency
ZtoMM trigger inconsistency
Processed  1180000/ 1294387 entries, 91.16% (elapsed time 25762.1s, curr speed    0.047 kHz, avg speed    0.046 kHz), accepted     1730/ 1180001 events ( 0.15%)
TtoEM trigger inconsistency
ZtoMM trigger inconsistency
Processed  1190000/ 1294387 entries, 91.94% (elapsed time 25976.7s, curr speed    0.047 kHz, avg speed    0.046 kHz), accepted     1751/ 1190001 events ( 0.15%)
Processed  1200000/ 1294387 entries, 92.71% (elapsed time 26195.2s, curr speed    0.046 kHz, avg speed    0.046 kHz), accepted     1764/ 1200001 events ( 0.15%)
Processed  1210000/ 1294387 entries, 93.48% (elapsed time 26414.5s, curr speed    0.046 kHz, avg speed    0.046 kHz), accepted     1778/ 1210001 events ( 0.15%)
Processed  1220000/ 1294387 entries, 94.25% (elapsed time 26626.0s, curr speed    0.047 kHz, avg speed    0.046 kHz), accepted     1796/ 1220001 events ( 0.15%)
Processed  1230000/ 1294387 entries, 95.03% (elapsed time 26838.8s, curr speed    0.047 kHz, avg speed    0.046 kHz), accepted     1819/ 1230001 events ( 0.15%)
TtoEM trigger inconsistency
Processed  1240000/ 1294387 entries, 95.80% (elapsed time 27050.1s, curr speed    0.047 kHz, avg speed    0.046 kHz), accepted     1829/ 1240001 events ( 0.15%)
ZtoMM trigger inconsistency
Processed  1250000/ 1294387 entries, 96.57% (elapsed time 27265.9s, curr speed    0.046 kHz, avg speed    0.046 kHz), accepted     1843/ 1250001 events ( 0.15%)
Processed  1260000/ 1294387 entries, 97.34% (elapsed time 27475.9s, curr speed    0.048 kHz, avg speed    0.046 kHz), accepted     1863/ 1260001 events ( 0.15%)
ZtoMM trigger inconsistency
Processed  1270000/ 1294387 entries, 98.12% (elapsed time 27683.8s, curr speed    0.048 kHz, avg speed    0.046 kHz), accepted     1876/ 1270001 events ( 0.15%)
ZtoEE trigger inconsistency
Processed  1280000/ 1294387 entries, 98.89% (elapsed time 27892.9s, curr speed    0.048 kHz, avg speed    0.046 kHz), accepted     1897/ 1280001 events ( 0.15%)
Processed  1290000/ 1294387 entries, 99.66% (elapsed time 28098.5s, curr speed    0.049 kHz, avg speed    0.046 kHz), accepted     1911/ 1290001 events ( 0.15%)
Processed 1294387 preselected entries from root://cms-xrd-global.cern.ch//store/mc/RunIISummer16NanoAODv6/ZZTo4L_13TeV_powheg_pythia8_ext1/NANOAODSIM/PUMoriond17_Nano25Oct2019_102X_mcRun2_asymptotic_v7-v1/70000/2F3BC887-DA89-DB4B-8F64-4895154109D9.root (1294387 entries). Finally selected 1920 entries
Done /work/pbaertsc/heavy_resonance/output_2016/ZZTo4L_13TeV_powheg_pythia8_ext1__RunIISummer16NanoAODv6-PUMoriond17_Nano25Oct2019_102X_mcRun2_asymptotic_v7-v1__NANOAODSIM/2F3BC887-DA89-DB4B-8F64-4895154109D9.root
45.893022517 Hz
deleting root file with name: /work/pbaertsc/heavy_resonance/output_2016/ZZTo4L_13TeV_powheg_pythia8_ext1__RunIISummer16NanoAODv6-PUMoriond17_Nano25Oct2019_102X_mcRun2_asymptotic_v7-v1__NANOAODSIM/2F3BC887-DA89-DB4B-8F64-4895154109D9.root
DONE
Complete at
Wed Jan 29 13:05:11 CET 2020
