job start at
Tue Jan 28 20:39:07 CET 2020
SLURM_JOB_ID: 422170
HOSTNAME: t3wn46
JOBLIST:joblist/joblist_WWToLNuQQ_NNPDF31_TuneCP5_13TeV-powheg-pythia8__RunIIFall17NanoAODv6-PU2017_12Apr2018_Nano25Oct2019_new_pmx_102X_mc2017_realistic_v7-v1__NANOAODSIM_ll.txt
Going to execute
python job.py -i root://cms-xrd-global.cern.ch//store/mc/RunIIFall17NanoAODv6/WWToLNuQQ_NNPDF31_TuneCP5_13TeV-powheg-pythia8/NANOAODSIM/PU2017_12Apr2018_Nano25Oct2019_new_pmx_102X_mc2017_realistic_v7-v1/70000/73C20794-0072-6B4B-85CA-601E7197F341.root -o /work/pbaertsc/heavy_resonance/output_2017/WWToLNuQQ_NNPDF31_TuneCP5_13TeV-powheg-pythia8__RunIIFall17NanoAODv6-PU2017_12Apr2018_Nano25Oct2019_new_pmx_102X_mc2017_realistic_v7-v1__NANOAODSIM -N WWToLNuQQ_NNPDF31_TuneCP5_13TeV-powheg-pythia8__RunIIFall17NanoAODv6-PU2017_12Apr2018_Nano25Oct2019_new_pmx_102X_mc2017_realistic_v7-v1__NANOAODSIM -n 9 -c ll -y 2017
TClass::Init:0: RuntimeWarning: no dictionary for class ROOT::TIOFeatures is available
/work/pbaertsc/heavy_resonance/CMSSW_9_4_6/python/PhysicsTools/NanoAODTools/postprocessing/framework/treeReaderArrayTools.py:69: RuntimeWarning: creating executor for unknown type "ULong64_t*"
  ret = _vr.Get()[0]
JEC= Fall17_17Nov2017_V32_MC 	 JER= Fall17_V3_MC
MET branch= PuppiMET
JEC= Fall17_17Nov2017_V32_MC 	 JER= Fall17_V3_MC
MET branch= PuppiMET
--------------------------------------------------------------------------------
input files  = ['root://cms-xrd-global.cern.ch//store/mc/RunIIFall17NanoAODv6/WWToLNuQQ_NNPDF31_TuneCP5_13TeV-powheg-pythia8/NANOAODSIM/PU2017_12Apr2018_Nano25Oct2019_new_pmx_102X_mc2017_realistic_v7-v1/70000/73C20794-0072-6B4B-85CA-601E7197F341.root']
output directory = /work/pbaertsc/heavy_resonance/output_2017/WWToLNuQQ_NNPDF31_TuneCP5_13TeV-powheg-pythia8__RunIIFall17NanoAODv6-PU2017_12Apr2018_Nano25Oct2019_new_pmx_102X_mc2017_realistic_v7-v1__NANOAODSIM
output file  = WWToLNuQQ_NNPDF31_TuneCP5_13TeV-powheg-pythia8__RunIIFall17NanoAODv6-PU2017_12Apr2018_Nano25Oct2019_new_pmx_102X_mc2017_realistic_v7-v1__NANOAODSIM_9_ll.root
chunck       = 9
channel      = ll
dataType     = mc
year         = 2017
tes          = 1.0
ltf          = 1.0
jtf          = 1.0
--------------------------------------------------------------------------------
job.py: creating PostProcessor...
TreeProducer is called /work/pbaertsc/heavy_resonance/output_2017/WWToLNuQQ_NNPDF31_TuneCP5_13TeV-powheg-pythia8__RunIIFall17NanoAODv6-PU2017_12Apr2018_Nano25Oct2019_new_pmx_102X_mc2017_realistic_v7-v1__NANOAODSIM/WWToLNuQQ_NNPDF31_TuneCP5_13TeV-powheg-pythia8__RunIIFall17NanoAODv6-PU2017_12Apr2018_Nano25Oct2019_new_pmx_102X_mc2017_realistic_v7-v1__NANOAODSIM_9_ll.root
job.py: going to run PostProcessor...
Will write selected trees to /work/pbaertsc/heavy_resonance/output_2017/WWToLNuQQ_NNPDF31_TuneCP5_13TeV-powheg-pythia8__RunIIFall17NanoAODv6-PU2017_12Apr2018_Nano25Oct2019_new_pmx_102X_mc2017_realistic_v7-v1__NANOAODSIM
Loading jet energy scale (JES) uncertainties from file '/tmp/tmplorsJ1/Fall17_17Nov2017_V32_MC_Uncertainty_AK4PFchs.txt'
Loading jet energy resolutions (JER) from file '/tmp/tmpwRQMLT/Fall17_V3_MC_PtResolution_AK4PFchs.txt'
Loading JER scale factors and uncertainties from file '/tmp/tmpwRQMLT/Fall17_V3_MC_SF_AK4PFchs.txt'
Loading jet energy scale (JES) uncertainties from file '/tmp/tmpqHPLw5/Fall17_17Nov2017_V32_MC_Uncertainty_AK8PFPuppi.txt'
Loading jet energy resolutions (JER) from file '/tmp/tmp1SXRb2/Fall17_V3_MC_PtResolution_AK8PFPuppi.txt'
Loading JER scale factors and uncertainties from file '/tmp/tmp1SXRb2/Fall17_V3_MC_SF_AK8PFPuppi.txt'
Pre-select 1144030 entries out of 1144030 (100.00%)
nanoAODv5? True
Processed    10000/ 1144030 entries,  0.87% (elapsed time   262.5s, curr speed    0.038 kHz, avg speed    0.038 kHz), accepted       20/   10001 events ( 0.20%)
Bad event
Bad event
Processed    20000/ 1144030 entries,  1.75% (elapsed time   538.6s, curr speed    0.036 kHz, avg speed    0.037 kHz), accepted       41/   20001 events ( 0.20%)
Bad event
Processed    30000/ 1144030 entries,  2.62% (elapsed time   809.1s, curr speed    0.037 kHz, avg speed    0.037 kHz), accepted       62/   30001 events ( 0.21%)
Processed    40000/ 1144030 entries,  3.50% (elapsed time  1069.2s, curr speed    0.038 kHz, avg speed    0.037 kHz), accepted       79/   40001 events ( 0.20%)
Bad event
Processed    50000/ 1144030 entries,  4.37% (elapsed time  1330.0s, curr speed    0.038 kHz, avg speed    0.038 kHz), accepted       98/   50001 events ( 0.20%)
Processed    60000/ 1144030 entries,  5.24% (elapsed time  1588.3s, curr speed    0.039 kHz, avg speed    0.038 kHz), accepted      118/   60001 events ( 0.20%)
Processed    70000/ 1144030 entries,  6.12% (elapsed time  1848.8s, curr speed    0.038 kHz, avg speed    0.038 kHz), accepted      134/   70001 events ( 0.19%)
Processed    80000/ 1144030 entries,  6.99% (elapsed time  2115.3s, curr speed    0.038 kHz, avg speed    0.038 kHz), accepted      155/   80001 events ( 0.19%)
Processed    90000/ 1144030 entries,  7.87% (elapsed time  2376.9s, curr speed    0.038 kHz, avg speed    0.038 kHz), accepted      183/   90001 events ( 0.20%)
Processed   100000/ 1144030 entries,  8.74% (elapsed time  2638.4s, curr speed    0.038 kHz, avg speed    0.038 kHz), accepted      202/  100001 events ( 0.20%)
Processed   110000/ 1144030 entries,  9.62% (elapsed time  2905.4s, curr speed    0.037 kHz, avg speed    0.038 kHz), accepted      233/  110001 events ( 0.21%)
Processed   120000/ 1144030 entries, 10.49% (elapsed time  3159.5s, curr speed    0.039 kHz, avg speed    0.038 kHz), accepted      249/  120001 events ( 0.21%)
TtoEM trigger inconsistency
Processed   130000/ 1144030 entries, 11.36% (elapsed time  3422.6s, curr speed    0.038 kHz, avg speed    0.038 kHz), accepted      266/  130001 events ( 0.20%)
Processed   140000/ 1144030 entries, 12.24% (elapsed time  3699.5s, curr speed    0.036 kHz, avg speed    0.038 kHz), accepted      283/  140001 events ( 0.20%)
Processed   150000/ 1144030 entries, 13.11% (elapsed time  3962.8s, curr speed    0.038 kHz, avg speed    0.038 kHz), accepted      299/  150001 events ( 0.20%)
Processed   160000/ 1144030 entries, 13.99% (elapsed time  4214.2s, curr speed    0.040 kHz, avg speed    0.038 kHz), accepted      318/  160001 events ( 0.20%)
Processed   170000/ 1144030 entries, 14.86% (elapsed time  4470.9s, curr speed    0.039 kHz, avg speed    0.038 kHz), accepted      343/  170001 events ( 0.20%)
Processed   180000/ 1144030 entries, 15.73% (elapsed time  4723.1s, curr speed    0.040 kHz, avg speed    0.038 kHz), accepted      362/  180001 events ( 0.20%)
Bad event
Processed   190000/ 1144030 entries, 16.61% (elapsed time  4985.8s, curr speed    0.038 kHz, avg speed    0.038 kHz), accepted      381/  190001 events ( 0.20%)
Processed   200000/ 1144030 entries, 17.48% (elapsed time  5254.3s, curr speed    0.037 kHz, avg speed    0.038 kHz), accepted      399/  200001 events ( 0.20%)
Processed   210000/ 1144030 entries, 18.36% (elapsed time  5519.5s, curr speed    0.038 kHz, avg speed    0.038 kHz), accepted      415/  210001 events ( 0.20%)
Processed   220000/ 1144030 entries, 19.23% (elapsed time  5793.3s, curr speed    0.037 kHz, avg speed    0.038 kHz), accepted      429/  220001 events ( 0.19%)
Processed   230000/ 1144030 entries, 20.10% (elapsed time  6071.8s, curr speed    0.036 kHz, avg speed    0.038 kHz), accepted      443/  230001 events ( 0.19%)
Processed   240000/ 1144030 entries, 20.98% (elapsed time  6349.2s, curr speed    0.036 kHz, avg speed    0.038 kHz), accepted      466/  240001 events ( 0.19%)
Bad event
Processed   250000/ 1144030 entries, 21.85% (elapsed time  6621.7s, curr speed    0.037 kHz, avg speed    0.038 kHz), accepted      486/  250001 events ( 0.19%)
Processed   260000/ 1144030 entries, 22.73% (elapsed time  6890.2s, curr speed    0.037 kHz, avg speed    0.038 kHz), accepted      506/  260001 events ( 0.19%)
TtoEM trigger inconsistency
Processed   270000/ 1144030 entries, 23.60% (elapsed time  7146.1s, curr speed    0.039 kHz, avg speed    0.038 kHz), accepted      527/  270001 events ( 0.20%)
Bad event
Processed   280000/ 1144030 entries, 24.47% (elapsed time  7389.1s, curr speed    0.041 kHz, avg speed    0.038 kHz), accepted      543/  280001 events ( 0.19%)
Processed   290000/ 1144030 entries, 25.35% (elapsed time  7642.5s, curr speed    0.039 kHz, avg speed    0.038 kHz), accepted      564/  290001 events ( 0.19%)
Processed   300000/ 1144030 entries, 26.22% (elapsed time  7883.5s, curr speed    0.041 kHz, avg speed    0.038 kHz), accepted      582/  300001 events ( 0.19%)
Bad event
Processed   310000/ 1144030 entries, 27.10% (elapsed time  8129.0s, curr speed    0.041 kHz, avg speed    0.038 kHz), accepted      599/  310001 events ( 0.19%)
Processed   320000/ 1144030 entries, 27.97% (elapsed time  8377.7s, curr speed    0.040 kHz, avg speed    0.038 kHz), accepted      612/  320001 events ( 0.19%)
Processed   330000/ 1144030 entries, 28.85% (elapsed time  8633.1s, curr speed    0.039 kHz, avg speed    0.038 kHz), accepted      631/  330001 events ( 0.19%)
Processed   340000/ 1144030 entries, 29.72% (elapsed time  8873.7s, curr speed    0.042 kHz, avg speed    0.038 kHz), accepted      645/  340001 events ( 0.19%)
Bad event
Processed   350000/ 1144030 entries, 30.59% (elapsed time  9133.1s, curr speed    0.039 kHz, avg speed    0.038 kHz), accepted      662/  350001 events ( 0.19%)
Processed   360000/ 1144030 entries, 31.47% (elapsed time  9391.9s, curr speed    0.039 kHz, avg speed    0.038 kHz), accepted      679/  360001 events ( 0.19%)
Processed   370000/ 1144030 entries, 32.34% (elapsed time  9640.3s, curr speed    0.040 kHz, avg speed    0.038 kHz), accepted      709/  370001 events ( 0.19%)
TtoEM trigger inconsistency
Processed   380000/ 1144030 entries, 33.22% (elapsed time  9902.5s, curr speed    0.038 kHz, avg speed    0.038 kHz), accepted      729/  380001 events ( 0.19%)
Processed   390000/ 1144030 entries, 34.09% (elapsed time 10163.0s, curr speed    0.038 kHz, avg speed    0.038 kHz), accepted      750/  390001 events ( 0.19%)
Processed   400000/ 1144030 entries, 34.96% (elapsed time 10417.7s, curr speed    0.039 kHz, avg speed    0.038 kHz), accepted      770/  400001 events ( 0.19%)
Processed   410000/ 1144030 entries, 35.84% (elapsed time 10672.9s, curr speed    0.039 kHz, avg speed    0.038 kHz), accepted      793/  410001 events ( 0.19%)
Processed   420000/ 1144030 entries, 36.71% (elapsed time 10926.3s, curr speed    0.039 kHz, avg speed    0.038 kHz), accepted      821/  420001 events ( 0.20%)
Processed   430000/ 1144030 entries, 37.59% (elapsed time 11171.9s, curr speed    0.041 kHz, avg speed    0.038 kHz), accepted      843/  430001 events ( 0.20%)
Processed   440000/ 1144030 entries, 38.46% (elapsed time 11427.5s, curr speed    0.039 kHz, avg speed    0.039 kHz), accepted      866/  440001 events ( 0.20%)
Processed   450000/ 1144030 entries, 39.33% (elapsed time 11685.6s, curr speed    0.039 kHz, avg speed    0.039 kHz), accepted      876/  450001 events ( 0.19%)
Processed   460000/ 1144030 entries, 40.21% (elapsed time 11940.7s, curr speed    0.039 kHz, avg speed    0.039 kHz), accepted      889/  460001 events ( 0.19%)
TtoEM trigger inconsistency
Processed   470000/ 1144030 entries, 41.08% (elapsed time 12203.7s, curr speed    0.038 kHz, avg speed    0.039 kHz), accepted      908/  470001 events ( 0.19%)
Processed   480000/ 1144030 entries, 41.96% (elapsed time 12465.9s, curr speed    0.038 kHz, avg speed    0.039 kHz), accepted      928/  480001 events ( 0.19%)
Processed   490000/ 1144030 entries, 42.83% (elapsed time 12729.5s, curr speed    0.038 kHz, avg speed    0.038 kHz), accepted      945/  490001 events ( 0.19%)
Processed   500000/ 1144030 entries, 43.71% (elapsed time 13003.9s, curr speed    0.036 kHz, avg speed    0.038 kHz), accepted      956/  500001 events ( 0.19%)
Processed   510000/ 1144030 entries, 44.58% (elapsed time 13275.0s, curr speed    0.037 kHz, avg speed    0.038 kHz), accepted      971/  510001 events ( 0.19%)
Processed   520000/ 1144030 entries, 45.45% (elapsed time 13539.7s, curr speed    0.038 kHz, avg speed    0.038 kHz), accepted      996/  520001 events ( 0.19%)
Processed   530000/ 1144030 entries, 46.33% (elapsed time 13815.9s, curr speed    0.036 kHz, avg speed    0.038 kHz), accepted     1020/  530001 events ( 0.19%)
Processed   540000/ 1144030 entries, 47.20% (elapsed time 14083.7s, curr speed    0.037 kHz, avg speed    0.038 kHz), accepted     1038/  540001 events ( 0.19%)
Processed   550000/ 1144030 entries, 48.08% (elapsed time 14348.7s, curr speed    0.038 kHz, avg speed    0.038 kHz), accepted     1058/  550001 events ( 0.19%)
Processed   560000/ 1144030 entries, 48.95% (elapsed time 14623.1s, curr speed    0.036 kHz, avg speed    0.038 kHz), accepted     1080/  560001 events ( 0.19%)
Processed   570000/ 1144030 entries, 49.82% (elapsed time 14894.6s, curr speed    0.037 kHz, avg speed    0.038 kHz), accepted     1097/  570001 events ( 0.19%)
Processed   580000/ 1144030 entries, 50.70% (elapsed time 15164.8s, curr speed    0.037 kHz, avg speed    0.038 kHz), accepted     1121/  580001 events ( 0.19%)
Processed   590000/ 1144030 entries, 51.57% (elapsed time 15437.2s, curr speed    0.037 kHz, avg speed    0.038 kHz), accepted     1138/  590001 events ( 0.19%)
Processed   600000/ 1144030 entries, 52.45% (elapsed time 15700.7s, curr speed    0.038 kHz, avg speed    0.038 kHz), accepted     1157/  600001 events ( 0.19%)
Processed   610000/ 1144030 entries, 53.32% (elapsed time 15964.9s, curr speed    0.038 kHz, avg speed    0.038 kHz), accepted     1184/  610001 events ( 0.19%)
Processed   620000/ 1144030 entries, 54.19% (elapsed time 16229.0s, curr speed    0.038 kHz, avg speed    0.038 kHz), accepted     1204/  620001 events ( 0.19%)
Processed   630000/ 1144030 entries, 55.07% (elapsed time 16478.4s, curr speed    0.040 kHz, avg speed    0.038 kHz), accepted     1227/  630001 events ( 0.19%)
Processed   640000/ 1144030 entries, 55.94% (elapsed time 16745.0s, curr speed    0.038 kHz, avg speed    0.038 kHz), accepted     1249/  640001 events ( 0.20%)
Processed   650000/ 1144030 entries, 56.82% (elapsed time 16993.8s, curr speed    0.040 kHz, avg speed    0.038 kHz), accepted     1272/  650001 events ( 0.20%)
Processed   660000/ 1144030 entries, 57.69% (elapsed time 17243.8s, curr speed    0.040 kHz, avg speed    0.038 kHz), accepted     1294/  660001 events ( 0.20%)
TtoEM trigger inconsistency
Processed   670000/ 1144030 entries, 58.56% (elapsed time 17499.9s, curr speed    0.039 kHz, avg speed    0.038 kHz), accepted     1307/  670001 events ( 0.20%)
Processed   680000/ 1144030 entries, 59.44% (elapsed time 17743.0s, curr speed    0.041 kHz, avg speed    0.038 kHz), accepted     1328/  680001 events ( 0.20%)
Processed   690000/ 1144030 entries, 60.31% (elapsed time 17988.4s, curr speed    0.041 kHz, avg speed    0.038 kHz), accepted     1346/  690001 events ( 0.20%)
Processed   700000/ 1144030 entries, 61.19% (elapsed time 18231.2s, curr speed    0.041 kHz, avg speed    0.038 kHz), accepted     1367/  700001 events ( 0.20%)
Processed   710000/ 1144030 entries, 62.06% (elapsed time 18476.1s, curr speed    0.041 kHz, avg speed    0.038 kHz), accepted     1388/  710001 events ( 0.20%)
Processed   720000/ 1144030 entries, 62.94% (elapsed time 18737.5s, curr speed    0.038 kHz, avg speed    0.038 kHz), accepted     1403/  720001 events ( 0.19%)
Processed   730000/ 1144030 entries, 63.81% (elapsed time 18997.2s, curr speed    0.039 kHz, avg speed    0.038 kHz), accepted     1423/  730001 events ( 0.19%)
Processed   740000/ 1144030 entries, 64.68% (elapsed time 19263.4s, curr speed    0.038 kHz, avg speed    0.038 kHz), accepted     1447/  740001 events ( 0.20%)
TtoEM trigger inconsistency
Processed   750000/ 1144030 entries, 65.56% (elapsed time 19535.6s, curr speed    0.037 kHz, avg speed    0.038 kHz), accepted     1470/  750001 events ( 0.20%)
Processed   760000/ 1144030 entries, 66.43% (elapsed time 19798.6s, curr speed    0.038 kHz, avg speed    0.038 kHz), accepted     1486/  760001 events ( 0.20%)
Processed   770000/ 1144030 entries, 67.31% (elapsed time 20062.0s, curr speed    0.038 kHz, avg speed    0.038 kHz), accepted     1506/  770001 events ( 0.20%)
Processed   780000/ 1144030 entries, 68.18% (elapsed time 20325.3s, curr speed    0.038 kHz, avg speed    0.038 kHz), accepted     1515/  780001 events ( 0.19%)
%MSG-e SimpleJetCorrectionUncertainty: 
 bin variables out of range
%MSG
%MSG-e SimpleJetCorrectionUncertainty: 
 bin variables out of range
%MSG
Processed   790000/ 1144030 entries, 69.05% (elapsed time 20582.4s, curr speed    0.039 kHz, avg speed    0.038 kHz), accepted     1530/  790001 events ( 0.19%)
Processed   800000/ 1144030 entries, 69.93% (elapsed time 20851.4s, curr speed    0.037 kHz, avg speed    0.038 kHz), accepted     1546/  800001 events ( 0.19%)
Processed   810000/ 1144030 entries, 70.80% (elapsed time 21126.0s, curr speed    0.036 kHz, avg speed    0.038 kHz), accepted     1563/  810001 events ( 0.19%)
Processed   820000/ 1144030 entries, 71.68% (elapsed time 21381.8s, curr speed    0.039 kHz, avg speed    0.038 kHz), accepted     1575/  820001 events ( 0.19%)
Bad event
Processed   830000/ 1144030 entries, 72.55% (elapsed time 21643.8s, curr speed    0.038 kHz, avg speed    0.038 kHz), accepted     1594/  830001 events ( 0.19%)
Processed   840000/ 1144030 entries, 73.42% (elapsed time 21895.5s, curr speed    0.040 kHz, avg speed    0.038 kHz), accepted     1610/  840001 events ( 0.19%)
Processed   850000/ 1144030 entries, 74.30% (elapsed time 22142.5s, curr speed    0.040 kHz, avg speed    0.038 kHz), accepted     1635/  850001 events ( 0.19%)
Processed   860000/ 1144030 entries, 75.17% (elapsed time 22404.4s, curr speed    0.038 kHz, avg speed    0.038 kHz), accepted     1660/  860001 events ( 0.19%)
Processed   870000/ 1144030 entries, 76.05% (elapsed time 22650.6s, curr speed    0.041 kHz, avg speed    0.038 kHz), accepted     1676/  870001 events ( 0.19%)
Bad event
Processed   880000/ 1144030 entries, 76.92% (elapsed time 22891.1s, curr speed    0.042 kHz, avg speed    0.038 kHz), accepted     1697/  880001 events ( 0.19%)
TtoEM trigger inconsistency
Processed   890000/ 1144030 entries, 77.80% (elapsed time 23139.6s, curr speed    0.040 kHz, avg speed    0.038 kHz), accepted     1722/  890001 events ( 0.19%)
Processed   900000/ 1144030 entries, 78.67% (elapsed time 23371.5s, curr speed    0.043 kHz, avg speed    0.039 kHz), accepted     1741/  900001 events ( 0.19%)
Processed   910000/ 1144030 entries, 79.54% (elapsed time 23616.5s, curr speed    0.041 kHz, avg speed    0.039 kHz), accepted     1765/  910001 events ( 0.19%)
Processed   920000/ 1144030 entries, 80.42% (elapsed time 23863.7s, curr speed    0.040 kHz, avg speed    0.039 kHz), accepted     1783/  920001 events ( 0.19%)
WARNING: jet m = -0.0 !!
WARNING: jet m = -0.0 !!
Processed   930000/ 1144030 entries, 81.29% (elapsed time 24104.1s, curr speed    0.042 kHz, avg speed    0.039 kHz), accepted     1802/  930001 events ( 0.19%)
Processed   940000/ 1144030 entries, 82.17% (elapsed time 24350.1s, curr speed    0.041 kHz, avg speed    0.039 kHz), accepted     1821/  940001 events ( 0.19%)
Processed   950000/ 1144030 entries, 83.04% (elapsed time 24592.5s, curr speed    0.041 kHz, avg speed    0.039 kHz), accepted     1843/  950001 events ( 0.19%)
Processed   960000/ 1144030 entries, 83.91% (elapsed time 24830.5s, curr speed    0.042 kHz, avg speed    0.039 kHz), accepted     1866/  960001 events ( 0.19%)
Processed   970000/ 1144030 entries, 84.79% (elapsed time 25073.9s, curr speed    0.041 kHz, avg speed    0.039 kHz), accepted     1890/  970001 events ( 0.19%)
Processed   980000/ 1144030 entries, 85.66% (elapsed time 25318.4s, curr speed    0.041 kHz, avg speed    0.039 kHz), accepted     1906/  980001 events ( 0.19%)
Processed   990000/ 1144030 entries, 86.54% (elapsed time 25554.9s, curr speed    0.042 kHz, avg speed    0.039 kHz), accepted     1922/  990001 events ( 0.19%)
Processed  1000000/ 1144030 entries, 87.41% (elapsed time 25807.1s, curr speed    0.040 kHz, avg speed    0.039 kHz), accepted     1942/ 1000001 events ( 0.19%)
Processed  1010000/ 1144030 entries, 88.28% (elapsed time 26053.1s, curr speed    0.041 kHz, avg speed    0.039 kHz), accepted     1964/ 1010001 events ( 0.19%)
Processed  1020000/ 1144030 entries, 89.16% (elapsed time 26293.2s, curr speed    0.042 kHz, avg speed    0.039 kHz), accepted     1973/ 1020001 events ( 0.19%)
Processed  1030000/ 1144030 entries, 90.03% (elapsed time 26553.0s, curr speed    0.038 kHz, avg speed    0.039 kHz), accepted     1985/ 1030001 events ( 0.19%)
Processed  1040000/ 1144030 entries, 90.91% (elapsed time 26802.2s, curr speed    0.040 kHz, avg speed    0.039 kHz), accepted     2005/ 1040001 events ( 0.19%)
Processed  1050000/ 1144030 entries, 91.78% (elapsed time 27053.2s, curr speed    0.040 kHz, avg speed    0.039 kHz), accepted     2019/ 1050001 events ( 0.19%)
Processed  1060000/ 1144030 entries, 92.65% (elapsed time 27314.9s, curr speed    0.038 kHz, avg speed    0.039 kHz), accepted     2035/ 1060001 events ( 0.19%)
Bad event
Processed  1070000/ 1144030 entries, 93.53% (elapsed time 27565.7s, curr speed    0.040 kHz, avg speed    0.039 kHz), accepted     2053/ 1070001 events ( 0.19%)
Processed  1080000/ 1144030 entries, 94.40% (elapsed time 27812.2s, curr speed    0.041 kHz, avg speed    0.039 kHz), accepted     2077/ 1080001 events ( 0.19%)
Processed  1090000/ 1144030 entries, 95.28% (elapsed time 28059.9s, curr speed    0.040 kHz, avg speed    0.039 kHz), accepted     2094/ 1090001 events ( 0.19%)
Processed  1100000/ 1144030 entries, 96.15% (elapsed time 28314.9s, curr speed    0.039 kHz, avg speed    0.039 kHz), accepted     2117/ 1100001 events ( 0.19%)
Processed  1110000/ 1144030 entries, 97.03% (elapsed time 28559.5s, curr speed    0.041 kHz, avg speed    0.039 kHz), accepted     2136/ 1110001 events ( 0.19%)
Processed  1120000/ 1144030 entries, 97.90% (elapsed time 28806.0s, curr speed    0.041 kHz, avg speed    0.039 kHz), accepted     2152/ 1120001 events ( 0.19%)
Processed  1130000/ 1144030 entries, 98.77% (elapsed time 29047.2s, curr speed    0.041 kHz, avg speed    0.039 kHz), accepted     2171/ 1130001 events ( 0.19%)
Processed  1140000/ 1144030 entries, 99.65% (elapsed time 29286.5s, curr speed    0.042 kHz, avg speed    0.039 kHz), accepted     2183/ 1140001 events ( 0.19%)
Processed 1144030 preselected entries from root://cms-xrd-global.cern.ch//store/mc/RunIIFall17NanoAODv6/WWToLNuQQ_NNPDF31_TuneCP5_13TeV-powheg-pythia8/NANOAODSIM/PU2017_12Apr2018_Nano25Oct2019_new_pmx_102X_mc2017_realistic_v7-v1/70000/73C20794-0072-6B4B-85CA-601E7197F341.root (1144030 entries). Finally selected 2193 entries
Done /work/pbaertsc/heavy_resonance/output_2017/WWToLNuQQ_NNPDF31_TuneCP5_13TeV-powheg-pythia8__RunIIFall17NanoAODv6-PU2017_12Apr2018_Nano25Oct2019_new_pmx_102X_mc2017_realistic_v7-v1__NANOAODSIM/73C20794-0072-6B4B-85CA-601E7197F341.root
38.9106924391 Hz
deleting root file with name: /work/pbaertsc/heavy_resonance/output_2017/WWToLNuQQ_NNPDF31_TuneCP5_13TeV-powheg-pythia8__RunIIFall17NanoAODv6-PU2017_12Apr2018_Nano25Oct2019_new_pmx_102X_mc2017_realistic_v7-v1__NANOAODSIM/73C20794-0072-6B4B-85CA-601E7197F341.root
DONE
Complete at
Wed Jan 29 11:03:54 CET 2020
