job start at
Thu Jan 30 19:14:58 CET 2020
SLURM_JOB_ID: 437535
HOSTNAME: t3wn45
JOBLIST:joblist/joblist_WWTo4Q_NNPDF31_TuneCP5_13TeV-powheg-pythia8__RunIIFall17NanoAODv6-PU2017_12Apr2018_Nano25Oct2019_new_pmx_102X_mc2017_realistic_v7-v1__NANOAODSIM_ll.txt
Going to execute
python job.py -i root://cms-xrd-global.cern.ch//store/mc/RunIIFall17NanoAODv6/WWTo4Q_NNPDF31_TuneCP5_13TeV-powheg-pythia8/NANOAODSIM/PU2017_12Apr2018_Nano25Oct2019_new_pmx_102X_mc2017_realistic_v7-v1/260000/57C0EED7-8972-1E4F-BD66-34842A326769.root -o /work/pbaertsc/heavy_resonance/output_2017/WWTo4Q_NNPDF31_TuneCP5_13TeV-powheg-pythia8__RunIIFall17NanoAODv6-PU2017_12Apr2018_Nano25Oct2019_new_pmx_102X_mc2017_realistic_v7-v1__NANOAODSIM -N WWTo4Q_NNPDF31_TuneCP5_13TeV-powheg-pythia8__RunIIFall17NanoAODv6-PU2017_12Apr2018_Nano25Oct2019_new_pmx_102X_mc2017_realistic_v7-v1__NANOAODSIM -n 0 -c ll -y 2017
TClass::Init:0: RuntimeWarning: no dictionary for class ROOT::TIOFeatures is available
/work/pbaertsc/heavy_resonance/CMSSW_9_4_6/python/PhysicsTools/NanoAODTools/postprocessing/framework/treeReaderArrayTools.py:69: RuntimeWarning: creating executor for unknown type "ULong64_t*"
  ret = _vr.Get()[0]
JEC= Fall17_17Nov2017_V32_MC 	 JER= Fall17_V3_MC
MET branch= PuppiMET
JEC= Fall17_17Nov2017_V32_MC 	 JER= Fall17_V3_MC
MET branch= PuppiMET
--------------------------------------------------------------------------------
input files  = ['root://cms-xrd-global.cern.ch//store/mc/RunIIFall17NanoAODv6/WWTo4Q_NNPDF31_TuneCP5_13TeV-powheg-pythia8/NANOAODSIM/PU2017_12Apr2018_Nano25Oct2019_new_pmx_102X_mc2017_realistic_v7-v1/260000/57C0EED7-8972-1E4F-BD66-34842A326769.root']
output directory = /work/pbaertsc/heavy_resonance/output_2017/WWTo4Q_NNPDF31_TuneCP5_13TeV-powheg-pythia8__RunIIFall17NanoAODv6-PU2017_12Apr2018_Nano25Oct2019_new_pmx_102X_mc2017_realistic_v7-v1__NANOAODSIM
output file  = WWTo4Q_NNPDF31_TuneCP5_13TeV-powheg-pythia8__RunIIFall17NanoAODv6-PU2017_12Apr2018_Nano25Oct2019_new_pmx_102X_mc2017_realistic_v7-v1__NANOAODSIM_0_ll.root
chunck       = 0
channel      = ll
dataType     = mc
year         = 2017
tes          = 1.0
ltf          = 1.0
jtf          = 1.0
--------------------------------------------------------------------------------
job.py: creating PostProcessor...
TreeProducer is called /work/pbaertsc/heavy_resonance/output_2017/WWTo4Q_NNPDF31_TuneCP5_13TeV-powheg-pythia8__RunIIFall17NanoAODv6-PU2017_12Apr2018_Nano25Oct2019_new_pmx_102X_mc2017_realistic_v7-v1__NANOAODSIM/WWTo4Q_NNPDF31_TuneCP5_13TeV-powheg-pythia8__RunIIFall17NanoAODv6-PU2017_12Apr2018_Nano25Oct2019_new_pmx_102X_mc2017_realistic_v7-v1__NANOAODSIM_0_ll.root
job.py: going to run PostProcessor...
Will write selected trees to /work/pbaertsc/heavy_resonance/output_2017/WWTo4Q_NNPDF31_TuneCP5_13TeV-powheg-pythia8__RunIIFall17NanoAODv6-PU2017_12Apr2018_Nano25Oct2019_new_pmx_102X_mc2017_realistic_v7-v1__NANOAODSIM
Loading jet energy scale (JES) uncertainties from file '/tmp/tmpM_zGCn/Fall17_17Nov2017_V32_MC_Uncertainty_AK4PFchs.txt'
Loading jet energy resolutions (JER) from file '/tmp/tmp7_SejN/Fall17_V3_MC_PtResolution_AK4PFchs.txt'
Loading JER scale factors and uncertainties from file '/tmp/tmp7_SejN/Fall17_V3_MC_SF_AK4PFchs.txt'
Loading jet energy scale (JES) uncertainties from file '/tmp/tmpARYcrI/Fall17_17Nov2017_V32_MC_Uncertainty_AK8PFPuppi.txt'
Loading jet energy resolutions (JER) from file '/tmp/tmp_mXKTK/Fall17_V3_MC_PtResolution_AK8PFPuppi.txt'
Loading JER scale factors and uncertainties from file '/tmp/tmp_mXKTK/Fall17_V3_MC_SF_AK8PFPuppi.txt'
Pre-select 667415 entries out of 667415 (100.00%)
nanoAODv5? True
Processed    10000/  667415 entries,  1.50% (elapsed time   369.9s, curr speed    0.027 kHz, avg speed    0.027 kHz), accepted        0/   10001 events ( 0.00%)
Processed    20000/  667415 entries,  3.00% (elapsed time   733.6s, curr speed    0.027 kHz, avg speed    0.027 kHz), accepted        0/   20001 events ( 0.00%)
Bad event
Processed    30000/  667415 entries,  4.49% (elapsed time  1104.0s, curr speed    0.027 kHz, avg speed    0.027 kHz), accepted        0/   30001 events ( 0.00%)
Processed    40000/  667415 entries,  5.99% (elapsed time  1466.1s, curr speed    0.028 kHz, avg speed    0.027 kHz), accepted        1/   40001 events ( 0.00%)
Processed    50000/  667415 entries,  7.49% (elapsed time  1796.1s, curr speed    0.030 kHz, avg speed    0.028 kHz), accepted        1/   50001 events ( 0.00%)
Processed    60000/  667415 entries,  8.99% (elapsed time  2161.6s, curr speed    0.027 kHz, avg speed    0.028 kHz), accepted        1/   60001 events ( 0.00%)
Processed    70000/  667415 entries, 10.49% (elapsed time  2506.9s, curr speed    0.029 kHz, avg speed    0.028 kHz), accepted        1/   70001 events ( 0.00%)
Processed    80000/  667415 entries, 11.99% (elapsed time  2864.9s, curr speed    0.028 kHz, avg speed    0.028 kHz), accepted        1/   80001 events ( 0.00%)
Processed    90000/  667415 entries, 13.48% (elapsed time  3229.7s, curr speed    0.027 kHz, avg speed    0.028 kHz), accepted        1/   90001 events ( 0.00%)
Processed   100000/  667415 entries, 14.98% (elapsed time  3601.1s, curr speed    0.027 kHz, avg speed    0.028 kHz), accepted        1/  100001 events ( 0.00%)
Processed   110000/  667415 entries, 16.48% (elapsed time  3963.5s, curr speed    0.028 kHz, avg speed    0.028 kHz), accepted        1/  110001 events ( 0.00%)
Processed   120000/  667415 entries, 17.98% (elapsed time  4331.1s, curr speed    0.027 kHz, avg speed    0.028 kHz), accepted        1/  120001 events ( 0.00%)
Processed   130000/  667415 entries, 19.48% (elapsed time  4682.9s, curr speed    0.028 kHz, avg speed    0.028 kHz), accepted        1/  130001 events ( 0.00%)
Processed   140000/  667415 entries, 20.98% (elapsed time  5053.2s, curr speed    0.027 kHz, avg speed    0.028 kHz), accepted        1/  140001 events ( 0.00%)
Processed   150000/  667415 entries, 22.47% (elapsed time  5419.7s, curr speed    0.027 kHz, avg speed    0.028 kHz), accepted        2/  150001 events ( 0.00%)
Processed   160000/  667415 entries, 23.97% (elapsed time  5783.2s, curr speed    0.028 kHz, avg speed    0.028 kHz), accepted        2/  160001 events ( 0.00%)
Processed   170000/  667415 entries, 25.47% (elapsed time  6150.2s, curr speed    0.027 kHz, avg speed    0.028 kHz), accepted        2/  170001 events ( 0.00%)
Processed   180000/  667415 entries, 26.97% (elapsed time  6506.6s, curr speed    0.028 kHz, avg speed    0.028 kHz), accepted        2/  180001 events ( 0.00%)
Processed   190000/  667415 entries, 28.47% (elapsed time  6864.6s, curr speed    0.028 kHz, avg speed    0.028 kHz), accepted        3/  190001 events ( 0.00%)
Processed   200000/  667415 entries, 29.97% (elapsed time  7217.3s, curr speed    0.028 kHz, avg speed    0.028 kHz), accepted        4/  200001 events ( 0.00%)
Processed   210000/  667415 entries, 31.46% (elapsed time  7542.9s, curr speed    0.031 kHz, avg speed    0.028 kHz), accepted        4/  210001 events ( 0.00%)
Processed   220000/  667415 entries, 32.96% (elapsed time  7884.7s, curr speed    0.029 kHz, avg speed    0.028 kHz), accepted        4/  220001 events ( 0.00%)
Processed   230000/  667415 entries, 34.46% (elapsed time  8238.9s, curr speed    0.028 kHz, avg speed    0.028 kHz), accepted        4/  230001 events ( 0.00%)
Processed   240000/  667415 entries, 35.96% (elapsed time  8578.9s, curr speed    0.029 kHz, avg speed    0.028 kHz), accepted        4/  240001 events ( 0.00%)
Processed   250000/  667415 entries, 37.46% (elapsed time  8924.6s, curr speed    0.029 kHz, avg speed    0.028 kHz), accepted        4/  250001 events ( 0.00%)
Bad event
Processed   260000/  667415 entries, 38.96% (elapsed time  9263.1s, curr speed    0.030 kHz, avg speed    0.028 kHz), accepted        5/  260001 events ( 0.00%)
Processed   270000/  667415 entries, 40.45% (elapsed time  9615.7s, curr speed    0.028 kHz, avg speed    0.028 kHz), accepted        5/  270001 events ( 0.00%)
Processed   280000/  667415 entries, 41.95% (elapsed time  9971.5s, curr speed    0.028 kHz, avg speed    0.028 kHz), accepted        5/  280001 events ( 0.00%)
Processed   290000/  667415 entries, 43.45% (elapsed time 10309.1s, curr speed    0.030 kHz, avg speed    0.028 kHz), accepted        5/  290001 events ( 0.00%)
Processed   300000/  667415 entries, 44.95% (elapsed time 10664.4s, curr speed    0.028 kHz, avg speed    0.028 kHz), accepted        5/  300001 events ( 0.00%)
Processed   310000/  667415 entries, 46.45% (elapsed time 11015.7s, curr speed    0.028 kHz, avg speed    0.028 kHz), accepted        5/  310001 events ( 0.00%)
Processed   320000/  667415 entries, 47.95% (elapsed time 11370.5s, curr speed    0.028 kHz, avg speed    0.028 kHz), accepted        5/  320001 events ( 0.00%)
Processed   330000/  667415 entries, 49.44% (elapsed time 11725.9s, curr speed    0.028 kHz, avg speed    0.028 kHz), accepted        5/  330001 events ( 0.00%)
Processed   340000/  667415 entries, 50.94% (elapsed time 12081.7s, curr speed    0.028 kHz, avg speed    0.028 kHz), accepted        5/  340001 events ( 0.00%)
Processed   350000/  667415 entries, 52.44% (elapsed time 12438.6s, curr speed    0.028 kHz, avg speed    0.028 kHz), accepted        5/  350001 events ( 0.00%)
Bad event
Processed   360000/  667415 entries, 53.94% (elapsed time 12796.0s, curr speed    0.028 kHz, avg speed    0.028 kHz), accepted        5/  360001 events ( 0.00%)
Bad event
Processed   370000/  667415 entries, 55.44% (elapsed time 13150.7s, curr speed    0.028 kHz, avg speed    0.028 kHz), accepted        5/  370001 events ( 0.00%)
Processed   380000/  667415 entries, 56.94% (elapsed time 13505.0s, curr speed    0.028 kHz, avg speed    0.028 kHz), accepted        5/  380001 events ( 0.00%)
Processed   390000/  667415 entries, 58.43% (elapsed time 13864.6s, curr speed    0.028 kHz, avg speed    0.028 kHz), accepted        5/  390001 events ( 0.00%)
Processed   400000/  667415 entries, 59.93% (elapsed time 14222.3s, curr speed    0.028 kHz, avg speed    0.028 kHz), accepted        5/  400001 events ( 0.00%)
Processed   410000/  667415 entries, 61.43% (elapsed time 14581.6s, curr speed    0.028 kHz, avg speed    0.028 kHz), accepted        5/  410001 events ( 0.00%)
Processed   420000/  667415 entries, 62.93% (elapsed time 14940.1s, curr speed    0.028 kHz, avg speed    0.028 kHz), accepted        6/  420001 events ( 0.00%)
Processed   430000/  667415 entries, 64.43% (elapsed time 15295.0s, curr speed    0.028 kHz, avg speed    0.028 kHz), accepted        6/  430001 events ( 0.00%)
Processed   440000/  667415 entries, 65.93% (elapsed time 15647.4s, curr speed    0.028 kHz, avg speed    0.028 kHz), accepted        6/  440001 events ( 0.00%)
Processed   450000/  667415 entries, 67.42% (elapsed time 15999.0s, curr speed    0.028 kHz, avg speed    0.028 kHz), accepted        6/  450001 events ( 0.00%)
Processed   460000/  667415 entries, 68.92% (elapsed time 16354.8s, curr speed    0.028 kHz, avg speed    0.028 kHz), accepted        6/  460001 events ( 0.00%)
Processed   470000/  667415 entries, 70.42% (elapsed time 16716.5s, curr speed    0.028 kHz, avg speed    0.028 kHz), accepted        6/  470001 events ( 0.00%)
Processed   480000/  667415 entries, 71.92% (elapsed time 17077.0s, curr speed    0.028 kHz, avg speed    0.028 kHz), accepted        6/  480001 events ( 0.00%)
Processed   490000/  667415 entries, 73.42% (elapsed time 17438.4s, curr speed    0.028 kHz, avg speed    0.028 kHz), accepted        6/  490001 events ( 0.00%)
Processed   500000/  667415 entries, 74.92% (elapsed time 17793.3s, curr speed    0.028 kHz, avg speed    0.028 kHz), accepted        6/  500001 events ( 0.00%)
Processed   510000/  667415 entries, 76.41% (elapsed time 18147.2s, curr speed    0.028 kHz, avg speed    0.028 kHz), accepted        7/  510001 events ( 0.00%)
Processed   520000/  667415 entries, 77.91% (elapsed time 18502.3s, curr speed    0.028 kHz, avg speed    0.028 kHz), accepted        7/  520001 events ( 0.00%)
Processed   530000/  667415 entries, 79.41% (elapsed time 18859.8s, curr speed    0.028 kHz, avg speed    0.028 kHz), accepted        8/  530001 events ( 0.00%)
Processed   540000/  667415 entries, 80.91% (elapsed time 19215.5s, curr speed    0.028 kHz, avg speed    0.028 kHz), accepted        8/  540001 events ( 0.00%)
Processed   550000/  667415 entries, 82.41% (elapsed time 19572.0s, curr speed    0.028 kHz, avg speed    0.028 kHz), accepted       10/  550001 events ( 0.00%)
Processed   560000/  667415 entries, 83.91% (elapsed time 19926.7s, curr speed    0.028 kHz, avg speed    0.028 kHz), accepted       11/  560001 events ( 0.00%)
Processed   570000/  667415 entries, 85.40% (elapsed time 20285.9s, curr speed    0.028 kHz, avg speed    0.028 kHz), accepted       12/  570001 events ( 0.00%)
Processed   580000/  667415 entries, 86.90% (elapsed time 20648.8s, curr speed    0.028 kHz, avg speed    0.028 kHz), accepted       12/  580001 events ( 0.00%)
Processed   590000/  667415 entries, 88.40% (elapsed time 21009.0s, curr speed    0.028 kHz, avg speed    0.028 kHz), accepted       12/  590001 events ( 0.00%)
Processed   600000/  667415 entries, 89.90% (elapsed time 21365.7s, curr speed    0.028 kHz, avg speed    0.028 kHz), accepted       12/  600001 events ( 0.00%)
Processed   610000/  667415 entries, 91.40% (elapsed time 21724.7s, curr speed    0.028 kHz, avg speed    0.028 kHz), accepted       12/  610001 events ( 0.00%)
Processed   620000/  667415 entries, 92.90% (elapsed time 22090.5s, curr speed    0.027 kHz, avg speed    0.028 kHz), accepted       12/  620001 events ( 0.00%)
Processed   630000/  667415 entries, 94.39% (elapsed time 22449.3s, curr speed    0.028 kHz, avg speed    0.028 kHz), accepted       12/  630001 events ( 0.00%)
Processed   640000/  667415 entries, 95.89% (elapsed time 22806.3s, curr speed    0.028 kHz, avg speed    0.028 kHz), accepted       13/  640001 events ( 0.00%)
Processed   650000/  667415 entries, 97.39% (elapsed time 23164.8s, curr speed    0.028 kHz, avg speed    0.028 kHz), accepted       14/  650001 events ( 0.00%)
Processed   660000/  667415 entries, 98.89% (elapsed time 23526.7s, curr speed    0.028 kHz, avg speed    0.028 kHz), accepted       14/  660001 events ( 0.00%)
Processed 667415 preselected entries from root://cms-xrd-global.cern.ch//store/mc/RunIIFall17NanoAODv6/WWTo4Q_NNPDF31_TuneCP5_13TeV-powheg-pythia8/NANOAODSIM/PU2017_12Apr2018_Nano25Oct2019_new_pmx_102X_mc2017_realistic_v7-v1/260000/57C0EED7-8972-1E4F-BD66-34842A326769.root (667415 entries). Finally selected 14 entries
Done /work/pbaertsc/heavy_resonance/output_2017/WWTo4Q_NNPDF31_TuneCP5_13TeV-powheg-pythia8__RunIIFall17NanoAODv6-PU2017_12Apr2018_Nano25Oct2019_new_pmx_102X_mc2017_realistic_v7-v1__NANOAODSIM/57C0EED7-8972-1E4F-BD66-34842A326769.root
28.0463237197 Hz
deleting root file with name: /work/pbaertsc/heavy_resonance/output_2017/WWTo4Q_NNPDF31_TuneCP5_13TeV-powheg-pythia8__RunIIFall17NanoAODv6-PU2017_12Apr2018_Nano25Oct2019_new_pmx_102X_mc2017_realistic_v7-v1__NANOAODSIM/57C0EED7-8972-1E4F-BD66-34842A326769.root
DONE
Complete at
Fri Jan 31 02:44:50 CET 2020
