job start at
Sat Feb  1 14:53:16 CET 2020
SLURM_JOB_ID: 529112
HOSTNAME: t3wn57
JOBLIST:joblist/joblist_ZZTo4L_TuneCP5_13TeV_powheg_pythia8__RunIIAutumn18NanoAODv6-Nano25Oct2019_102X_upgrade2018_realistic_v20_ext1-v1__NANOAODSIM_ll.txt
Going to execute
python job.py -i root://cms-xrd-global.cern.ch//store/mc/RunIIAutumn18NanoAODv6/ZZTo4L_TuneCP5_13TeV_powheg_pythia8/NANOAODSIM/Nano25Oct2019_102X_upgrade2018_realistic_v20_ext1-v1/60000/80887B26-1BA0-AD46-9F2E-FE4FF91A5303.root -o /work/pbaertsc/heavy_resonance/output_2018/ZZTo4L_TuneCP5_13TeV_powheg_pythia8__RunIIAutumn18NanoAODv6-Nano25Oct2019_102X_upgrade2018_realistic_v20_ext1-v1__NANOAODSIM -N ZZTo4L_TuneCP5_13TeV_powheg_pythia8__RunIIAutumn18NanoAODv6-Nano25Oct2019_102X_upgrade2018_realistic_v20_ext1-v1__NANOAODSIM -n 5 -c ll -y 2018
TClass::Init:0: RuntimeWarning: no dictionary for class ROOT::TIOFeatures is available
/work/pbaertsc/heavy_resonance/CMSSW_9_4_6/python/PhysicsTools/NanoAODTools/postprocessing/framework/treeReaderArrayTools.py:69: RuntimeWarning: creating executor for unknown type "ULong64_t*"
  ret = _vr.Get()[0]
JEC= Autumn18_V19_MC 	 JER= Autumn18_V7_MC
MET branch= PuppiMET
JEC= Autumn18_V19_MC 	 JER= Autumn18_V7_MC
MET branch= PuppiMET
--------------------------------------------------------------------------------
input files  = ['root://cms-xrd-global.cern.ch//store/mc/RunIIAutumn18NanoAODv6/ZZTo4L_TuneCP5_13TeV_powheg_pythia8/NANOAODSIM/Nano25Oct2019_102X_upgrade2018_realistic_v20_ext1-v1/60000/80887B26-1BA0-AD46-9F2E-FE4FF91A5303.root']
output directory = /work/pbaertsc/heavy_resonance/output_2018/ZZTo4L_TuneCP5_13TeV_powheg_pythia8__RunIIAutumn18NanoAODv6-Nano25Oct2019_102X_upgrade2018_realistic_v20_ext1-v1__NANOAODSIM
output file  = ZZTo4L_TuneCP5_13TeV_powheg_pythia8__RunIIAutumn18NanoAODv6-Nano25Oct2019_102X_upgrade2018_realistic_v20_ext1-v1__NANOAODSIM_5_ll.root
chunck       = 5
channel      = ll
dataType     = mc
year         = 2018
tes          = 1.0
ltf          = 1.0
jtf          = 1.0
--------------------------------------------------------------------------------
job.py: creating PostProcessor...
TreeProducer is called /work/pbaertsc/heavy_resonance/output_2018/ZZTo4L_TuneCP5_13TeV_powheg_pythia8__RunIIAutumn18NanoAODv6-Nano25Oct2019_102X_upgrade2018_realistic_v20_ext1-v1__NANOAODSIM/ZZTo4L_TuneCP5_13TeV_powheg_pythia8__RunIIAutumn18NanoAODv6-Nano25Oct2019_102X_upgrade2018_realistic_v20_ext1-v1__NANOAODSIM_5_ll.root
job.py: going to run PostProcessor...
Will write selected trees to /work/pbaertsc/heavy_resonance/output_2018/ZZTo4L_TuneCP5_13TeV_powheg_pythia8__RunIIAutumn18NanoAODv6-Nano25Oct2019_102X_upgrade2018_realistic_v20_ext1-v1__NANOAODSIM
Loading jet energy scale (JES) uncertainties from file '/tmp/tmpJP00ut/Autumn18_V19_MC_Uncertainty_AK4PFchs.txt'
Loading jet energy resolutions (JER) from file '/tmp/tmp5m4SD8/Autumn18_V7_MC_PtResolution_AK4PFchs.txt'
Loading JER scale factors and uncertainties from file '/tmp/tmp5m4SD8/Autumn18_V7_MC_SF_AK4PFchs.txt'
Loading jet energy scale (JES) uncertainties from file '/tmp/tmp_0QHme/Autumn18_V19_MC_Uncertainty_AK8PFPuppi.txt'
Loading jet energy resolutions (JER) from file '/tmp/tmpS908xd/Autumn18_V7_MC_PtResolution_AK8PFPuppi.txt'
Loading JER scale factors and uncertainties from file '/tmp/tmpS908xd/Autumn18_V7_MC_SF_AK8PFPuppi.txt'
Pre-select 1219400 entries out of 1219400 (100.00%)
nanoAODv5? True
Processed    10000/ 1219400 entries,  0.82% (elapsed time   145.0s, curr speed    0.069 kHz, avg speed    0.069 kHz), accepted        6/   10001 events ( 0.06%)
Processed    20000/ 1219400 entries,  1.64% (elapsed time   288.2s, curr speed    0.070 kHz, avg speed    0.069 kHz), accepted       18/   20001 events ( 0.09%)
ZtoMM trigger inconsistency
Processed    30000/ 1219400 entries,  2.46% (elapsed time   434.5s, curr speed    0.068 kHz, avg speed    0.069 kHz), accepted       29/   30001 events ( 0.10%)
Processed    40000/ 1219400 entries,  3.28% (elapsed time   567.5s, curr speed    0.075 kHz, avg speed    0.070 kHz), accepted       42/   40001 events ( 0.10%)
Processed    50000/ 1219400 entries,  4.10% (elapsed time   701.3s, curr speed    0.075 kHz, avg speed    0.071 kHz), accepted       60/   50001 events ( 0.12%)
Processed    60000/ 1219400 entries,  4.92% (elapsed time   827.7s, curr speed    0.079 kHz, avg speed    0.072 kHz), accepted       74/   60001 events ( 0.12%)
Processed    70000/ 1219400 entries,  5.74% (elapsed time   955.1s, curr speed    0.078 kHz, avg speed    0.073 kHz), accepted       87/   70001 events ( 0.12%)
Processed    80000/ 1219400 entries,  6.56% (elapsed time  1087.0s, curr speed    0.076 kHz, avg speed    0.074 kHz), accepted      102/   80001 events ( 0.13%)
Processed    90000/ 1219400 entries,  7.38% (elapsed time  1231.8s, curr speed    0.069 kHz, avg speed    0.073 kHz), accepted      119/   90001 events ( 0.13%)
TtoEM trigger inconsistency
Processed   100000/ 1219400 entries,  8.20% (elapsed time  1354.4s, curr speed    0.082 kHz, avg speed    0.074 kHz), accepted      135/  100001 events ( 0.13%)
Processed   110000/ 1219400 entries,  9.02% (elapsed time  1484.5s, curr speed    0.077 kHz, avg speed    0.074 kHz), accepted      155/  110001 events ( 0.14%)
Processed   120000/ 1219400 entries,  9.84% (elapsed time  1609.2s, curr speed    0.080 kHz, avg speed    0.075 kHz), accepted      168/  120001 events ( 0.14%)
Processed   130000/ 1219400 entries, 10.66% (elapsed time  1739.7s, curr speed    0.077 kHz, avg speed    0.075 kHz), accepted      176/  130001 events ( 0.14%)
Processed   140000/ 1219400 entries, 11.48% (elapsed time  1868.3s, curr speed    0.078 kHz, avg speed    0.075 kHz), accepted      193/  140001 events ( 0.14%)
Processed   150000/ 1219400 entries, 12.30% (elapsed time  1992.4s, curr speed    0.081 kHz, avg speed    0.075 kHz), accepted      204/  150001 events ( 0.14%)
Processed   160000/ 1219400 entries, 13.12% (elapsed time  2123.2s, curr speed    0.076 kHz, avg speed    0.075 kHz), accepted      228/  160001 events ( 0.14%)
Processed   170000/ 1219400 entries, 13.94% (elapsed time  2244.8s, curr speed    0.082 kHz, avg speed    0.076 kHz), accepted      240/  170001 events ( 0.14%)
ZtoMM trigger inconsistency
Processed   180000/ 1219400 entries, 14.76% (elapsed time  2388.6s, curr speed    0.070 kHz, avg speed    0.075 kHz), accepted      259/  180001 events ( 0.14%)
Processed   190000/ 1219400 entries, 15.58% (elapsed time  2532.9s, curr speed    0.069 kHz, avg speed    0.075 kHz), accepted      278/  190001 events ( 0.15%)
Processed   200000/ 1219400 entries, 16.40% (elapsed time  2660.7s, curr speed    0.078 kHz, avg speed    0.075 kHz), accepted      291/  200001 events ( 0.15%)
%MSG-e SimpleJetCorrectionUncertainty: 
 bin variables out of range
%MSG
%MSG-e SimpleJetCorrectionUncertainty: 
 bin variables out of range
%MSG
Processed   210000/ 1219400 entries, 17.22% (elapsed time  2783.0s, curr speed    0.082 kHz, avg speed    0.075 kHz), accepted      308/  210001 events ( 0.15%)
Processed   220000/ 1219400 entries, 18.04% (elapsed time  2911.4s, curr speed    0.078 kHz, avg speed    0.076 kHz), accepted      319/  220001 events ( 0.14%)
ZtoMM trigger inconsistency
Processed   230000/ 1219400 entries, 18.86% (elapsed time  3027.8s, curr speed    0.086 kHz, avg speed    0.076 kHz), accepted      333/  230001 events ( 0.14%)
Processed   240000/ 1219400 entries, 19.68% (elapsed time  3153.7s, curr speed    0.079 kHz, avg speed    0.076 kHz), accepted      345/  240001 events ( 0.14%)
Processed   250000/ 1219400 entries, 20.50% (elapsed time  3269.4s, curr speed    0.086 kHz, avg speed    0.076 kHz), accepted      360/  250001 events ( 0.14%)
Processed   260000/ 1219400 entries, 21.32% (elapsed time  3397.6s, curr speed    0.078 kHz, avg speed    0.077 kHz), accepted      374/  260001 events ( 0.14%)
Processed   270000/ 1219400 entries, 22.14% (elapsed time  3520.3s, curr speed    0.081 kHz, avg speed    0.077 kHz), accepted      393/  270001 events ( 0.15%)
ZtoMM trigger inconsistency
Processed   280000/ 1219400 entries, 22.96% (elapsed time  3634.0s, curr speed    0.088 kHz, avg speed    0.077 kHz), accepted      409/  280001 events ( 0.15%)
Processed   290000/ 1219400 entries, 23.78% (elapsed time  3764.1s, curr speed    0.077 kHz, avg speed    0.077 kHz), accepted      418/  290001 events ( 0.14%)
Processed   300000/ 1219400 entries, 24.60% (elapsed time  3899.2s, curr speed    0.074 kHz, avg speed    0.077 kHz), accepted      427/  300001 events ( 0.14%)
TtoEM trigger inconsistency
Processed   310000/ 1219400 entries, 25.42% (elapsed time  4030.3s, curr speed    0.076 kHz, avg speed    0.077 kHz), accepted      449/  310001 events ( 0.14%)
Processed   320000/ 1219400 entries, 26.24% (elapsed time  4154.8s, curr speed    0.080 kHz, avg speed    0.077 kHz), accepted      462/  320001 events ( 0.14%)
ZtoMM trigger inconsistency
Processed   330000/ 1219400 entries, 27.06% (elapsed time  4280.9s, curr speed    0.079 kHz, avg speed    0.077 kHz), accepted      479/  330001 events ( 0.15%)
TtoEM trigger inconsistency
Processed   340000/ 1219400 entries, 27.88% (elapsed time  4406.8s, curr speed    0.079 kHz, avg speed    0.077 kHz), accepted      493/  340001 events ( 0.14%)
Processed   350000/ 1219400 entries, 28.70% (elapsed time  4529.7s, curr speed    0.081 kHz, avg speed    0.077 kHz), accepted      512/  350001 events ( 0.15%)
ZtoMM trigger inconsistency
Processed   360000/ 1219400 entries, 29.52% (elapsed time  4652.5s, curr speed    0.081 kHz, avg speed    0.077 kHz), accepted      524/  360001 events ( 0.15%)
Processed   370000/ 1219400 entries, 30.34% (elapsed time  4776.1s, curr speed    0.081 kHz, avg speed    0.077 kHz), accepted      536/  370001 events ( 0.14%)
ZtoMM trigger inconsistency
Processed   380000/ 1219400 entries, 31.16% (elapsed time  4907.6s, curr speed    0.076 kHz, avg speed    0.077 kHz), accepted      550/  380001 events ( 0.14%)
Processed   390000/ 1219400 entries, 31.98% (elapsed time  5022.1s, curr speed    0.087 kHz, avg speed    0.078 kHz), accepted      565/  390001 events ( 0.14%)
Processed   400000/ 1219400 entries, 32.80% (elapsed time  5150.5s, curr speed    0.078 kHz, avg speed    0.078 kHz), accepted      578/  400001 events ( 0.14%)
TtoEM trigger inconsistency
Processed   410000/ 1219400 entries, 33.62% (elapsed time  5269.8s, curr speed    0.084 kHz, avg speed    0.078 kHz), accepted      595/  410001 events ( 0.15%)
Processed   420000/ 1219400 entries, 34.44% (elapsed time  5387.0s, curr speed    0.085 kHz, avg speed    0.078 kHz), accepted      613/  420001 events ( 0.15%)
Processed   430000/ 1219400 entries, 35.26% (elapsed time  5519.6s, curr speed    0.075 kHz, avg speed    0.078 kHz), accepted      628/  430001 events ( 0.15%)
Processed   440000/ 1219400 entries, 36.08% (elapsed time  5637.8s, curr speed    0.085 kHz, avg speed    0.078 kHz), accepted      640/  440001 events ( 0.15%)
TtoEM trigger inconsistency
Processed   450000/ 1219400 entries, 36.90% (elapsed time  5767.9s, curr speed    0.077 kHz, avg speed    0.078 kHz), accepted      654/  450001 events ( 0.15%)
Processed   460000/ 1219400 entries, 37.72% (elapsed time  5877.6s, curr speed    0.091 kHz, avg speed    0.078 kHz), accepted      673/  460001 events ( 0.15%)
ZtoMM trigger inconsistency
Processed   470000/ 1219400 entries, 38.54% (elapsed time  6013.6s, curr speed    0.074 kHz, avg speed    0.078 kHz), accepted      685/  470001 events ( 0.15%)
Processed   480000/ 1219400 entries, 39.36% (elapsed time  6127.7s, curr speed    0.088 kHz, avg speed    0.078 kHz), accepted      693/  480001 events ( 0.14%)
TtoEM trigger inconsistency
Processed   490000/ 1219400 entries, 40.18% (elapsed time  6256.4s, curr speed    0.078 kHz, avg speed    0.078 kHz), accepted      706/  490001 events ( 0.14%)
Processed   500000/ 1219400 entries, 41.00% (elapsed time  6377.6s, curr speed    0.083 kHz, avg speed    0.078 kHz), accepted      718/  500001 events ( 0.14%)
Processed   510000/ 1219400 entries, 41.82% (elapsed time  6508.6s, curr speed    0.076 kHz, avg speed    0.078 kHz), accepted      733/  510001 events ( 0.14%)
Processed   520000/ 1219400 entries, 42.64% (elapsed time  6635.4s, curr speed    0.079 kHz, avg speed    0.078 kHz), accepted      745/  520001 events ( 0.14%)
Processed   530000/ 1219400 entries, 43.46% (elapsed time  6766.3s, curr speed    0.076 kHz, avg speed    0.078 kHz), accepted      756/  530001 events ( 0.14%)
ZtoMM trigger inconsistency
Processed   540000/ 1219400 entries, 44.28% (elapsed time  6889.2s, curr speed    0.081 kHz, avg speed    0.078 kHz), accepted      774/  540001 events ( 0.14%)
Processed   550000/ 1219400 entries, 45.10% (elapsed time  7014.9s, curr speed    0.080 kHz, avg speed    0.078 kHz), accepted      790/  550001 events ( 0.14%)
Processed   560000/ 1219400 entries, 45.92% (elapsed time  7151.3s, curr speed    0.073 kHz, avg speed    0.078 kHz), accepted      806/  560001 events ( 0.14%)
Processed   570000/ 1219400 entries, 46.74% (elapsed time  7271.3s, curr speed    0.083 kHz, avg speed    0.078 kHz), accepted      825/  570001 events ( 0.14%)
ZtoMM trigger inconsistency
Processed   580000/ 1219400 entries, 47.56% (elapsed time  7394.4s, curr speed    0.081 kHz, avg speed    0.078 kHz), accepted      838/  580001 events ( 0.14%)
TtoEM trigger inconsistency
Processed   590000/ 1219400 entries, 48.38% (elapsed time  7517.5s, curr speed    0.081 kHz, avg speed    0.078 kHz), accepted      850/  590001 events ( 0.14%)
Processed   600000/ 1219400 entries, 49.20% (elapsed time  7643.9s, curr speed    0.079 kHz, avg speed    0.078 kHz), accepted      868/  600001 events ( 0.14%)
WARNING: jet m = -0.0 !!
Processed   610000/ 1219400 entries, 50.02% (elapsed time  7765.0s, curr speed    0.083 kHz, avg speed    0.079 kHz), accepted      885/  610001 events ( 0.15%)
Processed   620000/ 1219400 entries, 50.84% (elapsed time  7881.8s, curr speed    0.086 kHz, avg speed    0.079 kHz), accepted      896/  620001 events ( 0.14%)
Processed   630000/ 1219400 entries, 51.66% (elapsed time  8012.7s, curr speed    0.076 kHz, avg speed    0.079 kHz), accepted      914/  630001 events ( 0.15%)
TtoEM trigger inconsistency
Processed   640000/ 1219400 entries, 52.48% (elapsed time  8137.1s, curr speed    0.080 kHz, avg speed    0.079 kHz), accepted      926/  640001 events ( 0.14%)
Processed   650000/ 1219400 entries, 53.30% (elapsed time  8263.8s, curr speed    0.079 kHz, avg speed    0.079 kHz), accepted      943/  650001 events ( 0.15%)
Processed   660000/ 1219400 entries, 54.12% (elapsed time  8383.4s, curr speed    0.084 kHz, avg speed    0.079 kHz), accepted      955/  660001 events ( 0.14%)
ZtoMM trigger inconsistency
Processed   670000/ 1219400 entries, 54.95% (elapsed time  8468.8s, curr speed    0.117 kHz, avg speed    0.079 kHz), accepted      964/  670001 events ( 0.14%)
Processed   680000/ 1219400 entries, 55.77% (elapsed time  8554.3s, curr speed    0.117 kHz, avg speed    0.079 kHz), accepted      976/  680001 events ( 0.14%)
Processed   690000/ 1219400 entries, 56.59% (elapsed time  8638.5s, curr speed    0.119 kHz, avg speed    0.080 kHz), accepted      985/  690001 events ( 0.14%)
Processed   700000/ 1219400 entries, 57.41% (elapsed time  8725.3s, curr speed    0.115 kHz, avg speed    0.080 kHz), accepted     1003/  700001 events ( 0.14%)
ZtoMM trigger inconsistency
Processed   710000/ 1219400 entries, 58.23% (elapsed time  8807.4s, curr speed    0.122 kHz, avg speed    0.081 kHz), accepted     1009/  710001 events ( 0.14%)
Processed   720000/ 1219400 entries, 59.05% (elapsed time  8893.0s, curr speed    0.117 kHz, avg speed    0.081 kHz), accepted     1023/  720001 events ( 0.14%)
Processed   730000/ 1219400 entries, 59.87% (elapsed time  8978.3s, curr speed    0.117 kHz, avg speed    0.081 kHz), accepted     1032/  730001 events ( 0.14%)
Processed   740000/ 1219400 entries, 60.69% (elapsed time  9065.2s, curr speed    0.115 kHz, avg speed    0.082 kHz), accepted     1047/  740001 events ( 0.14%)
%MSG-e SimpleJetCorrectionUncertainty: 
 bin variables out of range
%MSG
%MSG-e SimpleJetCorrectionUncertainty: 
 bin variables out of range
%MSG
Processed   750000/ 1219400 entries, 61.51% (elapsed time  9149.5s, curr speed    0.119 kHz, avg speed    0.082 kHz), accepted     1060/  750001 events ( 0.14%)
Processed   760000/ 1219400 entries, 62.33% (elapsed time  9232.2s, curr speed    0.121 kHz, avg speed    0.082 kHz), accepted     1074/  760001 events ( 0.14%)
Processed   770000/ 1219400 entries, 63.15% (elapsed time  9317.5s, curr speed    0.117 kHz, avg speed    0.083 kHz), accepted     1086/  770001 events ( 0.14%)
ZtoMM trigger inconsistency
Processed   780000/ 1219400 entries, 63.97% (elapsed time  9399.4s, curr speed    0.122 kHz, avg speed    0.083 kHz), accepted     1096/  780001 events ( 0.14%)
Processed   790000/ 1219400 entries, 64.79% (elapsed time  9482.4s, curr speed    0.120 kHz, avg speed    0.083 kHz), accepted     1111/  790001 events ( 0.14%)
Processed   800000/ 1219400 entries, 65.61% (elapsed time  9562.8s, curr speed    0.124 kHz, avg speed    0.084 kHz), accepted     1122/  800001 events ( 0.14%)
TtoEM trigger inconsistency
Processed   810000/ 1219400 entries, 66.43% (elapsed time  9645.7s, curr speed    0.121 kHz, avg speed    0.084 kHz), accepted     1133/  810001 events ( 0.14%)
TtoEM trigger inconsistency
ZtoMM trigger inconsistency
Processed   820000/ 1219400 entries, 67.25% (elapsed time  9727.8s, curr speed    0.122 kHz, avg speed    0.084 kHz), accepted     1147/  820001 events ( 0.14%)
TtoEM trigger inconsistency
Processed   830000/ 1219400 entries, 68.07% (elapsed time  9811.2s, curr speed    0.120 kHz, avg speed    0.085 kHz), accepted     1156/  830001 events ( 0.14%)
ZtoMM trigger inconsistency
Processed   840000/ 1219400 entries, 68.89% (elapsed time  9893.9s, curr speed    0.121 kHz, avg speed    0.085 kHz), accepted     1165/  840001 events ( 0.14%)
Processed   850000/ 1219400 entries, 69.71% (elapsed time  9976.0s, curr speed    0.122 kHz, avg speed    0.085 kHz), accepted     1175/  850001 events ( 0.14%)
Processed   860000/ 1219400 entries, 70.53% (elapsed time 10060.1s, curr speed    0.119 kHz, avg speed    0.085 kHz), accepted     1193/  860001 events ( 0.14%)
TtoEM trigger inconsistency
Processed   870000/ 1219400 entries, 71.35% (elapsed time 10142.0s, curr speed    0.122 kHz, avg speed    0.086 kHz), accepted     1203/  870001 events ( 0.14%)
Processed   880000/ 1219400 entries, 72.17% (elapsed time 10226.4s, curr speed    0.118 kHz, avg speed    0.086 kHz), accepted     1219/  880001 events ( 0.14%)
TtoEM trigger inconsistency
Processed   890000/ 1219400 entries, 72.99% (elapsed time 10309.1s, curr speed    0.121 kHz, avg speed    0.086 kHz), accepted     1235/  890001 events ( 0.14%)
Processed   900000/ 1219400 entries, 73.81% (elapsed time 10393.8s, curr speed    0.118 kHz, avg speed    0.087 kHz), accepted     1256/  900001 events ( 0.14%)
TtoEM trigger inconsistency
Processed   910000/ 1219400 entries, 74.63% (elapsed time 10477.2s, curr speed    0.120 kHz, avg speed    0.087 kHz), accepted     1273/  910001 events ( 0.14%)
ZtoMM trigger inconsistency
Processed   920000/ 1219400 entries, 75.45% (elapsed time 10559.8s, curr speed    0.121 kHz, avg speed    0.087 kHz), accepted     1283/  920001 events ( 0.14%)
Processed   930000/ 1219400 entries, 76.27% (elapsed time 10644.0s, curr speed    0.119 kHz, avg speed    0.087 kHz), accepted     1296/  930001 events ( 0.14%)
ZtoMM trigger inconsistency
Processed   940000/ 1219400 entries, 77.09% (elapsed time 10725.2s, curr speed    0.123 kHz, avg speed    0.088 kHz), accepted     1312/  940001 events ( 0.14%)
TtoEM trigger inconsistency
Processed   950000/ 1219400 entries, 77.91% (elapsed time 10809.2s, curr speed    0.119 kHz, avg speed    0.088 kHz), accepted     1329/  950001 events ( 0.14%)
Processed   960000/ 1219400 entries, 78.73% (elapsed time 10891.0s, curr speed    0.122 kHz, avg speed    0.088 kHz), accepted     1341/  960001 events ( 0.14%)
ZtoMM trigger inconsistency
Processed   970000/ 1219400 entries, 79.55% (elapsed time 10974.7s, curr speed    0.119 kHz, avg speed    0.088 kHz), accepted     1354/  970001 events ( 0.14%)
TtoEM trigger inconsistency
Processed   980000/ 1219400 entries, 80.37% (elapsed time 11056.1s, curr speed    0.123 kHz, avg speed    0.089 kHz), accepted     1369/  980001 events ( 0.14%)
Processed   990000/ 1219400 entries, 81.19% (elapsed time 11139.1s, curr speed    0.120 kHz, avg speed    0.089 kHz), accepted     1383/  990001 events ( 0.14%)
ZtoMM trigger inconsistency
Processed  1000000/ 1219400 entries, 82.01% (elapsed time 11222.8s, curr speed    0.119 kHz, avg speed    0.089 kHz), accepted     1397/ 1000001 events ( 0.14%)
Processed  1010000/ 1219400 entries, 82.83% (elapsed time 11305.5s, curr speed    0.121 kHz, avg speed    0.089 kHz), accepted     1414/ 1010001 events ( 0.14%)
TtoEM trigger inconsistency
Processed  1020000/ 1219400 entries, 83.65% (elapsed time 11390.0s, curr speed    0.118 kHz, avg speed    0.090 kHz), accepted     1432/ 1020001 events ( 0.14%)
Processed  1030000/ 1219400 entries, 84.47% (elapsed time 11472.1s, curr speed    0.122 kHz, avg speed    0.090 kHz), accepted     1445/ 1030001 events ( 0.14%)
Processed  1040000/ 1219400 entries, 85.29% (elapsed time 11554.7s, curr speed    0.121 kHz, avg speed    0.090 kHz), accepted     1458/ 1040001 events ( 0.14%)
ZtoEE trigger inconsistency
Processed  1050000/ 1219400 entries, 86.11% (elapsed time 11638.1s, curr speed    0.120 kHz, avg speed    0.090 kHz), accepted     1477/ 1050001 events ( 0.14%)
Processed  1060000/ 1219400 entries, 86.93% (elapsed time 11722.9s, curr speed    0.118 kHz, avg speed    0.090 kHz), accepted     1496/ 1060001 events ( 0.14%)
Processed  1070000/ 1219400 entries, 87.75% (elapsed time 11805.3s, curr speed    0.121 kHz, avg speed    0.091 kHz), accepted     1507/ 1070001 events ( 0.14%)
ZtoMM trigger inconsistency
Processed  1080000/ 1219400 entries, 88.57% (elapsed time 11888.0s, curr speed    0.121 kHz, avg speed    0.091 kHz), accepted     1516/ 1080001 events ( 0.14%)
Processed  1090000/ 1219400 entries, 89.39% (elapsed time 11969.8s, curr speed    0.122 kHz, avg speed    0.091 kHz), accepted     1526/ 1090001 events ( 0.14%)
Processed  1100000/ 1219400 entries, 90.21% (elapsed time 12050.8s, curr speed    0.123 kHz, avg speed    0.091 kHz), accepted     1537/ 1100001 events ( 0.14%)
Processed  1110000/ 1219400 entries, 91.03% (elapsed time 12133.8s, curr speed    0.121 kHz, avg speed    0.091 kHz), accepted     1548/ 1110001 events ( 0.14%)
TtoEM trigger inconsistency
ZtoMM trigger inconsistency
Processed  1120000/ 1219400 entries, 91.85% (elapsed time 12214.2s, curr speed    0.124 kHz, avg speed    0.092 kHz), accepted     1561/ 1120001 events ( 0.14%)
Processed  1130000/ 1219400 entries, 92.67% (elapsed time 12297.0s, curr speed    0.121 kHz, avg speed    0.092 kHz), accepted     1573/ 1130001 events ( 0.14%)
TtoEM trigger inconsistency
Processed  1140000/ 1219400 entries, 93.49% (elapsed time 12378.8s, curr speed    0.122 kHz, avg speed    0.092 kHz), accepted     1591/ 1140001 events ( 0.14%)
Processed  1150000/ 1219400 entries, 94.31% (elapsed time 12461.2s, curr speed    0.121 kHz, avg speed    0.092 kHz), accepted     1609/ 1150001 events ( 0.14%)
Processed  1160000/ 1219400 entries, 95.13% (elapsed time 12542.9s, curr speed    0.122 kHz, avg speed    0.092 kHz), accepted     1624/ 1160001 events ( 0.14%)
Processed  1170000/ 1219400 entries, 95.95% (elapsed time 12623.0s, curr speed    0.125 kHz, avg speed    0.093 kHz), accepted     1636/ 1170001 events ( 0.14%)
TtoEM trigger inconsistency
Processed  1180000/ 1219400 entries, 96.77% (elapsed time 12705.3s, curr speed    0.122 kHz, avg speed    0.093 kHz), accepted     1653/ 1180001 events ( 0.14%)
Processed  1190000/ 1219400 entries, 97.59% (elapsed time 12784.8s, curr speed    0.126 kHz, avg speed    0.093 kHz), accepted     1666/ 1190001 events ( 0.14%)
Processed  1200000/ 1219400 entries, 98.41% (elapsed time 12867.0s, curr speed    0.122 kHz, avg speed    0.093 kHz), accepted     1680/ 1200001 events ( 0.14%)
Processed  1210000/ 1219400 entries, 99.23% (elapsed time 12947.3s, curr speed    0.125 kHz, avg speed    0.093 kHz), accepted     1689/ 1210001 events ( 0.14%)
Processed 1219400 preselected entries from root://cms-xrd-global.cern.ch//store/mc/RunIIAutumn18NanoAODv6/ZZTo4L_TuneCP5_13TeV_powheg_pythia8/NANOAODSIM/Nano25Oct2019_102X_upgrade2018_realistic_v20_ext1-v1/60000/80887B26-1BA0-AD46-9F2E-FE4FF91A5303.root (1219400 entries). Finally selected 1699 entries
Done /work/pbaertsc/heavy_resonance/output_2018/ZZTo4L_TuneCP5_13TeV_powheg_pythia8__RunIIAutumn18NanoAODv6-Nano25Oct2019_102X_upgrade2018_realistic_v20_ext1-v1__NANOAODSIM/80887B26-1BA0-AD46-9F2E-FE4FF91A5303.root
93.5892801362 Hz
deleting root file with name: /work/pbaertsc/heavy_resonance/output_2018/ZZTo4L_TuneCP5_13TeV_powheg_pythia8__RunIIAutumn18NanoAODv6-Nano25Oct2019_102X_upgrade2018_realistic_v20_ext1-v1__NANOAODSIM/80887B26-1BA0-AD46-9F2E-FE4FF91A5303.root
DONE
Complete at
Sat Feb  1 20:07:09 CET 2020
