job start at
Tue Jan 28 20:30:58 CET 2020
SLURM_JOB_ID: 421754
HOSTNAME: t3wn48
JOBLIST:joblist/joblist_ZprimeToZHToZinvHall_narrow_M-5000_TuneCP5_13TeV-madgraph-pythia8__RunIIFall17NanoAODv6-PU2017_12Apr2018_Nano25Oct2019_102X_mc2017_realistic_v7-v1__NANOAODSIM_ll.txt
Going to execute
python job.py -i root://cms-xrd-global.cern.ch//store/mc/RunIIFall17NanoAODv6/ZprimeToZHToZinvHall_narrow_M-5000_TuneCP5_13TeV-madgraph-pythia8/NANOAODSIM/PU2017_12Apr2018_Nano25Oct2019_102X_mc2017_realistic_v7-v1/260000/3841EE37-06ED-704F-91C5-C9B353E15BBC.root -o /work/pbaertsc/heavy_resonance/output_2017/ZprimeToZHToZinvHall_narrow_M-5000_TuneCP5_13TeV-madgraph-pythia8__RunIIFall17NanoAODv6-PU2017_12Apr2018_Nano25Oct2019_102X_mc2017_realistic_v7-v1__NANOAODSIM -N ZprimeToZHToZinvHall_narrow_M-5000_TuneCP5_13TeV-madgraph-pythia8__RunIIFall17NanoAODv6-PU2017_12Apr2018_Nano25Oct2019_102X_mc2017_realistic_v7-v1__NANOAODSIM -n 2 -c ll -y 2017
TClass::Init:0: RuntimeWarning: no dictionary for class ROOT::TIOFeatures is available
/work/pbaertsc/heavy_resonance/CMSSW_9_4_6/python/PhysicsTools/NanoAODTools/postprocessing/framework/treeReaderArrayTools.py:69: RuntimeWarning: creating executor for unknown type "ULong64_t*"
  ret = _vr.Get()[0]
JEC= Fall17_17Nov2017_V32_MC 	 JER= Fall17_V3_MC
MET branch= PuppiMET
JEC= Fall17_17Nov2017_V32_MC 	 JER= Fall17_V3_MC
MET branch= PuppiMET
--------------------------------------------------------------------------------
input files  = ['root://cms-xrd-global.cern.ch//store/mc/RunIIFall17NanoAODv6/ZprimeToZHToZinvHall_narrow_M-5000_TuneCP5_13TeV-madgraph-pythia8/NANOAODSIM/PU2017_12Apr2018_Nano25Oct2019_102X_mc2017_realistic_v7-v1/260000/3841EE37-06ED-704F-91C5-C9B353E15BBC.root']
output directory = /work/pbaertsc/heavy_resonance/output_2017/ZprimeToZHToZinvHall_narrow_M-5000_TuneCP5_13TeV-madgraph-pythia8__RunIIFall17NanoAODv6-PU2017_12Apr2018_Nano25Oct2019_102X_mc2017_realistic_v7-v1__NANOAODSIM
output file  = ZprimeToZHToZinvHall_narrow_M-5000_TuneCP5_13TeV-madgraph-pythia8__RunIIFall17NanoAODv6-PU2017_12Apr2018_Nano25Oct2019_102X_mc2017_realistic_v7-v1__NANOAODSIM_2_ll.root
chunck       = 2
channel      = ll
dataType     = mc
year         = 2017
tes          = 1.0
ltf          = 1.0
jtf          = 1.0
--------------------------------------------------------------------------------
job.py: creating PostProcessor...
TreeProducer is called /work/pbaertsc/heavy_resonance/output_2017/ZprimeToZHToZinvHall_narrow_M-5000_TuneCP5_13TeV-madgraph-pythia8__RunIIFall17NanoAODv6-PU2017_12Apr2018_Nano25Oct2019_102X_mc2017_realistic_v7-v1__NANOAODSIM/ZprimeToZHToZinvHall_narrow_M-5000_TuneCP5_13TeV-madgraph-pythia8__RunIIFall17NanoAODv6-PU2017_12Apr2018_Nano25Oct2019_102X_mc2017_realistic_v7-v1__NANOAODSIM_2_ll.root
job.py: going to run PostProcessor...
Will write selected trees to /work/pbaertsc/heavy_resonance/output_2017/ZprimeToZHToZinvHall_narrow_M-5000_TuneCP5_13TeV-madgraph-pythia8__RunIIFall17NanoAODv6-PU2017_12Apr2018_Nano25Oct2019_102X_mc2017_realistic_v7-v1__NANOAODSIM
Loading jet energy scale (JES) uncertainties from file '/tmp/tmp781mo0/Fall17_17Nov2017_V32_MC_Uncertainty_AK4PFchs.txt'
Loading jet energy resolutions (JER) from file '/tmp/tmpOVx88W/Fall17_V3_MC_PtResolution_AK4PFchs.txt'
Loading JER scale factors and uncertainties from file '/tmp/tmpOVx88W/Fall17_V3_MC_SF_AK4PFchs.txt'
Loading jet energy scale (JES) uncertainties from file '/tmp/tmpMBIJPx/Fall17_17Nov2017_V32_MC_Uncertainty_AK8PFPuppi.txt'
Loading jet energy resolutions (JER) from file '/tmp/tmp6JBcmB/Fall17_V3_MC_PtResolution_AK8PFPuppi.txt'
Loading JER scale factors and uncertainties from file '/tmp/tmp6JBcmB/Fall17_V3_MC_SF_AK8PFPuppi.txt'
Pre-select 19000 entries out of 19000 (100.00%)
nanoAODv5? True
Bad event
TtoEM trigger inconsistency
Bad event
Bad event
Bad event
Bad event
Bad event
Bad event
Bad event
Bad event
TtoEM trigger inconsistency
WARNING: jet m = -0.0 !!
WARNING: jet m = -0.0 !!
Bad event
Bad event
Bad event
Bad event
Bad event
Bad event
Bad event
Bad event
Bad event
Bad event
Bad event
Bad event
Bad event
Bad event
Bad event
Bad event
Bad event
Bad event
TtoEM trigger inconsistency
Bad event
Bad event
Bad event
TtoEM trigger inconsistency
Bad event
Bad event
Bad event
Bad event
Bad event
Bad event
Bad event
Bad event
Bad event
Bad event
Bad event
TtoEM trigger inconsistency
Bad event
Bad event
Bad event
Bad event
Bad event
Bad event
Bad event
Bad event
Bad event
Bad event
Bad event
TtoEM trigger inconsistency
Bad event
Bad event
Bad event
Bad event
Bad event
Bad event
Bad event
Bad event
Bad event
Bad event
Bad event
Bad event
Bad event
Bad event
Bad event
Bad event
Bad event
Bad event
Bad event
Bad event
Bad event
Bad event
Bad event
Bad event
Bad event
Bad event
Bad event
Bad event
Bad event
Bad event
Bad event
Bad event
Bad event
Bad event
Bad event
Bad event
Bad event
Bad event
Bad event
Bad event
Bad event
Bad event
TtoEM trigger inconsistency
Bad event
Bad event
Bad event
Bad event
Bad event
Bad event
Bad event
Bad event
Bad event
Bad event
Bad event
Bad event
Bad event
Bad event
Bad event
Bad event
Bad event
Bad event
Bad event
Bad event
Bad event
Bad event
Bad event
Bad event
Bad event
Bad event
Bad event
Bad event
Bad event
Bad event
Bad event
Bad event
Bad event
Bad event
Bad event
Bad event
Bad event
Bad event
Bad event
Bad event
Bad event
Bad event
Bad event
Bad event
Bad event
Bad event
Bad event
Bad event
Bad event
Bad event
Bad event
Bad event
Bad event
Bad event
Bad event
Bad event
Bad event
Bad event
Bad event
Processed    10000/   19000 entries, 52.63% (elapsed time   388.8s, curr speed    0.026 kHz, avg speed    0.026 kHz), accepted     9550/   10001 events (95.49%)
Bad event
Bad event
Bad event
Bad event
Bad event
Bad event
Bad event
Bad event
Bad event
TtoEM trigger inconsistency
Bad event
WARNING: jet m = -0.0 !!
WARNING: jet m = -0.0 !!
TtoEM trigger inconsistency
Bad event
Bad event
Bad event
Bad event
Bad event
Bad event
Bad event
Bad event
Bad event
Bad event
Bad event
Bad event
Bad event
Bad event
Bad event
Bad event
Bad event
Bad event
TtoEM trigger inconsistency
Bad event
Bad event
Bad event
Bad event
Bad event
Bad event
TtoEM trigger inconsistency
Bad event
Bad event
Bad event
Bad event
Bad event
Bad event
Bad event
Bad event
Bad event
Bad event
Bad event
Bad event
Bad event
Bad event
Bad event
Bad event
Bad event
Bad event
Bad event
Bad event
Bad event
Bad event
Bad event
Bad event
Bad event
Bad event
Bad event
Bad event
Bad event
Bad event
Bad event
Bad event
Bad event
Bad event
Bad event
Bad event
Bad event
Bad event
Bad event
Bad event
Bad event
Bad event
Bad event
Bad event
Bad event
Bad event
Bad event
Bad event
Bad event
Bad event
Bad event
Bad event
Bad event
Bad event
Bad event
Bad event
Bad event
Bad event
Bad event
Bad event
Bad event
Bad event
Bad event
Bad event
Bad event
Bad event
Bad event
Bad event
Bad event
Bad event
Bad event
Bad event
Bad event
Bad event
Bad event
Bad event
Bad event
Bad event
Bad event
Bad event
Bad event
Bad event
Bad event
Bad event
Bad event
Bad event
Bad event
Bad event
Bad event
Bad event
Bad event
Bad event
Bad event
Bad event
Bad event
Bad event
Bad event
Bad event
Bad event
Bad event
Bad event
Bad event
Bad event
Bad event
Bad event
Bad event
Bad event
Bad event
Bad event
Bad event
Bad event
Bad event
Bad event
Bad event
Bad event
Bad event
Bad event
Bad event
Bad event
Bad event
Bad event
Bad event
Bad event
Bad event
TtoEM trigger inconsistency
Bad event
Bad event
Bad event
Bad event
Bad event
Bad event
Bad event
Bad event
Bad event
ZtoMM trigger inconsistency
Bad event
Bad event
Bad event
Processed 19000 preselected entries from root://cms-xrd-global.cern.ch//store/mc/RunIIFall17NanoAODv6/ZprimeToZHToZinvHall_narrow_M-5000_TuneCP5_13TeV-madgraph-pythia8/NANOAODSIM/PU2017_12Apr2018_Nano25Oct2019_102X_mc2017_realistic_v7-v1/260000/3841EE37-06ED-704F-91C5-C9B353E15BBC.root (19000 entries). Finally selected 18066 entries
Done /work/pbaertsc/heavy_resonance/output_2017/ZprimeToZHToZinvHall_narrow_M-5000_TuneCP5_13TeV-madgraph-pythia8__RunIIFall17NanoAODv6-PU2017_12Apr2018_Nano25Oct2019_102X_mc2017_realistic_v7-v1__NANOAODSIM/3841EE37-06ED-704F-91C5-C9B353E15BBC.root
22.7411459144 Hz
deleting root file with name: /work/pbaertsc/heavy_resonance/output_2017/ZprimeToZHToZinvHall_narrow_M-5000_TuneCP5_13TeV-madgraph-pythia8__RunIIFall17NanoAODv6-PU2017_12Apr2018_Nano25Oct2019_102X_mc2017_realistic_v7-v1__NANOAODSIM/3841EE37-06ED-704F-91C5-C9B353E15BBC.root
DONE
Complete at
Tue Jan 28 21:07:00 CET 2020
