job start at
Tue Jan 28 20:32:47 CET 2020
SLURM_JOB_ID: 422032
HOSTNAME: t3wn53
JOBLIST:joblist/joblist_ZZTo2Q2Nu_TuneCP5_13TeV_amcatnloFXFX_madspin_pythia8__RunIIAutumn18NanoAODv6-Nano25Oct2019_102X_upgrade2018_realistic_v20-v1__NANOAODSIM_ll.txt
Going to execute
python job.py -i root://cms-xrd-global.cern.ch//store/mc/RunIIAutumn18NanoAODv6/ZZTo2Q2Nu_TuneCP5_13TeV_amcatnloFXFX_madspin_pythia8/NANOAODSIM/Nano25Oct2019_102X_upgrade2018_realistic_v20-v1/260000/1CF3F0D8-3C80-3F42-A2BB-6D183E20C603.root -o /work/pbaertsc/heavy_resonance/output_2018/ZZTo2Q2Nu_TuneCP5_13TeV_amcatnloFXFX_madspin_pythia8__RunIIAutumn18NanoAODv6-Nano25Oct2019_102X_upgrade2018_realistic_v20-v1__NANOAODSIM -N ZZTo2Q2Nu_TuneCP5_13TeV_amcatnloFXFX_madspin_pythia8__RunIIAutumn18NanoAODv6-Nano25Oct2019_102X_upgrade2018_realistic_v20-v1__NANOAODSIM -n 19 -c ll -y 2018
TClass::Init:0: RuntimeWarning: no dictionary for class ROOT::TIOFeatures is available
/work/pbaertsc/heavy_resonance/CMSSW_9_4_6/python/PhysicsTools/NanoAODTools/postprocessing/framework/treeReaderArrayTools.py:69: RuntimeWarning: creating executor for unknown type "ULong64_t*"
  ret = _vr.Get()[0]
JEC= Autumn18_V19_MC 	 JER= Autumn18_V7_MC
MET branch= PuppiMET
JEC= Autumn18_V19_MC 	 JER= Autumn18_V7_MC
MET branch= PuppiMET
--------------------------------------------------------------------------------
input files  = ['root://cms-xrd-global.cern.ch//store/mc/RunIIAutumn18NanoAODv6/ZZTo2Q2Nu_TuneCP5_13TeV_amcatnloFXFX_madspin_pythia8/NANOAODSIM/Nano25Oct2019_102X_upgrade2018_realistic_v20-v1/260000/1CF3F0D8-3C80-3F42-A2BB-6D183E20C603.root']
output directory = /work/pbaertsc/heavy_resonance/output_2018/ZZTo2Q2Nu_TuneCP5_13TeV_amcatnloFXFX_madspin_pythia8__RunIIAutumn18NanoAODv6-Nano25Oct2019_102X_upgrade2018_realistic_v20-v1__NANOAODSIM
output file  = ZZTo2Q2Nu_TuneCP5_13TeV_amcatnloFXFX_madspin_pythia8__RunIIAutumn18NanoAODv6-Nano25Oct2019_102X_upgrade2018_realistic_v20-v1__NANOAODSIM_19_ll.root
chunck       = 19
channel      = ll
dataType     = mc
year         = 2018
tes          = 1.0
ltf          = 1.0
jtf          = 1.0
--------------------------------------------------------------------------------
job.py: creating PostProcessor...
TreeProducer is called /work/pbaertsc/heavy_resonance/output_2018/ZZTo2Q2Nu_TuneCP5_13TeV_amcatnloFXFX_madspin_pythia8__RunIIAutumn18NanoAODv6-Nano25Oct2019_102X_upgrade2018_realistic_v20-v1__NANOAODSIM/ZZTo2Q2Nu_TuneCP5_13TeV_amcatnloFXFX_madspin_pythia8__RunIIAutumn18NanoAODv6-Nano25Oct2019_102X_upgrade2018_realistic_v20-v1__NANOAODSIM_19_ll.root
job.py: going to run PostProcessor...
Will write selected trees to /work/pbaertsc/heavy_resonance/output_2018/ZZTo2Q2Nu_TuneCP5_13TeV_amcatnloFXFX_madspin_pythia8__RunIIAutumn18NanoAODv6-Nano25Oct2019_102X_upgrade2018_realistic_v20-v1__NANOAODSIM
Loading jet energy scale (JES) uncertainties from file '/tmp/tmpaIvACt/Autumn18_V19_MC_Uncertainty_AK4PFchs.txt'
Loading jet energy resolutions (JER) from file '/tmp/tmpUAKJYL/Autumn18_V7_MC_PtResolution_AK4PFchs.txt'
Loading JER scale factors and uncertainties from file '/tmp/tmpUAKJYL/Autumn18_V7_MC_SF_AK4PFchs.txt'
Loading jet energy scale (JES) uncertainties from file '/tmp/tmpehqaK_/Autumn18_V19_MC_Uncertainty_AK8PFPuppi.txt'
Loading jet energy resolutions (JER) from file '/tmp/tmpFthOjP/Autumn18_V7_MC_PtResolution_AK8PFPuppi.txt'
Loading JER scale factors and uncertainties from file '/tmp/tmpFthOjP/Autumn18_V7_MC_SF_AK8PFPuppi.txt'
Pre-select 985440 entries out of 985440 (100.00%)
nanoAODv5? True
Processed    10000/  985440 entries,  1.01% (elapsed time   180.5s, curr speed    0.055 kHz, avg speed    0.055 kHz), accepted      131/   10001 events ( 1.31%)
Processed    20000/  985440 entries,  2.03% (elapsed time   353.4s, curr speed    0.058 kHz, avg speed    0.057 kHz), accepted      267/   20001 events ( 1.33%)
Processed    30000/  985440 entries,  3.04% (elapsed time   524.7s, curr speed    0.058 kHz, avg speed    0.057 kHz), accepted      396/   30001 events ( 1.32%)
Processed    40000/  985440 entries,  4.06% (elapsed time   687.7s, curr speed    0.061 kHz, avg speed    0.058 kHz), accepted      532/   40001 events ( 1.33%)
Processed    50000/  985440 entries,  5.07% (elapsed time   854.3s, curr speed    0.060 kHz, avg speed    0.059 kHz), accepted      644/   50001 events ( 1.29%)
Processed    60000/  985440 entries,  6.09% (elapsed time  1018.2s, curr speed    0.061 kHz, avg speed    0.059 kHz), accepted      784/   60001 events ( 1.31%)
Processed    70000/  985440 entries,  7.10% (elapsed time  1182.4s, curr speed    0.061 kHz, avg speed    0.059 kHz), accepted      910/   70001 events ( 1.30%)
Processed    80000/  985440 entries,  8.12% (elapsed time  1338.3s, curr speed    0.064 kHz, avg speed    0.060 kHz), accepted     1064/   80001 events ( 1.33%)
Processed    90000/  985440 entries,  9.13% (elapsed time  1503.0s, curr speed    0.061 kHz, avg speed    0.060 kHz), accepted     1199/   90001 events ( 1.33%)
Processed   100000/  985440 entries, 10.15% (elapsed time  1670.3s, curr speed    0.060 kHz, avg speed    0.060 kHz), accepted     1316/  100001 events ( 1.32%)
Processed   110000/  985440 entries, 11.16% (elapsed time  1832.5s, curr speed    0.062 kHz, avg speed    0.060 kHz), accepted     1438/  110001 events ( 1.31%)
Bad event
Processed   120000/  985440 entries, 12.18% (elapsed time  1998.2s, curr speed    0.060 kHz, avg speed    0.060 kHz), accepted     1565/  120001 events ( 1.30%)
Processed   130000/  985440 entries, 13.19% (elapsed time  2161.6s, curr speed    0.061 kHz, avg speed    0.060 kHz), accepted     1693/  130001 events ( 1.30%)
Processed   140000/  985440 entries, 14.21% (elapsed time  2323.8s, curr speed    0.062 kHz, avg speed    0.060 kHz), accepted     1825/  140001 events ( 1.30%)
Processed   150000/  985440 entries, 15.22% (elapsed time  2488.4s, curr speed    0.061 kHz, avg speed    0.060 kHz), accepted     1946/  150001 events ( 1.30%)
Processed   160000/  985440 entries, 16.24% (elapsed time  2651.3s, curr speed    0.061 kHz, avg speed    0.060 kHz), accepted     2081/  160001 events ( 1.30%)
Processed   170000/  985440 entries, 17.25% (elapsed time  2816.7s, curr speed    0.060 kHz, avg speed    0.060 kHz), accepted     2222/  170001 events ( 1.31%)
Processed   180000/  985440 entries, 18.27% (elapsed time  2982.5s, curr speed    0.060 kHz, avg speed    0.060 kHz), accepted     2364/  180001 events ( 1.31%)
Processed   190000/  985440 entries, 19.28% (elapsed time  3147.3s, curr speed    0.061 kHz, avg speed    0.060 kHz), accepted     2483/  190001 events ( 1.31%)
Processed   200000/  985440 entries, 20.30% (elapsed time  3317.7s, curr speed    0.059 kHz, avg speed    0.060 kHz), accepted     2617/  200001 events ( 1.31%)
Processed   210000/  985440 entries, 21.31% (elapsed time  3486.9s, curr speed    0.059 kHz, avg speed    0.060 kHz), accepted     2779/  210001 events ( 1.32%)
Processed   220000/  985440 entries, 22.33% (elapsed time  3654.6s, curr speed    0.060 kHz, avg speed    0.060 kHz), accepted     2899/  220001 events ( 1.32%)
Processed   230000/  985440 entries, 23.34% (elapsed time  3823.2s, curr speed    0.059 kHz, avg speed    0.060 kHz), accepted     3025/  230001 events ( 1.32%)
Bad event
Processed   240000/  985440 entries, 24.35% (elapsed time  3983.8s, curr speed    0.062 kHz, avg speed    0.060 kHz), accepted     3159/  240001 events ( 1.32%)
Processed   250000/  985440 entries, 25.37% (elapsed time  4079.7s, curr speed    0.104 kHz, avg speed    0.061 kHz), accepted     3304/  250001 events ( 1.32%)
Processed   260000/  985440 entries, 26.38% (elapsed time  4173.5s, curr speed    0.107 kHz, avg speed    0.062 kHz), accepted     3450/  260001 events ( 1.33%)
Processed   270000/  985440 entries, 27.40% (elapsed time  4321.9s, curr speed    0.067 kHz, avg speed    0.062 kHz), accepted     3563/  270001 events ( 1.32%)
Processed   280000/  985440 entries, 28.41% (elapsed time  4491.7s, curr speed    0.059 kHz, avg speed    0.062 kHz), accepted     3701/  280001 events ( 1.32%)
Processed   290000/  985440 entries, 29.43% (elapsed time  4660.6s, curr speed    0.059 kHz, avg speed    0.062 kHz), accepted     3827/  290001 events ( 1.32%)
Processed   300000/  985440 entries, 30.44% (elapsed time  4832.8s, curr speed    0.058 kHz, avg speed    0.062 kHz), accepted     3960/  300001 events ( 1.32%)
Processed   310000/  985440 entries, 31.46% (elapsed time  5004.7s, curr speed    0.058 kHz, avg speed    0.062 kHz), accepted     4089/  310001 events ( 1.32%)
Processed   320000/  985440 entries, 32.47% (elapsed time  5175.8s, curr speed    0.058 kHz, avg speed    0.062 kHz), accepted     4219/  320001 events ( 1.32%)
Processed   330000/  985440 entries, 33.49% (elapsed time  5343.3s, curr speed    0.060 kHz, avg speed    0.062 kHz), accepted     4331/  330001 events ( 1.31%)
Processed   340000/  985440 entries, 34.50% (elapsed time  5514.8s, curr speed    0.058 kHz, avg speed    0.062 kHz), accepted     4482/  340001 events ( 1.32%)
Processed   350000/  985440 entries, 35.52% (elapsed time  5685.7s, curr speed    0.059 kHz, avg speed    0.062 kHz), accepted     4616/  350001 events ( 1.32%)
Processed   360000/  985440 entries, 36.53% (elapsed time  5856.0s, curr speed    0.059 kHz, avg speed    0.061 kHz), accepted     4760/  360001 events ( 1.32%)
Processed   370000/  985440 entries, 37.55% (elapsed time  6026.7s, curr speed    0.059 kHz, avg speed    0.061 kHz), accepted     4912/  370001 events ( 1.33%)
Processed   380000/  985440 entries, 38.56% (elapsed time  6198.7s, curr speed    0.058 kHz, avg speed    0.061 kHz), accepted     5066/  380001 events ( 1.33%)
Bad event
Processed   390000/  985440 entries, 39.58% (elapsed time  6370.1s, curr speed    0.058 kHz, avg speed    0.061 kHz), accepted     5186/  390001 events ( 1.33%)
Processed   400000/  985440 entries, 40.59% (elapsed time  6540.5s, curr speed    0.059 kHz, avg speed    0.061 kHz), accepted     5309/  400001 events ( 1.33%)
Processed   410000/  985440 entries, 41.61% (elapsed time  6709.2s, curr speed    0.059 kHz, avg speed    0.061 kHz), accepted     5441/  410001 events ( 1.33%)
Processed   420000/  985440 entries, 42.62% (elapsed time  6882.3s, curr speed    0.058 kHz, avg speed    0.061 kHz), accepted     5593/  420001 events ( 1.33%)
Processed   430000/  985440 entries, 43.64% (elapsed time  7052.8s, curr speed    0.059 kHz, avg speed    0.061 kHz), accepted     5735/  430001 events ( 1.33%)
Bad event
Processed   440000/  985440 entries, 44.65% (elapsed time  7225.3s, curr speed    0.058 kHz, avg speed    0.061 kHz), accepted     5868/  440001 events ( 1.33%)
Processed   450000/  985440 entries, 45.66% (elapsed time  7398.1s, curr speed    0.058 kHz, avg speed    0.061 kHz), accepted     5988/  450001 events ( 1.33%)
Processed   460000/  985440 entries, 46.68% (elapsed time  7568.5s, curr speed    0.059 kHz, avg speed    0.061 kHz), accepted     6112/  460001 events ( 1.33%)
Bad event
Processed   470000/  985440 entries, 47.69% (elapsed time  7740.2s, curr speed    0.058 kHz, avg speed    0.061 kHz), accepted     6242/  470001 events ( 1.33%)
Processed   480000/  985440 entries, 48.71% (elapsed time  7911.0s, curr speed    0.059 kHz, avg speed    0.061 kHz), accepted     6355/  480001 events ( 1.32%)
Processed   490000/  985440 entries, 49.72% (elapsed time  8082.4s, curr speed    0.058 kHz, avg speed    0.061 kHz), accepted     6472/  490001 events ( 1.32%)
Processed   500000/  985440 entries, 50.74% (elapsed time  8249.7s, curr speed    0.060 kHz, avg speed    0.061 kHz), accepted     6620/  500001 events ( 1.32%)
Processed   510000/  985440 entries, 51.75% (elapsed time  8421.5s, curr speed    0.058 kHz, avg speed    0.061 kHz), accepted     6757/  510001 events ( 1.32%)
Bad event
Processed   520000/  985440 entries, 52.77% (elapsed time  8592.9s, curr speed    0.058 kHz, avg speed    0.061 kHz), accepted     6898/  520001 events ( 1.33%)
Processed   530000/  985440 entries, 53.78% (elapsed time  8766.3s, curr speed    0.058 kHz, avg speed    0.060 kHz), accepted     7024/  530001 events ( 1.33%)
Processed   540000/  985440 entries, 54.80% (elapsed time  8937.2s, curr speed    0.059 kHz, avg speed    0.060 kHz), accepted     7156/  540001 events ( 1.33%)
Processed   550000/  985440 entries, 55.81% (elapsed time  9107.9s, curr speed    0.059 kHz, avg speed    0.060 kHz), accepted     7273/  550001 events ( 1.32%)
Processed   560000/  985440 entries, 56.83% (elapsed time  9278.9s, curr speed    0.058 kHz, avg speed    0.060 kHz), accepted     7412/  560001 events ( 1.32%)
Processed   570000/  985440 entries, 57.84% (elapsed time  9448.5s, curr speed    0.059 kHz, avg speed    0.060 kHz), accepted     7542/  570001 events ( 1.32%)
Bad event
Processed   580000/  985440 entries, 58.86% (elapsed time  9618.2s, curr speed    0.059 kHz, avg speed    0.060 kHz), accepted     7675/  580001 events ( 1.32%)
Processed   590000/  985440 entries, 59.87% (elapsed time  9789.1s, curr speed    0.059 kHz, avg speed    0.060 kHz), accepted     7810/  590001 events ( 1.32%)
Processed   600000/  985440 entries, 60.89% (elapsed time  9958.5s, curr speed    0.059 kHz, avg speed    0.060 kHz), accepted     7944/  600001 events ( 1.32%)
Processed   610000/  985440 entries, 61.90% (elapsed time 10129.5s, curr speed    0.059 kHz, avg speed    0.060 kHz), accepted     8094/  610001 events ( 1.33%)
Processed   620000/  985440 entries, 62.92% (elapsed time 10296.6s, curr speed    0.060 kHz, avg speed    0.060 kHz), accepted     8230/  620001 events ( 1.33%)
Processed   630000/  985440 entries, 63.93% (elapsed time 10465.2s, curr speed    0.059 kHz, avg speed    0.060 kHz), accepted     8377/  630001 events ( 1.33%)
Processed   640000/  985440 entries, 64.95% (elapsed time 10632.2s, curr speed    0.060 kHz, avg speed    0.060 kHz), accepted     8509/  640001 events ( 1.33%)
Processed   650000/  985440 entries, 65.96% (elapsed time 10804.5s, curr speed    0.058 kHz, avg speed    0.060 kHz), accepted     8637/  650001 events ( 1.33%)
Bad event
Processed   660000/  985440 entries, 66.98% (elapsed time 10974.0s, curr speed    0.059 kHz, avg speed    0.060 kHz), accepted     8787/  660001 events ( 1.33%)
Processed   670000/  985440 entries, 67.99% (elapsed time 11144.2s, curr speed    0.059 kHz, avg speed    0.060 kHz), accepted     8937/  670001 events ( 1.33%)
Processed   680000/  985440 entries, 69.00% (elapsed time 11311.4s, curr speed    0.060 kHz, avg speed    0.060 kHz), accepted     9071/  680001 events ( 1.33%)
Bad event
Bad event
Processed   690000/  985440 entries, 70.02% (elapsed time 11487.5s, curr speed    0.057 kHz, avg speed    0.060 kHz), accepted     9200/  690001 events ( 1.33%)
Processed   700000/  985440 entries, 71.03% (elapsed time 11661.1s, curr speed    0.058 kHz, avg speed    0.060 kHz), accepted     9327/  700001 events ( 1.33%)
Processed   710000/  985440 entries, 72.05% (elapsed time 11831.0s, curr speed    0.059 kHz, avg speed    0.060 kHz), accepted     9454/  710001 events ( 1.33%)
Processed   720000/  985440 entries, 73.06% (elapsed time 12000.0s, curr speed    0.059 kHz, avg speed    0.060 kHz), accepted     9616/  720001 events ( 1.34%)
Processed   730000/  985440 entries, 74.08% (elapsed time 12166.2s, curr speed    0.060 kHz, avg speed    0.060 kHz), accepted     9762/  730001 events ( 1.34%)
Processed   740000/  985440 entries, 75.09% (elapsed time 12336.0s, curr speed    0.059 kHz, avg speed    0.060 kHz), accepted     9898/  740001 events ( 1.34%)
Bad event
Processed   750000/  985440 entries, 76.11% (elapsed time 12503.1s, curr speed    0.060 kHz, avg speed    0.060 kHz), accepted    10049/  750001 events ( 1.34%)
Processed   760000/  985440 entries, 77.12% (elapsed time 12673.8s, curr speed    0.059 kHz, avg speed    0.060 kHz), accepted    10176/  760001 events ( 1.34%)
Processed   770000/  985440 entries, 78.14% (elapsed time 12843.2s, curr speed    0.059 kHz, avg speed    0.060 kHz), accepted    10306/  770001 events ( 1.34%)
Bad event
Processed   780000/  985440 entries, 79.15% (elapsed time 13011.8s, curr speed    0.059 kHz, avg speed    0.060 kHz), accepted    10436/  780001 events ( 1.34%)
Processed   790000/  985440 entries, 80.17% (elapsed time 13178.1s, curr speed    0.060 kHz, avg speed    0.060 kHz), accepted    10579/  790001 events ( 1.34%)
Processed   800000/  985440 entries, 81.18% (elapsed time 13347.9s, curr speed    0.059 kHz, avg speed    0.060 kHz), accepted    10718/  800001 events ( 1.34%)
Processed   810000/  985440 entries, 82.20% (elapsed time 13517.8s, curr speed    0.059 kHz, avg speed    0.060 kHz), accepted    10848/  810001 events ( 1.34%)
Processed   820000/  985440 entries, 83.21% (elapsed time 13684.4s, curr speed    0.060 kHz, avg speed    0.060 kHz), accepted    10972/  820001 events ( 1.34%)
Processed   830000/  985440 entries, 84.23% (elapsed time 13852.1s, curr speed    0.060 kHz, avg speed    0.060 kHz), accepted    11109/  830001 events ( 1.34%)
Processed   840000/  985440 entries, 85.24% (elapsed time 14020.5s, curr speed    0.059 kHz, avg speed    0.060 kHz), accepted    11245/  840001 events ( 1.34%)
Processed   850000/  985440 entries, 86.26% (elapsed time 14188.5s, curr speed    0.060 kHz, avg speed    0.060 kHz), accepted    11369/  850001 events ( 1.34%)
Bad event
Processed   860000/  985440 entries, 87.27% (elapsed time 14356.3s, curr speed    0.060 kHz, avg speed    0.060 kHz), accepted    11509/  860001 events ( 1.34%)
Processed   870000/  985440 entries, 88.29% (elapsed time 14523.1s, curr speed    0.060 kHz, avg speed    0.060 kHz), accepted    11627/  870001 events ( 1.34%)
%MSG-e SimpleJetCorrectionUncertainty: 
 bin variables out of range
%MSG
%MSG-e SimpleJetCorrectionUncertainty: 
 bin variables out of range
%MSG
Processed   880000/  985440 entries, 89.30% (elapsed time 14692.3s, curr speed    0.059 kHz, avg speed    0.060 kHz), accepted    11764/  880001 events ( 1.34%)
Bad event
Processed   890000/  985440 entries, 90.31% (elapsed time 14859.4s, curr speed    0.060 kHz, avg speed    0.060 kHz), accepted    11905/  890001 events ( 1.34%)
Processed   900000/  985440 entries, 91.33% (elapsed time 15028.1s, curr speed    0.059 kHz, avg speed    0.060 kHz), accepted    12064/  900001 events ( 1.34%)
Processed   910000/  985440 entries, 92.34% (elapsed time 15178.1s, curr speed    0.067 kHz, avg speed    0.060 kHz), accepted    12206/  910001 events ( 1.34%)
Processed   920000/  985440 entries, 93.36% (elapsed time 15270.2s, curr speed    0.109 kHz, avg speed    0.060 kHz), accepted    12336/  920001 events ( 1.34%)
Bad event
Processed   930000/  985440 entries, 94.37% (elapsed time 15364.3s, curr speed    0.106 kHz, avg speed    0.061 kHz), accepted    12488/  930001 events ( 1.34%)
Bad event
Processed   940000/  985440 entries, 95.39% (elapsed time 15455.6s, curr speed    0.110 kHz, avg speed    0.061 kHz), accepted    12631/  940001 events ( 1.34%)
Processed   950000/  985440 entries, 96.40% (elapsed time 15548.2s, curr speed    0.108 kHz, avg speed    0.061 kHz), accepted    12750/  950001 events ( 1.34%)
Processed   960000/  985440 entries, 97.42% (elapsed time 15642.2s, curr speed    0.106 kHz, avg speed    0.061 kHz), accepted    12875/  960001 events ( 1.34%)
Processed   970000/  985440 entries, 98.43% (elapsed time 15734.5s, curr speed    0.108 kHz, avg speed    0.062 kHz), accepted    13032/  970001 events ( 1.34%)
Processed   980000/  985440 entries, 99.45% (elapsed time 15828.4s, curr speed    0.106 kHz, avg speed    0.062 kHz), accepted    13170/  980001 events ( 1.34%)
Processed 985440 preselected entries from root://cms-xrd-global.cern.ch//store/mc/RunIIAutumn18NanoAODv6/ZZTo2Q2Nu_TuneCP5_13TeV_amcatnloFXFX_madspin_pythia8/NANOAODSIM/Nano25Oct2019_102X_upgrade2018_realistic_v20-v1/260000/1CF3F0D8-3C80-3F42-A2BB-6D183E20C603.root (985440 entries). Finally selected 13258 entries
Done /work/pbaertsc/heavy_resonance/output_2018/ZZTo2Q2Nu_TuneCP5_13TeV_amcatnloFXFX_madspin_pythia8__RunIIAutumn18NanoAODv6-Nano25Oct2019_102X_upgrade2018_realistic_v20-v1__NANOAODSIM/1CF3F0D8-3C80-3F42-A2BB-6D183E20C603.root
61.9488775915 Hz
deleting root file with name: /work/pbaertsc/heavy_resonance/output_2018/ZZTo2Q2Nu_TuneCP5_13TeV_amcatnloFXFX_madspin_pythia8__RunIIAutumn18NanoAODv6-Nano25Oct2019_102X_upgrade2018_realistic_v20-v1__NANOAODSIM/1CF3F0D8-3C80-3F42-A2BB-6D183E20C603.root
DONE
Complete at
Wed Jan 29 04:09:29 CET 2020
