job start at
Thu Jan 30 17:50:58 CET 2020
SLURM_JOB_ID: 437082
HOSTNAME: t3wn33
JOBLIST:joblist/joblist_Zprime_VBF_Zh_Zinvhinc_narrow_M-5000_TuneCP5_PSweights_13TeV-madgraph-pythia8__RunIIAutumn18NanoAODv6-Nano25Oct2019_102X_upgrade2018_realistic_v20-v1__NANOAODSIM_ll.txt
Going to execute
python job.py -i root://cms-xrd-global.cern.ch//store/mc/RunIIAutumn18NanoAODv6/Zprime_VBF_Zh_Zinvhinc_narrow_M-5000_TuneCP5_PSweights_13TeV-madgraph-pythia8/NANOAODSIM/Nano25Oct2019_102X_upgrade2018_realistic_v20-v1/40000/371BD07A-A77D-7743-B316-AB4115F0D6B5.root -o /work/pbaertsc/heavy_resonance/output_2018/Zprime_VBF_Zh_Zinvhinc_narrow_M-5000_TuneCP5_PSweights_13TeV-madgraph-pythia8__RunIIAutumn18NanoAODv6-Nano25Oct2019_102X_upgrade2018_realistic_v20-v1__NANOAODSIM -N Zprime_VBF_Zh_Zinvhinc_narrow_M-5000_TuneCP5_PSweights_13TeV-madgraph-pythia8__RunIIAutumn18NanoAODv6-Nano25Oct2019_102X_upgrade2018_realistic_v20-v1__NANOAODSIM -n 1 -c ll -y 2018
TClass::Init:0: RuntimeWarning: no dictionary for class ROOT::TIOFeatures is available
/work/pbaertsc/heavy_resonance/CMSSW_9_4_6/python/PhysicsTools/NanoAODTools/postprocessing/framework/treeReaderArrayTools.py:69: RuntimeWarning: creating executor for unknown type "ULong64_t*"
  ret = _vr.Get()[0]
JEC= Autumn18_V19_MC 	 JER= Autumn18_V7_MC
MET branch= PuppiMET
JEC= Autumn18_V19_MC 	 JER= Autumn18_V7_MC
MET branch= PuppiMET
--------------------------------------------------------------------------------
input files  = ['root://cms-xrd-global.cern.ch//store/mc/RunIIAutumn18NanoAODv6/Zprime_VBF_Zh_Zinvhinc_narrow_M-5000_TuneCP5_PSweights_13TeV-madgraph-pythia8/NANOAODSIM/Nano25Oct2019_102X_upgrade2018_realistic_v20-v1/40000/371BD07A-A77D-7743-B316-AB4115F0D6B5.root']
output directory = /work/pbaertsc/heavy_resonance/output_2018/Zprime_VBF_Zh_Zinvhinc_narrow_M-5000_TuneCP5_PSweights_13TeV-madgraph-pythia8__RunIIAutumn18NanoAODv6-Nano25Oct2019_102X_upgrade2018_realistic_v20-v1__NANOAODSIM
output file  = Zprime_VBF_Zh_Zinvhinc_narrow_M-5000_TuneCP5_PSweights_13TeV-madgraph-pythia8__RunIIAutumn18NanoAODv6-Nano25Oct2019_102X_upgrade2018_realistic_v20-v1__NANOAODSIM_1_ll.root
chunck       = 1
channel      = ll
dataType     = mc
year         = 2018
tes          = 1.0
ltf          = 1.0
jtf          = 1.0
--------------------------------------------------------------------------------
job.py: creating PostProcessor...
TreeProducer is called /work/pbaertsc/heavy_resonance/output_2018/Zprime_VBF_Zh_Zinvhinc_narrow_M-5000_TuneCP5_PSweights_13TeV-madgraph-pythia8__RunIIAutumn18NanoAODv6-Nano25Oct2019_102X_upgrade2018_realistic_v20-v1__NANOAODSIM/Zprime_VBF_Zh_Zinvhinc_narrow_M-5000_TuneCP5_PSweights_13TeV-madgraph-pythia8__RunIIAutumn18NanoAODv6-Nano25Oct2019_102X_upgrade2018_realistic_v20-v1__NANOAODSIM_1_ll.root
job.py: going to run PostProcessor...
Will write selected trees to /work/pbaertsc/heavy_resonance/output_2018/Zprime_VBF_Zh_Zinvhinc_narrow_M-5000_TuneCP5_PSweights_13TeV-madgraph-pythia8__RunIIAutumn18NanoAODv6-Nano25Oct2019_102X_upgrade2018_realistic_v20-v1__NANOAODSIM
Loading jet energy scale (JES) uncertainties from file '/tmp/tmpEIJXpf/Autumn18_V19_MC_Uncertainty_AK4PFchs.txt'
Loading jet energy resolutions (JER) from file '/tmp/tmpRM1CGq/Autumn18_V7_MC_PtResolution_AK4PFchs.txt'
Loading JER scale factors and uncertainties from file '/tmp/tmpRM1CGq/Autumn18_V7_MC_SF_AK4PFchs.txt'
Loading jet energy scale (JES) uncertainties from file '/tmp/tmpOwotdI/Autumn18_V19_MC_Uncertainty_AK8PFPuppi.txt'
Loading jet energy resolutions (JER) from file '/tmp/tmpZQiklS/Autumn18_V7_MC_PtResolution_AK8PFPuppi.txt'
Loading JER scale factors and uncertainties from file '/tmp/tmpZQiklS/Autumn18_V7_MC_SF_AK8PFPuppi.txt'
Pre-select 92000 entries out of 92000 (100.00%)
nanoAODv5? True
Bad event
Bad event
Bad event
Bad event
Bad event
Bad event
Bad event
Bad event
Bad event
Bad event
Bad event
Bad event
Bad event
Bad event
Bad event
Bad event
Bad event
Bad event
Bad event
Bad event
Bad event
Bad event
Bad event
Bad event
Bad event
Bad event
Bad event
Bad event
Bad event
Bad event
Bad event
Bad event
Bad event
Bad event
Bad event
Bad event
Bad event
Bad event
Bad event
Bad event
Bad event
TtoEM trigger inconsistency
Bad event
Bad event
Bad event
Bad event
Bad event
Bad event
Bad event
Bad event
Bad event
Bad event
Bad event
Bad event
Bad event
Bad event
TtoEM trigger inconsistency
Bad event
Bad event
Bad event
Bad event
Bad event
Bad event
Bad event
Bad event
Bad event
Bad event
Bad event
Bad event
Bad event
Bad event
Bad event
Bad event
Bad event
Bad event
Bad event
Bad event
Bad event
Bad event
Bad event
Bad event
Bad event
Bad event
Bad event
Bad event
Bad event
Bad event
Bad event
Bad event
Bad event
Processed    10000/   92000 entries, 10.87% (elapsed time   198.6s, curr speed    0.050 kHz, avg speed    0.050 kHz), accepted     8913/   10001 events (89.12%)
TtoEM trigger inconsistency
Bad event
TtoEM trigger inconsistency
Bad event
Bad event
Bad event
Bad event
Bad event
Bad event
TtoEM trigger inconsistency
Bad event
Bad event
Bad event
Bad event
Bad event
Bad event
Bad event
TtoEM trigger inconsistency
Bad event
Bad event
Bad event
Bad event
Bad event
Bad event
Bad event
Bad event
Bad event
Bad event
TtoEM trigger inconsistency
Bad event
Bad event
Bad event
Bad event
Bad event
Bad event
Bad event
Bad event
Bad event
Bad event
Bad event
Bad event
Bad event
Bad event
Bad event
Bad event
Bad event
Bad event
Bad event
Bad event
Bad event
Bad event
Bad event
Bad event
Bad event
Bad event
Bad event
TtoEM trigger inconsistency
Bad event
Bad event
Bad event
Bad event
Bad event
Bad event
Bad event
Bad event
Bad event
Bad event
Bad event
Bad event
Bad event
Bad event
Bad event
Bad event
Bad event
Bad event
Bad event
Bad event
Bad event
Bad event
Bad event
Bad event
Bad event
Bad event
Bad event
Bad event
Bad event
Bad event
Bad event
TtoEM trigger inconsistency
Bad event
Bad event
Bad event
Bad event
Bad event
Bad event
TtoEM trigger inconsistency
Bad event
Bad event
Processed    20000/   92000 entries, 21.74% (elapsed time   394.0s, curr speed    0.051 kHz, avg speed    0.051 kHz), accepted    17776/   20001 events (88.88%)
Bad event
Bad event
Bad event
Bad event
Bad event
Bad event
Bad event
Bad event
Bad event
Bad event
Bad event
Bad event
Bad event
Bad event
Bad event
Bad event
Bad event
Bad event
Bad event
Bad event
Bad event
Bad event
Bad event
TtoEM trigger inconsistency
Bad event
Bad event
Bad event
Bad event
Bad event
Bad event
Bad event
Bad event
Bad event
Bad event
Bad event
Bad event
Bad event
Bad event
Bad event
Bad event
Bad event
TtoEM trigger inconsistency
Bad event
Bad event
Bad event
Bad event
WARNING: jet m = 0.0 !!
WARNING: jet m = 0.0 !!
Bad event
TtoEM trigger inconsistency
Bad event
Bad event
Bad event
Bad event
Bad event
Bad event
Bad event
Bad event
Bad event
Bad event
Bad event
Bad event
Bad event
Bad event
Bad event
Bad event
Bad event
Bad event
Bad event
Bad event
Bad event
Bad event
TtoEM trigger inconsistency
Bad event
Bad event
TtoEM trigger inconsistency
Bad event
Bad event
Bad event
Bad event
Bad event
Bad event
Bad event
Bad event
Bad event
Bad event
Bad event
Bad event
Bad event
Bad event
Bad event
Bad event
Bad event
Bad event
Bad event
Bad event
Bad event
Bad event
Bad event
Bad event
Bad event
Bad event
Bad event
Bad event
Bad event
Bad event
Bad event
Bad event
Bad event
Bad event
Bad event
Bad event
Bad event
Bad event
Processed    30000/   92000 entries, 32.61% (elapsed time   584.6s, curr speed    0.052 kHz, avg speed    0.051 kHz), accepted    26703/   30001 events (89.01%)
Bad event
Bad event
Bad event
TtoEM trigger inconsistency
Bad event
Bad event
Bad event
Bad event
Bad event
Bad event
Bad event
Bad event
Bad event
TtoEM trigger inconsistency
Bad event
Bad event
Bad event
Bad event
Bad event
Bad event
Bad event
TtoEM trigger inconsistency
Bad event
Bad event
Bad event
Bad event
Bad event
Bad event
Bad event
Bad event
Bad event
TtoEM trigger inconsistency
Bad event
TtoEM trigger inconsistency
Bad event
Bad event
Bad event
Bad event
Bad event
Bad event
Bad event
Bad event
Bad event
Bad event
Bad event
Bad event
Bad event
Bad event
Bad event
Bad event
Bad event
Bad event
Bad event
Bad event
Bad event
Bad event
Bad event
Bad event
Bad event
TtoEM trigger inconsistency
Bad event
Bad event
Bad event
Bad event
Bad event
Bad event
Bad event
Bad event
Bad event
Bad event
Bad event
Bad event
Bad event
Bad event
Bad event
Bad event
TtoEM trigger inconsistency
Bad event
Bad event
TtoEM trigger inconsistency
TtoEM trigger inconsistency
Bad event
Bad event
Bad event
Bad event
TtoEM trigger inconsistency
Bad event
Bad event
Bad event
Bad event
Bad event
Bad event
Bad event
TtoEM trigger inconsistency
TtoEM trigger inconsistency
Bad event
Bad event
Bad event
Bad event
Bad event
Bad event
Bad event
Bad event
Bad event
Bad event
Bad event
Bad event
Processed    40000/   92000 entries, 43.48% (elapsed time   771.8s, curr speed    0.053 kHz, avg speed    0.052 kHz), accepted    35666/   40001 events (89.16%)
Bad event
Bad event
Bad event
Bad event
Bad event
Bad event
Bad event
Bad event
Bad event
Bad event
Bad event
Bad event
Bad event
Bad event
Bad event
Bad event
Bad event
Bad event
Bad event
Bad event
Bad event
Bad event
Bad event
Bad event
Bad event
Bad event
Bad event
Bad event
Bad event
Bad event
Bad event
Bad event
Bad event
Bad event
Bad event
Bad event
Bad event
Bad event
Bad event
Bad event
Bad event
TtoEM trigger inconsistency
Bad event
TtoEM trigger inconsistency
Bad event
Bad event
Bad event
Bad event
Bad event
Bad event
Bad event
Bad event
Bad event
Bad event
Bad event
Bad event
Bad event
Bad event
Bad event
Bad event
Bad event
Bad event
Bad event
Bad event
TtoEM trigger inconsistency
Bad event
Bad event
Bad event
Bad event
Bad event
Bad event
Bad event
Bad event
Bad event
Bad event
Bad event
Bad event
Bad event
Bad event
Bad event
Bad event
Bad event
Bad event
Bad event
Bad event
Bad event
Bad event
Bad event
Bad event
Bad event
Bad event
Bad event
Bad event
Bad event
Bad event
Bad event
Bad event
Bad event
Bad event
Bad event
Processed    50000/   92000 entries, 54.35% (elapsed time   944.8s, curr speed    0.058 kHz, avg speed    0.053 kHz), accepted    44630/   50001 events (89.26%)
Bad event
Bad event
TtoEM trigger inconsistency
Bad event
Bad event
Bad event
Bad event
Bad event
Bad event
Bad event
Bad event
Bad event
Bad event
Bad event
Bad event
Bad event
Bad event
Bad event
Bad event
Bad event
Bad event
Bad event
Bad event
Bad event
Bad event
Bad event
Bad event
Bad event
Bad event
Bad event
Bad event
Bad event
Bad event
Bad event
TtoEM trigger inconsistency
Bad event
Bad event
Bad event
Bad event
Bad event
Bad event
Bad event
Bad event
Bad event
Bad event
Bad event
Bad event
Bad event
Bad event
Bad event
Bad event
Bad event
Bad event
Bad event
Bad event
Bad event
Bad event
Bad event
Bad event
Bad event
TtoEM trigger inconsistency
Bad event
Bad event
Bad event
Bad event
Bad event
Bad event
Bad event
Bad event
Bad event
Bad event
Bad event
Bad event
Bad event
Bad event
Bad event
Bad event
Bad event
Bad event
Bad event
Bad event
Bad event
Bad event
Bad event
Bad event
Bad event
TtoEM trigger inconsistency
Bad event
Bad event
TtoEM trigger inconsistency
Bad event
Bad event
Bad event
Bad event
Bad event
Bad event
Bad event
TtoEM trigger inconsistency
Bad event
TtoEM trigger inconsistency
Bad event
Bad event
TtoEM trigger inconsistency
Bad event
Bad event
Processed    60000/   92000 entries, 65.22% (elapsed time  1120.0s, curr speed    0.057 kHz, avg speed    0.054 kHz), accepted    53551/   60001 events (89.25%)
Bad event
Bad event
Bad event
Bad event
TtoEM trigger inconsistency
Bad event
Bad event
Bad event
Bad event
Bad event
Bad event
Bad event
Bad event
Bad event
Bad event
Bad event
Bad event
Bad event
Bad event
Bad event
Bad event
Bad event
Bad event
Bad event
Bad event
Bad event
Bad event
Bad event
Bad event
Bad event
Bad event
Bad event
Bad event
Bad event
Bad event
Bad event
Bad event
Bad event
Bad event
Bad event
Bad event
Bad event
Bad event
Bad event
Bad event
Bad event
Bad event
Bad event
Bad event
Bad event
Bad event
Bad event
Bad event
Bad event
Bad event
Bad event
Bad event
Bad event
Bad event
Bad event
Bad event
Bad event
Bad event
Bad event
Bad event
Bad event
Bad event
Bad event
Bad event
Bad event
Bad event
Bad event
Bad event
Bad event
Bad event
Bad event
Bad event
Bad event
Bad event
Bad event
Bad event
Bad event
Bad event
Bad event
Bad event
Bad event
Bad event
Processed    70000/   92000 entries, 76.09% (elapsed time  1292.9s, curr speed    0.058 kHz, avg speed    0.054 kHz), accepted    62543/   70001 events (89.35%)
Bad event
Bad event
Bad event
Bad event
Bad event
Bad event
Bad event
Bad event
Bad event
Bad event
TtoEM trigger inconsistency
Bad event
Bad event
Bad event
Bad event
Bad event
Bad event
Bad event
Bad event
Bad event
Bad event
Bad event
Bad event
Bad event
Bad event
Bad event
Bad event
Bad event
Bad event
Bad event
Bad event
Bad event
Bad event
Bad event
Bad event
Bad event
Bad event
Bad event
Bad event
Bad event
Bad event
Bad event
Bad event
Bad event
Bad event
Bad event
Bad event
Bad event
Bad event
Bad event
Bad event
Bad event
Bad event
Bad event
Bad event
Bad event
Bad event
Bad event
Bad event
Bad event
Bad event
Bad event
Bad event
Bad event
TtoEM trigger inconsistency
Bad event
Bad event
Bad event
Bad event
Bad event
Bad event
Bad event
Bad event
Bad event
Bad event
Bad event
Bad event
Bad event
Bad event
Bad event
Bad event
Bad event
Bad event
Bad event
Bad event
Bad event
Bad event
Bad event
Bad event
Bad event
Bad event
Bad event
Bad event
Bad event
Bad event
Bad event
Bad event
Bad event
Bad event
Bad event
Bad event
TtoEM trigger inconsistency
Bad event
Bad event
Bad event
Bad event
TtoEM trigger inconsistency
Bad event
Bad event
Bad event
Processed    80000/   92000 entries, 86.96% (elapsed time  1465.2s, curr speed    0.058 kHz, avg speed    0.055 kHz), accepted    71449/   80001 events (89.31%)
Bad event
Bad event
Bad event
Bad event
Bad event
Bad event
Bad event
Bad event
Bad event
Bad event
Bad event
Bad event
Bad event
Bad event
Bad event
Bad event
TtoEM trigger inconsistency
Bad event
TtoEM trigger inconsistency
Bad event
Bad event
Bad event
Bad event
Bad event
Bad event
Bad event
Bad event
Bad event
Bad event
Bad event
TtoEM trigger inconsistency
Bad event
Bad event
Bad event
Bad event
Bad event
Bad event
Bad event
Bad event
Bad event
Bad event
Bad event
TtoEM trigger inconsistency
TtoEM trigger inconsistency
Bad event
Bad event
Bad event
Bad event
Bad event
TtoEM trigger inconsistency
Bad event
Bad event
Bad event
Bad event
Bad event
Bad event
TtoEM trigger inconsistency
Bad event
Bad event
Bad event
Bad event
Bad event
Bad event
Bad event
Bad event
Bad event
Bad event
Bad event
WARNING: jet m = -0.0 !!
WARNING: jet m = -0.0 !!
Bad event
TtoEM trigger inconsistency
Bad event
Bad event
Bad event
Bad event
Bad event
Bad event
ZtoMM trigger inconsistency
Bad event
Bad event
Bad event
Bad event
Bad event
Bad event
Bad event
Bad event
TtoEM trigger inconsistency
Processed    90000/   92000 entries, 97.83% (elapsed time  1637.4s, curr speed    0.058 kHz, avg speed    0.055 kHz), accepted    80401/   90001 events (89.33%)
Bad event
Bad event
Bad event
Bad event
Bad event
Bad event
Bad event
Bad event
Bad event
Bad event
Bad event
Bad event
Bad event
Bad event
Bad event
Bad event
Bad event
Bad event
Bad event
Bad event
TtoEM trigger inconsistency
Bad event
Bad event
Bad event
Bad event
Bad event
Processed 92000 preselected entries from root://cms-xrd-global.cern.ch//store/mc/RunIIAutumn18NanoAODv6/Zprime_VBF_Zh_Zinvhinc_narrow_M-5000_TuneCP5_PSweights_13TeV-madgraph-pythia8/NANOAODSIM/Nano25Oct2019_102X_upgrade2018_realistic_v20-v1/40000/371BD07A-A77D-7743-B316-AB4115F0D6B5.root (92000 entries). Finally selected 82183 entries
Done /work/pbaertsc/heavy_resonance/output_2018/Zprime_VBF_Zh_Zinvhinc_narrow_M-5000_TuneCP5_PSweights_13TeV-madgraph-pythia8__RunIIAutumn18NanoAODv6-Nano25Oct2019_102X_upgrade2018_realistic_v20-v1__NANOAODSIM/371BD07A-A77D-7743-B316-AB4115F0D6B5.root
49.5382710066 Hz
deleting root file with name: /work/pbaertsc/heavy_resonance/output_2018/Zprime_VBF_Zh_Zinvhinc_narrow_M-5000_TuneCP5_PSweights_13TeV-madgraph-pythia8__RunIIAutumn18NanoAODv6-Nano25Oct2019_102X_upgrade2018_realistic_v20-v1__NANOAODSIM/371BD07A-A77D-7743-B316-AB4115F0D6B5.root
DONE
Complete at
Thu Jan 30 18:50:10 CET 2020
