job start at
Wed Jan 29 17:36:52 CET 2020
SLURM_JOB_ID: 432766
HOSTNAME: t3wn42
JOBLIST:joblist/joblist_ZJetsToNuNu_HT-200To400_13TeV-madgraph__RunIIFall17NanoAODv6-PU2017_12Apr2018_Nano25Oct2019_102X_mc2017_realistic_v7-v1__NANOAODSIM_ll.txt
Going to execute
python job.py -i root://cms-xrd-global.cern.ch//store/mc/RunIIFall17NanoAODv6/ZJetsToNuNu_HT-200To400_13TeV-madgraph/NANOAODSIM/PU2017_12Apr2018_Nano25Oct2019_102X_mc2017_realistic_v7-v1/120000/64880B75-A59E-7C4F-AB08-05D92B485268.root -o /work/pbaertsc/heavy_resonance/output_2017/ZJetsToNuNu_HT-200To400_13TeV-madgraph__RunIIFall17NanoAODv6-PU2017_12Apr2018_Nano25Oct2019_102X_mc2017_realistic_v7-v1__NANOAODSIM -N ZJetsToNuNu_HT-200To400_13TeV-madgraph__RunIIFall17NanoAODv6-PU2017_12Apr2018_Nano25Oct2019_102X_mc2017_realistic_v7-v1__NANOAODSIM -n 0 -c ll -y 2017
TClass::Init:0: RuntimeWarning: no dictionary for class ROOT::TIOFeatures is available
/work/pbaertsc/heavy_resonance/CMSSW_9_4_6/python/PhysicsTools/NanoAODTools/postprocessing/framework/treeReaderArrayTools.py:69: RuntimeWarning: creating executor for unknown type "ULong64_t*"
  ret = _vr.Get()[0]
--------------------------------------------------------------------------------
input files  = ['root://cms-xrd-global.cern.ch//store/mc/RunIIFall17NanoAODv6/ZJetsToNuNu_HT-200To400_13TeV-madgraph/NANOAODSIM/PU2017_12Apr2018_Nano25Oct2019_102X_mc2017_realistic_v7-v1/120000/64880B75-A59E-7C4F-AB08-05D92B485268.root']
output directory = /work/pbaertsc/heavy_resonance/output_2017/ZJetsToNuNu_HT-200To400_13TeV-madgraph__RunIIFall17NanoAODv6-PU2017_12Apr2018_Nano25Oct2019_102X_mc2017_realistic_v7-v1__NANOAODSIM
output file  = ZJetsToNuNu_HT-200To400_13TeV-madgraph__RunIIFall17NanoAODv6-PU2017_12Apr2018_Nano25Oct2019_102X_mc2017_realistic_v7-v1__NANOAODSIM_0_ll.root
chunck       = 0
channel      = ll
dataType     = mc
year         = 2017
tes          = 1.0
ltf          = 1.0
jtf          = 1.0
--------------------------------------------------------------------------------
job.py: creating PostProcessor...
TreeProducer is called /work/pbaertsc/heavy_resonance/output_2017/ZJetsToNuNu_HT-200To400_13TeV-madgraph__RunIIFall17NanoAODv6-PU2017_12Apr2018_Nano25Oct2019_102X_mc2017_realistic_v7-v1__NANOAODSIM/ZJetsToNuNu_HT-200To400_13TeV-madgraph__RunIIFall17NanoAODv6-PU2017_12Apr2018_Nano25Oct2019_102X_mc2017_realistic_v7-v1__NANOAODSIM_0_ll.root
job.py: going to run PostProcessor...
Will write selected trees to /work/pbaertsc/heavy_resonance/output_2017/ZJetsToNuNu_HT-200To400_13TeV-madgraph__RunIIFall17NanoAODv6-PU2017_12Apr2018_Nano25Oct2019_102X_mc2017_realistic_v7-v1__NANOAODSIM
Pre-select 1049749 entries out of 1049749 (100.00%)
Bad event
Processed    10000/ 1049749 entries,  0.95% (elapsed time    63.4s, curr speed    0.158 kHz, avg speed    0.158 kHz), accepted      431/   10001 events ( 4.31%)
Processed    20000/ 1049749 entries,  1.91% (elapsed time   121.4s, curr speed    0.172 kHz, avg speed    0.165 kHz), accepted      830/   20001 events ( 4.15%)
Processed    30000/ 1049749 entries,  2.86% (elapsed time   177.3s, curr speed    0.179 kHz, avg speed    0.169 kHz), accepted     1184/   30001 events ( 3.95%)
Processed    40000/ 1049749 entries,  3.81% (elapsed time   234.3s, curr speed    0.176 kHz, avg speed    0.171 kHz), accepted     1588/   40001 events ( 3.97%)
Processed    50000/ 1049749 entries,  4.76% (elapsed time   294.9s, curr speed    0.165 kHz, avg speed    0.170 kHz), accepted     2018/   50001 events ( 4.04%)
Processed    60000/ 1049749 entries,  5.72% (elapsed time   352.8s, curr speed    0.173 kHz, avg speed    0.170 kHz), accepted     2459/   60001 events ( 4.10%)
Processed    70000/ 1049749 entries,  6.67% (elapsed time   411.9s, curr speed    0.169 kHz, avg speed    0.170 kHz), accepted     2919/   70001 events ( 4.17%)
Processed    80000/ 1049749 entries,  7.62% (elapsed time   470.5s, curr speed    0.171 kHz, avg speed    0.170 kHz), accepted     3291/   80001 events ( 4.11%)
Processed    90000/ 1049749 entries,  8.57% (elapsed time   528.3s, curr speed    0.173 kHz, avg speed    0.170 kHz), accepted     3694/   90001 events ( 4.10%)
Processed   100000/ 1049749 entries,  9.53% (elapsed time   587.8s, curr speed    0.168 kHz, avg speed    0.170 kHz), accepted     4117/  100001 events ( 4.12%)
Bad event
Processed   110000/ 1049749 entries, 10.48% (elapsed time   645.7s, curr speed    0.173 kHz, avg speed    0.170 kHz), accepted     4589/  110001 events ( 4.17%)
Processed   120000/ 1049749 entries, 11.43% (elapsed time   704.3s, curr speed    0.171 kHz, avg speed    0.170 kHz), accepted     5022/  120001 events ( 4.18%)
Bad event
Processed   130000/ 1049749 entries, 12.38% (elapsed time   763.1s, curr speed    0.170 kHz, avg speed    0.170 kHz), accepted     5472/  130001 events ( 4.21%)
Processed   140000/ 1049749 entries, 13.34% (elapsed time   824.0s, curr speed    0.164 kHz, avg speed    0.170 kHz), accepted     5900/  140001 events ( 4.21%)
Processed   150000/ 1049749 entries, 14.29% (elapsed time   884.3s, curr speed    0.166 kHz, avg speed    0.170 kHz), accepted     6313/  150001 events ( 4.21%)
Processed   160000/ 1049749 entries, 15.24% (elapsed time   945.9s, curr speed    0.162 kHz, avg speed    0.169 kHz), accepted     6728/  160001 events ( 4.20%)
Processed   170000/ 1049749 entries, 16.19% (elapsed time  1005.7s, curr speed    0.167 kHz, avg speed    0.169 kHz), accepted     7151/  170001 events ( 4.21%)
Processed   180000/ 1049749 entries, 17.15% (elapsed time  1066.1s, curr speed    0.166 kHz, avg speed    0.169 kHz), accepted     7588/  180001 events ( 4.22%)
Bad event
Processed   190000/ 1049749 entries, 18.10% (elapsed time  1129.8s, curr speed    0.157 kHz, avg speed    0.168 kHz), accepted     8004/  190001 events ( 4.21%)
Bad event
Processed   200000/ 1049749 entries, 19.05% (elapsed time  1190.3s, curr speed    0.165 kHz, avg speed    0.168 kHz), accepted     8413/  200001 events ( 4.21%)
Bad event
Processed   210000/ 1049749 entries, 20.00% (elapsed time  1249.8s, curr speed    0.168 kHz, avg speed    0.168 kHz), accepted     8841/  210001 events ( 4.21%)
Processed   220000/ 1049749 entries, 20.96% (elapsed time  1310.9s, curr speed    0.164 kHz, avg speed    0.168 kHz), accepted     9257/  220001 events ( 4.21%)
Processed   230000/ 1049749 entries, 21.91% (elapsed time  1369.6s, curr speed    0.170 kHz, avg speed    0.168 kHz), accepted     9690/  230001 events ( 4.21%)
Bad event
Bad event
Processed   240000/ 1049749 entries, 22.86% (elapsed time  1429.1s, curr speed    0.168 kHz, avg speed    0.168 kHz), accepted    10093/  240001 events ( 4.21%)
Bad event
Processed   250000/ 1049749 entries, 23.82% (elapsed time  1487.7s, curr speed    0.171 kHz, avg speed    0.168 kHz), accepted    10525/  250001 events ( 4.21%)
Bad event
Processed   260000/ 1049749 entries, 24.77% (elapsed time  1547.3s, curr speed    0.168 kHz, avg speed    0.168 kHz), accepted    10937/  260001 events ( 4.21%)
Bad event
Bad event
Processed   270000/ 1049749 entries, 25.72% (elapsed time  1606.2s, curr speed    0.170 kHz, avg speed    0.168 kHz), accepted    11364/  270001 events ( 4.21%)
Processed   280000/ 1049749 entries, 26.67% (elapsed time  1666.8s, curr speed    0.165 kHz, avg speed    0.168 kHz), accepted    11778/  280001 events ( 4.21%)
Bad event
Processed   290000/ 1049749 entries, 27.63% (elapsed time  1726.9s, curr speed    0.167 kHz, avg speed    0.168 kHz), accepted    12205/  290001 events ( 4.21%)
Processed   300000/ 1049749 entries, 28.58% (elapsed time  1783.1s, curr speed    0.178 kHz, avg speed    0.168 kHz), accepted    12623/  300001 events ( 4.21%)
Processed   310000/ 1049749 entries, 29.53% (elapsed time  1840.8s, curr speed    0.173 kHz, avg speed    0.168 kHz), accepted    13026/  310001 events ( 4.20%)
Processed   320000/ 1049749 entries, 30.48% (elapsed time  1900.9s, curr speed    0.166 kHz, avg speed    0.168 kHz), accepted    13461/  320001 events ( 4.21%)
Processed   330000/ 1049749 entries, 31.44% (elapsed time  1956.7s, curr speed    0.179 kHz, avg speed    0.169 kHz), accepted    13866/  330001 events ( 4.20%)
Processed   340000/ 1049749 entries, 32.39% (elapsed time  2015.3s, curr speed    0.171 kHz, avg speed    0.169 kHz), accepted    14302/  340001 events ( 4.21%)
Bad event
Processed   350000/ 1049749 entries, 33.34% (elapsed time  2074.7s, curr speed    0.168 kHz, avg speed    0.169 kHz), accepted    14714/  350001 events ( 4.20%)
Processed   360000/ 1049749 entries, 34.29% (elapsed time  2140.6s, curr speed    0.152 kHz, avg speed    0.168 kHz), accepted    15172/  360001 events ( 4.21%)
Bad event
Processed   370000/ 1049749 entries, 35.25% (elapsed time  2198.2s, curr speed    0.174 kHz, avg speed    0.168 kHz), accepted    15600/  370001 events ( 4.22%)
Processed   380000/ 1049749 entries, 36.20% (elapsed time  2258.9s, curr speed    0.165 kHz, avg speed    0.168 kHz), accepted    15986/  380001 events ( 4.21%)
Bad event
Processed   390000/ 1049749 entries, 37.15% (elapsed time  2317.6s, curr speed    0.171 kHz, avg speed    0.168 kHz), accepted    16398/  390001 events ( 4.20%)
Processed   400000/ 1049749 entries, 38.10% (elapsed time  2378.3s, curr speed    0.165 kHz, avg speed    0.168 kHz), accepted    16814/  400001 events ( 4.20%)
Processed   410000/ 1049749 entries, 39.06% (elapsed time  2434.7s, curr speed    0.178 kHz, avg speed    0.168 kHz), accepted    17254/  410001 events ( 4.21%)
Processed   420000/ 1049749 entries, 40.01% (elapsed time  2494.2s, curr speed    0.168 kHz, avg speed    0.168 kHz), accepted    17708/  420001 events ( 4.22%)
Processed   430000/ 1049749 entries, 40.96% (elapsed time  2554.3s, curr speed    0.167 kHz, avg speed    0.168 kHz), accepted    18138/  430001 events ( 4.22%)
Processed   440000/ 1049749 entries, 41.91% (elapsed time  2614.3s, curr speed    0.166 kHz, avg speed    0.168 kHz), accepted    18545/  440001 events ( 4.21%)
Bad event
Processed   450000/ 1049749 entries, 42.87% (elapsed time  2671.4s, curr speed    0.175 kHz, avg speed    0.168 kHz), accepted    18972/  450001 events ( 4.22%)
Bad event
Processed   460000/ 1049749 entries, 43.82% (elapsed time  2724.0s, curr speed    0.190 kHz, avg speed    0.169 kHz), accepted    19381/  460001 events ( 4.21%)
Processed   470000/ 1049749 entries, 44.77% (elapsed time  2787.0s, curr speed    0.159 kHz, avg speed    0.169 kHz), accepted    19807/  470001 events ( 4.21%)
Processed   480000/ 1049749 entries, 45.73% (elapsed time  2843.9s, curr speed    0.176 kHz, avg speed    0.169 kHz), accepted    20236/  480001 events ( 4.22%)
Processed   490000/ 1049749 entries, 46.68% (elapsed time  2901.9s, curr speed    0.172 kHz, avg speed    0.169 kHz), accepted    20685/  490001 events ( 4.22%)
Bad event
Processed   500000/ 1049749 entries, 47.63% (elapsed time  2960.2s, curr speed    0.171 kHz, avg speed    0.169 kHz), accepted    21112/  500001 events ( 4.22%)
Processed   510000/ 1049749 entries, 48.58% (elapsed time  3021.2s, curr speed    0.164 kHz, avg speed    0.169 kHz), accepted    21543/  510001 events ( 4.22%)
Processed   520000/ 1049749 entries, 49.54% (elapsed time  3079.2s, curr speed    0.172 kHz, avg speed    0.169 kHz), accepted    21977/  520001 events ( 4.23%)
Bad event
Processed   530000/ 1049749 entries, 50.49% (elapsed time  3137.7s, curr speed    0.171 kHz, avg speed    0.169 kHz), accepted    22425/  530001 events ( 4.23%)
Processed   540000/ 1049749 entries, 51.44% (elapsed time  3200.6s, curr speed    0.159 kHz, avg speed    0.169 kHz), accepted    22879/  540001 events ( 4.24%)
Processed   550000/ 1049749 entries, 52.39% (elapsed time  3260.5s, curr speed    0.167 kHz, avg speed    0.169 kHz), accepted    23283/  550001 events ( 4.23%)
Processed   560000/ 1049749 entries, 53.35% (elapsed time  3319.3s, curr speed    0.170 kHz, avg speed    0.169 kHz), accepted    23683/  560001 events ( 4.23%)
Bad event
Processed   570000/ 1049749 entries, 54.30% (elapsed time  3376.9s, curr speed    0.173 kHz, avg speed    0.169 kHz), accepted    24131/  570001 events ( 4.23%)
Processed   580000/ 1049749 entries, 55.25% (elapsed time  3436.3s, curr speed    0.169 kHz, avg speed    0.169 kHz), accepted    24550/  580001 events ( 4.23%)
Bad event
Processed   590000/ 1049749 entries, 56.20% (elapsed time  3496.6s, curr speed    0.166 kHz, avg speed    0.169 kHz), accepted    24986/  590001 events ( 4.23%)
Processed   600000/ 1049749 entries, 57.16% (elapsed time  3554.3s, curr speed    0.174 kHz, avg speed    0.169 kHz), accepted    25437/  600001 events ( 4.24%)
Processed   610000/ 1049749 entries, 58.11% (elapsed time  3611.0s, curr speed    0.176 kHz, avg speed    0.169 kHz), accepted    25829/  610001 events ( 4.23%)
Processed   620000/ 1049749 entries, 59.06% (elapsed time  3668.0s, curr speed    0.175 kHz, avg speed    0.169 kHz), accepted    26225/  620001 events ( 4.23%)
Bad event
Processed   630000/ 1049749 entries, 60.01% (elapsed time  3726.1s, curr speed    0.172 kHz, avg speed    0.169 kHz), accepted    26614/  630001 events ( 4.22%)
Bad event
Processed   640000/ 1049749 entries, 60.97% (elapsed time  3784.7s, curr speed    0.171 kHz, avg speed    0.169 kHz), accepted    27008/  640001 events ( 4.22%)
Processed   650000/ 1049749 entries, 61.92% (elapsed time  3843.1s, curr speed    0.171 kHz, avg speed    0.169 kHz), accepted    27433/  650001 events ( 4.22%)
Processed   660000/ 1049749 entries, 62.87% (elapsed time  3901.6s, curr speed    0.171 kHz, avg speed    0.169 kHz), accepted    27843/  660001 events ( 4.22%)
Processed   670000/ 1049749 entries, 63.82% (elapsed time  3958.3s, curr speed    0.176 kHz, avg speed    0.169 kHz), accepted    28162/  670001 events ( 4.20%)
Bad event
Bad event
Processed   680000/ 1049749 entries, 64.78% (elapsed time  4015.2s, curr speed    0.176 kHz, avg speed    0.169 kHz), accepted    28549/  680001 events ( 4.20%)
Processed   690000/ 1049749 entries, 65.73% (elapsed time  4073.7s, curr speed    0.171 kHz, avg speed    0.169 kHz), accepted    28958/  690001 events ( 4.20%)
Processed   700000/ 1049749 entries, 66.68% (elapsed time  4131.5s, curr speed    0.173 kHz, avg speed    0.169 kHz), accepted    29398/  700001 events ( 4.20%)
Bad event
Processed   710000/ 1049749 entries, 67.64% (elapsed time  4192.7s, curr speed    0.163 kHz, avg speed    0.169 kHz), accepted    29797/  710001 events ( 4.20%)
Processed   720000/ 1049749 entries, 68.59% (elapsed time  4251.0s, curr speed    0.172 kHz, avg speed    0.169 kHz), accepted    30264/  720001 events ( 4.20%)
Processed   730000/ 1049749 entries, 69.54% (elapsed time  4315.1s, curr speed    0.156 kHz, avg speed    0.169 kHz), accepted    30659/  730001 events ( 4.20%)
Processed   740000/ 1049749 entries, 70.49% (elapsed time  4372.5s, curr speed    0.174 kHz, avg speed    0.169 kHz), accepted    31100/  740001 events ( 4.20%)
Processed   750000/ 1049749 entries, 71.45% (elapsed time  4434.4s, curr speed    0.162 kHz, avg speed    0.169 kHz), accepted    31527/  750001 events ( 4.20%)
Processed   760000/ 1049749 entries, 72.40% (elapsed time  4492.4s, curr speed    0.172 kHz, avg speed    0.169 kHz), accepted    31932/  760001 events ( 4.20%)
Processed   770000/ 1049749 entries, 73.35% (elapsed time  4550.4s, curr speed    0.173 kHz, avg speed    0.169 kHz), accepted    32368/  770001 events ( 4.20%)
Bad event
Processed   780000/ 1049749 entries, 74.30% (elapsed time  4610.6s, curr speed    0.166 kHz, avg speed    0.169 kHz), accepted    32782/  780001 events ( 4.20%)
Processed   790000/ 1049749 entries, 75.26% (elapsed time  4670.1s, curr speed    0.168 kHz, avg speed    0.169 kHz), accepted    33209/  790001 events ( 4.20%)
Processed   800000/ 1049749 entries, 76.21% (elapsed time  4727.3s, curr speed    0.175 kHz, avg speed    0.169 kHz), accepted    33636/  800001 events ( 4.20%)
Bad event
Processed   810000/ 1049749 entries, 77.16% (elapsed time  4782.9s, curr speed    0.180 kHz, avg speed    0.169 kHz), accepted    34044/  810001 events ( 4.20%)
Processed   820000/ 1049749 entries, 78.11% (elapsed time  4842.9s, curr speed    0.167 kHz, avg speed    0.169 kHz), accepted    34480/  820001 events ( 4.20%)
Processed   830000/ 1049749 entries, 79.07% (elapsed time  4898.5s, curr speed    0.180 kHz, avg speed    0.169 kHz), accepted    34816/  830001 events ( 4.19%)
Bad event
Processed   840000/ 1049749 entries, 80.02% (elapsed time  4955.9s, curr speed    0.174 kHz, avg speed    0.169 kHz), accepted    35210/  840001 events ( 4.19%)
Processed   850000/ 1049749 entries, 80.97% (elapsed time  5013.4s, curr speed    0.174 kHz, avg speed    0.170 kHz), accepted    35620/  850001 events ( 4.19%)
Processed   860000/ 1049749 entries, 81.92% (elapsed time  5072.4s, curr speed    0.169 kHz, avg speed    0.170 kHz), accepted    36052/  860001 events ( 4.19%)
Processed   870000/ 1049749 entries, 82.88% (elapsed time  5132.8s, curr speed    0.166 kHz, avg speed    0.169 kHz), accepted    36436/  870001 events ( 4.19%)
Bad event
Processed   880000/ 1049749 entries, 83.83% (elapsed time  5192.5s, curr speed    0.167 kHz, avg speed    0.169 kHz), accepted    36887/  880001 events ( 4.19%)
Bad event
Processed   890000/ 1049749 entries, 84.78% (elapsed time  5251.4s, curr speed    0.170 kHz, avg speed    0.169 kHz), accepted    37329/  890001 events ( 4.19%)
Processed   900000/ 1049749 entries, 85.73% (elapsed time  5310.0s, curr speed    0.171 kHz, avg speed    0.169 kHz), accepted    37742/  900001 events ( 4.19%)
Processed   910000/ 1049749 entries, 86.69% (elapsed time  5369.8s, curr speed    0.167 kHz, avg speed    0.169 kHz), accepted    38124/  910001 events ( 4.19%)
Bad event
Processed   920000/ 1049749 entries, 87.64% (elapsed time  5427.9s, curr speed    0.172 kHz, avg speed    0.169 kHz), accepted    38545/  920001 events ( 4.19%)
Processed   930000/ 1049749 entries, 88.59% (elapsed time  5486.9s, curr speed    0.170 kHz, avg speed    0.169 kHz), accepted    38942/  930001 events ( 4.19%)
Bad event
Processed   940000/ 1049749 entries, 89.55% (elapsed time  5545.7s, curr speed    0.170 kHz, avg speed    0.170 kHz), accepted    39342/  940001 events ( 4.19%)
Bad event
Bad event
Processed   950000/ 1049749 entries, 90.50% (elapsed time  5603.2s, curr speed    0.174 kHz, avg speed    0.170 kHz), accepted    39712/  950001 events ( 4.18%)
Processed   960000/ 1049749 entries, 91.45% (elapsed time  5660.4s, curr speed    0.175 kHz, avg speed    0.170 kHz), accepted    40102/  960001 events ( 4.18%)
Processed   970000/ 1049749 entries, 92.40% (elapsed time  5718.9s, curr speed    0.171 kHz, avg speed    0.170 kHz), accepted    40543/  970001 events ( 4.18%)
Bad event
Processed   980000/ 1049749 entries, 93.36% (elapsed time  5774.3s, curr speed    0.180 kHz, avg speed    0.170 kHz), accepted    40928/  980001 events ( 4.18%)
Bad event
Processed   990000/ 1049749 entries, 94.31% (elapsed time  5829.4s, curr speed    0.182 kHz, avg speed    0.170 kHz), accepted    41255/  990001 events ( 4.17%)
Processed  1000000/ 1049749 entries, 95.26% (elapsed time  5889.5s, curr speed    0.166 kHz, avg speed    0.170 kHz), accepted    41634/ 1000001 events ( 4.16%)
Processed  1010000/ 1049749 entries, 96.21% (elapsed time  5947.1s, curr speed    0.174 kHz, avg speed    0.170 kHz), accepted    42079/ 1010001 events ( 4.17%)
Bad event
Processed  1020000/ 1049749 entries, 97.17% (elapsed time  6005.7s, curr speed    0.171 kHz, avg speed    0.170 kHz), accepted    42485/ 1020001 events ( 4.17%)
Processed  1030000/ 1049749 entries, 98.12% (elapsed time  6063.1s, curr speed    0.174 kHz, avg speed    0.170 kHz), accepted    42844/ 1030001 events ( 4.16%)
Processed  1040000/ 1049749 entries, 99.07% (elapsed time  6121.1s, curr speed    0.173 kHz, avg speed    0.170 kHz), accepted    43265/ 1040001 events ( 4.16%)
Bad event
Processed 1049749 preselected entries from root://cms-xrd-global.cern.ch//store/mc/RunIIFall17NanoAODv6/ZJetsToNuNu_HT-200To400_13TeV-madgraph/NANOAODSIM/PU2017_12Apr2018_Nano25Oct2019_102X_mc2017_realistic_v7-v1/120000/64880B75-A59E-7C4F-AB08-05D92B485268.root (1049749 entries). Finally selected 43680 entries
Done /work/pbaertsc/heavy_resonance/output_2017/ZJetsToNuNu_HT-200To400_13TeV-madgraph__RunIIFall17NanoAODv6-PU2017_12Apr2018_Nano25Oct2019_102X_mc2017_realistic_v7-v1__NANOAODSIM/64880B75-A59E-7C4F-AB08-05D92B485268.root
165.553617502 Hz
deleting root file with name: /work/pbaertsc/heavy_resonance/output_2017/ZJetsToNuNu_HT-200To400_13TeV-madgraph__RunIIFall17NanoAODv6-PU2017_12Apr2018_Nano25Oct2019_102X_mc2017_realistic_v7-v1__NANOAODSIM/64880B75-A59E-7C4F-AB08-05D92B485268.root
DONE
Complete at
Wed Jan 29 20:24:43 CET 2020
