job start at
Tue Jan 28 20:45:05 CET 2020
SLURM_JOB_ID: 422199
HOSTNAME: t3wn52
JOBLIST:joblist/joblist_WZTo2L2Q_13TeV_amcatnloFXFX_madspin_pythia8__RunIIFall17NanoAODv6-PU2017_12Apr2018_Nano25Oct2019_102X_mc2017_realistic_v7-v1__NANOAODSIM_ll.txt
Going to execute
python job.py -i root://cms-xrd-global.cern.ch//store/mc/RunIIFall17NanoAODv6/WZTo2L2Q_13TeV_amcatnloFXFX_madspin_pythia8/NANOAODSIM/PU2017_12Apr2018_Nano25Oct2019_102X_mc2017_realistic_v7-v1/280000/6D7AE585-B9FD-3443-AD90-2E8547D2C1E7.root -o /work/pbaertsc/heavy_resonance/output_2017/WZTo2L2Q_13TeV_amcatnloFXFX_madspin_pythia8__RunIIFall17NanoAODv6-PU2017_12Apr2018_Nano25Oct2019_102X_mc2017_realistic_v7-v1__NANOAODSIM -N WZTo2L2Q_13TeV_amcatnloFXFX_madspin_pythia8__RunIIFall17NanoAODv6-PU2017_12Apr2018_Nano25Oct2019_102X_mc2017_realistic_v7-v1__NANOAODSIM -n 9 -c ll -y 2017
TClass::Init:0: RuntimeWarning: no dictionary for class ROOT::TIOFeatures is available
/work/pbaertsc/heavy_resonance/CMSSW_9_4_6/python/PhysicsTools/NanoAODTools/postprocessing/framework/treeReaderArrayTools.py:69: RuntimeWarning: creating executor for unknown type "ULong64_t*"
  ret = _vr.Get()[0]
JEC= Fall17_17Nov2017_V32_MC 	 JER= Fall17_V3_MC
MET branch= PuppiMET
JEC= Fall17_17Nov2017_V32_MC 	 JER= Fall17_V3_MC
MET branch= PuppiMET
--------------------------------------------------------------------------------
input files  = ['root://cms-xrd-global.cern.ch//store/mc/RunIIFall17NanoAODv6/WZTo2L2Q_13TeV_amcatnloFXFX_madspin_pythia8/NANOAODSIM/PU2017_12Apr2018_Nano25Oct2019_102X_mc2017_realistic_v7-v1/280000/6D7AE585-B9FD-3443-AD90-2E8547D2C1E7.root']
output directory = /work/pbaertsc/heavy_resonance/output_2017/WZTo2L2Q_13TeV_amcatnloFXFX_madspin_pythia8__RunIIFall17NanoAODv6-PU2017_12Apr2018_Nano25Oct2019_102X_mc2017_realistic_v7-v1__NANOAODSIM
output file  = WZTo2L2Q_13TeV_amcatnloFXFX_madspin_pythia8__RunIIFall17NanoAODv6-PU2017_12Apr2018_Nano25Oct2019_102X_mc2017_realistic_v7-v1__NANOAODSIM_9_ll.root
chunck       = 9
channel      = ll
dataType     = mc
year         = 2017
tes          = 1.0
ltf          = 1.0
jtf          = 1.0
--------------------------------------------------------------------------------
job.py: creating PostProcessor...
TreeProducer is called /work/pbaertsc/heavy_resonance/output_2017/WZTo2L2Q_13TeV_amcatnloFXFX_madspin_pythia8__RunIIFall17NanoAODv6-PU2017_12Apr2018_Nano25Oct2019_102X_mc2017_realistic_v7-v1__NANOAODSIM/WZTo2L2Q_13TeV_amcatnloFXFX_madspin_pythia8__RunIIFall17NanoAODv6-PU2017_12Apr2018_Nano25Oct2019_102X_mc2017_realistic_v7-v1__NANOAODSIM_9_ll.root
job.py: going to run PostProcessor...
Will write selected trees to /work/pbaertsc/heavy_resonance/output_2017/WZTo2L2Q_13TeV_amcatnloFXFX_madspin_pythia8__RunIIFall17NanoAODv6-PU2017_12Apr2018_Nano25Oct2019_102X_mc2017_realistic_v7-v1__NANOAODSIM
Loading jet energy scale (JES) uncertainties from file '/tmp/tmpKsEbKZ/Fall17_17Nov2017_V32_MC_Uncertainty_AK4PFchs.txt'
Loading jet energy resolutions (JER) from file '/tmp/tmpQU6JVH/Fall17_V3_MC_PtResolution_AK4PFchs.txt'
Loading JER scale factors and uncertainties from file '/tmp/tmpQU6JVH/Fall17_V3_MC_SF_AK4PFchs.txt'
Loading jet energy scale (JES) uncertainties from file '/tmp/tmpJ88Vcp/Fall17_17Nov2017_V32_MC_Uncertainty_AK8PFPuppi.txt'
Loading jet energy resolutions (JER) from file '/tmp/tmpQ7ThxW/Fall17_V3_MC_PtResolution_AK8PFPuppi.txt'
Loading JER scale factors and uncertainties from file '/tmp/tmpQ7ThxW/Fall17_V3_MC_SF_AK8PFPuppi.txt'
Pre-select 1054838 entries out of 1054838 (100.00%)
nanoAODv5? True
TtoEM trigger inconsistency
ZtoMM trigger inconsistency
TtoEM trigger inconsistency
Processed    10000/ 1054838 entries,  0.95% (elapsed time   189.2s, curr speed    0.053 kHz, avg speed    0.053 kHz), accepted       70/   10001 events ( 0.70%)
TtoEM trigger inconsistency
ZtoMM trigger inconsistency
Processed    20000/ 1054838 entries,  1.90% (elapsed time   375.7s, curr speed    0.054 kHz, avg speed    0.053 kHz), accepted      145/   20001 events ( 0.72%)
TtoEM trigger inconsistency
ZtoMM trigger inconsistency
Processed    30000/ 1054838 entries,  2.84% (elapsed time   566.0s, curr speed    0.053 kHz, avg speed    0.053 kHz), accepted      226/   30001 events ( 0.75%)
ZtoMM trigger inconsistency
Processed    40000/ 1054838 entries,  3.79% (elapsed time   751.2s, curr speed    0.054 kHz, avg speed    0.053 kHz), accepted      290/   40001 events ( 0.72%)
ZtoMM trigger inconsistency
ZtoMM trigger inconsistency
Processed    50000/ 1054838 entries,  4.74% (elapsed time   939.1s, curr speed    0.053 kHz, avg speed    0.053 kHz), accepted      373/   50001 events ( 0.75%)
ZtoMM trigger inconsistency
ZtoMM trigger inconsistency
Processed    60000/ 1054838 entries,  5.69% (elapsed time  1125.6s, curr speed    0.054 kHz, avg speed    0.053 kHz), accepted      450/   60001 events ( 0.75%)
TtoEM trigger inconsistency
ZtoMM trigger inconsistency
ZtoMM trigger inconsistency
Processed    70000/ 1054838 entries,  6.64% (elapsed time  1309.2s, curr speed    0.054 kHz, avg speed    0.053 kHz), accepted      521/   70001 events ( 0.74%)
ZtoMM trigger inconsistency
Processed    80000/ 1054838 entries,  7.58% (elapsed time  1489.6s, curr speed    0.055 kHz, avg speed    0.054 kHz), accepted      592/   80001 events ( 0.74%)
Processed    90000/ 1054838 entries,  8.53% (elapsed time  1667.1s, curr speed    0.056 kHz, avg speed    0.054 kHz), accepted      669/   90001 events ( 0.74%)
ZtoMM trigger inconsistency
TtoEM trigger inconsistency
ZtoMM trigger inconsistency
ZtoEE trigger inconsistency
ZtoMM trigger inconsistency
Processed   100000/ 1054838 entries,  9.48% (elapsed time  1863.0s, curr speed    0.051 kHz, avg speed    0.054 kHz), accepted      749/  100001 events ( 0.75%)
ZtoMM trigger inconsistency
Processed   110000/ 1054838 entries, 10.43% (elapsed time  2066.1s, curr speed    0.049 kHz, avg speed    0.053 kHz), accepted      819/  110001 events ( 0.74%)
TtoEM trigger inconsistency
ZtoMM trigger inconsistency
ZtoMM trigger inconsistency
ZtoMM trigger inconsistency
Processed   120000/ 1054838 entries, 11.38% (elapsed time  2265.8s, curr speed    0.050 kHz, avg speed    0.053 kHz), accepted      897/  120001 events ( 0.75%)
Processed   130000/ 1054838 entries, 12.32% (elapsed time  2461.5s, curr speed    0.051 kHz, avg speed    0.053 kHz), accepted      968/  130001 events ( 0.74%)
Processed   140000/ 1054838 entries, 13.27% (elapsed time  2659.6s, curr speed    0.051 kHz, avg speed    0.053 kHz), accepted     1043/  140001 events ( 0.74%)
Processed   150000/ 1054838 entries, 14.22% (elapsed time  2856.4s, curr speed    0.051 kHz, avg speed    0.053 kHz), accepted     1118/  150001 events ( 0.75%)
ZtoMM trigger inconsistency
ZtoMM trigger inconsistency
ZtoMM trigger inconsistency
Processed   160000/ 1054838 entries, 15.17% (elapsed time  3057.4s, curr speed    0.050 kHz, avg speed    0.052 kHz), accepted     1187/  160001 events ( 0.74%)
TtoEM trigger inconsistency
ZtoMM trigger inconsistency
ZtoMM trigger inconsistency
Processed   170000/ 1054838 entries, 16.12% (elapsed time  3256.4s, curr speed    0.050 kHz, avg speed    0.052 kHz), accepted     1242/  170001 events ( 0.73%)
TtoEM trigger inconsistency
TtoEM trigger inconsistency
ZtoMM trigger inconsistency
Processed   180000/ 1054838 entries, 17.06% (elapsed time  3454.6s, curr speed    0.050 kHz, avg speed    0.052 kHz), accepted     1321/  180001 events ( 0.73%)
Processed   190000/ 1054838 entries, 18.01% (elapsed time  3649.2s, curr speed    0.051 kHz, avg speed    0.052 kHz), accepted     1384/  190001 events ( 0.73%)
ZtoMM trigger inconsistency
ZtoMM trigger inconsistency
ZtoMM trigger inconsistency
ZtoMM trigger inconsistency
Processed   200000/ 1054838 entries, 18.96% (elapsed time  3849.1s, curr speed    0.050 kHz, avg speed    0.052 kHz), accepted     1465/  200001 events ( 0.73%)
ZtoMM trigger inconsistency
ZtoMM trigger inconsistency
TtoEM trigger inconsistency
TtoEM trigger inconsistency
Processed   210000/ 1054838 entries, 19.91% (elapsed time  4048.8s, curr speed    0.050 kHz, avg speed    0.052 kHz), accepted     1543/  210001 events ( 0.73%)
TtoEM trigger inconsistency
ZtoMM trigger inconsistency
Processed   220000/ 1054838 entries, 20.86% (elapsed time  4247.9s, curr speed    0.050 kHz, avg speed    0.052 kHz), accepted     1617/  220001 events ( 0.73%)
ZtoMM trigger inconsistency
ZtoEE trigger inconsistency
ZtoMM trigger inconsistency
ZtoMM trigger inconsistency
ZtoMM trigger inconsistency
ZtoMM trigger inconsistency
Processed   230000/ 1054838 entries, 21.80% (elapsed time  4447.3s, curr speed    0.050 kHz, avg speed    0.052 kHz), accepted     1680/  230001 events ( 0.73%)
Processed   240000/ 1054838 entries, 22.75% (elapsed time  4643.8s, curr speed    0.051 kHz, avg speed    0.052 kHz), accepted     1744/  240001 events ( 0.73%)
TtoEM trigger inconsistency
Processed   250000/ 1054838 entries, 23.70% (elapsed time  4841.4s, curr speed    0.051 kHz, avg speed    0.052 kHz), accepted     1827/  250001 events ( 0.73%)
ZtoMM trigger inconsistency
Bad event
Processed   260000/ 1054838 entries, 24.65% (elapsed time  5035.5s, curr speed    0.052 kHz, avg speed    0.052 kHz), accepted     1889/  260001 events ( 0.73%)
Processed   270000/ 1054838 entries, 25.60% (elapsed time  5229.3s, curr speed    0.052 kHz, avg speed    0.052 kHz), accepted     1969/  270001 events ( 0.73%)
ZtoMM trigger inconsistency
TtoEM trigger inconsistency
Processed   280000/ 1054838 entries, 26.54% (elapsed time  5423.8s, curr speed    0.051 kHz, avg speed    0.052 kHz), accepted     2041/  280001 events ( 0.73%)
ZtoEE trigger inconsistency
Processed   290000/ 1054838 entries, 27.49% (elapsed time  5616.4s, curr speed    0.052 kHz, avg speed    0.052 kHz), accepted     2106/  290001 events ( 0.73%)
TtoEM trigger inconsistency
ZtoMM trigger inconsistency
Processed   300000/ 1054838 entries, 28.44% (elapsed time  5811.0s, curr speed    0.051 kHz, avg speed    0.052 kHz), accepted     2164/  300001 events ( 0.72%)
TtoEM trigger inconsistency
ZtoMM trigger inconsistency
ZtoMM trigger inconsistency
TtoEM trigger inconsistency
ZtoMM trigger inconsistency
Processed   310000/ 1054838 entries, 29.39% (elapsed time  6003.5s, curr speed    0.052 kHz, avg speed    0.052 kHz), accepted     2226/  310001 events ( 0.72%)
ZtoEE trigger inconsistency
ZtoMM trigger inconsistency
ZtoMM trigger inconsistency
Processed   320000/ 1054838 entries, 30.34% (elapsed time  6202.1s, curr speed    0.050 kHz, avg speed    0.052 kHz), accepted     2282/  320001 events ( 0.71%)
ZtoMM trigger inconsistency
ZtoMM trigger inconsistency
ZtoMM trigger inconsistency
Processed   330000/ 1054838 entries, 31.28% (elapsed time  6397.8s, curr speed    0.051 kHz, avg speed    0.052 kHz), accepted     2351/  330001 events ( 0.71%)
ZtoMM trigger inconsistency
TtoEM trigger inconsistency
ZtoMM trigger inconsistency
Processed   340000/ 1054838 entries, 32.23% (elapsed time  6592.2s, curr speed    0.051 kHz, avg speed    0.052 kHz), accepted     2421/  340001 events ( 0.71%)
ZtoEE trigger inconsistency
Processed   350000/ 1054838 entries, 33.18% (elapsed time  6788.6s, curr speed    0.051 kHz, avg speed    0.052 kHz), accepted     2489/  350001 events ( 0.71%)
Processed   360000/ 1054838 entries, 34.13% (elapsed time  6990.1s, curr speed    0.050 kHz, avg speed    0.052 kHz), accepted     2560/  360001 events ( 0.71%)
ZtoMM trigger inconsistency
ZtoMM trigger inconsistency
Processed   370000/ 1054838 entries, 35.08% (elapsed time  7192.4s, curr speed    0.049 kHz, avg speed    0.051 kHz), accepted     2640/  370001 events ( 0.71%)
Processed   380000/ 1054838 entries, 36.02% (elapsed time  7387.9s, curr speed    0.051 kHz, avg speed    0.051 kHz), accepted     2726/  380001 events ( 0.72%)
TtoEM trigger inconsistency
ZtoMM trigger inconsistency
ZtoMM trigger inconsistency
ZtoMM trigger inconsistency
Processed   390000/ 1054838 entries, 36.97% (elapsed time  7583.8s, curr speed    0.051 kHz, avg speed    0.051 kHz), accepted     2802/  390001 events ( 0.72%)
TtoEM trigger inconsistency
ZtoMM trigger inconsistency
Bad event
Processed   400000/ 1054838 entries, 37.92% (elapsed time  7785.3s, curr speed    0.050 kHz, avg speed    0.051 kHz), accepted     2870/  400001 events ( 0.72%)
TtoEM trigger inconsistency
Bad event
Processed   410000/ 1054838 entries, 38.87% (elapsed time  7981.3s, curr speed    0.051 kHz, avg speed    0.051 kHz), accepted     2930/  410001 events ( 0.71%)
TtoEM trigger inconsistency
ZtoMM trigger inconsistency
Processed   420000/ 1054838 entries, 39.82% (elapsed time  8178.4s, curr speed    0.051 kHz, avg speed    0.051 kHz), accepted     2998/  420001 events ( 0.71%)
TtoEM trigger inconsistency
Processed   430000/ 1054838 entries, 40.76% (elapsed time  8379.0s, curr speed    0.050 kHz, avg speed    0.051 kHz), accepted     3069/  430001 events ( 0.71%)
ZtoMM trigger inconsistency
TtoEM trigger inconsistency
ZtoMM trigger inconsistency
ZtoMM trigger inconsistency
TtoEM trigger inconsistency
Processed   440000/ 1054838 entries, 41.71% (elapsed time  8577.3s, curr speed    0.050 kHz, avg speed    0.051 kHz), accepted     3146/  440001 events ( 0.71%)
ZtoMM trigger inconsistency
TtoEM trigger inconsistency
Processed   450000/ 1054838 entries, 42.66% (elapsed time  8775.0s, curr speed    0.051 kHz, avg speed    0.051 kHz), accepted     3217/  450001 events ( 0.71%)
ZtoMM trigger inconsistency
ZtoMM trigger inconsistency
Processed   460000/ 1054838 entries, 43.61% (elapsed time  8974.9s, curr speed    0.050 kHz, avg speed    0.051 kHz), accepted     3283/  460001 events ( 0.71%)
ZtoMM trigger inconsistency
ZtoMM trigger inconsistency
ZtoMM trigger inconsistency
ZtoMM trigger inconsistency
Processed   470000/ 1054838 entries, 44.56% (elapsed time  9172.7s, curr speed    0.051 kHz, avg speed    0.051 kHz), accepted     3364/  470001 events ( 0.72%)
Processed   480000/ 1054838 entries, 45.50% (elapsed time  9372.5s, curr speed    0.050 kHz, avg speed    0.051 kHz), accepted     3428/  480001 events ( 0.71%)
ZtoMM trigger inconsistency
Processed   490000/ 1054838 entries, 46.45% (elapsed time  9567.5s, curr speed    0.051 kHz, avg speed    0.051 kHz), accepted     3500/  490001 events ( 0.71%)
TtoEM trigger inconsistency
ZtoMM trigger inconsistency
Processed   500000/ 1054838 entries, 47.40% (elapsed time  9763.2s, curr speed    0.051 kHz, avg speed    0.051 kHz), accepted     3580/  500001 events ( 0.72%)
TtoEM trigger inconsistency
ZtoMM trigger inconsistency
ZtoMM trigger inconsistency
TtoEM trigger inconsistency
Processed   510000/ 1054838 entries, 48.35% (elapsed time  9955.7s, curr speed    0.052 kHz, avg speed    0.051 kHz), accepted     3666/  510001 events ( 0.72%)
TtoEM trigger inconsistency
Processed   520000/ 1054838 entries, 49.30% (elapsed time 10152.7s, curr speed    0.051 kHz, avg speed    0.051 kHz), accepted     3739/  520001 events ( 0.72%)
ZtoMM trigger inconsistency
TtoEM trigger inconsistency
Processed   530000/ 1054838 entries, 50.24% (elapsed time 10348.1s, curr speed    0.051 kHz, avg speed    0.051 kHz), accepted     3816/  530001 events ( 0.72%)
Processed   540000/ 1054838 entries, 51.19% (elapsed time 10549.4s, curr speed    0.050 kHz, avg speed    0.051 kHz), accepted     3880/  540001 events ( 0.72%)
TtoEM trigger inconsistency
TtoEM trigger inconsistency
ZtoMM trigger inconsistency
Processed   550000/ 1054838 entries, 52.14% (elapsed time 10743.9s, curr speed    0.051 kHz, avg speed    0.051 kHz), accepted     3957/  550001 events ( 0.72%)
ZtoMM trigger inconsistency
ZtoMM trigger inconsistency
%MSG-e SimpleJetCorrectionUncertainty: 
 bin variables out of range
%MSG
%MSG-e SimpleJetCorrectionUncertainty: 
 bin variables out of range
%MSG
Processed   560000/ 1054838 entries, 53.09% (elapsed time 10943.3s, curr speed    0.050 kHz, avg speed    0.051 kHz), accepted     4055/  560001 events ( 0.72%)
ZtoEE trigger inconsistency
ZtoMM trigger inconsistency
ZtoMM trigger inconsistency
Processed   570000/ 1054838 entries, 54.04% (elapsed time 11135.2s, curr speed    0.052 kHz, avg speed    0.051 kHz), accepted     4129/  570001 events ( 0.72%)
ZtoMM trigger inconsistency
ZtoMM trigger inconsistency
ZtoMM trigger inconsistency
Processed   580000/ 1054838 entries, 54.98% (elapsed time 11331.4s, curr speed    0.051 kHz, avg speed    0.051 kHz), accepted     4178/  580001 events ( 0.72%)
ZtoMM trigger inconsistency
ZtoMM trigger inconsistency
ZtoMM trigger inconsistency
Processed   590000/ 1054838 entries, 55.93% (elapsed time 11523.6s, curr speed    0.052 kHz, avg speed    0.051 kHz), accepted     4234/  590001 events ( 0.72%)
ZtoMM trigger inconsistency
ZtoMM trigger inconsistency
ZtoMM trigger inconsistency
Processed   600000/ 1054838 entries, 56.88% (elapsed time 11719.2s, curr speed    0.051 kHz, avg speed    0.051 kHz), accepted     4294/  600001 events ( 0.72%)
ZtoMM trigger inconsistency
ZtoMM trigger inconsistency
Processed   610000/ 1054838 entries, 57.83% (elapsed time 11913.5s, curr speed    0.051 kHz, avg speed    0.051 kHz), accepted     4373/  610001 events ( 0.72%)
ZtoMM trigger inconsistency
ZtoMM trigger inconsistency
Processed   620000/ 1054838 entries, 58.78% (elapsed time 12111.9s, curr speed    0.050 kHz, avg speed    0.051 kHz), accepted     4444/  620001 events ( 0.72%)
ZtoMM trigger inconsistency
ZtoMM trigger inconsistency
ZtoMM trigger inconsistency
ZtoMM trigger inconsistency
ZtoMM trigger inconsistency
ZtoMM trigger inconsistency
ZtoMM trigger inconsistency
Processed   630000/ 1054838 entries, 59.72% (elapsed time 12309.8s, curr speed    0.051 kHz, avg speed    0.051 kHz), accepted     4523/  630001 events ( 0.72%)
ZtoMM trigger inconsistency
ZtoMM trigger inconsistency
ZtoMM trigger inconsistency
Processed   640000/ 1054838 entries, 60.67% (elapsed time 12510.4s, curr speed    0.050 kHz, avg speed    0.051 kHz), accepted     4582/  640001 events ( 0.72%)
ZtoMM trigger inconsistency
Processed   650000/ 1054838 entries, 61.62% (elapsed time 12707.7s, curr speed    0.051 kHz, avg speed    0.051 kHz), accepted     4636/  650001 events ( 0.71%)
TtoEM trigger inconsistency
Processed   660000/ 1054838 entries, 62.57% (elapsed time 12903.9s, curr speed    0.051 kHz, avg speed    0.051 kHz), accepted     4698/  660001 events ( 0.71%)
ZtoMM trigger inconsistency
Processed   670000/ 1054838 entries, 63.52% (elapsed time 13100.7s, curr speed    0.051 kHz, avg speed    0.051 kHz), accepted     4764/  670001 events ( 0.71%)
ZtoEE trigger inconsistency
Processed   680000/ 1054838 entries, 64.46% (elapsed time 13294.8s, curr speed    0.052 kHz, avg speed    0.051 kHz), accepted     4843/  680001 events ( 0.71%)
Processed   690000/ 1054838 entries, 65.41% (elapsed time 13486.6s, curr speed    0.052 kHz, avg speed    0.051 kHz), accepted     4911/  690001 events ( 0.71%)
TtoEM trigger inconsistency
Processed   700000/ 1054838 entries, 66.36% (elapsed time 13692.0s, curr speed    0.049 kHz, avg speed    0.051 kHz), accepted     4983/  700001 events ( 0.71%)
Bad event
Processed   710000/ 1054838 entries, 67.31% (elapsed time 13885.4s, curr speed    0.052 kHz, avg speed    0.051 kHz), accepted     5071/  710001 events ( 0.71%)
ZtoMM trigger inconsistency
TtoEM trigger inconsistency
ZtoMM trigger inconsistency
TtoEM trigger inconsistency
ZtoMM trigger inconsistency
ZtoMM trigger inconsistency
Processed   720000/ 1054838 entries, 68.26% (elapsed time 14081.5s, curr speed    0.051 kHz, avg speed    0.051 kHz), accepted     5128/  720001 events ( 0.71%)
ZtoMM trigger inconsistency
TtoEM trigger inconsistency
Processed   730000/ 1054838 entries, 69.20% (elapsed time 14273.4s, curr speed    0.052 kHz, avg speed    0.051 kHz), accepted     5203/  730001 events ( 0.71%)
TtoEM trigger inconsistency
ZtoMM trigger inconsistency
Processed   740000/ 1054838 entries, 70.15% (elapsed time 14476.5s, curr speed    0.049 kHz, avg speed    0.051 kHz), accepted     5279/  740001 events ( 0.71%)
Processed   750000/ 1054838 entries, 71.10% (elapsed time 14690.0s, curr speed    0.047 kHz, avg speed    0.051 kHz), accepted     5356/  750001 events ( 0.71%)
ZtoMM trigger inconsistency
Processed   760000/ 1054838 entries, 72.05% (elapsed time 14880.5s, curr speed    0.052 kHz, avg speed    0.051 kHz), accepted     5430/  760001 events ( 0.71%)
Processed   770000/ 1054838 entries, 73.00% (elapsed time 15076.7s, curr speed    0.051 kHz, avg speed    0.051 kHz), accepted     5502/  770001 events ( 0.71%)
ZtoMM trigger inconsistency
Processed   780000/ 1054838 entries, 73.95% (elapsed time 15274.8s, curr speed    0.050 kHz, avg speed    0.051 kHz), accepted     5584/  780001 events ( 0.72%)
Processed   790000/ 1054838 entries, 74.89% (elapsed time 15481.7s, curr speed    0.048 kHz, avg speed    0.051 kHz), accepted     5648/  790001 events ( 0.71%)
Bad event
TtoEM trigger inconsistency
Processed   800000/ 1054838 entries, 75.84% (elapsed time 15682.4s, curr speed    0.050 kHz, avg speed    0.051 kHz), accepted     5717/  800001 events ( 0.71%)
ZtoMM trigger inconsistency
Processed   810000/ 1054838 entries, 76.79% (elapsed time 15886.6s, curr speed    0.049 kHz, avg speed    0.051 kHz), accepted     5780/  810001 events ( 0.71%)
ZtoMM trigger inconsistency
ZtoMM trigger inconsistency
Processed   820000/ 1054838 entries, 77.74% (elapsed time 16080.1s, curr speed    0.052 kHz, avg speed    0.051 kHz), accepted     5858/  820001 events ( 0.71%)
ZtoMM trigger inconsistency
ZtoMM trigger inconsistency
Processed   830000/ 1054838 entries, 78.69% (elapsed time 16281.7s, curr speed    0.050 kHz, avg speed    0.051 kHz), accepted     5936/  830001 events ( 0.72%)
ZtoMM trigger inconsistency
ZtoMM trigger inconsistency
Processed   840000/ 1054838 entries, 79.63% (elapsed time 16475.5s, curr speed    0.052 kHz, avg speed    0.051 kHz), accepted     6008/  840001 events ( 0.72%)
ZtoMM trigger inconsistency
ZtoMM trigger inconsistency
Processed   850000/ 1054838 entries, 80.58% (elapsed time 16677.3s, curr speed    0.050 kHz, avg speed    0.051 kHz), accepted     6098/  850001 events ( 0.72%)
TtoEM trigger inconsistency
ZtoMM trigger inconsistency
ZtoMM trigger inconsistency
Processed   860000/ 1054838 entries, 81.53% (elapsed time 16865.4s, curr speed    0.053 kHz, avg speed    0.051 kHz), accepted     6177/  860001 events ( 0.72%)
ZtoMM trigger inconsistency
TtoEM trigger inconsistency
ZtoMM trigger inconsistency
Processed   870000/ 1054838 entries, 82.48% (elapsed time 17061.5s, curr speed    0.051 kHz, avg speed    0.051 kHz), accepted     6239/  870001 events ( 0.72%)
ZtoEE trigger inconsistency
ZtoMM trigger inconsistency
Processed   880000/ 1054838 entries, 83.43% (elapsed time 17248.9s, curr speed    0.053 kHz, avg speed    0.051 kHz), accepted     6308/  880001 events ( 0.72%)
Bad event
ZtoEE trigger inconsistency
Processed   890000/ 1054838 entries, 84.37% (elapsed time 17436.7s, curr speed    0.053 kHz, avg speed    0.051 kHz), accepted     6359/  890001 events ( 0.71%)
ZtoMM trigger inconsistency
Processed   900000/ 1054838 entries, 85.32% (elapsed time 17630.6s, curr speed    0.052 kHz, avg speed    0.051 kHz), accepted     6434/  900001 events ( 0.71%)
Processed   910000/ 1054838 entries, 86.27% (elapsed time 17824.8s, curr speed    0.051 kHz, avg speed    0.051 kHz), accepted     6507/  910001 events ( 0.72%)
ZtoMM trigger inconsistency
Processed   920000/ 1054838 entries, 87.22% (elapsed time 18013.8s, curr speed    0.053 kHz, avg speed    0.051 kHz), accepted     6587/  920001 events ( 0.72%)
Processed   930000/ 1054838 entries, 88.17% (elapsed time 18205.6s, curr speed    0.052 kHz, avg speed    0.051 kHz), accepted     6651/  930001 events ( 0.72%)
%MSG-e SimpleJetCorrectionUncertainty: 
 bin variables out of range
%MSG
%MSG-e SimpleJetCorrectionUncertainty: 
 bin variables out of range
%MSG
Processed   940000/ 1054838 entries, 89.11% (elapsed time 18392.9s, curr speed    0.053 kHz, avg speed    0.051 kHz), accepted     6718/  940001 events ( 0.71%)
Processed   950000/ 1054838 entries, 90.06% (elapsed time 18584.5s, curr speed    0.052 kHz, avg speed    0.051 kHz), accepted     6794/  950001 events ( 0.72%)
Bad event
Processed   960000/ 1054838 entries, 91.01% (elapsed time 18774.5s, curr speed    0.053 kHz, avg speed    0.051 kHz), accepted     6876/  960001 events ( 0.72%)
ZtoMM trigger inconsistency
Processed   970000/ 1054838 entries, 91.96% (elapsed time 18890.4s, curr speed    0.086 kHz, avg speed    0.051 kHz), accepted     6943/  970001 events ( 0.72%)
ZtoEE trigger inconsistency
ZtoEE trigger inconsistency
Processed   980000/ 1054838 entries, 92.91% (elapsed time 18997.3s, curr speed    0.093 kHz, avg speed    0.052 kHz), accepted     7009/  980001 events ( 0.72%)
ZtoMM trigger inconsistency
ZtoMM trigger inconsistency
Processed   990000/ 1054838 entries, 93.85% (elapsed time 19105.3s, curr speed    0.093 kHz, avg speed    0.052 kHz), accepted     7094/  990001 events ( 0.72%)
ZtoMM trigger inconsistency
ZtoMM trigger inconsistency
Processed  1000000/ 1054838 entries, 94.80% (elapsed time 19212.0s, curr speed    0.094 kHz, avg speed    0.052 kHz), accepted     7165/ 1000001 events ( 0.72%)
ZtoMM trigger inconsistency
ZtoMM trigger inconsistency
TtoEM trigger inconsistency
TtoEM trigger inconsistency
Processed  1010000/ 1054838 entries, 95.75% (elapsed time 19318.3s, curr speed    0.094 kHz, avg speed    0.052 kHz), accepted     7241/ 1010001 events ( 0.72%)
Bad event
Bad event
ZtoMM trigger inconsistency
Processed  1020000/ 1054838 entries, 96.70% (elapsed time 19422.9s, curr speed    0.096 kHz, avg speed    0.053 kHz), accepted     7322/ 1020001 events ( 0.72%)
Bad event
Bad event
ZtoMM trigger inconsistency
Processed  1030000/ 1054838 entries, 97.65% (elapsed time 19530.7s, curr speed    0.093 kHz, avg speed    0.053 kHz), accepted     7410/ 1030001 events ( 0.72%)
ZtoMM trigger inconsistency
Processed  1040000/ 1054838 entries, 98.59% (elapsed time 19635.3s, curr speed    0.096 kHz, avg speed    0.053 kHz), accepted     7484/ 1040001 events ( 0.72%)
ZtoMM trigger inconsistency
TtoEM trigger inconsistency
Processed  1050000/ 1054838 entries, 99.54% (elapsed time 19740.0s, curr speed    0.095 kHz, avg speed    0.053 kHz), accepted     7565/ 1050001 events ( 0.72%)
ZtoMM trigger inconsistency
Processed 1054838 preselected entries from root://cms-xrd-global.cern.ch//store/mc/RunIIFall17NanoAODv6/WZTo2L2Q_13TeV_amcatnloFXFX_madspin_pythia8/NANOAODSIM/PU2017_12Apr2018_Nano25Oct2019_102X_mc2017_realistic_v7-v1/280000/6D7AE585-B9FD-3443-AD90-2E8547D2C1E7.root (1054838 entries). Finally selected 7601 entries
Done /work/pbaertsc/heavy_resonance/output_2017/WZTo2L2Q_13TeV_amcatnloFXFX_madspin_pythia8__RunIIFall17NanoAODv6-PU2017_12Apr2018_Nano25Oct2019_102X_mc2017_realistic_v7-v1__NANOAODSIM/6D7AE585-B9FD-3443-AD90-2E8547D2C1E7.root
53.2422439879 Hz
deleting root file with name: /work/pbaertsc/heavy_resonance/output_2017/WZTo2L2Q_13TeV_amcatnloFXFX_madspin_pythia8__RunIIFall17NanoAODv6-PU2017_12Apr2018_Nano25Oct2019_102X_mc2017_realistic_v7-v1__NANOAODSIM/6D7AE585-B9FD-3443-AD90-2E8547D2C1E7.root
DONE
Complete at
Wed Jan 29 03:27:18 CET 2020
