job start at
Tue Jan 28 21:00:30 CET 2020
SLURM_JOB_ID: 422251
HOSTNAME: t3wn51
JOBLIST:joblist/joblist_ZZTo2Q2Nu_TuneCP5_13TeV_amcatnloFXFX_madspin_pythia8__RunIIFall17NanoAODv6-PU2017_12Apr2018_Nano25Oct2019_102X_mc2017_realistic_v7-v1__NANOAODSIM_ll.txt
Going to execute
python job.py -i root://cms-xrd-global.cern.ch//store/mc/RunIIFall17NanoAODv6/ZZTo2Q2Nu_TuneCP5_13TeV_amcatnloFXFX_madspin_pythia8/NANOAODSIM/PU2017_12Apr2018_Nano25Oct2019_102X_mc2017_realistic_v7-v1/70000/932A449B-1A3A-1842-AF99-4C607FB05520.root -o /work/pbaertsc/heavy_resonance/output_2017/ZZTo2Q2Nu_TuneCP5_13TeV_amcatnloFXFX_madspin_pythia8__RunIIFall17NanoAODv6-PU2017_12Apr2018_Nano25Oct2019_102X_mc2017_realistic_v7-v1__NANOAODSIM -N ZZTo2Q2Nu_TuneCP5_13TeV_amcatnloFXFX_madspin_pythia8__RunIIFall17NanoAODv6-PU2017_12Apr2018_Nano25Oct2019_102X_mc2017_realistic_v7-v1__NANOAODSIM -n 17 -c ll -y 2017
TClass::Init:0: RuntimeWarning: no dictionary for class ROOT::TIOFeatures is available
/work/pbaertsc/heavy_resonance/CMSSW_9_4_6/python/PhysicsTools/NanoAODTools/postprocessing/framework/treeReaderArrayTools.py:69: RuntimeWarning: creating executor for unknown type "ULong64_t*"
  ret = _vr.Get()[0]
JEC= Fall17_17Nov2017_V32_MC 	 JER= Fall17_V3_MC
MET branch= PuppiMET
JEC= Fall17_17Nov2017_V32_MC 	 JER= Fall17_V3_MC
MET branch= PuppiMET
--------------------------------------------------------------------------------
input files  = ['root://cms-xrd-global.cern.ch//store/mc/RunIIFall17NanoAODv6/ZZTo2Q2Nu_TuneCP5_13TeV_amcatnloFXFX_madspin_pythia8/NANOAODSIM/PU2017_12Apr2018_Nano25Oct2019_102X_mc2017_realistic_v7-v1/70000/932A449B-1A3A-1842-AF99-4C607FB05520.root']
output directory = /work/pbaertsc/heavy_resonance/output_2017/ZZTo2Q2Nu_TuneCP5_13TeV_amcatnloFXFX_madspin_pythia8__RunIIFall17NanoAODv6-PU2017_12Apr2018_Nano25Oct2019_102X_mc2017_realistic_v7-v1__NANOAODSIM
output file  = ZZTo2Q2Nu_TuneCP5_13TeV_amcatnloFXFX_madspin_pythia8__RunIIFall17NanoAODv6-PU2017_12Apr2018_Nano25Oct2019_102X_mc2017_realistic_v7-v1__NANOAODSIM_17_ll.root
chunck       = 17
channel      = ll
dataType     = mc
year         = 2017
tes          = 1.0
ltf          = 1.0
jtf          = 1.0
--------------------------------------------------------------------------------
job.py: creating PostProcessor...
TreeProducer is called /work/pbaertsc/heavy_resonance/output_2017/ZZTo2Q2Nu_TuneCP5_13TeV_amcatnloFXFX_madspin_pythia8__RunIIFall17NanoAODv6-PU2017_12Apr2018_Nano25Oct2019_102X_mc2017_realistic_v7-v1__NANOAODSIM/ZZTo2Q2Nu_TuneCP5_13TeV_amcatnloFXFX_madspin_pythia8__RunIIFall17NanoAODv6-PU2017_12Apr2018_Nano25Oct2019_102X_mc2017_realistic_v7-v1__NANOAODSIM_17_ll.root
job.py: going to run PostProcessor...
Will write selected trees to /work/pbaertsc/heavy_resonance/output_2017/ZZTo2Q2Nu_TuneCP5_13TeV_amcatnloFXFX_madspin_pythia8__RunIIFall17NanoAODv6-PU2017_12Apr2018_Nano25Oct2019_102X_mc2017_realistic_v7-v1__NANOAODSIM
Loading jet energy scale (JES) uncertainties from file '/tmp/tmpFTdTnp/Fall17_17Nov2017_V32_MC_Uncertainty_AK4PFchs.txt'
Loading jet energy resolutions (JER) from file '/tmp/tmpZLe5EN/Fall17_V3_MC_PtResolution_AK4PFchs.txt'
Loading JER scale factors and uncertainties from file '/tmp/tmpZLe5EN/Fall17_V3_MC_SF_AK4PFchs.txt'
Loading jet energy scale (JES) uncertainties from file '/tmp/tmps_lMBq/Fall17_17Nov2017_V32_MC_Uncertainty_AK8PFPuppi.txt'
Loading jet energy resolutions (JER) from file '/tmp/tmp4gXm64/Fall17_V3_MC_PtResolution_AK8PFPuppi.txt'
Loading JER scale factors and uncertainties from file '/tmp/tmp4gXm64/Fall17_V3_MC_SF_AK8PFPuppi.txt'
Pre-select 1621161 entries out of 1621161 (100.00%)
nanoAODv5? True
Processed    10000/ 1621161 entries,  0.62% (elapsed time   160.2s, curr speed    0.062 kHz, avg speed    0.062 kHz), accepted      128/   10001 events ( 1.28%)
Processed    20000/ 1621161 entries,  1.23% (elapsed time   311.3s, curr speed    0.066 kHz, avg speed    0.064 kHz), accepted      270/   20001 events ( 1.35%)
Processed    30000/ 1621161 entries,  1.85% (elapsed time   447.2s, curr speed    0.074 kHz, avg speed    0.067 kHz), accepted      398/   30001 events ( 1.33%)
Bad event
Processed    40000/ 1621161 entries,  2.47% (elapsed time   568.3s, curr speed    0.083 kHz, avg speed    0.070 kHz), accepted      536/   40001 events ( 1.34%)
Processed    50000/ 1621161 entries,  3.08% (elapsed time   712.2s, curr speed    0.069 kHz, avg speed    0.070 kHz), accepted      664/   50001 events ( 1.33%)
Processed    60000/ 1621161 entries,  3.70% (elapsed time   852.4s, curr speed    0.071 kHz, avg speed    0.070 kHz), accepted      807/   60001 events ( 1.34%)
Bad event
Processed    70000/ 1621161 entries,  4.32% (elapsed time   981.2s, curr speed    0.078 kHz, avg speed    0.071 kHz), accepted      950/   70001 events ( 1.36%)
Processed    80000/ 1621161 entries,  4.93% (elapsed time  1108.0s, curr speed    0.079 kHz, avg speed    0.072 kHz), accepted     1076/   80001 events ( 1.34%)
Processed    90000/ 1621161 entries,  5.55% (elapsed time  1257.5s, curr speed    0.067 kHz, avg speed    0.072 kHz), accepted     1200/   90001 events ( 1.33%)
Bad event
Processed   100000/ 1621161 entries,  6.17% (elapsed time  1408.3s, curr speed    0.066 kHz, avg speed    0.071 kHz), accepted     1316/  100001 events ( 1.32%)
Processed   110000/ 1621161 entries,  6.79% (elapsed time  1558.5s, curr speed    0.067 kHz, avg speed    0.071 kHz), accepted     1459/  110001 events ( 1.33%)
Processed   120000/ 1621161 entries,  7.40% (elapsed time  1689.5s, curr speed    0.076 kHz, avg speed    0.071 kHz), accepted     1574/  120001 events ( 1.31%)
Processed   130000/ 1621161 entries,  8.02% (elapsed time  1828.1s, curr speed    0.072 kHz, avg speed    0.071 kHz), accepted     1694/  130001 events ( 1.30%)
Processed   140000/ 1621161 entries,  8.64% (elapsed time  1957.8s, curr speed    0.077 kHz, avg speed    0.072 kHz), accepted     1821/  140001 events ( 1.30%)
Processed   150000/ 1621161 entries,  9.25% (elapsed time  2088.3s, curr speed    0.077 kHz, avg speed    0.072 kHz), accepted     1961/  150001 events ( 1.31%)
Processed   160000/ 1621161 entries,  9.87% (elapsed time  2210.2s, curr speed    0.082 kHz, avg speed    0.072 kHz), accepted     2078/  160001 events ( 1.30%)
Processed   170000/ 1621161 entries, 10.49% (elapsed time  2349.0s, curr speed    0.072 kHz, avg speed    0.072 kHz), accepted     2203/  170001 events ( 1.30%)
Processed   180000/ 1621161 entries, 11.10% (elapsed time  2476.9s, curr speed    0.078 kHz, avg speed    0.073 kHz), accepted     2309/  180001 events ( 1.28%)
Processed   190000/ 1621161 entries, 11.72% (elapsed time  2621.2s, curr speed    0.069 kHz, avg speed    0.072 kHz), accepted     2420/  190001 events ( 1.27%)
Bad event
Processed   200000/ 1621161 entries, 12.34% (elapsed time  2755.8s, curr speed    0.074 kHz, avg speed    0.073 kHz), accepted     2525/  200001 events ( 1.26%)
Processed   210000/ 1621161 entries, 12.95% (elapsed time  2901.2s, curr speed    0.069 kHz, avg speed    0.072 kHz), accepted     2641/  210001 events ( 1.26%)
Processed   220000/ 1621161 entries, 13.57% (elapsed time  3043.7s, curr speed    0.070 kHz, avg speed    0.072 kHz), accepted     2769/  220001 events ( 1.26%)
Processed   230000/ 1621161 entries, 14.19% (elapsed time  3197.8s, curr speed    0.065 kHz, avg speed    0.072 kHz), accepted     2891/  230001 events ( 1.26%)
Processed   240000/ 1621161 entries, 14.80% (elapsed time  3337.1s, curr speed    0.072 kHz, avg speed    0.072 kHz), accepted     3039/  240001 events ( 1.27%)
Processed   250000/ 1621161 entries, 15.42% (elapsed time  3480.6s, curr speed    0.070 kHz, avg speed    0.072 kHz), accepted     3153/  250001 events ( 1.26%)
Processed   260000/ 1621161 entries, 16.04% (elapsed time  3611.1s, curr speed    0.077 kHz, avg speed    0.072 kHz), accepted     3295/  260001 events ( 1.27%)
Processed   270000/ 1621161 entries, 16.65% (elapsed time  3748.6s, curr speed    0.073 kHz, avg speed    0.072 kHz), accepted     3426/  270001 events ( 1.27%)
Processed   280000/ 1621161 entries, 17.27% (elapsed time  3880.9s, curr speed    0.076 kHz, avg speed    0.072 kHz), accepted     3566/  280001 events ( 1.27%)
Processed   290000/ 1621161 entries, 17.89% (elapsed time  4017.2s, curr speed    0.073 kHz, avg speed    0.072 kHz), accepted     3674/  290001 events ( 1.27%)
Processed   300000/ 1621161 entries, 18.51% (elapsed time  4140.8s, curr speed    0.081 kHz, avg speed    0.072 kHz), accepted     3799/  300001 events ( 1.27%)
Processed   310000/ 1621161 entries, 19.12% (elapsed time  4273.0s, curr speed    0.076 kHz, avg speed    0.073 kHz), accepted     3920/  310001 events ( 1.26%)
Processed   320000/ 1621161 entries, 19.74% (elapsed time  4398.4s, curr speed    0.080 kHz, avg speed    0.073 kHz), accepted     4047/  320001 events ( 1.26%)
Processed   330000/ 1621161 entries, 20.36% (elapsed time  4542.4s, curr speed    0.069 kHz, avg speed    0.073 kHz), accepted     4185/  330001 events ( 1.27%)
Processed   340000/ 1621161 entries, 20.97% (elapsed time  4677.0s, curr speed    0.074 kHz, avg speed    0.073 kHz), accepted     4315/  340001 events ( 1.27%)
Processed   350000/ 1621161 entries, 21.59% (elapsed time  4828.7s, curr speed    0.066 kHz, avg speed    0.072 kHz), accepted     4454/  350001 events ( 1.27%)
Processed   360000/ 1621161 entries, 22.21% (elapsed time  4955.1s, curr speed    0.079 kHz, avg speed    0.073 kHz), accepted     4607/  360001 events ( 1.28%)
Processed   370000/ 1621161 entries, 22.82% (elapsed time  5096.1s, curr speed    0.071 kHz, avg speed    0.073 kHz), accepted     4726/  370001 events ( 1.28%)
Processed   380000/ 1621161 entries, 23.44% (elapsed time  5235.2s, curr speed    0.072 kHz, avg speed    0.073 kHz), accepted     4866/  380001 events ( 1.28%)
Processed   390000/ 1621161 entries, 24.06% (elapsed time  5383.7s, curr speed    0.067 kHz, avg speed    0.072 kHz), accepted     5008/  390001 events ( 1.28%)
Bad event
Processed   400000/ 1621161 entries, 24.67% (elapsed time  5534.2s, curr speed    0.066 kHz, avg speed    0.072 kHz), accepted     5128/  400001 events ( 1.28%)
Processed   410000/ 1621161 entries, 25.29% (elapsed time  5681.3s, curr speed    0.068 kHz, avg speed    0.072 kHz), accepted     5253/  410001 events ( 1.28%)
Bad event
Processed   420000/ 1621161 entries, 25.91% (elapsed time  5818.8s, curr speed    0.073 kHz, avg speed    0.072 kHz), accepted     5372/  420001 events ( 1.28%)
Processed   430000/ 1621161 entries, 26.52% (elapsed time  5953.1s, curr speed    0.074 kHz, avg speed    0.072 kHz), accepted     5519/  430001 events ( 1.28%)
Processed   440000/ 1621161 entries, 27.14% (elapsed time  6079.6s, curr speed    0.079 kHz, avg speed    0.072 kHz), accepted     5649/  440001 events ( 1.28%)
Processed   450000/ 1621161 entries, 27.76% (elapsed time  6214.9s, curr speed    0.074 kHz, avg speed    0.072 kHz), accepted     5785/  450001 events ( 1.29%)
Bad event
Processed   460000/ 1621161 entries, 28.37% (elapsed time  6339.0s, curr speed    0.081 kHz, avg speed    0.073 kHz), accepted     5926/  460001 events ( 1.29%)
Processed   470000/ 1621161 entries, 28.99% (elapsed time  6483.1s, curr speed    0.069 kHz, avg speed    0.072 kHz), accepted     6058/  470001 events ( 1.29%)
Processed   480000/ 1621161 entries, 29.61% (elapsed time  6617.2s, curr speed    0.075 kHz, avg speed    0.073 kHz), accepted     6189/  480001 events ( 1.29%)
Processed   490000/ 1621161 entries, 30.23% (elapsed time  6766.3s, curr speed    0.067 kHz, avg speed    0.072 kHz), accepted     6338/  490001 events ( 1.29%)
Processed   500000/ 1621161 entries, 30.84% (elapsed time  6918.4s, curr speed    0.066 kHz, avg speed    0.072 kHz), accepted     6464/  500001 events ( 1.29%)
Bad event
Processed   510000/ 1621161 entries, 31.46% (elapsed time  7070.3s, curr speed    0.066 kHz, avg speed    0.072 kHz), accepted     6606/  510001 events ( 1.30%)
Processed   520000/ 1621161 entries, 32.08% (elapsed time  7201.5s, curr speed    0.076 kHz, avg speed    0.072 kHz), accepted     6737/  520001 events ( 1.30%)
Processed   530000/ 1621161 entries, 32.69% (elapsed time  7345.5s, curr speed    0.069 kHz, avg speed    0.072 kHz), accepted     6890/  530001 events ( 1.30%)
Bad event
Processed   540000/ 1621161 entries, 33.31% (elapsed time  7474.1s, curr speed    0.078 kHz, avg speed    0.072 kHz), accepted     7020/  540001 events ( 1.30%)
Processed   550000/ 1621161 entries, 33.93% (elapsed time  7610.1s, curr speed    0.074 kHz, avg speed    0.072 kHz), accepted     7148/  550001 events ( 1.30%)
Bad event
Processed   560000/ 1621161 entries, 34.54% (elapsed time  7726.0s, curr speed    0.086 kHz, avg speed    0.072 kHz), accepted     7273/  560001 events ( 1.30%)
Processed   570000/ 1621161 entries, 35.16% (elapsed time  7867.4s, curr speed    0.071 kHz, avg speed    0.072 kHz), accepted     7404/  570001 events ( 1.30%)
Processed   580000/ 1621161 entries, 35.78% (elapsed time  7989.6s, curr speed    0.082 kHz, avg speed    0.073 kHz), accepted     7541/  580001 events ( 1.30%)
Processed   590000/ 1621161 entries, 36.39% (elapsed time  8132.5s, curr speed    0.070 kHz, avg speed    0.073 kHz), accepted     7667/  590001 events ( 1.30%)
Processed   600000/ 1621161 entries, 37.01% (elapsed time  8260.9s, curr speed    0.078 kHz, avg speed    0.073 kHz), accepted     7794/  600001 events ( 1.30%)
Bad event
Processed   610000/ 1621161 entries, 37.63% (elapsed time  8405.6s, curr speed    0.069 kHz, avg speed    0.073 kHz), accepted     7919/  610001 events ( 1.30%)
Bad event
Processed   620000/ 1621161 entries, 38.24% (elapsed time  8543.6s, curr speed    0.072 kHz, avg speed    0.073 kHz), accepted     8063/  620001 events ( 1.30%)
Processed   630000/ 1621161 entries, 38.86% (elapsed time  8698.4s, curr speed    0.065 kHz, avg speed    0.072 kHz), accepted     8199/  630001 events ( 1.30%)
Processed   640000/ 1621161 entries, 39.48% (elapsed time  8840.2s, curr speed    0.071 kHz, avg speed    0.072 kHz), accepted     8334/  640001 events ( 1.30%)
Processed   650000/ 1621161 entries, 40.09% (elapsed time  8983.8s, curr speed    0.070 kHz, avg speed    0.072 kHz), accepted     8464/  650001 events ( 1.30%)
Processed   660000/ 1621161 entries, 40.71% (elapsed time  9109.9s, curr speed    0.079 kHz, avg speed    0.072 kHz), accepted     8579/  660001 events ( 1.30%)
Processed   670000/ 1621161 entries, 41.33% (elapsed time  9248.3s, curr speed    0.072 kHz, avg speed    0.072 kHz), accepted     8709/  670001 events ( 1.30%)
Bad event
Processed   680000/ 1621161 entries, 41.95% (elapsed time  9375.5s, curr speed    0.079 kHz, avg speed    0.073 kHz), accepted     8830/  680001 events ( 1.30%)
Bad event
Processed   690000/ 1621161 entries, 42.56% (elapsed time  9508.7s, curr speed    0.075 kHz, avg speed    0.073 kHz), accepted     8996/  690001 events ( 1.30%)
Processed   700000/ 1621161 entries, 43.18% (elapsed time  9627.2s, curr speed    0.084 kHz, avg speed    0.073 kHz), accepted     9134/  700001 events ( 1.30%)
Processed   710000/ 1621161 entries, 43.80% (elapsed time  9759.5s, curr speed    0.076 kHz, avg speed    0.073 kHz), accepted     9267/  710001 events ( 1.31%)
Processed   720000/ 1621161 entries, 44.41% (elapsed time  9888.0s, curr speed    0.078 kHz, avg speed    0.073 kHz), accepted     9398/  720001 events ( 1.31%)
Processed   730000/ 1621161 entries, 45.03% (elapsed time 10019.4s, curr speed    0.076 kHz, avg speed    0.073 kHz), accepted     9531/  730001 events ( 1.31%)
Processed   740000/ 1621161 entries, 45.65% (elapsed time 10149.3s, curr speed    0.077 kHz, avg speed    0.073 kHz), accepted     9654/  740001 events ( 1.30%)
Processed   750000/ 1621161 entries, 46.26% (elapsed time 10292.1s, curr speed    0.070 kHz, avg speed    0.073 kHz), accepted     9778/  750001 events ( 1.30%)
Processed   760000/ 1621161 entries, 46.88% (elapsed time 10427.2s, curr speed    0.074 kHz, avg speed    0.073 kHz), accepted     9919/  760001 events ( 1.31%)
Bad event
Processed   770000/ 1621161 entries, 47.50% (elapsed time 10578.7s, curr speed    0.066 kHz, avg speed    0.073 kHz), accepted    10044/  770001 events ( 1.30%)
Processed   780000/ 1621161 entries, 48.11% (elapsed time 10726.5s, curr speed    0.068 kHz, avg speed    0.073 kHz), accepted    10166/  780001 events ( 1.30%)
Processed   790000/ 1621161 entries, 48.73% (elapsed time 10874.7s, curr speed    0.067 kHz, avg speed    0.073 kHz), accepted    10283/  790001 events ( 1.30%)
Processed   800000/ 1621161 entries, 49.35% (elapsed time 11015.2s, curr speed    0.071 kHz, avg speed    0.073 kHz), accepted    10400/  800001 events ( 1.30%)
Bad event
Processed   810000/ 1621161 entries, 49.96% (elapsed time 11153.2s, curr speed    0.072 kHz, avg speed    0.073 kHz), accepted    10522/  810001 events ( 1.30%)
Processed   820000/ 1621161 entries, 50.58% (elapsed time 11283.9s, curr speed    0.077 kHz, avg speed    0.073 kHz), accepted    10654/  820001 events ( 1.30%)
Bad event
Processed   830000/ 1621161 entries, 51.20% (elapsed time 11415.8s, curr speed    0.076 kHz, avg speed    0.073 kHz), accepted    10769/  830001 events ( 1.30%)
Bad event
Processed   840000/ 1621161 entries, 51.81% (elapsed time 11537.6s, curr speed    0.082 kHz, avg speed    0.073 kHz), accepted    10907/  840001 events ( 1.30%)
Processed   850000/ 1621161 entries, 52.43% (elapsed time 11670.4s, curr speed    0.075 kHz, avg speed    0.073 kHz), accepted    11032/  850001 events ( 1.30%)
Processed   860000/ 1621161 entries, 53.05% (elapsed time 11797.5s, curr speed    0.079 kHz, avg speed    0.073 kHz), accepted    11154/  860001 events ( 1.30%)
Processed   870000/ 1621161 entries, 53.67% (elapsed time 11934.1s, curr speed    0.073 kHz, avg speed    0.073 kHz), accepted    11282/  870001 events ( 1.30%)
Processed   880000/ 1621161 entries, 54.28% (elapsed time 12064.1s, curr speed    0.077 kHz, avg speed    0.073 kHz), accepted    11421/  880001 events ( 1.30%)
Processed   890000/ 1621161 entries, 54.90% (elapsed time 12208.3s, curr speed    0.069 kHz, avg speed    0.073 kHz), accepted    11545/  890001 events ( 1.30%)
Processed   900000/ 1621161 entries, 55.52% (elapsed time 12349.6s, curr speed    0.071 kHz, avg speed    0.073 kHz), accepted    11655/  900001 events ( 1.29%)
Bad event
Processed   910000/ 1621161 entries, 56.13% (elapsed time 12512.4s, curr speed    0.061 kHz, avg speed    0.073 kHz), accepted    11772/  910001 events ( 1.29%)
Bad event
Processed   920000/ 1621161 entries, 56.75% (elapsed time 12671.3s, curr speed    0.063 kHz, avg speed    0.073 kHz), accepted    11898/  920001 events ( 1.29%)
Bad event
Processed   930000/ 1621161 entries, 57.37% (elapsed time 12812.1s, curr speed    0.071 kHz, avg speed    0.073 kHz), accepted    12050/  930001 events ( 1.30%)
Processed   940000/ 1621161 entries, 57.98% (elapsed time 12942.9s, curr speed    0.076 kHz, avg speed    0.073 kHz), accepted    12204/  940001 events ( 1.30%)
Processed   950000/ 1621161 entries, 58.60% (elapsed time 13079.9s, curr speed    0.073 kHz, avg speed    0.073 kHz), accepted    12335/  950001 events ( 1.30%)
Processed   960000/ 1621161 entries, 59.22% (elapsed time 13203.5s, curr speed    0.081 kHz, avg speed    0.073 kHz), accepted    12456/  960001 events ( 1.30%)
Processed   970000/ 1621161 entries, 59.83% (elapsed time 13342.6s, curr speed    0.072 kHz, avg speed    0.073 kHz), accepted    12587/  970001 events ( 1.30%)
Processed   980000/ 1621161 entries, 60.45% (elapsed time 13480.0s, curr speed    0.073 kHz, avg speed    0.073 kHz), accepted    12719/  980001 events ( 1.30%)
Bad event
Processed   990000/ 1621161 entries, 61.07% (elapsed time 13628.0s, curr speed    0.068 kHz, avg speed    0.073 kHz), accepted    12843/  990001 events ( 1.30%)
Processed  1000000/ 1621161 entries, 61.68% (elapsed time 13769.1s, curr speed    0.071 kHz, avg speed    0.073 kHz), accepted    12992/ 1000001 events ( 1.30%)
Processed  1010000/ 1621161 entries, 62.30% (elapsed time 13919.4s, curr speed    0.067 kHz, avg speed    0.073 kHz), accepted    13107/ 1010001 events ( 1.30%)
Processed  1020000/ 1621161 entries, 62.92% (elapsed time 14061.5s, curr speed    0.070 kHz, avg speed    0.073 kHz), accepted    13234/ 1020001 events ( 1.30%)
Bad event
Processed  1030000/ 1621161 entries, 63.53% (elapsed time 14193.4s, curr speed    0.076 kHz, avg speed    0.073 kHz), accepted    13353/ 1030001 events ( 1.30%)
Processed  1040000/ 1621161 entries, 64.15% (elapsed time 14288.1s, curr speed    0.106 kHz, avg speed    0.073 kHz), accepted    13506/ 1040001 events ( 1.30%)
Bad event
Processed  1050000/ 1621161 entries, 64.77% (elapsed time 14383.8s, curr speed    0.104 kHz, avg speed    0.073 kHz), accepted    13604/ 1050001 events ( 1.30%)
Processed  1060000/ 1621161 entries, 65.39% (elapsed time 14477.2s, curr speed    0.107 kHz, avg speed    0.073 kHz), accepted    13742/ 1060001 events ( 1.30%)
Processed  1070000/ 1621161 entries, 66.00% (elapsed time 14570.3s, curr speed    0.107 kHz, avg speed    0.073 kHz), accepted    13862/ 1070001 events ( 1.30%)
Processed  1080000/ 1621161 entries, 66.62% (elapsed time 14661.2s, curr speed    0.110 kHz, avg speed    0.074 kHz), accepted    13987/ 1080001 events ( 1.30%)
Processed  1090000/ 1621161 entries, 67.24% (elapsed time 14754.6s, curr speed    0.107 kHz, avg speed    0.074 kHz), accepted    14127/ 1090001 events ( 1.30%)
Processed  1100000/ 1621161 entries, 67.85% (elapsed time 14845.7s, curr speed    0.110 kHz, avg speed    0.074 kHz), accepted    14261/ 1100001 events ( 1.30%)
Processed  1110000/ 1621161 entries, 68.47% (elapsed time 14936.1s, curr speed    0.111 kHz, avg speed    0.074 kHz), accepted    14401/ 1110001 events ( 1.30%)
Processed  1120000/ 1621161 entries, 69.09% (elapsed time 15027.3s, curr speed    0.110 kHz, avg speed    0.075 kHz), accepted    14549/ 1120001 events ( 1.30%)
Processed  1130000/ 1621161 entries, 69.70% (elapsed time 15117.7s, curr speed    0.111 kHz, avg speed    0.075 kHz), accepted    14692/ 1130001 events ( 1.30%)
Bad event
Processed  1140000/ 1621161 entries, 70.32% (elapsed time 15208.7s, curr speed    0.110 kHz, avg speed    0.075 kHz), accepted    14819/ 1140001 events ( 1.30%)
Bad event
Processed  1150000/ 1621161 entries, 70.94% (elapsed time 15297.9s, curr speed    0.112 kHz, avg speed    0.075 kHz), accepted    14953/ 1150001 events ( 1.30%)
Processed  1160000/ 1621161 entries, 71.55% (elapsed time 15390.5s, curr speed    0.108 kHz, avg speed    0.075 kHz), accepted    15085/ 1160001 events ( 1.30%)
Processed  1170000/ 1621161 entries, 72.17% (elapsed time 15479.3s, curr speed    0.113 kHz, avg speed    0.076 kHz), accepted    15209/ 1170001 events ( 1.30%)
Processed  1180000/ 1621161 entries, 72.79% (elapsed time 15569.9s, curr speed    0.110 kHz, avg speed    0.076 kHz), accepted    15329/ 1180001 events ( 1.30%)
Processed  1190000/ 1621161 entries, 73.40% (elapsed time 15659.8s, curr speed    0.111 kHz, avg speed    0.076 kHz), accepted    15460/ 1190001 events ( 1.30%)
Processed  1200000/ 1621161 entries, 74.02% (elapsed time 15748.9s, curr speed    0.112 kHz, avg speed    0.076 kHz), accepted    15583/ 1200001 events ( 1.30%)
Processed  1210000/ 1621161 entries, 74.64% (elapsed time 15839.6s, curr speed    0.110 kHz, avg speed    0.076 kHz), accepted    15719/ 1210001 events ( 1.30%)
Processed  1220000/ 1621161 entries, 75.25% (elapsed time 15929.2s, curr speed    0.112 kHz, avg speed    0.077 kHz), accepted    15841/ 1220001 events ( 1.30%)
Processed  1230000/ 1621161 entries, 75.87% (elapsed time 16020.8s, curr speed    0.109 kHz, avg speed    0.077 kHz), accepted    15986/ 1230001 events ( 1.30%)
Processed  1240000/ 1621161 entries, 76.49% (elapsed time 16107.1s, curr speed    0.116 kHz, avg speed    0.077 kHz), accepted    16130/ 1240001 events ( 1.30%)
Processed  1250000/ 1621161 entries, 77.11% (elapsed time 16195.2s, curr speed    0.114 kHz, avg speed    0.077 kHz), accepted    16241/ 1250001 events ( 1.30%)
Processed  1260000/ 1621161 entries, 77.72% (elapsed time 16282.6s, curr speed    0.114 kHz, avg speed    0.077 kHz), accepted    16365/ 1260001 events ( 1.30%)
Processed  1270000/ 1621161 entries, 78.34% (elapsed time 16369.2s, curr speed    0.116 kHz, avg speed    0.078 kHz), accepted    16496/ 1270001 events ( 1.30%)
Bad event
Processed  1280000/ 1621161 entries, 78.96% (elapsed time 16458.2s, curr speed    0.112 kHz, avg speed    0.078 kHz), accepted    16634/ 1280001 events ( 1.30%)
Processed  1290000/ 1621161 entries, 79.57% (elapsed time 16544.2s, curr speed    0.116 kHz, avg speed    0.078 kHz), accepted    16763/ 1290001 events ( 1.30%)
Processed  1300000/ 1621161 entries, 80.19% (elapsed time 16632.7s, curr speed    0.113 kHz, avg speed    0.078 kHz), accepted    16910/ 1300001 events ( 1.30%)
Processed  1310000/ 1621161 entries, 80.81% (elapsed time 16720.7s, curr speed    0.114 kHz, avg speed    0.078 kHz), accepted    17039/ 1310001 events ( 1.30%)
Processed  1320000/ 1621161 entries, 81.42% (elapsed time 16808.8s, curr speed    0.114 kHz, avg speed    0.079 kHz), accepted    17173/ 1320001 events ( 1.30%)
Bad event
Processed  1330000/ 1621161 entries, 82.04% (elapsed time 16895.7s, curr speed    0.115 kHz, avg speed    0.079 kHz), accepted    17287/ 1330001 events ( 1.30%)
Processed  1340000/ 1621161 entries, 82.66% (elapsed time 16982.0s, curr speed    0.116 kHz, avg speed    0.079 kHz), accepted    17405/ 1340001 events ( 1.30%)
Processed  1350000/ 1621161 entries, 83.27% (elapsed time 17070.7s, curr speed    0.113 kHz, avg speed    0.079 kHz), accepted    17566/ 1350001 events ( 1.30%)
Bad event
Processed  1360000/ 1621161 entries, 83.89% (elapsed time 17156.8s, curr speed    0.116 kHz, avg speed    0.079 kHz), accepted    17719/ 1360001 events ( 1.30%)
Processed  1370000/ 1621161 entries, 84.51% (elapsed time 17243.1s, curr speed    0.116 kHz, avg speed    0.079 kHz), accepted    17840/ 1370001 events ( 1.30%)
Processed  1380000/ 1621161 entries, 85.12% (elapsed time 17331.2s, curr speed    0.114 kHz, avg speed    0.080 kHz), accepted    17973/ 1380001 events ( 1.30%)
Processed  1390000/ 1621161 entries, 85.74% (elapsed time 17417.1s, curr speed    0.116 kHz, avg speed    0.080 kHz), accepted    18098/ 1390001 events ( 1.30%)
Processed  1400000/ 1621161 entries, 86.36% (elapsed time 17505.0s, curr speed    0.114 kHz, avg speed    0.080 kHz), accepted    18234/ 1400001 events ( 1.30%)
Bad event
Bad event
Processed  1410000/ 1621161 entries, 86.97% (elapsed time 17591.1s, curr speed    0.116 kHz, avg speed    0.080 kHz), accepted    18355/ 1410001 events ( 1.30%)
Processed  1420000/ 1621161 entries, 87.59% (elapsed time 17679.4s, curr speed    0.113 kHz, avg speed    0.080 kHz), accepted    18493/ 1420001 events ( 1.30%)
Processed  1430000/ 1621161 entries, 88.21% (elapsed time 17764.5s, curr speed    0.118 kHz, avg speed    0.080 kHz), accepted    18621/ 1430001 events ( 1.30%)
Processed  1440000/ 1621161 entries, 88.83% (elapsed time 17851.0s, curr speed    0.116 kHz, avg speed    0.081 kHz), accepted    18762/ 1440001 events ( 1.30%)
Processed  1450000/ 1621161 entries, 89.44% (elapsed time 17938.4s, curr speed    0.114 kHz, avg speed    0.081 kHz), accepted    18891/ 1450001 events ( 1.30%)
Processed  1460000/ 1621161 entries, 90.06% (elapsed time 18023.9s, curr speed    0.117 kHz, avg speed    0.081 kHz), accepted    19033/ 1460001 events ( 1.30%)
Processed  1470000/ 1621161 entries, 90.68% (elapsed time 18111.6s, curr speed    0.114 kHz, avg speed    0.081 kHz), accepted    19165/ 1470001 events ( 1.30%)
Processed  1480000/ 1621161 entries, 91.29% (elapsed time 18197.4s, curr speed    0.117 kHz, avg speed    0.081 kHz), accepted    19291/ 1480001 events ( 1.30%)
Processed  1490000/ 1621161 entries, 91.91% (elapsed time 18286.5s, curr speed    0.112 kHz, avg speed    0.081 kHz), accepted    19426/ 1490001 events ( 1.30%)
Processed  1500000/ 1621161 entries, 92.53% (elapsed time 18371.6s, curr speed    0.118 kHz, avg speed    0.082 kHz), accepted    19566/ 1500001 events ( 1.30%)
Processed  1510000/ 1621161 entries, 93.14% (elapsed time 18459.5s, curr speed    0.114 kHz, avg speed    0.082 kHz), accepted    19710/ 1510001 events ( 1.31%)
Processed  1520000/ 1621161 entries, 93.76% (elapsed time 18544.6s, curr speed    0.118 kHz, avg speed    0.082 kHz), accepted    19839/ 1520001 events ( 1.31%)
Processed  1530000/ 1621161 entries, 94.38% (elapsed time 18628.6s, curr speed    0.119 kHz, avg speed    0.082 kHz), accepted    19967/ 1530001 events ( 1.31%)
Processed  1540000/ 1621161 entries, 94.99% (elapsed time 18715.7s, curr speed    0.115 kHz, avg speed    0.082 kHz), accepted    20107/ 1540001 events ( 1.31%)
Bad event
Processed  1550000/ 1621161 entries, 95.61% (elapsed time 18798.7s, curr speed    0.120 kHz, avg speed    0.082 kHz), accepted    20224/ 1550001 events ( 1.30%)
Bad event
Processed  1560000/ 1621161 entries, 96.23% (elapsed time 18883.2s, curr speed    0.118 kHz, avg speed    0.083 kHz), accepted    20338/ 1560001 events ( 1.30%)
Processed  1570000/ 1621161 entries, 96.84% (elapsed time 18969.4s, curr speed    0.116 kHz, avg speed    0.083 kHz), accepted    20470/ 1570001 events ( 1.30%)
Processed  1580000/ 1621161 entries, 97.46% (elapsed time 19053.6s, curr speed    0.119 kHz, avg speed    0.083 kHz), accepted    20593/ 1580001 events ( 1.30%)
Processed  1590000/ 1621161 entries, 98.08% (elapsed time 19138.2s, curr speed    0.118 kHz, avg speed    0.083 kHz), accepted    20721/ 1590001 events ( 1.30%)
Processed  1600000/ 1621161 entries, 98.69% (elapsed time 19223.0s, curr speed    0.118 kHz, avg speed    0.083 kHz), accepted    20839/ 1600001 events ( 1.30%)
Bad event
Processed  1610000/ 1621161 entries, 99.31% (elapsed time 19310.8s, curr speed    0.114 kHz, avg speed    0.083 kHz), accepted    20963/ 1610001 events ( 1.30%)
Processed  1620000/ 1621161 entries, 99.93% (elapsed time 19394.8s, curr speed    0.119 kHz, avg speed    0.084 kHz), accepted    21090/ 1620001 events ( 1.30%)
Processed 1621161 preselected entries from root://cms-xrd-global.cern.ch//store/mc/RunIIFall17NanoAODv6/ZZTo2Q2Nu_TuneCP5_13TeV_amcatnloFXFX_madspin_pythia8/NANOAODSIM/PU2017_12Apr2018_Nano25Oct2019_102X_mc2017_realistic_v7-v1/70000/932A449B-1A3A-1842-AF99-4C607FB05520.root (1621161 entries). Finally selected 21103 entries
Done /work/pbaertsc/heavy_resonance/output_2017/ZZTo2Q2Nu_TuneCP5_13TeV_amcatnloFXFX_madspin_pythia8__RunIIFall17NanoAODv6-PU2017_12Apr2018_Nano25Oct2019_102X_mc2017_realistic_v7-v1__NANOAODSIM/932A449B-1A3A-1842-AF99-4C607FB05520.root
83.3662531336 Hz
deleting root file with name: /work/pbaertsc/heavy_resonance/output_2017/ZZTo2Q2Nu_TuneCP5_13TeV_amcatnloFXFX_madspin_pythia8__RunIIFall17NanoAODv6-PU2017_12Apr2018_Nano25Oct2019_102X_mc2017_realistic_v7-v1__NANOAODSIM/932A449B-1A3A-1842-AF99-4C607FB05520.root
DONE
Complete at
Wed Jan 29 04:23:10 CET 2020
