job start at
Tue Jan 28 20:30:40 CET 2020
SLURM_JOB_ID: 421687
HOSTNAME: t3wn38
JOBLIST:joblist/joblist_Zprime_VBF_Zh_Zinvhinc_narrow_M-1000_TuneCP5_PSweights_13TeV-madgraph-pythia8__RunIIAutumn18NanoAODv6-Nano25Oct2019_102X_upgrade2018_realistic_v20-v1__NANOAODSIM_ll.txt
Going to execute
python job.py -i root://cms-xrd-global.cern.ch//store/mc/RunIIAutumn18NanoAODv6/Zprime_VBF_Zh_Zinvhinc_narrow_M-1000_TuneCP5_PSweights_13TeV-madgraph-pythia8/NANOAODSIM/Nano25Oct2019_102X_upgrade2018_realistic_v20-v1/250000/8632A0C3-7623-434F-80BC-3887B73EDCD3.root -o /work/pbaertsc/heavy_resonance/output_2018/Zprime_VBF_Zh_Zinvhinc_narrow_M-1000_TuneCP5_PSweights_13TeV-madgraph-pythia8__RunIIAutumn18NanoAODv6-Nano25Oct2019_102X_upgrade2018_realistic_v20-v1__NANOAODSIM -N Zprime_VBF_Zh_Zinvhinc_narrow_M-1000_TuneCP5_PSweights_13TeV-madgraph-pythia8__RunIIAutumn18NanoAODv6-Nano25Oct2019_102X_upgrade2018_realistic_v20-v1__NANOAODSIM -n 0 -c ll -y 2018
TClass::Init:0: RuntimeWarning: no dictionary for class ROOT::TIOFeatures is available
/work/pbaertsc/heavy_resonance/CMSSW_9_4_6/python/PhysicsTools/NanoAODTools/postprocessing/framework/treeReaderArrayTools.py:69: RuntimeWarning: creating executor for unknown type "ULong64_t*"
  ret = _vr.Get()[0]
JEC= Autumn18_V19_MC 	 JER= Autumn18_V7_MC
MET branch= PuppiMET
JEC= Autumn18_V19_MC 	 JER= Autumn18_V7_MC
MET branch= PuppiMET
--------------------------------------------------------------------------------
input files  = ['root://cms-xrd-global.cern.ch//store/mc/RunIIAutumn18NanoAODv6/Zprime_VBF_Zh_Zinvhinc_narrow_M-1000_TuneCP5_PSweights_13TeV-madgraph-pythia8/NANOAODSIM/Nano25Oct2019_102X_upgrade2018_realistic_v20-v1/250000/8632A0C3-7623-434F-80BC-3887B73EDCD3.root']
output directory = /work/pbaertsc/heavy_resonance/output_2018/Zprime_VBF_Zh_Zinvhinc_narrow_M-1000_TuneCP5_PSweights_13TeV-madgraph-pythia8__RunIIAutumn18NanoAODv6-Nano25Oct2019_102X_upgrade2018_realistic_v20-v1__NANOAODSIM
output file  = Zprime_VBF_Zh_Zinvhinc_narrow_M-1000_TuneCP5_PSweights_13TeV-madgraph-pythia8__RunIIAutumn18NanoAODv6-Nano25Oct2019_102X_upgrade2018_realistic_v20-v1__NANOAODSIM_0_ll.root
chunck       = 0
channel      = ll
dataType     = mc
year         = 2018
tes          = 1.0
ltf          = 1.0
jtf          = 1.0
--------------------------------------------------------------------------------
job.py: creating PostProcessor...
TreeProducer is called /work/pbaertsc/heavy_resonance/output_2018/Zprime_VBF_Zh_Zinvhinc_narrow_M-1000_TuneCP5_PSweights_13TeV-madgraph-pythia8__RunIIAutumn18NanoAODv6-Nano25Oct2019_102X_upgrade2018_realistic_v20-v1__NANOAODSIM/Zprime_VBF_Zh_Zinvhinc_narrow_M-1000_TuneCP5_PSweights_13TeV-madgraph-pythia8__RunIIAutumn18NanoAODv6-Nano25Oct2019_102X_upgrade2018_realistic_v20-v1__NANOAODSIM_0_ll.root
job.py: going to run PostProcessor...
Will write selected trees to /work/pbaertsc/heavy_resonance/output_2018/Zprime_VBF_Zh_Zinvhinc_narrow_M-1000_TuneCP5_PSweights_13TeV-madgraph-pythia8__RunIIAutumn18NanoAODv6-Nano25Oct2019_102X_upgrade2018_realistic_v20-v1__NANOAODSIM
Loading jet energy scale (JES) uncertainties from file '/tmp/tmpoFOLMS/Autumn18_V19_MC_Uncertainty_AK4PFchs.txt'
Loading jet energy resolutions (JER) from file '/tmp/tmpWwSREJ/Autumn18_V7_MC_PtResolution_AK4PFchs.txt'
Loading JER scale factors and uncertainties from file '/tmp/tmpWwSREJ/Autumn18_V7_MC_SF_AK4PFchs.txt'
Loading jet energy scale (JES) uncertainties from file '/tmp/tmp3Y7bwa/Autumn18_V19_MC_Uncertainty_AK8PFPuppi.txt'
Loading jet energy resolutions (JER) from file '/tmp/tmpdtAJsM/Autumn18_V7_MC_PtResolution_AK8PFPuppi.txt'
Loading JER scale factors and uncertainties from file '/tmp/tmpdtAJsM/Autumn18_V7_MC_SF_AK8PFPuppi.txt'
Pre-select 100000 entries out of 100000 (100.00%)
nanoAODv5? True
Bad event
Bad event
TtoEM trigger inconsistency
TtoEM trigger inconsistency
Bad event
TtoEM trigger inconsistency
Bad event
TtoEM trigger inconsistency
TtoEM trigger inconsistency
TtoEM trigger inconsistency
Bad event
Processed    10000/  100000 entries, 10.00% (elapsed time   206.4s, curr speed    0.048 kHz, avg speed    0.048 kHz), accepted     5215/   10001 events (52.14%)
TtoEM trigger inconsistency
Bad event
Bad event
Bad event
Bad event
Bad event
ZtoMM trigger inconsistency
Bad event
Bad event
TtoEM trigger inconsistency
Bad event
Bad event
Bad event
TtoEM trigger inconsistency
Processed    20000/  100000 entries, 20.00% (elapsed time   410.9s, curr speed    0.049 kHz, avg speed    0.049 kHz), accepted    10411/   20001 events (52.05%)
TtoEM trigger inconsistency
Bad event
Bad event
Bad event
Bad event
Bad event
TtoEM trigger inconsistency
Bad event
TtoEM trigger inconsistency
Bad event
ZtoMM trigger inconsistency
Bad event
Bad event
TtoEM trigger inconsistency
Processed    30000/  100000 entries, 30.00% (elapsed time   611.2s, curr speed    0.050 kHz, avg speed    0.049 kHz), accepted    15540/   30001 events (51.80%)
Bad event
Bad event
Bad event
Bad event
Bad event
Bad event
TtoEM trigger inconsistency
Bad event
TtoEM trigger inconsistency
Processed    40000/  100000 entries, 40.00% (elapsed time   821.0s, curr speed    0.048 kHz, avg speed    0.049 kHz), accepted    20762/   40001 events (51.90%)
Bad event
Bad event
TtoEM trigger inconsistency
TtoEM trigger inconsistency
TtoEM trigger inconsistency
Bad event
Processed    50000/  100000 entries, 50.00% (elapsed time  1022.2s, curr speed    0.050 kHz, avg speed    0.049 kHz), accepted    25961/   50001 events (51.92%)
Bad event
Bad event
TtoEM trigger inconsistency
Bad event
TtoEM trigger inconsistency
TtoEM trigger inconsistency
Bad event
TtoEM trigger inconsistency
Bad event
Bad event
TtoEM trigger inconsistency
Bad event
Bad event
TtoEM trigger inconsistency
Bad event
TtoEM trigger inconsistency
TtoEM trigger inconsistency
Bad event
Bad event
Processed    60000/  100000 entries, 60.00% (elapsed time  1221.0s, curr speed    0.050 kHz, avg speed    0.049 kHz), accepted    31067/   60001 events (51.78%)
Bad event
TtoEM trigger inconsistency
Bad event
Bad event
Bad event
Bad event
Bad event
TtoEM trigger inconsistency
Bad event
TtoEM trigger inconsistency
TtoEM trigger inconsistency
TtoEM trigger inconsistency
Processed    70000/  100000 entries, 70.00% (elapsed time  1419.0s, curr speed    0.051 kHz, avg speed    0.049 kHz), accepted    36230/   70001 events (51.76%)
Bad event
TtoEM trigger inconsistency
TtoEM trigger inconsistency
Bad event
Bad event
Bad event
TtoEM trigger inconsistency
Processed    80000/  100000 entries, 80.00% (elapsed time  1618.5s, curr speed    0.050 kHz, avg speed    0.049 kHz), accepted    41377/   80001 events (51.72%)
Bad event
TtoEM trigger inconsistency
Bad event
Bad event
Bad event
Processed    90000/  100000 entries, 90.00% (elapsed time  1817.4s, curr speed    0.050 kHz, avg speed    0.050 kHz), accepted    46552/   90001 events (51.72%)
TtoEM trigger inconsistency
Bad event
TtoEM trigger inconsistency
TtoEM trigger inconsistency
Bad event
Bad event
Bad event
Bad event
Bad event
Bad event
Processed 100000 preselected entries from root://cms-xrd-global.cern.ch//store/mc/RunIIAutumn18NanoAODv6/Zprime_VBF_Zh_Zinvhinc_narrow_M-1000_TuneCP5_PSweights_13TeV-madgraph-pythia8/NANOAODSIM/Nano25Oct2019_102X_upgrade2018_realistic_v20-v1/250000/8632A0C3-7623-434F-80BC-3887B73EDCD3.root (100000 entries). Finally selected 51663 entries
Done /work/pbaertsc/heavy_resonance/output_2018/Zprime_VBF_Zh_Zinvhinc_narrow_M-1000_TuneCP5_PSweights_13TeV-madgraph-pythia8__RunIIAutumn18NanoAODv6-Nano25Oct2019_102X_upgrade2018_realistic_v20-v1__NANOAODSIM/8632A0C3-7623-434F-80BC-3887B73EDCD3.root
46.6552827777 Hz
deleting root file with name: /work/pbaertsc/heavy_resonance/output_2018/Zprime_VBF_Zh_Zinvhinc_narrow_M-1000_TuneCP5_PSweights_13TeV-madgraph-pythia8__RunIIAutumn18NanoAODv6-Nano25Oct2019_102X_upgrade2018_realistic_v20-v1__NANOAODSIM/8632A0C3-7623-434F-80BC-3887B73EDCD3.root
DONE
Complete at
Tue Jan 28 21:46:16 CET 2020
