job start at
Thu Jan 30 19:13:57 CET 2020
SLURM_JOB_ID: 437389
HOSTNAME: t3wn48
JOBLIST:joblist/joblist_WZTo2L2Q_13TeV_amcatnloFXFX_madspin_pythia8__RunIIAutumn18NanoAODv6-Nano25Oct2019_102X_upgrade2018_realistic_v20-v1__NANOAODSIM_ll.txt
Going to execute
python job.py -i root://cms-xrd-global.cern.ch//store/mc/RunIIAutumn18NanoAODv6/WZTo2L2Q_13TeV_amcatnloFXFX_madspin_pythia8/NANOAODSIM/Nano25Oct2019_102X_upgrade2018_realistic_v20-v1/30000/FB5FF52F-4DB6-7943-8697-2645C74C78C6.root -o /work/pbaertsc/heavy_resonance/output_2018/WZTo2L2Q_13TeV_amcatnloFXFX_madspin_pythia8__RunIIAutumn18NanoAODv6-Nano25Oct2019_102X_upgrade2018_realistic_v20-v1__NANOAODSIM -N WZTo2L2Q_13TeV_amcatnloFXFX_madspin_pythia8__RunIIAutumn18NanoAODv6-Nano25Oct2019_102X_upgrade2018_realistic_v20-v1__NANOAODSIM -n 10 -c ll -y 2018
TClass::Init:0: RuntimeWarning: no dictionary for class ROOT::TIOFeatures is available
/work/pbaertsc/heavy_resonance/CMSSW_9_4_6/python/PhysicsTools/NanoAODTools/postprocessing/framework/treeReaderArrayTools.py:69: RuntimeWarning: creating executor for unknown type "ULong64_t*"
  ret = _vr.Get()[0]
JEC= Autumn18_V19_MC 	 JER= Autumn18_V7_MC
MET branch= PuppiMET
JEC= Autumn18_V19_MC 	 JER= Autumn18_V7_MC
MET branch= PuppiMET
--------------------------------------------------------------------------------
input files  = ['root://cms-xrd-global.cern.ch//store/mc/RunIIAutumn18NanoAODv6/WZTo2L2Q_13TeV_amcatnloFXFX_madspin_pythia8/NANOAODSIM/Nano25Oct2019_102X_upgrade2018_realistic_v20-v1/30000/FB5FF52F-4DB6-7943-8697-2645C74C78C6.root']
output directory = /work/pbaertsc/heavy_resonance/output_2018/WZTo2L2Q_13TeV_amcatnloFXFX_madspin_pythia8__RunIIAutumn18NanoAODv6-Nano25Oct2019_102X_upgrade2018_realistic_v20-v1__NANOAODSIM
output file  = WZTo2L2Q_13TeV_amcatnloFXFX_madspin_pythia8__RunIIAutumn18NanoAODv6-Nano25Oct2019_102X_upgrade2018_realistic_v20-v1__NANOAODSIM_10_ll.root
chunck       = 10
channel      = ll
dataType     = mc
year         = 2018
tes          = 1.0
ltf          = 1.0
jtf          = 1.0
--------------------------------------------------------------------------------
job.py: creating PostProcessor...
TreeProducer is called /work/pbaertsc/heavy_resonance/output_2018/WZTo2L2Q_13TeV_amcatnloFXFX_madspin_pythia8__RunIIAutumn18NanoAODv6-Nano25Oct2019_102X_upgrade2018_realistic_v20-v1__NANOAODSIM/WZTo2L2Q_13TeV_amcatnloFXFX_madspin_pythia8__RunIIAutumn18NanoAODv6-Nano25Oct2019_102X_upgrade2018_realistic_v20-v1__NANOAODSIM_10_ll.root
job.py: going to run PostProcessor...
Will write selected trees to /work/pbaertsc/heavy_resonance/output_2018/WZTo2L2Q_13TeV_amcatnloFXFX_madspin_pythia8__RunIIAutumn18NanoAODv6-Nano25Oct2019_102X_upgrade2018_realistic_v20-v1__NANOAODSIM
Loading jet energy scale (JES) uncertainties from file '/tmp/tmpfGrJvS/Autumn18_V19_MC_Uncertainty_AK4PFchs.txt'
Loading jet energy resolutions (JER) from file '/tmp/tmpB3lNL8/Autumn18_V7_MC_PtResolution_AK4PFchs.txt'
Loading JER scale factors and uncertainties from file '/tmp/tmpB3lNL8/Autumn18_V7_MC_SF_AK4PFchs.txt'
Loading jet energy scale (JES) uncertainties from file '/tmp/tmpAlRxpf/Autumn18_V19_MC_Uncertainty_AK8PFPuppi.txt'
Loading jet energy resolutions (JER) from file '/tmp/tmpYr5Zjl/Autumn18_V7_MC_PtResolution_AK8PFPuppi.txt'
Loading JER scale factors and uncertainties from file '/tmp/tmpYr5Zjl/Autumn18_V7_MC_SF_AK8PFPuppi.txt'
Pre-select 381435 entries out of 381435 (100.00%)
nanoAODv5? True
ZtoMM trigger inconsistency
Processed    10000/  381435 entries,  2.62% (elapsed time   403.2s, curr speed    0.025 kHz, avg speed    0.025 kHz), accepted       67/   10001 events ( 0.67%)
ZtoMM trigger inconsistency
ZtoMM trigger inconsistency
ZtoMM trigger inconsistency
TtoEM trigger inconsistency
Processed    20000/  381435 entries,  5.24% (elapsed time   795.6s, curr speed    0.025 kHz, avg speed    0.025 kHz), accepted      137/   20001 events ( 0.68%)
Processed    30000/  381435 entries,  7.87% (elapsed time  1186.4s, curr speed    0.026 kHz, avg speed    0.025 kHz), accepted      197/   30001 events ( 0.66%)
ZtoMM trigger inconsistency
ZtoMM trigger inconsistency
Processed    40000/  381435 entries, 10.49% (elapsed time  1577.2s, curr speed    0.026 kHz, avg speed    0.025 kHz), accepted      281/   40001 events ( 0.70%)
ZtoEE trigger inconsistency
ZtoMM trigger inconsistency
Processed    50000/  381435 entries, 13.11% (elapsed time  1951.7s, curr speed    0.027 kHz, avg speed    0.026 kHz), accepted      345/   50001 events ( 0.69%)
ZtoEE trigger inconsistency
TtoEM trigger inconsistency
ZtoMM trigger inconsistency
Processed    60000/  381435 entries, 15.73% (elapsed time  2328.2s, curr speed    0.027 kHz, avg speed    0.026 kHz), accepted      432/   60001 events ( 0.72%)
ZtoEE trigger inconsistency
TtoEM trigger inconsistency
ZtoMM trigger inconsistency
TtoEM trigger inconsistency
ZtoMM trigger inconsistency
Processed    70000/  381435 entries, 18.35% (elapsed time  2699.9s, curr speed    0.027 kHz, avg speed    0.026 kHz), accepted      513/   70001 events ( 0.73%)
ZtoEE trigger inconsistency
TtoEM trigger inconsistency
ZtoMM trigger inconsistency
ZtoMM trigger inconsistency
Processed    80000/  381435 entries, 20.97% (elapsed time  3071.9s, curr speed    0.027 kHz, avg speed    0.026 kHz), accepted      590/   80001 events ( 0.74%)
ZtoMM trigger inconsistency
Processed    90000/  381435 entries, 23.60% (elapsed time  3440.7s, curr speed    0.027 kHz, avg speed    0.026 kHz), accepted      668/   90001 events ( 0.74%)
TtoEM trigger inconsistency
ZtoMM trigger inconsistency
ZtoMM trigger inconsistency
Processed   100000/  381435 entries, 26.22% (elapsed time  3815.4s, curr speed    0.027 kHz, avg speed    0.026 kHz), accepted      742/  100001 events ( 0.74%)
ZtoMM trigger inconsistency
ZtoMM trigger inconsistency
TtoEM trigger inconsistency
Processed   110000/  381435 entries, 28.84% (elapsed time  4195.9s, curr speed    0.026 kHz, avg speed    0.026 kHz), accepted      817/  110001 events ( 0.74%)
ZtoMM trigger inconsistency
ZtoMM trigger inconsistency
ZtoMM trigger inconsistency
Processed   120000/  381435 entries, 31.46% (elapsed time  4572.3s, curr speed    0.027 kHz, avg speed    0.026 kHz), accepted      891/  120001 events ( 0.74%)
TtoEM trigger inconsistency
ZtoMM trigger inconsistency
Processed   130000/  381435 entries, 34.08% (elapsed time  4940.3s, curr speed    0.027 kHz, avg speed    0.026 kHz), accepted      956/  130001 events ( 0.74%)
ZtoMM trigger inconsistency
ZtoMM trigger inconsistency
ZtoMM trigger inconsistency
ZtoMM trigger inconsistency
TtoEM trigger inconsistency
ZtoMM trigger inconsistency
Processed   140000/  381435 entries, 36.70% (elapsed time  5314.0s, curr speed    0.027 kHz, avg speed    0.026 kHz), accepted     1034/  140001 events ( 0.74%)
ZtoMM trigger inconsistency
TtoEM trigger inconsistency
ZtoMM trigger inconsistency
Processed   150000/  381435 entries, 39.33% (elapsed time  5689.1s, curr speed    0.027 kHz, avg speed    0.026 kHz), accepted     1098/  150001 events ( 0.73%)
Processed   160000/  381435 entries, 41.95% (elapsed time  6056.5s, curr speed    0.027 kHz, avg speed    0.026 kHz), accepted     1161/  160001 events ( 0.73%)
ZtoMM trigger inconsistency
TtoEM trigger inconsistency
ZtoMM trigger inconsistency
TtoEM trigger inconsistency
ZtoMM trigger inconsistency
Processed   170000/  381435 entries, 44.57% (elapsed time  6429.7s, curr speed    0.027 kHz, avg speed    0.026 kHz), accepted     1238/  170001 events ( 0.73%)
TtoEM trigger inconsistency
Processed   180000/  381435 entries, 47.19% (elapsed time  6799.7s, curr speed    0.027 kHz, avg speed    0.026 kHz), accepted     1322/  180001 events ( 0.73%)
ZtoEE trigger inconsistency
ZtoMM trigger inconsistency
ZtoMM trigger inconsistency
ZtoMM trigger inconsistency
Processed   190000/  381435 entries, 49.81% (elapsed time  7171.2s, curr speed    0.027 kHz, avg speed    0.026 kHz), accepted     1399/  190001 events ( 0.74%)
Processed   200000/  381435 entries, 52.43% (elapsed time  7546.2s, curr speed    0.027 kHz, avg speed    0.027 kHz), accepted     1474/  200001 events ( 0.74%)
Processed   210000/  381435 entries, 55.06% (elapsed time  7917.7s, curr speed    0.027 kHz, avg speed    0.027 kHz), accepted     1559/  210001 events ( 0.74%)
ZtoMM trigger inconsistency
Bad event
ZtoMM trigger inconsistency
Processed   220000/  381435 entries, 57.68% (elapsed time  8281.9s, curr speed    0.027 kHz, avg speed    0.027 kHz), accepted     1634/  220001 events ( 0.74%)
ZtoEE trigger inconsistency
ZtoMM trigger inconsistency
TtoEM trigger inconsistency
Processed   230000/  381435 entries, 60.30% (elapsed time  8643.4s, curr speed    0.028 kHz, avg speed    0.027 kHz), accepted     1712/  230001 events ( 0.74%)
Processed   240000/  381435 entries, 62.92% (elapsed time  9003.1s, curr speed    0.028 kHz, avg speed    0.027 kHz), accepted     1781/  240001 events ( 0.74%)
Processed   250000/  381435 entries, 65.54% (elapsed time  9368.8s, curr speed    0.027 kHz, avg speed    0.027 kHz), accepted     1859/  250001 events ( 0.74%)
ZtoEE trigger inconsistency
ZtoMM trigger inconsistency
Processed   260000/  381435 entries, 68.16% (elapsed time  9739.5s, curr speed    0.027 kHz, avg speed    0.027 kHz), accepted     1936/  260001 events ( 0.74%)
Processed   270000/  381435 entries, 70.79% (elapsed time 10106.5s, curr speed    0.027 kHz, avg speed    0.027 kHz), accepted     2011/  270001 events ( 0.74%)
ZtoMM trigger inconsistency
ZtoMM trigger inconsistency
ZtoMM trigger inconsistency
Bad event
ZtoMM trigger inconsistency
Processed   280000/  381435 entries, 73.41% (elapsed time 10471.0s, curr speed    0.027 kHz, avg speed    0.027 kHz), accepted     2097/  280001 events ( 0.75%)
Processed   290000/  381435 entries, 76.03% (elapsed time 10834.1s, curr speed    0.028 kHz, avg speed    0.027 kHz), accepted     2172/  290001 events ( 0.75%)
ZtoMM trigger inconsistency
ZtoEE trigger inconsistency
Processed   300000/  381435 entries, 78.65% (elapsed time 11195.7s, curr speed    0.028 kHz, avg speed    0.027 kHz), accepted     2256/  300001 events ( 0.75%)
ZtoMM trigger inconsistency
Processed   310000/  381435 entries, 81.27% (elapsed time 11566.9s, curr speed    0.027 kHz, avg speed    0.027 kHz), accepted     2330/  310001 events ( 0.75%)
ZtoEE trigger inconsistency
ZtoMM trigger inconsistency
ZtoEE trigger inconsistency
ZtoMM trigger inconsistency
ZtoMM trigger inconsistency
Processed   320000/  381435 entries, 83.89% (elapsed time 11939.6s, curr speed    0.027 kHz, avg speed    0.027 kHz), accepted     2394/  320001 events ( 0.75%)
ZtoEE trigger inconsistency
ZtoMM trigger inconsistency
Processed   330000/  381435 entries, 86.52% (elapsed time 12313.8s, curr speed    0.027 kHz, avg speed    0.027 kHz), accepted     2485/  330001 events ( 0.75%)
ZtoMM trigger inconsistency
Processed   340000/  381435 entries, 89.14% (elapsed time 12679.6s, curr speed    0.027 kHz, avg speed    0.027 kHz), accepted     2549/  340001 events ( 0.75%)
ZtoMM trigger inconsistency
Processed   350000/  381435 entries, 91.76% (elapsed time 13043.3s, curr speed    0.027 kHz, avg speed    0.027 kHz), accepted     2637/  350001 events ( 0.75%)
ZtoMM trigger inconsistency
Processed   360000/  381435 entries, 94.38% (elapsed time 13410.5s, curr speed    0.027 kHz, avg speed    0.027 kHz), accepted     2704/  360001 events ( 0.75%)
ZtoMM trigger inconsistency
TtoEM trigger inconsistency
Processed   370000/  381435 entries, 97.00% (elapsed time 13778.2s, curr speed    0.027 kHz, avg speed    0.027 kHz), accepted     2783/  370001 events ( 0.75%)
ZtoMM trigger inconsistency
ZtoMM trigger inconsistency
TtoEM trigger inconsistency
ZtoMM trigger inconsistency
ZtoMM trigger inconsistency
Processed   380000/  381435 entries, 99.62% (elapsed time 14142.4s, curr speed    0.027 kHz, avg speed    0.027 kHz), accepted     2848/  380001 events ( 0.75%)
Processed 381435 preselected entries from root://cms-xrd-global.cern.ch//store/mc/RunIIAutumn18NanoAODv6/WZTo2L2Q_13TeV_amcatnloFXFX_madspin_pythia8/NANOAODSIM/Nano25Oct2019_102X_upgrade2018_realistic_v20-v1/30000/FB5FF52F-4DB6-7943-8697-2645C74C78C6.root (381435 entries). Finally selected 2863 entries
Done /work/pbaertsc/heavy_resonance/output_2018/WZTo2L2Q_13TeV_amcatnloFXFX_madspin_pythia8__RunIIAutumn18NanoAODv6-Nano25Oct2019_102X_upgrade2018_realistic_v20-v1__NANOAODSIM/FB5FF52F-4DB6-7943-8697-2645C74C78C6.root
26.8383535118 Hz
deleting root file with name: /work/pbaertsc/heavy_resonance/output_2018/WZTo2L2Q_13TeV_amcatnloFXFX_madspin_pythia8__RunIIAutumn18NanoAODv6-Nano25Oct2019_102X_upgrade2018_realistic_v20-v1__NANOAODSIM/FB5FF52F-4DB6-7943-8697-2645C74C78C6.root
DONE
Complete at
Thu Jan 30 23:55:33 CET 2020
