job start at
Tue Jan 28 21:03:40 CET 2020
SLURM_JOB_ID: 422263
HOSTNAME: t3wn47
JOBLIST:joblist/joblist_ZZTo2Q2Nu_TuneCP5_13TeV_amcatnloFXFX_madspin_pythia8__RunIIFall17NanoAODv6-PU2017_12Apr2018_Nano25Oct2019_102X_mc2017_realistic_v7-v1__NANOAODSIM_ll.txt
Going to execute
python job.py -i root://cms-xrd-global.cern.ch//store/mc/RunIIFall17NanoAODv6/ZZTo2Q2Nu_TuneCP5_13TeV_amcatnloFXFX_madspin_pythia8/NANOAODSIM/PU2017_12Apr2018_Nano25Oct2019_102X_mc2017_realistic_v7-v1/70000/D448926E-5C9D-9240-8680-0052223A959B.root -o /work/pbaertsc/heavy_resonance/output_2017/ZZTo2Q2Nu_TuneCP5_13TeV_amcatnloFXFX_madspin_pythia8__RunIIFall17NanoAODv6-PU2017_12Apr2018_Nano25Oct2019_102X_mc2017_realistic_v7-v1__NANOAODSIM -N ZZTo2Q2Nu_TuneCP5_13TeV_amcatnloFXFX_madspin_pythia8__RunIIFall17NanoAODv6-PU2017_12Apr2018_Nano25Oct2019_102X_mc2017_realistic_v7-v1__NANOAODSIM -n 29 -c ll -y 2017
TClass::Init:0: RuntimeWarning: no dictionary for class ROOT::TIOFeatures is available
/work/pbaertsc/heavy_resonance/CMSSW_9_4_6/python/PhysicsTools/NanoAODTools/postprocessing/framework/treeReaderArrayTools.py:69: RuntimeWarning: creating executor for unknown type "ULong64_t*"
  ret = _vr.Get()[0]
JEC= Fall17_17Nov2017_V32_MC 	 JER= Fall17_V3_MC
MET branch= PuppiMET
JEC= Fall17_17Nov2017_V32_MC 	 JER= Fall17_V3_MC
MET branch= PuppiMET
--------------------------------------------------------------------------------
input files  = ['root://cms-xrd-global.cern.ch//store/mc/RunIIFall17NanoAODv6/ZZTo2Q2Nu_TuneCP5_13TeV_amcatnloFXFX_madspin_pythia8/NANOAODSIM/PU2017_12Apr2018_Nano25Oct2019_102X_mc2017_realistic_v7-v1/70000/D448926E-5C9D-9240-8680-0052223A959B.root']
output directory = /work/pbaertsc/heavy_resonance/output_2017/ZZTo2Q2Nu_TuneCP5_13TeV_amcatnloFXFX_madspin_pythia8__RunIIFall17NanoAODv6-PU2017_12Apr2018_Nano25Oct2019_102X_mc2017_realistic_v7-v1__NANOAODSIM
output file  = ZZTo2Q2Nu_TuneCP5_13TeV_amcatnloFXFX_madspin_pythia8__RunIIFall17NanoAODv6-PU2017_12Apr2018_Nano25Oct2019_102X_mc2017_realistic_v7-v1__NANOAODSIM_29_ll.root
chunck       = 29
channel      = ll
dataType     = mc
year         = 2017
tes          = 1.0
ltf          = 1.0
jtf          = 1.0
--------------------------------------------------------------------------------
job.py: creating PostProcessor...
TreeProducer is called /work/pbaertsc/heavy_resonance/output_2017/ZZTo2Q2Nu_TuneCP5_13TeV_amcatnloFXFX_madspin_pythia8__RunIIFall17NanoAODv6-PU2017_12Apr2018_Nano25Oct2019_102X_mc2017_realistic_v7-v1__NANOAODSIM/ZZTo2Q2Nu_TuneCP5_13TeV_amcatnloFXFX_madspin_pythia8__RunIIFall17NanoAODv6-PU2017_12Apr2018_Nano25Oct2019_102X_mc2017_realistic_v7-v1__NANOAODSIM_29_ll.root
job.py: going to run PostProcessor...
Will write selected trees to /work/pbaertsc/heavy_resonance/output_2017/ZZTo2Q2Nu_TuneCP5_13TeV_amcatnloFXFX_madspin_pythia8__RunIIFall17NanoAODv6-PU2017_12Apr2018_Nano25Oct2019_102X_mc2017_realistic_v7-v1__NANOAODSIM
Loading jet energy scale (JES) uncertainties from file '/tmp/tmpicfdyS/Fall17_17Nov2017_V32_MC_Uncertainty_AK4PFchs.txt'
Loading jet energy resolutions (JER) from file '/tmp/tmpIfjT_h/Fall17_V3_MC_PtResolution_AK4PFchs.txt'
Loading JER scale factors and uncertainties from file '/tmp/tmpIfjT_h/Fall17_V3_MC_SF_AK4PFchs.txt'
Loading jet energy scale (JES) uncertainties from file '/tmp/tmpz98z6m/Fall17_17Nov2017_V32_MC_Uncertainty_AK8PFPuppi.txt'
Loading jet energy resolutions (JER) from file '/tmp/tmpeBL1BK/Fall17_V3_MC_PtResolution_AK8PFPuppi.txt'
Loading JER scale factors and uncertainties from file '/tmp/tmpeBL1BK/Fall17_V3_MC_SF_AK8PFPuppi.txt'
Pre-select 727947 entries out of 727947 (100.00%)
nanoAODv5? True
Processed    10000/  727947 entries,  1.37% (elapsed time   265.5s, curr speed    0.038 kHz, avg speed    0.038 kHz), accepted      126/   10001 events ( 1.26%)
Processed    20000/  727947 entries,  2.75% (elapsed time   527.3s, curr speed    0.038 kHz, avg speed    0.038 kHz), accepted      252/   20001 events ( 1.26%)
Bad event
Processed    30000/  727947 entries,  4.12% (elapsed time   787.2s, curr speed    0.038 kHz, avg speed    0.038 kHz), accepted      369/   30001 events ( 1.23%)
Processed    40000/  727947 entries,  5.49% (elapsed time  1042.6s, curr speed    0.039 kHz, avg speed    0.038 kHz), accepted      491/   40001 events ( 1.23%)
Processed    50000/  727947 entries,  6.87% (elapsed time  1310.5s, curr speed    0.037 kHz, avg speed    0.038 kHz), accepted      626/   50001 events ( 1.25%)
Processed    60000/  727947 entries,  8.24% (elapsed time  1575.3s, curr speed    0.038 kHz, avg speed    0.038 kHz), accepted      740/   60001 events ( 1.23%)
Processed    70000/  727947 entries,  9.62% (elapsed time  1840.0s, curr speed    0.038 kHz, avg speed    0.038 kHz), accepted      869/   70001 events ( 1.24%)
Processed    80000/  727947 entries, 10.99% (elapsed time  2109.6s, curr speed    0.037 kHz, avg speed    0.038 kHz), accepted     1003/   80001 events ( 1.25%)
Bad event
Processed    90000/  727947 entries, 12.36% (elapsed time  2372.7s, curr speed    0.038 kHz, avg speed    0.038 kHz), accepted     1137/   90001 events ( 1.26%)
Bad event
Processed   100000/  727947 entries, 13.74% (elapsed time  2637.8s, curr speed    0.038 kHz, avg speed    0.038 kHz), accepted     1276/  100001 events ( 1.28%)
Bad event
Bad event
Processed   110000/  727947 entries, 15.11% (elapsed time  2904.2s, curr speed    0.038 kHz, avg speed    0.038 kHz), accepted     1425/  110001 events ( 1.30%)
Processed   120000/  727947 entries, 16.48% (elapsed time  3171.8s, curr speed    0.037 kHz, avg speed    0.038 kHz), accepted     1564/  120001 events ( 1.30%)
Processed   130000/  727947 entries, 17.86% (elapsed time  3439.9s, curr speed    0.037 kHz, avg speed    0.038 kHz), accepted     1672/  130001 events ( 1.29%)
Processed   140000/  727947 entries, 19.23% (elapsed time  3706.4s, curr speed    0.038 kHz, avg speed    0.038 kHz), accepted     1806/  140001 events ( 1.29%)
Processed   150000/  727947 entries, 20.61% (elapsed time  3972.4s, curr speed    0.038 kHz, avg speed    0.038 kHz), accepted     1942/  150001 events ( 1.29%)
Processed   160000/  727947 entries, 21.98% (elapsed time  4239.2s, curr speed    0.037 kHz, avg speed    0.038 kHz), accepted     2073/  160001 events ( 1.30%)
Processed   170000/  727947 entries, 23.35% (elapsed time  4495.9s, curr speed    0.039 kHz, avg speed    0.038 kHz), accepted     2174/  170001 events ( 1.28%)
Bad event
Processed   180000/  727947 entries, 24.73% (elapsed time  4763.5s, curr speed    0.037 kHz, avg speed    0.038 kHz), accepted     2313/  180001 events ( 1.28%)
Processed   190000/  727947 entries, 26.10% (elapsed time  5018.9s, curr speed    0.039 kHz, avg speed    0.038 kHz), accepted     2435/  190001 events ( 1.28%)
Processed   200000/  727947 entries, 27.47% (elapsed time  5276.0s, curr speed    0.039 kHz, avg speed    0.038 kHz), accepted     2570/  200001 events ( 1.28%)
Bad event
Processed   210000/  727947 entries, 28.85% (elapsed time  5530.0s, curr speed    0.039 kHz, avg speed    0.038 kHz), accepted     2704/  210001 events ( 1.29%)
Processed   220000/  727947 entries, 30.22% (elapsed time  5774.8s, curr speed    0.041 kHz, avg speed    0.038 kHz), accepted     2829/  220001 events ( 1.29%)
Bad event
Processed   230000/  727947 entries, 31.60% (elapsed time  6030.8s, curr speed    0.039 kHz, avg speed    0.038 kHz), accepted     2978/  230001 events ( 1.29%)
Processed   240000/  727947 entries, 32.97% (elapsed time  6277.3s, curr speed    0.041 kHz, avg speed    0.038 kHz), accepted     3138/  240001 events ( 1.31%)
Processed   250000/  727947 entries, 34.34% (elapsed time  6530.9s, curr speed    0.039 kHz, avg speed    0.038 kHz), accepted     3242/  250001 events ( 1.30%)
Processed   260000/  727947 entries, 35.72% (elapsed time  6788.0s, curr speed    0.039 kHz, avg speed    0.038 kHz), accepted     3385/  260001 events ( 1.30%)
Processed   270000/  727947 entries, 37.09% (elapsed time  7034.9s, curr speed    0.040 kHz, avg speed    0.038 kHz), accepted     3504/  270001 events ( 1.30%)
Processed   280000/  727947 entries, 38.46% (elapsed time  7290.3s, curr speed    0.039 kHz, avg speed    0.038 kHz), accepted     3612/  280001 events ( 1.29%)
Processed   290000/  727947 entries, 39.84% (elapsed time  7535.1s, curr speed    0.041 kHz, avg speed    0.038 kHz), accepted     3740/  290001 events ( 1.29%)
Processed   300000/  727947 entries, 41.21% (elapsed time  7780.7s, curr speed    0.041 kHz, avg speed    0.039 kHz), accepted     3864/  300001 events ( 1.29%)
Processed   310000/  727947 entries, 42.59% (elapsed time  8025.6s, curr speed    0.041 kHz, avg speed    0.039 kHz), accepted     3993/  310001 events ( 1.29%)
Processed   320000/  727947 entries, 43.96% (elapsed time  8268.9s, curr speed    0.041 kHz, avg speed    0.039 kHz), accepted     4113/  320001 events ( 1.29%)
Processed   330000/  727947 entries, 45.33% (elapsed time  8514.2s, curr speed    0.041 kHz, avg speed    0.039 kHz), accepted     4235/  330001 events ( 1.28%)
Processed   340000/  727947 entries, 46.71% (elapsed time  8751.5s, curr speed    0.042 kHz, avg speed    0.039 kHz), accepted     4362/  340001 events ( 1.28%)
Processed   350000/  727947 entries, 48.08% (elapsed time  8999.7s, curr speed    0.040 kHz, avg speed    0.039 kHz), accepted     4476/  350001 events ( 1.28%)
Processed   360000/  727947 entries, 49.45% (elapsed time  9235.2s, curr speed    0.042 kHz, avg speed    0.039 kHz), accepted     4585/  360001 events ( 1.27%)
Bad event
Bad event
Processed   370000/  727947 entries, 50.83% (elapsed time  9461.9s, curr speed    0.044 kHz, avg speed    0.039 kHz), accepted     4725/  370001 events ( 1.28%)
Processed   380000/  727947 entries, 52.20% (elapsed time  9685.4s, curr speed    0.045 kHz, avg speed    0.039 kHz), accepted     4858/  380001 events ( 1.28%)
Processed   390000/  727947 entries, 53.58% (elapsed time  9914.6s, curr speed    0.044 kHz, avg speed    0.039 kHz), accepted     4977/  390001 events ( 1.28%)
Bad event
Processed   400000/  727947 entries, 54.95% (elapsed time 10143.9s, curr speed    0.044 kHz, avg speed    0.039 kHz), accepted     5125/  400001 events ( 1.28%)
Bad event
Processed   410000/  727947 entries, 56.32% (elapsed time 10369.4s, curr speed    0.044 kHz, avg speed    0.040 kHz), accepted     5250/  410001 events ( 1.28%)
Processed   420000/  727947 entries, 57.70% (elapsed time 10597.2s, curr speed    0.044 kHz, avg speed    0.040 kHz), accepted     5378/  420001 events ( 1.28%)
Processed   430000/  727947 entries, 59.07% (elapsed time 10824.5s, curr speed    0.044 kHz, avg speed    0.040 kHz), accepted     5498/  430001 events ( 1.28%)
Bad event
Processed   440000/  727947 entries, 60.44% (elapsed time 11061.2s, curr speed    0.042 kHz, avg speed    0.040 kHz), accepted     5621/  440001 events ( 1.28%)
Processed   450000/  727947 entries, 61.82% (elapsed time 11289.6s, curr speed    0.044 kHz, avg speed    0.040 kHz), accepted     5769/  450001 events ( 1.28%)
Processed   460000/  727947 entries, 63.19% (elapsed time 11516.9s, curr speed    0.044 kHz, avg speed    0.040 kHz), accepted     5887/  460001 events ( 1.28%)
Processed   470000/  727947 entries, 64.57% (elapsed time 11746.5s, curr speed    0.044 kHz, avg speed    0.040 kHz), accepted     6022/  470001 events ( 1.28%)
Processed   480000/  727947 entries, 65.94% (elapsed time 11975.8s, curr speed    0.044 kHz, avg speed    0.040 kHz), accepted     6157/  480001 events ( 1.28%)
Bad event
Processed   490000/  727947 entries, 67.31% (elapsed time 12200.4s, curr speed    0.045 kHz, avg speed    0.040 kHz), accepted     6281/  490001 events ( 1.28%)
Processed   500000/  727947 entries, 68.69% (elapsed time 12431.1s, curr speed    0.043 kHz, avg speed    0.040 kHz), accepted     6404/  500001 events ( 1.28%)
Processed   510000/  727947 entries, 70.06% (elapsed time 12655.5s, curr speed    0.045 kHz, avg speed    0.040 kHz), accepted     6517/  510001 events ( 1.28%)
Processed   520000/  727947 entries, 71.43% (elapsed time 12883.8s, curr speed    0.044 kHz, avg speed    0.040 kHz), accepted     6656/  520001 events ( 1.28%)
Processed   530000/  727947 entries, 72.81% (elapsed time 13119.9s, curr speed    0.042 kHz, avg speed    0.040 kHz), accepted     6796/  530001 events ( 1.28%)
Processed   540000/  727947 entries, 74.18% (elapsed time 13352.0s, curr speed    0.043 kHz, avg speed    0.040 kHz), accepted     6923/  540001 events ( 1.28%)
Processed   550000/  727947 entries, 75.55% (elapsed time 13594.4s, curr speed    0.041 kHz, avg speed    0.040 kHz), accepted     7055/  550001 events ( 1.28%)
Processed   560000/  727947 entries, 76.93% (elapsed time 13822.3s, curr speed    0.044 kHz, avg speed    0.041 kHz), accepted     7195/  560001 events ( 1.28%)
Processed   570000/  727947 entries, 78.30% (elapsed time 14047.4s, curr speed    0.044 kHz, avg speed    0.041 kHz), accepted     7324/  570001 events ( 1.28%)
Processed   580000/  727947 entries, 79.68% (elapsed time 14279.8s, curr speed    0.043 kHz, avg speed    0.041 kHz), accepted     7473/  580001 events ( 1.29%)
Processed   590000/  727947 entries, 81.05% (elapsed time 14521.7s, curr speed    0.041 kHz, avg speed    0.041 kHz), accepted     7605/  590001 events ( 1.29%)
Processed   600000/  727947 entries, 82.42% (elapsed time 14769.4s, curr speed    0.040 kHz, avg speed    0.041 kHz), accepted     7746/  600001 events ( 1.29%)
Bad event
Processed   610000/  727947 entries, 83.80% (elapsed time 15005.0s, curr speed    0.042 kHz, avg speed    0.041 kHz), accepted     7876/  610001 events ( 1.29%)
Processed   620000/  727947 entries, 85.17% (elapsed time 15235.2s, curr speed    0.043 kHz, avg speed    0.041 kHz), accepted     7998/  620001 events ( 1.29%)
Processed   630000/  727947 entries, 86.54% (elapsed time 15471.4s, curr speed    0.042 kHz, avg speed    0.041 kHz), accepted     8128/  630001 events ( 1.29%)
Processed   640000/  727947 entries, 87.92% (elapsed time 15703.2s, curr speed    0.043 kHz, avg speed    0.041 kHz), accepted     8264/  640001 events ( 1.29%)
Processed   650000/  727947 entries, 89.29% (elapsed time 15929.2s, curr speed    0.044 kHz, avg speed    0.041 kHz), accepted     8411/  650001 events ( 1.29%)
Processed   660000/  727947 entries, 90.67% (elapsed time 16161.1s, curr speed    0.043 kHz, avg speed    0.041 kHz), accepted     8542/  660001 events ( 1.29%)
Bad event
Processed   670000/  727947 entries, 92.04% (elapsed time 16386.8s, curr speed    0.044 kHz, avg speed    0.041 kHz), accepted     8657/  670001 events ( 1.29%)
Processed   680000/  727947 entries, 93.41% (elapsed time 16613.8s, curr speed    0.044 kHz, avg speed    0.041 kHz), accepted     8766/  680001 events ( 1.29%)
Processed   690000/  727947 entries, 94.79% (elapsed time 16838.9s, curr speed    0.044 kHz, avg speed    0.041 kHz), accepted     8900/  690001 events ( 1.29%)
Processed   700000/  727947 entries, 96.16% (elapsed time 17063.1s, curr speed    0.045 kHz, avg speed    0.041 kHz), accepted     9026/  700001 events ( 1.29%)
Processed   710000/  727947 entries, 97.53% (elapsed time 17293.8s, curr speed    0.043 kHz, avg speed    0.041 kHz), accepted     9149/  710001 events ( 1.29%)
Bad event
Processed   720000/  727947 entries, 98.91% (elapsed time 17517.8s, curr speed    0.045 kHz, avg speed    0.041 kHz), accepted     9284/  720001 events ( 1.29%)
Processed 727947 preselected entries from root://cms-xrd-global.cern.ch//store/mc/RunIIFall17NanoAODv6/ZZTo2Q2Nu_TuneCP5_13TeV_amcatnloFXFX_madspin_pythia8/NANOAODSIM/PU2017_12Apr2018_Nano25Oct2019_102X_mc2017_realistic_v7-v1/70000/D448926E-5C9D-9240-8680-0052223A959B.root (727947 entries). Finally selected 9394 entries
Done /work/pbaertsc/heavy_resonance/output_2017/ZZTo2Q2Nu_TuneCP5_13TeV_amcatnloFXFX_madspin_pythia8__RunIIFall17NanoAODv6-PU2017_12Apr2018_Nano25Oct2019_102X_mc2017_realistic_v7-v1__NANOAODSIM/D448926E-5C9D-9240-8680-0052223A959B.root
41.0443734385 Hz
deleting root file with name: /work/pbaertsc/heavy_resonance/output_2017/ZZTo2Q2Nu_TuneCP5_13TeV_amcatnloFXFX_madspin_pythia8__RunIIFall17NanoAODv6-PU2017_12Apr2018_Nano25Oct2019_102X_mc2017_realistic_v7-v1__NANOAODSIM/D448926E-5C9D-9240-8680-0052223A959B.root
DONE
Complete at
Wed Jan 29 03:04:07 CET 2020
