job start at
Thu Jan 30 19:13:58 CET 2020
SLURM_JOB_ID: 437408
HOSTNAME: t3wn33
JOBLIST:joblist/joblist_ZZTo2Q2Nu_TuneCP5_13TeV_amcatnloFXFX_madspin_pythia8__RunIIAutumn18NanoAODv6-Nano25Oct2019_102X_upgrade2018_realistic_v20-v1__NANOAODSIM_ll.txt
Going to execute
python job.py -i root://cms-xrd-global.cern.ch//store/mc/RunIIAutumn18NanoAODv6/ZZTo2Q2Nu_TuneCP5_13TeV_amcatnloFXFX_madspin_pythia8/NANOAODSIM/Nano25Oct2019_102X_upgrade2018_realistic_v20-v1/240000/B8FFE7C9-785C-A54B-98C7-6FCFD8BE80F4.root -o /work/pbaertsc/heavy_resonance/output_2018/ZZTo2Q2Nu_TuneCP5_13TeV_amcatnloFXFX_madspin_pythia8__RunIIAutumn18NanoAODv6-Nano25Oct2019_102X_upgrade2018_realistic_v20-v1__NANOAODSIM -N ZZTo2Q2Nu_TuneCP5_13TeV_amcatnloFXFX_madspin_pythia8__RunIIAutumn18NanoAODv6-Nano25Oct2019_102X_upgrade2018_realistic_v20-v1__NANOAODSIM -n 5 -c ll -y 2018
TClass::Init:0: RuntimeWarning: no dictionary for class ROOT::TIOFeatures is available
/work/pbaertsc/heavy_resonance/CMSSW_9_4_6/python/PhysicsTools/NanoAODTools/postprocessing/framework/treeReaderArrayTools.py:69: RuntimeWarning: creating executor for unknown type "ULong64_t*"
  ret = _vr.Get()[0]
JEC= Autumn18_V19_MC 	 JER= Autumn18_V7_MC
MET branch= PuppiMET
JEC= Autumn18_V19_MC 	 JER= Autumn18_V7_MC
MET branch= PuppiMET
--------------------------------------------------------------------------------
input files  = ['root://cms-xrd-global.cern.ch//store/mc/RunIIAutumn18NanoAODv6/ZZTo2Q2Nu_TuneCP5_13TeV_amcatnloFXFX_madspin_pythia8/NANOAODSIM/Nano25Oct2019_102X_upgrade2018_realistic_v20-v1/240000/B8FFE7C9-785C-A54B-98C7-6FCFD8BE80F4.root']
output directory = /work/pbaertsc/heavy_resonance/output_2018/ZZTo2Q2Nu_TuneCP5_13TeV_amcatnloFXFX_madspin_pythia8__RunIIAutumn18NanoAODv6-Nano25Oct2019_102X_upgrade2018_realistic_v20-v1__NANOAODSIM
output file  = ZZTo2Q2Nu_TuneCP5_13TeV_amcatnloFXFX_madspin_pythia8__RunIIAutumn18NanoAODv6-Nano25Oct2019_102X_upgrade2018_realistic_v20-v1__NANOAODSIM_5_ll.root
chunck       = 5
channel      = ll
dataType     = mc
year         = 2018
tes          = 1.0
ltf          = 1.0
jtf          = 1.0
--------------------------------------------------------------------------------
job.py: creating PostProcessor...
TreeProducer is called /work/pbaertsc/heavy_resonance/output_2018/ZZTo2Q2Nu_TuneCP5_13TeV_amcatnloFXFX_madspin_pythia8__RunIIAutumn18NanoAODv6-Nano25Oct2019_102X_upgrade2018_realistic_v20-v1__NANOAODSIM/ZZTo2Q2Nu_TuneCP5_13TeV_amcatnloFXFX_madspin_pythia8__RunIIAutumn18NanoAODv6-Nano25Oct2019_102X_upgrade2018_realistic_v20-v1__NANOAODSIM_5_ll.root
job.py: going to run PostProcessor...
Will write selected trees to /work/pbaertsc/heavy_resonance/output_2018/ZZTo2Q2Nu_TuneCP5_13TeV_amcatnloFXFX_madspin_pythia8__RunIIAutumn18NanoAODv6-Nano25Oct2019_102X_upgrade2018_realistic_v20-v1__NANOAODSIM
Loading jet energy scale (JES) uncertainties from file '/tmp/tmpMtW3NT/Autumn18_V19_MC_Uncertainty_AK4PFchs.txt'
Loading jet energy resolutions (JER) from file '/tmp/tmpkqCVN_/Autumn18_V7_MC_PtResolution_AK4PFchs.txt'
Loading JER scale factors and uncertainties from file '/tmp/tmpkqCVN_/Autumn18_V7_MC_SF_AK4PFchs.txt'
Loading jet energy scale (JES) uncertainties from file '/tmp/tmpNywiMb/Autumn18_V19_MC_Uncertainty_AK8PFPuppi.txt'
Loading jet energy resolutions (JER) from file '/tmp/tmpcI48AQ/Autumn18_V7_MC_PtResolution_AK8PFPuppi.txt'
Loading JER scale factors and uncertainties from file '/tmp/tmpcI48AQ/Autumn18_V7_MC_SF_AK8PFPuppi.txt'
Pre-select 1253134 entries out of 1253134 (100.00%)
nanoAODv5? True
Processed    10000/ 1253134 entries,  0.80% (elapsed time   116.3s, curr speed    0.086 kHz, avg speed    0.086 kHz), accepted      133/   10001 events ( 1.33%)
Processed    20000/ 1253134 entries,  1.60% (elapsed time   227.3s, curr speed    0.090 kHz, avg speed    0.088 kHz), accepted      284/   20001 events ( 1.42%)
Processed    30000/ 1253134 entries,  2.39% (elapsed time   338.1s, curr speed    0.090 kHz, avg speed    0.089 kHz), accepted      408/   30001 events ( 1.36%)
Bad event
Processed    40000/ 1253134 entries,  3.19% (elapsed time   447.9s, curr speed    0.091 kHz, avg speed    0.089 kHz), accepted      530/   40001 events ( 1.32%)
Processed    50000/ 1253134 entries,  3.99% (elapsed time   557.4s, curr speed    0.091 kHz, avg speed    0.090 kHz), accepted      673/   50001 events ( 1.35%)
Processed    60000/ 1253134 entries,  4.79% (elapsed time   665.9s, curr speed    0.092 kHz, avg speed    0.090 kHz), accepted      807/   60001 events ( 1.34%)
Processed    70000/ 1253134 entries,  5.59% (elapsed time   775.5s, curr speed    0.091 kHz, avg speed    0.090 kHz), accepted      948/   70001 events ( 1.35%)
Processed    80000/ 1253134 entries,  6.38% (elapsed time   884.2s, curr speed    0.092 kHz, avg speed    0.090 kHz), accepted     1106/   80001 events ( 1.38%)
Processed    90000/ 1253134 entries,  7.18% (elapsed time   992.1s, curr speed    0.093 kHz, avg speed    0.091 kHz), accepted     1218/   90001 events ( 1.35%)
Processed   100000/ 1253134 entries,  7.98% (elapsed time  1100.0s, curr speed    0.093 kHz, avg speed    0.091 kHz), accepted     1347/  100001 events ( 1.35%)
Processed   110000/ 1253134 entries,  8.78% (elapsed time  1208.2s, curr speed    0.092 kHz, avg speed    0.091 kHz), accepted     1477/  110001 events ( 1.34%)
Processed   120000/ 1253134 entries,  9.58% (elapsed time  1315.0s, curr speed    0.094 kHz, avg speed    0.091 kHz), accepted     1603/  120001 events ( 1.34%)
Processed   130000/ 1253134 entries, 10.37% (elapsed time  1422.5s, curr speed    0.093 kHz, avg speed    0.091 kHz), accepted     1736/  130001 events ( 1.34%)
Processed   140000/ 1253134 entries, 11.17% (elapsed time  1530.5s, curr speed    0.093 kHz, avg speed    0.091 kHz), accepted     1855/  140001 events ( 1.32%)
Processed   150000/ 1253134 entries, 11.97% (elapsed time  1638.0s, curr speed    0.093 kHz, avg speed    0.092 kHz), accepted     1991/  150001 events ( 1.33%)
Bad event
Processed   160000/ 1253134 entries, 12.77% (elapsed time  1744.3s, curr speed    0.094 kHz, avg speed    0.092 kHz), accepted     2127/  160001 events ( 1.33%)
Processed   170000/ 1253134 entries, 13.57% (elapsed time  1850.7s, curr speed    0.094 kHz, avg speed    0.092 kHz), accepted     2280/  170001 events ( 1.34%)
Processed   180000/ 1253134 entries, 14.36% (elapsed time  1956.9s, curr speed    0.094 kHz, avg speed    0.092 kHz), accepted     2423/  180001 events ( 1.35%)
Processed   190000/ 1253134 entries, 15.16% (elapsed time  2063.7s, curr speed    0.094 kHz, avg speed    0.092 kHz), accepted     2570/  190001 events ( 1.35%)
Processed   200000/ 1253134 entries, 15.96% (elapsed time  2172.2s, curr speed    0.092 kHz, avg speed    0.092 kHz), accepted     2706/  200001 events ( 1.35%)
Processed   210000/ 1253134 entries, 16.76% (elapsed time  2279.8s, curr speed    0.093 kHz, avg speed    0.092 kHz), accepted     2834/  210001 events ( 1.35%)
Processed   220000/ 1253134 entries, 17.56% (elapsed time  2388.1s, curr speed    0.092 kHz, avg speed    0.092 kHz), accepted     2967/  220001 events ( 1.35%)
Processed   230000/ 1253134 entries, 18.35% (elapsed time  2494.9s, curr speed    0.094 kHz, avg speed    0.092 kHz), accepted     3110/  230001 events ( 1.35%)
Bad event
Processed   240000/ 1253134 entries, 19.15% (elapsed time  2601.1s, curr speed    0.094 kHz, avg speed    0.092 kHz), accepted     3232/  240001 events ( 1.35%)
Processed   250000/ 1253134 entries, 19.95% (elapsed time  2707.4s, curr speed    0.094 kHz, avg speed    0.092 kHz), accepted     3351/  250001 events ( 1.34%)
Processed   260000/ 1253134 entries, 20.75% (elapsed time  2812.7s, curr speed    0.095 kHz, avg speed    0.092 kHz), accepted     3477/  260001 events ( 1.34%)
Processed   270000/ 1253134 entries, 21.55% (elapsed time  2919.7s, curr speed    0.093 kHz, avg speed    0.092 kHz), accepted     3610/  270001 events ( 1.34%)
Processed   280000/ 1253134 entries, 22.34% (elapsed time  3026.8s, curr speed    0.093 kHz, avg speed    0.093 kHz), accepted     3737/  280001 events ( 1.33%)
Processed   290000/ 1253134 entries, 23.14% (elapsed time  3132.9s, curr speed    0.094 kHz, avg speed    0.093 kHz), accepted     3870/  290001 events ( 1.33%)
Processed   300000/ 1253134 entries, 23.94% (elapsed time  3239.2s, curr speed    0.094 kHz, avg speed    0.093 kHz), accepted     4000/  300001 events ( 1.33%)
Processed   310000/ 1253134 entries, 24.74% (elapsed time  3346.4s, curr speed    0.093 kHz, avg speed    0.093 kHz), accepted     4149/  310001 events ( 1.34%)
Bad event
Processed   320000/ 1253134 entries, 25.54% (elapsed time  3452.9s, curr speed    0.094 kHz, avg speed    0.093 kHz), accepted     4275/  320001 events ( 1.34%)
Processed   330000/ 1253134 entries, 26.33% (elapsed time  3558.7s, curr speed    0.094 kHz, avg speed    0.093 kHz), accepted     4398/  330001 events ( 1.33%)
Processed   340000/ 1253134 entries, 27.13% (elapsed time  3665.5s, curr speed    0.094 kHz, avg speed    0.093 kHz), accepted     4509/  340001 events ( 1.33%)
Processed   350000/ 1253134 entries, 27.93% (elapsed time  3772.0s, curr speed    0.094 kHz, avg speed    0.093 kHz), accepted     4640/  350001 events ( 1.33%)
Processed   360000/ 1253134 entries, 28.73% (elapsed time  3878.4s, curr speed    0.094 kHz, avg speed    0.093 kHz), accepted     4791/  360001 events ( 1.33%)
Bad event
Processed   370000/ 1253134 entries, 29.53% (elapsed time  3984.8s, curr speed    0.094 kHz, avg speed    0.093 kHz), accepted     4921/  370001 events ( 1.33%)
Bad event
Processed   380000/ 1253134 entries, 30.32% (elapsed time  4091.4s, curr speed    0.094 kHz, avg speed    0.093 kHz), accepted     5072/  380001 events ( 1.33%)
Bad event
Processed   390000/ 1253134 entries, 31.12% (elapsed time  4198.5s, curr speed    0.093 kHz, avg speed    0.093 kHz), accepted     5201/  390001 events ( 1.33%)
Bad event
Processed   400000/ 1253134 entries, 31.92% (elapsed time  4306.0s, curr speed    0.093 kHz, avg speed    0.093 kHz), accepted     5356/  400001 events ( 1.34%)
Processed   410000/ 1253134 entries, 32.72% (elapsed time  4413.3s, curr speed    0.093 kHz, avg speed    0.093 kHz), accepted     5479/  410001 events ( 1.34%)
Bad event
Processed   420000/ 1253134 entries, 33.52% (elapsed time  4521.0s, curr speed    0.093 kHz, avg speed    0.093 kHz), accepted     5622/  420001 events ( 1.34%)
Processed   430000/ 1253134 entries, 34.31% (elapsed time  4627.7s, curr speed    0.094 kHz, avg speed    0.093 kHz), accepted     5747/  430001 events ( 1.34%)
Processed   440000/ 1253134 entries, 35.11% (elapsed time  4734.5s, curr speed    0.094 kHz, avg speed    0.093 kHz), accepted     5880/  440001 events ( 1.34%)
Processed   450000/ 1253134 entries, 35.91% (elapsed time  4841.4s, curr speed    0.094 kHz, avg speed    0.093 kHz), accepted     6007/  450001 events ( 1.33%)
Processed   460000/ 1253134 entries, 36.71% (elapsed time  4948.2s, curr speed    0.094 kHz, avg speed    0.093 kHz), accepted     6131/  460001 events ( 1.33%)
Processed   470000/ 1253134 entries, 37.51% (elapsed time  5055.1s, curr speed    0.094 kHz, avg speed    0.093 kHz), accepted     6278/  470001 events ( 1.34%)
Processed   480000/ 1253134 entries, 38.30% (elapsed time  5160.6s, curr speed    0.095 kHz, avg speed    0.093 kHz), accepted     6404/  480001 events ( 1.33%)
Processed   490000/ 1253134 entries, 39.10% (elapsed time  5267.0s, curr speed    0.094 kHz, avg speed    0.093 kHz), accepted     6535/  490001 events ( 1.33%)
Processed   500000/ 1253134 entries, 39.90% (elapsed time  5373.0s, curr speed    0.094 kHz, avg speed    0.093 kHz), accepted     6655/  500001 events ( 1.33%)
Processed   510000/ 1253134 entries, 40.70% (elapsed time  5479.6s, curr speed    0.094 kHz, avg speed    0.093 kHz), accepted     6776/  510001 events ( 1.33%)
Processed   520000/ 1253134 entries, 41.50% (elapsed time  5586.3s, curr speed    0.094 kHz, avg speed    0.093 kHz), accepted     6898/  520001 events ( 1.33%)
Processed   530000/ 1253134 entries, 42.29% (elapsed time  5693.9s, curr speed    0.093 kHz, avg speed    0.093 kHz), accepted     7026/  530001 events ( 1.33%)
Processed   540000/ 1253134 entries, 43.09% (elapsed time  5801.2s, curr speed    0.093 kHz, avg speed    0.093 kHz), accepted     7175/  540001 events ( 1.33%)
Processed   550000/ 1253134 entries, 43.89% (elapsed time  5908.9s, curr speed    0.093 kHz, avg speed    0.093 kHz), accepted     7321/  550001 events ( 1.33%)
Bad event
Processed   560000/ 1253134 entries, 44.69% (elapsed time  6015.6s, curr speed    0.094 kHz, avg speed    0.093 kHz), accepted     7471/  560001 events ( 1.33%)
Processed   570000/ 1253134 entries, 45.49% (elapsed time  6121.8s, curr speed    0.094 kHz, avg speed    0.093 kHz), accepted     7613/  570001 events ( 1.34%)
Processed   580000/ 1253134 entries, 46.28% (elapsed time  6228.2s, curr speed    0.094 kHz, avg speed    0.093 kHz), accepted     7756/  580001 events ( 1.34%)
Processed   590000/ 1253134 entries, 47.08% (elapsed time  6334.6s, curr speed    0.094 kHz, avg speed    0.093 kHz), accepted     7878/  590001 events ( 1.34%)
Processed   600000/ 1253134 entries, 47.88% (elapsed time  6440.4s, curr speed    0.094 kHz, avg speed    0.093 kHz), accepted     8016/  600001 events ( 1.34%)
Processed   610000/ 1253134 entries, 48.68% (elapsed time  6547.4s, curr speed    0.093 kHz, avg speed    0.093 kHz), accepted     8124/  610001 events ( 1.33%)
Processed   620000/ 1253134 entries, 49.48% (elapsed time  6653.4s, curr speed    0.094 kHz, avg speed    0.093 kHz), accepted     8276/  620001 events ( 1.33%)
Processed   630000/ 1253134 entries, 50.27% (elapsed time  6758.6s, curr speed    0.095 kHz, avg speed    0.093 kHz), accepted     8401/  630001 events ( 1.33%)
Processed   640000/ 1253134 entries, 51.07% (elapsed time  6864.8s, curr speed    0.094 kHz, avg speed    0.093 kHz), accepted     8552/  640001 events ( 1.34%)
Processed   650000/ 1253134 entries, 51.87% (elapsed time  6970.5s, curr speed    0.095 kHz, avg speed    0.093 kHz), accepted     8685/  650001 events ( 1.34%)
Processed   660000/ 1253134 entries, 52.67% (elapsed time  7077.2s, curr speed    0.094 kHz, avg speed    0.093 kHz), accepted     8849/  660001 events ( 1.34%)
%MSG-e SimpleJetCorrectionUncertainty: 
 bin variables out of range
%MSG
%MSG-e SimpleJetCorrectionUncertainty: 
 bin variables out of range
%MSG
Processed   670000/ 1253134 entries, 53.47% (elapsed time  7183.1s, curr speed    0.094 kHz, avg speed    0.093 kHz), accepted     8987/  670001 events ( 1.34%)
Processed   680000/ 1253134 entries, 54.26% (elapsed time  7290.4s, curr speed    0.093 kHz, avg speed    0.093 kHz), accepted     9115/  680001 events ( 1.34%)
Processed   690000/ 1253134 entries, 55.06% (elapsed time  7396.1s, curr speed    0.095 kHz, avg speed    0.093 kHz), accepted     9251/  690001 events ( 1.34%)
Processed   700000/ 1253134 entries, 55.86% (elapsed time  7502.3s, curr speed    0.094 kHz, avg speed    0.093 kHz), accepted     9386/  700001 events ( 1.34%)
Processed   710000/ 1253134 entries, 56.66% (elapsed time  7609.6s, curr speed    0.093 kHz, avg speed    0.093 kHz), accepted     9526/  710001 events ( 1.34%)
Processed   720000/ 1253134 entries, 57.46% (elapsed time  7717.2s, curr speed    0.093 kHz, avg speed    0.093 kHz), accepted     9664/  720001 events ( 1.34%)
Bad event
Processed   730000/ 1253134 entries, 58.25% (elapsed time  7824.8s, curr speed    0.093 kHz, avg speed    0.093 kHz), accepted     9796/  730001 events ( 1.34%)
Processed   740000/ 1253134 entries, 59.05% (elapsed time  7931.9s, curr speed    0.093 kHz, avg speed    0.093 kHz), accepted     9922/  740001 events ( 1.34%)
Processed   750000/ 1253134 entries, 59.85% (elapsed time  8037.2s, curr speed    0.095 kHz, avg speed    0.093 kHz), accepted    10059/  750001 events ( 1.34%)
Processed   760000/ 1253134 entries, 60.65% (elapsed time  8143.3s, curr speed    0.094 kHz, avg speed    0.093 kHz), accepted    10208/  760001 events ( 1.34%)
Processed   770000/ 1253134 entries, 61.45% (elapsed time  8251.1s, curr speed    0.093 kHz, avg speed    0.093 kHz), accepted    10351/  770001 events ( 1.34%)
Processed   780000/ 1253134 entries, 62.24% (elapsed time  8357.6s, curr speed    0.094 kHz, avg speed    0.093 kHz), accepted    10487/  780001 events ( 1.34%)
Processed   790000/ 1253134 entries, 63.04% (elapsed time  8464.1s, curr speed    0.094 kHz, avg speed    0.093 kHz), accepted    10632/  790001 events ( 1.35%)
Processed   800000/ 1253134 entries, 63.84% (elapsed time  8570.4s, curr speed    0.094 kHz, avg speed    0.093 kHz), accepted    10750/  800001 events ( 1.34%)
Processed   810000/ 1253134 entries, 64.64% (elapsed time  8677.8s, curr speed    0.093 kHz, avg speed    0.093 kHz), accepted    10887/  810001 events ( 1.34%)
Processed   820000/ 1253134 entries, 65.44% (elapsed time  8784.5s, curr speed    0.094 kHz, avg speed    0.093 kHz), accepted    11014/  820001 events ( 1.34%)
Processed   830000/ 1253134 entries, 66.23% (elapsed time  8892.0s, curr speed    0.093 kHz, avg speed    0.093 kHz), accepted    11136/  830001 events ( 1.34%)
Bad event
Bad event
Processed   840000/ 1253134 entries, 67.03% (elapsed time  8998.6s, curr speed    0.094 kHz, avg speed    0.093 kHz), accepted    11265/  840001 events ( 1.34%)
Bad event
Processed   850000/ 1253134 entries, 67.83% (elapsed time  9105.7s, curr speed    0.093 kHz, avg speed    0.093 kHz), accepted    11408/  850001 events ( 1.34%)
Processed   860000/ 1253134 entries, 68.63% (elapsed time  9212.2s, curr speed    0.094 kHz, avg speed    0.093 kHz), accepted    11558/  860001 events ( 1.34%)
Processed   870000/ 1253134 entries, 69.43% (elapsed time  9317.8s, curr speed    0.095 kHz, avg speed    0.093 kHz), accepted    11701/  870001 events ( 1.34%)
Processed   880000/ 1253134 entries, 70.22% (elapsed time  9425.4s, curr speed    0.093 kHz, avg speed    0.093 kHz), accepted    11845/  880001 events ( 1.35%)
Processed   890000/ 1253134 entries, 71.02% (elapsed time  9532.4s, curr speed    0.094 kHz, avg speed    0.093 kHz), accepted    11979/  890001 events ( 1.35%)
Processed   900000/ 1253134 entries, 71.82% (elapsed time  9639.0s, curr speed    0.094 kHz, avg speed    0.093 kHz), accepted    12136/  900001 events ( 1.35%)
Processed   910000/ 1253134 entries, 72.62% (elapsed time  9745.2s, curr speed    0.094 kHz, avg speed    0.093 kHz), accepted    12277/  910001 events ( 1.35%)
Processed   920000/ 1253134 entries, 73.42% (elapsed time  9851.1s, curr speed    0.094 kHz, avg speed    0.093 kHz), accepted    12437/  920001 events ( 1.35%)
Processed   930000/ 1253134 entries, 74.21% (elapsed time  9957.6s, curr speed    0.094 kHz, avg speed    0.093 kHz), accepted    12564/  930001 events ( 1.35%)
Processed   940000/ 1253134 entries, 75.01% (elapsed time 10063.0s, curr speed    0.095 kHz, avg speed    0.093 kHz), accepted    12709/  940001 events ( 1.35%)
Processed   950000/ 1253134 entries, 75.81% (elapsed time 10170.0s, curr speed    0.093 kHz, avg speed    0.093 kHz), accepted    12838/  950001 events ( 1.35%)
Processed   960000/ 1253134 entries, 76.61% (elapsed time 10276.4s, curr speed    0.094 kHz, avg speed    0.093 kHz), accepted    12969/  960001 events ( 1.35%)
Processed   970000/ 1253134 entries, 77.41% (elapsed time 10382.0s, curr speed    0.095 kHz, avg speed    0.093 kHz), accepted    13092/  970001 events ( 1.35%)
Processed   980000/ 1253134 entries, 78.20% (elapsed time 10488.6s, curr speed    0.094 kHz, avg speed    0.093 kHz), accepted    13226/  980001 events ( 1.35%)
Processed   990000/ 1253134 entries, 79.00% (elapsed time 10594.2s, curr speed    0.095 kHz, avg speed    0.093 kHz), accepted    13341/  990001 events ( 1.35%)
Processed  1000000/ 1253134 entries, 79.80% (elapsed time 10700.5s, curr speed    0.094 kHz, avg speed    0.093 kHz), accepted    13476/ 1000001 events ( 1.35%)
Processed  1010000/ 1253134 entries, 80.60% (elapsed time 10805.5s, curr speed    0.095 kHz, avg speed    0.093 kHz), accepted    13611/ 1010001 events ( 1.35%)
Processed  1020000/ 1253134 entries, 81.40% (elapsed time 10910.4s, curr speed    0.095 kHz, avg speed    0.093 kHz), accepted    13741/ 1020001 events ( 1.35%)
Bad event
Processed  1030000/ 1253134 entries, 82.19% (elapsed time 11015.4s, curr speed    0.095 kHz, avg speed    0.094 kHz), accepted    13852/ 1030001 events ( 1.34%)
Processed  1040000/ 1253134 entries, 82.99% (elapsed time 11122.3s, curr speed    0.094 kHz, avg speed    0.094 kHz), accepted    13993/ 1040001 events ( 1.35%)
Processed  1050000/ 1253134 entries, 83.79% (elapsed time 11227.2s, curr speed    0.095 kHz, avg speed    0.094 kHz), accepted    14139/ 1050001 events ( 1.35%)
Processed  1060000/ 1253134 entries, 84.59% (elapsed time 11331.6s, curr speed    0.096 kHz, avg speed    0.094 kHz), accepted    14280/ 1060001 events ( 1.35%)
Processed  1070000/ 1253134 entries, 85.39% (elapsed time 11438.4s, curr speed    0.094 kHz, avg speed    0.094 kHz), accepted    14400/ 1070001 events ( 1.35%)
Processed  1080000/ 1253134 entries, 86.18% (elapsed time 11544.2s, curr speed    0.094 kHz, avg speed    0.094 kHz), accepted    14563/ 1080001 events ( 1.35%)
Processed  1090000/ 1253134 entries, 86.98% (elapsed time 11649.3s, curr speed    0.095 kHz, avg speed    0.094 kHz), accepted    14704/ 1090001 events ( 1.35%)
Processed  1100000/ 1253134 entries, 87.78% (elapsed time 11754.7s, curr speed    0.095 kHz, avg speed    0.094 kHz), accepted    14837/ 1100001 events ( 1.35%)
Processed  1110000/ 1253134 entries, 88.58% (elapsed time 11859.6s, curr speed    0.095 kHz, avg speed    0.094 kHz), accepted    14983/ 1110001 events ( 1.35%)
Processed  1120000/ 1253134 entries, 89.38% (elapsed time 11966.1s, curr speed    0.094 kHz, avg speed    0.094 kHz), accepted    15128/ 1120001 events ( 1.35%)
Processed  1130000/ 1253134 entries, 90.17% (elapsed time 12072.2s, curr speed    0.094 kHz, avg speed    0.094 kHz), accepted    15260/ 1130001 events ( 1.35%)
Processed  1140000/ 1253134 entries, 90.97% (elapsed time 12178.0s, curr speed    0.095 kHz, avg speed    0.094 kHz), accepted    15404/ 1140001 events ( 1.35%)
Processed  1150000/ 1253134 entries, 91.77% (elapsed time 12284.3s, curr speed    0.094 kHz, avg speed    0.094 kHz), accepted    15522/ 1150001 events ( 1.35%)
Processed  1160000/ 1253134 entries, 92.57% (elapsed time 12390.5s, curr speed    0.094 kHz, avg speed    0.094 kHz), accepted    15663/ 1160001 events ( 1.35%)
Processed  1170000/ 1253134 entries, 93.37% (elapsed time 12496.1s, curr speed    0.095 kHz, avg speed    0.094 kHz), accepted    15770/ 1170001 events ( 1.35%)
Processed  1180000/ 1253134 entries, 94.16% (elapsed time 12602.0s, curr speed    0.094 kHz, avg speed    0.094 kHz), accepted    15892/ 1180001 events ( 1.35%)
Processed  1190000/ 1253134 entries, 94.96% (elapsed time 12709.1s, curr speed    0.093 kHz, avg speed    0.094 kHz), accepted    16027/ 1190001 events ( 1.35%)
Processed  1200000/ 1253134 entries, 95.76% (elapsed time 12817.5s, curr speed    0.092 kHz, avg speed    0.094 kHz), accepted    16170/ 1200001 events ( 1.35%)
Processed  1210000/ 1253134 entries, 96.56% (elapsed time 12924.2s, curr speed    0.094 kHz, avg speed    0.094 kHz), accepted    16308/ 1210001 events ( 1.35%)
Processed  1220000/ 1253134 entries, 97.36% (elapsed time 13031.5s, curr speed    0.093 kHz, avg speed    0.094 kHz), accepted    16425/ 1220001 events ( 1.35%)
Processed  1230000/ 1253134 entries, 98.15% (elapsed time 13137.9s, curr speed    0.094 kHz, avg speed    0.094 kHz), accepted    16557/ 1230001 events ( 1.35%)
Bad event
Processed  1240000/ 1253134 entries, 98.95% (elapsed time 13245.1s, curr speed    0.093 kHz, avg speed    0.094 kHz), accepted    16687/ 1240001 events ( 1.35%)
Processed  1250000/ 1253134 entries, 99.75% (elapsed time 13351.6s, curr speed    0.094 kHz, avg speed    0.094 kHz), accepted    16819/ 1250001 events ( 1.35%)
Processed 1253134 preselected entries from root://cms-xrd-global.cern.ch//store/mc/RunIIAutumn18NanoAODv6/ZZTo2Q2Nu_TuneCP5_13TeV_amcatnloFXFX_madspin_pythia8/NANOAODSIM/Nano25Oct2019_102X_upgrade2018_realistic_v20-v1/240000/B8FFE7C9-785C-A54B-98C7-6FCFD8BE80F4.root (1253134 entries). Finally selected 16856 entries
Done /work/pbaertsc/heavy_resonance/output_2018/ZZTo2Q2Nu_TuneCP5_13TeV_amcatnloFXFX_madspin_pythia8__RunIIAutumn18NanoAODv6-Nano25Oct2019_102X_upgrade2018_realistic_v20-v1__NANOAODSIM/B8FFE7C9-785C-A54B-98C7-6FCFD8BE80F4.root
93.3796927965 Hz
deleting root file with name: /work/pbaertsc/heavy_resonance/output_2018/ZZTo2Q2Nu_TuneCP5_13TeV_amcatnloFXFX_madspin_pythia8__RunIIAutumn18NanoAODv6-Nano25Oct2019_102X_upgrade2018_realistic_v20-v1__NANOAODSIM/B8FFE7C9-785C-A54B-98C7-6FCFD8BE80F4.root
DONE
Complete at
Fri Jan 31 03:26:29 CET 2020
