job start at
Sat Feb  1 14:53:04 CET 2020
SLURM_JOB_ID: 528950
HOSTNAME: t3wn55
JOBLIST:joblist/joblist_WWTo4Q_NNPDF31_TuneCP5_13TeV-powheg-pythia8__RunIIAutumn18NanoAODv6-Nano25Oct2019_102X_upgrade2018_realistic_v20-v1__NANOAODSIM_ll.txt
Going to execute
python job.py -i root://cms-xrd-global.cern.ch//store/mc/RunIIAutumn18NanoAODv6/WWTo4Q_NNPDF31_TuneCP5_13TeV-powheg-pythia8/NANOAODSIM/Nano25Oct2019_102X_upgrade2018_realistic_v20-v1/60000/605BEE73-674A-9E4E-9E03-98B607BF7B2D.root -o /work/pbaertsc/heavy_resonance/output_2018/WWTo4Q_NNPDF31_TuneCP5_13TeV-powheg-pythia8__RunIIAutumn18NanoAODv6-Nano25Oct2019_102X_upgrade2018_realistic_v20-v1__NANOAODSIM -N WWTo4Q_NNPDF31_TuneCP5_13TeV-powheg-pythia8__RunIIAutumn18NanoAODv6-Nano25Oct2019_102X_upgrade2018_realistic_v20-v1__NANOAODSIM -n 1 -c ll -y 2018
TClass::Init:0: RuntimeWarning: no dictionary for class ROOT::TIOFeatures is available
/work/pbaertsc/heavy_resonance/CMSSW_9_4_6/python/PhysicsTools/NanoAODTools/postprocessing/framework/treeReaderArrayTools.py:69: RuntimeWarning: creating executor for unknown type "ULong64_t*"
  ret = _vr.Get()[0]
JEC= Autumn18_V19_MC 	 JER= Autumn18_V7_MC
MET branch= PuppiMET
JEC= Autumn18_V19_MC 	 JER= Autumn18_V7_MC
MET branch= PuppiMET
--------------------------------------------------------------------------------
input files  = ['root://cms-xrd-global.cern.ch//store/mc/RunIIAutumn18NanoAODv6/WWTo4Q_NNPDF31_TuneCP5_13TeV-powheg-pythia8/NANOAODSIM/Nano25Oct2019_102X_upgrade2018_realistic_v20-v1/60000/605BEE73-674A-9E4E-9E03-98B607BF7B2D.root']
output directory = /work/pbaertsc/heavy_resonance/output_2018/WWTo4Q_NNPDF31_TuneCP5_13TeV-powheg-pythia8__RunIIAutumn18NanoAODv6-Nano25Oct2019_102X_upgrade2018_realistic_v20-v1__NANOAODSIM
output file  = WWTo4Q_NNPDF31_TuneCP5_13TeV-powheg-pythia8__RunIIAutumn18NanoAODv6-Nano25Oct2019_102X_upgrade2018_realistic_v20-v1__NANOAODSIM_1_ll.root
chunck       = 1
channel      = ll
dataType     = mc
year         = 2018
tes          = 1.0
ltf          = 1.0
jtf          = 1.0
--------------------------------------------------------------------------------
job.py: creating PostProcessor...
TreeProducer is called /work/pbaertsc/heavy_resonance/output_2018/WWTo4Q_NNPDF31_TuneCP5_13TeV-powheg-pythia8__RunIIAutumn18NanoAODv6-Nano25Oct2019_102X_upgrade2018_realistic_v20-v1__NANOAODSIM/WWTo4Q_NNPDF31_TuneCP5_13TeV-powheg-pythia8__RunIIAutumn18NanoAODv6-Nano25Oct2019_102X_upgrade2018_realistic_v20-v1__NANOAODSIM_1_ll.root
job.py: going to run PostProcessor...
Will write selected trees to /work/pbaertsc/heavy_resonance/output_2018/WWTo4Q_NNPDF31_TuneCP5_13TeV-powheg-pythia8__RunIIAutumn18NanoAODv6-Nano25Oct2019_102X_upgrade2018_realistic_v20-v1__NANOAODSIM
Loading jet energy scale (JES) uncertainties from file '/tmp/tmpU81VdZ/Autumn18_V19_MC_Uncertainty_AK4PFchs.txt'
Loading jet energy resolutions (JER) from file '/tmp/tmpcouby8/Autumn18_V7_MC_PtResolution_AK4PFchs.txt'
Loading JER scale factors and uncertainties from file '/tmp/tmpcouby8/Autumn18_V7_MC_SF_AK4PFchs.txt'
Loading jet energy scale (JES) uncertainties from file '/tmp/tmpitLmCj/Autumn18_V19_MC_Uncertainty_AK8PFPuppi.txt'
Loading jet energy resolutions (JER) from file '/tmp/tmpm7ns3n/Autumn18_V7_MC_PtResolution_AK8PFPuppi.txt'
Loading JER scale factors and uncertainties from file '/tmp/tmpm7ns3n/Autumn18_V7_MC_SF_AK8PFPuppi.txt'
Pre-select 981000 entries out of 981000 (100.00%)
nanoAODv5? True
Bad event
Processed    10000/  981000 entries,  1.02% (elapsed time   244.7s, curr speed    0.041 kHz, avg speed    0.041 kHz), accepted        0/   10001 events ( 0.00%)
Processed    20000/  981000 entries,  2.04% (elapsed time   480.5s, curr speed    0.042 kHz, avg speed    0.042 kHz), accepted        0/   20001 events ( 0.00%)
Processed    30000/  981000 entries,  3.06% (elapsed time   721.5s, curr speed    0.041 kHz, avg speed    0.042 kHz), accepted        0/   30001 events ( 0.00%)
Processed    40000/  981000 entries,  4.08% (elapsed time   957.0s, curr speed    0.042 kHz, avg speed    0.042 kHz), accepted        0/   40001 events ( 0.00%)
Processed    50000/  981000 entries,  5.10% (elapsed time  1195.3s, curr speed    0.042 kHz, avg speed    0.042 kHz), accepted        1/   50001 events ( 0.00%)
Processed    60000/  981000 entries,  6.12% (elapsed time  1429.5s, curr speed    0.043 kHz, avg speed    0.042 kHz), accepted        1/   60001 events ( 0.00%)
Processed    70000/  981000 entries,  7.14% (elapsed time  1655.8s, curr speed    0.044 kHz, avg speed    0.042 kHz), accepted        2/   70001 events ( 0.00%)
Processed    80000/  981000 entries,  8.15% (elapsed time  1884.1s, curr speed    0.044 kHz, avg speed    0.042 kHz), accepted        3/   80001 events ( 0.00%)
Processed    90000/  981000 entries,  9.17% (elapsed time  2109.4s, curr speed    0.044 kHz, avg speed    0.043 kHz), accepted        3/   90001 events ( 0.00%)
Processed   100000/  981000 entries, 10.19% (elapsed time  2339.2s, curr speed    0.044 kHz, avg speed    0.043 kHz), accepted        3/  100001 events ( 0.00%)
Processed   110000/  981000 entries, 11.21% (elapsed time  2562.1s, curr speed    0.045 kHz, avg speed    0.043 kHz), accepted        3/  110001 events ( 0.00%)
%MSG-e SimpleJetCorrectionUncertainty: 
 bin variables out of range
%MSG
%MSG-e SimpleJetCorrectionUncertainty: 
 bin variables out of range
%MSG
Processed   120000/  981000 entries, 12.23% (elapsed time  2784.3s, curr speed    0.045 kHz, avg speed    0.043 kHz), accepted        3/  120001 events ( 0.00%)
Processed   130000/  981000 entries, 13.25% (elapsed time  3011.6s, curr speed    0.044 kHz, avg speed    0.043 kHz), accepted        3/  130001 events ( 0.00%)
Processed   140000/  981000 entries, 14.27% (elapsed time  3233.0s, curr speed    0.045 kHz, avg speed    0.043 kHz), accepted        3/  140001 events ( 0.00%)
Processed   150000/  981000 entries, 15.29% (elapsed time  3448.9s, curr speed    0.046 kHz, avg speed    0.043 kHz), accepted        3/  150001 events ( 0.00%)
Processed   160000/  981000 entries, 16.31% (elapsed time  3669.8s, curr speed    0.045 kHz, avg speed    0.044 kHz), accepted        3/  160001 events ( 0.00%)
Processed   170000/  981000 entries, 17.33% (elapsed time  3893.2s, curr speed    0.045 kHz, avg speed    0.044 kHz), accepted        4/  170001 events ( 0.00%)
Bad event
Processed   180000/  981000 entries, 18.35% (elapsed time  4119.6s, curr speed    0.044 kHz, avg speed    0.044 kHz), accepted        4/  180001 events ( 0.00%)
Processed   190000/  981000 entries, 19.37% (elapsed time  4325.8s, curr speed    0.048 kHz, avg speed    0.044 kHz), accepted        4/  190001 events ( 0.00%)
%MSG-e SimpleJetCorrectionUncertainty: 
 bin variables out of range
%MSG
%MSG-e SimpleJetCorrectionUncertainty: 
 bin variables out of range
%MSG
Processed   200000/  981000 entries, 20.39% (elapsed time  4550.1s, curr speed    0.045 kHz, avg speed    0.044 kHz), accepted        6/  200001 events ( 0.00%)
Processed   210000/  981000 entries, 21.41% (elapsed time  4767.3s, curr speed    0.046 kHz, avg speed    0.044 kHz), accepted        7/  210001 events ( 0.00%)
Processed   220000/  981000 entries, 22.43% (elapsed time  4990.9s, curr speed    0.045 kHz, avg speed    0.044 kHz), accepted        7/  220001 events ( 0.00%)
Bad event
Processed   230000/  981000 entries, 23.45% (elapsed time  5214.5s, curr speed    0.045 kHz, avg speed    0.044 kHz), accepted        7/  230001 events ( 0.00%)
Processed   240000/  981000 entries, 24.46% (elapsed time  5434.0s, curr speed    0.046 kHz, avg speed    0.044 kHz), accepted        9/  240001 events ( 0.00%)
Processed   250000/  981000 entries, 25.48% (elapsed time  5643.1s, curr speed    0.048 kHz, avg speed    0.044 kHz), accepted        9/  250001 events ( 0.00%)
Processed   260000/  981000 entries, 26.50% (elapsed time  5861.1s, curr speed    0.046 kHz, avg speed    0.044 kHz), accepted        9/  260001 events ( 0.00%)
Processed   270000/  981000 entries, 27.52% (elapsed time  6070.2s, curr speed    0.048 kHz, avg speed    0.044 kHz), accepted        9/  270001 events ( 0.00%)
Processed   280000/  981000 entries, 28.54% (elapsed time  6290.2s, curr speed    0.045 kHz, avg speed    0.045 kHz), accepted       10/  280001 events ( 0.00%)
%MSG-e SimpleJetCorrectionUncertainty: 
 bin variables out of range
%MSG
%MSG-e SimpleJetCorrectionUncertainty: 
 bin variables out of range
%MSG
Processed   290000/  981000 entries, 29.56% (elapsed time  6512.6s, curr speed    0.045 kHz, avg speed    0.045 kHz), accepted       12/  290001 events ( 0.00%)
Processed   300000/  981000 entries, 30.58% (elapsed time  6735.3s, curr speed    0.045 kHz, avg speed    0.045 kHz), accepted       12/  300001 events ( 0.00%)
Bad event
Processed   310000/  981000 entries, 31.60% (elapsed time  6942.0s, curr speed    0.048 kHz, avg speed    0.045 kHz), accepted       12/  310001 events ( 0.00%)
Processed   320000/  981000 entries, 32.62% (elapsed time  7158.4s, curr speed    0.046 kHz, avg speed    0.045 kHz), accepted       13/  320001 events ( 0.00%)
Processed   330000/  981000 entries, 33.64% (elapsed time  7379.8s, curr speed    0.045 kHz, avg speed    0.045 kHz), accepted       13/  330001 events ( 0.00%)
Processed   340000/  981000 entries, 34.66% (elapsed time  7596.1s, curr speed    0.046 kHz, avg speed    0.045 kHz), accepted       14/  340001 events ( 0.00%)
Processed   350000/  981000 entries, 35.68% (elapsed time  7814.1s, curr speed    0.046 kHz, avg speed    0.045 kHz), accepted       14/  350001 events ( 0.00%)
Bad event
Processed   360000/  981000 entries, 36.70% (elapsed time  8023.0s, curr speed    0.048 kHz, avg speed    0.045 kHz), accepted       14/  360001 events ( 0.00%)
Processed   370000/  981000 entries, 37.72% (elapsed time  8245.1s, curr speed    0.045 kHz, avg speed    0.045 kHz), accepted       14/  370001 events ( 0.00%)
Processed   380000/  981000 entries, 38.74% (elapsed time  8468.2s, curr speed    0.045 kHz, avg speed    0.045 kHz), accepted       16/  380001 events ( 0.00%)
Processed   390000/  981000 entries, 39.76% (elapsed time  8687.8s, curr speed    0.046 kHz, avg speed    0.045 kHz), accepted       16/  390001 events ( 0.00%)
Processed   400000/  981000 entries, 40.77% (elapsed time  8906.0s, curr speed    0.046 kHz, avg speed    0.045 kHz), accepted       16/  400001 events ( 0.00%)
Processed   410000/  981000 entries, 41.79% (elapsed time  9134.2s, curr speed    0.044 kHz, avg speed    0.045 kHz), accepted       17/  410001 events ( 0.00%)
Processed   420000/  981000 entries, 42.81% (elapsed time  9359.8s, curr speed    0.044 kHz, avg speed    0.045 kHz), accepted       17/  420001 events ( 0.00%)
Processed   430000/  981000 entries, 43.83% (elapsed time  9577.0s, curr speed    0.046 kHz, avg speed    0.045 kHz), accepted       17/  430001 events ( 0.00%)
Processed   440000/  981000 entries, 44.85% (elapsed time  9803.1s, curr speed    0.044 kHz, avg speed    0.045 kHz), accepted       17/  440001 events ( 0.00%)
Processed   450000/  981000 entries, 45.87% (elapsed time 10027.7s, curr speed    0.045 kHz, avg speed    0.045 kHz), accepted       19/  450001 events ( 0.00%)
Processed   460000/  981000 entries, 46.89% (elapsed time 10248.7s, curr speed    0.045 kHz, avg speed    0.045 kHz), accepted       19/  460001 events ( 0.00%)
Processed   470000/  981000 entries, 47.91% (elapsed time 10474.4s, curr speed    0.044 kHz, avg speed    0.045 kHz), accepted       19/  470001 events ( 0.00%)
Processed   480000/  981000 entries, 48.93% (elapsed time 10694.7s, curr speed    0.045 kHz, avg speed    0.045 kHz), accepted       19/  480001 events ( 0.00%)
Processed   490000/  981000 entries, 49.95% (elapsed time 10917.2s, curr speed    0.045 kHz, avg speed    0.045 kHz), accepted       19/  490001 events ( 0.00%)
Processed   500000/  981000 entries, 50.97% (elapsed time 11136.9s, curr speed    0.046 kHz, avg speed    0.045 kHz), accepted       19/  500001 events ( 0.00%)
Processed   510000/  981000 entries, 51.99% (elapsed time 11355.1s, curr speed    0.046 kHz, avg speed    0.045 kHz), accepted       19/  510001 events ( 0.00%)
Processed   520000/  981000 entries, 53.01% (elapsed time 11579.7s, curr speed    0.045 kHz, avg speed    0.045 kHz), accepted       19/  520001 events ( 0.00%)
Processed   530000/  981000 entries, 54.03% (elapsed time 11796.7s, curr speed    0.046 kHz, avg speed    0.045 kHz), accepted       19/  530001 events ( 0.00%)
Processed   540000/  981000 entries, 55.05% (elapsed time 12013.5s, curr speed    0.046 kHz, avg speed    0.045 kHz), accepted       22/  540001 events ( 0.00%)
Processed   550000/  981000 entries, 56.07% (elapsed time 12236.7s, curr speed    0.045 kHz, avg speed    0.045 kHz), accepted       22/  550001 events ( 0.00%)
Processed   560000/  981000 entries, 57.08% (elapsed time 12453.0s, curr speed    0.046 kHz, avg speed    0.045 kHz), accepted       22/  560001 events ( 0.00%)
Processed   570000/  981000 entries, 58.10% (elapsed time 12673.6s, curr speed    0.045 kHz, avg speed    0.045 kHz), accepted       22/  570001 events ( 0.00%)
Bad event
Processed   580000/  981000 entries, 59.12% (elapsed time 12870.5s, curr speed    0.051 kHz, avg speed    0.045 kHz), accepted       22/  580001 events ( 0.00%)
Processed   590000/  981000 entries, 60.14% (elapsed time 13093.1s, curr speed    0.045 kHz, avg speed    0.045 kHz), accepted       22/  590001 events ( 0.00%)
Processed   600000/  981000 entries, 61.16% (elapsed time 13315.1s, curr speed    0.045 kHz, avg speed    0.045 kHz), accepted       22/  600001 events ( 0.00%)
Processed   610000/  981000 entries, 62.18% (elapsed time 13524.4s, curr speed    0.048 kHz, avg speed    0.045 kHz), accepted       22/  610001 events ( 0.00%)
Processed   620000/  981000 entries, 63.20% (elapsed time 13740.5s, curr speed    0.046 kHz, avg speed    0.045 kHz), accepted       22/  620001 events ( 0.00%)
Processed   630000/  981000 entries, 64.22% (elapsed time 13938.1s, curr speed    0.051 kHz, avg speed    0.045 kHz), accepted       22/  630001 events ( 0.00%)
Processed   640000/  981000 entries, 65.24% (elapsed time 14154.4s, curr speed    0.046 kHz, avg speed    0.045 kHz), accepted       22/  640001 events ( 0.00%)
Processed   650000/  981000 entries, 66.26% (elapsed time 14375.7s, curr speed    0.045 kHz, avg speed    0.045 kHz), accepted       22/  650001 events ( 0.00%)
Processed   660000/  981000 entries, 67.28% (elapsed time 14581.8s, curr speed    0.049 kHz, avg speed    0.045 kHz), accepted       22/  660001 events ( 0.00%)
Processed   670000/  981000 entries, 68.30% (elapsed time 14804.3s, curr speed    0.045 kHz, avg speed    0.045 kHz), accepted       22/  670001 events ( 0.00%)
Processed   680000/  981000 entries, 69.32% (elapsed time 15008.0s, curr speed    0.049 kHz, avg speed    0.045 kHz), accepted       22/  680001 events ( 0.00%)
Processed   690000/  981000 entries, 70.34% (elapsed time 15232.6s, curr speed    0.045 kHz, avg speed    0.045 kHz), accepted       22/  690001 events ( 0.00%)
Processed   700000/  981000 entries, 71.36% (elapsed time 15439.4s, curr speed    0.048 kHz, avg speed    0.045 kHz), accepted       22/  700001 events ( 0.00%)
Processed   710000/  981000 entries, 72.38% (elapsed time 15662.0s, curr speed    0.045 kHz, avg speed    0.045 kHz), accepted       22/  710001 events ( 0.00%)
Processed   720000/  981000 entries, 73.39% (elapsed time 15865.4s, curr speed    0.049 kHz, avg speed    0.045 kHz), accepted       22/  720001 events ( 0.00%)
Processed   730000/  981000 entries, 74.41% (elapsed time 16077.2s, curr speed    0.047 kHz, avg speed    0.045 kHz), accepted       22/  730001 events ( 0.00%)
Processed   740000/  981000 entries, 75.43% (elapsed time 16296.8s, curr speed    0.046 kHz, avg speed    0.045 kHz), accepted       22/  740001 events ( 0.00%)
Processed   750000/  981000 entries, 76.45% (elapsed time 16521.6s, curr speed    0.044 kHz, avg speed    0.045 kHz), accepted       22/  750001 events ( 0.00%)
Processed   760000/  981000 entries, 77.47% (elapsed time 16741.1s, curr speed    0.046 kHz, avg speed    0.045 kHz), accepted       22/  760001 events ( 0.00%)
Processed   770000/  981000 entries, 78.49% (elapsed time 16961.0s, curr speed    0.045 kHz, avg speed    0.045 kHz), accepted       22/  770001 events ( 0.00%)
Processed   780000/  981000 entries, 79.51% (elapsed time 17180.6s, curr speed    0.046 kHz, avg speed    0.045 kHz), accepted       22/  780001 events ( 0.00%)
Processed   790000/  981000 entries, 80.53% (elapsed time 17399.3s, curr speed    0.046 kHz, avg speed    0.045 kHz), accepted       22/  790001 events ( 0.00%)
Processed   800000/  981000 entries, 81.55% (elapsed time 17622.4s, curr speed    0.045 kHz, avg speed    0.045 kHz), accepted       22/  800001 events ( 0.00%)
Processed   810000/  981000 entries, 82.57% (elapsed time 17841.6s, curr speed    0.046 kHz, avg speed    0.045 kHz), accepted       23/  810001 events ( 0.00%)
Processed   820000/  981000 entries, 83.59% (elapsed time 18058.6s, curr speed    0.046 kHz, avg speed    0.045 kHz), accepted       23/  820001 events ( 0.00%)
Processed   830000/  981000 entries, 84.61% (elapsed time 18285.4s, curr speed    0.044 kHz, avg speed    0.045 kHz), accepted       24/  830001 events ( 0.00%)
Processed   840000/  981000 entries, 85.63% (elapsed time 18503.2s, curr speed    0.046 kHz, avg speed    0.045 kHz), accepted       24/  840001 events ( 0.00%)
Processed   850000/  981000 entries, 86.65% (elapsed time 18721.2s, curr speed    0.046 kHz, avg speed    0.045 kHz), accepted       24/  850001 events ( 0.00%)
Processed   860000/  981000 entries, 87.67% (elapsed time 18929.6s, curr speed    0.048 kHz, avg speed    0.045 kHz), accepted       24/  860001 events ( 0.00%)
Processed   870000/  981000 entries, 88.69% (elapsed time 19146.0s, curr speed    0.046 kHz, avg speed    0.045 kHz), accepted       24/  870001 events ( 0.00%)
Processed   880000/  981000 entries, 89.70% (elapsed time 19367.4s, curr speed    0.045 kHz, avg speed    0.045 kHz), accepted       24/  880001 events ( 0.00%)
Processed   890000/  981000 entries, 90.72% (elapsed time 19583.4s, curr speed    0.046 kHz, avg speed    0.045 kHz), accepted       25/  890001 events ( 0.00%)
Processed   900000/  981000 entries, 91.74% (elapsed time 19802.8s, curr speed    0.046 kHz, avg speed    0.045 kHz), accepted       26/  900001 events ( 0.00%)
Processed   910000/  981000 entries, 92.76% (elapsed time 20024.1s, curr speed    0.045 kHz, avg speed    0.045 kHz), accepted       26/  910001 events ( 0.00%)
Bad event
Processed   920000/  981000 entries, 93.78% (elapsed time 20238.9s, curr speed    0.047 kHz, avg speed    0.045 kHz), accepted       26/  920001 events ( 0.00%)
Processed   930000/  981000 entries, 94.80% (elapsed time 20459.4s, curr speed    0.045 kHz, avg speed    0.045 kHz), accepted       27/  930001 events ( 0.00%)
Processed   940000/  981000 entries, 95.82% (elapsed time 20670.0s, curr speed    0.047 kHz, avg speed    0.045 kHz), accepted       28/  940001 events ( 0.00%)
Processed   950000/  981000 entries, 96.84% (elapsed time 20882.6s, curr speed    0.047 kHz, avg speed    0.045 kHz), accepted       28/  950001 events ( 0.00%)
Processed   960000/  981000 entries, 97.86% (elapsed time 21102.3s, curr speed    0.046 kHz, avg speed    0.045 kHz), accepted       28/  960001 events ( 0.00%)
Processed   970000/  981000 entries, 98.88% (elapsed time 21318.2s, curr speed    0.046 kHz, avg speed    0.046 kHz), accepted       28/  970001 events ( 0.00%)
Processed   980000/  981000 entries, 99.90% (elapsed time 21532.2s, curr speed    0.047 kHz, avg speed    0.046 kHz), accepted       28/  980001 events ( 0.00%)
Processed 981000 preselected entries from root://cms-xrd-global.cern.ch//store/mc/RunIIAutumn18NanoAODv6/WWTo4Q_NNPDF31_TuneCP5_13TeV-powheg-pythia8/NANOAODSIM/Nano25Oct2019_102X_upgrade2018_realistic_v20-v1/60000/605BEE73-674A-9E4E-9E03-98B607BF7B2D.root (981000 entries). Finally selected 28 entries
Done /work/pbaertsc/heavy_resonance/output_2018/WWTo4Q_NNPDF31_TuneCP5_13TeV-powheg-pythia8__RunIIAutumn18NanoAODv6-Nano25Oct2019_102X_upgrade2018_realistic_v20-v1__NANOAODSIM/605BEE73-674A-9E4E-9E03-98B607BF7B2D.root
45.5085053587 Hz
deleting root file with name: /work/pbaertsc/heavy_resonance/output_2018/WWTo4Q_NNPDF31_TuneCP5_13TeV-powheg-pythia8__RunIIAutumn18NanoAODv6-Nano25Oct2019_102X_upgrade2018_realistic_v20-v1__NANOAODSIM/605BEE73-674A-9E4E-9E03-98B607BF7B2D.root
DONE
Complete at
Sat Feb  1 21:22:13 CET 2020
