job start at
Sat Feb  1 14:53:15 CET 2020
SLURM_JOB_ID: 529113
HOSTNAME: t3wn57
JOBLIST:joblist/joblist_ZZTo4L_TuneCP5_13TeV_powheg_pythia8__RunIIAutumn18NanoAODv6-Nano25Oct2019_102X_upgrade2018_realistic_v20_ext1-v1__NANOAODSIM_ll.txt
Going to execute
python job.py -i root://cms-xrd-global.cern.ch//store/mc/RunIIAutumn18NanoAODv6/ZZTo4L_TuneCP5_13TeV_powheg_pythia8/NANOAODSIM/Nano25Oct2019_102X_upgrade2018_realistic_v20_ext1-v1/60000/0B71B9D7-C5E1-1B4A-A010-0C5E37D3D13E.root -o /work/pbaertsc/heavy_resonance/output_2018/ZZTo4L_TuneCP5_13TeV_powheg_pythia8__RunIIAutumn18NanoAODv6-Nano25Oct2019_102X_upgrade2018_realistic_v20_ext1-v1__NANOAODSIM -N ZZTo4L_TuneCP5_13TeV_powheg_pythia8__RunIIAutumn18NanoAODv6-Nano25Oct2019_102X_upgrade2018_realistic_v20_ext1-v1__NANOAODSIM -n 6 -c ll -y 2018
TClass::Init:0: RuntimeWarning: no dictionary for class ROOT::TIOFeatures is available
/work/pbaertsc/heavy_resonance/CMSSW_9_4_6/python/PhysicsTools/NanoAODTools/postprocessing/framework/treeReaderArrayTools.py:69: RuntimeWarning: creating executor for unknown type "ULong64_t*"
  ret = _vr.Get()[0]
JEC= Autumn18_V19_MC 	 JER= Autumn18_V7_MC
MET branch= PuppiMET
JEC= Autumn18_V19_MC 	 JER= Autumn18_V7_MC
MET branch= PuppiMET
--------------------------------------------------------------------------------
input files  = ['root://cms-xrd-global.cern.ch//store/mc/RunIIAutumn18NanoAODv6/ZZTo4L_TuneCP5_13TeV_powheg_pythia8/NANOAODSIM/Nano25Oct2019_102X_upgrade2018_realistic_v20_ext1-v1/60000/0B71B9D7-C5E1-1B4A-A010-0C5E37D3D13E.root']
output directory = /work/pbaertsc/heavy_resonance/output_2018/ZZTo4L_TuneCP5_13TeV_powheg_pythia8__RunIIAutumn18NanoAODv6-Nano25Oct2019_102X_upgrade2018_realistic_v20_ext1-v1__NANOAODSIM
output file  = ZZTo4L_TuneCP5_13TeV_powheg_pythia8__RunIIAutumn18NanoAODv6-Nano25Oct2019_102X_upgrade2018_realistic_v20_ext1-v1__NANOAODSIM_6_ll.root
chunck       = 6
channel      = ll
dataType     = mc
year         = 2018
tes          = 1.0
ltf          = 1.0
jtf          = 1.0
--------------------------------------------------------------------------------
job.py: creating PostProcessor...
TreeProducer is called /work/pbaertsc/heavy_resonance/output_2018/ZZTo4L_TuneCP5_13TeV_powheg_pythia8__RunIIAutumn18NanoAODv6-Nano25Oct2019_102X_upgrade2018_realistic_v20_ext1-v1__NANOAODSIM/ZZTo4L_TuneCP5_13TeV_powheg_pythia8__RunIIAutumn18NanoAODv6-Nano25Oct2019_102X_upgrade2018_realistic_v20_ext1-v1__NANOAODSIM_6_ll.root
job.py: going to run PostProcessor...
Will write selected trees to /work/pbaertsc/heavy_resonance/output_2018/ZZTo4L_TuneCP5_13TeV_powheg_pythia8__RunIIAutumn18NanoAODv6-Nano25Oct2019_102X_upgrade2018_realistic_v20_ext1-v1__NANOAODSIM
Loading jet energy scale (JES) uncertainties from file '/tmp/tmpTDHFyu/Autumn18_V19_MC_Uncertainty_AK4PFchs.txt'
Loading jet energy resolutions (JER) from file '/tmp/tmpwr9NEj/Autumn18_V7_MC_PtResolution_AK4PFchs.txt'
Loading JER scale factors and uncertainties from file '/tmp/tmpwr9NEj/Autumn18_V7_MC_SF_AK4PFchs.txt'
Loading jet energy scale (JES) uncertainties from file '/tmp/tmpPfYKTs/Autumn18_V19_MC_Uncertainty_AK8PFPuppi.txt'
Loading jet energy resolutions (JER) from file '/tmp/tmpHidqz8/Autumn18_V7_MC_PtResolution_AK8PFPuppi.txt'
Loading JER scale factors and uncertainties from file '/tmp/tmpHidqz8/Autumn18_V7_MC_SF_AK8PFPuppi.txt'
Pre-select 1730400 entries out of 1730400 (100.00%)
nanoAODv5? True
Processed    10000/ 1730400 entries,  0.58% (elapsed time   159.5s, curr speed    0.063 kHz, avg speed    0.063 kHz), accepted       19/   10001 events ( 0.19%)
Processed    20000/ 1730400 entries,  1.16% (elapsed time   295.8s, curr speed    0.073 kHz, avg speed    0.068 kHz), accepted       31/   20001 events ( 0.15%)
ZtoMM trigger inconsistency
Processed    30000/ 1730400 entries,  1.73% (elapsed time   439.0s, curr speed    0.070 kHz, avg speed    0.068 kHz), accepted       43/   30001 events ( 0.14%)
ZtoMM trigger inconsistency
ZtoMM trigger inconsistency
Processed    40000/ 1730400 entries,  2.31% (elapsed time   575.7s, curr speed    0.073 kHz, avg speed    0.069 kHz), accepted       53/   40001 events ( 0.13%)
Processed    50000/ 1730400 entries,  2.89% (elapsed time   686.4s, curr speed    0.090 kHz, avg speed    0.073 kHz), accepted       69/   50001 events ( 0.14%)
Processed    60000/ 1730400 entries,  3.47% (elapsed time   776.7s, curr speed    0.111 kHz, avg speed    0.077 kHz), accepted       86/   60001 events ( 0.14%)
Processed    70000/ 1730400 entries,  4.05% (elapsed time   865.4s, curr speed    0.113 kHz, avg speed    0.081 kHz), accepted       95/   70001 events ( 0.14%)
Processed    80000/ 1730400 entries,  4.62% (elapsed time   954.5s, curr speed    0.112 kHz, avg speed    0.084 kHz), accepted      112/   80001 events ( 0.14%)
TtoEM trigger inconsistency
ZtoMM trigger inconsistency
Processed    90000/ 1730400 entries,  5.20% (elapsed time  1045.2s, curr speed    0.110 kHz, avg speed    0.086 kHz), accepted      128/   90001 events ( 0.14%)
ZtoMM trigger inconsistency
Processed   100000/ 1730400 entries,  5.78% (elapsed time  1134.1s, curr speed    0.113 kHz, avg speed    0.088 kHz), accepted      146/  100001 events ( 0.15%)
TtoEM trigger inconsistency
Processed   110000/ 1730400 entries,  6.36% (elapsed time  1224.7s, curr speed    0.110 kHz, avg speed    0.090 kHz), accepted      163/  110001 events ( 0.15%)
Processed   120000/ 1730400 entries,  6.93% (elapsed time  1312.5s, curr speed    0.114 kHz, avg speed    0.091 kHz), accepted      175/  120001 events ( 0.15%)
Processed   130000/ 1730400 entries,  7.51% (elapsed time  1402.1s, curr speed    0.112 kHz, avg speed    0.093 kHz), accepted      189/  130001 events ( 0.15%)
Processed   140000/ 1730400 entries,  8.09% (elapsed time  1489.6s, curr speed    0.114 kHz, avg speed    0.094 kHz), accepted      203/  140001 events ( 0.14%)
Processed   150000/ 1730400 entries,  8.67% (elapsed time  1578.6s, curr speed    0.112 kHz, avg speed    0.095 kHz), accepted      216/  150001 events ( 0.14%)
Processed   160000/ 1730400 entries,  9.25% (elapsed time  1667.6s, curr speed    0.112 kHz, avg speed    0.096 kHz), accepted      234/  160001 events ( 0.15%)
Processed   170000/ 1730400 entries,  9.82% (elapsed time  1755.0s, curr speed    0.114 kHz, avg speed    0.097 kHz), accepted      244/  170001 events ( 0.14%)
ZtoMM trigger inconsistency
Processed   180000/ 1730400 entries, 10.40% (elapsed time  1845.0s, curr speed    0.111 kHz, avg speed    0.098 kHz), accepted      266/  180001 events ( 0.15%)
Processed   190000/ 1730400 entries, 10.98% (elapsed time  1932.4s, curr speed    0.114 kHz, avg speed    0.098 kHz), accepted      279/  190001 events ( 0.15%)
Processed   200000/ 1730400 entries, 11.56% (elapsed time  2022.0s, curr speed    0.112 kHz, avg speed    0.099 kHz), accepted      297/  200001 events ( 0.15%)
ZtoMM trigger inconsistency
Processed   210000/ 1730400 entries, 12.14% (elapsed time  2109.3s, curr speed    0.115 kHz, avg speed    0.100 kHz), accepted      303/  210001 events ( 0.14%)
Processed   220000/ 1730400 entries, 12.71% (elapsed time  2198.0s, curr speed    0.113 kHz, avg speed    0.100 kHz), accepted      311/  220001 events ( 0.14%)
Processed   230000/ 1730400 entries, 13.29% (elapsed time  2286.8s, curr speed    0.113 kHz, avg speed    0.101 kHz), accepted      324/  230001 events ( 0.14%)
Processed   240000/ 1730400 entries, 13.87% (elapsed time  2373.4s, curr speed    0.115 kHz, avg speed    0.101 kHz), accepted      333/  240001 events ( 0.14%)
ZtoMM trigger inconsistency
Processed   250000/ 1730400 entries, 14.45% (elapsed time  2463.0s, curr speed    0.112 kHz, avg speed    0.102 kHz), accepted      345/  250001 events ( 0.14%)
Processed   260000/ 1730400 entries, 15.03% (elapsed time  2550.8s, curr speed    0.114 kHz, avg speed    0.102 kHz), accepted      358/  260001 events ( 0.14%)
ZtoMM trigger inconsistency
Processed   270000/ 1730400 entries, 15.60% (elapsed time  2640.6s, curr speed    0.111 kHz, avg speed    0.102 kHz), accepted      374/  270001 events ( 0.14%)
ZtoMM trigger inconsistency
Processed   280000/ 1730400 entries, 16.18% (elapsed time  2727.9s, curr speed    0.115 kHz, avg speed    0.103 kHz), accepted      392/  280001 events ( 0.14%)
Processed   290000/ 1730400 entries, 16.76% (elapsed time  2817.0s, curr speed    0.112 kHz, avg speed    0.103 kHz), accepted      405/  290001 events ( 0.14%)
Processed   300000/ 1730400 entries, 17.34% (elapsed time  2905.1s, curr speed    0.113 kHz, avg speed    0.103 kHz), accepted      424/  300001 events ( 0.14%)
Processed   310000/ 1730400 entries, 17.91% (elapsed time  2994.2s, curr speed    0.112 kHz, avg speed    0.104 kHz), accepted      438/  310001 events ( 0.14%)
Processed   320000/ 1730400 entries, 18.49% (elapsed time  3083.3s, curr speed    0.112 kHz, avg speed    0.104 kHz), accepted      452/  320001 events ( 0.14%)
Processed   330000/ 1730400 entries, 19.07% (elapsed time  3171.8s, curr speed    0.113 kHz, avg speed    0.104 kHz), accepted      464/  330001 events ( 0.14%)
Processed   340000/ 1730400 entries, 19.65% (elapsed time  3259.7s, curr speed    0.114 kHz, avg speed    0.104 kHz), accepted      476/  340001 events ( 0.14%)
Processed   350000/ 1730400 entries, 20.23% (elapsed time  3348.6s, curr speed    0.113 kHz, avg speed    0.105 kHz), accepted      487/  350001 events ( 0.14%)
TtoEM trigger inconsistency
Processed   360000/ 1730400 entries, 20.80% (elapsed time  3438.8s, curr speed    0.111 kHz, avg speed    0.105 kHz), accepted      499/  360001 events ( 0.14%)
Processed   370000/ 1730400 entries, 21.38% (elapsed time  3527.1s, curr speed    0.113 kHz, avg speed    0.105 kHz), accepted      515/  370001 events ( 0.14%)
ZtoMM trigger inconsistency
Processed   380000/ 1730400 entries, 21.96% (elapsed time  3615.9s, curr speed    0.113 kHz, avg speed    0.105 kHz), accepted      530/  380001 events ( 0.14%)
Processed   390000/ 1730400 entries, 22.54% (elapsed time  3704.5s, curr speed    0.113 kHz, avg speed    0.105 kHz), accepted      547/  390001 events ( 0.14%)
TtoEM trigger inconsistency
Processed   400000/ 1730400 entries, 23.12% (elapsed time  3792.7s, curr speed    0.113 kHz, avg speed    0.105 kHz), accepted      557/  400001 events ( 0.14%)
Processed   410000/ 1730400 entries, 23.69% (elapsed time  3882.1s, curr speed    0.112 kHz, avg speed    0.106 kHz), accepted      570/  410001 events ( 0.14%)
Processed   420000/ 1730400 entries, 24.27% (elapsed time  3969.7s, curr speed    0.114 kHz, avg speed    0.106 kHz), accepted      583/  420001 events ( 0.14%)
Processed   430000/ 1730400 entries, 24.85% (elapsed time  4059.0s, curr speed    0.112 kHz, avg speed    0.106 kHz), accepted      597/  430001 events ( 0.14%)
Processed   440000/ 1730400 entries, 25.43% (elapsed time  4146.9s, curr speed    0.114 kHz, avg speed    0.106 kHz), accepted      610/  440001 events ( 0.14%)
Processed   450000/ 1730400 entries, 26.01% (elapsed time  4235.0s, curr speed    0.114 kHz, avg speed    0.106 kHz), accepted      627/  450001 events ( 0.14%)
Processed   460000/ 1730400 entries, 26.58% (elapsed time  4322.2s, curr speed    0.115 kHz, avg speed    0.106 kHz), accepted      646/  460001 events ( 0.14%)
Processed   470000/ 1730400 entries, 27.16% (elapsed time  4410.0s, curr speed    0.114 kHz, avg speed    0.107 kHz), accepted      660/  470001 events ( 0.14%)
Processed   480000/ 1730400 entries, 27.74% (elapsed time  4498.0s, curr speed    0.114 kHz, avg speed    0.107 kHz), accepted      677/  480001 events ( 0.14%)
Processed   490000/ 1730400 entries, 28.32% (elapsed time  4585.0s, curr speed    0.115 kHz, avg speed    0.107 kHz), accepted      690/  490001 events ( 0.14%)
TtoEM trigger inconsistency
Processed   500000/ 1730400 entries, 28.90% (elapsed time  4673.6s, curr speed    0.113 kHz, avg speed    0.107 kHz), accepted      711/  500001 events ( 0.14%)
ZtoMM trigger inconsistency
Processed   510000/ 1730400 entries, 29.47% (elapsed time  4761.1s, curr speed    0.114 kHz, avg speed    0.107 kHz), accepted      724/  510001 events ( 0.14%)
ZtoMM trigger inconsistency
Processed   520000/ 1730400 entries, 30.05% (elapsed time  4849.6s, curr speed    0.113 kHz, avg speed    0.107 kHz), accepted      744/  520001 events ( 0.14%)
ZtoMM trigger inconsistency
Processed   530000/ 1730400 entries, 30.63% (elapsed time  4936.9s, curr speed    0.115 kHz, avg speed    0.107 kHz), accepted      756/  530001 events ( 0.14%)
Processed   540000/ 1730400 entries, 31.21% (elapsed time  5023.0s, curr speed    0.116 kHz, avg speed    0.108 kHz), accepted      770/  540001 events ( 0.14%)
Processed   550000/ 1730400 entries, 31.78% (elapsed time  5111.5s, curr speed    0.113 kHz, avg speed    0.108 kHz), accepted      789/  550001 events ( 0.14%)
Processed   560000/ 1730400 entries, 32.36% (elapsed time  5198.2s, curr speed    0.115 kHz, avg speed    0.108 kHz), accepted      798/  560001 events ( 0.14%)
Processed   570000/ 1730400 entries, 32.94% (elapsed time  5285.6s, curr speed    0.114 kHz, avg speed    0.108 kHz), accepted      801/  570001 events ( 0.14%)
ZtoMM trigger inconsistency
Processed   580000/ 1730400 entries, 33.52% (elapsed time  5373.3s, curr speed    0.114 kHz, avg speed    0.108 kHz), accepted      815/  580001 events ( 0.14%)
Processed   590000/ 1730400 entries, 34.10% (elapsed time  5461.1s, curr speed    0.114 kHz, avg speed    0.108 kHz), accepted      828/  590001 events ( 0.14%)
Processed   600000/ 1730400 entries, 34.67% (elapsed time  5548.7s, curr speed    0.114 kHz, avg speed    0.108 kHz), accepted      840/  600001 events ( 0.14%)
ZtoMM trigger inconsistency
ZtoMM trigger inconsistency
Processed   610000/ 1730400 entries, 35.25% (elapsed time  5635.0s, curr speed    0.116 kHz, avg speed    0.108 kHz), accepted      849/  610001 events ( 0.14%)
Processed   620000/ 1730400 entries, 35.83% (elapsed time  5722.9s, curr speed    0.114 kHz, avg speed    0.108 kHz), accepted      865/  620001 events ( 0.14%)
Processed   630000/ 1730400 entries, 36.41% (elapsed time  5809.0s, curr speed    0.116 kHz, avg speed    0.108 kHz), accepted      883/  630001 events ( 0.14%)
ZtoMM trigger inconsistency
Processed   640000/ 1730400 entries, 36.99% (elapsed time  5897.1s, curr speed    0.113 kHz, avg speed    0.109 kHz), accepted      897/  640001 events ( 0.14%)
Processed   650000/ 1730400 entries, 37.56% (elapsed time  5983.8s, curr speed    0.115 kHz, avg speed    0.109 kHz), accepted      910/  650001 events ( 0.14%)
Processed   660000/ 1730400 entries, 38.14% (elapsed time  6071.8s, curr speed    0.114 kHz, avg speed    0.109 kHz), accepted      927/  660001 events ( 0.14%)
ZtoMM trigger inconsistency
Processed   670000/ 1730400 entries, 38.72% (elapsed time  6157.1s, curr speed    0.117 kHz, avg speed    0.109 kHz), accepted      940/  670001 events ( 0.14%)
Processed   680000/ 1730400 entries, 39.30% (elapsed time  6244.9s, curr speed    0.114 kHz, avg speed    0.109 kHz), accepted      951/  680001 events ( 0.14%)
Processed   690000/ 1730400 entries, 39.88% (elapsed time  6331.8s, curr speed    0.115 kHz, avg speed    0.109 kHz), accepted      967/  690001 events ( 0.14%)
Processed   700000/ 1730400 entries, 40.45% (elapsed time  6419.7s, curr speed    0.114 kHz, avg speed    0.109 kHz), accepted      974/  700001 events ( 0.14%)
Processed   710000/ 1730400 entries, 41.03% (elapsed time  6508.3s, curr speed    0.113 kHz, avg speed    0.109 kHz), accepted      993/  710001 events ( 0.14%)
TtoEM trigger inconsistency
Processed   720000/ 1730400 entries, 41.61% (elapsed time  6594.9s, curr speed    0.116 kHz, avg speed    0.109 kHz), accepted     1005/  720001 events ( 0.14%)
Processed   730000/ 1730400 entries, 42.19% (elapsed time  6683.4s, curr speed    0.113 kHz, avg speed    0.109 kHz), accepted     1023/  730001 events ( 0.14%)
Processed   740000/ 1730400 entries, 42.76% (elapsed time  6769.3s, curr speed    0.117 kHz, avg speed    0.109 kHz), accepted     1040/  740001 events ( 0.14%)
Processed   750000/ 1730400 entries, 43.34% (elapsed time  6857.2s, curr speed    0.114 kHz, avg speed    0.109 kHz), accepted     1056/  750001 events ( 0.14%)
Processed   760000/ 1730400 entries, 43.92% (elapsed time  6945.2s, curr speed    0.114 kHz, avg speed    0.109 kHz), accepted     1065/  760001 events ( 0.14%)
Processed   770000/ 1730400 entries, 44.50% (elapsed time  7033.1s, curr speed    0.114 kHz, avg speed    0.109 kHz), accepted     1084/  770001 events ( 0.14%)
Processed   780000/ 1730400 entries, 45.08% (elapsed time  7121.1s, curr speed    0.114 kHz, avg speed    0.110 kHz), accepted     1094/  780001 events ( 0.14%)
TtoEM trigger inconsistency
Processed   790000/ 1730400 entries, 45.65% (elapsed time  7207.9s, curr speed    0.115 kHz, avg speed    0.110 kHz), accepted     1112/  790001 events ( 0.14%)
ZtoMM trigger inconsistency
Processed   800000/ 1730400 entries, 46.23% (elapsed time  7296.2s, curr speed    0.113 kHz, avg speed    0.110 kHz), accepted     1128/  800001 events ( 0.14%)
Processed   810000/ 1730400 entries, 46.81% (elapsed time  7381.9s, curr speed    0.117 kHz, avg speed    0.110 kHz), accepted     1139/  810001 events ( 0.14%)
Processed   820000/ 1730400 entries, 47.39% (elapsed time  7469.8s, curr speed    0.114 kHz, avg speed    0.110 kHz), accepted     1153/  820001 events ( 0.14%)
ZtoEE trigger inconsistency
Processed   830000/ 1730400 entries, 47.97% (elapsed time  7557.4s, curr speed    0.114 kHz, avg speed    0.110 kHz), accepted     1164/  830001 events ( 0.14%)
Processed   840000/ 1730400 entries, 48.54% (elapsed time  7643.3s, curr speed    0.116 kHz, avg speed    0.110 kHz), accepted     1179/  840001 events ( 0.14%)
Processed   850000/ 1730400 entries, 49.12% (elapsed time  7731.8s, curr speed    0.113 kHz, avg speed    0.110 kHz), accepted     1198/  850001 events ( 0.14%)
TtoEM trigger inconsistency
Processed   860000/ 1730400 entries, 49.70% (elapsed time  7817.4s, curr speed    0.117 kHz, avg speed    0.110 kHz), accepted     1219/  860001 events ( 0.14%)
ZtoMM trigger inconsistency
Processed   870000/ 1730400 entries, 50.28% (elapsed time  7905.3s, curr speed    0.114 kHz, avg speed    0.110 kHz), accepted     1231/  870001 events ( 0.14%)
Processed   880000/ 1730400 entries, 50.86% (elapsed time  7991.0s, curr speed    0.117 kHz, avg speed    0.110 kHz), accepted     1241/  880001 events ( 0.14%)
Processed   890000/ 1730400 entries, 51.43% (elapsed time  8077.6s, curr speed    0.116 kHz, avg speed    0.110 kHz), accepted     1257/  890001 events ( 0.14%)
Processed   900000/ 1730400 entries, 52.01% (elapsed time  8162.5s, curr speed    0.118 kHz, avg speed    0.110 kHz), accepted     1266/  900001 events ( 0.14%)
ZtoEE trigger inconsistency
Processed   910000/ 1730400 entries, 52.59% (elapsed time  8249.3s, curr speed    0.115 kHz, avg speed    0.110 kHz), accepted     1283/  910001 events ( 0.14%)
ZtoMM trigger inconsistency
Processed   920000/ 1730400 entries, 53.17% (elapsed time  8337.6s, curr speed    0.113 kHz, avg speed    0.110 kHz), accepted     1295/  920001 events ( 0.14%)
Processed   930000/ 1730400 entries, 53.74% (elapsed time  8423.4s, curr speed    0.117 kHz, avg speed    0.110 kHz), accepted     1315/  930001 events ( 0.14%)
ZtoMM trigger inconsistency
Processed   940000/ 1730400 entries, 54.32% (elapsed time  8510.8s, curr speed    0.114 kHz, avg speed    0.110 kHz), accepted     1324/  940001 events ( 0.14%)
Processed   950000/ 1730400 entries, 54.90% (elapsed time  8595.0s, curr speed    0.119 kHz, avg speed    0.111 kHz), accepted     1337/  950001 events ( 0.14%)
Processed   960000/ 1730400 entries, 55.48% (elapsed time  8682.2s, curr speed    0.115 kHz, avg speed    0.111 kHz), accepted     1350/  960001 events ( 0.14%)
Processed   970000/ 1730400 entries, 56.06% (elapsed time  8766.7s, curr speed    0.118 kHz, avg speed    0.111 kHz), accepted     1370/  970001 events ( 0.14%)
Processed   980000/ 1730400 entries, 56.63% (elapsed time  8852.5s, curr speed    0.117 kHz, avg speed    0.111 kHz), accepted     1383/  980001 events ( 0.14%)
TtoEM trigger inconsistency
Processed   990000/ 1730400 entries, 57.21% (elapsed time  8938.4s, curr speed    0.116 kHz, avg speed    0.111 kHz), accepted     1397/  990001 events ( 0.14%)
Processed  1000000/ 1730400 entries, 57.79% (elapsed time  9024.0s, curr speed    0.117 kHz, avg speed    0.111 kHz), accepted     1413/ 1000001 events ( 0.14%)
TtoEM trigger inconsistency
Processed  1010000/ 1730400 entries, 58.37% (elapsed time  9110.7s, curr speed    0.115 kHz, avg speed    0.111 kHz), accepted     1430/ 1010001 events ( 0.14%)
Processed  1020000/ 1730400 entries, 58.95% (elapsed time  9196.0s, curr speed    0.117 kHz, avg speed    0.111 kHz), accepted     1447/ 1020001 events ( 0.14%)
Processed  1030000/ 1730400 entries, 59.52% (elapsed time  9281.1s, curr speed    0.118 kHz, avg speed    0.111 kHz), accepted     1458/ 1030001 events ( 0.14%)
TtoEM trigger inconsistency
Processed  1040000/ 1730400 entries, 60.10% (elapsed time  9366.5s, curr speed    0.117 kHz, avg speed    0.111 kHz), accepted     1482/ 1040001 events ( 0.14%)
ZtoMM trigger inconsistency
Processed  1050000/ 1730400 entries, 60.68% (elapsed time  9452.1s, curr speed    0.117 kHz, avg speed    0.111 kHz), accepted     1490/ 1050001 events ( 0.14%)
Processed  1060000/ 1730400 entries, 61.26% (elapsed time  9538.4s, curr speed    0.116 kHz, avg speed    0.111 kHz), accepted     1507/ 1060001 events ( 0.14%)
ZtoMM trigger inconsistency
Processed  1070000/ 1730400 entries, 61.84% (elapsed time  9624.5s, curr speed    0.116 kHz, avg speed    0.111 kHz), accepted     1521/ 1070001 events ( 0.14%)
TtoEM trigger inconsistency
Processed  1080000/ 1730400 entries, 62.41% (elapsed time  9711.3s, curr speed    0.115 kHz, avg speed    0.111 kHz), accepted     1532/ 1080001 events ( 0.14%)
TtoEM trigger inconsistency
Processed  1090000/ 1730400 entries, 62.99% (elapsed time  9796.5s, curr speed    0.117 kHz, avg speed    0.111 kHz), accepted     1548/ 1090001 events ( 0.14%)
Processed  1100000/ 1730400 entries, 63.57% (elapsed time  9883.3s, curr speed    0.115 kHz, avg speed    0.111 kHz), accepted     1559/ 1100001 events ( 0.14%)
TtoEM trigger inconsistency
ZtoMM trigger inconsistency
Processed  1110000/ 1730400 entries, 64.15% (elapsed time  9968.6s, curr speed    0.117 kHz, avg speed    0.111 kHz), accepted     1574/ 1110001 events ( 0.14%)
TtoEM trigger inconsistency
Processed  1120000/ 1730400 entries, 64.72% (elapsed time 10054.7s, curr speed    0.116 kHz, avg speed    0.111 kHz), accepted     1597/ 1120001 events ( 0.14%)
Processed  1130000/ 1730400 entries, 65.30% (elapsed time 10141.5s, curr speed    0.115 kHz, avg speed    0.111 kHz), accepted     1611/ 1130001 events ( 0.14%)
Processed  1140000/ 1730400 entries, 65.88% (elapsed time 10225.7s, curr speed    0.119 kHz, avg speed    0.111 kHz), accepted     1622/ 1140001 events ( 0.14%)
Processed  1150000/ 1730400 entries, 66.46% (elapsed time 10312.2s, curr speed    0.116 kHz, avg speed    0.112 kHz), accepted     1644/ 1150001 events ( 0.14%)
Processed  1160000/ 1730400 entries, 67.04% (elapsed time 10395.5s, curr speed    0.120 kHz, avg speed    0.112 kHz), accepted     1661/ 1160001 events ( 0.14%)
Processed  1170000/ 1730400 entries, 67.61% (elapsed time 10482.5s, curr speed    0.115 kHz, avg speed    0.112 kHz), accepted     1682/ 1170001 events ( 0.14%)
Processed  1180000/ 1730400 entries, 68.19% (elapsed time 10566.6s, curr speed    0.119 kHz, avg speed    0.112 kHz), accepted     1693/ 1180001 events ( 0.14%)
ZtoMM trigger inconsistency
Processed  1190000/ 1730400 entries, 68.77% (elapsed time 10653.2s, curr speed    0.116 kHz, avg speed    0.112 kHz), accepted     1707/ 1190001 events ( 0.14%)
TtoEM trigger inconsistency
Processed  1200000/ 1730400 entries, 69.35% (elapsed time 10738.3s, curr speed    0.118 kHz, avg speed    0.112 kHz), accepted     1720/ 1200001 events ( 0.14%)
Processed  1210000/ 1730400 entries, 69.93% (elapsed time 10823.9s, curr speed    0.117 kHz, avg speed    0.112 kHz), accepted     1733/ 1210001 events ( 0.14%)
Processed  1220000/ 1730400 entries, 70.50% (elapsed time 10911.6s, curr speed    0.114 kHz, avg speed    0.112 kHz), accepted     1749/ 1220001 events ( 0.14%)
Processed  1230000/ 1730400 entries, 71.08% (elapsed time 10995.1s, curr speed    0.120 kHz, avg speed    0.112 kHz), accepted     1757/ 1230001 events ( 0.14%)
Processed  1240000/ 1730400 entries, 71.66% (elapsed time 11081.1s, curr speed    0.116 kHz, avg speed    0.112 kHz), accepted     1770/ 1240001 events ( 0.14%)
Processed  1250000/ 1730400 entries, 72.24% (elapsed time 11165.3s, curr speed    0.119 kHz, avg speed    0.112 kHz), accepted     1786/ 1250001 events ( 0.14%)
ZtoMM trigger inconsistency
Processed  1260000/ 1730400 entries, 72.82% (elapsed time 11252.6s, curr speed    0.115 kHz, avg speed    0.112 kHz), accepted     1802/ 1260001 events ( 0.14%)
TtoEM trigger inconsistency
ZtoMM trigger inconsistency
Processed  1270000/ 1730400 entries, 73.39% (elapsed time 11337.1s, curr speed    0.118 kHz, avg speed    0.112 kHz), accepted     1817/ 1270001 events ( 0.14%)
Processed  1280000/ 1730400 entries, 73.97% (elapsed time 11422.1s, curr speed    0.118 kHz, avg speed    0.112 kHz), accepted     1835/ 1280001 events ( 0.14%)
ZtoMM trigger inconsistency
Processed  1290000/ 1730400 entries, 74.55% (elapsed time 11508.1s, curr speed    0.116 kHz, avg speed    0.112 kHz), accepted     1850/ 1290001 events ( 0.14%)
Processed  1300000/ 1730400 entries, 75.13% (elapsed time 11589.9s, curr speed    0.122 kHz, avg speed    0.112 kHz), accepted     1864/ 1300001 events ( 0.14%)
Processed  1310000/ 1730400 entries, 75.71% (elapsed time 11673.4s, curr speed    0.120 kHz, avg speed    0.112 kHz), accepted     1874/ 1310001 events ( 0.14%)
Processed  1320000/ 1730400 entries, 76.28% (elapsed time 11756.8s, curr speed    0.120 kHz, avg speed    0.112 kHz), accepted     1885/ 1320001 events ( 0.14%)
ZtoMM trigger inconsistency
ZtoMM trigger inconsistency
Processed  1330000/ 1730400 entries, 76.86% (elapsed time 11841.9s, curr speed    0.118 kHz, avg speed    0.112 kHz), accepted     1894/ 1330001 events ( 0.14%)
TtoEM trigger inconsistency
Processed  1340000/ 1730400 entries, 77.44% (elapsed time 11924.5s, curr speed    0.121 kHz, avg speed    0.112 kHz), accepted     1907/ 1340001 events ( 0.14%)
Processed  1350000/ 1730400 entries, 78.02% (elapsed time 12009.2s, curr speed    0.118 kHz, avg speed    0.112 kHz), accepted     1919/ 1350001 events ( 0.14%)
ZtoMM trigger inconsistency
Processed  1360000/ 1730400 entries, 78.59% (elapsed time 12093.3s, curr speed    0.119 kHz, avg speed    0.112 kHz), accepted     1932/ 1360001 events ( 0.14%)
TtoEM trigger inconsistency
Processed  1370000/ 1730400 entries, 79.17% (elapsed time 12177.0s, curr speed    0.120 kHz, avg speed    0.113 kHz), accepted     1946/ 1370001 events ( 0.14%)
Processed  1380000/ 1730400 entries, 79.75% (elapsed time 12262.1s, curr speed    0.117 kHz, avg speed    0.113 kHz), accepted     1961/ 1380001 events ( 0.14%)
TtoEM trigger inconsistency
Processed  1390000/ 1730400 entries, 80.33% (elapsed time 12343.3s, curr speed    0.123 kHz, avg speed    0.113 kHz), accepted     1977/ 1390001 events ( 0.14%)
TtoEM trigger inconsistency
Processed  1400000/ 1730400 entries, 80.91% (elapsed time 12427.1s, curr speed    0.119 kHz, avg speed    0.113 kHz), accepted     1991/ 1400001 events ( 0.14%)
ZtoEE trigger inconsistency
ZtoMM trigger inconsistency
Processed  1410000/ 1730400 entries, 81.48% (elapsed time 12508.9s, curr speed    0.122 kHz, avg speed    0.113 kHz), accepted     2009/ 1410001 events ( 0.14%)
Processed  1420000/ 1730400 entries, 82.06% (elapsed time 12591.0s, curr speed    0.122 kHz, avg speed    0.113 kHz), accepted     2024/ 1420001 events ( 0.14%)
ZtoMM trigger inconsistency
Processed  1430000/ 1730400 entries, 82.64% (elapsed time 12674.0s, curr speed    0.120 kHz, avg speed    0.113 kHz), accepted     2037/ 1430001 events ( 0.14%)
Processed  1440000/ 1730400 entries, 83.22% (elapsed time 12756.3s, curr speed    0.121 kHz, avg speed    0.113 kHz), accepted     2048/ 1440001 events ( 0.14%)
ZtoMM trigger inconsistency
Processed  1450000/ 1730400 entries, 83.80% (elapsed time 12839.5s, curr speed    0.120 kHz, avg speed    0.113 kHz), accepted     2061/ 1450001 events ( 0.14%)
ZtoMM trigger inconsistency
Processed  1460000/ 1730400 entries, 84.37% (elapsed time 12921.1s, curr speed    0.123 kHz, avg speed    0.113 kHz), accepted     2085/ 1460001 events ( 0.14%)
WARNING: jet m = 0.0 !!
ZtoMM trigger inconsistency
Processed  1470000/ 1730400 entries, 84.95% (elapsed time 13004.8s, curr speed    0.119 kHz, avg speed    0.113 kHz), accepted     2099/ 1470001 events ( 0.14%)
Processed  1480000/ 1730400 entries, 85.53% (elapsed time 13085.8s, curr speed    0.124 kHz, avg speed    0.113 kHz), accepted     2107/ 1480001 events ( 0.14%)
Processed  1490000/ 1730400 entries, 86.11% (elapsed time 13168.7s, curr speed    0.121 kHz, avg speed    0.113 kHz), accepted     2125/ 1490001 events ( 0.14%)
ZtoMM trigger inconsistency
Processed  1500000/ 1730400 entries, 86.69% (elapsed time 13251.3s, curr speed    0.121 kHz, avg speed    0.113 kHz), accepted     2141/ 1500001 events ( 0.14%)
ZtoMM trigger inconsistency
Processed  1510000/ 1730400 entries, 87.26% (elapsed time 13332.8s, curr speed    0.123 kHz, avg speed    0.113 kHz), accepted     2155/ 1510001 events ( 0.14%)
Processed  1520000/ 1730400 entries, 87.84% (elapsed time 13415.5s, curr speed    0.121 kHz, avg speed    0.113 kHz), accepted     2169/ 1520001 events ( 0.14%)
Processed  1530000/ 1730400 entries, 88.42% (elapsed time 13495.0s, curr speed    0.126 kHz, avg speed    0.113 kHz), accepted     2186/ 1530001 events ( 0.14%)
Processed  1540000/ 1730400 entries, 89.00% (elapsed time 13577.5s, curr speed    0.121 kHz, avg speed    0.113 kHz), accepted     2199/ 1540001 events ( 0.14%)
Processed  1550000/ 1730400 entries, 89.57% (elapsed time 13656.8s, curr speed    0.126 kHz, avg speed    0.113 kHz), accepted     2210/ 1550001 events ( 0.14%)
Processed  1560000/ 1730400 entries, 90.15% (elapsed time 13737.3s, curr speed    0.124 kHz, avg speed    0.114 kHz), accepted     2225/ 1560001 events ( 0.14%)
ZtoMM trigger inconsistency
Processed  1570000/ 1730400 entries, 90.73% (elapsed time 13817.3s, curr speed    0.125 kHz, avg speed    0.114 kHz), accepted     2241/ 1570001 events ( 0.14%)
ZtoMM trigger inconsistency
Processed  1580000/ 1730400 entries, 91.31% (elapsed time 13898.7s, curr speed    0.123 kHz, avg speed    0.114 kHz), accepted     2260/ 1580001 events ( 0.14%)
TtoEM trigger inconsistency
Processed  1590000/ 1730400 entries, 91.89% (elapsed time 13979.5s, curr speed    0.124 kHz, avg speed    0.114 kHz), accepted     2276/ 1590001 events ( 0.14%)
Processed  1600000/ 1730400 entries, 92.46% (elapsed time 14059.3s, curr speed    0.125 kHz, avg speed    0.114 kHz), accepted     2291/ 1600001 events ( 0.14%)
TtoEM trigger inconsistency
Processed  1610000/ 1730400 entries, 93.04% (elapsed time 14139.6s, curr speed    0.124 kHz, avg speed    0.114 kHz), accepted     2301/ 1610001 events ( 0.14%)
ZtoMM trigger inconsistency
Processed  1620000/ 1730400 entries, 93.62% (elapsed time 14218.6s, curr speed    0.127 kHz, avg speed    0.114 kHz), accepted     2322/ 1620001 events ( 0.14%)
Processed  1630000/ 1730400 entries, 94.20% (elapsed time 14298.8s, curr speed    0.125 kHz, avg speed    0.114 kHz), accepted     2338/ 1630001 events ( 0.14%)
Processed  1640000/ 1730400 entries, 94.78% (elapsed time 14377.6s, curr speed    0.127 kHz, avg speed    0.114 kHz), accepted     2358/ 1640001 events ( 0.14%)
Processed  1650000/ 1730400 entries, 95.35% (elapsed time 14457.4s, curr speed    0.125 kHz, avg speed    0.114 kHz), accepted     2369/ 1650001 events ( 0.14%)
Processed  1660000/ 1730400 entries, 95.93% (elapsed time 14536.4s, curr speed    0.127 kHz, avg speed    0.114 kHz), accepted     2379/ 1660001 events ( 0.14%)
Processed  1670000/ 1730400 entries, 96.51% (elapsed time 14614.1s, curr speed    0.129 kHz, avg speed    0.114 kHz), accepted     2391/ 1670001 events ( 0.14%)
Processed  1680000/ 1730400 entries, 97.09% (elapsed time 14695.5s, curr speed    0.123 kHz, avg speed    0.114 kHz), accepted     2412/ 1680001 events ( 0.14%)
Processed  1690000/ 1730400 entries, 97.67% (elapsed time 14773.5s, curr speed    0.128 kHz, avg speed    0.114 kHz), accepted     2429/ 1690001 events ( 0.14%)
Processed  1700000/ 1730400 entries, 98.24% (elapsed time 14854.8s, curr speed    0.123 kHz, avg speed    0.114 kHz), accepted     2452/ 1700001 events ( 0.14%)
Processed  1710000/ 1730400 entries, 98.82% (elapsed time 14934.1s, curr speed    0.126 kHz, avg speed    0.115 kHz), accepted     2473/ 1710001 events ( 0.14%)
Processed  1720000/ 1730400 entries, 99.40% (elapsed time 15013.9s, curr speed    0.125 kHz, avg speed    0.115 kHz), accepted     2487/ 1720001 events ( 0.14%)
Processed  1730000/ 1730400 entries, 99.98% (elapsed time 15092.9s, curr speed    0.127 kHz, avg speed    0.115 kHz), accepted     2500/ 1730001 events ( 0.14%)
Processed 1730400 preselected entries from root://cms-xrd-global.cern.ch//store/mc/RunIIAutumn18NanoAODv6/ZZTo4L_TuneCP5_13TeV_powheg_pythia8/NANOAODSIM/Nano25Oct2019_102X_upgrade2018_realistic_v20_ext1-v1/60000/0B71B9D7-C5E1-1B4A-A010-0C5E37D3D13E.root (1730400 entries). Finally selected 2501 entries
Done /work/pbaertsc/heavy_resonance/output_2018/ZZTo4L_TuneCP5_13TeV_powheg_pythia8__RunIIAutumn18NanoAODv6-Nano25Oct2019_102X_upgrade2018_realistic_v20_ext1-v1__NANOAODSIM/0B71B9D7-C5E1-1B4A-A010-0C5E37D3D13E.root
114.569698222 Hz
deleting root file with name: /work/pbaertsc/heavy_resonance/output_2018/ZZTo4L_TuneCP5_13TeV_powheg_pythia8__RunIIAutumn18NanoAODv6-Nano25Oct2019_102X_upgrade2018_realistic_v20_ext1-v1__NANOAODSIM/0B71B9D7-C5E1-1B4A-A010-0C5E37D3D13E.root
DONE
Complete at
Sat Feb  1 21:20:27 CET 2020
