job start at
Thu Jan 30 17:50:52 CET 2020
SLURM_JOB_ID: 437070
HOSTNAME: t3wn47
JOBLIST:joblist/joblist_Zprime_VBF_Zh_Zinvhinc_narrow_M-800_TuneCP5_PSweights_13TeV-madgraph-pythia8__RunIIAutumn18NanoAODv6-Nano25Oct2019_102X_upgrade2018_realistic_v20-v1__NANOAODSIM_ll.txt
Going to execute
python job.py -i root://cms-xrd-global.cern.ch//store/mc/RunIIAutumn18NanoAODv6/Zprime_VBF_Zh_Zinvhinc_narrow_M-800_TuneCP5_PSweights_13TeV-madgraph-pythia8/NANOAODSIM/Nano25Oct2019_102X_upgrade2018_realistic_v20-v1/60000/6565D8A9-31C0-F04A-9791-18FCAB8F5A01.root -o /work/pbaertsc/heavy_resonance/output_2018/Zprime_VBF_Zh_Zinvhinc_narrow_M-800_TuneCP5_PSweights_13TeV-madgraph-pythia8__RunIIAutumn18NanoAODv6-Nano25Oct2019_102X_upgrade2018_realistic_v20-v1__NANOAODSIM -N Zprime_VBF_Zh_Zinvhinc_narrow_M-800_TuneCP5_PSweights_13TeV-madgraph-pythia8__RunIIAutumn18NanoAODv6-Nano25Oct2019_102X_upgrade2018_realistic_v20-v1__NANOAODSIM -n 0 -c ll -y 2018
TClass::Init:0: RuntimeWarning: no dictionary for class ROOT::TIOFeatures is available
/work/pbaertsc/heavy_resonance/CMSSW_9_4_6/python/PhysicsTools/NanoAODTools/postprocessing/framework/treeReaderArrayTools.py:69: RuntimeWarning: creating executor for unknown type "ULong64_t*"
  ret = _vr.Get()[0]
JEC= Autumn18_V19_MC 	 JER= Autumn18_V7_MC
MET branch= PuppiMET
JEC= Autumn18_V19_MC 	 JER= Autumn18_V7_MC
MET branch= PuppiMET
--------------------------------------------------------------------------------
input files  = ['root://cms-xrd-global.cern.ch//store/mc/RunIIAutumn18NanoAODv6/Zprime_VBF_Zh_Zinvhinc_narrow_M-800_TuneCP5_PSweights_13TeV-madgraph-pythia8/NANOAODSIM/Nano25Oct2019_102X_upgrade2018_realistic_v20-v1/60000/6565D8A9-31C0-F04A-9791-18FCAB8F5A01.root']
output directory = /work/pbaertsc/heavy_resonance/output_2018/Zprime_VBF_Zh_Zinvhinc_narrow_M-800_TuneCP5_PSweights_13TeV-madgraph-pythia8__RunIIAutumn18NanoAODv6-Nano25Oct2019_102X_upgrade2018_realistic_v20-v1__NANOAODSIM
output file  = Zprime_VBF_Zh_Zinvhinc_narrow_M-800_TuneCP5_PSweights_13TeV-madgraph-pythia8__RunIIAutumn18NanoAODv6-Nano25Oct2019_102X_upgrade2018_realistic_v20-v1__NANOAODSIM_0_ll.root
chunck       = 0
channel      = ll
dataType     = mc
year         = 2018
tes          = 1.0
ltf          = 1.0
jtf          = 1.0
--------------------------------------------------------------------------------
job.py: creating PostProcessor...
TreeProducer is called /work/pbaertsc/heavy_resonance/output_2018/Zprime_VBF_Zh_Zinvhinc_narrow_M-800_TuneCP5_PSweights_13TeV-madgraph-pythia8__RunIIAutumn18NanoAODv6-Nano25Oct2019_102X_upgrade2018_realistic_v20-v1__NANOAODSIM/Zprime_VBF_Zh_Zinvhinc_narrow_M-800_TuneCP5_PSweights_13TeV-madgraph-pythia8__RunIIAutumn18NanoAODv6-Nano25Oct2019_102X_upgrade2018_realistic_v20-v1__NANOAODSIM_0_ll.root
job.py: going to run PostProcessor...
Will write selected trees to /work/pbaertsc/heavy_resonance/output_2018/Zprime_VBF_Zh_Zinvhinc_narrow_M-800_TuneCP5_PSweights_13TeV-madgraph-pythia8__RunIIAutumn18NanoAODv6-Nano25Oct2019_102X_upgrade2018_realistic_v20-v1__NANOAODSIM
Loading jet energy scale (JES) uncertainties from file '/tmp/tmpW3O5Vy/Autumn18_V19_MC_Uncertainty_AK4PFchs.txt'
Loading jet energy resolutions (JER) from file '/tmp/tmpLzRPWs/Autumn18_V7_MC_PtResolution_AK4PFchs.txt'
Loading JER scale factors and uncertainties from file '/tmp/tmpLzRPWs/Autumn18_V7_MC_SF_AK4PFchs.txt'
Loading jet energy scale (JES) uncertainties from file '/tmp/tmpKv3mb4/Autumn18_V19_MC_Uncertainty_AK8PFPuppi.txt'
Loading jet energy resolutions (JER) from file '/tmp/tmp7w0Q8Q/Autumn18_V7_MC_PtResolution_AK8PFPuppi.txt'
Loading JER scale factors and uncertainties from file '/tmp/tmp7w0Q8Q/Autumn18_V7_MC_SF_AK8PFPuppi.txt'
Pre-select 100000 entries out of 100000 (100.00%)
nanoAODv5? True
Bad event
Bad event
TtoEM trigger inconsistency
Bad event
TtoEM trigger inconsistency
Bad event
TtoEM trigger inconsistency
TtoEM trigger inconsistency
Processed    10000/  100000 entries, 10.00% (elapsed time   487.6s, curr speed    0.021 kHz, avg speed    0.021 kHz), accepted     3745/   10001 events (37.45%)
Bad event
Bad event
Bad event
Bad event
Bad event
TtoEM trigger inconsistency
TtoEM trigger inconsistency
Bad event
Processed    20000/  100000 entries, 20.00% (elapsed time   998.4s, curr speed    0.020 kHz, avg speed    0.020 kHz), accepted     7527/   20001 events (37.63%)
Bad event
Bad event
Bad event
Bad event
TtoEM trigger inconsistency
Bad event
Bad event
TtoEM trigger inconsistency
Bad event
Bad event
Bad event
Processed    30000/  100000 entries, 30.00% (elapsed time  1484.5s, curr speed    0.021 kHz, avg speed    0.020 kHz), accepted    11254/   30001 events (37.51%)
Bad event
Bad event
Bad event
Bad event
Bad event
TtoEM trigger inconsistency
Processed    40000/  100000 entries, 40.00% (elapsed time  1974.0s, curr speed    0.020 kHz, avg speed    0.020 kHz), accepted    15026/   40001 events (37.56%)
TtoEM trigger inconsistency
Bad event
Bad event
Bad event
Bad event
Bad event
TtoEM trigger inconsistency
Bad event
Bad event
Bad event
Bad event
Processed    50000/  100000 entries, 50.00% (elapsed time  2368.9s, curr speed    0.025 kHz, avg speed    0.021 kHz), accepted    18845/   50001 events (37.69%)
Bad event
Bad event
Bad event
Bad event
Bad event
Processed    60000/  100000 entries, 60.00% (elapsed time  2758.4s, curr speed    0.026 kHz, avg speed    0.022 kHz), accepted    22695/   60001 events (37.82%)
Bad event
Bad event
Bad event
TtoEM trigger inconsistency
Bad event
TtoEM trigger inconsistency
TtoEM trigger inconsistency
Bad event
TtoEM trigger inconsistency
TtoEM trigger inconsistency
Bad event
Processed    70000/  100000 entries, 70.00% (elapsed time  3145.6s, curr speed    0.026 kHz, avg speed    0.022 kHz), accepted    26466/   70001 events (37.81%)
Bad event
TtoEM trigger inconsistency
Bad event
Bad event
Bad event
Bad event
Bad event
Processed    80000/  100000 entries, 80.00% (elapsed time  3627.6s, curr speed    0.021 kHz, avg speed    0.022 kHz), accepted    30341/   80001 events (37.93%)
ZtoMM trigger inconsistency
Bad event
TtoEM trigger inconsistency
Bad event
Bad event
TtoEM trigger inconsistency
Processed    90000/  100000 entries, 90.00% (elapsed time  4133.0s, curr speed    0.020 kHz, avg speed    0.022 kHz), accepted    34159/   90001 events (37.95%)
Bad event
Bad event
Bad event
Bad event
Bad event
Bad event
Processed 100000 preselected entries from root://cms-xrd-global.cern.ch//store/mc/RunIIAutumn18NanoAODv6/Zprime_VBF_Zh_Zinvhinc_narrow_M-800_TuneCP5_PSweights_13TeV-madgraph-pythia8/NANOAODSIM/Nano25Oct2019_102X_upgrade2018_realistic_v20-v1/60000/6565D8A9-31C0-F04A-9791-18FCAB8F5A01.root (100000 entries). Finally selected 37885 entries
Done /work/pbaertsc/heavy_resonance/output_2018/Zprime_VBF_Zh_Zinvhinc_narrow_M-800_TuneCP5_PSweights_13TeV-madgraph-pythia8__RunIIAutumn18NanoAODv6-Nano25Oct2019_102X_upgrade2018_realistic_v20-v1__NANOAODSIM/6565D8A9-31C0-F04A-9791-18FCAB8F5A01.root
20.6714500402 Hz
deleting root file with name: /work/pbaertsc/heavy_resonance/output_2018/Zprime_VBF_Zh_Zinvhinc_narrow_M-800_TuneCP5_PSweights_13TeV-madgraph-pythia8__RunIIAutumn18NanoAODv6-Nano25Oct2019_102X_upgrade2018_realistic_v20-v1__NANOAODSIM/6565D8A9-31C0-F04A-9791-18FCAB8F5A01.root
DONE
Complete at
Thu Jan 30 19:50:15 CET 2020
