job start at
Thu Jan 30 19:14:10 CET 2020
SLURM_JOB_ID: 437514
HOSTNAME: t3wn43
JOBLIST:joblist/joblist_ZH_HToBB_ZToNuNu_M125_13TeV_powheg_pythia8__RunIIAutumn18NanoAODv6-Nano25Oct2019_102X_upgrade2018_realistic_v20-v1__NANOAODSIM_ll.txt
Going to execute
python job.py -i root://cms-xrd-global.cern.ch//store/mc/RunIIAutumn18NanoAODv6/ZH_HToBB_ZToNuNu_M125_13TeV_powheg_pythia8/NANOAODSIM/Nano25Oct2019_102X_upgrade2018_realistic_v20-v1/240000/4AB03948-9D61-394C-B548-5749548646E2.root -o /work/pbaertsc/heavy_resonance/output_2018/ZH_HToBB_ZToNuNu_M125_13TeV_powheg_pythia8__RunIIAutumn18NanoAODv6-Nano25Oct2019_102X_upgrade2018_realistic_v20-v1__NANOAODSIM -N ZH_HToBB_ZToNuNu_M125_13TeV_powheg_pythia8__RunIIAutumn18NanoAODv6-Nano25Oct2019_102X_upgrade2018_realistic_v20-v1__NANOAODSIM -n 4 -c ll -y 2018
TClass::Init:0: RuntimeWarning: no dictionary for class ROOT::TIOFeatures is available
/work/pbaertsc/heavy_resonance/CMSSW_9_4_6/python/PhysicsTools/NanoAODTools/postprocessing/framework/treeReaderArrayTools.py:69: RuntimeWarning: creating executor for unknown type "ULong64_t*"
  ret = _vr.Get()[0]
JEC= Autumn18_V19_MC 	 JER= Autumn18_V7_MC
MET branch= PuppiMET
JEC= Autumn18_V19_MC 	 JER= Autumn18_V7_MC
MET branch= PuppiMET
--------------------------------------------------------------------------------
input files  = ['root://cms-xrd-global.cern.ch//store/mc/RunIIAutumn18NanoAODv6/ZH_HToBB_ZToNuNu_M125_13TeV_powheg_pythia8/NANOAODSIM/Nano25Oct2019_102X_upgrade2018_realistic_v20-v1/240000/4AB03948-9D61-394C-B548-5749548646E2.root']
output directory = /work/pbaertsc/heavy_resonance/output_2018/ZH_HToBB_ZToNuNu_M125_13TeV_powheg_pythia8__RunIIAutumn18NanoAODv6-Nano25Oct2019_102X_upgrade2018_realistic_v20-v1__NANOAODSIM
output file  = ZH_HToBB_ZToNuNu_M125_13TeV_powheg_pythia8__RunIIAutumn18NanoAODv6-Nano25Oct2019_102X_upgrade2018_realistic_v20-v1__NANOAODSIM_4_ll.root
chunck       = 4
channel      = ll
dataType     = mc
year         = 2018
tes          = 1.0
ltf          = 1.0
jtf          = 1.0
--------------------------------------------------------------------------------
job.py: creating PostProcessor...
TreeProducer is called /work/pbaertsc/heavy_resonance/output_2018/ZH_HToBB_ZToNuNu_M125_13TeV_powheg_pythia8__RunIIAutumn18NanoAODv6-Nano25Oct2019_102X_upgrade2018_realistic_v20-v1__NANOAODSIM/ZH_HToBB_ZToNuNu_M125_13TeV_powheg_pythia8__RunIIAutumn18NanoAODv6-Nano25Oct2019_102X_upgrade2018_realistic_v20-v1__NANOAODSIM_4_ll.root
job.py: going to run PostProcessor...
Will write selected trees to /work/pbaertsc/heavy_resonance/output_2018/ZH_HToBB_ZToNuNu_M125_13TeV_powheg_pythia8__RunIIAutumn18NanoAODv6-Nano25Oct2019_102X_upgrade2018_realistic_v20-v1__NANOAODSIM
Loading jet energy scale (JES) uncertainties from file '/tmp/tmpACH0bH/Autumn18_V19_MC_Uncertainty_AK4PFchs.txt'
Loading jet energy resolutions (JER) from file '/tmp/tmpD29R51/Autumn18_V7_MC_PtResolution_AK4PFchs.txt'
Loading JER scale factors and uncertainties from file '/tmp/tmpD29R51/Autumn18_V7_MC_SF_AK4PFchs.txt'
Loading jet energy scale (JES) uncertainties from file '/tmp/tmppMSmau/Autumn18_V19_MC_Uncertainty_AK8PFPuppi.txt'
Loading jet energy resolutions (JER) from file '/tmp/tmpcvEHnA/Autumn18_V7_MC_PtResolution_AK8PFPuppi.txt'
Loading JER scale factors and uncertainties from file '/tmp/tmpcvEHnA/Autumn18_V7_MC_SF_AK8PFPuppi.txt'
Pre-select 1217150 entries out of 1217150 (100.00%)
nanoAODv5? True
Processed    10000/ 1217150 entries,  0.82% (elapsed time   292.4s, curr speed    0.034 kHz, avg speed    0.034 kHz), accepted      205/   10001 events ( 2.05%)
Processed    20000/ 1217150 entries,  1.64% (elapsed time   573.3s, curr speed    0.036 kHz, avg speed    0.035 kHz), accepted      424/   20001 events ( 2.12%)
Processed    30000/ 1217150 entries,  2.46% (elapsed time   835.4s, curr speed    0.038 kHz, avg speed    0.036 kHz), accepted      633/   30001 events ( 2.11%)
Processed    40000/ 1217150 entries,  3.29% (elapsed time  1124.0s, curr speed    0.035 kHz, avg speed    0.036 kHz), accepted      836/   40001 events ( 2.09%)
Processed    50000/ 1217150 entries,  4.11% (elapsed time  1405.4s, curr speed    0.036 kHz, avg speed    0.036 kHz), accepted     1034/   50001 events ( 2.07%)
Processed    60000/ 1217150 entries,  4.93% (elapsed time  1687.9s, curr speed    0.035 kHz, avg speed    0.036 kHz), accepted     1226/   60001 events ( 2.04%)
Processed    70000/ 1217150 entries,  5.75% (elapsed time  1964.7s, curr speed    0.036 kHz, avg speed    0.036 kHz), accepted     1415/   70001 events ( 2.02%)
Processed    80000/ 1217150 entries,  6.57% (elapsed time  2235.8s, curr speed    0.037 kHz, avg speed    0.036 kHz), accepted     1626/   80001 events ( 2.03%)
Processed    90000/ 1217150 entries,  7.39% (elapsed time  2517.1s, curr speed    0.036 kHz, avg speed    0.036 kHz), accepted     1841/   90001 events ( 2.05%)
Processed   100000/ 1217150 entries,  8.22% (elapsed time  2805.6s, curr speed    0.035 kHz, avg speed    0.036 kHz), accepted     2065/  100001 events ( 2.06%)
Processed   110000/ 1217150 entries,  9.04% (elapsed time  3085.6s, curr speed    0.036 kHz, avg speed    0.036 kHz), accepted     2264/  110001 events ( 2.06%)
Processed   120000/ 1217150 entries,  9.86% (elapsed time  3338.1s, curr speed    0.040 kHz, avg speed    0.036 kHz), accepted     2464/  120001 events ( 2.05%)
Bad event
Processed   130000/ 1217150 entries, 10.68% (elapsed time  3606.6s, curr speed    0.037 kHz, avg speed    0.036 kHz), accepted     2648/  130001 events ( 2.04%)
Processed   140000/ 1217150 entries, 11.50% (elapsed time  3870.0s, curr speed    0.038 kHz, avg speed    0.036 kHz), accepted     2862/  140001 events ( 2.04%)
Processed   150000/ 1217150 entries, 12.32% (elapsed time  4152.8s, curr speed    0.035 kHz, avg speed    0.036 kHz), accepted     3050/  150001 events ( 2.03%)
Processed   160000/ 1217150 entries, 13.15% (elapsed time  4426.7s, curr speed    0.037 kHz, avg speed    0.036 kHz), accepted     3254/  160001 events ( 2.03%)
Processed   170000/ 1217150 entries, 13.97% (elapsed time  4677.4s, curr speed    0.040 kHz, avg speed    0.036 kHz), accepted     3466/  170001 events ( 2.04%)
Processed   180000/ 1217150 entries, 14.79% (elapsed time  4950.4s, curr speed    0.037 kHz, avg speed    0.036 kHz), accepted     3664/  180001 events ( 2.04%)
Processed   190000/ 1217150 entries, 15.61% (elapsed time  5223.8s, curr speed    0.037 kHz, avg speed    0.036 kHz), accepted     3873/  190001 events ( 2.04%)
Processed   200000/ 1217150 entries, 16.43% (elapsed time  5504.4s, curr speed    0.036 kHz, avg speed    0.036 kHz), accepted     4106/  200001 events ( 2.05%)
Processed   210000/ 1217150 entries, 17.25% (elapsed time  5767.0s, curr speed    0.038 kHz, avg speed    0.036 kHz), accepted     4309/  210001 events ( 2.05%)
Processed   220000/ 1217150 entries, 18.08% (elapsed time  6022.3s, curr speed    0.039 kHz, avg speed    0.037 kHz), accepted     4493/  220001 events ( 2.04%)
Bad event
Processed   230000/ 1217150 entries, 18.90% (elapsed time  6300.1s, curr speed    0.036 kHz, avg speed    0.037 kHz), accepted     4714/  230001 events ( 2.05%)
Processed   240000/ 1217150 entries, 19.72% (elapsed time  6570.4s, curr speed    0.037 kHz, avg speed    0.037 kHz), accepted     4938/  240001 events ( 2.06%)
Processed   250000/ 1217150 entries, 20.54% (elapsed time  6826.3s, curr speed    0.039 kHz, avg speed    0.037 kHz), accepted     5142/  250001 events ( 2.06%)
Processed   260000/ 1217150 entries, 21.36% (elapsed time  7113.9s, curr speed    0.035 kHz, avg speed    0.037 kHz), accepted     5348/  260001 events ( 2.06%)
Bad event
Processed   270000/ 1217150 entries, 22.18% (elapsed time  7394.9s, curr speed    0.036 kHz, avg speed    0.037 kHz), accepted     5541/  270001 events ( 2.05%)
Processed   280000/ 1217150 entries, 23.00% (elapsed time  7668.3s, curr speed    0.037 kHz, avg speed    0.037 kHz), accepted     5732/  280001 events ( 2.05%)
Processed   290000/ 1217150 entries, 23.83% (elapsed time  7932.0s, curr speed    0.038 kHz, avg speed    0.037 kHz), accepted     5939/  290001 events ( 2.05%)
Processed   300000/ 1217150 entries, 24.65% (elapsed time  8198.6s, curr speed    0.038 kHz, avg speed    0.037 kHz), accepted     6147/  300001 events ( 2.05%)
Processed   310000/ 1217150 entries, 25.47% (elapsed time  8483.2s, curr speed    0.035 kHz, avg speed    0.037 kHz), accepted     6336/  310001 events ( 2.04%)
%MSG-e SimpleJetCorrectionUncertainty: 
 bin variables out of range
%MSG
%MSG-e SimpleJetCorrectionUncertainty: 
 bin variables out of range
%MSG
Processed   320000/ 1217150 entries, 26.29% (elapsed time  8755.3s, curr speed    0.037 kHz, avg speed    0.037 kHz), accepted     6526/  320001 events ( 2.04%)
Processed   330000/ 1217150 entries, 27.11% (elapsed time  9037.8s, curr speed    0.035 kHz, avg speed    0.037 kHz), accepted     6744/  330001 events ( 2.04%)
Processed   340000/ 1217150 entries, 27.93% (elapsed time  9292.1s, curr speed    0.039 kHz, avg speed    0.037 kHz), accepted     6950/  340001 events ( 2.04%)
Processed   350000/ 1217150 entries, 28.76% (elapsed time  9562.4s, curr speed    0.037 kHz, avg speed    0.037 kHz), accepted     7168/  350001 events ( 2.05%)
Processed   360000/ 1217150 entries, 29.58% (elapsed time  9840.0s, curr speed    0.036 kHz, avg speed    0.037 kHz), accepted     7401/  360001 events ( 2.06%)
Processed   370000/ 1217150 entries, 30.40% (elapsed time 10129.5s, curr speed    0.035 kHz, avg speed    0.037 kHz), accepted     7605/  370001 events ( 2.06%)
Processed   380000/ 1217150 entries, 31.22% (elapsed time 10404.8s, curr speed    0.036 kHz, avg speed    0.037 kHz), accepted     7804/  380001 events ( 2.05%)
Processed   390000/ 1217150 entries, 32.04% (elapsed time 10662.7s, curr speed    0.039 kHz, avg speed    0.037 kHz), accepted     8025/  390001 events ( 2.06%)
Processed   400000/ 1217150 entries, 32.86% (elapsed time 10932.9s, curr speed    0.037 kHz, avg speed    0.037 kHz), accepted     8234/  400001 events ( 2.06%)
Processed   410000/ 1217150 entries, 33.69% (elapsed time 11210.5s, curr speed    0.036 kHz, avg speed    0.037 kHz), accepted     8435/  410001 events ( 2.06%)
Processed   420000/ 1217150 entries, 34.51% (elapsed time 11499.4s, curr speed    0.035 kHz, avg speed    0.037 kHz), accepted     8642/  420001 events ( 2.06%)
Bad event
Processed   430000/ 1217150 entries, 35.33% (elapsed time 11764.1s, curr speed    0.038 kHz, avg speed    0.037 kHz), accepted     8834/  430001 events ( 2.05%)
Bad event
Processed   440000/ 1217150 entries, 36.15% (elapsed time 12035.8s, curr speed    0.037 kHz, avg speed    0.037 kHz), accepted     9027/  440001 events ( 2.05%)
Processed   450000/ 1217150 entries, 36.97% (elapsed time 12300.3s, curr speed    0.038 kHz, avg speed    0.037 kHz), accepted     9245/  450001 events ( 2.05%)
Processed   460000/ 1217150 entries, 37.79% (elapsed time 12580.0s, curr speed    0.036 kHz, avg speed    0.037 kHz), accepted     9436/  460001 events ( 2.05%)
Processed   470000/ 1217150 entries, 38.61% (elapsed time 12863.1s, curr speed    0.035 kHz, avg speed    0.037 kHz), accepted     9665/  470001 events ( 2.06%)
Processed   480000/ 1217150 entries, 39.44% (elapsed time 13119.0s, curr speed    0.039 kHz, avg speed    0.037 kHz), accepted     9885/  480001 events ( 2.06%)
Processed   490000/ 1217150 entries, 40.26% (elapsed time 13394.8s, curr speed    0.036 kHz, avg speed    0.037 kHz), accepted    10103/  490001 events ( 2.06%)
Bad event
Processed   500000/ 1217150 entries, 41.08% (elapsed time 13674.7s, curr speed    0.036 kHz, avg speed    0.037 kHz), accepted    10323/  500001 events ( 2.06%)
Processed   510000/ 1217150 entries, 41.90% (elapsed time 13955.5s, curr speed    0.036 kHz, avg speed    0.037 kHz), accepted    10526/  510001 events ( 2.06%)
Processed   520000/ 1217150 entries, 42.72% (elapsed time 14228.7s, curr speed    0.037 kHz, avg speed    0.037 kHz), accepted    10714/  520001 events ( 2.06%)
Bad event
Processed   530000/ 1217150 entries, 43.54% (elapsed time 14479.5s, curr speed    0.040 kHz, avg speed    0.037 kHz), accepted    10923/  530001 events ( 2.06%)
Bad event
Bad event
Processed   540000/ 1217150 entries, 44.37% (elapsed time 14756.9s, curr speed    0.036 kHz, avg speed    0.037 kHz), accepted    11128/  540001 events ( 2.06%)
Processed   550000/ 1217150 entries, 45.19% (elapsed time 15028.3s, curr speed    0.037 kHz, avg speed    0.037 kHz), accepted    11358/  550001 events ( 2.07%)
Processed   560000/ 1217150 entries, 46.01% (elapsed time 15282.5s, curr speed    0.039 kHz, avg speed    0.037 kHz), accepted    11551/  560001 events ( 2.06%)
Processed   570000/ 1217150 entries, 46.83% (elapsed time 15547.7s, curr speed    0.038 kHz, avg speed    0.037 kHz), accepted    11728/  570001 events ( 2.06%)
Bad event
Processed   580000/ 1217150 entries, 47.65% (elapsed time 15815.3s, curr speed    0.037 kHz, avg speed    0.037 kHz), accepted    11937/  580001 events ( 2.06%)
Processed   590000/ 1217150 entries, 48.47% (elapsed time 16105.4s, curr speed    0.034 kHz, avg speed    0.037 kHz), accepted    12146/  590001 events ( 2.06%)
Processed   600000/ 1217150 entries, 49.30% (elapsed time 16375.3s, curr speed    0.037 kHz, avg speed    0.037 kHz), accepted    12351/  600001 events ( 2.06%)
Processed   610000/ 1217150 entries, 50.12% (elapsed time 16647.8s, curr speed    0.037 kHz, avg speed    0.037 kHz), accepted    12556/  610001 events ( 2.06%)
Processed   620000/ 1217150 entries, 50.94% (elapsed time 16909.2s, curr speed    0.038 kHz, avg speed    0.037 kHz), accepted    12769/  620001 events ( 2.06%)
Bad event
Processed   630000/ 1217150 entries, 51.76% (elapsed time 17182.7s, curr speed    0.037 kHz, avg speed    0.037 kHz), accepted    12981/  630001 events ( 2.06%)
Processed   640000/ 1217150 entries, 52.58% (elapsed time 17458.8s, curr speed    0.036 kHz, avg speed    0.037 kHz), accepted    13189/  640001 events ( 2.06%)
Processed   650000/ 1217150 entries, 53.40% (elapsed time 17721.4s, curr speed    0.038 kHz, avg speed    0.037 kHz), accepted    13398/  650001 events ( 2.06%)
Processed   660000/ 1217150 entries, 54.23% (elapsed time 17991.0s, curr speed    0.037 kHz, avg speed    0.037 kHz), accepted    13615/  660001 events ( 2.06%)
Processed   670000/ 1217150 entries, 55.05% (elapsed time 18282.2s, curr speed    0.034 kHz, avg speed    0.037 kHz), accepted    13829/  670001 events ( 2.06%)
Processed   680000/ 1217150 entries, 55.87% (elapsed time 18549.7s, curr speed    0.037 kHz, avg speed    0.037 kHz), accepted    14041/  680001 events ( 2.06%)
Bad event
Processed   690000/ 1217150 entries, 56.69% (elapsed time 18812.3s, curr speed    0.038 kHz, avg speed    0.037 kHz), accepted    14266/  690001 events ( 2.07%)
Processed   700000/ 1217150 entries, 57.51% (elapsed time 19061.5s, curr speed    0.040 kHz, avg speed    0.037 kHz), accepted    14486/  700001 events ( 2.07%)
Bad event
Processed   710000/ 1217150 entries, 58.33% (elapsed time 19328.3s, curr speed    0.037 kHz, avg speed    0.037 kHz), accepted    14666/  710001 events ( 2.07%)
Processed   720000/ 1217150 entries, 59.15% (elapsed time 19597.6s, curr speed    0.037 kHz, avg speed    0.037 kHz), accepted    14868/  720001 events ( 2.06%)
Processed   730000/ 1217150 entries, 59.98% (elapsed time 19842.7s, curr speed    0.041 kHz, avg speed    0.037 kHz), accepted    15082/  730001 events ( 2.07%)
Processed   740000/ 1217150 entries, 60.80% (elapsed time 20094.5s, curr speed    0.040 kHz, avg speed    0.037 kHz), accepted    15263/  740001 events ( 2.06%)
Processed   750000/ 1217150 entries, 61.62% (elapsed time 20345.5s, curr speed    0.040 kHz, avg speed    0.037 kHz), accepted    15463/  750001 events ( 2.06%)
Processed   760000/ 1217150 entries, 62.44% (elapsed time 20619.0s, curr speed    0.037 kHz, avg speed    0.037 kHz), accepted    15666/  760001 events ( 2.06%)
Processed   770000/ 1217150 entries, 63.26% (elapsed time 20880.3s, curr speed    0.038 kHz, avg speed    0.037 kHz), accepted    15895/  770001 events ( 2.06%)
Processed   780000/ 1217150 entries, 64.08% (elapsed time 21143.5s, curr speed    0.038 kHz, avg speed    0.037 kHz), accepted    16117/  780001 events ( 2.07%)
Processed   790000/ 1217150 entries, 64.91% (elapsed time 21389.2s, curr speed    0.041 kHz, avg speed    0.037 kHz), accepted    16303/  790001 events ( 2.06%)
Bad event
Processed   800000/ 1217150 entries, 65.73% (elapsed time 21634.7s, curr speed    0.041 kHz, avg speed    0.037 kHz), accepted    16514/  800001 events ( 2.06%)
Processed   810000/ 1217150 entries, 66.55% (elapsed time 21892.4s, curr speed    0.039 kHz, avg speed    0.037 kHz), accepted    16714/  810001 events ( 2.06%)
Processed   820000/ 1217150 entries, 67.37% (elapsed time 22148.3s, curr speed    0.039 kHz, avg speed    0.037 kHz), accepted    16919/  820001 events ( 2.06%)
Processed   830000/ 1217150 entries, 68.19% (elapsed time 22402.0s, curr speed    0.039 kHz, avg speed    0.037 kHz), accepted    17145/  830001 events ( 2.07%)
Processed   840000/ 1217150 entries, 69.01% (elapsed time 22640.1s, curr speed    0.042 kHz, avg speed    0.037 kHz), accepted    17362/  840001 events ( 2.07%)
Processed   850000/ 1217150 entries, 69.84% (elapsed time 22896.1s, curr speed    0.039 kHz, avg speed    0.037 kHz), accepted    17585/  850001 events ( 2.07%)
Processed   860000/ 1217150 entries, 70.66% (elapsed time 23158.6s, curr speed    0.038 kHz, avg speed    0.037 kHz), accepted    17813/  860001 events ( 2.07%)
Processed   870000/ 1217150 entries, 71.48% (elapsed time 23392.1s, curr speed    0.043 kHz, avg speed    0.037 kHz), accepted    18004/  870001 events ( 2.07%)
Processed   880000/ 1217150 entries, 72.30% (elapsed time 23640.0s, curr speed    0.040 kHz, avg speed    0.037 kHz), accepted    18205/  880001 events ( 2.07%)
Processed   890000/ 1217150 entries, 73.12% (elapsed time 23882.3s, curr speed    0.041 kHz, avg speed    0.037 kHz), accepted    18408/  890001 events ( 2.07%)
Processed   900000/ 1217150 entries, 73.94% (elapsed time 24136.9s, curr speed    0.039 kHz, avg speed    0.037 kHz), accepted    18618/  900001 events ( 2.07%)
Processed   910000/ 1217150 entries, 74.76% (elapsed time 24379.3s, curr speed    0.041 kHz, avg speed    0.037 kHz), accepted    18835/  910001 events ( 2.07%)
Processed   920000/ 1217150 entries, 75.59% (elapsed time 24619.9s, curr speed    0.042 kHz, avg speed    0.037 kHz), accepted    19047/  920001 events ( 2.07%)
Bad event
Processed   930000/ 1217150 entries, 76.41% (elapsed time 24874.5s, curr speed    0.039 kHz, avg speed    0.037 kHz), accepted    19273/  930001 events ( 2.07%)
Processed   940000/ 1217150 entries, 77.23% (elapsed time 25127.6s, curr speed    0.040 kHz, avg speed    0.037 kHz), accepted    19474/  940001 events ( 2.07%)
Bad event
Processed   950000/ 1217150 entries, 78.05% (elapsed time 25358.1s, curr speed    0.043 kHz, avg speed    0.037 kHz), accepted    19692/  950001 events ( 2.07%)
Processed   960000/ 1217150 entries, 78.87% (elapsed time 25609.8s, curr speed    0.040 kHz, avg speed    0.037 kHz), accepted    19884/  960001 events ( 2.07%)
Processed   970000/ 1217150 entries, 79.69% (elapsed time 25876.2s, curr speed    0.038 kHz, avg speed    0.037 kHz), accepted    20084/  970001 events ( 2.07%)
Processed   980000/ 1217150 entries, 80.52% (elapsed time 26117.6s, curr speed    0.041 kHz, avg speed    0.038 kHz), accepted    20285/  980001 events ( 2.07%)
Bad event
Processed   990000/ 1217150 entries, 81.34% (elapsed time 26368.1s, curr speed    0.040 kHz, avg speed    0.038 kHz), accepted    20498/  990001 events ( 2.07%)
Processed  1000000/ 1217150 entries, 82.16% (elapsed time 26611.5s, curr speed    0.041 kHz, avg speed    0.038 kHz), accepted    20713/ 1000001 events ( 2.07%)
Processed  1010000/ 1217150 entries, 82.98% (elapsed time 26856.8s, curr speed    0.041 kHz, avg speed    0.038 kHz), accepted    20906/ 1010001 events ( 2.07%)
Processed  1020000/ 1217150 entries, 83.80% (elapsed time 27066.3s, curr speed    0.048 kHz, avg speed    0.038 kHz), accepted    21108/ 1020001 events ( 2.07%)
Processed  1030000/ 1217150 entries, 84.62% (elapsed time 27272.9s, curr speed    0.048 kHz, avg speed    0.038 kHz), accepted    21334/ 1030001 events ( 2.07%)
Bad event
Bad event
Processed  1040000/ 1217150 entries, 85.45% (elapsed time 27478.7s, curr speed    0.049 kHz, avg speed    0.038 kHz), accepted    21516/ 1040001 events ( 2.07%)
TtoEM trigger inconsistency
Processed  1050000/ 1217150 entries, 86.27% (elapsed time 27675.8s, curr speed    0.051 kHz, avg speed    0.038 kHz), accepted    21705/ 1050001 events ( 2.07%)
Processed  1060000/ 1217150 entries, 87.09% (elapsed time 27871.2s, curr speed    0.051 kHz, avg speed    0.038 kHz), accepted    21898/ 1060001 events ( 2.07%)
Bad event
Bad event
Processed  1070000/ 1217150 entries, 87.91% (elapsed time 28066.8s, curr speed    0.051 kHz, avg speed    0.038 kHz), accepted    22107/ 1070001 events ( 2.07%)
Processed  1080000/ 1217150 entries, 88.73% (elapsed time 28260.0s, curr speed    0.052 kHz, avg speed    0.038 kHz), accepted    22278/ 1080001 events ( 2.06%)
Processed  1090000/ 1217150 entries, 89.55% (elapsed time 28450.8s, curr speed    0.052 kHz, avg speed    0.038 kHz), accepted    22476/ 1090001 events ( 2.06%)
Processed  1100000/ 1217150 entries, 90.38% (elapsed time 28644.0s, curr speed    0.052 kHz, avg speed    0.038 kHz), accepted    22655/ 1100001 events ( 2.06%)
Bad event
Processed  1110000/ 1217150 entries, 91.20% (elapsed time 28833.8s, curr speed    0.053 kHz, avg speed    0.038 kHz), accepted    22845/ 1110001 events ( 2.06%)
Processed  1120000/ 1217150 entries, 92.02% (elapsed time 29021.7s, curr speed    0.053 kHz, avg speed    0.039 kHz), accepted    23047/ 1120001 events ( 2.06%)
Processed  1130000/ 1217150 entries, 92.84% (elapsed time 29200.0s, curr speed    0.056 kHz, avg speed    0.039 kHz), accepted    23244/ 1130001 events ( 2.06%)
Processed  1140000/ 1217150 entries, 93.66% (elapsed time 29378.2s, curr speed    0.056 kHz, avg speed    0.039 kHz), accepted    23452/ 1140001 events ( 2.06%)
Processed  1150000/ 1217150 entries, 94.48% (elapsed time 29560.3s, curr speed    0.055 kHz, avg speed    0.039 kHz), accepted    23670/ 1150001 events ( 2.06%)
Processed  1160000/ 1217150 entries, 95.30% (elapsed time 29740.6s, curr speed    0.055 kHz, avg speed    0.039 kHz), accepted    23879/ 1160001 events ( 2.06%)
Processed  1170000/ 1217150 entries, 96.13% (elapsed time 29920.0s, curr speed    0.056 kHz, avg speed    0.039 kHz), accepted    24109/ 1170001 events ( 2.06%)
Processed  1180000/ 1217150 entries, 96.95% (elapsed time 30100.2s, curr speed    0.055 kHz, avg speed    0.039 kHz), accepted    24323/ 1180001 events ( 2.06%)
Processed  1190000/ 1217150 entries, 97.77% (elapsed time 30279.8s, curr speed    0.056 kHz, avg speed    0.039 kHz), accepted    24530/ 1190001 events ( 2.06%)
Processed  1200000/ 1217150 entries, 98.59% (elapsed time 30455.2s, curr speed    0.057 kHz, avg speed    0.039 kHz), accepted    24744/ 1200001 events ( 2.06%)
Processed  1210000/ 1217150 entries, 99.41% (elapsed time 30635.2s, curr speed    0.056 kHz, avg speed    0.039 kHz), accepted    24963/ 1210001 events ( 2.06%)
Processed 1217150 preselected entries from root://cms-xrd-global.cern.ch//store/mc/RunIIAutumn18NanoAODv6/ZH_HToBB_ZToNuNu_M125_13TeV_powheg_pythia8/NANOAODSIM/Nano25Oct2019_102X_upgrade2018_realistic_v20-v1/240000/4AB03948-9D61-394C-B548-5749548646E2.root (1217150 entries). Finally selected 25107 entries
Done /work/pbaertsc/heavy_resonance/output_2018/ZH_HToBB_ZToNuNu_M125_13TeV_powheg_pythia8__RunIIAutumn18NanoAODv6-Nano25Oct2019_102X_upgrade2018_realistic_v20-v1__NANOAODSIM/4AB03948-9D61-394C-B548-5749548646E2.root
39.4594622633 Hz
deleting root file with name: /work/pbaertsc/heavy_resonance/output_2018/ZH_HToBB_ZToNuNu_M125_13TeV_powheg_pythia8__RunIIAutumn18NanoAODv6-Nano25Oct2019_102X_upgrade2018_realistic_v20-v1__NANOAODSIM/4AB03948-9D61-394C-B548-5749548646E2.root
DONE
Complete at
Fri Jan 31 08:53:24 CET 2020
