job start at
Thu Jan 30 19:15:08 CET 2020
SLURM_JOB_ID: 437652
HOSTNAME: t3wn52
JOBLIST:joblist/joblist_GluGluHToBB_M125_13TeV_amcatnloFXFX_pythia8__RunIIFall17NanoAODv6-PU2017_12Apr2018_Nano25Oct2019_102X_mc2017_realistic_v7-v1__NANOAODSIM_ll.txt
Going to execute
python job.py -i root://cms-xrd-global.cern.ch//store/mc/RunIIFall17NanoAODv6/GluGluHToBB_M125_13TeV_amcatnloFXFX_pythia8/NANOAODSIM/PU2017_12Apr2018_Nano25Oct2019_102X_mc2017_realistic_v7-v1/280000/3750C5E5-6C9D-194F-ADAA-869249E90B7D.root -o /work/pbaertsc/heavy_resonance/output_2017/GluGluHToBB_M125_13TeV_amcatnloFXFX_pythia8__RunIIFall17NanoAODv6-PU2017_12Apr2018_Nano25Oct2019_102X_mc2017_realistic_v7-v1__NANOAODSIM -N GluGluHToBB_M125_13TeV_amcatnloFXFX_pythia8__RunIIFall17NanoAODv6-PU2017_12Apr2018_Nano25Oct2019_102X_mc2017_realistic_v7-v1__NANOAODSIM -n 9 -c ll -y 2017
JEC= Fall17_17Nov2017_V32_MC 	 JER= Fall17_V3_MC
MET branch= PuppiMET
JEC= Fall17_17Nov2017_V32_MC 	 JER= Fall17_V3_MC
MET branch= PuppiMET
--------------------------------------------------------------------------------
input files  = ['root://cms-xrd-global.cern.ch//store/mc/RunIIFall17NanoAODv6/GluGluHToBB_M125_13TeV_amcatnloFXFX_pythia8/NANOAODSIM/PU2017_12Apr2018_Nano25Oct2019_102X_mc2017_realistic_v7-v1/280000/3750C5E5-6C9D-194F-ADAA-869249E90B7D.root']
output directory = /work/pbaertsc/heavy_resonance/output_2017/GluGluHToBB_M125_13TeV_amcatnloFXFX_pythia8__RunIIFall17NanoAODv6-PU2017_12Apr2018_Nano25Oct2019_102X_mc2017_realistic_v7-v1__NANOAODSIM
output file  = GluGluHToBB_M125_13TeV_amcatnloFXFX_pythia8__RunIIFall17NanoAODv6-PU2017_12Apr2018_Nano25Oct2019_102X_mc2017_realistic_v7-v1__NANOAODSIM_9_ll.root
chunck       = 9
channel      = ll
dataType     = mc
year         = 2017
tes          = 1.0
ltf          = 1.0
jtf          = 1.0
--------------------------------------------------------------------------------
job.py: creating PostProcessor...
TreeProducer is called /work/pbaertsc/heavy_resonance/output_2017/GluGluHToBB_M125_13TeV_amcatnloFXFX_pythia8__RunIIFall17NanoAODv6-PU2017_12Apr2018_Nano25Oct2019_102X_mc2017_realistic_v7-v1__NANOAODSIM/GluGluHToBB_M125_13TeV_amcatnloFXFX_pythia8__RunIIFall17NanoAODv6-PU2017_12Apr2018_Nano25Oct2019_102X_mc2017_realistic_v7-v1__NANOAODSIM_9_ll.root
job.py: going to run PostProcessor...
Will write selected trees to /work/pbaertsc/heavy_resonance/output_2017/GluGluHToBB_M125_13TeV_amcatnloFXFX_pythia8__RunIIFall17NanoAODv6-PU2017_12Apr2018_Nano25Oct2019_102X_mc2017_realistic_v7-v1__NANOAODSIM
Loading jet energy scale (JES) uncertainties from file '/tmp/tmpbzWohn/Fall17_17Nov2017_V32_MC_Uncertainty_AK4PFchs.txt'
Loading jet energy resolutions (JER) from file '/tmp/tmpMS8ycV/Fall17_V3_MC_PtResolution_AK4PFchs.txt'
Loading JER scale factors and uncertainties from file '/tmp/tmpMS8ycV/Fall17_V3_MC_SF_AK4PFchs.txt'
Loading jet energy scale (JES) uncertainties from file '/tmp/tmpQtnh7B/Fall17_17Nov2017_V32_MC_Uncertainty_AK8PFPuppi.txt'
Loading jet energy resolutions (JER) from file '/tmp/tmpwGVPNM/Fall17_V3_MC_PtResolution_AK8PFPuppi.txt'
Loading JER scale factors and uncertainties from file '/tmp/tmpwGVPNM/Fall17_V3_MC_SF_AK8PFPuppi.txt'
200130 19:24:16 64962 secgsi_GetCA: CA entry for '5e02f50a.0:1' needs refreshing: clean the related entry cache first
200130 19:24:16 64962 secgsi_GetCA: CRL entry for '5e02f50a.0:1' needs refreshing: clean the related entry cache first (0x2b47b4012270)
TClass::Init:0: RuntimeWarning: no dictionary for class ROOT::TIOFeatures is available
/work/pbaertsc/heavy_resonance/CMSSW_9_4_6/python/PhysicsTools/NanoAODTools/postprocessing/framework/treeReaderArrayTools.py:69: RuntimeWarning: creating executor for unknown type "ULong64_t*"
  ret = _vr.Get()[0]
Pre-select 573238 entries out of 573238 (100.00%)
nanoAODv5? True
Processed    10000/  573238 entries,  1.74% (elapsed time   190.0s, curr speed    0.053 kHz, avg speed    0.053 kHz), accepted        0/   10001 events ( 0.00%)
Processed    20000/  573238 entries,  3.49% (elapsed time   369.3s, curr speed    0.056 kHz, avg speed    0.054 kHz), accepted        0/   20001 events ( 0.00%)
Processed    30000/  573238 entries,  5.23% (elapsed time   560.7s, curr speed    0.052 kHz, avg speed    0.054 kHz), accepted        0/   30001 events ( 0.00%)
Processed    40000/  573238 entries,  6.98% (elapsed time   741.2s, curr speed    0.055 kHz, avg speed    0.054 kHz), accepted        0/   40001 events ( 0.00%)
Processed    50000/  573238 entries,  8.72% (elapsed time   925.9s, curr speed    0.054 kHz, avg speed    0.054 kHz), accepted        0/   50001 events ( 0.00%)
Processed    60000/  573238 entries, 10.47% (elapsed time  1090.0s, curr speed    0.061 kHz, avg speed    0.055 kHz), accepted        0/   60001 events ( 0.00%)
Processed    70000/  573238 entries, 12.21% (elapsed time  1280.8s, curr speed    0.052 kHz, avg speed    0.055 kHz), accepted        0/   70001 events ( 0.00%)
Processed    80000/  573238 entries, 13.96% (elapsed time  1474.9s, curr speed    0.052 kHz, avg speed    0.054 kHz), accepted        2/   80001 events ( 0.00%)
Processed    90000/  573238 entries, 15.70% (elapsed time  1665.2s, curr speed    0.053 kHz, avg speed    0.054 kHz), accepted        2/   90001 events ( 0.00%)
Processed   100000/  573238 entries, 17.44% (elapsed time  1855.1s, curr speed    0.053 kHz, avg speed    0.054 kHz), accepted        2/  100001 events ( 0.00%)
Processed   110000/  573238 entries, 19.19% (elapsed time  2035.7s, curr speed    0.055 kHz, avg speed    0.054 kHz), accepted        3/  110001 events ( 0.00%)
Processed   120000/  573238 entries, 20.93% (elapsed time  2222.1s, curr speed    0.054 kHz, avg speed    0.054 kHz), accepted        3/  120001 events ( 0.00%)
Processed   130000/  573238 entries, 22.68% (elapsed time  2412.8s, curr speed    0.052 kHz, avg speed    0.054 kHz), accepted        3/  130001 events ( 0.00%)
Processed   140000/  573238 entries, 24.42% (elapsed time  2602.7s, curr speed    0.053 kHz, avg speed    0.054 kHz), accepted        4/  140001 events ( 0.00%)
Processed   150000/  573238 entries, 26.17% (elapsed time  2783.7s, curr speed    0.055 kHz, avg speed    0.054 kHz), accepted        4/  150001 events ( 0.00%)
Processed   160000/  573238 entries, 27.91% (elapsed time  2966.2s, curr speed    0.055 kHz, avg speed    0.054 kHz), accepted        4/  160001 events ( 0.00%)
Processed   170000/  573238 entries, 29.66% (elapsed time  3148.7s, curr speed    0.055 kHz, avg speed    0.054 kHz), accepted        5/  170001 events ( 0.00%)
Processed   180000/  573238 entries, 31.40% (elapsed time  3328.7s, curr speed    0.056 kHz, avg speed    0.054 kHz), accepted        6/  180001 events ( 0.00%)
Processed   190000/  573238 entries, 33.15% (elapsed time  3517.6s, curr speed    0.053 kHz, avg speed    0.054 kHz), accepted        8/  190001 events ( 0.00%)
Processed   200000/  573238 entries, 34.89% (elapsed time  3707.5s, curr speed    0.053 kHz, avg speed    0.054 kHz), accepted        8/  200001 events ( 0.00%)
Processed   210000/  573238 entries, 36.63% (elapsed time  3900.3s, curr speed    0.052 kHz, avg speed    0.054 kHz), accepted        9/  210001 events ( 0.00%)
Processed   220000/  573238 entries, 38.38% (elapsed time  4081.5s, curr speed    0.055 kHz, avg speed    0.054 kHz), accepted        9/  220001 events ( 0.00%)
Processed   230000/  573238 entries, 40.12% (elapsed time  4259.3s, curr speed    0.056 kHz, avg speed    0.054 kHz), accepted        9/  230001 events ( 0.00%)
Processed   240000/  573238 entries, 41.87% (elapsed time  4444.6s, curr speed    0.054 kHz, avg speed    0.054 kHz), accepted        9/  240001 events ( 0.00%)
Processed   250000/  573238 entries, 43.61% (elapsed time  4627.8s, curr speed    0.055 kHz, avg speed    0.054 kHz), accepted        9/  250001 events ( 0.00%)
Processed   260000/  573238 entries, 45.36% (elapsed time  4810.5s, curr speed    0.055 kHz, avg speed    0.054 kHz), accepted       11/  260001 events ( 0.00%)
Processed   270000/  573238 entries, 47.10% (elapsed time  4993.8s, curr speed    0.055 kHz, avg speed    0.054 kHz), accepted       12/  270001 events ( 0.00%)
Processed   280000/  573238 entries, 48.85% (elapsed time  5182.2s, curr speed    0.053 kHz, avg speed    0.054 kHz), accepted       13/  280001 events ( 0.00%)
Processed   290000/  573238 entries, 50.59% (elapsed time  5373.4s, curr speed    0.052 kHz, avg speed    0.054 kHz), accepted       14/  290001 events ( 0.00%)
Processed   300000/  573238 entries, 52.33% (elapsed time  5567.4s, curr speed    0.052 kHz, avg speed    0.054 kHz), accepted       17/  300001 events ( 0.01%)
Processed   310000/  573238 entries, 54.08% (elapsed time  5759.2s, curr speed    0.052 kHz, avg speed    0.054 kHz), accepted       18/  310001 events ( 0.01%)
Processed   320000/  573238 entries, 55.82% (elapsed time  5943.0s, curr speed    0.054 kHz, avg speed    0.054 kHz), accepted       18/  320001 events ( 0.01%)
Processed   330000/  573238 entries, 57.57% (elapsed time  6133.7s, curr speed    0.052 kHz, avg speed    0.054 kHz), accepted       18/  330001 events ( 0.01%)
Processed   340000/  573238 entries, 59.31% (elapsed time  6325.4s, curr speed    0.052 kHz, avg speed    0.054 kHz), accepted       18/  340001 events ( 0.01%)
Processed   350000/  573238 entries, 61.06% (elapsed time  6516.7s, curr speed    0.052 kHz, avg speed    0.054 kHz), accepted       18/  350001 events ( 0.01%)
Processed   360000/  573238 entries, 62.80% (elapsed time  6704.8s, curr speed    0.053 kHz, avg speed    0.054 kHz), accepted       18/  360001 events ( 0.00%)
Processed   370000/  573238 entries, 64.55% (elapsed time  6895.6s, curr speed    0.052 kHz, avg speed    0.054 kHz), accepted       19/  370001 events ( 0.01%)
Processed   380000/  573238 entries, 66.29% (elapsed time  7084.8s, curr speed    0.053 kHz, avg speed    0.054 kHz), accepted       19/  380001 events ( 0.00%)
Processed   390000/  573238 entries, 68.03% (elapsed time  7278.8s, curr speed    0.052 kHz, avg speed    0.054 kHz), accepted       19/  390001 events ( 0.00%)
Processed   400000/  573238 entries, 69.78% (elapsed time  7465.3s, curr speed    0.054 kHz, avg speed    0.054 kHz), accepted       20/  400001 events ( 0.00%)
Processed   410000/  573238 entries, 71.52% (elapsed time  7655.0s, curr speed    0.053 kHz, avg speed    0.054 kHz), accepted       20/  410001 events ( 0.00%)
Processed   420000/  573238 entries, 73.27% (elapsed time  7848.1s, curr speed    0.052 kHz, avg speed    0.054 kHz), accepted       22/  420001 events ( 0.01%)
Processed   430000/  573238 entries, 75.01% (elapsed time  8039.0s, curr speed    0.052 kHz, avg speed    0.053 kHz), accepted       23/  430001 events ( 0.01%)
Processed   440000/  573238 entries, 76.76% (elapsed time  8231.1s, curr speed    0.052 kHz, avg speed    0.053 kHz), accepted       23/  440001 events ( 0.01%)
Processed   450000/  573238 entries, 78.50% (elapsed time  8424.8s, curr speed    0.052 kHz, avg speed    0.053 kHz), accepted       25/  450001 events ( 0.01%)
Processed   460000/  573238 entries, 80.25% (elapsed time  8617.5s, curr speed    0.052 kHz, avg speed    0.053 kHz), accepted       25/  460001 events ( 0.01%)
Processed   470000/  573238 entries, 81.99% (elapsed time  8811.4s, curr speed    0.052 kHz, avg speed    0.053 kHz), accepted       26/  470001 events ( 0.01%)
Processed   480000/  573238 entries, 83.73% (elapsed time  9001.5s, curr speed    0.053 kHz, avg speed    0.053 kHz), accepted       27/  480001 events ( 0.01%)
Processed   490000/  573238 entries, 85.48% (elapsed time  9198.2s, curr speed    0.051 kHz, avg speed    0.053 kHz), accepted       27/  490001 events ( 0.01%)
Processed   500000/  573238 entries, 87.22% (elapsed time  9394.1s, curr speed    0.051 kHz, avg speed    0.053 kHz), accepted       27/  500001 events ( 0.01%)
Processed   510000/  573238 entries, 88.97% (elapsed time  9590.1s, curr speed    0.051 kHz, avg speed    0.053 kHz), accepted       27/  510001 events ( 0.01%)
%MSG-e SimpleJetCorrectionUncertainty: 
 bin variables out of range
%MSG
%MSG-e SimpleJetCorrectionUncertainty: 
 bin variables out of range
%MSG
Processed   520000/  573238 entries, 90.71% (elapsed time  9785.8s, curr speed    0.051 kHz, avg speed    0.053 kHz), accepted       27/  520001 events ( 0.01%)
Processed   530000/  573238 entries, 92.46% (elapsed time  9979.3s, curr speed    0.052 kHz, avg speed    0.053 kHz), accepted       28/  530001 events ( 0.01%)
Processed   540000/  573238 entries, 94.20% (elapsed time 10173.6s, curr speed    0.051 kHz, avg speed    0.053 kHz), accepted       28/  540001 events ( 0.01%)
Processed   550000/  573238 entries, 95.95% (elapsed time 10363.7s, curr speed    0.053 kHz, avg speed    0.053 kHz), accepted       29/  550001 events ( 0.01%)
Processed   560000/  573238 entries, 97.69% (elapsed time 10558.7s, curr speed    0.051 kHz, avg speed    0.053 kHz), accepted       31/  560001 events ( 0.01%)
Processed   570000/  573238 entries, 99.44% (elapsed time 10751.8s, curr speed    0.052 kHz, avg speed    0.053 kHz), accepted       31/  570001 events ( 0.01%)
Processed 573238 preselected entries from root://cms-xrd-global.cern.ch//store/mc/RunIIFall17NanoAODv6/GluGluHToBB_M125_13TeV_amcatnloFXFX_pythia8/NANOAODSIM/PU2017_12Apr2018_Nano25Oct2019_102X_mc2017_realistic_v7-v1/280000/3750C5E5-6C9D-194F-ADAA-869249E90B7D.root (573238 entries). Finally selected 31 entries
Done /work/pbaertsc/heavy_resonance/output_2017/GluGluHToBB_M125_13TeV_amcatnloFXFX_pythia8__RunIIFall17NanoAODv6-PU2017_12Apr2018_Nano25Oct2019_102X_mc2017_realistic_v7-v1__NANOAODSIM/3750C5E5-6C9D-194F-ADAA-869249E90B7D.root
52.996919504 Hz
deleting root file with name: /work/pbaertsc/heavy_resonance/output_2017/GluGluHToBB_M125_13TeV_amcatnloFXFX_pythia8__RunIIFall17NanoAODv6-PU2017_12Apr2018_Nano25Oct2019_102X_mc2017_realistic_v7-v1__NANOAODSIM/3750C5E5-6C9D-194F-ADAA-869249E90B7D.root
DONE
Complete at
Thu Jan 30 22:30:56 CET 2020
