job start at
Thu Jan 30 19:59:41 CET 2020
SLURM_JOB_ID: 440342
HOSTNAME: t3wn58
JOBLIST:joblist/joblist_GluGluHToBB_M125_13TeV_powheg_pythia8__RunIISummer16NanoAODv6-PUMoriond17_Nano25Oct2019_102X_mcRun2_asymptotic_v7-v1__NANOAODSIM_ll.txt
Going to execute
python job.py -i root://cms-xrd-global.cern.ch//store/mc/RunIISummer16NanoAODv6/GluGluHToBB_M125_13TeV_powheg_pythia8/NANOAODSIM/PUMoriond17_Nano25Oct2019_102X_mcRun2_asymptotic_v7-v1/270000/D065B141-7BD4-0244-B9E7-8DF315342BA0.root -o /work/pbaertsc/heavy_resonance/output_2016/GluGluHToBB_M125_13TeV_powheg_pythia8__RunIISummer16NanoAODv6-PUMoriond17_Nano25Oct2019_102X_mcRun2_asymptotic_v7-v1__NANOAODSIM -N GluGluHToBB_M125_13TeV_powheg_pythia8__RunIISummer16NanoAODv6-PUMoriond17_Nano25Oct2019_102X_mcRun2_asymptotic_v7-v1__NANOAODSIM -n 2 -c ll -y 2016
TClass::Init:0: RuntimeWarning: no dictionary for class ROOT::TIOFeatures is available
/work/pbaertsc/heavy_resonance/CMSSW_9_4_6/python/PhysicsTools/NanoAODTools/postprocessing/framework/treeReaderArrayTools.py:69: RuntimeWarning: creating executor for unknown type "ULong64_t*"
  ret = _vr.Get()[0]
JEC= Summer16_07Aug2017_V11_MC 	 JER= Summer16_25nsV1_MC
MET branch= PuppiMET
JEC= Summer16_07Aug2017_V11_MC 	 JER= Summer16_25nsV1_MC
MET branch= PuppiMET
--------------------------------------------------------------------------------
input files  = ['root://cms-xrd-global.cern.ch//store/mc/RunIISummer16NanoAODv6/GluGluHToBB_M125_13TeV_powheg_pythia8/NANOAODSIM/PUMoriond17_Nano25Oct2019_102X_mcRun2_asymptotic_v7-v1/270000/D065B141-7BD4-0244-B9E7-8DF315342BA0.root']
output directory = /work/pbaertsc/heavy_resonance/output_2016/GluGluHToBB_M125_13TeV_powheg_pythia8__RunIISummer16NanoAODv6-PUMoriond17_Nano25Oct2019_102X_mcRun2_asymptotic_v7-v1__NANOAODSIM
output file  = GluGluHToBB_M125_13TeV_powheg_pythia8__RunIISummer16NanoAODv6-PUMoriond17_Nano25Oct2019_102X_mcRun2_asymptotic_v7-v1__NANOAODSIM_2_ll.root
chunck       = 2
channel      = ll
dataType     = mc
year         = 2016
tes          = 1.0
ltf          = 1.0
jtf          = 1.0
--------------------------------------------------------------------------------
job.py: creating PostProcessor...
TreeProducer is called /work/pbaertsc/heavy_resonance/output_2016/GluGluHToBB_M125_13TeV_powheg_pythia8__RunIISummer16NanoAODv6-PUMoriond17_Nano25Oct2019_102X_mcRun2_asymptotic_v7-v1__NANOAODSIM/GluGluHToBB_M125_13TeV_powheg_pythia8__RunIISummer16NanoAODv6-PUMoriond17_Nano25Oct2019_102X_mcRun2_asymptotic_v7-v1__NANOAODSIM_2_ll.root
job.py: going to run PostProcessor...
Will write selected trees to /work/pbaertsc/heavy_resonance/output_2016/GluGluHToBB_M125_13TeV_powheg_pythia8__RunIISummer16NanoAODv6-PUMoriond17_Nano25Oct2019_102X_mcRun2_asymptotic_v7-v1__NANOAODSIM
Loading jet energy scale (JES) uncertainties from file '/tmp/tmpipSO1U/Summer16_07Aug2017_V11_MC_Uncertainty_AK4PFchs.txt'
Loading jet energy resolutions (JER) from file '/tmp/tmpp9Drdm/Summer16_25nsV1_MC_PtResolution_AK4PFchs.txt'
Loading JER scale factors and uncertainties from file '/tmp/tmpp9Drdm/Summer16_25nsV1_MC_SF_AK4PFchs.txt'
Loading jet energy scale (JES) uncertainties from file '/tmp/tmpYBPzaW/Summer16_07Aug2017_V11_MC_Uncertainty_AK8PFPuppi.txt'
Loading jet energy resolutions (JER) from file '/tmp/tmpuRnuLX/Summer16_25nsV1_MC_PtResolution_AK8PFPuppi.txt'
Loading JER scale factors and uncertainties from file '/tmp/tmpuRnuLX/Summer16_25nsV1_MC_SF_AK8PFPuppi.txt'
Pre-select 1294456 entries out of 1294456 (100.00%)
nanoAODv5? True
Processed    10000/ 1294456 entries,  0.77% (elapsed time   193.5s, curr speed    0.052 kHz, avg speed    0.052 kHz), accepted        0/   10001 events ( 0.00%)
Processed    20000/ 1294456 entries,  1.55% (elapsed time   379.9s, curr speed    0.054 kHz, avg speed    0.053 kHz), accepted        0/   20001 events ( 0.00%)
Processed    30000/ 1294456 entries,  2.32% (elapsed time   562.4s, curr speed    0.055 kHz, avg speed    0.053 kHz), accepted        0/   30001 events ( 0.00%)
Processed    40000/ 1294456 entries,  3.09% (elapsed time   749.3s, curr speed    0.054 kHz, avg speed    0.053 kHz), accepted        0/   40001 events ( 0.00%)
Processed    50000/ 1294456 entries,  3.86% (elapsed time   933.8s, curr speed    0.054 kHz, avg speed    0.054 kHz), accepted        0/   50001 events ( 0.00%)
Processed    60000/ 1294456 entries,  4.64% (elapsed time  1116.6s, curr speed    0.055 kHz, avg speed    0.054 kHz), accepted        0/   60001 events ( 0.00%)
Processed    70000/ 1294456 entries,  5.41% (elapsed time  1305.2s, curr speed    0.053 kHz, avg speed    0.054 kHz), accepted        0/   70001 events ( 0.00%)
Processed    80000/ 1294456 entries,  6.18% (elapsed time  1491.3s, curr speed    0.054 kHz, avg speed    0.054 kHz), accepted        0/   80001 events ( 0.00%)
Processed    90000/ 1294456 entries,  6.95% (elapsed time  1676.2s, curr speed    0.054 kHz, avg speed    0.054 kHz), accepted        0/   90001 events ( 0.00%)
Processed   100000/ 1294456 entries,  7.73% (elapsed time  1862.2s, curr speed    0.054 kHz, avg speed    0.054 kHz), accepted        0/  100001 events ( 0.00%)
Processed   110000/ 1294456 entries,  8.50% (elapsed time  2044.8s, curr speed    0.055 kHz, avg speed    0.054 kHz), accepted        0/  110001 events ( 0.00%)
Processed   120000/ 1294456 entries,  9.27% (elapsed time  2228.5s, curr speed    0.054 kHz, avg speed    0.054 kHz), accepted        1/  120001 events ( 0.00%)
Processed   130000/ 1294456 entries, 10.04% (elapsed time  2415.7s, curr speed    0.053 kHz, avg speed    0.054 kHz), accepted        1/  130001 events ( 0.00%)
Processed   140000/ 1294456 entries, 10.82% (elapsed time  2603.5s, curr speed    0.053 kHz, avg speed    0.054 kHz), accepted        1/  140001 events ( 0.00%)
Processed   150000/ 1294456 entries, 11.59% (elapsed time  2786.8s, curr speed    0.055 kHz, avg speed    0.054 kHz), accepted        1/  150001 events ( 0.00%)
Processed   160000/ 1294456 entries, 12.36% (elapsed time  2977.6s, curr speed    0.052 kHz, avg speed    0.054 kHz), accepted        1/  160001 events ( 0.00%)
Processed   170000/ 1294456 entries, 13.13% (elapsed time  3167.8s, curr speed    0.053 kHz, avg speed    0.054 kHz), accepted        1/  170001 events ( 0.00%)
Processed   180000/ 1294456 entries, 13.91% (elapsed time  3359.0s, curr speed    0.052 kHz, avg speed    0.054 kHz), accepted        1/  180001 events ( 0.00%)
Processed   190000/ 1294456 entries, 14.68% (elapsed time  3546.5s, curr speed    0.053 kHz, avg speed    0.054 kHz), accepted        1/  190001 events ( 0.00%)
Processed   200000/ 1294456 entries, 15.45% (elapsed time  3735.6s, curr speed    0.053 kHz, avg speed    0.054 kHz), accepted        1/  200001 events ( 0.00%)
Processed   210000/ 1294456 entries, 16.22% (elapsed time  3920.9s, curr speed    0.054 kHz, avg speed    0.054 kHz), accepted        2/  210001 events ( 0.00%)
Processed   220000/ 1294456 entries, 17.00% (elapsed time  4106.0s, curr speed    0.054 kHz, avg speed    0.054 kHz), accepted        3/  220001 events ( 0.00%)
Processed   230000/ 1294456 entries, 17.77% (elapsed time  4294.5s, curr speed    0.053 kHz, avg speed    0.054 kHz), accepted        3/  230001 events ( 0.00%)
Processed   240000/ 1294456 entries, 18.54% (elapsed time  4479.2s, curr speed    0.054 kHz, avg speed    0.054 kHz), accepted        3/  240001 events ( 0.00%)
Processed   250000/ 1294456 entries, 19.31% (elapsed time  4669.7s, curr speed    0.052 kHz, avg speed    0.054 kHz), accepted        3/  250001 events ( 0.00%)
Processed   260000/ 1294456 entries, 20.09% (elapsed time  4861.9s, curr speed    0.052 kHz, avg speed    0.053 kHz), accepted        3/  260001 events ( 0.00%)
Processed   270000/ 1294456 entries, 20.86% (elapsed time  5050.0s, curr speed    0.053 kHz, avg speed    0.053 kHz), accepted        3/  270001 events ( 0.00%)
Processed   280000/ 1294456 entries, 21.63% (elapsed time  5238.5s, curr speed    0.053 kHz, avg speed    0.053 kHz), accepted        3/  280001 events ( 0.00%)
Processed   290000/ 1294456 entries, 22.40% (elapsed time  5428.3s, curr speed    0.053 kHz, avg speed    0.053 kHz), accepted        4/  290001 events ( 0.00%)
Processed   300000/ 1294456 entries, 23.18% (elapsed time  5617.3s, curr speed    0.053 kHz, avg speed    0.053 kHz), accepted        4/  300001 events ( 0.00%)
Processed   310000/ 1294456 entries, 23.95% (elapsed time  5809.5s, curr speed    0.052 kHz, avg speed    0.053 kHz), accepted        4/  310001 events ( 0.00%)
Processed   320000/ 1294456 entries, 24.72% (elapsed time  5998.5s, curr speed    0.053 kHz, avg speed    0.053 kHz), accepted        5/  320001 events ( 0.00%)
Processed   330000/ 1294456 entries, 25.49% (elapsed time  6190.5s, curr speed    0.052 kHz, avg speed    0.053 kHz), accepted        5/  330001 events ( 0.00%)
Processed   340000/ 1294456 entries, 26.27% (elapsed time  6384.3s, curr speed    0.052 kHz, avg speed    0.053 kHz), accepted        5/  340001 events ( 0.00%)
Processed   350000/ 1294456 entries, 27.04% (elapsed time  6577.8s, curr speed    0.052 kHz, avg speed    0.053 kHz), accepted        5/  350001 events ( 0.00%)
Processed   360000/ 1294456 entries, 27.81% (elapsed time  6765.8s, curr speed    0.053 kHz, avg speed    0.053 kHz), accepted        5/  360001 events ( 0.00%)
Processed   370000/ 1294456 entries, 28.58% (elapsed time  6955.8s, curr speed    0.053 kHz, avg speed    0.053 kHz), accepted        5/  370001 events ( 0.00%)
Processed   380000/ 1294456 entries, 29.36% (elapsed time  7141.1s, curr speed    0.054 kHz, avg speed    0.053 kHz), accepted        7/  380001 events ( 0.00%)
Processed   390000/ 1294456 entries, 30.13% (elapsed time  7325.3s, curr speed    0.054 kHz, avg speed    0.053 kHz), accepted        8/  390001 events ( 0.00%)
Processed   400000/ 1294456 entries, 30.90% (elapsed time  7512.4s, curr speed    0.053 kHz, avg speed    0.053 kHz), accepted        9/  400001 events ( 0.00%)
Processed   410000/ 1294456 entries, 31.67% (elapsed time  7700.0s, curr speed    0.053 kHz, avg speed    0.053 kHz), accepted       10/  410001 events ( 0.00%)
Processed   420000/ 1294456 entries, 32.45% (elapsed time  7890.4s, curr speed    0.053 kHz, avg speed    0.053 kHz), accepted       10/  420001 events ( 0.00%)
Processed   430000/ 1294456 entries, 33.22% (elapsed time  8084.1s, curr speed    0.052 kHz, avg speed    0.053 kHz), accepted       10/  430001 events ( 0.00%)
Processed   440000/ 1294456 entries, 33.99% (elapsed time  8279.0s, curr speed    0.051 kHz, avg speed    0.053 kHz), accepted       10/  440001 events ( 0.00%)
Processed   450000/ 1294456 entries, 34.76% (elapsed time  8469.8s, curr speed    0.052 kHz, avg speed    0.053 kHz), accepted       10/  450001 events ( 0.00%)
Processed   460000/ 1294456 entries, 35.54% (elapsed time  8662.5s, curr speed    0.052 kHz, avg speed    0.053 kHz), accepted       10/  460001 events ( 0.00%)
Processed   470000/ 1294456 entries, 36.31% (elapsed time  8854.1s, curr speed    0.052 kHz, avg speed    0.053 kHz), accepted       10/  470001 events ( 0.00%)
Processed   480000/ 1294456 entries, 37.08% (elapsed time  9045.9s, curr speed    0.052 kHz, avg speed    0.053 kHz), accepted       10/  480001 events ( 0.00%)
Processed   490000/ 1294456 entries, 37.85% (elapsed time  9242.1s, curr speed    0.051 kHz, avg speed    0.053 kHz), accepted       10/  490001 events ( 0.00%)
Processed   500000/ 1294456 entries, 38.63% (elapsed time  9435.9s, curr speed    0.052 kHz, avg speed    0.053 kHz), accepted       10/  500001 events ( 0.00%)
Processed   510000/ 1294456 entries, 39.40% (elapsed time  9621.6s, curr speed    0.054 kHz, avg speed    0.053 kHz), accepted       10/  510001 events ( 0.00%)
Processed   520000/ 1294456 entries, 40.17% (elapsed time  9813.4s, curr speed    0.052 kHz, avg speed    0.053 kHz), accepted       10/  520001 events ( 0.00%)
Processed   530000/ 1294456 entries, 40.94% (elapsed time 10007.7s, curr speed    0.051 kHz, avg speed    0.053 kHz), accepted       10/  530001 events ( 0.00%)
Processed   540000/ 1294456 entries, 41.72% (elapsed time 10200.9s, curr speed    0.052 kHz, avg speed    0.053 kHz), accepted       10/  540001 events ( 0.00%)
Processed   550000/ 1294456 entries, 42.49% (elapsed time 10389.2s, curr speed    0.053 kHz, avg speed    0.053 kHz), accepted       10/  550001 events ( 0.00%)
Processed   560000/ 1294456 entries, 43.26% (elapsed time 10579.9s, curr speed    0.052 kHz, avg speed    0.053 kHz), accepted       10/  560001 events ( 0.00%)
Processed   570000/ 1294456 entries, 44.03% (elapsed time 10768.7s, curr speed    0.053 kHz, avg speed    0.053 kHz), accepted       10/  570001 events ( 0.00%)
Processed   580000/ 1294456 entries, 44.81% (elapsed time 10959.5s, curr speed    0.052 kHz, avg speed    0.053 kHz), accepted       10/  580001 events ( 0.00%)
Processed   590000/ 1294456 entries, 45.58% (elapsed time 11151.4s, curr speed    0.052 kHz, avg speed    0.053 kHz), accepted       10/  590001 events ( 0.00%)
Processed   600000/ 1294456 entries, 46.35% (elapsed time 11339.9s, curr speed    0.053 kHz, avg speed    0.053 kHz), accepted       11/  600001 events ( 0.00%)
Processed   610000/ 1294456 entries, 47.12% (elapsed time 11530.6s, curr speed    0.052 kHz, avg speed    0.053 kHz), accepted       11/  610001 events ( 0.00%)
Processed   620000/ 1294456 entries, 47.90% (elapsed time 11709.0s, curr speed    0.056 kHz, avg speed    0.053 kHz), accepted       11/  620001 events ( 0.00%)
Processed   630000/ 1294456 entries, 48.67% (elapsed time 11835.1s, curr speed    0.079 kHz, avg speed    0.053 kHz), accepted       11/  630001 events ( 0.00%)
Processed   640000/ 1294456 entries, 49.44% (elapsed time 12017.9s, curr speed    0.055 kHz, avg speed    0.053 kHz), accepted       11/  640001 events ( 0.00%)
Processed   650000/ 1294456 entries, 50.21% (elapsed time 12202.8s, curr speed    0.054 kHz, avg speed    0.053 kHz), accepted       12/  650001 events ( 0.00%)
Processed   660000/ 1294456 entries, 50.99% (elapsed time 12388.1s, curr speed    0.054 kHz, avg speed    0.053 kHz), accepted       12/  660001 events ( 0.00%)
Processed   670000/ 1294456 entries, 51.76% (elapsed time 12577.0s, curr speed    0.053 kHz, avg speed    0.053 kHz), accepted       12/  670001 events ( 0.00%)
Processed   680000/ 1294456 entries, 52.53% (elapsed time 12772.2s, curr speed    0.051 kHz, avg speed    0.053 kHz), accepted       12/  680001 events ( 0.00%)
Processed   690000/ 1294456 entries, 53.30% (elapsed time 12973.4s, curr speed    0.050 kHz, avg speed    0.053 kHz), accepted       13/  690001 events ( 0.00%)
Processed   700000/ 1294456 entries, 54.08% (elapsed time 13168.3s, curr speed    0.051 kHz, avg speed    0.053 kHz), accepted       14/  700001 events ( 0.00%)
Processed   710000/ 1294456 entries, 54.85% (elapsed time 13361.5s, curr speed    0.052 kHz, avg speed    0.053 kHz), accepted       14/  710001 events ( 0.00%)
Processed   720000/ 1294456 entries, 55.62% (elapsed time 13545.4s, curr speed    0.054 kHz, avg speed    0.053 kHz), accepted       14/  720001 events ( 0.00%)
Processed   730000/ 1294456 entries, 56.39% (elapsed time 13735.2s, curr speed    0.053 kHz, avg speed    0.053 kHz), accepted       14/  730001 events ( 0.00%)
Processed   740000/ 1294456 entries, 57.17% (elapsed time 13922.7s, curr speed    0.053 kHz, avg speed    0.053 kHz), accepted       14/  740001 events ( 0.00%)
Processed   750000/ 1294456 entries, 57.94% (elapsed time 14112.4s, curr speed    0.053 kHz, avg speed    0.053 kHz), accepted       14/  750001 events ( 0.00%)
Processed   760000/ 1294456 entries, 58.71% (elapsed time 14288.5s, curr speed    0.057 kHz, avg speed    0.053 kHz), accepted       14/  760001 events ( 0.00%)
Processed   770000/ 1294456 entries, 59.48% (elapsed time 14479.6s, curr speed    0.052 kHz, avg speed    0.053 kHz), accepted       14/  770001 events ( 0.00%)
Processed   780000/ 1294456 entries, 60.26% (elapsed time 14667.8s, curr speed    0.053 kHz, avg speed    0.053 kHz), accepted       14/  780001 events ( 0.00%)
Processed   790000/ 1294456 entries, 61.03% (elapsed time 14859.3s, curr speed    0.052 kHz, avg speed    0.053 kHz), accepted       14/  790001 events ( 0.00%)
Processed   800000/ 1294456 entries, 61.80% (elapsed time 15050.4s, curr speed    0.052 kHz, avg speed    0.053 kHz), accepted       14/  800001 events ( 0.00%)
Processed   810000/ 1294456 entries, 62.57% (elapsed time 15239.4s, curr speed    0.053 kHz, avg speed    0.053 kHz), accepted       14/  810001 events ( 0.00%)
Processed   820000/ 1294456 entries, 63.35% (elapsed time 15428.7s, curr speed    0.053 kHz, avg speed    0.053 kHz), accepted       14/  820001 events ( 0.00%)
Processed   830000/ 1294456 entries, 64.12% (elapsed time 15613.3s, curr speed    0.054 kHz, avg speed    0.053 kHz), accepted       14/  830001 events ( 0.00%)
Processed   840000/ 1294456 entries, 64.89% (elapsed time 15787.3s, curr speed    0.057 kHz, avg speed    0.053 kHz), accepted       14/  840001 events ( 0.00%)
Processed   850000/ 1294456 entries, 65.66% (elapsed time 15972.5s, curr speed    0.054 kHz, avg speed    0.053 kHz), accepted       14/  850001 events ( 0.00%)
Processed   860000/ 1294456 entries, 66.44% (elapsed time 16148.6s, curr speed    0.057 kHz, avg speed    0.053 kHz), accepted       14/  860001 events ( 0.00%)
Processed   870000/ 1294456 entries, 67.21% (elapsed time 16340.4s, curr speed    0.052 kHz, avg speed    0.053 kHz), accepted       16/  870001 events ( 0.00%)
Processed   880000/ 1294456 entries, 67.98% (elapsed time 16531.2s, curr speed    0.052 kHz, avg speed    0.053 kHz), accepted       16/  880001 events ( 0.00%)
Processed   890000/ 1294456 entries, 68.75% (elapsed time 16720.2s, curr speed    0.053 kHz, avg speed    0.053 kHz), accepted       16/  890001 events ( 0.00%)
Processed   900000/ 1294456 entries, 69.53% (elapsed time 16908.9s, curr speed    0.053 kHz, avg speed    0.053 kHz), accepted       17/  900001 events ( 0.00%)
Processed   910000/ 1294456 entries, 70.30% (elapsed time 17095.7s, curr speed    0.054 kHz, avg speed    0.053 kHz), accepted       17/  910001 events ( 0.00%)
Processed   920000/ 1294456 entries, 71.07% (elapsed time 17285.5s, curr speed    0.053 kHz, avg speed    0.053 kHz), accepted       17/  920001 events ( 0.00%)
%MSG-e SimpleJetCorrectionUncertainty: 
 bin variables out of range
%MSG
%MSG-e SimpleJetCorrectionUncertainty: 
 bin variables out of range
%MSG
Processed   930000/ 1294456 entries, 71.84% (elapsed time 17474.9s, curr speed    0.053 kHz, avg speed    0.053 kHz), accepted       18/  930001 events ( 0.00%)
Processed   940000/ 1294456 entries, 72.62% (elapsed time 17663.3s, curr speed    0.053 kHz, avg speed    0.053 kHz), accepted       18/  940001 events ( 0.00%)
Processed   950000/ 1294456 entries, 73.39% (elapsed time 17857.2s, curr speed    0.052 kHz, avg speed    0.053 kHz), accepted       18/  950001 events ( 0.00%)
Processed   960000/ 1294456 entries, 74.16% (elapsed time 18051.3s, curr speed    0.052 kHz, avg speed    0.053 kHz), accepted       18/  960001 events ( 0.00%)
Processed   970000/ 1294456 entries, 74.93% (elapsed time 18240.5s, curr speed    0.053 kHz, avg speed    0.053 kHz), accepted       18/  970001 events ( 0.00%)
Processed   980000/ 1294456 entries, 75.71% (elapsed time 18432.5s, curr speed    0.052 kHz, avg speed    0.053 kHz), accepted       18/  980001 events ( 0.00%)
Processed   990000/ 1294456 entries, 76.48% (elapsed time 18624.4s, curr speed    0.052 kHz, avg speed    0.053 kHz), accepted       18/  990001 events ( 0.00%)
Processed  1000000/ 1294456 entries, 77.25% (elapsed time 18813.2s, curr speed    0.053 kHz, avg speed    0.053 kHz), accepted       18/ 1000001 events ( 0.00%)
Processed  1010000/ 1294456 entries, 78.03% (elapsed time 18998.0s, curr speed    0.054 kHz, avg speed    0.053 kHz), accepted       18/ 1010001 events ( 0.00%)
Processed  1020000/ 1294456 entries, 78.80% (elapsed time 19193.0s, curr speed    0.051 kHz, avg speed    0.053 kHz), accepted       18/ 1020001 events ( 0.00%)
Processed  1030000/ 1294456 entries, 79.57% (elapsed time 19386.5s, curr speed    0.052 kHz, avg speed    0.053 kHz), accepted       18/ 1030001 events ( 0.00%)
Processed  1040000/ 1294456 entries, 80.34% (elapsed time 19574.2s, curr speed    0.053 kHz, avg speed    0.053 kHz), accepted       18/ 1040001 events ( 0.00%)
Processed  1050000/ 1294456 entries, 81.12% (elapsed time 19765.6s, curr speed    0.052 kHz, avg speed    0.053 kHz), accepted       18/ 1050001 events ( 0.00%)
Processed  1060000/ 1294456 entries, 81.89% (elapsed time 19955.5s, curr speed    0.053 kHz, avg speed    0.053 kHz), accepted       18/ 1060001 events ( 0.00%)
Processed  1070000/ 1294456 entries, 82.66% (elapsed time 20143.0s, curr speed    0.053 kHz, avg speed    0.053 kHz), accepted       18/ 1070001 events ( 0.00%)
Processed  1080000/ 1294456 entries, 83.43% (elapsed time 20331.6s, curr speed    0.053 kHz, avg speed    0.053 kHz), accepted       19/ 1080001 events ( 0.00%)
Processed  1090000/ 1294456 entries, 84.21% (elapsed time 20518.2s, curr speed    0.054 kHz, avg speed    0.053 kHz), accepted       19/ 1090001 events ( 0.00%)
Processed  1100000/ 1294456 entries, 84.98% (elapsed time 20700.7s, curr speed    0.055 kHz, avg speed    0.053 kHz), accepted       19/ 1100001 events ( 0.00%)
Processed  1110000/ 1294456 entries, 85.75% (elapsed time 20868.7s, curr speed    0.060 kHz, avg speed    0.053 kHz), accepted       19/ 1110001 events ( 0.00%)
Processed  1120000/ 1294456 entries, 86.52% (elapsed time 21053.3s, curr speed    0.054 kHz, avg speed    0.053 kHz), accepted       20/ 1120001 events ( 0.00%)
Processed  1130000/ 1294456 entries, 87.30% (elapsed time 21242.6s, curr speed    0.053 kHz, avg speed    0.053 kHz), accepted       21/ 1130001 events ( 0.00%)
Processed  1140000/ 1294456 entries, 88.07% (elapsed time 21426.2s, curr speed    0.054 kHz, avg speed    0.053 kHz), accepted       22/ 1140001 events ( 0.00%)
Processed  1150000/ 1294456 entries, 88.84% (elapsed time 21611.7s, curr speed    0.054 kHz, avg speed    0.053 kHz), accepted       22/ 1150001 events ( 0.00%)
Processed  1160000/ 1294456 entries, 89.61% (elapsed time 21792.4s, curr speed    0.055 kHz, avg speed    0.053 kHz), accepted       22/ 1160001 events ( 0.00%)
Processed  1170000/ 1294456 entries, 90.39% (elapsed time 21977.6s, curr speed    0.054 kHz, avg speed    0.053 kHz), accepted       22/ 1170001 events ( 0.00%)
Processed  1180000/ 1294456 entries, 91.16% (elapsed time 22161.0s, curr speed    0.055 kHz, avg speed    0.053 kHz), accepted       22/ 1180001 events ( 0.00%)
Processed  1190000/ 1294456 entries, 91.93% (elapsed time 22336.8s, curr speed    0.057 kHz, avg speed    0.053 kHz), accepted       22/ 1190001 events ( 0.00%)
Processed  1200000/ 1294456 entries, 92.70% (elapsed time 22504.6s, curr speed    0.060 kHz, avg speed    0.053 kHz), accepted       23/ 1200001 events ( 0.00%)
Processed  1210000/ 1294456 entries, 93.48% (elapsed time 22667.7s, curr speed    0.061 kHz, avg speed    0.053 kHz), accepted       23/ 1210001 events ( 0.00%)
Processed  1220000/ 1294456 entries, 94.25% (elapsed time 22831.7s, curr speed    0.061 kHz, avg speed    0.053 kHz), accepted       23/ 1220001 events ( 0.00%)
Processed  1230000/ 1294456 entries, 95.02% (elapsed time 22988.2s, curr speed    0.064 kHz, avg speed    0.054 kHz), accepted       23/ 1230001 events ( 0.00%)
Processed  1240000/ 1294456 entries, 95.79% (elapsed time 23146.3s, curr speed    0.063 kHz, avg speed    0.054 kHz), accepted       23/ 1240001 events ( 0.00%)
Processed  1250000/ 1294456 entries, 96.57% (elapsed time 23304.5s, curr speed    0.063 kHz, avg speed    0.054 kHz), accepted       23/ 1250001 events ( 0.00%)
Processed  1260000/ 1294456 entries, 97.34% (elapsed time 23451.9s, curr speed    0.068 kHz, avg speed    0.054 kHz), accepted       23/ 1260001 events ( 0.00%)
Processed  1270000/ 1294456 entries, 98.11% (elapsed time 23606.5s, curr speed    0.065 kHz, avg speed    0.054 kHz), accepted       23/ 1270001 events ( 0.00%)
Processed  1280000/ 1294456 entries, 98.88% (elapsed time 23761.2s, curr speed    0.065 kHz, avg speed    0.054 kHz), accepted       24/ 1280001 events ( 0.00%)
Processed  1290000/ 1294456 entries, 99.66% (elapsed time 23916.7s, curr speed    0.064 kHz, avg speed    0.054 kHz), accepted       24/ 1290001 events ( 0.00%)
Processed 1294456 preselected entries from root://cms-xrd-global.cern.ch//store/mc/RunIISummer16NanoAODv6/GluGluHToBB_M125_13TeV_powheg_pythia8/NANOAODSIM/PUMoriond17_Nano25Oct2019_102X_mcRun2_asymptotic_v7-v1/270000/D065B141-7BD4-0244-B9E7-8DF315342BA0.root (1294456 entries). Finally selected 24 entries
Done /work/pbaertsc/heavy_resonance/output_2016/GluGluHToBB_M125_13TeV_powheg_pythia8__RunIISummer16NanoAODv6-PUMoriond17_Nano25Oct2019_102X_mcRun2_asymptotic_v7-v1__NANOAODSIM/D065B141-7BD4-0244-B9E7-8DF315342BA0.root
53.9648076628 Hz
deleting root file with name: /work/pbaertsc/heavy_resonance/output_2016/GluGluHToBB_M125_13TeV_powheg_pythia8__RunIISummer16NanoAODv6-PUMoriond17_Nano25Oct2019_102X_mcRun2_asymptotic_v7-v1__NANOAODSIM/D065B141-7BD4-0244-B9E7-8DF315342BA0.root
DONE
Complete at
Fri Jan 31 02:46:39 CET 2020
