job start at
Thu Jan 30 19:13:59 CET 2020
SLURM_JOB_ID: 437423
HOSTNAME: t3wn34
JOBLIST:joblist/joblist_ZZTo2Q2Nu_TuneCP5_13TeV_amcatnloFXFX_madspin_pythia8__RunIIAutumn18NanoAODv6-Nano25Oct2019_102X_upgrade2018_realistic_v20-v1__NANOAODSIM_ll.txt
Going to execute
python job.py -i root://cms-xrd-global.cern.ch//store/mc/RunIIAutumn18NanoAODv6/ZZTo2Q2Nu_TuneCP5_13TeV_amcatnloFXFX_madspin_pythia8/NANOAODSIM/Nano25Oct2019_102X_upgrade2018_realistic_v20-v1/260000/68D6D801-FCA8-CD47-87D6-DC0636D2E33D.root -o /work/pbaertsc/heavy_resonance/output_2018/ZZTo2Q2Nu_TuneCP5_13TeV_amcatnloFXFX_madspin_pythia8__RunIIAutumn18NanoAODv6-Nano25Oct2019_102X_upgrade2018_realistic_v20-v1__NANOAODSIM -N ZZTo2Q2Nu_TuneCP5_13TeV_amcatnloFXFX_madspin_pythia8__RunIIAutumn18NanoAODv6-Nano25Oct2019_102X_upgrade2018_realistic_v20-v1__NANOAODSIM -n 20 -c ll -y 2018
TClass::Init:0: RuntimeWarning: no dictionary for class ROOT::TIOFeatures is available
/work/pbaertsc/heavy_resonance/CMSSW_9_4_6/python/PhysicsTools/NanoAODTools/postprocessing/framework/treeReaderArrayTools.py:69: RuntimeWarning: creating executor for unknown type "ULong64_t*"
  ret = _vr.Get()[0]
JEC= Autumn18_V19_MC 	 JER= Autumn18_V7_MC
MET branch= PuppiMET
JEC= Autumn18_V19_MC 	 JER= Autumn18_V7_MC
MET branch= PuppiMET
--------------------------------------------------------------------------------
input files  = ['root://cms-xrd-global.cern.ch//store/mc/RunIIAutumn18NanoAODv6/ZZTo2Q2Nu_TuneCP5_13TeV_amcatnloFXFX_madspin_pythia8/NANOAODSIM/Nano25Oct2019_102X_upgrade2018_realistic_v20-v1/260000/68D6D801-FCA8-CD47-87D6-DC0636D2E33D.root']
output directory = /work/pbaertsc/heavy_resonance/output_2018/ZZTo2Q2Nu_TuneCP5_13TeV_amcatnloFXFX_madspin_pythia8__RunIIAutumn18NanoAODv6-Nano25Oct2019_102X_upgrade2018_realistic_v20-v1__NANOAODSIM
output file  = ZZTo2Q2Nu_TuneCP5_13TeV_amcatnloFXFX_madspin_pythia8__RunIIAutumn18NanoAODv6-Nano25Oct2019_102X_upgrade2018_realistic_v20-v1__NANOAODSIM_20_ll.root
chunck       = 20
channel      = ll
dataType     = mc
year         = 2018
tes          = 1.0
ltf          = 1.0
jtf          = 1.0
--------------------------------------------------------------------------------
job.py: creating PostProcessor...
TreeProducer is called /work/pbaertsc/heavy_resonance/output_2018/ZZTo2Q2Nu_TuneCP5_13TeV_amcatnloFXFX_madspin_pythia8__RunIIAutumn18NanoAODv6-Nano25Oct2019_102X_upgrade2018_realistic_v20-v1__NANOAODSIM/ZZTo2Q2Nu_TuneCP5_13TeV_amcatnloFXFX_madspin_pythia8__RunIIAutumn18NanoAODv6-Nano25Oct2019_102X_upgrade2018_realistic_v20-v1__NANOAODSIM_20_ll.root
job.py: going to run PostProcessor...
Will write selected trees to /work/pbaertsc/heavy_resonance/output_2018/ZZTo2Q2Nu_TuneCP5_13TeV_amcatnloFXFX_madspin_pythia8__RunIIAutumn18NanoAODv6-Nano25Oct2019_102X_upgrade2018_realistic_v20-v1__NANOAODSIM
Loading jet energy scale (JES) uncertainties from file '/tmp/tmpBuPjzb/Autumn18_V19_MC_Uncertainty_AK4PFchs.txt'
Loading jet energy resolutions (JER) from file '/tmp/tmpmC9aF7/Autumn18_V7_MC_PtResolution_AK4PFchs.txt'
Loading JER scale factors and uncertainties from file '/tmp/tmpmC9aF7/Autumn18_V7_MC_SF_AK4PFchs.txt'
Loading jet energy scale (JES) uncertainties from file '/tmp/tmpWtCibj/Autumn18_V19_MC_Uncertainty_AK8PFPuppi.txt'
Loading jet energy resolutions (JER) from file '/tmp/tmpvllHaU/Autumn18_V7_MC_PtResolution_AK8PFPuppi.txt'
Loading JER scale factors and uncertainties from file '/tmp/tmpvllHaU/Autumn18_V7_MC_SF_AK8PFPuppi.txt'
Pre-select 1232324 entries out of 1232324 (100.00%)
nanoAODv5? True
Processed    10000/ 1232324 entries,  0.81% (elapsed time   117.1s, curr speed    0.085 kHz, avg speed    0.085 kHz), accepted      100/   10001 events ( 1.00%)
Processed    20000/ 1232324 entries,  1.62% (elapsed time   229.1s, curr speed    0.089 kHz, avg speed    0.087 kHz), accepted      215/   20001 events ( 1.07%)
Processed    30000/ 1232324 entries,  2.43% (elapsed time   340.2s, curr speed    0.090 kHz, avg speed    0.088 kHz), accepted      347/   30001 events ( 1.16%)
Bad event
Processed    40000/ 1232324 entries,  3.25% (elapsed time   451.4s, curr speed    0.090 kHz, avg speed    0.089 kHz), accepted      494/   40001 events ( 1.23%)
Processed    50000/ 1232324 entries,  4.06% (elapsed time   560.6s, curr speed    0.092 kHz, avg speed    0.089 kHz), accepted      645/   50001 events ( 1.29%)
Processed    60000/ 1232324 entries,  4.87% (elapsed time   670.7s, curr speed    0.091 kHz, avg speed    0.089 kHz), accepted      760/   60001 events ( 1.27%)
Processed    70000/ 1232324 entries,  5.68% (elapsed time   779.7s, curr speed    0.092 kHz, avg speed    0.090 kHz), accepted      888/   70001 events ( 1.27%)
Bad event
Processed    80000/ 1232324 entries,  6.49% (elapsed time   888.5s, curr speed    0.092 kHz, avg speed    0.090 kHz), accepted     1007/   80001 events ( 1.26%)
Processed    90000/ 1232324 entries,  7.30% (elapsed time   996.9s, curr speed    0.092 kHz, avg speed    0.090 kHz), accepted     1141/   90001 events ( 1.27%)
Processed   100000/ 1232324 entries,  8.11% (elapsed time  1105.0s, curr speed    0.092 kHz, avg speed    0.090 kHz), accepted     1262/  100001 events ( 1.26%)
Processed   110000/ 1232324 entries,  8.93% (elapsed time  1215.4s, curr speed    0.091 kHz, avg speed    0.091 kHz), accepted     1382/  110001 events ( 1.26%)
Processed   120000/ 1232324 entries,  9.74% (elapsed time  1324.0s, curr speed    0.092 kHz, avg speed    0.091 kHz), accepted     1524/  120001 events ( 1.27%)
Processed   130000/ 1232324 entries, 10.55% (elapsed time  1432.5s, curr speed    0.092 kHz, avg speed    0.091 kHz), accepted     1661/  130001 events ( 1.28%)
Processed   140000/ 1232324 entries, 11.36% (elapsed time  1540.2s, curr speed    0.093 kHz, avg speed    0.091 kHz), accepted     1782/  140001 events ( 1.27%)
Processed   150000/ 1232324 entries, 12.17% (elapsed time  1646.2s, curr speed    0.094 kHz, avg speed    0.091 kHz), accepted     1932/  150001 events ( 1.29%)
Processed   160000/ 1232324 entries, 12.98% (elapsed time  1752.3s, curr speed    0.094 kHz, avg speed    0.091 kHz), accepted     2059/  160001 events ( 1.29%)
Processed   170000/ 1232324 entries, 13.80% (elapsed time  1858.5s, curr speed    0.094 kHz, avg speed    0.091 kHz), accepted     2168/  170001 events ( 1.28%)
Processed   180000/ 1232324 entries, 14.61% (elapsed time  1965.5s, curr speed    0.093 kHz, avg speed    0.092 kHz), accepted     2298/  180001 events ( 1.28%)
Bad event
Processed   190000/ 1232324 entries, 15.42% (elapsed time  2072.8s, curr speed    0.093 kHz, avg speed    0.092 kHz), accepted     2448/  190001 events ( 1.29%)
Bad event
Processed   200000/ 1232324 entries, 16.23% (elapsed time  2181.5s, curr speed    0.092 kHz, avg speed    0.092 kHz), accepted     2604/  200001 events ( 1.30%)
Processed   210000/ 1232324 entries, 17.04% (elapsed time  2289.0s, curr speed    0.093 kHz, avg speed    0.092 kHz), accepted     2724/  210001 events ( 1.30%)
Processed   220000/ 1232324 entries, 17.85% (elapsed time  2397.2s, curr speed    0.092 kHz, avg speed    0.092 kHz), accepted     2877/  220001 events ( 1.31%)
Processed   230000/ 1232324 entries, 18.66% (elapsed time  2505.9s, curr speed    0.092 kHz, avg speed    0.092 kHz), accepted     3010/  230001 events ( 1.31%)
Processed   240000/ 1232324 entries, 19.48% (elapsed time  2613.8s, curr speed    0.093 kHz, avg speed    0.092 kHz), accepted     3148/  240001 events ( 1.31%)
Processed   250000/ 1232324 entries, 20.29% (elapsed time  2721.8s, curr speed    0.093 kHz, avg speed    0.092 kHz), accepted     3306/  250001 events ( 1.32%)
Processed   260000/ 1232324 entries, 21.10% (elapsed time  2830.0s, curr speed    0.092 kHz, avg speed    0.092 kHz), accepted     3438/  260001 events ( 1.32%)
Processed   270000/ 1232324 entries, 21.91% (elapsed time  2938.7s, curr speed    0.092 kHz, avg speed    0.092 kHz), accepted     3571/  270001 events ( 1.32%)
Processed   280000/ 1232324 entries, 22.72% (elapsed time  3047.4s, curr speed    0.092 kHz, avg speed    0.092 kHz), accepted     3693/  280001 events ( 1.32%)
Processed   290000/ 1232324 entries, 23.53% (elapsed time  3155.8s, curr speed    0.092 kHz, avg speed    0.092 kHz), accepted     3825/  290001 events ( 1.32%)
Bad event
Processed   300000/ 1232324 entries, 24.34% (elapsed time  3263.7s, curr speed    0.093 kHz, avg speed    0.092 kHz), accepted     3944/  300001 events ( 1.31%)
Processed   310000/ 1232324 entries, 25.16% (elapsed time  3372.5s, curr speed    0.092 kHz, avg speed    0.092 kHz), accepted     4085/  310001 events ( 1.32%)
Processed   320000/ 1232324 entries, 25.97% (elapsed time  3480.9s, curr speed    0.092 kHz, avg speed    0.092 kHz), accepted     4209/  320001 events ( 1.32%)
Processed   330000/ 1232324 entries, 26.78% (elapsed time  3589.6s, curr speed    0.092 kHz, avg speed    0.092 kHz), accepted     4340/  330001 events ( 1.32%)
Processed   340000/ 1232324 entries, 27.59% (elapsed time  3697.4s, curr speed    0.093 kHz, avg speed    0.092 kHz), accepted     4474/  340001 events ( 1.32%)
Processed   350000/ 1232324 entries, 28.40% (elapsed time  3805.0s, curr speed    0.093 kHz, avg speed    0.092 kHz), accepted     4607/  350001 events ( 1.32%)
Processed   360000/ 1232324 entries, 29.21% (elapsed time  3912.0s, curr speed    0.093 kHz, avg speed    0.092 kHz), accepted     4752/  360001 events ( 1.32%)
Bad event
Processed   370000/ 1232324 entries, 30.02% (elapsed time  4018.7s, curr speed    0.094 kHz, avg speed    0.092 kHz), accepted     4897/  370001 events ( 1.32%)
Processed   380000/ 1232324 entries, 30.84% (elapsed time  4126.3s, curr speed    0.093 kHz, avg speed    0.092 kHz), accepted     5025/  380001 events ( 1.32%)
Processed   390000/ 1232324 entries, 31.65% (elapsed time  4233.4s, curr speed    0.093 kHz, avg speed    0.092 kHz), accepted     5164/  390001 events ( 1.32%)
Processed   400000/ 1232324 entries, 32.46% (elapsed time  4340.0s, curr speed    0.094 kHz, avg speed    0.092 kHz), accepted     5297/  400001 events ( 1.32%)
Processed   410000/ 1232324 entries, 33.27% (elapsed time  4447.7s, curr speed    0.093 kHz, avg speed    0.092 kHz), accepted     5414/  410001 events ( 1.32%)
Processed   420000/ 1232324 entries, 34.08% (elapsed time  4556.0s, curr speed    0.092 kHz, avg speed    0.092 kHz), accepted     5542/  420001 events ( 1.32%)
Bad event
Processed   430000/ 1232324 entries, 34.89% (elapsed time  4662.6s, curr speed    0.094 kHz, avg speed    0.092 kHz), accepted     5690/  430001 events ( 1.32%)
Processed   440000/ 1232324 entries, 35.70% (elapsed time  4769.5s, curr speed    0.094 kHz, avg speed    0.092 kHz), accepted     5827/  440001 events ( 1.32%)
Processed   450000/ 1232324 entries, 36.52% (elapsed time  4875.8s, curr speed    0.094 kHz, avg speed    0.092 kHz), accepted     5963/  450001 events ( 1.33%)
Processed   460000/ 1232324 entries, 37.33% (elapsed time  4982.3s, curr speed    0.094 kHz, avg speed    0.092 kHz), accepted     6084/  460001 events ( 1.32%)
Processed   470000/ 1232324 entries, 38.14% (elapsed time  5088.2s, curr speed    0.094 kHz, avg speed    0.092 kHz), accepted     6227/  470001 events ( 1.32%)
Processed   480000/ 1232324 entries, 38.95% (elapsed time  5193.8s, curr speed    0.095 kHz, avg speed    0.092 kHz), accepted     6372/  480001 events ( 1.33%)
Processed   490000/ 1232324 entries, 39.76% (elapsed time  5301.1s, curr speed    0.093 kHz, avg speed    0.092 kHz), accepted     6515/  490001 events ( 1.33%)
Processed   500000/ 1232324 entries, 40.57% (elapsed time  5405.9s, curr speed    0.095 kHz, avg speed    0.092 kHz), accepted     6646/  500001 events ( 1.33%)
Bad event
Processed   510000/ 1232324 entries, 41.39% (elapsed time  5511.6s, curr speed    0.095 kHz, avg speed    0.093 kHz), accepted     6783/  510001 events ( 1.33%)
Processed   520000/ 1232324 entries, 42.20% (elapsed time  5619.3s, curr speed    0.093 kHz, avg speed    0.093 kHz), accepted     6930/  520001 events ( 1.33%)
Processed   530000/ 1232324 entries, 43.01% (elapsed time  5725.3s, curr speed    0.094 kHz, avg speed    0.093 kHz), accepted     7072/  530001 events ( 1.33%)
Processed   540000/ 1232324 entries, 43.82% (elapsed time  5831.0s, curr speed    0.095 kHz, avg speed    0.093 kHz), accepted     7199/  540001 events ( 1.33%)
Processed   550000/ 1232324 entries, 44.63% (elapsed time  5936.6s, curr speed    0.095 kHz, avg speed    0.093 kHz), accepted     7343/  550001 events ( 1.34%)
Bad event
Bad event
Processed   560000/ 1232324 entries, 45.44% (elapsed time  6043.4s, curr speed    0.094 kHz, avg speed    0.093 kHz), accepted     7485/  560001 events ( 1.34%)
Processed   570000/ 1232324 entries, 46.25% (elapsed time  6149.0s, curr speed    0.095 kHz, avg speed    0.093 kHz), accepted     7611/  570001 events ( 1.34%)
Processed   580000/ 1232324 entries, 47.07% (elapsed time  6254.4s, curr speed    0.095 kHz, avg speed    0.093 kHz), accepted     7774/  580001 events ( 1.34%)
Processed   590000/ 1232324 entries, 47.88% (elapsed time  6360.8s, curr speed    0.094 kHz, avg speed    0.093 kHz), accepted     7919/  590001 events ( 1.34%)
Processed   600000/ 1232324 entries, 48.69% (elapsed time  6466.4s, curr speed    0.095 kHz, avg speed    0.093 kHz), accepted     8044/  600001 events ( 1.34%)
Processed   610000/ 1232324 entries, 49.50% (elapsed time  6571.3s, curr speed    0.095 kHz, avg speed    0.093 kHz), accepted     8160/  610001 events ( 1.34%)
Processed   620000/ 1232324 entries, 50.31% (elapsed time  6678.1s, curr speed    0.094 kHz, avg speed    0.093 kHz), accepted     8293/  620001 events ( 1.34%)
Processed   630000/ 1232324 entries, 51.12% (elapsed time  6783.7s, curr speed    0.095 kHz, avg speed    0.093 kHz), accepted     8427/  630001 events ( 1.34%)
Processed   640000/ 1232324 entries, 51.93% (elapsed time  6889.2s, curr speed    0.095 kHz, avg speed    0.093 kHz), accepted     8549/  640001 events ( 1.34%)
Processed   650000/ 1232324 entries, 52.75% (elapsed time  6994.9s, curr speed    0.095 kHz, avg speed    0.093 kHz), accepted     8682/  650001 events ( 1.34%)
Processed   660000/ 1232324 entries, 53.56% (elapsed time  7100.4s, curr speed    0.095 kHz, avg speed    0.093 kHz), accepted     8813/  660001 events ( 1.34%)
Processed   670000/ 1232324 entries, 54.37% (elapsed time  7207.5s, curr speed    0.093 kHz, avg speed    0.093 kHz), accepted     8932/  670001 events ( 1.33%)
Processed   680000/ 1232324 entries, 55.18% (elapsed time  7313.2s, curr speed    0.095 kHz, avg speed    0.093 kHz), accepted     9063/  680001 events ( 1.33%)
Processed   690000/ 1232324 entries, 55.99% (elapsed time  7418.7s, curr speed    0.095 kHz, avg speed    0.093 kHz), accepted     9194/  690001 events ( 1.33%)
Processed   700000/ 1232324 entries, 56.80% (elapsed time  7525.2s, curr speed    0.094 kHz, avg speed    0.093 kHz), accepted     9328/  700001 events ( 1.33%)
Processed   710000/ 1232324 entries, 57.61% (elapsed time  7632.0s, curr speed    0.094 kHz, avg speed    0.093 kHz), accepted     9449/  710001 events ( 1.33%)
Processed   720000/ 1232324 entries, 58.43% (elapsed time  7740.1s, curr speed    0.093 kHz, avg speed    0.093 kHz), accepted     9585/  720001 events ( 1.33%)
Bad event
Processed   730000/ 1232324 entries, 59.24% (elapsed time  7846.8s, curr speed    0.094 kHz, avg speed    0.093 kHz), accepted     9702/  730001 events ( 1.33%)
Processed   740000/ 1232324 entries, 60.05% (elapsed time  7953.4s, curr speed    0.094 kHz, avg speed    0.093 kHz), accepted     9852/  740001 events ( 1.33%)
Processed   750000/ 1232324 entries, 60.86% (elapsed time  8060.3s, curr speed    0.094 kHz, avg speed    0.093 kHz), accepted     9988/  750001 events ( 1.33%)
Processed   760000/ 1232324 entries, 61.67% (elapsed time  8167.2s, curr speed    0.094 kHz, avg speed    0.093 kHz), accepted    10121/  760001 events ( 1.33%)
Processed   770000/ 1232324 entries, 62.48% (elapsed time  8275.8s, curr speed    0.092 kHz, avg speed    0.093 kHz), accepted    10248/  770001 events ( 1.33%)
Processed   780000/ 1232324 entries, 63.30% (elapsed time  8382.9s, curr speed    0.093 kHz, avg speed    0.093 kHz), accepted    10367/  780001 events ( 1.33%)
Processed   790000/ 1232324 entries, 64.11% (elapsed time  8490.6s, curr speed    0.093 kHz, avg speed    0.093 kHz), accepted    10530/  790001 events ( 1.33%)
Processed   800000/ 1232324 entries, 64.92% (elapsed time  8597.0s, curr speed    0.094 kHz, avg speed    0.093 kHz), accepted    10659/  800001 events ( 1.33%)
Processed   810000/ 1232324 entries, 65.73% (elapsed time  8705.0s, curr speed    0.093 kHz, avg speed    0.093 kHz), accepted    10789/  810001 events ( 1.33%)
Processed   820000/ 1232324 entries, 66.54% (elapsed time  8811.1s, curr speed    0.094 kHz, avg speed    0.093 kHz), accepted    10926/  820001 events ( 1.33%)
Bad event
Processed   830000/ 1232324 entries, 67.35% (elapsed time  8916.5s, curr speed    0.095 kHz, avg speed    0.093 kHz), accepted    11055/  830001 events ( 1.33%)
Processed   840000/ 1232324 entries, 68.16% (elapsed time  9023.5s, curr speed    0.093 kHz, avg speed    0.093 kHz), accepted    11199/  840001 events ( 1.33%)
Processed   850000/ 1232324 entries, 68.98% (elapsed time  9128.6s, curr speed    0.095 kHz, avg speed    0.093 kHz), accepted    11353/  850001 events ( 1.34%)
Processed   860000/ 1232324 entries, 69.79% (elapsed time  9235.3s, curr speed    0.094 kHz, avg speed    0.093 kHz), accepted    11482/  860001 events ( 1.34%)
Processed   870000/ 1232324 entries, 70.60% (elapsed time  9341.5s, curr speed    0.094 kHz, avg speed    0.093 kHz), accepted    11623/  870001 events ( 1.34%)
Bad event
Processed   880000/ 1232324 entries, 71.41% (elapsed time  9446.2s, curr speed    0.095 kHz, avg speed    0.093 kHz), accepted    11757/  880001 events ( 1.34%)
Processed   890000/ 1232324 entries, 72.22% (elapsed time  9552.8s, curr speed    0.094 kHz, avg speed    0.093 kHz), accepted    11870/  890001 events ( 1.33%)
Processed   900000/ 1232324 entries, 73.03% (elapsed time  9658.6s, curr speed    0.095 kHz, avg speed    0.093 kHz), accepted    11986/  900001 events ( 1.33%)
Processed   910000/ 1232324 entries, 73.84% (elapsed time  9763.5s, curr speed    0.095 kHz, avg speed    0.093 kHz), accepted    12127/  910001 events ( 1.33%)
Bad event
Processed   920000/ 1232324 entries, 74.66% (elapsed time  9870.4s, curr speed    0.094 kHz, avg speed    0.093 kHz), accepted    12261/  920001 events ( 1.33%)
Processed   930000/ 1232324 entries, 75.47% (elapsed time  9975.7s, curr speed    0.095 kHz, avg speed    0.093 kHz), accepted    12415/  930001 events ( 1.33%)
Processed   940000/ 1232324 entries, 76.28% (elapsed time 10081.4s, curr speed    0.095 kHz, avg speed    0.093 kHz), accepted    12559/  940001 events ( 1.34%)
Processed   950000/ 1232324 entries, 77.09% (elapsed time 10187.7s, curr speed    0.094 kHz, avg speed    0.093 kHz), accepted    12692/  950001 events ( 1.34%)
Processed   960000/ 1232324 entries, 77.90% (elapsed time 10293.6s, curr speed    0.094 kHz, avg speed    0.093 kHz), accepted    12812/  960001 events ( 1.33%)
Processed   970000/ 1232324 entries, 78.71% (elapsed time 10400.7s, curr speed    0.093 kHz, avg speed    0.093 kHz), accepted    12945/  970001 events ( 1.33%)
Processed   980000/ 1232324 entries, 79.52% (elapsed time 10507.8s, curr speed    0.093 kHz, avg speed    0.093 kHz), accepted    13095/  980001 events ( 1.34%)
Processed   990000/ 1232324 entries, 80.34% (elapsed time 10615.0s, curr speed    0.093 kHz, avg speed    0.093 kHz), accepted    13242/  990001 events ( 1.34%)
Bad event
Processed  1000000/ 1232324 entries, 81.15% (elapsed time 10723.6s, curr speed    0.092 kHz, avg speed    0.093 kHz), accepted    13372/ 1000001 events ( 1.34%)
Processed  1010000/ 1232324 entries, 81.96% (elapsed time 10830.6s, curr speed    0.094 kHz, avg speed    0.093 kHz), accepted    13493/ 1010001 events ( 1.34%)
Processed  1020000/ 1232324 entries, 82.77% (elapsed time 10938.2s, curr speed    0.093 kHz, avg speed    0.093 kHz), accepted    13626/ 1020001 events ( 1.34%)
Processed  1030000/ 1232324 entries, 83.58% (elapsed time 11048.9s, curr speed    0.090 kHz, avg speed    0.093 kHz), accepted    13757/ 1030001 events ( 1.34%)
Processed  1040000/ 1232324 entries, 84.39% (elapsed time 11157.1s, curr speed    0.092 kHz, avg speed    0.093 kHz), accepted    13885/ 1040001 events ( 1.34%)
Processed  1050000/ 1232324 entries, 85.20% (elapsed time 11265.8s, curr speed    0.092 kHz, avg speed    0.093 kHz), accepted    14031/ 1050001 events ( 1.34%)
Bad event
Processed  1060000/ 1232324 entries, 86.02% (elapsed time 11373.4s, curr speed    0.093 kHz, avg speed    0.093 kHz), accepted    14163/ 1060001 events ( 1.34%)
Processed  1070000/ 1232324 entries, 86.83% (elapsed time 11482.2s, curr speed    0.092 kHz, avg speed    0.093 kHz), accepted    14297/ 1070001 events ( 1.34%)
Processed  1080000/ 1232324 entries, 87.64% (elapsed time 11590.2s, curr speed    0.093 kHz, avg speed    0.093 kHz), accepted    14422/ 1080001 events ( 1.34%)
Processed  1090000/ 1232324 entries, 88.45% (elapsed time 11697.6s, curr speed    0.093 kHz, avg speed    0.093 kHz), accepted    14563/ 1090001 events ( 1.34%)
Bad event
Processed  1100000/ 1232324 entries, 89.26% (elapsed time 11805.7s, curr speed    0.093 kHz, avg speed    0.093 kHz), accepted    14695/ 1100001 events ( 1.34%)
Processed  1110000/ 1232324 entries, 90.07% (elapsed time 11915.0s, curr speed    0.092 kHz, avg speed    0.093 kHz), accepted    14822/ 1110001 events ( 1.34%)
Bad event
Processed  1120000/ 1232324 entries, 90.89% (elapsed time 12025.2s, curr speed    0.091 kHz, avg speed    0.093 kHz), accepted    14960/ 1120001 events ( 1.34%)
Bad event
Processed  1130000/ 1232324 entries, 91.70% (elapsed time 12134.3s, curr speed    0.092 kHz, avg speed    0.093 kHz), accepted    15083/ 1130001 events ( 1.33%)
Processed  1140000/ 1232324 entries, 92.51% (elapsed time 12243.4s, curr speed    0.092 kHz, avg speed    0.093 kHz), accepted    15233/ 1140001 events ( 1.34%)
Processed  1150000/ 1232324 entries, 93.32% (elapsed time 12353.1s, curr speed    0.091 kHz, avg speed    0.093 kHz), accepted    15361/ 1150001 events ( 1.34%)
Processed  1160000/ 1232324 entries, 94.13% (elapsed time 12462.9s, curr speed    0.091 kHz, avg speed    0.093 kHz), accepted    15491/ 1160001 events ( 1.34%)
Processed  1170000/ 1232324 entries, 94.94% (elapsed time 12573.1s, curr speed    0.091 kHz, avg speed    0.093 kHz), accepted    15609/ 1170001 events ( 1.33%)
Processed  1180000/ 1232324 entries, 95.75% (elapsed time 12682.7s, curr speed    0.091 kHz, avg speed    0.093 kHz), accepted    15743/ 1180001 events ( 1.33%)
Processed  1190000/ 1232324 entries, 96.57% (elapsed time 12792.8s, curr speed    0.091 kHz, avg speed    0.093 kHz), accepted    15883/ 1190001 events ( 1.33%)
Processed  1200000/ 1232324 entries, 97.38% (elapsed time 12903.6s, curr speed    0.090 kHz, avg speed    0.093 kHz), accepted    16021/ 1200001 events ( 1.34%)
Processed  1210000/ 1232324 entries, 98.19% (elapsed time 13013.0s, curr speed    0.091 kHz, avg speed    0.093 kHz), accepted    16152/ 1210001 events ( 1.33%)
Processed  1220000/ 1232324 entries, 99.00% (elapsed time 13125.1s, curr speed    0.089 kHz, avg speed    0.093 kHz), accepted    16283/ 1220001 events ( 1.33%)
Processed  1230000/ 1232324 entries, 99.81% (elapsed time 13236.1s, curr speed    0.090 kHz, avg speed    0.093 kHz), accepted    16431/ 1230001 events ( 1.34%)
Processed 1232324 preselected entries from root://cms-xrd-global.cern.ch//store/mc/RunIIAutumn18NanoAODv6/ZZTo2Q2Nu_TuneCP5_13TeV_amcatnloFXFX_madspin_pythia8/NANOAODSIM/Nano25Oct2019_102X_upgrade2018_realistic_v20-v1/260000/68D6D801-FCA8-CD47-87D6-DC0636D2E33D.root (1232324 entries). Finally selected 16455 entries
Done /work/pbaertsc/heavy_resonance/output_2018/ZZTo2Q2Nu_TuneCP5_13TeV_amcatnloFXFX_madspin_pythia8__RunIIAutumn18NanoAODv6-Nano25Oct2019_102X_upgrade2018_realistic_v20-v1__NANOAODSIM/68D6D801-FCA8-CD47-87D6-DC0636D2E33D.root
92.6780292746 Hz
deleting root file with name: /work/pbaertsc/heavy_resonance/output_2018/ZZTo2Q2Nu_TuneCP5_13TeV_amcatnloFXFX_madspin_pythia8__RunIIAutumn18NanoAODv6-Nano25Oct2019_102X_upgrade2018_realistic_v20-v1__NANOAODSIM/68D6D801-FCA8-CD47-87D6-DC0636D2E33D.root
DONE
Complete at
Fri Jan 31 03:24:31 CET 2020
