job start at
Tue Jan 28 20:37:25 CET 2020
SLURM_JOB_ID: 422106
HOSTNAME: t3wn51
JOBLIST:joblist/joblist_GluGluHToBB_M125_13TeV_powheg_pythia8__RunIIAutumn18NanoAODv6-Nano25Oct2019_102X_upgrade2018_realistic_v20-v1__NANOAODSIM_ll.txt
Going to execute
python job.py -i root://cms-xrd-global.cern.ch//store/mc/RunIIAutumn18NanoAODv6/GluGluHToBB_M125_13TeV_powheg_pythia8/NANOAODSIM/Nano25Oct2019_102X_upgrade2018_realistic_v20-v1/60000/7873C8BB-B5E4-7E4D-AF8E-32A7637A4EF3.root -o /work/pbaertsc/heavy_resonance/output_2018/GluGluHToBB_M125_13TeV_powheg_pythia8__RunIIAutumn18NanoAODv6-Nano25Oct2019_102X_upgrade2018_realistic_v20-v1__NANOAODSIM -N GluGluHToBB_M125_13TeV_powheg_pythia8__RunIIAutumn18NanoAODv6-Nano25Oct2019_102X_upgrade2018_realistic_v20-v1__NANOAODSIM -n 9 -c ll -y 2018
TClass::Init:0: RuntimeWarning: no dictionary for class ROOT::TIOFeatures is available
/work/pbaertsc/heavy_resonance/CMSSW_9_4_6/python/PhysicsTools/NanoAODTools/postprocessing/framework/treeReaderArrayTools.py:69: RuntimeWarning: creating executor for unknown type "ULong64_t*"
  ret = _vr.Get()[0]
JEC= Autumn18_V19_MC 	 JER= Autumn18_V7_MC
MET branch= PuppiMET
JEC= Autumn18_V19_MC 	 JER= Autumn18_V7_MC
MET branch= PuppiMET
--------------------------------------------------------------------------------
input files  = ['root://cms-xrd-global.cern.ch//store/mc/RunIIAutumn18NanoAODv6/GluGluHToBB_M125_13TeV_powheg_pythia8/NANOAODSIM/Nano25Oct2019_102X_upgrade2018_realistic_v20-v1/60000/7873C8BB-B5E4-7E4D-AF8E-32A7637A4EF3.root']
output directory = /work/pbaertsc/heavy_resonance/output_2018/GluGluHToBB_M125_13TeV_powheg_pythia8__RunIIAutumn18NanoAODv6-Nano25Oct2019_102X_upgrade2018_realistic_v20-v1__NANOAODSIM
output file  = GluGluHToBB_M125_13TeV_powheg_pythia8__RunIIAutumn18NanoAODv6-Nano25Oct2019_102X_upgrade2018_realistic_v20-v1__NANOAODSIM_9_ll.root
chunck       = 9
channel      = ll
dataType     = mc
year         = 2018
tes          = 1.0
ltf          = 1.0
jtf          = 1.0
--------------------------------------------------------------------------------
job.py: creating PostProcessor...
TreeProducer is called /work/pbaertsc/heavy_resonance/output_2018/GluGluHToBB_M125_13TeV_powheg_pythia8__RunIIAutumn18NanoAODv6-Nano25Oct2019_102X_upgrade2018_realistic_v20-v1__NANOAODSIM/GluGluHToBB_M125_13TeV_powheg_pythia8__RunIIAutumn18NanoAODv6-Nano25Oct2019_102X_upgrade2018_realistic_v20-v1__NANOAODSIM_9_ll.root
job.py: going to run PostProcessor...
Will write selected trees to /work/pbaertsc/heavy_resonance/output_2018/GluGluHToBB_M125_13TeV_powheg_pythia8__RunIIAutumn18NanoAODv6-Nano25Oct2019_102X_upgrade2018_realistic_v20-v1__NANOAODSIM
Loading jet energy scale (JES) uncertainties from file '/tmp/tmpY3HBSJ/Autumn18_V19_MC_Uncertainty_AK4PFchs.txt'
Loading jet energy resolutions (JER) from file '/tmp/tmpCu08l0/Autumn18_V7_MC_PtResolution_AK4PFchs.txt'
Loading JER scale factors and uncertainties from file '/tmp/tmpCu08l0/Autumn18_V7_MC_SF_AK4PFchs.txt'
Loading jet energy scale (JES) uncertainties from file '/tmp/tmpkUg58Z/Autumn18_V19_MC_Uncertainty_AK8PFPuppi.txt'
Loading jet energy resolutions (JER) from file '/tmp/tmp1vyAXh/Autumn18_V7_MC_PtResolution_AK8PFPuppi.txt'
Loading JER scale factors and uncertainties from file '/tmp/tmp1vyAXh/Autumn18_V7_MC_SF_AK8PFPuppi.txt'
Pre-select 2202000 entries out of 2202000 (100.00%)
nanoAODv5? True
Processed    10000/ 2202000 entries,  0.45% (elapsed time   156.4s, curr speed    0.064 kHz, avg speed    0.064 kHz), accepted        0/   10001 events ( 0.00%)
Processed    20000/ 2202000 entries,  0.91% (elapsed time   299.9s, curr speed    0.070 kHz, avg speed    0.067 kHz), accepted        1/   20001 events ( 0.00%)
Processed    30000/ 2202000 entries,  1.36% (elapsed time   485.5s, curr speed    0.054 kHz, avg speed    0.062 kHz), accepted        2/   30001 events ( 0.01%)
Processed    40000/ 2202000 entries,  1.82% (elapsed time   668.3s, curr speed    0.055 kHz, avg speed    0.060 kHz), accepted        2/   40001 events ( 0.00%)
Processed    50000/ 2202000 entries,  2.27% (elapsed time   845.8s, curr speed    0.056 kHz, avg speed    0.059 kHz), accepted        2/   50001 events ( 0.00%)
Processed    60000/ 2202000 entries,  2.72% (elapsed time  1033.2s, curr speed    0.053 kHz, avg speed    0.058 kHz), accepted        3/   60001 events ( 0.00%)
Processed    70000/ 2202000 entries,  3.18% (elapsed time  1217.1s, curr speed    0.054 kHz, avg speed    0.058 kHz), accepted        3/   70001 events ( 0.00%)
Processed    80000/ 2202000 entries,  3.63% (elapsed time  1390.1s, curr speed    0.058 kHz, avg speed    0.058 kHz), accepted        3/   80001 events ( 0.00%)
Processed    90000/ 2202000 entries,  4.09% (elapsed time  1574.6s, curr speed    0.054 kHz, avg speed    0.057 kHz), accepted        3/   90001 events ( 0.00%)
Processed   100000/ 2202000 entries,  4.54% (elapsed time  1748.3s, curr speed    0.058 kHz, avg speed    0.057 kHz), accepted        3/  100001 events ( 0.00%)
Processed   110000/ 2202000 entries,  5.00% (elapsed time  1933.9s, curr speed    0.054 kHz, avg speed    0.057 kHz), accepted        3/  110001 events ( 0.00%)
Processed   120000/ 2202000 entries,  5.45% (elapsed time  2108.8s, curr speed    0.057 kHz, avg speed    0.057 kHz), accepted        3/  120001 events ( 0.00%)
Processed   130000/ 2202000 entries,  5.90% (elapsed time  2290.8s, curr speed    0.055 kHz, avg speed    0.057 kHz), accepted        4/  130001 events ( 0.00%)
Processed   140000/ 2202000 entries,  6.36% (elapsed time  2477.6s, curr speed    0.054 kHz, avg speed    0.057 kHz), accepted        4/  140001 events ( 0.00%)
Processed   150000/ 2202000 entries,  6.81% (elapsed time  2668.1s, curr speed    0.052 kHz, avg speed    0.056 kHz), accepted        4/  150001 events ( 0.00%)
Processed   160000/ 2202000 entries,  7.27% (elapsed time  2856.0s, curr speed    0.053 kHz, avg speed    0.056 kHz), accepted        4/  160001 events ( 0.00%)
Processed   170000/ 2202000 entries,  7.72% (elapsed time  3024.8s, curr speed    0.059 kHz, avg speed    0.056 kHz), accepted        4/  170001 events ( 0.00%)
Processed   180000/ 2202000 entries,  8.17% (elapsed time  3188.3s, curr speed    0.061 kHz, avg speed    0.056 kHz), accepted        4/  180001 events ( 0.00%)
Processed   190000/ 2202000 entries,  8.63% (elapsed time  3360.6s, curr speed    0.058 kHz, avg speed    0.057 kHz), accepted        4/  190001 events ( 0.00%)
Processed   200000/ 2202000 entries,  9.08% (elapsed time  3545.0s, curr speed    0.054 kHz, avg speed    0.056 kHz), accepted        4/  200001 events ( 0.00%)
Processed   210000/ 2202000 entries,  9.54% (elapsed time  3717.5s, curr speed    0.058 kHz, avg speed    0.056 kHz), accepted        4/  210001 events ( 0.00%)
Processed   220000/ 2202000 entries,  9.99% (elapsed time  3883.9s, curr speed    0.060 kHz, avg speed    0.057 kHz), accepted        4/  220001 events ( 0.00%)
Processed   230000/ 2202000 entries, 10.45% (elapsed time  4043.3s, curr speed    0.063 kHz, avg speed    0.057 kHz), accepted        4/  230001 events ( 0.00%)
%MSG-e SimpleJetCorrectionUncertainty: 
 bin variables out of range
%MSG
%MSG-e SimpleJetCorrectionUncertainty: 
 bin variables out of range
%MSG
Processed   240000/ 2202000 entries, 10.90% (elapsed time  4233.3s, curr speed    0.053 kHz, avg speed    0.057 kHz), accepted        4/  240001 events ( 0.00%)
Processed   250000/ 2202000 entries, 11.35% (elapsed time  4413.7s, curr speed    0.055 kHz, avg speed    0.057 kHz), accepted        5/  250001 events ( 0.00%)
Processed   260000/ 2202000 entries, 11.81% (elapsed time  4584.7s, curr speed    0.059 kHz, avg speed    0.057 kHz), accepted        5/  260001 events ( 0.00%)
Processed   270000/ 2202000 entries, 12.26% (elapsed time  4759.8s, curr speed    0.057 kHz, avg speed    0.057 kHz), accepted        5/  270001 events ( 0.00%)
Processed   280000/ 2202000 entries, 12.72% (elapsed time  4935.9s, curr speed    0.057 kHz, avg speed    0.057 kHz), accepted        5/  280001 events ( 0.00%)
Processed   290000/ 2202000 entries, 13.17% (elapsed time  5091.8s, curr speed    0.064 kHz, avg speed    0.057 kHz), accepted        6/  290001 events ( 0.00%)
Processed   300000/ 2202000 entries, 13.62% (elapsed time  5274.6s, curr speed    0.055 kHz, avg speed    0.057 kHz), accepted        6/  300001 events ( 0.00%)
Processed   310000/ 2202000 entries, 14.08% (elapsed time  5448.8s, curr speed    0.057 kHz, avg speed    0.057 kHz), accepted        6/  310001 events ( 0.00%)
Processed   320000/ 2202000 entries, 14.53% (elapsed time  5631.7s, curr speed    0.055 kHz, avg speed    0.057 kHz), accepted        6/  320001 events ( 0.00%)
Processed   330000/ 2202000 entries, 14.99% (elapsed time  5805.1s, curr speed    0.058 kHz, avg speed    0.057 kHz), accepted        6/  330001 events ( 0.00%)
Processed   340000/ 2202000 entries, 15.44% (elapsed time  5983.3s, curr speed    0.056 kHz, avg speed    0.057 kHz), accepted        8/  340001 events ( 0.00%)
Processed   350000/ 2202000 entries, 15.89% (elapsed time  6163.5s, curr speed    0.055 kHz, avg speed    0.057 kHz), accepted        8/  350001 events ( 0.00%)
Processed   360000/ 2202000 entries, 16.35% (elapsed time  6334.7s, curr speed    0.058 kHz, avg speed    0.057 kHz), accepted        8/  360001 events ( 0.00%)
Processed   370000/ 2202000 entries, 16.80% (elapsed time  6514.2s, curr speed    0.056 kHz, avg speed    0.057 kHz), accepted        8/  370001 events ( 0.00%)
Processed   380000/ 2202000 entries, 17.26% (elapsed time  6686.9s, curr speed    0.058 kHz, avg speed    0.057 kHz), accepted        8/  380001 events ( 0.00%)
Processed   390000/ 2202000 entries, 17.71% (elapsed time  6870.7s, curr speed    0.054 kHz, avg speed    0.057 kHz), accepted       10/  390001 events ( 0.00%)
Processed   400000/ 2202000 entries, 18.17% (elapsed time  7041.6s, curr speed    0.059 kHz, avg speed    0.057 kHz), accepted       10/  400001 events ( 0.00%)
Processed   410000/ 2202000 entries, 18.62% (elapsed time  7220.2s, curr speed    0.056 kHz, avg speed    0.057 kHz), accepted       10/  410001 events ( 0.00%)
Processed   420000/ 2202000 entries, 19.07% (elapsed time  7392.4s, curr speed    0.058 kHz, avg speed    0.057 kHz), accepted       10/  420001 events ( 0.00%)
Processed   430000/ 2202000 entries, 19.53% (elapsed time  7567.1s, curr speed    0.057 kHz, avg speed    0.057 kHz), accepted       10/  430001 events ( 0.00%)
Processed   440000/ 2202000 entries, 19.98% (elapsed time  7749.4s, curr speed    0.055 kHz, avg speed    0.057 kHz), accepted       11/  440001 events ( 0.00%)
Processed   450000/ 2202000 entries, 20.44% (elapsed time  7909.8s, curr speed    0.062 kHz, avg speed    0.057 kHz), accepted       12/  450001 events ( 0.00%)
Processed   460000/ 2202000 entries, 20.89% (elapsed time  8080.4s, curr speed    0.059 kHz, avg speed    0.057 kHz), accepted       12/  460001 events ( 0.00%)
Processed   470000/ 2202000 entries, 21.34% (elapsed time  8264.5s, curr speed    0.054 kHz, avg speed    0.057 kHz), accepted       13/  470001 events ( 0.00%)
Processed   480000/ 2202000 entries, 21.80% (elapsed time  8452.8s, curr speed    0.053 kHz, avg speed    0.057 kHz), accepted       13/  480001 events ( 0.00%)
Processed   490000/ 2202000 entries, 22.25% (elapsed time  8637.7s, curr speed    0.054 kHz, avg speed    0.057 kHz), accepted       13/  490001 events ( 0.00%)
Processed   500000/ 2202000 entries, 22.71% (elapsed time  8827.6s, curr speed    0.053 kHz, avg speed    0.057 kHz), accepted       13/  500001 events ( 0.00%)
Processed   510000/ 2202000 entries, 23.16% (elapsed time  9011.1s, curr speed    0.054 kHz, avg speed    0.057 kHz), accepted       13/  510001 events ( 0.00%)
Processed   520000/ 2202000 entries, 23.61% (elapsed time  9193.5s, curr speed    0.055 kHz, avg speed    0.057 kHz), accepted       13/  520001 events ( 0.00%)
Processed   530000/ 2202000 entries, 24.07% (elapsed time  9368.0s, curr speed    0.057 kHz, avg speed    0.057 kHz), accepted       13/  530001 events ( 0.00%)
Processed   540000/ 2202000 entries, 24.52% (elapsed time  9515.5s, curr speed    0.068 kHz, avg speed    0.057 kHz), accepted       13/  540001 events ( 0.00%)
Processed   550000/ 2202000 entries, 24.98% (elapsed time  9690.1s, curr speed    0.057 kHz, avg speed    0.057 kHz), accepted       13/  550001 events ( 0.00%)
Processed   560000/ 2202000 entries, 25.43% (elapsed time  9865.5s, curr speed    0.057 kHz, avg speed    0.057 kHz), accepted       13/  560001 events ( 0.00%)
Processed   570000/ 2202000 entries, 25.89% (elapsed time 10029.4s, curr speed    0.061 kHz, avg speed    0.057 kHz), accepted       13/  570001 events ( 0.00%)
Processed   580000/ 2202000 entries, 26.34% (elapsed time 10198.4s, curr speed    0.059 kHz, avg speed    0.057 kHz), accepted       13/  580001 events ( 0.00%)
Processed   590000/ 2202000 entries, 26.79% (elapsed time 10347.3s, curr speed    0.067 kHz, avg speed    0.057 kHz), accepted       13/  590001 events ( 0.00%)
Processed   600000/ 2202000 entries, 27.25% (elapsed time 10510.8s, curr speed    0.061 kHz, avg speed    0.057 kHz), accepted       13/  600001 events ( 0.00%)
Processed   610000/ 2202000 entries, 27.70% (elapsed time 10673.7s, curr speed    0.061 kHz, avg speed    0.057 kHz), accepted       13/  610001 events ( 0.00%)
Processed   620000/ 2202000 entries, 28.16% (elapsed time 10825.8s, curr speed    0.066 kHz, avg speed    0.057 kHz), accepted       13/  620001 events ( 0.00%)
Processed   630000/ 2202000 entries, 28.61% (elapsed time 11000.6s, curr speed    0.057 kHz, avg speed    0.057 kHz), accepted       13/  630001 events ( 0.00%)
Processed   640000/ 2202000 entries, 29.06% (elapsed time 11185.7s, curr speed    0.054 kHz, avg speed    0.057 kHz), accepted       13/  640001 events ( 0.00%)
Processed   650000/ 2202000 entries, 29.52% (elapsed time 11368.4s, curr speed    0.055 kHz, avg speed    0.057 kHz), accepted       13/  650001 events ( 0.00%)
Processed   660000/ 2202000 entries, 29.97% (elapsed time 11556.8s, curr speed    0.053 kHz, avg speed    0.057 kHz), accepted       13/  660001 events ( 0.00%)
Processed   670000/ 2202000 entries, 30.43% (elapsed time 11738.4s, curr speed    0.055 kHz, avg speed    0.057 kHz), accepted       13/  670001 events ( 0.00%)
Processed   680000/ 2202000 entries, 30.88% (elapsed time 11922.6s, curr speed    0.054 kHz, avg speed    0.057 kHz), accepted       13/  680001 events ( 0.00%)
Processed   690000/ 2202000 entries, 31.34% (elapsed time 12095.8s, curr speed    0.058 kHz, avg speed    0.057 kHz), accepted       13/  690001 events ( 0.00%)
Processed   700000/ 2202000 entries, 31.79% (elapsed time 12270.3s, curr speed    0.057 kHz, avg speed    0.057 kHz), accepted       14/  700001 events ( 0.00%)
Processed   710000/ 2202000 entries, 32.24% (elapsed time 12445.0s, curr speed    0.057 kHz, avg speed    0.057 kHz), accepted       14/  710001 events ( 0.00%)
Processed   720000/ 2202000 entries, 32.70% (elapsed time 12601.9s, curr speed    0.064 kHz, avg speed    0.057 kHz), accepted       14/  720001 events ( 0.00%)
Processed   730000/ 2202000 entries, 33.15% (elapsed time 12788.1s, curr speed    0.054 kHz, avg speed    0.057 kHz), accepted       14/  730001 events ( 0.00%)
Processed   740000/ 2202000 entries, 33.61% (elapsed time 12925.7s, curr speed    0.073 kHz, avg speed    0.057 kHz), accepted       14/  740001 events ( 0.00%)
Processed   750000/ 2202000 entries, 34.06% (elapsed time 13029.0s, curr speed    0.097 kHz, avg speed    0.058 kHz), accepted       15/  750001 events ( 0.00%)
Processed   760000/ 2202000 entries, 34.51% (elapsed time 13132.2s, curr speed    0.097 kHz, avg speed    0.058 kHz), accepted       16/  760001 events ( 0.00%)
Processed   770000/ 2202000 entries, 34.97% (elapsed time 13235.7s, curr speed    0.097 kHz, avg speed    0.058 kHz), accepted       16/  770001 events ( 0.00%)
Processed   780000/ 2202000 entries, 35.42% (elapsed time 13336.5s, curr speed    0.099 kHz, avg speed    0.058 kHz), accepted       16/  780001 events ( 0.00%)
Processed   790000/ 2202000 entries, 35.88% (elapsed time 13438.4s, curr speed    0.098 kHz, avg speed    0.059 kHz), accepted       16/  790001 events ( 0.00%)
Processed   800000/ 2202000 entries, 36.33% (elapsed time 13539.1s, curr speed    0.099 kHz, avg speed    0.059 kHz), accepted       16/  800001 events ( 0.00%)
Processed   810000/ 2202000 entries, 36.78% (elapsed time 13641.2s, curr speed    0.098 kHz, avg speed    0.059 kHz), accepted       16/  810001 events ( 0.00%)
Processed   820000/ 2202000 entries, 37.24% (elapsed time 13741.7s, curr speed    0.100 kHz, avg speed    0.060 kHz), accepted       16/  820001 events ( 0.00%)
Processed   830000/ 2202000 entries, 37.69% (elapsed time 13843.9s, curr speed    0.098 kHz, avg speed    0.060 kHz), accepted       16/  830001 events ( 0.00%)
Processed   840000/ 2202000 entries, 38.15% (elapsed time 13944.2s, curr speed    0.100 kHz, avg speed    0.060 kHz), accepted       16/  840001 events ( 0.00%)
Processed   850000/ 2202000 entries, 38.60% (elapsed time 14047.9s, curr speed    0.096 kHz, avg speed    0.061 kHz), accepted       17/  850001 events ( 0.00%)
Processed   860000/ 2202000 entries, 39.06% (elapsed time 14149.2s, curr speed    0.099 kHz, avg speed    0.061 kHz), accepted       17/  860001 events ( 0.00%)
Processed   870000/ 2202000 entries, 39.51% (elapsed time 14251.2s, curr speed    0.098 kHz, avg speed    0.061 kHz), accepted       17/  870001 events ( 0.00%)
Processed   880000/ 2202000 entries, 39.96% (elapsed time 14352.6s, curr speed    0.099 kHz, avg speed    0.061 kHz), accepted       17/  880001 events ( 0.00%)
Processed   890000/ 2202000 entries, 40.42% (elapsed time 14455.5s, curr speed    0.097 kHz, avg speed    0.062 kHz), accepted       18/  890001 events ( 0.00%)
Processed   900000/ 2202000 entries, 40.87% (elapsed time 14555.9s, curr speed    0.100 kHz, avg speed    0.062 kHz), accepted       18/  900001 events ( 0.00%)
Processed   910000/ 2202000 entries, 41.33% (elapsed time 14660.9s, curr speed    0.095 kHz, avg speed    0.062 kHz), accepted       18/  910001 events ( 0.00%)
Processed   920000/ 2202000 entries, 41.78% (elapsed time 14813.3s, curr speed    0.066 kHz, avg speed    0.062 kHz), accepted       19/  920001 events ( 0.00%)
Processed   930000/ 2202000 entries, 42.23% (elapsed time 14921.0s, curr speed    0.093 kHz, avg speed    0.062 kHz), accepted       19/  930001 events ( 0.00%)
Processed   940000/ 2202000 entries, 42.69% (elapsed time 15021.8s, curr speed    0.099 kHz, avg speed    0.063 kHz), accepted       19/  940001 events ( 0.00%)
Processed   950000/ 2202000 entries, 43.14% (elapsed time 15125.0s, curr speed    0.097 kHz, avg speed    0.063 kHz), accepted       19/  950001 events ( 0.00%)
Processed   960000/ 2202000 entries, 43.60% (elapsed time 15225.8s, curr speed    0.099 kHz, avg speed    0.063 kHz), accepted       19/  960001 events ( 0.00%)
Processed   970000/ 2202000 entries, 44.05% (elapsed time 15327.4s, curr speed    0.098 kHz, avg speed    0.063 kHz), accepted       19/  970001 events ( 0.00%)
Processed   980000/ 2202000 entries, 44.50% (elapsed time 15441.9s, curr speed    0.087 kHz, avg speed    0.063 kHz), accepted       19/  980001 events ( 0.00%)
Processed   990000/ 2202000 entries, 44.96% (elapsed time 15633.6s, curr speed    0.052 kHz, avg speed    0.063 kHz), accepted       19/  990001 events ( 0.00%)
Processed  1000000/ 2202000 entries, 45.41% (elapsed time 15825.0s, curr speed    0.052 kHz, avg speed    0.063 kHz), accepted       19/ 1000001 events ( 0.00%)
Processed  1010000/ 2202000 entries, 45.87% (elapsed time 15962.7s, curr speed    0.073 kHz, avg speed    0.063 kHz), accepted       19/ 1010001 events ( 0.00%)
Processed  1020000/ 2202000 entries, 46.32% (elapsed time 16070.4s, curr speed    0.093 kHz, avg speed    0.063 kHz), accepted       19/ 1020001 events ( 0.00%)
Processed  1030000/ 2202000 entries, 46.78% (elapsed time 16178.6s, curr speed    0.092 kHz, avg speed    0.064 kHz), accepted       19/ 1030001 events ( 0.00%)
Processed  1040000/ 2202000 entries, 47.23% (elapsed time 16285.3s, curr speed    0.094 kHz, avg speed    0.064 kHz), accepted       19/ 1040001 events ( 0.00%)
Processed  1050000/ 2202000 entries, 47.68% (elapsed time 16392.3s, curr speed    0.093 kHz, avg speed    0.064 kHz), accepted       19/ 1050001 events ( 0.00%)
Processed  1060000/ 2202000 entries, 48.14% (elapsed time 16499.4s, curr speed    0.093 kHz, avg speed    0.064 kHz), accepted       19/ 1060001 events ( 0.00%)
Processed  1070000/ 2202000 entries, 48.59% (elapsed time 16606.5s, curr speed    0.093 kHz, avg speed    0.064 kHz), accepted       19/ 1070001 events ( 0.00%)
Processed  1080000/ 2202000 entries, 49.05% (elapsed time 16712.3s, curr speed    0.095 kHz, avg speed    0.065 kHz), accepted       19/ 1080001 events ( 0.00%)
Processed  1090000/ 2202000 entries, 49.50% (elapsed time 16818.0s, curr speed    0.095 kHz, avg speed    0.065 kHz), accepted       19/ 1090001 events ( 0.00%)
Processed  1100000/ 2202000 entries, 49.95% (elapsed time 16922.8s, curr speed    0.095 kHz, avg speed    0.065 kHz), accepted       19/ 1100001 events ( 0.00%)
Processed  1110000/ 2202000 entries, 50.41% (elapsed time 17028.0s, curr speed    0.095 kHz, avg speed    0.065 kHz), accepted       19/ 1110001 events ( 0.00%)
Processed  1120000/ 2202000 entries, 50.86% (elapsed time 17131.7s, curr speed    0.096 kHz, avg speed    0.065 kHz), accepted       19/ 1120001 events ( 0.00%)
Processed  1130000/ 2202000 entries, 51.32% (elapsed time 17235.6s, curr speed    0.096 kHz, avg speed    0.066 kHz), accepted       19/ 1130001 events ( 0.00%)
Processed  1140000/ 2202000 entries, 51.77% (elapsed time 17339.9s, curr speed    0.096 kHz, avg speed    0.066 kHz), accepted       19/ 1140001 events ( 0.00%)
Processed  1150000/ 2202000 entries, 52.23% (elapsed time 17443.2s, curr speed    0.097 kHz, avg speed    0.066 kHz), accepted       19/ 1150001 events ( 0.00%)
Processed  1160000/ 2202000 entries, 52.68% (elapsed time 17547.3s, curr speed    0.096 kHz, avg speed    0.066 kHz), accepted       19/ 1160001 events ( 0.00%)
Processed  1170000/ 2202000 entries, 53.13% (elapsed time 17651.5s, curr speed    0.096 kHz, avg speed    0.066 kHz), accepted       19/ 1170001 events ( 0.00%)
Processed  1180000/ 2202000 entries, 53.59% (elapsed time 17755.3s, curr speed    0.096 kHz, avg speed    0.066 kHz), accepted       19/ 1180001 events ( 0.00%)
Processed  1190000/ 2202000 entries, 54.04% (elapsed time 17859.4s, curr speed    0.096 kHz, avg speed    0.067 kHz), accepted       19/ 1190001 events ( 0.00%)
Processed  1200000/ 2202000 entries, 54.50% (elapsed time 17962.4s, curr speed    0.097 kHz, avg speed    0.067 kHz), accepted       19/ 1200001 events ( 0.00%)
Processed  1210000/ 2202000 entries, 54.95% (elapsed time 18065.9s, curr speed    0.097 kHz, avg speed    0.067 kHz), accepted       20/ 1210001 events ( 0.00%)
Processed  1220000/ 2202000 entries, 55.40% (elapsed time 18169.9s, curr speed    0.096 kHz, avg speed    0.067 kHz), accepted       20/ 1220001 events ( 0.00%)
Processed  1230000/ 2202000 entries, 55.86% (elapsed time 18272.8s, curr speed    0.097 kHz, avg speed    0.067 kHz), accepted       20/ 1230001 events ( 0.00%)
Processed  1240000/ 2202000 entries, 56.31% (elapsed time 18377.0s, curr speed    0.096 kHz, avg speed    0.067 kHz), accepted       21/ 1240001 events ( 0.00%)
Processed  1250000/ 2202000 entries, 56.77% (elapsed time 18479.3s, curr speed    0.098 kHz, avg speed    0.068 kHz), accepted       21/ 1250001 events ( 0.00%)
Processed  1260000/ 2202000 entries, 57.22% (elapsed time 18580.5s, curr speed    0.099 kHz, avg speed    0.068 kHz), accepted       21/ 1260001 events ( 0.00%)
Processed  1270000/ 2202000 entries, 57.67% (elapsed time 18679.3s, curr speed    0.101 kHz, avg speed    0.068 kHz), accepted       21/ 1270001 events ( 0.00%)
Processed  1280000/ 2202000 entries, 58.13% (elapsed time 18779.1s, curr speed    0.100 kHz, avg speed    0.068 kHz), accepted       21/ 1280001 events ( 0.00%)
Processed  1290000/ 2202000 entries, 58.58% (elapsed time 18877.8s, curr speed    0.101 kHz, avg speed    0.068 kHz), accepted       21/ 1290001 events ( 0.00%)
Processed  1300000/ 2202000 entries, 59.04% (elapsed time 18974.4s, curr speed    0.103 kHz, avg speed    0.069 kHz), accepted       21/ 1300001 events ( 0.00%)
Processed  1310000/ 2202000 entries, 59.49% (elapsed time 19073.7s, curr speed    0.101 kHz, avg speed    0.069 kHz), accepted       22/ 1310001 events ( 0.00%)
Processed  1320000/ 2202000 entries, 59.95% (elapsed time 19171.0s, curr speed    0.103 kHz, avg speed    0.069 kHz), accepted       22/ 1320001 events ( 0.00%)
Processed  1330000/ 2202000 entries, 60.40% (elapsed time 19267.6s, curr speed    0.103 kHz, avg speed    0.069 kHz), accepted       22/ 1330001 events ( 0.00%)
Processed  1340000/ 2202000 entries, 60.85% (elapsed time 19366.5s, curr speed    0.101 kHz, avg speed    0.069 kHz), accepted       22/ 1340001 events ( 0.00%)
Processed  1350000/ 2202000 entries, 61.31% (elapsed time 19463.4s, curr speed    0.103 kHz, avg speed    0.069 kHz), accepted       22/ 1350001 events ( 0.00%)
Processed  1360000/ 2202000 entries, 61.76% (elapsed time 19561.2s, curr speed    0.102 kHz, avg speed    0.070 kHz), accepted       22/ 1360001 events ( 0.00%)
Processed  1370000/ 2202000 entries, 62.22% (elapsed time 19658.1s, curr speed    0.103 kHz, avg speed    0.070 kHz), accepted       23/ 1370001 events ( 0.00%)
Processed  1380000/ 2202000 entries, 62.67% (elapsed time 19754.2s, curr speed    0.104 kHz, avg speed    0.070 kHz), accepted       23/ 1380001 events ( 0.00%)
Processed  1390000/ 2202000 entries, 63.12% (elapsed time 19850.1s, curr speed    0.104 kHz, avg speed    0.070 kHz), accepted       23/ 1390001 events ( 0.00%)
Processed  1400000/ 2202000 entries, 63.58% (elapsed time 19948.4s, curr speed    0.102 kHz, avg speed    0.070 kHz), accepted       23/ 1400001 events ( 0.00%)
Processed  1410000/ 2202000 entries, 64.03% (elapsed time 20044.0s, curr speed    0.105 kHz, avg speed    0.070 kHz), accepted       23/ 1410001 events ( 0.00%)
Processed  1420000/ 2202000 entries, 64.49% (elapsed time 20141.1s, curr speed    0.103 kHz, avg speed    0.071 kHz), accepted       23/ 1420001 events ( 0.00%)
Processed  1430000/ 2202000 entries, 64.94% (elapsed time 20236.6s, curr speed    0.105 kHz, avg speed    0.071 kHz), accepted       23/ 1430001 events ( 0.00%)
Processed  1440000/ 2202000 entries, 65.40% (elapsed time 20334.2s, curr speed    0.102 kHz, avg speed    0.071 kHz), accepted       24/ 1440001 events ( 0.00%)
Processed  1450000/ 2202000 entries, 65.85% (elapsed time 20430.6s, curr speed    0.104 kHz, avg speed    0.071 kHz), accepted       24/ 1450001 events ( 0.00%)
Processed  1460000/ 2202000 entries, 66.30% (elapsed time 20526.9s, curr speed    0.104 kHz, avg speed    0.071 kHz), accepted       24/ 1460001 events ( 0.00%)
Processed  1470000/ 2202000 entries, 66.76% (elapsed time 20623.1s, curr speed    0.104 kHz, avg speed    0.071 kHz), accepted       25/ 1470001 events ( 0.00%)
Processed  1480000/ 2202000 entries, 67.21% (elapsed time 20720.3s, curr speed    0.103 kHz, avg speed    0.071 kHz), accepted       25/ 1480001 events ( 0.00%)
Processed  1490000/ 2202000 entries, 67.67% (elapsed time 20816.0s, curr speed    0.105 kHz, avg speed    0.072 kHz), accepted       25/ 1490001 events ( 0.00%)
Processed  1500000/ 2202000 entries, 68.12% (elapsed time 20913.1s, curr speed    0.103 kHz, avg speed    0.072 kHz), accepted       26/ 1500001 events ( 0.00%)
Processed  1510000/ 2202000 entries, 68.57% (elapsed time 21009.3s, curr speed    0.104 kHz, avg speed    0.072 kHz), accepted       26/ 1510001 events ( 0.00%)
Processed  1520000/ 2202000 entries, 69.03% (elapsed time 21106.8s, curr speed    0.103 kHz, avg speed    0.072 kHz), accepted       26/ 1520001 events ( 0.00%)
Processed  1530000/ 2202000 entries, 69.48% (elapsed time 21204.1s, curr speed    0.103 kHz, avg speed    0.072 kHz), accepted       27/ 1530001 events ( 0.00%)
Processed  1540000/ 2202000 entries, 69.94% (elapsed time 21302.0s, curr speed    0.102 kHz, avg speed    0.072 kHz), accepted       27/ 1540001 events ( 0.00%)
Processed  1550000/ 2202000 entries, 70.39% (elapsed time 21398.2s, curr speed    0.104 kHz, avg speed    0.072 kHz), accepted       28/ 1550001 events ( 0.00%)
Processed  1560000/ 2202000 entries, 70.84% (elapsed time 21495.3s, curr speed    0.103 kHz, avg speed    0.073 kHz), accepted       28/ 1560001 events ( 0.00%)
Processed  1570000/ 2202000 entries, 71.30% (elapsed time 21588.6s, curr speed    0.107 kHz, avg speed    0.073 kHz), accepted       28/ 1570001 events ( 0.00%)
Processed  1580000/ 2202000 entries, 71.75% (elapsed time 21686.0s, curr speed    0.103 kHz, avg speed    0.073 kHz), accepted       28/ 1580001 events ( 0.00%)
Processed  1590000/ 2202000 entries, 72.21% (elapsed time 21780.4s, curr speed    0.106 kHz, avg speed    0.073 kHz), accepted       28/ 1590001 events ( 0.00%)
Processed  1600000/ 2202000 entries, 72.66% (elapsed time 21877.6s, curr speed    0.103 kHz, avg speed    0.073 kHz), accepted       28/ 1600001 events ( 0.00%)
Processed  1610000/ 2202000 entries, 73.12% (elapsed time 21971.8s, curr speed    0.106 kHz, avg speed    0.073 kHz), accepted       28/ 1610001 events ( 0.00%)
Processed  1620000/ 2202000 entries, 73.57% (elapsed time 22068.2s, curr speed    0.104 kHz, avg speed    0.073 kHz), accepted       28/ 1620001 events ( 0.00%)
Processed  1630000/ 2202000 entries, 74.02% (elapsed time 22163.1s, curr speed    0.105 kHz, avg speed    0.074 kHz), accepted       28/ 1630001 events ( 0.00%)
Processed  1640000/ 2202000 entries, 74.48% (elapsed time 22256.8s, curr speed    0.107 kHz, avg speed    0.074 kHz), accepted       28/ 1640001 events ( 0.00%)
Processed  1650000/ 2202000 entries, 74.93% (elapsed time 22348.5s, curr speed    0.109 kHz, avg speed    0.074 kHz), accepted       28/ 1650001 events ( 0.00%)
Processed  1660000/ 2202000 entries, 75.39% (elapsed time 22442.2s, curr speed    0.107 kHz, avg speed    0.074 kHz), accepted       28/ 1660001 events ( 0.00%)
Processed  1670000/ 2202000 entries, 75.84% (elapsed time 22535.3s, curr speed    0.107 kHz, avg speed    0.074 kHz), accepted       29/ 1670001 events ( 0.00%)
Processed  1680000/ 2202000 entries, 76.29% (elapsed time 22629.8s, curr speed    0.106 kHz, avg speed    0.074 kHz), accepted       29/ 1680001 events ( 0.00%)
Processed  1690000/ 2202000 entries, 76.75% (elapsed time 22722.2s, curr speed    0.108 kHz, avg speed    0.074 kHz), accepted       29/ 1690001 events ( 0.00%)
Processed  1700000/ 2202000 entries, 77.20% (elapsed time 22816.4s, curr speed    0.106 kHz, avg speed    0.075 kHz), accepted       29/ 1700001 events ( 0.00%)
Processed  1710000/ 2202000 entries, 77.66% (elapsed time 22906.4s, curr speed    0.111 kHz, avg speed    0.075 kHz), accepted       29/ 1710001 events ( 0.00%)
Processed  1720000/ 2202000 entries, 78.11% (elapsed time 22999.0s, curr speed    0.108 kHz, avg speed    0.075 kHz), accepted       29/ 1720001 events ( 0.00%)
Processed  1730000/ 2202000 entries, 78.56% (elapsed time 23088.2s, curr speed    0.112 kHz, avg speed    0.075 kHz), accepted       29/ 1730001 events ( 0.00%)
Processed  1740000/ 2202000 entries, 79.02% (elapsed time 23179.6s, curr speed    0.109 kHz, avg speed    0.075 kHz), accepted       29/ 1740001 events ( 0.00%)
Processed  1750000/ 2202000 entries, 79.47% (elapsed time 23269.2s, curr speed    0.112 kHz, avg speed    0.075 kHz), accepted       29/ 1750001 events ( 0.00%)
Processed  1760000/ 2202000 entries, 79.93% (elapsed time 23360.3s, curr speed    0.110 kHz, avg speed    0.075 kHz), accepted       29/ 1760001 events ( 0.00%)
Processed  1770000/ 2202000 entries, 80.38% (elapsed time 23448.8s, curr speed    0.113 kHz, avg speed    0.075 kHz), accepted       29/ 1770001 events ( 0.00%)
Processed  1780000/ 2202000 entries, 80.84% (elapsed time 23540.7s, curr speed    0.109 kHz, avg speed    0.076 kHz), accepted       30/ 1780001 events ( 0.00%)
Processed  1790000/ 2202000 entries, 81.29% (elapsed time 23630.3s, curr speed    0.112 kHz, avg speed    0.076 kHz), accepted       30/ 1790001 events ( 0.00%)
Processed  1800000/ 2202000 entries, 81.74% (elapsed time 23722.6s, curr speed    0.108 kHz, avg speed    0.076 kHz), accepted       31/ 1800001 events ( 0.00%)
Processed  1810000/ 2202000 entries, 82.20% (elapsed time 23809.7s, curr speed    0.115 kHz, avg speed    0.076 kHz), accepted       31/ 1810001 events ( 0.00%)
Processed  1820000/ 2202000 entries, 82.65% (elapsed time 23902.2s, curr speed    0.108 kHz, avg speed    0.076 kHz), accepted       32/ 1820001 events ( 0.00%)
Processed  1830000/ 2202000 entries, 83.11% (elapsed time 23993.5s, curr speed    0.110 kHz, avg speed    0.076 kHz), accepted       34/ 1830001 events ( 0.00%)
Bad event
Processed  1840000/ 2202000 entries, 83.56% (elapsed time 24085.2s, curr speed    0.109 kHz, avg speed    0.076 kHz), accepted       34/ 1840001 events ( 0.00%)
Processed  1850000/ 2202000 entries, 84.01% (elapsed time 24174.3s, curr speed    0.112 kHz, avg speed    0.077 kHz), accepted       35/ 1850001 events ( 0.00%)
Processed  1860000/ 2202000 entries, 84.47% (elapsed time 24266.4s, curr speed    0.109 kHz, avg speed    0.077 kHz), accepted       36/ 1860001 events ( 0.00%)
Processed  1870000/ 2202000 entries, 84.92% (elapsed time 24355.9s, curr speed    0.112 kHz, avg speed    0.077 kHz), accepted       36/ 1870001 events ( 0.00%)
Processed  1880000/ 2202000 entries, 85.38% (elapsed time 24445.0s, curr speed    0.112 kHz, avg speed    0.077 kHz), accepted       36/ 1880001 events ( 0.00%)
Processed  1890000/ 2202000 entries, 85.83% (elapsed time 24532.2s, curr speed    0.115 kHz, avg speed    0.077 kHz), accepted       36/ 1890001 events ( 0.00%)
Processed  1900000/ 2202000 entries, 86.29% (elapsed time 24622.7s, curr speed    0.110 kHz, avg speed    0.077 kHz), accepted       36/ 1900001 events ( 0.00%)
Processed  1910000/ 2202000 entries, 86.74% (elapsed time 24710.7s, curr speed    0.114 kHz, avg speed    0.077 kHz), accepted       36/ 1910001 events ( 0.00%)
Processed  1920000/ 2202000 entries, 87.19% (elapsed time 24800.8s, curr speed    0.111 kHz, avg speed    0.077 kHz), accepted       36/ 1920001 events ( 0.00%)
Processed  1930000/ 2202000 entries, 87.65% (elapsed time 24888.9s, curr speed    0.113 kHz, avg speed    0.078 kHz), accepted       36/ 1930001 events ( 0.00%)
Processed  1940000/ 2202000 entries, 88.10% (elapsed time 24978.0s, curr speed    0.112 kHz, avg speed    0.078 kHz), accepted       36/ 1940001 events ( 0.00%)
Processed  1950000/ 2202000 entries, 88.56% (elapsed time 25066.1s, curr speed    0.114 kHz, avg speed    0.078 kHz), accepted       36/ 1950001 events ( 0.00%)
Processed  1960000/ 2202000 entries, 89.01% (elapsed time 25155.4s, curr speed    0.112 kHz, avg speed    0.078 kHz), accepted       36/ 1960001 events ( 0.00%)
Processed  1970000/ 2202000 entries, 89.46% (elapsed time 25241.1s, curr speed    0.117 kHz, avg speed    0.078 kHz), accepted       36/ 1970001 events ( 0.00%)
Processed  1980000/ 2202000 entries, 89.92% (elapsed time 25330.2s, curr speed    0.112 kHz, avg speed    0.078 kHz), accepted       36/ 1980001 events ( 0.00%)
Processed  1990000/ 2202000 entries, 90.37% (elapsed time 25415.2s, curr speed    0.118 kHz, avg speed    0.078 kHz), accepted       36/ 1990001 events ( 0.00%)
Processed  2000000/ 2202000 entries, 90.83% (elapsed time 25502.0s, curr speed    0.115 kHz, avg speed    0.078 kHz), accepted       36/ 2000001 events ( 0.00%)
Processed  2010000/ 2202000 entries, 91.28% (elapsed time 25589.2s, curr speed    0.115 kHz, avg speed    0.079 kHz), accepted       36/ 2010001 events ( 0.00%)
Processed  2020000/ 2202000 entries, 91.73% (elapsed time 25678.6s, curr speed    0.112 kHz, avg speed    0.079 kHz), accepted       36/ 2020001 events ( 0.00%)
Processed  2030000/ 2202000 entries, 92.19% (elapsed time 25763.7s, curr speed    0.118 kHz, avg speed    0.079 kHz), accepted       36/ 2030001 events ( 0.00%)
Processed  2040000/ 2202000 entries, 92.64% (elapsed time 25850.6s, curr speed    0.115 kHz, avg speed    0.079 kHz), accepted       36/ 2040001 events ( 0.00%)
Processed  2050000/ 2202000 entries, 93.10% (elapsed time 25934.2s, curr speed    0.120 kHz, avg speed    0.079 kHz), accepted       36/ 2050001 events ( 0.00%)
Processed  2060000/ 2202000 entries, 93.55% (elapsed time 26020.0s, curr speed    0.117 kHz, avg speed    0.079 kHz), accepted       36/ 2060001 events ( 0.00%)
Processed  2070000/ 2202000 entries, 94.01% (elapsed time 26106.3s, curr speed    0.116 kHz, avg speed    0.079 kHz), accepted       37/ 2070001 events ( 0.00%)
Processed  2080000/ 2202000 entries, 94.46% (elapsed time 26193.0s, curr speed    0.115 kHz, avg speed    0.079 kHz), accepted       37/ 2080001 events ( 0.00%)
Processed  2090000/ 2202000 entries, 94.91% (elapsed time 26277.5s, curr speed    0.118 kHz, avg speed    0.080 kHz), accepted       37/ 2090001 events ( 0.00%)
Processed  2100000/ 2202000 entries, 95.37% (elapsed time 26363.7s, curr speed    0.116 kHz, avg speed    0.080 kHz), accepted       38/ 2100001 events ( 0.00%)
Processed  2110000/ 2202000 entries, 95.82% (elapsed time 26449.8s, curr speed    0.116 kHz, avg speed    0.080 kHz), accepted       39/ 2110001 events ( 0.00%)
Processed  2120000/ 2202000 entries, 96.28% (elapsed time 26537.2s, curr speed    0.114 kHz, avg speed    0.080 kHz), accepted       40/ 2120001 events ( 0.00%)
Processed  2130000/ 2202000 entries, 96.73% (elapsed time 26622.4s, curr speed    0.117 kHz, avg speed    0.080 kHz), accepted       40/ 2130001 events ( 0.00%)
Processed  2140000/ 2202000 entries, 97.18% (elapsed time 26706.9s, curr speed    0.118 kHz, avg speed    0.080 kHz), accepted       40/ 2140001 events ( 0.00%)
Processed  2150000/ 2202000 entries, 97.64% (elapsed time 26790.6s, curr speed    0.119 kHz, avg speed    0.080 kHz), accepted       40/ 2150001 events ( 0.00%)
Processed  2160000/ 2202000 entries, 98.09% (elapsed time 26876.7s, curr speed    0.116 kHz, avg speed    0.080 kHz), accepted       40/ 2160001 events ( 0.00%)
Processed  2170000/ 2202000 entries, 98.55% (elapsed time 26962.0s, curr speed    0.117 kHz, avg speed    0.080 kHz), accepted       40/ 2170001 events ( 0.00%)
Processed  2180000/ 2202000 entries, 99.00% (elapsed time 27047.6s, curr speed    0.117 kHz, avg speed    0.081 kHz), accepted       40/ 2180001 events ( 0.00%)
Processed  2190000/ 2202000 entries, 99.46% (elapsed time 27133.9s, curr speed    0.116 kHz, avg speed    0.081 kHz), accepted       40/ 2190001 events ( 0.00%)
Processed  2200000/ 2202000 entries, 99.91% (elapsed time 27219.1s, curr speed    0.117 kHz, avg speed    0.081 kHz), accepted       40/ 2200001 events ( 0.00%)
Processed 2202000 preselected entries from root://cms-xrd-global.cern.ch//store/mc/RunIIAutumn18NanoAODv6/GluGluHToBB_M125_13TeV_powheg_pythia8/NANOAODSIM/Nano25Oct2019_102X_upgrade2018_realistic_v20-v1/60000/7873C8BB-B5E4-7E4D-AF8E-32A7637A4EF3.root (2202000 entries). Finally selected 40 entries
Done /work/pbaertsc/heavy_resonance/output_2018/GluGluHToBB_M125_13TeV_powheg_pythia8__RunIIAutumn18NanoAODv6-Nano25Oct2019_102X_upgrade2018_realistic_v20-v1__NANOAODSIM/7873C8BB-B5E4-7E4D-AF8E-32A7637A4EF3.root
80.8425541695 Hz
deleting root file with name: /work/pbaertsc/heavy_resonance/output_2018/GluGluHToBB_M125_13TeV_powheg_pythia8__RunIIAutumn18NanoAODv6-Nano25Oct2019_102X_upgrade2018_realistic_v20-v1__NANOAODSIM/7873C8BB-B5E4-7E4D-AF8E-32A7637A4EF3.root
DONE
Complete at
Wed Jan 29 06:21:38 CET 2020
