job start at
Sat Feb  1 14:53:04 CET 2020
SLURM_JOB_ID: 528952
HOSTNAME: t3wn55
JOBLIST:joblist/joblist_WWTo4Q_NNPDF31_TuneCP5_13TeV-powheg-pythia8__RunIIAutumn18NanoAODv6-Nano25Oct2019_102X_upgrade2018_realistic_v20-v1__NANOAODSIM_ll.txt
Going to execute
python job.py -i root://cms-xrd-global.cern.ch//store/mc/RunIIAutumn18NanoAODv6/WWTo4Q_NNPDF31_TuneCP5_13TeV-powheg-pythia8/NANOAODSIM/Nano25Oct2019_102X_upgrade2018_realistic_v20-v1/60000/C46D48CE-D1A1-EB43-B02E-5A2837CC3DBA.root -o /work/pbaertsc/heavy_resonance/output_2018/WWTo4Q_NNPDF31_TuneCP5_13TeV-powheg-pythia8__RunIIAutumn18NanoAODv6-Nano25Oct2019_102X_upgrade2018_realistic_v20-v1__NANOAODSIM -N WWTo4Q_NNPDF31_TuneCP5_13TeV-powheg-pythia8__RunIIAutumn18NanoAODv6-Nano25Oct2019_102X_upgrade2018_realistic_v20-v1__NANOAODSIM -n 3 -c ll -y 2018
TClass::Init:0: RuntimeWarning: no dictionary for class ROOT::TIOFeatures is available
/work/pbaertsc/heavy_resonance/CMSSW_9_4_6/python/PhysicsTools/NanoAODTools/postprocessing/framework/treeReaderArrayTools.py:69: RuntimeWarning: creating executor for unknown type "ULong64_t*"
  ret = _vr.Get()[0]
JEC= Autumn18_V19_MC 	 JER= Autumn18_V7_MC
MET branch= PuppiMET
JEC= Autumn18_V19_MC 	 JER= Autumn18_V7_MC
MET branch= PuppiMET
--------------------------------------------------------------------------------
input files  = ['root://cms-xrd-global.cern.ch//store/mc/RunIIAutumn18NanoAODv6/WWTo4Q_NNPDF31_TuneCP5_13TeV-powheg-pythia8/NANOAODSIM/Nano25Oct2019_102X_upgrade2018_realistic_v20-v1/60000/C46D48CE-D1A1-EB43-B02E-5A2837CC3DBA.root']
output directory = /work/pbaertsc/heavy_resonance/output_2018/WWTo4Q_NNPDF31_TuneCP5_13TeV-powheg-pythia8__RunIIAutumn18NanoAODv6-Nano25Oct2019_102X_upgrade2018_realistic_v20-v1__NANOAODSIM
output file  = WWTo4Q_NNPDF31_TuneCP5_13TeV-powheg-pythia8__RunIIAutumn18NanoAODv6-Nano25Oct2019_102X_upgrade2018_realistic_v20-v1__NANOAODSIM_3_ll.root
chunck       = 3
channel      = ll
dataType     = mc
year         = 2018
tes          = 1.0
ltf          = 1.0
jtf          = 1.0
--------------------------------------------------------------------------------
job.py: creating PostProcessor...
TreeProducer is called /work/pbaertsc/heavy_resonance/output_2018/WWTo4Q_NNPDF31_TuneCP5_13TeV-powheg-pythia8__RunIIAutumn18NanoAODv6-Nano25Oct2019_102X_upgrade2018_realistic_v20-v1__NANOAODSIM/WWTo4Q_NNPDF31_TuneCP5_13TeV-powheg-pythia8__RunIIAutumn18NanoAODv6-Nano25Oct2019_102X_upgrade2018_realistic_v20-v1__NANOAODSIM_3_ll.root
job.py: going to run PostProcessor...
Will write selected trees to /work/pbaertsc/heavy_resonance/output_2018/WWTo4Q_NNPDF31_TuneCP5_13TeV-powheg-pythia8__RunIIAutumn18NanoAODv6-Nano25Oct2019_102X_upgrade2018_realistic_v20-v1__NANOAODSIM
Loading jet energy scale (JES) uncertainties from file '/tmp/tmpQB1E8e/Autumn18_V19_MC_Uncertainty_AK4PFchs.txt'
Loading jet energy resolutions (JER) from file '/tmp/tmplfxpTp/Autumn18_V7_MC_PtResolution_AK4PFchs.txt'
Loading JER scale factors and uncertainties from file '/tmp/tmplfxpTp/Autumn18_V7_MC_SF_AK4PFchs.txt'
Loading jet energy scale (JES) uncertainties from file '/tmp/tmpYPSTiX/Autumn18_V19_MC_Uncertainty_AK8PFPuppi.txt'
Loading jet energy resolutions (JER) from file '/tmp/tmpkToDw3/Autumn18_V7_MC_PtResolution_AK8PFPuppi.txt'
Loading JER scale factors and uncertainties from file '/tmp/tmpkToDw3/Autumn18_V7_MC_SF_AK8PFPuppi.txt'
Pre-select 944700 entries out of 944700 (100.00%)
nanoAODv5? True
Processed    10000/  944700 entries,  1.06% (elapsed time   219.8s, curr speed    0.045 kHz, avg speed    0.045 kHz), accepted        0/   10001 events ( 0.00%)
Processed    20000/  944700 entries,  2.12% (elapsed time   452.8s, curr speed    0.043 kHz, avg speed    0.044 kHz), accepted        0/   20001 events ( 0.00%)
Processed    30000/  944700 entries,  3.18% (elapsed time   692.4s, curr speed    0.042 kHz, avg speed    0.043 kHz), accepted        1/   30001 events ( 0.00%)
Processed    40000/  944700 entries,  4.23% (elapsed time   918.4s, curr speed    0.044 kHz, avg speed    0.044 kHz), accepted        1/   40001 events ( 0.00%)
Processed    50000/  944700 entries,  5.29% (elapsed time  1154.2s, curr speed    0.042 kHz, avg speed    0.043 kHz), accepted        1/   50001 events ( 0.00%)
Bad event
Processed    60000/  944700 entries,  6.35% (elapsed time  1385.0s, curr speed    0.043 kHz, avg speed    0.043 kHz), accepted        1/   60001 events ( 0.00%)
Processed    70000/  944700 entries,  7.41% (elapsed time  1619.5s, curr speed    0.043 kHz, avg speed    0.043 kHz), accepted        2/   70001 events ( 0.00%)
Processed    80000/  944700 entries,  8.47% (elapsed time  1858.6s, curr speed    0.042 kHz, avg speed    0.043 kHz), accepted        2/   80001 events ( 0.00%)
Processed    90000/  944700 entries,  9.53% (elapsed time  2088.1s, curr speed    0.044 kHz, avg speed    0.043 kHz), accepted        2/   90001 events ( 0.00%)
Processed   100000/  944700 entries, 10.59% (elapsed time  2310.7s, curr speed    0.045 kHz, avg speed    0.043 kHz), accepted        3/  100001 events ( 0.00%)
%MSG-e SimpleJetCorrectionUncertainty: 
 bin variables out of range
%MSG
%MSG-e SimpleJetCorrectionUncertainty: 
 bin variables out of range
%MSG
Processed   110000/  944700 entries, 11.64% (elapsed time  2537.1s, curr speed    0.044 kHz, avg speed    0.043 kHz), accepted        4/  110001 events ( 0.00%)
Processed   120000/  944700 entries, 12.70% (elapsed time  2763.0s, curr speed    0.044 kHz, avg speed    0.043 kHz), accepted        6/  120001 events ( 0.00%)
Processed   130000/  944700 entries, 13.76% (elapsed time  2986.3s, curr speed    0.045 kHz, avg speed    0.044 kHz), accepted        6/  130001 events ( 0.00%)
Processed   140000/  944700 entries, 14.82% (elapsed time  3208.3s, curr speed    0.045 kHz, avg speed    0.044 kHz), accepted        8/  140001 events ( 0.01%)
Processed   150000/  944700 entries, 15.88% (elapsed time  3429.8s, curr speed    0.045 kHz, avg speed    0.044 kHz), accepted        8/  150001 events ( 0.01%)
Processed   160000/  944700 entries, 16.94% (elapsed time  3644.8s, curr speed    0.047 kHz, avg speed    0.044 kHz), accepted        8/  160001 events ( 0.00%)
Processed   170000/  944700 entries, 18.00% (elapsed time  3846.7s, curr speed    0.050 kHz, avg speed    0.044 kHz), accepted        8/  170001 events ( 0.00%)
Processed   180000/  944700 entries, 19.05% (elapsed time  4071.1s, curr speed    0.045 kHz, avg speed    0.044 kHz), accepted        9/  180001 events ( 0.00%)
Processed   190000/  944700 entries, 20.11% (elapsed time  4294.7s, curr speed    0.045 kHz, avg speed    0.044 kHz), accepted        9/  190001 events ( 0.00%)
Processed   200000/  944700 entries, 21.17% (elapsed time  4524.2s, curr speed    0.044 kHz, avg speed    0.044 kHz), accepted       10/  200001 events ( 0.00%)
Bad event
Processed   210000/  944700 entries, 22.23% (elapsed time  4735.3s, curr speed    0.047 kHz, avg speed    0.044 kHz), accepted       10/  210001 events ( 0.00%)
Processed   220000/  944700 entries, 23.29% (elapsed time  4963.5s, curr speed    0.044 kHz, avg speed    0.044 kHz), accepted       10/  220001 events ( 0.00%)
Processed   230000/  944700 entries, 24.35% (elapsed time  5188.8s, curr speed    0.044 kHz, avg speed    0.044 kHz), accepted       11/  230001 events ( 0.00%)
Processed   240000/  944700 entries, 25.40% (elapsed time  5414.0s, curr speed    0.044 kHz, avg speed    0.044 kHz), accepted       11/  240001 events ( 0.00%)
Bad event
Processed   250000/  944700 entries, 26.46% (elapsed time  5641.1s, curr speed    0.044 kHz, avg speed    0.044 kHz), accepted       11/  250001 events ( 0.00%)
Bad event
Processed   260000/  944700 entries, 27.52% (elapsed time  5861.6s, curr speed    0.045 kHz, avg speed    0.044 kHz), accepted       11/  260001 events ( 0.00%)
Processed   270000/  944700 entries, 28.58% (elapsed time  6078.7s, curr speed    0.046 kHz, avg speed    0.044 kHz), accepted       11/  270001 events ( 0.00%)
Processed   280000/  944700 entries, 29.64% (elapsed time  6299.9s, curr speed    0.045 kHz, avg speed    0.044 kHz), accepted       11/  280001 events ( 0.00%)
Processed   290000/  944700 entries, 30.70% (elapsed time  6528.6s, curr speed    0.044 kHz, avg speed    0.044 kHz), accepted       11/  290001 events ( 0.00%)
Processed   300000/  944700 entries, 31.76% (elapsed time  6751.9s, curr speed    0.045 kHz, avg speed    0.044 kHz), accepted       11/  300001 events ( 0.00%)
Processed   310000/  944700 entries, 32.81% (elapsed time  6980.5s, curr speed    0.044 kHz, avg speed    0.044 kHz), accepted       12/  310001 events ( 0.00%)
Processed   320000/  944700 entries, 33.87% (elapsed time  7194.9s, curr speed    0.047 kHz, avg speed    0.044 kHz), accepted       12/  320001 events ( 0.00%)
Processed   330000/  944700 entries, 34.93% (elapsed time  7424.0s, curr speed    0.044 kHz, avg speed    0.044 kHz), accepted       13/  330001 events ( 0.00%)
Processed   340000/  944700 entries, 35.99% (elapsed time  7637.5s, curr speed    0.047 kHz, avg speed    0.045 kHz), accepted       13/  340001 events ( 0.00%)
Processed   350000/  944700 entries, 37.05% (elapsed time  7864.7s, curr speed    0.044 kHz, avg speed    0.045 kHz), accepted       15/  350001 events ( 0.00%)
Processed   360000/  944700 entries, 38.11% (elapsed time  8085.8s, curr speed    0.045 kHz, avg speed    0.045 kHz), accepted       15/  360001 events ( 0.00%)
Processed   370000/  944700 entries, 39.17% (elapsed time  8313.0s, curr speed    0.044 kHz, avg speed    0.045 kHz), accepted       15/  370001 events ( 0.00%)
Processed   380000/  944700 entries, 40.22% (elapsed time  8536.0s, curr speed    0.045 kHz, avg speed    0.045 kHz), accepted       15/  380001 events ( 0.00%)
Processed   390000/  944700 entries, 41.28% (elapsed time  8761.4s, curr speed    0.044 kHz, avg speed    0.045 kHz), accepted       15/  390001 events ( 0.00%)
Processed   400000/  944700 entries, 42.34% (elapsed time  8986.6s, curr speed    0.044 kHz, avg speed    0.045 kHz), accepted       15/  400001 events ( 0.00%)
Processed   410000/  944700 entries, 43.40% (elapsed time  9209.7s, curr speed    0.045 kHz, avg speed    0.045 kHz), accepted       16/  410001 events ( 0.00%)
Processed   420000/  944700 entries, 44.46% (elapsed time  9437.5s, curr speed    0.044 kHz, avg speed    0.045 kHz), accepted       16/  420001 events ( 0.00%)
Processed   430000/  944700 entries, 45.52% (elapsed time  9659.7s, curr speed    0.045 kHz, avg speed    0.045 kHz), accepted       16/  430001 events ( 0.00%)
Processed   440000/  944700 entries, 46.58% (elapsed time  9892.7s, curr speed    0.043 kHz, avg speed    0.044 kHz), accepted       19/  440001 events ( 0.00%)
Processed   450000/  944700 entries, 47.63% (elapsed time 10124.1s, curr speed    0.043 kHz, avg speed    0.044 kHz), accepted       20/  450001 events ( 0.00%)
Processed   460000/  944700 entries, 48.69% (elapsed time 10357.1s, curr speed    0.043 kHz, avg speed    0.044 kHz), accepted       20/  460001 events ( 0.00%)
Processed   470000/  944700 entries, 49.75% (elapsed time 10554.7s, curr speed    0.051 kHz, avg speed    0.045 kHz), accepted       20/  470001 events ( 0.00%)
Processed   480000/  944700 entries, 50.81% (elapsed time 10777.0s, curr speed    0.045 kHz, avg speed    0.045 kHz), accepted       20/  480001 events ( 0.00%)
Processed   490000/  944700 entries, 51.87% (elapsed time 10997.9s, curr speed    0.045 kHz, avg speed    0.045 kHz), accepted       20/  490001 events ( 0.00%)
Processed   500000/  944700 entries, 52.93% (elapsed time 11180.5s, curr speed    0.055 kHz, avg speed    0.045 kHz), accepted       20/  500001 events ( 0.00%)
Processed   510000/  944700 entries, 53.99% (elapsed time 11304.0s, curr speed    0.081 kHz, avg speed    0.045 kHz), accepted       20/  510001 events ( 0.00%)
Processed   520000/  944700 entries, 55.04% (elapsed time 11424.9s, curr speed    0.083 kHz, avg speed    0.046 kHz), accepted       20/  520001 events ( 0.00%)
Processed   530000/  944700 entries, 56.10% (elapsed time 11547.9s, curr speed    0.081 kHz, avg speed    0.046 kHz), accepted       20/  530001 events ( 0.00%)
Processed   540000/  944700 entries, 57.16% (elapsed time 11670.1s, curr speed    0.082 kHz, avg speed    0.046 kHz), accepted       20/  540001 events ( 0.00%)
Bad event
Processed   550000/  944700 entries, 58.22% (elapsed time 11794.5s, curr speed    0.080 kHz, avg speed    0.047 kHz), accepted       22/  550001 events ( 0.00%)
Processed   560000/  944700 entries, 59.28% (elapsed time 11916.5s, curr speed    0.082 kHz, avg speed    0.047 kHz), accepted       22/  560001 events ( 0.00%)
Bad event
Processed   570000/  944700 entries, 60.34% (elapsed time 12038.6s, curr speed    0.082 kHz, avg speed    0.047 kHz), accepted       22/  570001 events ( 0.00%)
Processed   580000/  944700 entries, 61.40% (elapsed time 12162.5s, curr speed    0.081 kHz, avg speed    0.048 kHz), accepted       22/  580001 events ( 0.00%)
Processed   590000/  944700 entries, 62.45% (elapsed time 12283.9s, curr speed    0.082 kHz, avg speed    0.048 kHz), accepted       22/  590001 events ( 0.00%)
Processed   600000/  944700 entries, 63.51% (elapsed time 12406.7s, curr speed    0.081 kHz, avg speed    0.048 kHz), accepted       23/  600001 events ( 0.00%)
Bad event
Processed   610000/  944700 entries, 64.57% (elapsed time 12528.7s, curr speed    0.082 kHz, avg speed    0.049 kHz), accepted       23/  610001 events ( 0.00%)
Processed   620000/  944700 entries, 65.63% (elapsed time 12647.8s, curr speed    0.084 kHz, avg speed    0.049 kHz), accepted       23/  620001 events ( 0.00%)
Processed   630000/  944700 entries, 66.69% (elapsed time 12770.3s, curr speed    0.082 kHz, avg speed    0.049 kHz), accepted       24/  630001 events ( 0.00%)
Processed   640000/  944700 entries, 67.75% (elapsed time 12891.0s, curr speed    0.083 kHz, avg speed    0.050 kHz), accepted       25/  640001 events ( 0.00%)
Processed   650000/  944700 entries, 68.80% (elapsed time 13011.3s, curr speed    0.083 kHz, avg speed    0.050 kHz), accepted       25/  650001 events ( 0.00%)
Processed   660000/  944700 entries, 69.86% (elapsed time 13132.1s, curr speed    0.083 kHz, avg speed    0.050 kHz), accepted       25/  660001 events ( 0.00%)
Processed   670000/  944700 entries, 70.92% (elapsed time 13251.4s, curr speed    0.084 kHz, avg speed    0.051 kHz), accepted       25/  670001 events ( 0.00%)
Processed   680000/  944700 entries, 71.98% (elapsed time 13372.1s, curr speed    0.083 kHz, avg speed    0.051 kHz), accepted       25/  680001 events ( 0.00%)
Processed   690000/  944700 entries, 73.04% (elapsed time 13493.5s, curr speed    0.082 kHz, avg speed    0.051 kHz), accepted       25/  690001 events ( 0.00%)
Processed   700000/  944700 entries, 74.10% (elapsed time 13612.4s, curr speed    0.084 kHz, avg speed    0.051 kHz), accepted       25/  700001 events ( 0.00%)
Processed   710000/  944700 entries, 75.16% (elapsed time 13734.0s, curr speed    0.082 kHz, avg speed    0.052 kHz), accepted       25/  710001 events ( 0.00%)
Processed   720000/  944700 entries, 76.21% (elapsed time 13853.4s, curr speed    0.084 kHz, avg speed    0.052 kHz), accepted       25/  720001 events ( 0.00%)
Processed   730000/  944700 entries, 77.27% (elapsed time 13973.9s, curr speed    0.083 kHz, avg speed    0.052 kHz), accepted       25/  730001 events ( 0.00%)
Processed   740000/  944700 entries, 78.33% (elapsed time 14095.3s, curr speed    0.082 kHz, avg speed    0.052 kHz), accepted       26/  740001 events ( 0.00%)
Processed   750000/  944700 entries, 79.39% (elapsed time 14214.9s, curr speed    0.084 kHz, avg speed    0.053 kHz), accepted       26/  750001 events ( 0.00%)
Processed   760000/  944700 entries, 80.45% (elapsed time 14336.3s, curr speed    0.082 kHz, avg speed    0.053 kHz), accepted       26/  760001 events ( 0.00%)
Processed   770000/  944700 entries, 81.51% (elapsed time 14456.5s, curr speed    0.083 kHz, avg speed    0.053 kHz), accepted       26/  770001 events ( 0.00%)
Processed   780000/  944700 entries, 82.57% (elapsed time 14576.9s, curr speed    0.083 kHz, avg speed    0.054 kHz), accepted       26/  780001 events ( 0.00%)
Processed   790000/  944700 entries, 83.62% (elapsed time 14698.5s, curr speed    0.082 kHz, avg speed    0.054 kHz), accepted       26/  790001 events ( 0.00%)
Processed   800000/  944700 entries, 84.68% (elapsed time 14817.3s, curr speed    0.084 kHz, avg speed    0.054 kHz), accepted       26/  800001 events ( 0.00%)
Processed   810000/  944700 entries, 85.74% (elapsed time 14938.6s, curr speed    0.082 kHz, avg speed    0.054 kHz), accepted       26/  810001 events ( 0.00%)
Processed   820000/  944700 entries, 86.80% (elapsed time 15059.1s, curr speed    0.083 kHz, avg speed    0.054 kHz), accepted       26/  820001 events ( 0.00%)
Processed   830000/  944700 entries, 87.86% (elapsed time 15180.5s, curr speed    0.082 kHz, avg speed    0.055 kHz), accepted       26/  830001 events ( 0.00%)
Processed   840000/  944700 entries, 88.92% (elapsed time 15301.7s, curr speed    0.082 kHz, avg speed    0.055 kHz), accepted       26/  840001 events ( 0.00%)
Bad event
Processed   850000/  944700 entries, 89.98% (elapsed time 15422.6s, curr speed    0.083 kHz, avg speed    0.055 kHz), accepted       26/  850001 events ( 0.00%)
Processed   860000/  944700 entries, 91.03% (elapsed time 15544.6s, curr speed    0.082 kHz, avg speed    0.055 kHz), accepted       27/  860001 events ( 0.00%)
Processed   870000/  944700 entries, 92.09% (elapsed time 15664.6s, curr speed    0.083 kHz, avg speed    0.056 kHz), accepted       27/  870001 events ( 0.00%)
Processed   880000/  944700 entries, 93.15% (elapsed time 15784.6s, curr speed    0.083 kHz, avg speed    0.056 kHz), accepted       27/  880001 events ( 0.00%)
Processed   890000/  944700 entries, 94.21% (elapsed time 15905.9s, curr speed    0.082 kHz, avg speed    0.056 kHz), accepted       27/  890001 events ( 0.00%)
Processed   900000/  944700 entries, 95.27% (elapsed time 16025.0s, curr speed    0.084 kHz, avg speed    0.056 kHz), accepted       27/  900001 events ( 0.00%)
Processed   910000/  944700 entries, 96.33% (elapsed time 16147.2s, curr speed    0.082 kHz, avg speed    0.056 kHz), accepted       28/  910001 events ( 0.00%)
Processed   920000/  944700 entries, 97.39% (elapsed time 16268.5s, curr speed    0.082 kHz, avg speed    0.057 kHz), accepted       28/  920001 events ( 0.00%)
Processed   930000/  944700 entries, 98.44% (elapsed time 16388.3s, curr speed    0.084 kHz, avg speed    0.057 kHz), accepted       28/  930001 events ( 0.00%)
Processed   940000/  944700 entries, 99.50% (elapsed time 16509.8s, curr speed    0.082 kHz, avg speed    0.057 kHz), accepted       28/  940001 events ( 0.00%)
Processed 944700 preselected entries from root://cms-xrd-global.cern.ch//store/mc/RunIIAutumn18NanoAODv6/WWTo4Q_NNPDF31_TuneCP5_13TeV-powheg-pythia8/NANOAODSIM/Nano25Oct2019_102X_upgrade2018_realistic_v20-v1/60000/C46D48CE-D1A1-EB43-B02E-5A2837CC3DBA.root (944700 entries). Finally selected 28 entries
Done /work/pbaertsc/heavy_resonance/output_2018/WWTo4Q_NNPDF31_TuneCP5_13TeV-powheg-pythia8__RunIIAutumn18NanoAODv6-Nano25Oct2019_102X_upgrade2018_realistic_v20-v1__NANOAODSIM/C46D48CE-D1A1-EB43-B02E-5A2837CC3DBA.root
57.0208980052 Hz
deleting root file with name: /work/pbaertsc/heavy_resonance/output_2018/WWTo4Q_NNPDF31_TuneCP5_13TeV-powheg-pythia8__RunIIAutumn18NanoAODv6-Nano25Oct2019_102X_upgrade2018_realistic_v20-v1__NANOAODSIM/C46D48CE-D1A1-EB43-B02E-5A2837CC3DBA.root
DONE
Complete at
Sat Feb  1 19:58:10 CET 2020
