job start at
Tue Jan 28 20:32:47 CET 2020
SLURM_JOB_ID: 422055
HOSTNAME: t3wn53
JOBLIST:joblist/joblist_ZZTo2Q2Nu_TuneCP5_13TeV_amcatnloFXFX_madspin_pythia8__RunIIAutumn18NanoAODv6-Nano25Oct2019_102X_upgrade2018_realistic_v20-v1__NANOAODSIM_ll.txt
Going to execute
python job.py -i root://cms-xrd-global.cern.ch//store/mc/RunIIAutumn18NanoAODv6/ZZTo2Q2Nu_TuneCP5_13TeV_amcatnloFXFX_madspin_pythia8/NANOAODSIM/Nano25Oct2019_102X_upgrade2018_realistic_v20-v1/250000/0D2D2872-CBA0-D24B-BF87-5D662FB05D13.root -o /work/pbaertsc/heavy_resonance/output_2018/ZZTo2Q2Nu_TuneCP5_13TeV_amcatnloFXFX_madspin_pythia8__RunIIAutumn18NanoAODv6-Nano25Oct2019_102X_upgrade2018_realistic_v20-v1__NANOAODSIM -N ZZTo2Q2Nu_TuneCP5_13TeV_amcatnloFXFX_madspin_pythia8__RunIIAutumn18NanoAODv6-Nano25Oct2019_102X_upgrade2018_realistic_v20-v1__NANOAODSIM -n 42 -c ll -y 2018
TClass::Init:0: RuntimeWarning: no dictionary for class ROOT::TIOFeatures is available
/work/pbaertsc/heavy_resonance/CMSSW_9_4_6/python/PhysicsTools/NanoAODTools/postprocessing/framework/treeReaderArrayTools.py:69: RuntimeWarning: creating executor for unknown type "ULong64_t*"
  ret = _vr.Get()[0]
JEC= Autumn18_V19_MC 	 JER= Autumn18_V7_MC
MET branch= PuppiMET
JEC= Autumn18_V19_MC 	 JER= Autumn18_V7_MC
MET branch= PuppiMET
--------------------------------------------------------------------------------
input files  = ['root://cms-xrd-global.cern.ch//store/mc/RunIIAutumn18NanoAODv6/ZZTo2Q2Nu_TuneCP5_13TeV_amcatnloFXFX_madspin_pythia8/NANOAODSIM/Nano25Oct2019_102X_upgrade2018_realistic_v20-v1/250000/0D2D2872-CBA0-D24B-BF87-5D662FB05D13.root']
output directory = /work/pbaertsc/heavy_resonance/output_2018/ZZTo2Q2Nu_TuneCP5_13TeV_amcatnloFXFX_madspin_pythia8__RunIIAutumn18NanoAODv6-Nano25Oct2019_102X_upgrade2018_realistic_v20-v1__NANOAODSIM
output file  = ZZTo2Q2Nu_TuneCP5_13TeV_amcatnloFXFX_madspin_pythia8__RunIIAutumn18NanoAODv6-Nano25Oct2019_102X_upgrade2018_realistic_v20-v1__NANOAODSIM_42_ll.root
chunck       = 42
channel      = ll
dataType     = mc
year         = 2018
tes          = 1.0
ltf          = 1.0
jtf          = 1.0
--------------------------------------------------------------------------------
job.py: creating PostProcessor...
TreeProducer is called /work/pbaertsc/heavy_resonance/output_2018/ZZTo2Q2Nu_TuneCP5_13TeV_amcatnloFXFX_madspin_pythia8__RunIIAutumn18NanoAODv6-Nano25Oct2019_102X_upgrade2018_realistic_v20-v1__NANOAODSIM/ZZTo2Q2Nu_TuneCP5_13TeV_amcatnloFXFX_madspin_pythia8__RunIIAutumn18NanoAODv6-Nano25Oct2019_102X_upgrade2018_realistic_v20-v1__NANOAODSIM_42_ll.root
job.py: going to run PostProcessor...
Will write selected trees to /work/pbaertsc/heavy_resonance/output_2018/ZZTo2Q2Nu_TuneCP5_13TeV_amcatnloFXFX_madspin_pythia8__RunIIAutumn18NanoAODv6-Nano25Oct2019_102X_upgrade2018_realistic_v20-v1__NANOAODSIM
Loading jet energy scale (JES) uncertainties from file '/tmp/tmpGPkb7E/Autumn18_V19_MC_Uncertainty_AK4PFchs.txt'
Loading jet energy resolutions (JER) from file '/tmp/tmpp0epVZ/Autumn18_V7_MC_PtResolution_AK4PFchs.txt'
Loading JER scale factors and uncertainties from file '/tmp/tmpp0epVZ/Autumn18_V7_MC_SF_AK4PFchs.txt'
Loading jet energy scale (JES) uncertainties from file '/tmp/tmpBkaLxM/Autumn18_V19_MC_Uncertainty_AK8PFPuppi.txt'
Loading jet energy resolutions (JER) from file '/tmp/tmp8Zak7E/Autumn18_V7_MC_PtResolution_AK8PFPuppi.txt'
Loading JER scale factors and uncertainties from file '/tmp/tmp8Zak7E/Autumn18_V7_MC_SF_AK8PFPuppi.txt'
Pre-select 1214745 entries out of 1214745 (100.00%)
nanoAODv5? True
Processed    10000/ 1214745 entries,  0.82% (elapsed time   163.7s, curr speed    0.061 kHz, avg speed    0.061 kHz), accepted      140/   10001 events ( 1.40%)
Processed    20000/ 1214745 entries,  1.65% (elapsed time   319.7s, curr speed    0.064 kHz, avg speed    0.063 kHz), accepted      259/   20001 events ( 1.29%)
Processed    30000/ 1214745 entries,  2.47% (elapsed time   457.7s, curr speed    0.072 kHz, avg speed    0.066 kHz), accepted      379/   30001 events ( 1.26%)
Bad event
Processed    40000/ 1214745 entries,  3.29% (elapsed time   602.4s, curr speed    0.069 kHz, avg speed    0.066 kHz), accepted      536/   40001 events ( 1.34%)
Processed    50000/ 1214745 entries,  4.12% (elapsed time   738.2s, curr speed    0.074 kHz, avg speed    0.068 kHz), accepted      692/   50001 events ( 1.38%)
Processed    60000/ 1214745 entries,  4.94% (elapsed time   857.1s, curr speed    0.084 kHz, avg speed    0.070 kHz), accepted      825/   60001 events ( 1.37%)
Processed    70000/ 1214745 entries,  5.76% (elapsed time   978.6s, curr speed    0.082 kHz, avg speed    0.072 kHz), accepted      953/   70001 events ( 1.36%)
Processed    80000/ 1214745 entries,  6.59% (elapsed time  1101.2s, curr speed    0.082 kHz, avg speed    0.073 kHz), accepted     1102/   80001 events ( 1.38%)
Processed    90000/ 1214745 entries,  7.41% (elapsed time  1211.9s, curr speed    0.090 kHz, avg speed    0.074 kHz), accepted     1229/   90001 events ( 1.37%)
Processed   100000/ 1214745 entries,  8.23% (elapsed time  1331.5s, curr speed    0.084 kHz, avg speed    0.075 kHz), accepted     1363/  100001 events ( 1.36%)
Processed   110000/ 1214745 entries,  9.06% (elapsed time  1461.2s, curr speed    0.077 kHz, avg speed    0.075 kHz), accepted     1487/  110001 events ( 1.35%)
Processed   120000/ 1214745 entries,  9.88% (elapsed time  1576.0s, curr speed    0.087 kHz, avg speed    0.076 kHz), accepted     1610/  120001 events ( 1.34%)
Processed   130000/ 1214745 entries, 10.70% (elapsed time  1707.2s, curr speed    0.076 kHz, avg speed    0.076 kHz), accepted     1752/  130001 events ( 1.35%)
Processed   140000/ 1214745 entries, 11.53% (elapsed time  1826.6s, curr speed    0.084 kHz, avg speed    0.077 kHz), accepted     1878/  140001 events ( 1.34%)
Processed   150000/ 1214745 entries, 12.35% (elapsed time  1947.4s, curr speed    0.083 kHz, avg speed    0.077 kHz), accepted     2015/  150001 events ( 1.34%)
Processed   160000/ 1214745 entries, 13.17% (elapsed time  2071.5s, curr speed    0.081 kHz, avg speed    0.077 kHz), accepted     2134/  160001 events ( 1.33%)
Processed   170000/ 1214745 entries, 13.99% (elapsed time  2192.3s, curr speed    0.083 kHz, avg speed    0.078 kHz), accepted     2269/  170001 events ( 1.33%)
Processed   180000/ 1214745 entries, 14.82% (elapsed time  2309.8s, curr speed    0.085 kHz, avg speed    0.078 kHz), accepted     2396/  180001 events ( 1.33%)
Processed   190000/ 1214745 entries, 15.64% (elapsed time  2451.4s, curr speed    0.071 kHz, avg speed    0.078 kHz), accepted     2527/  190001 events ( 1.33%)
Processed   200000/ 1214745 entries, 16.46% (elapsed time  2608.0s, curr speed    0.064 kHz, avg speed    0.077 kHz), accepted     2675/  200001 events ( 1.34%)
Processed   210000/ 1214745 entries, 17.29% (elapsed time  2747.6s, curr speed    0.072 kHz, avg speed    0.076 kHz), accepted     2806/  210001 events ( 1.34%)
Processed   220000/ 1214745 entries, 18.11% (elapsed time  2908.4s, curr speed    0.062 kHz, avg speed    0.076 kHz), accepted     2936/  220001 events ( 1.33%)
Processed   230000/ 1214745 entries, 18.93% (elapsed time  3056.4s, curr speed    0.068 kHz, avg speed    0.075 kHz), accepted     3058/  230001 events ( 1.33%)
Processed   240000/ 1214745 entries, 19.76% (elapsed time  3208.4s, curr speed    0.066 kHz, avg speed    0.075 kHz), accepted     3204/  240001 events ( 1.33%)
Processed   250000/ 1214745 entries, 20.58% (elapsed time  3357.2s, curr speed    0.067 kHz, avg speed    0.074 kHz), accepted     3328/  250001 events ( 1.33%)
Processed   260000/ 1214745 entries, 21.40% (elapsed time  3495.2s, curr speed    0.072 kHz, avg speed    0.074 kHz), accepted     3437/  260001 events ( 1.32%)
Processed   270000/ 1214745 entries, 22.23% (elapsed time  3651.2s, curr speed    0.064 kHz, avg speed    0.074 kHz), accepted     3569/  270001 events ( 1.32%)
Processed   280000/ 1214745 entries, 23.05% (elapsed time  3791.4s, curr speed    0.071 kHz, avg speed    0.074 kHz), accepted     3733/  280001 events ( 1.33%)
Processed   290000/ 1214745 entries, 23.87% (elapsed time  3947.6s, curr speed    0.064 kHz, avg speed    0.073 kHz), accepted     3848/  290001 events ( 1.33%)
Bad event
Processed   300000/ 1214745 entries, 24.70% (elapsed time  4087.1s, curr speed    0.072 kHz, avg speed    0.073 kHz), accepted     3972/  300001 events ( 1.32%)
Processed   310000/ 1214745 entries, 25.52% (elapsed time  4235.4s, curr speed    0.067 kHz, avg speed    0.073 kHz), accepted     4114/  310001 events ( 1.33%)
Processed   320000/ 1214745 entries, 26.34% (elapsed time  4390.9s, curr speed    0.064 kHz, avg speed    0.073 kHz), accepted     4241/  320001 events ( 1.33%)
Processed   330000/ 1214745 entries, 27.17% (elapsed time  4526.7s, curr speed    0.074 kHz, avg speed    0.073 kHz), accepted     4372/  330001 events ( 1.32%)
Processed   340000/ 1214745 entries, 27.99% (elapsed time  4681.2s, curr speed    0.065 kHz, avg speed    0.073 kHz), accepted     4514/  340001 events ( 1.33%)
Processed   350000/ 1214745 entries, 28.81% (elapsed time  4827.3s, curr speed    0.068 kHz, avg speed    0.073 kHz), accepted     4637/  350001 events ( 1.32%)
Processed   360000/ 1214745 entries, 29.64% (elapsed time  4977.5s, curr speed    0.067 kHz, avg speed    0.072 kHz), accepted     4783/  360001 events ( 1.33%)
Processed   370000/ 1214745 entries, 30.46% (elapsed time  5127.2s, curr speed    0.067 kHz, avg speed    0.072 kHz), accepted     4928/  370001 events ( 1.33%)
Processed   380000/ 1214745 entries, 31.28% (elapsed time  5267.3s, curr speed    0.071 kHz, avg speed    0.072 kHz), accepted     5094/  380001 events ( 1.34%)
Processed   390000/ 1214745 entries, 32.11% (elapsed time  5426.9s, curr speed    0.063 kHz, avg speed    0.072 kHz), accepted     5234/  390001 events ( 1.34%)
Processed   400000/ 1214745 entries, 32.93% (elapsed time  5565.4s, curr speed    0.072 kHz, avg speed    0.072 kHz), accepted     5371/  400001 events ( 1.34%)
Processed   410000/ 1214745 entries, 33.75% (elapsed time  5715.9s, curr speed    0.066 kHz, avg speed    0.072 kHz), accepted     5490/  410001 events ( 1.34%)
Bad event
Bad event
Processed   420000/ 1214745 entries, 34.58% (elapsed time  5855.1s, curr speed    0.072 kHz, avg speed    0.072 kHz), accepted     5616/  420001 events ( 1.34%)
Processed   430000/ 1214745 entries, 35.40% (elapsed time  6012.9s, curr speed    0.063 kHz, avg speed    0.072 kHz), accepted     5722/  430001 events ( 1.33%)
Processed   440000/ 1214745 entries, 36.22% (elapsed time  6155.5s, curr speed    0.070 kHz, avg speed    0.071 kHz), accepted     5845/  440001 events ( 1.33%)
Bad event
Processed   450000/ 1214745 entries, 37.04% (elapsed time  6315.5s, curr speed    0.062 kHz, avg speed    0.071 kHz), accepted     5979/  450001 events ( 1.33%)
Processed   460000/ 1214745 entries, 37.87% (elapsed time  6465.5s, curr speed    0.067 kHz, avg speed    0.071 kHz), accepted     6113/  460001 events ( 1.33%)
Bad event
Processed   470000/ 1214745 entries, 38.69% (elapsed time  6608.8s, curr speed    0.070 kHz, avg speed    0.071 kHz), accepted     6241/  470001 events ( 1.33%)
Processed   480000/ 1214745 entries, 39.51% (elapsed time  6759.4s, curr speed    0.066 kHz, avg speed    0.071 kHz), accepted     6372/  480001 events ( 1.33%)
Processed   490000/ 1214745 entries, 40.34% (elapsed time  6897.5s, curr speed    0.072 kHz, avg speed    0.071 kHz), accepted     6511/  490001 events ( 1.33%)
Processed   500000/ 1214745 entries, 41.16% (elapsed time  7054.6s, curr speed    0.064 kHz, avg speed    0.071 kHz), accepted     6650/  500001 events ( 1.33%)
Processed   510000/ 1214745 entries, 41.98% (elapsed time  7202.2s, curr speed    0.068 kHz, avg speed    0.071 kHz), accepted     6778/  510001 events ( 1.33%)
Processed   520000/ 1214745 entries, 42.81% (elapsed time  7359.7s, curr speed    0.063 kHz, avg speed    0.071 kHz), accepted     6906/  520001 events ( 1.33%)
Processed   530000/ 1214745 entries, 43.63% (elapsed time  7502.5s, curr speed    0.070 kHz, avg speed    0.071 kHz), accepted     7026/  530001 events ( 1.33%)
Bad event
Processed   540000/ 1214745 entries, 44.45% (elapsed time  7651.9s, curr speed    0.067 kHz, avg speed    0.071 kHz), accepted     7157/  540001 events ( 1.33%)
Processed   550000/ 1214745 entries, 45.28% (elapsed time  7806.2s, curr speed    0.065 kHz, avg speed    0.070 kHz), accepted     7314/  550001 events ( 1.33%)
Processed   560000/ 1214745 entries, 46.10% (elapsed time  7949.2s, curr speed    0.070 kHz, avg speed    0.070 kHz), accepted     7462/  560001 events ( 1.33%)
Processed   570000/ 1214745 entries, 46.92% (elapsed time  8104.9s, curr speed    0.064 kHz, avg speed    0.070 kHz), accepted     7583/  570001 events ( 1.33%)
Processed   580000/ 1214745 entries, 47.75% (elapsed time  8249.4s, curr speed    0.069 kHz, avg speed    0.070 kHz), accepted     7720/  580001 events ( 1.33%)
Bad event
Processed   590000/ 1214745 entries, 48.57% (elapsed time  8399.8s, curr speed    0.066 kHz, avg speed    0.070 kHz), accepted     7841/  590001 events ( 1.33%)
Processed   600000/ 1214745 entries, 49.39% (elapsed time  8546.6s, curr speed    0.068 kHz, avg speed    0.070 kHz), accepted     7955/  600001 events ( 1.33%)
Processed   610000/ 1214745 entries, 50.22% (elapsed time  8685.5s, curr speed    0.072 kHz, avg speed    0.070 kHz), accepted     8087/  610001 events ( 1.33%)
Processed   620000/ 1214745 entries, 51.04% (elapsed time  8841.9s, curr speed    0.064 kHz, avg speed    0.070 kHz), accepted     8202/  620001 events ( 1.32%)
Processed   630000/ 1214745 entries, 51.86% (elapsed time  8984.1s, curr speed    0.070 kHz, avg speed    0.070 kHz), accepted     8354/  630001 events ( 1.33%)
Processed   640000/ 1214745 entries, 52.69% (elapsed time  9132.1s, curr speed    0.068 kHz, avg speed    0.070 kHz), accepted     8495/  640001 events ( 1.33%)
Processed   650000/ 1214745 entries, 53.51% (elapsed time  9278.5s, curr speed    0.068 kHz, avg speed    0.070 kHz), accepted     8610/  650001 events ( 1.32%)
Processed   660000/ 1214745 entries, 54.33% (elapsed time  9421.5s, curr speed    0.070 kHz, avg speed    0.070 kHz), accepted     8747/  660001 events ( 1.33%)
Processed   670000/ 1214745 entries, 55.16% (elapsed time  9576.4s, curr speed    0.065 kHz, avg speed    0.070 kHz), accepted     8870/  670001 events ( 1.32%)
Processed   680000/ 1214745 entries, 55.98% (elapsed time  9713.9s, curr speed    0.073 kHz, avg speed    0.070 kHz), accepted     8988/  680001 events ( 1.32%)
Processed   690000/ 1214745 entries, 56.80% (elapsed time  9860.0s, curr speed    0.068 kHz, avg speed    0.070 kHz), accepted     9108/  690001 events ( 1.32%)
Processed   700000/ 1214745 entries, 57.63% (elapsed time 10011.0s, curr speed    0.066 kHz, avg speed    0.070 kHz), accepted     9258/  700001 events ( 1.32%)
Processed   710000/ 1214745 entries, 58.45% (elapsed time 10159.0s, curr speed    0.068 kHz, avg speed    0.070 kHz), accepted     9404/  710001 events ( 1.32%)
Processed   720000/ 1214745 entries, 59.27% (elapsed time 10309.5s, curr speed    0.066 kHz, avg speed    0.070 kHz), accepted     9516/  720001 events ( 1.32%)
Processed   730000/ 1214745 entries, 60.09% (elapsed time 10448.2s, curr speed    0.072 kHz, avg speed    0.070 kHz), accepted     9655/  730001 events ( 1.32%)
Processed   740000/ 1214745 entries, 60.92% (elapsed time 10599.9s, curr speed    0.066 kHz, avg speed    0.070 kHz), accepted     9805/  740001 events ( 1.32%)
Processed   750000/ 1214745 entries, 61.74% (elapsed time 10745.9s, curr speed    0.069 kHz, avg speed    0.070 kHz), accepted     9962/  750001 events ( 1.33%)
Processed   760000/ 1214745 entries, 62.56% (elapsed time 10891.9s, curr speed    0.068 kHz, avg speed    0.070 kHz), accepted    10088/  760001 events ( 1.33%)
Processed   770000/ 1214745 entries, 63.39% (elapsed time 11040.8s, curr speed    0.067 kHz, avg speed    0.070 kHz), accepted    10231/  770001 events ( 1.33%)
Processed   780000/ 1214745 entries, 64.21% (elapsed time 11182.5s, curr speed    0.071 kHz, avg speed    0.070 kHz), accepted    10353/  780001 events ( 1.33%)
Processed   790000/ 1214745 entries, 65.03% (elapsed time 11333.6s, curr speed    0.066 kHz, avg speed    0.070 kHz), accepted    10493/  790001 events ( 1.33%)
Processed   800000/ 1214745 entries, 65.86% (elapsed time 11471.4s, curr speed    0.073 kHz, avg speed    0.070 kHz), accepted    10626/  800001 events ( 1.33%)
Processed   810000/ 1214745 entries, 66.68% (elapsed time 11627.7s, curr speed    0.064 kHz, avg speed    0.070 kHz), accepted    10763/  810001 events ( 1.33%)
Processed   820000/ 1214745 entries, 67.50% (elapsed time 11773.3s, curr speed    0.069 kHz, avg speed    0.070 kHz), accepted    10896/  820001 events ( 1.33%)
Processed   830000/ 1214745 entries, 68.33% (elapsed time 11930.7s, curr speed    0.064 kHz, avg speed    0.070 kHz), accepted    11026/  830001 events ( 1.33%)
Bad event
Processed   840000/ 1214745 entries, 69.15% (elapsed time 12077.0s, curr speed    0.068 kHz, avg speed    0.070 kHz), accepted    11177/  840001 events ( 1.33%)
Bad event
Processed   850000/ 1214745 entries, 69.97% (elapsed time 12212.0s, curr speed    0.074 kHz, avg speed    0.070 kHz), accepted    11323/  850001 events ( 1.33%)
Processed   860000/ 1214745 entries, 70.80% (elapsed time 12365.9s, curr speed    0.065 kHz, avg speed    0.070 kHz), accepted    11481/  860001 events ( 1.33%)
Processed   870000/ 1214745 entries, 71.62% (elapsed time 12510.5s, curr speed    0.069 kHz, avg speed    0.070 kHz), accepted    11625/  870001 events ( 1.34%)
Processed   880000/ 1214745 entries, 72.44% (elapsed time 12651.0s, curr speed    0.071 kHz, avg speed    0.070 kHz), accepted    11757/  880001 events ( 1.34%)
Processed   890000/ 1214745 entries, 73.27% (elapsed time 12798.9s, curr speed    0.068 kHz, avg speed    0.070 kHz), accepted    11915/  890001 events ( 1.34%)
Processed   900000/ 1214745 entries, 74.09% (elapsed time 12935.4s, curr speed    0.073 kHz, avg speed    0.070 kHz), accepted    12041/  900001 events ( 1.34%)
Processed   910000/ 1214745 entries, 74.91% (elapsed time 13082.5s, curr speed    0.068 kHz, avg speed    0.070 kHz), accepted    12179/  910001 events ( 1.34%)
Processed   920000/ 1214745 entries, 75.74% (elapsed time 13223.3s, curr speed    0.071 kHz, avg speed    0.070 kHz), accepted    12331/  920001 events ( 1.34%)
Processed   930000/ 1214745 entries, 76.56% (elapsed time 13376.9s, curr speed    0.065 kHz, avg speed    0.070 kHz), accepted    12463/  930001 events ( 1.34%)
Processed   940000/ 1214745 entries, 77.38% (elapsed time 13513.9s, curr speed    0.073 kHz, avg speed    0.070 kHz), accepted    12611/  940001 events ( 1.34%)
Processed   950000/ 1214745 entries, 78.21% (elapsed time 13666.8s, curr speed    0.065 kHz, avg speed    0.070 kHz), accepted    12754/  950001 events ( 1.34%)
Processed   960000/ 1214745 entries, 79.03% (elapsed time 13806.2s, curr speed    0.072 kHz, avg speed    0.070 kHz), accepted    12871/  960001 events ( 1.34%)
Processed   970000/ 1214745 entries, 79.85% (elapsed time 13955.5s, curr speed    0.067 kHz, avg speed    0.070 kHz), accepted    13008/  970001 events ( 1.34%)
Processed   980000/ 1214745 entries, 80.68% (elapsed time 14088.3s, curr speed    0.075 kHz, avg speed    0.070 kHz), accepted    13127/  980001 events ( 1.34%)
Processed   990000/ 1214745 entries, 81.50% (elapsed time 14235.3s, curr speed    0.068 kHz, avg speed    0.070 kHz), accepted    13246/  990001 events ( 1.34%)
Bad event
Processed  1000000/ 1214745 entries, 82.32% (elapsed time 14382.1s, curr speed    0.068 kHz, avg speed    0.070 kHz), accepted    13375/ 1000001 events ( 1.34%)
Processed  1010000/ 1214745 entries, 83.15% (elapsed time 14529.1s, curr speed    0.068 kHz, avg speed    0.070 kHz), accepted    13502/ 1010001 events ( 1.34%)
Processed  1020000/ 1214745 entries, 83.97% (elapsed time 14673.9s, curr speed    0.069 kHz, avg speed    0.070 kHz), accepted    13642/ 1020001 events ( 1.34%)
Bad event
Processed  1030000/ 1214745 entries, 84.79% (elapsed time 14823.2s, curr speed    0.067 kHz, avg speed    0.069 kHz), accepted    13774/ 1030001 events ( 1.34%)
Processed  1040000/ 1214745 entries, 85.61% (elapsed time 14967.8s, curr speed    0.069 kHz, avg speed    0.069 kHz), accepted    13915/ 1040001 events ( 1.34%)
Processed  1050000/ 1214745 entries, 86.44% (elapsed time 15115.5s, curr speed    0.068 kHz, avg speed    0.069 kHz), accepted    14070/ 1050001 events ( 1.34%)
Processed  1060000/ 1214745 entries, 87.26% (elapsed time 15262.6s, curr speed    0.068 kHz, avg speed    0.069 kHz), accepted    14204/ 1060001 events ( 1.34%)
Processed  1070000/ 1214745 entries, 88.08% (elapsed time 15406.2s, curr speed    0.070 kHz, avg speed    0.069 kHz), accepted    14357/ 1070001 events ( 1.34%)
Processed  1080000/ 1214745 entries, 88.91% (elapsed time 15551.8s, curr speed    0.069 kHz, avg speed    0.069 kHz), accepted    14501/ 1080001 events ( 1.34%)
Processed  1090000/ 1214745 entries, 89.73% (elapsed time 15693.1s, curr speed    0.071 kHz, avg speed    0.069 kHz), accepted    14627/ 1090001 events ( 1.34%)
Processed  1100000/ 1214745 entries, 90.55% (elapsed time 15844.5s, curr speed    0.066 kHz, avg speed    0.069 kHz), accepted    14771/ 1100001 events ( 1.34%)
Processed  1110000/ 1214745 entries, 91.38% (elapsed time 15977.5s, curr speed    0.075 kHz, avg speed    0.069 kHz), accepted    14922/ 1110001 events ( 1.34%)
Processed  1120000/ 1214745 entries, 92.20% (elapsed time 16128.1s, curr speed    0.066 kHz, avg speed    0.069 kHz), accepted    15049/ 1120001 events ( 1.34%)
Processed  1130000/ 1214745 entries, 93.02% (elapsed time 16262.5s, curr speed    0.074 kHz, avg speed    0.069 kHz), accepted    15187/ 1130001 events ( 1.34%)
Processed  1140000/ 1214745 entries, 93.85% (elapsed time 16412.2s, curr speed    0.067 kHz, avg speed    0.069 kHz), accepted    15306/ 1140001 events ( 1.34%)
Processed  1150000/ 1214745 entries, 94.67% (elapsed time 16551.8s, curr speed    0.072 kHz, avg speed    0.069 kHz), accepted    15446/ 1150001 events ( 1.34%)
Bad event
Processed  1160000/ 1214745 entries, 95.49% (elapsed time 16688.6s, curr speed    0.073 kHz, avg speed    0.070 kHz), accepted    15575/ 1160001 events ( 1.34%)
Processed  1170000/ 1214745 entries, 96.32% (elapsed time 16831.0s, curr speed    0.070 kHz, avg speed    0.070 kHz), accepted    15702/ 1170001 events ( 1.34%)
Processed  1180000/ 1214745 entries, 97.14% (elapsed time 16960.8s, curr speed    0.077 kHz, avg speed    0.070 kHz), accepted    15832/ 1180001 events ( 1.34%)
Processed  1190000/ 1214745 entries, 97.96% (elapsed time 17109.6s, curr speed    0.067 kHz, avg speed    0.070 kHz), accepted    15964/ 1190001 events ( 1.34%)
Processed  1200000/ 1214745 entries, 98.79% (elapsed time 17245.2s, curr speed    0.074 kHz, avg speed    0.070 kHz), accepted    16094/ 1200001 events ( 1.34%)
Processed  1210000/ 1214745 entries, 99.61% (elapsed time 17395.8s, curr speed    0.066 kHz, avg speed    0.070 kHz), accepted    16226/ 1210001 events ( 1.34%)
Processed 1214745 preselected entries from root://cms-xrd-global.cern.ch//store/mc/RunIIAutumn18NanoAODv6/ZZTo2Q2Nu_TuneCP5_13TeV_amcatnloFXFX_madspin_pythia8/NANOAODSIM/Nano25Oct2019_102X_upgrade2018_realistic_v20-v1/250000/0D2D2872-CBA0-D24B-BF87-5D662FB05D13.root (1214745 entries). Finally selected 16304 entries
Done /work/pbaertsc/heavy_resonance/output_2018/ZZTo2Q2Nu_TuneCP5_13TeV_amcatnloFXFX_madspin_pythia8__RunIIAutumn18NanoAODv6-Nano25Oct2019_102X_upgrade2018_realistic_v20-v1__NANOAODSIM/0D2D2872-CBA0-D24B-BF87-5D662FB05D13.root
69.4148726441 Hz
deleting root file with name: /work/pbaertsc/heavy_resonance/output_2018/ZZTo2Q2Nu_TuneCP5_13TeV_amcatnloFXFX_madspin_pythia8__RunIIAutumn18NanoAODv6-Nano25Oct2019_102X_upgrade2018_realistic_v20-v1__NANOAODSIM/0D2D2872-CBA0-D24B-BF87-5D662FB05D13.root
DONE
Complete at
Wed Jan 29 05:17:06 CET 2020
