job start at
Sat Feb  1 14:53:06 CET 2020
SLURM_JOB_ID: 528965
HOSTNAME: t3wn55
JOBLIST:joblist/joblist_WZTo2L2Q_13TeV_amcatnloFXFX_madspin_pythia8__RunIIAutumn18NanoAODv6-Nano25Oct2019_102X_upgrade2018_realistic_v20-v1__NANOAODSIM_ll.txt
Going to execute
python job.py -i root://cms-xrd-global.cern.ch//store/mc/RunIIAutumn18NanoAODv6/WZTo2L2Q_13TeV_amcatnloFXFX_madspin_pythia8/NANOAODSIM/Nano25Oct2019_102X_upgrade2018_realistic_v20-v1/30000/FA4B76D1-9F9C-5E41-83B6-283C253F2E99.root -o /work/pbaertsc/heavy_resonance/output_2018/WZTo2L2Q_13TeV_amcatnloFXFX_madspin_pythia8__RunIIAutumn18NanoAODv6-Nano25Oct2019_102X_upgrade2018_realistic_v20-v1__NANOAODSIM -N WZTo2L2Q_13TeV_amcatnloFXFX_madspin_pythia8__RunIIAutumn18NanoAODv6-Nano25Oct2019_102X_upgrade2018_realistic_v20-v1__NANOAODSIM -n 6 -c ll -y 2018
TClass::Init:0: RuntimeWarning: no dictionary for class ROOT::TIOFeatures is available
/work/pbaertsc/heavy_resonance/CMSSW_9_4_6/python/PhysicsTools/NanoAODTools/postprocessing/framework/treeReaderArrayTools.py:69: RuntimeWarning: creating executor for unknown type "ULong64_t*"
  ret = _vr.Get()[0]
JEC= Autumn18_V19_MC 	 JER= Autumn18_V7_MC
MET branch= PuppiMET
JEC= Autumn18_V19_MC 	 JER= Autumn18_V7_MC
MET branch= PuppiMET
--------------------------------------------------------------------------------
input files  = ['root://cms-xrd-global.cern.ch//store/mc/RunIIAutumn18NanoAODv6/WZTo2L2Q_13TeV_amcatnloFXFX_madspin_pythia8/NANOAODSIM/Nano25Oct2019_102X_upgrade2018_realistic_v20-v1/30000/FA4B76D1-9F9C-5E41-83B6-283C253F2E99.root']
output directory = /work/pbaertsc/heavy_resonance/output_2018/WZTo2L2Q_13TeV_amcatnloFXFX_madspin_pythia8__RunIIAutumn18NanoAODv6-Nano25Oct2019_102X_upgrade2018_realistic_v20-v1__NANOAODSIM
output file  = WZTo2L2Q_13TeV_amcatnloFXFX_madspin_pythia8__RunIIAutumn18NanoAODv6-Nano25Oct2019_102X_upgrade2018_realistic_v20-v1__NANOAODSIM_6_ll.root
chunck       = 6
channel      = ll
dataType     = mc
year         = 2018
tes          = 1.0
ltf          = 1.0
jtf          = 1.0
--------------------------------------------------------------------------------
job.py: creating PostProcessor...
TreeProducer is called /work/pbaertsc/heavy_resonance/output_2018/WZTo2L2Q_13TeV_amcatnloFXFX_madspin_pythia8__RunIIAutumn18NanoAODv6-Nano25Oct2019_102X_upgrade2018_realistic_v20-v1__NANOAODSIM/WZTo2L2Q_13TeV_amcatnloFXFX_madspin_pythia8__RunIIAutumn18NanoAODv6-Nano25Oct2019_102X_upgrade2018_realistic_v20-v1__NANOAODSIM_6_ll.root
job.py: going to run PostProcessor...
Will write selected trees to /work/pbaertsc/heavy_resonance/output_2018/WZTo2L2Q_13TeV_amcatnloFXFX_madspin_pythia8__RunIIAutumn18NanoAODv6-Nano25Oct2019_102X_upgrade2018_realistic_v20-v1__NANOAODSIM
Loading jet energy scale (JES) uncertainties from file '/tmp/tmpbl3f8L/Autumn18_V19_MC_Uncertainty_AK4PFchs.txt'
Loading jet energy resolutions (JER) from file '/tmp/tmpzYQdbz/Autumn18_V7_MC_PtResolution_AK4PFchs.txt'
Loading JER scale factors and uncertainties from file '/tmp/tmpzYQdbz/Autumn18_V7_MC_SF_AK4PFchs.txt'
Loading jet energy scale (JES) uncertainties from file '/tmp/tmpwszauS/Autumn18_V19_MC_Uncertainty_AK8PFPuppi.txt'
Loading jet energy resolutions (JER) from file '/tmp/tmpWv3gzF/Autumn18_V7_MC_PtResolution_AK8PFPuppi.txt'
Loading JER scale factors and uncertainties from file '/tmp/tmpWv3gzF/Autumn18_V7_MC_SF_AK8PFPuppi.txt'
Pre-select 1011456 entries out of 1011456 (100.00%)
nanoAODv5? True
ZtoMM trigger inconsistency
TtoEM trigger inconsistency
Processed    10000/ 1011456 entries,  0.99% (elapsed time   218.0s, curr speed    0.046 kHz, avg speed    0.046 kHz), accepted       87/   10001 events ( 0.87%)
ZtoMM trigger inconsistency
Processed    20000/ 1011456 entries,  1.98% (elapsed time   419.8s, curr speed    0.050 kHz, avg speed    0.048 kHz), accepted      174/   20001 events ( 0.87%)
ZtoMM trigger inconsistency
TtoEM trigger inconsistency
Processed    30000/ 1011456 entries,  2.97% (elapsed time   618.1s, curr speed    0.050 kHz, avg speed    0.049 kHz), accepted      235/   30001 events ( 0.78%)
ZtoMM trigger inconsistency
ZtoMM trigger inconsistency
ZtoMM trigger inconsistency
Processed    40000/ 1011456 entries,  3.95% (elapsed time   820.4s, curr speed    0.049 kHz, avg speed    0.049 kHz), accepted      302/   40001 events ( 0.75%)
Bad event
Processed    50000/ 1011456 entries,  4.94% (elapsed time  1024.2s, curr speed    0.049 kHz, avg speed    0.049 kHz), accepted      368/   50001 events ( 0.74%)
ZtoMM trigger inconsistency
TtoEM trigger inconsistency
Processed    60000/ 1011456 entries,  5.93% (elapsed time  1230.6s, curr speed    0.048 kHz, avg speed    0.049 kHz), accepted      440/   60001 events ( 0.73%)
TtoEM trigger inconsistency
Bad event
Processed    70000/ 1011456 entries,  6.92% (elapsed time  1436.0s, curr speed    0.049 kHz, avg speed    0.049 kHz), accepted      512/   70001 events ( 0.73%)
ZtoMM trigger inconsistency
ZtoMM trigger inconsistency
Processed    80000/ 1011456 entries,  7.91% (elapsed time  1642.0s, curr speed    0.049 kHz, avg speed    0.049 kHz), accepted      582/   80001 events ( 0.73%)
ZtoMM trigger inconsistency
ZtoMM trigger inconsistency
Processed    90000/ 1011456 entries,  8.90% (elapsed time  1856.3s, curr speed    0.047 kHz, avg speed    0.048 kHz), accepted      672/   90001 events ( 0.75%)
ZtoMM trigger inconsistency
ZtoMM trigger inconsistency
Processed   100000/ 1011456 entries,  9.89% (elapsed time  2062.1s, curr speed    0.049 kHz, avg speed    0.048 kHz), accepted      745/  100001 events ( 0.74%)
ZtoMM trigger inconsistency
Processed   110000/ 1011456 entries, 10.88% (elapsed time  2270.9s, curr speed    0.048 kHz, avg speed    0.048 kHz), accepted      823/  110001 events ( 0.75%)
ZtoMM trigger inconsistency
ZtoMM trigger inconsistency
ZtoMM trigger inconsistency
ZtoMM trigger inconsistency
Processed   120000/ 1011456 entries, 11.86% (elapsed time  2480.7s, curr speed    0.048 kHz, avg speed    0.048 kHz), accepted      892/  120001 events ( 0.74%)
Processed   130000/ 1011456 entries, 12.85% (elapsed time  2683.0s, curr speed    0.049 kHz, avg speed    0.048 kHz), accepted      961/  130001 events ( 0.74%)
ZtoMM trigger inconsistency
ZtoMM trigger inconsistency
Processed   140000/ 1011456 entries, 13.84% (elapsed time  2883.3s, curr speed    0.050 kHz, avg speed    0.049 kHz), accepted     1031/  140001 events ( 0.74%)
TtoEM trigger inconsistency
ZtoMM trigger inconsistency
Processed   150000/ 1011456 entries, 14.83% (elapsed time  3087.7s, curr speed    0.049 kHz, avg speed    0.049 kHz), accepted     1097/  150001 events ( 0.73%)
ZtoMM trigger inconsistency
Processed   160000/ 1011456 entries, 15.82% (elapsed time  3287.1s, curr speed    0.050 kHz, avg speed    0.049 kHz), accepted     1167/  160001 events ( 0.73%)
ZtoMM trigger inconsistency
ZtoMM trigger inconsistency
Processed   170000/ 1011456 entries, 16.81% (elapsed time  3490.2s, curr speed    0.049 kHz, avg speed    0.049 kHz), accepted     1239/  170001 events ( 0.73%)
ZtoMM trigger inconsistency
ZtoMM trigger inconsistency
Processed   180000/ 1011456 entries, 17.80% (elapsed time  3688.9s, curr speed    0.050 kHz, avg speed    0.049 kHz), accepted     1329/  180001 events ( 0.74%)
TtoEM trigger inconsistency
Processed   190000/ 1011456 entries, 18.78% (elapsed time  3879.6s, curr speed    0.052 kHz, avg speed    0.049 kHz), accepted     1403/  190001 events ( 0.74%)
ZtoMM trigger inconsistency
ZtoMM trigger inconsistency
ZtoMM trigger inconsistency
Processed   200000/ 1011456 entries, 19.77% (elapsed time  4070.9s, curr speed    0.052 kHz, avg speed    0.049 kHz), accepted     1469/  200001 events ( 0.73%)
Processed   210000/ 1011456 entries, 20.76% (elapsed time  4263.3s, curr speed    0.052 kHz, avg speed    0.049 kHz), accepted     1535/  210001 events ( 0.73%)
ZtoMM trigger inconsistency
ZtoEE trigger inconsistency
ZtoMM trigger inconsistency
ZtoMM trigger inconsistency
Processed   220000/ 1011456 entries, 21.75% (elapsed time  4460.4s, curr speed    0.051 kHz, avg speed    0.049 kHz), accepted     1609/  220001 events ( 0.73%)
ZtoMM trigger inconsistency
Processed   230000/ 1011456 entries, 22.74% (elapsed time  4652.4s, curr speed    0.052 kHz, avg speed    0.049 kHz), accepted     1681/  230001 events ( 0.73%)
Bad event
ZtoMM trigger inconsistency
ZtoMM trigger inconsistency
TtoEM trigger inconsistency
TtoEM trigger inconsistency
Processed   240000/ 1011456 entries, 23.73% (elapsed time  4839.8s, curr speed    0.053 kHz, avg speed    0.050 kHz), accepted     1745/  240001 events ( 0.73%)
Bad event
ZtoMM trigger inconsistency
ZtoMM trigger inconsistency
Processed   250000/ 1011456 entries, 24.72% (elapsed time  5022.3s, curr speed    0.055 kHz, avg speed    0.050 kHz), accepted     1812/  250001 events ( 0.72%)
ZtoMM trigger inconsistency
Processed   260000/ 1011456 entries, 25.71% (elapsed time  5203.3s, curr speed    0.055 kHz, avg speed    0.050 kHz), accepted     1884/  260001 events ( 0.72%)
Processed   270000/ 1011456 entries, 26.69% (elapsed time  5390.4s, curr speed    0.053 kHz, avg speed    0.050 kHz), accepted     1959/  270001 events ( 0.73%)
ZtoMM trigger inconsistency
TtoEM trigger inconsistency
Processed   280000/ 1011456 entries, 27.68% (elapsed time  5577.9s, curr speed    0.053 kHz, avg speed    0.050 kHz), accepted     2016/  280001 events ( 0.72%)
ZtoMM trigger inconsistency
Processed   290000/ 1011456 entries, 28.67% (elapsed time  5760.6s, curr speed    0.055 kHz, avg speed    0.050 kHz), accepted     2109/  290001 events ( 0.73%)
TtoEM trigger inconsistency
ZtoMM trigger inconsistency
ZtoMM trigger inconsistency
Processed   300000/ 1011456 entries, 29.66% (elapsed time  5942.2s, curr speed    0.055 kHz, avg speed    0.050 kHz), accepted     2186/  300001 events ( 0.73%)
Processed   310000/ 1011456 entries, 30.65% (elapsed time  6116.3s, curr speed    0.057 kHz, avg speed    0.051 kHz), accepted     2257/  310001 events ( 0.73%)
ZtoMM trigger inconsistency
ZtoMM trigger inconsistency
Processed   320000/ 1011456 entries, 31.64% (elapsed time  6285.0s, curr speed    0.059 kHz, avg speed    0.051 kHz), accepted     2327/  320001 events ( 0.73%)
TtoEM trigger inconsistency
Processed   330000/ 1011456 entries, 32.63% (elapsed time  6461.4s, curr speed    0.057 kHz, avg speed    0.051 kHz), accepted     2411/  330001 events ( 0.73%)
Processed   340000/ 1011456 entries, 33.61% (elapsed time  6641.9s, curr speed    0.055 kHz, avg speed    0.051 kHz), accepted     2493/  340001 events ( 0.73%)
ZtoMM trigger inconsistency
TtoEM trigger inconsistency
ZtoMM trigger inconsistency
Processed   350000/ 1011456 entries, 34.60% (elapsed time  6814.8s, curr speed    0.058 kHz, avg speed    0.051 kHz), accepted     2571/  350001 events ( 0.73%)
ZtoMM trigger inconsistency
Processed   360000/ 1011456 entries, 35.59% (elapsed time  6986.7s, curr speed    0.058 kHz, avg speed    0.052 kHz), accepted     2645/  360001 events ( 0.73%)
ZtoMM trigger inconsistency
TtoEM trigger inconsistency
ZtoMM trigger inconsistency
TtoEM trigger inconsistency
TtoEM trigger inconsistency
Processed   370000/ 1011456 entries, 36.58% (elapsed time  7153.8s, curr speed    0.060 kHz, avg speed    0.052 kHz), accepted     2717/  370001 events ( 0.73%)
ZtoMM trigger inconsistency
Processed   380000/ 1011456 entries, 37.57% (elapsed time  7324.7s, curr speed    0.059 kHz, avg speed    0.052 kHz), accepted     2792/  380001 events ( 0.73%)
Processed   390000/ 1011456 entries, 38.56% (elapsed time  7498.1s, curr speed    0.058 kHz, avg speed    0.052 kHz), accepted     2865/  390001 events ( 0.73%)
Processed   400000/ 1011456 entries, 39.55% (elapsed time  7678.8s, curr speed    0.055 kHz, avg speed    0.052 kHz), accepted     2933/  400001 events ( 0.73%)
ZtoMM trigger inconsistency
Processed   410000/ 1011456 entries, 40.54% (elapsed time  7858.3s, curr speed    0.056 kHz, avg speed    0.052 kHz), accepted     3016/  410001 events ( 0.74%)
ZtoMM trigger inconsistency
Processed   420000/ 1011456 entries, 41.52% (elapsed time  8034.4s, curr speed    0.057 kHz, avg speed    0.052 kHz), accepted     3081/  420001 events ( 0.73%)
TtoEM trigger inconsistency
TtoEM trigger inconsistency
Processed   430000/ 1011456 entries, 42.51% (elapsed time  8217.7s, curr speed    0.055 kHz, avg speed    0.052 kHz), accepted     3152/  430001 events ( 0.73%)
TtoEM trigger inconsistency
TtoEM trigger inconsistency
Processed   440000/ 1011456 entries, 43.50% (elapsed time  8416.7s, curr speed    0.050 kHz, avg speed    0.052 kHz), accepted     3220/  440001 events ( 0.73%)
Processed   450000/ 1011456 entries, 44.49% (elapsed time  8617.3s, curr speed    0.050 kHz, avg speed    0.052 kHz), accepted     3321/  450001 events ( 0.74%)
ZtoMM trigger inconsistency
Processed   460000/ 1011456 entries, 45.48% (elapsed time  8826.4s, curr speed    0.048 kHz, avg speed    0.052 kHz), accepted     3390/  460001 events ( 0.74%)
Processed   470000/ 1011456 entries, 46.47% (elapsed time  9034.6s, curr speed    0.048 kHz, avg speed    0.052 kHz), accepted     3454/  470001 events ( 0.73%)
ZtoMM trigger inconsistency
ZtoMM trigger inconsistency
ZtoMM trigger inconsistency
Processed   480000/ 1011456 entries, 47.46% (elapsed time  9243.8s, curr speed    0.048 kHz, avg speed    0.052 kHz), accepted     3530/  480001 events ( 0.74%)
TtoEM trigger inconsistency
Processed   490000/ 1011456 entries, 48.45% (elapsed time  9455.1s, curr speed    0.047 kHz, avg speed    0.052 kHz), accepted     3615/  490001 events ( 0.74%)
ZtoMM trigger inconsistency
Processed   500000/ 1011456 entries, 49.43% (elapsed time  9657.1s, curr speed    0.050 kHz, avg speed    0.052 kHz), accepted     3667/  500001 events ( 0.73%)
ZtoMM trigger inconsistency
ZtoMM trigger inconsistency
Processed   510000/ 1011456 entries, 50.42% (elapsed time  9857.6s, curr speed    0.050 kHz, avg speed    0.052 kHz), accepted     3741/  510001 events ( 0.73%)
ZtoMM trigger inconsistency
ZtoMM trigger inconsistency
Processed   520000/ 1011456 entries, 51.41% (elapsed time 10065.3s, curr speed    0.048 kHz, avg speed    0.052 kHz), accepted     3821/  520001 events ( 0.73%)
ZtoMM trigger inconsistency
TtoEM trigger inconsistency
ZtoMM trigger inconsistency
Processed   530000/ 1011456 entries, 52.40% (elapsed time 10272.7s, curr speed    0.048 kHz, avg speed    0.052 kHz), accepted     3887/  530001 events ( 0.73%)
ZtoMM trigger inconsistency
ZtoMM trigger inconsistency
ZtoMM trigger inconsistency
Processed   540000/ 1011456 entries, 53.39% (elapsed time 10475.8s, curr speed    0.049 kHz, avg speed    0.052 kHz), accepted     3953/  540001 events ( 0.73%)
ZtoEE trigger inconsistency
WARNING: jet m = 0.0 !!
ZtoMM trigger inconsistency
Processed   550000/ 1011456 entries, 54.38% (elapsed time 10677.1s, curr speed    0.050 kHz, avg speed    0.052 kHz), accepted     4028/  550001 events ( 0.73%)
ZtoMM trigger inconsistency
ZtoMM trigger inconsistency
Processed   560000/ 1011456 entries, 55.37% (elapsed time 10876.5s, curr speed    0.050 kHz, avg speed    0.051 kHz), accepted     4095/  560001 events ( 0.73%)
ZtoMM trigger inconsistency
ZtoMM trigger inconsistency
Processed   570000/ 1011456 entries, 56.35% (elapsed time 11067.3s, curr speed    0.052 kHz, avg speed    0.052 kHz), accepted     4182/  570001 events ( 0.73%)
ZtoEE trigger inconsistency
Processed   580000/ 1011456 entries, 57.34% (elapsed time 11258.9s, curr speed    0.052 kHz, avg speed    0.052 kHz), accepted     4247/  580001 events ( 0.73%)
TtoEM trigger inconsistency
Processed   590000/ 1011456 entries, 58.33% (elapsed time 11452.4s, curr speed    0.052 kHz, avg speed    0.052 kHz), accepted     4327/  590001 events ( 0.73%)
ZtoMM trigger inconsistency
Processed   600000/ 1011456 entries, 59.32% (elapsed time 11637.9s, curr speed    0.054 kHz, avg speed    0.052 kHz), accepted     4399/  600001 events ( 0.73%)
ZtoEE trigger inconsistency
Processed   610000/ 1011456 entries, 60.31% (elapsed time 11824.0s, curr speed    0.054 kHz, avg speed    0.052 kHz), accepted     4477/  610001 events ( 0.73%)
ZtoMM trigger inconsistency
ZtoMM trigger inconsistency
ZtoMM trigger inconsistency
ZtoMM trigger inconsistency
Processed   620000/ 1011456 entries, 61.30% (elapsed time 12004.0s, curr speed    0.056 kHz, avg speed    0.052 kHz), accepted     4543/  620001 events ( 0.73%)
ZtoMM trigger inconsistency
Processed   630000/ 1011456 entries, 62.29% (elapsed time 12178.8s, curr speed    0.057 kHz, avg speed    0.052 kHz), accepted     4613/  630001 events ( 0.73%)
ZtoMM trigger inconsistency
ZtoMM trigger inconsistency
ZtoMM trigger inconsistency
ZtoMM trigger inconsistency
Bad event
Processed   640000/ 1011456 entries, 63.28% (elapsed time 12356.9s, curr speed    0.056 kHz, avg speed    0.052 kHz), accepted     4684/  640001 events ( 0.73%)
TtoEM trigger inconsistency
TtoEM trigger inconsistency
Processed   650000/ 1011456 entries, 64.26% (elapsed time 12542.7s, curr speed    0.054 kHz, avg speed    0.052 kHz), accepted     4752/  650001 events ( 0.73%)
Processed   660000/ 1011456 entries, 65.25% (elapsed time 12720.5s, curr speed    0.056 kHz, avg speed    0.052 kHz), accepted     4820/  660001 events ( 0.73%)
ZtoMM trigger inconsistency
ZtoMM trigger inconsistency
TtoEM trigger inconsistency
Processed   670000/ 1011456 entries, 66.24% (elapsed time 12893.9s, curr speed    0.058 kHz, avg speed    0.052 kHz), accepted     4891/  670001 events ( 0.73%)
ZtoMM trigger inconsistency
ZtoEE trigger inconsistency
Processed   680000/ 1011456 entries, 67.23% (elapsed time 13064.5s, curr speed    0.059 kHz, avg speed    0.052 kHz), accepted     4961/  680001 events ( 0.73%)
ZtoMM trigger inconsistency
Processed   690000/ 1011456 entries, 68.22% (elapsed time 13237.9s, curr speed    0.058 kHz, avg speed    0.052 kHz), accepted     5029/  690001 events ( 0.73%)
Bad event
Processed   700000/ 1011456 entries, 69.21% (elapsed time 13409.4s, curr speed    0.058 kHz, avg speed    0.052 kHz), accepted     5107/  700001 events ( 0.73%)
ZtoMM trigger inconsistency
TtoEM trigger inconsistency
Processed   710000/ 1011456 entries, 70.20% (elapsed time 13586.7s, curr speed    0.056 kHz, avg speed    0.052 kHz), accepted     5190/  710001 events ( 0.73%)
TtoEM trigger inconsistency
Processed   720000/ 1011456 entries, 71.18% (elapsed time 13761.4s, curr speed    0.057 kHz, avg speed    0.052 kHz), accepted     5262/  720001 events ( 0.73%)
TtoEM trigger inconsistency
ZtoMM trigger inconsistency
Processed   730000/ 1011456 entries, 72.17% (elapsed time 13935.6s, curr speed    0.057 kHz, avg speed    0.052 kHz), accepted     5347/  730001 events ( 0.73%)
ZtoMM trigger inconsistency
ZtoMM trigger inconsistency
ZtoEE trigger inconsistency
Processed   740000/ 1011456 entries, 73.16% (elapsed time 14104.9s, curr speed    0.059 kHz, avg speed    0.052 kHz), accepted     5424/  740001 events ( 0.73%)
Bad event
ZtoMM trigger inconsistency
Processed   750000/ 1011456 entries, 74.15% (elapsed time 14277.7s, curr speed    0.058 kHz, avg speed    0.053 kHz), accepted     5507/  750001 events ( 0.73%)
ZtoMM trigger inconsistency
ZtoMM trigger inconsistency
ZtoMM trigger inconsistency
ZtoMM trigger inconsistency
Processed   760000/ 1011456 entries, 75.14% (elapsed time 14453.9s, curr speed    0.057 kHz, avg speed    0.053 kHz), accepted     5585/  760001 events ( 0.73%)
ZtoMM trigger inconsistency
ZtoMM trigger inconsistency
Processed   770000/ 1011456 entries, 76.13% (elapsed time 14639.2s, curr speed    0.054 kHz, avg speed    0.053 kHz), accepted     5655/  770001 events ( 0.73%)
Processed   780000/ 1011456 entries, 77.12% (elapsed time 14818.8s, curr speed    0.056 kHz, avg speed    0.053 kHz), accepted     5713/  780001 events ( 0.73%)
ZtoMM trigger inconsistency
ZtoMM trigger inconsistency
ZtoMM trigger inconsistency
WARNING: jet m = -0.0 !!
Processed   790000/ 1011456 entries, 78.11% (elapsed time 14993.3s, curr speed    0.057 kHz, avg speed    0.053 kHz), accepted     5786/  790001 events ( 0.73%)
ZtoMM trigger inconsistency
ZtoMM trigger inconsistency
ZtoMM trigger inconsistency
Processed   800000/ 1011456 entries, 79.09% (elapsed time 15167.5s, curr speed    0.057 kHz, avg speed    0.053 kHz), accepted     5863/  800001 events ( 0.73%)
ZtoMM trigger inconsistency
ZtoMM trigger inconsistency
Processed   810000/ 1011456 entries, 80.08% (elapsed time 15337.3s, curr speed    0.059 kHz, avg speed    0.053 kHz), accepted     5934/  810001 events ( 0.73%)
ZtoMM trigger inconsistency
ZtoMM trigger inconsistency
Processed   820000/ 1011456 entries, 81.07% (elapsed time 15524.6s, curr speed    0.053 kHz, avg speed    0.053 kHz), accepted     6017/  820001 events ( 0.73%)
ZtoMM trigger inconsistency
ZtoMM trigger inconsistency
TtoEM trigger inconsistency
ZtoMM trigger inconsistency
Processed   830000/ 1011456 entries, 82.06% (elapsed time 15702.9s, curr speed    0.056 kHz, avg speed    0.053 kHz), accepted     6100/  830001 events ( 0.73%)
ZtoMM trigger inconsistency
ZtoEE trigger inconsistency
Processed   840000/ 1011456 entries, 83.05% (elapsed time 15879.9s, curr speed    0.057 kHz, avg speed    0.053 kHz), accepted     6161/  840001 events ( 0.73%)
ZtoMM trigger inconsistency
ZtoMM trigger inconsistency
Processed   850000/ 1011456 entries, 84.04% (elapsed time 16052.4s, curr speed    0.058 kHz, avg speed    0.053 kHz), accepted     6238/  850001 events ( 0.73%)
ZtoMM trigger inconsistency
Processed   860000/ 1011456 entries, 85.03% (elapsed time 16225.9s, curr speed    0.058 kHz, avg speed    0.053 kHz), accepted     6317/  860001 events ( 0.73%)
ZtoMM trigger inconsistency
ZtoMM trigger inconsistency
ZtoEE trigger inconsistency
Processed   870000/ 1011456 entries, 86.01% (elapsed time 16410.5s, curr speed    0.054 kHz, avg speed    0.053 kHz), accepted     6392/  870001 events ( 0.73%)
ZtoEE trigger inconsistency
ZtoMM trigger inconsistency
ZtoEE trigger inconsistency
Processed   880000/ 1011456 entries, 87.00% (elapsed time 16529.2s, curr speed    0.084 kHz, avg speed    0.053 kHz), accepted     6463/  880001 events ( 0.73%)
%MSG-e SimpleJetCorrectionUncertainty: 
 bin variables out of range
%MSG
%MSG-e SimpleJetCorrectionUncertainty: 
 bin variables out of range
%MSG
ZtoMM trigger inconsistency
Bad event
Processed   890000/ 1011456 entries, 87.99% (elapsed time 16647.1s, curr speed    0.085 kHz, avg speed    0.053 kHz), accepted     6549/  890001 events ( 0.74%)
ZtoMM trigger inconsistency
ZtoMM trigger inconsistency
Processed   900000/ 1011456 entries, 88.98% (elapsed time 16763.5s, curr speed    0.086 kHz, avg speed    0.054 kHz), accepted     6624/  900001 events ( 0.74%)
ZtoMM trigger inconsistency
Processed   910000/ 1011456 entries, 89.97% (elapsed time 16881.8s, curr speed    0.085 kHz, avg speed    0.054 kHz), accepted     6699/  910001 events ( 0.74%)
ZtoEE trigger inconsistency
ZtoMM trigger inconsistency
Processed   920000/ 1011456 entries, 90.96% (elapsed time 17000.2s, curr speed    0.084 kHz, avg speed    0.054 kHz), accepted     6770/  920001 events ( 0.74%)
ZtoMM trigger inconsistency
ZtoMM trigger inconsistency
ZtoMM trigger inconsistency
ZtoMM trigger inconsistency
Processed   930000/ 1011456 entries, 91.95% (elapsed time 17118.4s, curr speed    0.085 kHz, avg speed    0.054 kHz), accepted     6833/  930001 events ( 0.73%)
ZtoMM trigger inconsistency
Processed   940000/ 1011456 entries, 92.94% (elapsed time 17236.8s, curr speed    0.084 kHz, avg speed    0.055 kHz), accepted     6900/  940001 events ( 0.73%)
ZtoMM trigger inconsistency
TtoEM trigger inconsistency
Processed   950000/ 1011456 entries, 93.92% (elapsed time 17353.7s, curr speed    0.086 kHz, avg speed    0.055 kHz), accepted     6992/  950001 events ( 0.74%)
ZtoMM trigger inconsistency
Processed   960000/ 1011456 entries, 94.91% (elapsed time 17472.8s, curr speed    0.084 kHz, avg speed    0.055 kHz), accepted     7071/  960001 events ( 0.74%)
Bad event
%MSG-e SimpleJetCorrectionUncertainty: 
 bin variables out of range
%MSG
%MSG-e SimpleJetCorrectionUncertainty: 
 bin variables out of range
%MSG
ZtoMM trigger inconsistency
ZtoMM trigger inconsistency
Processed   970000/ 1011456 entries, 95.90% (elapsed time 17592.1s, curr speed    0.084 kHz, avg speed    0.055 kHz), accepted     7149/  970001 events ( 0.74%)
ZtoMM trigger inconsistency
Processed   980000/ 1011456 entries, 96.89% (elapsed time 17709.9s, curr speed    0.085 kHz, avg speed    0.055 kHz), accepted     7223/  980001 events ( 0.74%)
ZtoMM trigger inconsistency
ZtoMM trigger inconsistency
Bad event
Processed   990000/ 1011456 entries, 97.88% (elapsed time 17827.7s, curr speed    0.085 kHz, avg speed    0.056 kHz), accepted     7291/  990001 events ( 0.74%)
ZtoMM trigger inconsistency
ZtoEE trigger inconsistency
ZtoMM trigger inconsistency
Processed  1000000/ 1011456 entries, 98.87% (elapsed time 17944.0s, curr speed    0.086 kHz, avg speed    0.056 kHz), accepted     7362/ 1000001 events ( 0.74%)
ZtoMM trigger inconsistency
ZtoEE trigger inconsistency
Processed  1010000/ 1011456 entries, 99.86% (elapsed time 18061.1s, curr speed    0.085 kHz, avg speed    0.056 kHz), accepted     7429/ 1010001 events ( 0.74%)
Processed 1011456 preselected entries from root://cms-xrd-global.cern.ch//store/mc/RunIIAutumn18NanoAODv6/WZTo2L2Q_13TeV_amcatnloFXFX_madspin_pythia8/NANOAODSIM/Nano25Oct2019_102X_upgrade2018_realistic_v20-v1/30000/FA4B76D1-9F9C-5E41-83B6-283C253F2E99.root (1011456 entries). Finally selected 7437 entries
Done /work/pbaertsc/heavy_resonance/output_2018/WZTo2L2Q_13TeV_amcatnloFXFX_madspin_pythia8__RunIIAutumn18NanoAODv6-Nano25Oct2019_102X_upgrade2018_realistic_v20-v1__NANOAODSIM/FA4B76D1-9F9C-5E41-83B6-283C253F2E99.root
55.8755580894 Hz
deleting root file with name: /work/pbaertsc/heavy_resonance/output_2018/WZTo2L2Q_13TeV_amcatnloFXFX_madspin_pythia8__RunIIAutumn18NanoAODv6-Nano25Oct2019_102X_upgrade2018_realistic_v20-v1__NANOAODSIM/FA4B76D1-9F9C-5E41-83B6-283C253F2E99.root
DONE
Complete at
Sat Feb  1 21:32:36 CET 2020
