job start at
Sat Feb  1 14:53:10 CET 2020
SLURM_JOB_ID: 529003
HOSTNAME: t3wn56
JOBLIST:joblist/joblist_ZZTo2Q2Nu_TuneCP5_13TeV_amcatnloFXFX_madspin_pythia8__RunIIAutumn18NanoAODv6-Nano25Oct2019_102X_upgrade2018_realistic_v20-v1__NANOAODSIM_ll.txt
Going to execute
python job.py -i root://cms-xrd-global.cern.ch//store/mc/RunIIAutumn18NanoAODv6/ZZTo2Q2Nu_TuneCP5_13TeV_amcatnloFXFX_madspin_pythia8/NANOAODSIM/Nano25Oct2019_102X_upgrade2018_realistic_v20-v1/240000/907B9F5B-2981-ED43-8613-7A18A8AF2908.root -o /work/pbaertsc/heavy_resonance/output_2018/ZZTo2Q2Nu_TuneCP5_13TeV_amcatnloFXFX_madspin_pythia8__RunIIAutumn18NanoAODv6-Nano25Oct2019_102X_upgrade2018_realistic_v20-v1__NANOAODSIM -N ZZTo2Q2Nu_TuneCP5_13TeV_amcatnloFXFX_madspin_pythia8__RunIIAutumn18NanoAODv6-Nano25Oct2019_102X_upgrade2018_realistic_v20-v1__NANOAODSIM -n 10 -c ll -y 2018
TClass::Init:0: RuntimeWarning: no dictionary for class ROOT::TIOFeatures is available
/work/pbaertsc/heavy_resonance/CMSSW_9_4_6/python/PhysicsTools/NanoAODTools/postprocessing/framework/treeReaderArrayTools.py:69: RuntimeWarning: creating executor for unknown type "ULong64_t*"
  ret = _vr.Get()[0]
JEC= Autumn18_V19_MC 	 JER= Autumn18_V7_MC
MET branch= PuppiMET
JEC= Autumn18_V19_MC 	 JER= Autumn18_V7_MC
MET branch= PuppiMET
--------------------------------------------------------------------------------
input files  = ['root://cms-xrd-global.cern.ch//store/mc/RunIIAutumn18NanoAODv6/ZZTo2Q2Nu_TuneCP5_13TeV_amcatnloFXFX_madspin_pythia8/NANOAODSIM/Nano25Oct2019_102X_upgrade2018_realistic_v20-v1/240000/907B9F5B-2981-ED43-8613-7A18A8AF2908.root']
output directory = /work/pbaertsc/heavy_resonance/output_2018/ZZTo2Q2Nu_TuneCP5_13TeV_amcatnloFXFX_madspin_pythia8__RunIIAutumn18NanoAODv6-Nano25Oct2019_102X_upgrade2018_realistic_v20-v1__NANOAODSIM
output file  = ZZTo2Q2Nu_TuneCP5_13TeV_amcatnloFXFX_madspin_pythia8__RunIIAutumn18NanoAODv6-Nano25Oct2019_102X_upgrade2018_realistic_v20-v1__NANOAODSIM_10_ll.root
chunck       = 10
channel      = ll
dataType     = mc
year         = 2018
tes          = 1.0
ltf          = 1.0
jtf          = 1.0
--------------------------------------------------------------------------------
job.py: creating PostProcessor...
TreeProducer is called /work/pbaertsc/heavy_resonance/output_2018/ZZTo2Q2Nu_TuneCP5_13TeV_amcatnloFXFX_madspin_pythia8__RunIIAutumn18NanoAODv6-Nano25Oct2019_102X_upgrade2018_realistic_v20-v1__NANOAODSIM/ZZTo2Q2Nu_TuneCP5_13TeV_amcatnloFXFX_madspin_pythia8__RunIIAutumn18NanoAODv6-Nano25Oct2019_102X_upgrade2018_realistic_v20-v1__NANOAODSIM_10_ll.root
job.py: going to run PostProcessor...
Will write selected trees to /work/pbaertsc/heavy_resonance/output_2018/ZZTo2Q2Nu_TuneCP5_13TeV_amcatnloFXFX_madspin_pythia8__RunIIAutumn18NanoAODv6-Nano25Oct2019_102X_upgrade2018_realistic_v20-v1__NANOAODSIM
Loading jet energy scale (JES) uncertainties from file '/tmp/tmpnYCxxK/Autumn18_V19_MC_Uncertainty_AK4PFchs.txt'
Loading jet energy resolutions (JER) from file '/tmp/tmpjjJlWT/Autumn18_V7_MC_PtResolution_AK4PFchs.txt'
Loading JER scale factors and uncertainties from file '/tmp/tmpjjJlWT/Autumn18_V7_MC_SF_AK4PFchs.txt'
Loading jet energy scale (JES) uncertainties from file '/tmp/tmpwiqpNQ/Autumn18_V19_MC_Uncertainty_AK8PFPuppi.txt'
Loading jet energy resolutions (JER) from file '/tmp/tmpSECbnx/Autumn18_V7_MC_PtResolution_AK8PFPuppi.txt'
Loading JER scale factors and uncertainties from file '/tmp/tmpSECbnx/Autumn18_V7_MC_SF_AK8PFPuppi.txt'
Pre-select 1344173 entries out of 1344173 (100.00%)
nanoAODv5? True
Processed    10000/ 1344173 entries,  0.74% (elapsed time   148.4s, curr speed    0.067 kHz, avg speed    0.067 kHz), accepted      138/   10001 events ( 1.38%)
Processed    20000/ 1344173 entries,  1.49% (elapsed time   298.8s, curr speed    0.066 kHz, avg speed    0.067 kHz), accepted      282/   20001 events ( 1.41%)
Processed    30000/ 1344173 entries,  2.23% (elapsed time   424.7s, curr speed    0.079 kHz, avg speed    0.071 kHz), accepted      426/   30001 events ( 1.42%)
Processed    40000/ 1344173 entries,  2.98% (elapsed time   556.6s, curr speed    0.076 kHz, avg speed    0.072 kHz), accepted      545/   40001 events ( 1.36%)
Processed    50000/ 1344173 entries,  3.72% (elapsed time   683.3s, curr speed    0.079 kHz, avg speed    0.073 kHz), accepted      662/   50001 events ( 1.32%)
Processed    60000/ 1344173 entries,  4.46% (elapsed time   793.3s, curr speed    0.091 kHz, avg speed    0.076 kHz), accepted      799/   60001 events ( 1.33%)
Processed    70000/ 1344173 entries,  5.21% (elapsed time   918.9s, curr speed    0.080 kHz, avg speed    0.076 kHz), accepted      909/   70001 events ( 1.30%)
Processed    80000/ 1344173 entries,  5.95% (elapsed time  1038.6s, curr speed    0.084 kHz, avg speed    0.077 kHz), accepted     1036/   80001 events ( 1.29%)
Processed    90000/ 1344173 entries,  6.70% (elapsed time  1145.9s, curr speed    0.093 kHz, avg speed    0.079 kHz), accepted     1168/   90001 events ( 1.30%)
Processed   100000/ 1344173 entries,  7.44% (elapsed time  1266.4s, curr speed    0.083 kHz, avg speed    0.079 kHz), accepted     1326/  100001 events ( 1.33%)
Bad event
Processed   110000/ 1344173 entries,  8.18% (elapsed time  1418.6s, curr speed    0.066 kHz, avg speed    0.078 kHz), accepted     1460/  110001 events ( 1.33%)
Processed   120000/ 1344173 entries,  8.93% (elapsed time  1576.1s, curr speed    0.063 kHz, avg speed    0.076 kHz), accepted     1601/  120001 events ( 1.33%)
Processed   130000/ 1344173 entries,  9.67% (elapsed time  1705.0s, curr speed    0.078 kHz, avg speed    0.076 kHz), accepted     1732/  130001 events ( 1.33%)
Processed   140000/ 1344173 entries, 10.42% (elapsed time  1848.2s, curr speed    0.070 kHz, avg speed    0.076 kHz), accepted     1872/  140001 events ( 1.34%)
Processed   150000/ 1344173 entries, 11.16% (elapsed time  1983.5s, curr speed    0.074 kHz, avg speed    0.076 kHz), accepted     1988/  150001 events ( 1.33%)
Processed   160000/ 1344173 entries, 11.90% (elapsed time  2107.6s, curr speed    0.081 kHz, avg speed    0.076 kHz), accepted     2128/  160001 events ( 1.33%)
Processed   170000/ 1344173 entries, 12.65% (elapsed time  2242.3s, curr speed    0.074 kHz, avg speed    0.076 kHz), accepted     2268/  170001 events ( 1.33%)
Processed   180000/ 1344173 entries, 13.39% (elapsed time  2359.7s, curr speed    0.085 kHz, avg speed    0.076 kHz), accepted     2401/  180001 events ( 1.33%)
Processed   190000/ 1344173 entries, 14.14% (elapsed time  2485.2s, curr speed    0.080 kHz, avg speed    0.076 kHz), accepted     2532/  190001 events ( 1.33%)
Processed   200000/ 1344173 entries, 14.88% (elapsed time  2611.7s, curr speed    0.079 kHz, avg speed    0.077 kHz), accepted     2669/  200001 events ( 1.33%)
Processed   210000/ 1344173 entries, 15.62% (elapsed time  2725.6s, curr speed    0.088 kHz, avg speed    0.077 kHz), accepted     2798/  210001 events ( 1.33%)
Processed   220000/ 1344173 entries, 16.37% (elapsed time  2855.9s, curr speed    0.077 kHz, avg speed    0.077 kHz), accepted     2914/  220001 events ( 1.32%)
Processed   230000/ 1344173 entries, 17.11% (elapsed time  2977.8s, curr speed    0.082 kHz, avg speed    0.077 kHz), accepted     3048/  230001 events ( 1.33%)
Processed   240000/ 1344173 entries, 17.85% (elapsed time  3094.5s, curr speed    0.086 kHz, avg speed    0.078 kHz), accepted     3179/  240001 events ( 1.32%)
Processed   250000/ 1344173 entries, 18.60% (elapsed time  3215.8s, curr speed    0.082 kHz, avg speed    0.078 kHz), accepted     3303/  250001 events ( 1.32%)
Processed   260000/ 1344173 entries, 19.34% (elapsed time  3319.3s, curr speed    0.097 kHz, avg speed    0.078 kHz), accepted     3454/  260001 events ( 1.33%)
Processed   270000/ 1344173 entries, 20.09% (elapsed time  3430.7s, curr speed    0.090 kHz, avg speed    0.079 kHz), accepted     3587/  270001 events ( 1.33%)
Bad event
Processed   280000/ 1344173 entries, 20.83% (elapsed time  3550.7s, curr speed    0.083 kHz, avg speed    0.079 kHz), accepted     3728/  280001 events ( 1.33%)
Processed   290000/ 1344173 entries, 21.57% (elapsed time  3658.9s, curr speed    0.092 kHz, avg speed    0.079 kHz), accepted     3878/  290001 events ( 1.34%)
Processed   300000/ 1344173 entries, 22.32% (elapsed time  3784.6s, curr speed    0.080 kHz, avg speed    0.079 kHz), accepted     4003/  300001 events ( 1.33%)
Processed   310000/ 1344173 entries, 23.06% (elapsed time  3902.3s, curr speed    0.085 kHz, avg speed    0.079 kHz), accepted     4128/  310001 events ( 1.33%)
Processed   320000/ 1344173 entries, 23.81% (elapsed time  4012.9s, curr speed    0.090 kHz, avg speed    0.080 kHz), accepted     4277/  320001 events ( 1.34%)
Processed   330000/ 1344173 entries, 24.55% (elapsed time  4124.2s, curr speed    0.090 kHz, avg speed    0.080 kHz), accepted     4401/  330001 events ( 1.33%)
Processed   340000/ 1344173 entries, 25.29% (elapsed time  4236.9s, curr speed    0.089 kHz, avg speed    0.080 kHz), accepted     4523/  340001 events ( 1.33%)
Processed   350000/ 1344173 entries, 26.04% (elapsed time  4346.1s, curr speed    0.092 kHz, avg speed    0.081 kHz), accepted     4659/  350001 events ( 1.33%)
Processed   360000/ 1344173 entries, 26.78% (elapsed time  4459.8s, curr speed    0.088 kHz, avg speed    0.081 kHz), accepted     4786/  360001 events ( 1.33%)
Bad event
Processed   370000/ 1344173 entries, 27.53% (elapsed time  4571.5s, curr speed    0.090 kHz, avg speed    0.081 kHz), accepted     4903/  370001 events ( 1.33%)
Processed   380000/ 1344173 entries, 28.27% (elapsed time  4691.4s, curr speed    0.083 kHz, avg speed    0.081 kHz), accepted     5034/  380001 events ( 1.32%)
Processed   390000/ 1344173 entries, 29.01% (elapsed time  4824.9s, curr speed    0.075 kHz, avg speed    0.081 kHz), accepted     5168/  390001 events ( 1.33%)
Processed   400000/ 1344173 entries, 29.76% (elapsed time  4969.0s, curr speed    0.069 kHz, avg speed    0.080 kHz), accepted     5294/  400001 events ( 1.32%)
Processed   410000/ 1344173 entries, 30.50% (elapsed time  5126.5s, curr speed    0.063 kHz, avg speed    0.080 kHz), accepted     5432/  410001 events ( 1.32%)
Bad event
Processed   420000/ 1344173 entries, 31.25% (elapsed time  5277.3s, curr speed    0.066 kHz, avg speed    0.080 kHz), accepted     5566/  420001 events ( 1.33%)
Processed   430000/ 1344173 entries, 31.99% (elapsed time  5409.9s, curr speed    0.075 kHz, avg speed    0.079 kHz), accepted     5713/  430001 events ( 1.33%)
Processed   440000/ 1344173 entries, 32.73% (elapsed time  5527.9s, curr speed    0.085 kHz, avg speed    0.080 kHz), accepted     5845/  440001 events ( 1.33%)
Processed   450000/ 1344173 entries, 33.48% (elapsed time  5654.9s, curr speed    0.079 kHz, avg speed    0.080 kHz), accepted     5966/  450001 events ( 1.33%)
Processed   460000/ 1344173 entries, 34.22% (elapsed time  5764.8s, curr speed    0.091 kHz, avg speed    0.080 kHz), accepted     6095/  460001 events ( 1.32%)
Bad event
Bad event
Processed   470000/ 1344173 entries, 34.97% (elapsed time  5883.8s, curr speed    0.084 kHz, avg speed    0.080 kHz), accepted     6245/  470001 events ( 1.33%)
Processed   480000/ 1344173 entries, 35.71% (elapsed time  6008.0s, curr speed    0.081 kHz, avg speed    0.080 kHz), accepted     6374/  480001 events ( 1.33%)
Processed   490000/ 1344173 entries, 36.45% (elapsed time  6116.1s, curr speed    0.093 kHz, avg speed    0.080 kHz), accepted     6524/  490001 events ( 1.33%)
Processed   500000/ 1344173 entries, 37.20% (elapsed time  6232.4s, curr speed    0.086 kHz, avg speed    0.080 kHz), accepted     6643/  500001 events ( 1.33%)
Processed   510000/ 1344173 entries, 37.94% (elapsed time  6347.4s, curr speed    0.087 kHz, avg speed    0.080 kHz), accepted     6759/  510001 events ( 1.33%)
Bad event
Processed   520000/ 1344173 entries, 38.69% (elapsed time  6461.2s, curr speed    0.088 kHz, avg speed    0.080 kHz), accepted     6888/  520001 events ( 1.32%)
Processed   530000/ 1344173 entries, 39.43% (elapsed time  6585.9s, curr speed    0.080 kHz, avg speed    0.080 kHz), accepted     7012/  530001 events ( 1.32%)
Processed   540000/ 1344173 entries, 40.17% (elapsed time  6700.3s, curr speed    0.087 kHz, avg speed    0.081 kHz), accepted     7140/  540001 events ( 1.32%)
Processed   550000/ 1344173 entries, 40.92% (elapsed time  6820.8s, curr speed    0.083 kHz, avg speed    0.081 kHz), accepted     7282/  550001 events ( 1.32%)
Processed   560000/ 1344173 entries, 41.66% (elapsed time  6940.9s, curr speed    0.083 kHz, avg speed    0.081 kHz), accepted     7411/  560001 events ( 1.32%)
Processed   570000/ 1344173 entries, 42.41% (elapsed time  7053.5s, curr speed    0.089 kHz, avg speed    0.081 kHz), accepted     7530/  570001 events ( 1.32%)
TtoEM trigger inconsistency
Processed   580000/ 1344173 entries, 43.15% (elapsed time  7175.2s, curr speed    0.082 kHz, avg speed    0.081 kHz), accepted     7669/  580001 events ( 1.32%)
Processed   590000/ 1344173 entries, 43.89% (elapsed time  7286.1s, curr speed    0.090 kHz, avg speed    0.081 kHz), accepted     7813/  590001 events ( 1.32%)
Processed   600000/ 1344173 entries, 44.64% (elapsed time  7402.8s, curr speed    0.086 kHz, avg speed    0.081 kHz), accepted     7958/  600001 events ( 1.33%)
Processed   610000/ 1344173 entries, 45.38% (elapsed time  7519.1s, curr speed    0.086 kHz, avg speed    0.081 kHz), accepted     8068/  610001 events ( 1.32%)
Processed   620000/ 1344173 entries, 46.13% (elapsed time  7636.1s, curr speed    0.085 kHz, avg speed    0.081 kHz), accepted     8190/  620001 events ( 1.32%)
Processed   630000/ 1344173 entries, 46.87% (elapsed time  7755.4s, curr speed    0.084 kHz, avg speed    0.081 kHz), accepted     8306/  630001 events ( 1.32%)
Processed   640000/ 1344173 entries, 47.61% (elapsed time  7864.7s, curr speed    0.092 kHz, avg speed    0.081 kHz), accepted     8466/  640001 events ( 1.32%)
Bad event
Processed   650000/ 1344173 entries, 48.36% (elapsed time  7984.6s, curr speed    0.083 kHz, avg speed    0.081 kHz), accepted     8579/  650001 events ( 1.32%)
Processed   660000/ 1344173 entries, 49.10% (elapsed time  8102.7s, curr speed    0.085 kHz, avg speed    0.081 kHz), accepted     8722/  660001 events ( 1.32%)
Processed   670000/ 1344173 entries, 49.84% (elapsed time  8212.3s, curr speed    0.091 kHz, avg speed    0.082 kHz), accepted     8858/  670001 events ( 1.32%)
Processed   680000/ 1344173 entries, 50.59% (elapsed time  8325.2s, curr speed    0.089 kHz, avg speed    0.082 kHz), accepted     9000/  680001 events ( 1.32%)
Processed   690000/ 1344173 entries, 51.33% (elapsed time  8437.2s, curr speed    0.089 kHz, avg speed    0.082 kHz), accepted     9165/  690001 events ( 1.33%)
Processed   700000/ 1344173 entries, 52.08% (elapsed time  8563.9s, curr speed    0.079 kHz, avg speed    0.082 kHz), accepted     9341/  700001 events ( 1.33%)
Processed   710000/ 1344173 entries, 52.82% (elapsed time  8678.3s, curr speed    0.087 kHz, avg speed    0.082 kHz), accepted     9472/  710001 events ( 1.33%)
Processed   720000/ 1344173 entries, 53.56% (elapsed time  8795.9s, curr speed    0.085 kHz, avg speed    0.082 kHz), accepted     9582/  720001 events ( 1.33%)
Processed   730000/ 1344173 entries, 54.31% (elapsed time  8910.4s, curr speed    0.087 kHz, avg speed    0.082 kHz), accepted     9721/  730001 events ( 1.33%)
Processed   740000/ 1344173 entries, 55.05% (elapsed time  9017.8s, curr speed    0.093 kHz, avg speed    0.082 kHz), accepted     9862/  740001 events ( 1.33%)
Bad event
Processed   750000/ 1344173 entries, 55.80% (elapsed time  9132.5s, curr speed    0.087 kHz, avg speed    0.082 kHz), accepted    10009/  750001 events ( 1.33%)
Processed   760000/ 1344173 entries, 56.54% (elapsed time  9253.8s, curr speed    0.082 kHz, avg speed    0.082 kHz), accepted    10138/  760001 events ( 1.33%)
Processed   770000/ 1344173 entries, 57.28% (elapsed time  9374.4s, curr speed    0.083 kHz, avg speed    0.082 kHz), accepted    10280/  770001 events ( 1.34%)
Bad event
Processed   780000/ 1344173 entries, 58.03% (elapsed time  9502.6s, curr speed    0.078 kHz, avg speed    0.082 kHz), accepted    10418/  780001 events ( 1.34%)
Processed   790000/ 1344173 entries, 58.77% (elapsed time  9625.2s, curr speed    0.082 kHz, avg speed    0.082 kHz), accepted    10545/  790001 events ( 1.33%)
Processed   800000/ 1344173 entries, 59.52% (elapsed time  9754.7s, curr speed    0.077 kHz, avg speed    0.082 kHz), accepted    10677/  800001 events ( 1.33%)
Processed   810000/ 1344173 entries, 60.26% (elapsed time  9880.6s, curr speed    0.079 kHz, avg speed    0.082 kHz), accepted    10801/  810001 events ( 1.33%)
Processed   820000/ 1344173 entries, 61.00% (elapsed time 10004.8s, curr speed    0.081 kHz, avg speed    0.082 kHz), accepted    10935/  820001 events ( 1.33%)
Processed   830000/ 1344173 entries, 61.75% (elapsed time 10139.9s, curr speed    0.074 kHz, avg speed    0.082 kHz), accepted    11066/  830001 events ( 1.33%)
Processed   840000/ 1344173 entries, 62.49% (elapsed time 10262.8s, curr speed    0.081 kHz, avg speed    0.082 kHz), accepted    11213/  840001 events ( 1.33%)
Processed   850000/ 1344173 entries, 63.24% (elapsed time 10393.1s, curr speed    0.077 kHz, avg speed    0.082 kHz), accepted    11354/  850001 events ( 1.34%)
Processed   860000/ 1344173 entries, 63.98% (elapsed time 10510.8s, curr speed    0.085 kHz, avg speed    0.082 kHz), accepted    11493/  860001 events ( 1.34%)
Processed   870000/ 1344173 entries, 64.72% (elapsed time 10633.8s, curr speed    0.081 kHz, avg speed    0.082 kHz), accepted    11625/  870001 events ( 1.34%)
Processed   880000/ 1344173 entries, 65.47% (elapsed time 10759.6s, curr speed    0.079 kHz, avg speed    0.082 kHz), accepted    11761/  880001 events ( 1.34%)
Bad event
Processed   890000/ 1344173 entries, 66.21% (elapsed time 10881.5s, curr speed    0.082 kHz, avg speed    0.082 kHz), accepted    11900/  890001 events ( 1.34%)
Bad event
Processed   900000/ 1344173 entries, 66.96% (elapsed time 11009.7s, curr speed    0.078 kHz, avg speed    0.082 kHz), accepted    12047/  900001 events ( 1.34%)
Processed   910000/ 1344173 entries, 67.70% (elapsed time 11125.5s, curr speed    0.086 kHz, avg speed    0.082 kHz), accepted    12160/  910001 events ( 1.34%)
Bad event
Processed   920000/ 1344173 entries, 68.44% (elapsed time 11244.6s, curr speed    0.084 kHz, avg speed    0.082 kHz), accepted    12300/  920001 events ( 1.34%)
Processed   930000/ 1344173 entries, 69.19% (elapsed time 11368.8s, curr speed    0.081 kHz, avg speed    0.082 kHz), accepted    12429/  930001 events ( 1.34%)
Bad event
Processed   940000/ 1344173 entries, 69.93% (elapsed time 11488.9s, curr speed    0.083 kHz, avg speed    0.082 kHz), accepted    12549/  940001 events ( 1.33%)
Processed   950000/ 1344173 entries, 70.68% (elapsed time 11617.7s, curr speed    0.078 kHz, avg speed    0.082 kHz), accepted    12672/  950001 events ( 1.33%)
Processed   960000/ 1344173 entries, 71.42% (elapsed time 11736.4s, curr speed    0.084 kHz, avg speed    0.082 kHz), accepted    12795/  960001 events ( 1.33%)
Processed   970000/ 1344173 entries, 72.16% (elapsed time 11856.7s, curr speed    0.083 kHz, avg speed    0.082 kHz), accepted    12925/  970001 events ( 1.33%)
Processed   980000/ 1344173 entries, 72.91% (elapsed time 11980.7s, curr speed    0.081 kHz, avg speed    0.082 kHz), accepted    13053/  980001 events ( 1.33%)
Bad event
Processed   990000/ 1344173 entries, 73.65% (elapsed time 12100.7s, curr speed    0.083 kHz, avg speed    0.082 kHz), accepted    13193/  990001 events ( 1.33%)
Processed  1000000/ 1344173 entries, 74.40% (elapsed time 12227.7s, curr speed    0.079 kHz, avg speed    0.082 kHz), accepted    13335/ 1000001 events ( 1.33%)
Processed  1010000/ 1344173 entries, 75.14% (elapsed time 12347.9s, curr speed    0.083 kHz, avg speed    0.082 kHz), accepted    13490/ 1010001 events ( 1.34%)
Processed  1020000/ 1344173 entries, 75.88% (elapsed time 12464.7s, curr speed    0.086 kHz, avg speed    0.082 kHz), accepted    13628/ 1020001 events ( 1.34%)
Bad event
Bad event
Processed  1030000/ 1344173 entries, 76.63% (elapsed time 12585.5s, curr speed    0.083 kHz, avg speed    0.082 kHz), accepted    13774/ 1030001 events ( 1.34%)
Processed  1040000/ 1344173 entries, 77.37% (elapsed time 12706.7s, curr speed    0.082 kHz, avg speed    0.082 kHz), accepted    13894/ 1040001 events ( 1.34%)
Bad event
Processed  1050000/ 1344173 entries, 78.11% (elapsed time 12830.7s, curr speed    0.081 kHz, avg speed    0.082 kHz), accepted    14026/ 1050001 events ( 1.34%)
Processed  1060000/ 1344173 entries, 78.86% (elapsed time 12954.9s, curr speed    0.081 kHz, avg speed    0.082 kHz), accepted    14164/ 1060001 events ( 1.34%)
Processed  1070000/ 1344173 entries, 79.60% (elapsed time 13077.0s, curr speed    0.082 kHz, avg speed    0.082 kHz), accepted    14305/ 1070001 events ( 1.34%)
%MSG-e SimpleJetCorrectionUncertainty: 
 bin variables out of range
%MSG
%MSG-e SimpleJetCorrectionUncertainty: 
 bin variables out of range
%MSG
Processed  1080000/ 1344173 entries, 80.35% (elapsed time 13198.0s, curr speed    0.083 kHz, avg speed    0.082 kHz), accepted    14432/ 1080001 events ( 1.34%)
Processed  1090000/ 1344173 entries, 81.09% (elapsed time 13318.1s, curr speed    0.083 kHz, avg speed    0.082 kHz), accepted    14577/ 1090001 events ( 1.34%)
Processed  1100000/ 1344173 entries, 81.83% (elapsed time 13435.7s, curr speed    0.085 kHz, avg speed    0.082 kHz), accepted    14712/ 1100001 events ( 1.34%)
Processed  1110000/ 1344173 entries, 82.58% (elapsed time 13554.2s, curr speed    0.084 kHz, avg speed    0.082 kHz), accepted    14835/ 1110001 events ( 1.34%)
Bad event
Processed  1120000/ 1344173 entries, 83.32% (elapsed time 13672.4s, curr speed    0.085 kHz, avg speed    0.082 kHz), accepted    14979/ 1120001 events ( 1.34%)
Bad event
Processed  1130000/ 1344173 entries, 84.07% (elapsed time 13783.8s, curr speed    0.090 kHz, avg speed    0.082 kHz), accepted    15101/ 1130001 events ( 1.34%)
Processed  1140000/ 1344173 entries, 84.81% (elapsed time 13900.1s, curr speed    0.086 kHz, avg speed    0.082 kHz), accepted    15218/ 1140001 events ( 1.33%)
Processed  1150000/ 1344173 entries, 85.55% (elapsed time 14021.5s, curr speed    0.082 kHz, avg speed    0.082 kHz), accepted    15351/ 1150001 events ( 1.33%)
Bad event
Processed  1160000/ 1344173 entries, 86.30% (elapsed time 14139.0s, curr speed    0.085 kHz, avg speed    0.082 kHz), accepted    15472/ 1160001 events ( 1.33%)
Processed  1170000/ 1344173 entries, 87.04% (elapsed time 14259.6s, curr speed    0.083 kHz, avg speed    0.082 kHz), accepted    15613/ 1170001 events ( 1.33%)
Processed  1180000/ 1344173 entries, 87.79% (elapsed time 14375.7s, curr speed    0.086 kHz, avg speed    0.082 kHz), accepted    15754/ 1180001 events ( 1.34%)
Bad event
Processed  1190000/ 1344173 entries, 88.53% (elapsed time 14487.8s, curr speed    0.089 kHz, avg speed    0.082 kHz), accepted    15883/ 1190001 events ( 1.33%)
Processed  1200000/ 1344173 entries, 89.27% (elapsed time 14618.9s, curr speed    0.076 kHz, avg speed    0.082 kHz), accepted    16022/ 1200001 events ( 1.34%)
Processed  1210000/ 1344173 entries, 90.02% (elapsed time 14748.4s, curr speed    0.077 kHz, avg speed    0.082 kHz), accepted    16153/ 1210001 events ( 1.33%)
Processed  1220000/ 1344173 entries, 90.76% (elapsed time 14883.4s, curr speed    0.074 kHz, avg speed    0.082 kHz), accepted    16295/ 1220001 events ( 1.34%)
Bad event
Processed  1230000/ 1344173 entries, 91.51% (elapsed time 15025.2s, curr speed    0.070 kHz, avg speed    0.082 kHz), accepted    16420/ 1230001 events ( 1.33%)
Bad event
Processed  1240000/ 1344173 entries, 92.25% (elapsed time 15153.8s, curr speed    0.078 kHz, avg speed    0.082 kHz), accepted    16561/ 1240001 events ( 1.34%)
Processed  1250000/ 1344173 entries, 92.99% (elapsed time 15292.0s, curr speed    0.072 kHz, avg speed    0.082 kHz), accepted    16703/ 1250001 events ( 1.34%)
Processed  1260000/ 1344173 entries, 93.74% (elapsed time 15429.2s, curr speed    0.073 kHz, avg speed    0.082 kHz), accepted    16826/ 1260001 events ( 1.34%)
Processed  1270000/ 1344173 entries, 94.48% (elapsed time 15528.8s, curr speed    0.100 kHz, avg speed    0.082 kHz), accepted    16952/ 1270001 events ( 1.33%)
Bad event
Processed  1280000/ 1344173 entries, 95.23% (elapsed time 15624.3s, curr speed    0.105 kHz, avg speed    0.082 kHz), accepted    17079/ 1280001 events ( 1.33%)
Processed  1290000/ 1344173 entries, 95.97% (elapsed time 15731.9s, curr speed    0.093 kHz, avg speed    0.082 kHz), accepted    17197/ 1290001 events ( 1.33%)
Processed  1300000/ 1344173 entries, 96.71% (elapsed time 15830.6s, curr speed    0.101 kHz, avg speed    0.082 kHz), accepted    17339/ 1300001 events ( 1.33%)
Processed  1310000/ 1344173 entries, 97.46% (elapsed time 15928.3s, curr speed    0.102 kHz, avg speed    0.082 kHz), accepted    17466/ 1310001 events ( 1.33%)
Processed  1320000/ 1344173 entries, 98.20% (elapsed time 16032.5s, curr speed    0.096 kHz, avg speed    0.082 kHz), accepted    17609/ 1320001 events ( 1.33%)
Processed  1330000/ 1344173 entries, 98.95% (elapsed time 16129.3s, curr speed    0.103 kHz, avg speed    0.082 kHz), accepted    17750/ 1330001 events ( 1.33%)
Processed  1340000/ 1344173 entries, 99.69% (elapsed time 16236.8s, curr speed    0.093 kHz, avg speed    0.083 kHz), accepted    17868/ 1340001 events ( 1.33%)
Processed 1344173 preselected entries from root://cms-xrd-global.cern.ch//store/mc/RunIIAutumn18NanoAODv6/ZZTo2Q2Nu_TuneCP5_13TeV_amcatnloFXFX_madspin_pythia8/NANOAODSIM/Nano25Oct2019_102X_upgrade2018_realistic_v20-v1/240000/907B9F5B-2981-ED43-8613-7A18A8AF2908.root (1344173 entries). Finally selected 17920 entries
Done /work/pbaertsc/heavy_resonance/output_2018/ZZTo2Q2Nu_TuneCP5_13TeV_amcatnloFXFX_madspin_pythia8__RunIIAutumn18NanoAODv6-Nano25Oct2019_102X_upgrade2018_realistic_v20-v1__NANOAODSIM/907B9F5B-2981-ED43-8613-7A18A8AF2908.root
82.4122214347 Hz
deleting root file with name: /work/pbaertsc/heavy_resonance/output_2018/ZZTo2Q2Nu_TuneCP5_13TeV_amcatnloFXFX_madspin_pythia8__RunIIAutumn18NanoAODv6-Nano25Oct2019_102X_upgrade2018_realistic_v20-v1__NANOAODSIM/907B9F5B-2981-ED43-8613-7A18A8AF2908.root
DONE
Complete at
Sat Feb  1 23:58:38 CET 2020
