job start at
Thu Jan 30 19:52:18 CET 2020
SLURM_JOB_ID: 440040
HOSTNAME: t3wn63
JOBLIST:joblist/joblist_ZZTo4L_13TeV_powheg_pythia8_ext1__RunIISummer16NanoAODv6-PUMoriond17_Nano25Oct2019_102X_mcRun2_asymptotic_v7-v1__NANOAODSIM_ll.txt
Going to execute
python job.py -i root://cms-xrd-global.cern.ch//store/mc/RunIISummer16NanoAODv6/ZZTo4L_13TeV_powheg_pythia8_ext1/NANOAODSIM/PUMoriond17_Nano25Oct2019_102X_mcRun2_asymptotic_v7-v1/70000/132B5863-E3D8-6F48-BCD8-2CEDF1E4C661.root -o /work/pbaertsc/heavy_resonance/output_2016/ZZTo4L_13TeV_powheg_pythia8_ext1__RunIISummer16NanoAODv6-PUMoriond17_Nano25Oct2019_102X_mcRun2_asymptotic_v7-v1__NANOAODSIM -N ZZTo4L_13TeV_powheg_pythia8_ext1__RunIISummer16NanoAODv6-PUMoriond17_Nano25Oct2019_102X_mcRun2_asymptotic_v7-v1__NANOAODSIM -n 40 -c ll -y 2016
TClass::Init:0: RuntimeWarning: no dictionary for class ROOT::TIOFeatures is available
/work/pbaertsc/heavy_resonance/CMSSW_9_4_6/python/PhysicsTools/NanoAODTools/postprocessing/framework/treeReaderArrayTools.py:69: RuntimeWarning: creating executor for unknown type "ULong64_t*"
  ret = _vr.Get()[0]
JEC= Summer16_07Aug2017_V11_MC 	 JER= Summer16_25nsV1_MC
MET branch= PuppiMET
JEC= Summer16_07Aug2017_V11_MC 	 JER= Summer16_25nsV1_MC
MET branch= PuppiMET
--------------------------------------------------------------------------------
input files  = ['root://cms-xrd-global.cern.ch//store/mc/RunIISummer16NanoAODv6/ZZTo4L_13TeV_powheg_pythia8_ext1/NANOAODSIM/PUMoriond17_Nano25Oct2019_102X_mcRun2_asymptotic_v7-v1/70000/132B5863-E3D8-6F48-BCD8-2CEDF1E4C661.root']
output directory = /work/pbaertsc/heavy_resonance/output_2016/ZZTo4L_13TeV_powheg_pythia8_ext1__RunIISummer16NanoAODv6-PUMoriond17_Nano25Oct2019_102X_mcRun2_asymptotic_v7-v1__NANOAODSIM
output file  = ZZTo4L_13TeV_powheg_pythia8_ext1__RunIISummer16NanoAODv6-PUMoriond17_Nano25Oct2019_102X_mcRun2_asymptotic_v7-v1__NANOAODSIM_40_ll.root
chunck       = 40
channel      = ll
dataType     = mc
year         = 2016
tes          = 1.0
ltf          = 1.0
jtf          = 1.0
--------------------------------------------------------------------------------
job.py: creating PostProcessor...
TreeProducer is called /work/pbaertsc/heavy_resonance/output_2016/ZZTo4L_13TeV_powheg_pythia8_ext1__RunIISummer16NanoAODv6-PUMoriond17_Nano25Oct2019_102X_mcRun2_asymptotic_v7-v1__NANOAODSIM/ZZTo4L_13TeV_powheg_pythia8_ext1__RunIISummer16NanoAODv6-PUMoriond17_Nano25Oct2019_102X_mcRun2_asymptotic_v7-v1__NANOAODSIM_40_ll.root
job.py: going to run PostProcessor...
Will write selected trees to /work/pbaertsc/heavy_resonance/output_2016/ZZTo4L_13TeV_powheg_pythia8_ext1__RunIISummer16NanoAODv6-PUMoriond17_Nano25Oct2019_102X_mcRun2_asymptotic_v7-v1__NANOAODSIM
Loading jet energy scale (JES) uncertainties from file '/tmp/tmpxmXgPG/Summer16_07Aug2017_V11_MC_Uncertainty_AK4PFchs.txt'
Loading jet energy resolutions (JER) from file '/tmp/tmpEL6Y66/Summer16_25nsV1_MC_PtResolution_AK4PFchs.txt'
Loading JER scale factors and uncertainties from file '/tmp/tmpEL6Y66/Summer16_25nsV1_MC_SF_AK4PFchs.txt'
Loading jet energy scale (JES) uncertainties from file '/tmp/tmpcoCw4L/Summer16_07Aug2017_V11_MC_Uncertainty_AK8PFPuppi.txt'
Loading jet energy resolutions (JER) from file '/tmp/tmp8O8RGX/Summer16_25nsV1_MC_PtResolution_AK8PFPuppi.txt'
Loading JER scale factors and uncertainties from file '/tmp/tmp8O8RGX/Summer16_25nsV1_MC_SF_AK8PFPuppi.txt'
Pre-select 1121927 entries out of 1121927 (100.00%)
nanoAODv5? True
Processed    10000/ 1121927 entries,  0.89% (elapsed time   146.0s, curr speed    0.069 kHz, avg speed    0.069 kHz), accepted       12/   10001 events ( 0.12%)
Processed    20000/ 1121927 entries,  1.78% (elapsed time   242.1s, curr speed    0.104 kHz, avg speed    0.083 kHz), accepted       22/   20001 events ( 0.11%)
Processed    30000/ 1121927 entries,  2.67% (elapsed time   326.7s, curr speed    0.118 kHz, avg speed    0.092 kHz), accepted       28/   30001 events ( 0.09%)
Processed    40000/ 1121927 entries,  3.57% (elapsed time   409.8s, curr speed    0.120 kHz, avg speed    0.098 kHz), accepted       50/   40001 events ( 0.12%)
Processed    50000/ 1121927 entries,  4.46% (elapsed time   485.6s, curr speed    0.132 kHz, avg speed    0.103 kHz), accepted       66/   50001 events ( 0.13%)
Processed    60000/ 1121927 entries,  5.35% (elapsed time   559.9s, curr speed    0.135 kHz, avg speed    0.107 kHz), accepted       86/   60001 events ( 0.14%)
Processed    70000/ 1121927 entries,  6.24% (elapsed time   632.6s, curr speed    0.138 kHz, avg speed    0.111 kHz), accepted      101/   70001 events ( 0.14%)
ZtoMM trigger inconsistency
Processed    80000/ 1121927 entries,  7.13% (elapsed time   705.3s, curr speed    0.138 kHz, avg speed    0.113 kHz), accepted      115/   80001 events ( 0.14%)
ZtoMM trigger inconsistency
Processed    90000/ 1121927 entries,  8.02% (elapsed time   770.5s, curr speed    0.153 kHz, avg speed    0.117 kHz), accepted      128/   90001 events ( 0.14%)
ZtoMM trigger inconsistency
TtoEM trigger inconsistency
Processed   100000/ 1121927 entries,  8.91% (elapsed time   831.7s, curr speed    0.163 kHz, avg speed    0.120 kHz), accepted      135/  100001 events ( 0.13%)
Processed   110000/ 1121927 entries,  9.80% (elapsed time   892.3s, curr speed    0.165 kHz, avg speed    0.123 kHz), accepted      155/  110001 events ( 0.14%)
ZtoMM trigger inconsistency
Processed   120000/ 1121927 entries, 10.70% (elapsed time   949.4s, curr speed    0.175 kHz, avg speed    0.126 kHz), accepted      168/  120001 events ( 0.14%)
TtoEM trigger inconsistency
ZtoMM trigger inconsistency
Processed   130000/ 1121927 entries, 11.59% (elapsed time  1003.4s, curr speed    0.185 kHz, avg speed    0.130 kHz), accepted      177/  130001 events ( 0.14%)
Processed   140000/ 1121927 entries, 12.48% (elapsed time  1057.7s, curr speed    0.184 kHz, avg speed    0.132 kHz), accepted      195/  140001 events ( 0.14%)
Processed   150000/ 1121927 entries, 13.37% (elapsed time  1110.4s, curr speed    0.190 kHz, avg speed    0.135 kHz), accepted      206/  150001 events ( 0.14%)
Processed   160000/ 1121927 entries, 14.26% (elapsed time  1160.8s, curr speed    0.198 kHz, avg speed    0.138 kHz), accepted      221/  160001 events ( 0.14%)
ZtoMM trigger inconsistency
Processed   170000/ 1121927 entries, 15.15% (elapsed time  1212.1s, curr speed    0.195 kHz, avg speed    0.140 kHz), accepted      240/  170001 events ( 0.14%)
Processed   180000/ 1121927 entries, 16.04% (elapsed time  1261.8s, curr speed    0.202 kHz, avg speed    0.143 kHz), accepted      249/  180001 events ( 0.14%)
Processed   190000/ 1121927 entries, 16.94% (elapsed time  1312.1s, curr speed    0.199 kHz, avg speed    0.145 kHz), accepted      266/  190001 events ( 0.14%)
TtoEM trigger inconsistency
Processed   200000/ 1121927 entries, 17.83% (elapsed time  1362.1s, curr speed    0.200 kHz, avg speed    0.147 kHz), accepted      279/  200001 events ( 0.14%)
Processed   210000/ 1121927 entries, 18.72% (elapsed time  1411.0s, curr speed    0.205 kHz, avg speed    0.149 kHz), accepted      290/  210001 events ( 0.14%)
ZtoMM trigger inconsistency
ZtoMM trigger inconsistency
ZtoMM trigger inconsistency
TtoEM trigger inconsistency
Processed   220000/ 1121927 entries, 19.61% (elapsed time  1460.6s, curr speed    0.201 kHz, avg speed    0.151 kHz), accepted      309/  220001 events ( 0.14%)
Processed   230000/ 1121927 entries, 20.50% (elapsed time  1509.9s, curr speed    0.203 kHz, avg speed    0.152 kHz), accepted      327/  230001 events ( 0.14%)
ZtoMM trigger inconsistency
ZtoMM trigger inconsistency
Processed   240000/ 1121927 entries, 21.39% (elapsed time  1558.5s, curr speed    0.206 kHz, avg speed    0.154 kHz), accepted      341/  240001 events ( 0.14%)
ZtoEE trigger inconsistency
TtoEM trigger inconsistency
Processed   250000/ 1121927 entries, 22.28% (elapsed time  1608.1s, curr speed    0.202 kHz, avg speed    0.155 kHz), accepted      351/  250001 events ( 0.14%)
Processed   260000/ 1121927 entries, 23.17% (elapsed time  1656.6s, curr speed    0.206 kHz, avg speed    0.157 kHz), accepted      361/  260001 events ( 0.14%)
TtoEM trigger inconsistency
Processed   270000/ 1121927 entries, 24.07% (elapsed time  1706.4s, curr speed    0.200 kHz, avg speed    0.158 kHz), accepted      377/  270001 events ( 0.14%)
Processed   280000/ 1121927 entries, 24.96% (elapsed time  1756.2s, curr speed    0.201 kHz, avg speed    0.159 kHz), accepted      395/  280001 events ( 0.14%)
ZtoMM trigger inconsistency
Processed   290000/ 1121927 entries, 25.85% (elapsed time  1803.6s, curr speed    0.211 kHz, avg speed    0.161 kHz), accepted      406/  290001 events ( 0.14%)
ZtoEE trigger inconsistency
Processed   300000/ 1121927 entries, 26.74% (elapsed time  1852.8s, curr speed    0.203 kHz, avg speed    0.162 kHz), accepted      426/  300001 events ( 0.14%)
Processed   310000/ 1121927 entries, 27.63% (elapsed time  1901.4s, curr speed    0.205 kHz, avg speed    0.163 kHz), accepted      442/  310001 events ( 0.14%)
ZtoMM trigger inconsistency
ZtoEE trigger inconsistency
Processed   320000/ 1121927 entries, 28.52% (elapsed time  1950.7s, curr speed    0.203 kHz, avg speed    0.164 kHz), accepted      455/  320001 events ( 0.14%)
Processed   330000/ 1121927 entries, 29.41% (elapsed time  1999.1s, curr speed    0.207 kHz, avg speed    0.165 kHz), accepted      469/  330001 events ( 0.14%)
TtoEM trigger inconsistency
ZtoEE trigger inconsistency
Processed   340000/ 1121927 entries, 30.31% (elapsed time  2048.0s, curr speed    0.204 kHz, avg speed    0.166 kHz), accepted      486/  340001 events ( 0.14%)
ZtoEE trigger inconsistency
Processed   350000/ 1121927 entries, 31.20% (elapsed time  2097.6s, curr speed    0.202 kHz, avg speed    0.167 kHz), accepted      496/  350001 events ( 0.14%)
TtoEM trigger inconsistency
Processed   360000/ 1121927 entries, 32.09% (elapsed time  2146.5s, curr speed    0.205 kHz, avg speed    0.168 kHz), accepted      511/  360001 events ( 0.14%)
TtoEM trigger inconsistency
Processed   370000/ 1121927 entries, 32.98% (elapsed time  2195.6s, curr speed    0.204 kHz, avg speed    0.169 kHz), accepted      529/  370001 events ( 0.14%)
Processed   380000/ 1121927 entries, 33.87% (elapsed time  2243.9s, curr speed    0.207 kHz, avg speed    0.169 kHz), accepted      550/  380001 events ( 0.14%)
Processed   390000/ 1121927 entries, 34.76% (elapsed time  2293.2s, curr speed    0.203 kHz, avg speed    0.170 kHz), accepted      566/  390001 events ( 0.15%)
Processed   400000/ 1121927 entries, 35.65% (elapsed time  2342.5s, curr speed    0.203 kHz, avg speed    0.171 kHz), accepted      582/  400001 events ( 0.15%)
ZtoMM trigger inconsistency
Processed   410000/ 1121927 entries, 36.54% (elapsed time  2390.5s, curr speed    0.208 kHz, avg speed    0.172 kHz), accepted      597/  410001 events ( 0.15%)
Processed   420000/ 1121927 entries, 37.44% (elapsed time  2438.9s, curr speed    0.206 kHz, avg speed    0.172 kHz), accepted      605/  420001 events ( 0.14%)
TtoEM trigger inconsistency
ZtoMM trigger inconsistency
Processed   430000/ 1121927 entries, 38.33% (elapsed time  2487.2s, curr speed    0.207 kHz, avg speed    0.173 kHz), accepted      618/  430001 events ( 0.14%)
Processed   440000/ 1121927 entries, 39.22% (elapsed time  2536.1s, curr speed    0.205 kHz, avg speed    0.173 kHz), accepted      634/  440001 events ( 0.14%)
Processed   450000/ 1121927 entries, 40.11% (elapsed time  2584.6s, curr speed    0.206 kHz, avg speed    0.174 kHz), accepted      648/  450001 events ( 0.14%)
TtoEM trigger inconsistency
Processed   460000/ 1121927 entries, 41.00% (elapsed time  2633.0s, curr speed    0.207 kHz, avg speed    0.175 kHz), accepted      661/  460001 events ( 0.14%)
Processed   470000/ 1121927 entries, 41.89% (elapsed time  2681.5s, curr speed    0.206 kHz, avg speed    0.175 kHz), accepted      677/  470001 events ( 0.14%)
TtoEM trigger inconsistency
Processed   480000/ 1121927 entries, 42.78% (elapsed time  2730.9s, curr speed    0.202 kHz, avg speed    0.176 kHz), accepted      696/  480001 events ( 0.14%)
ZtoMM trigger inconsistency
ZtoMM trigger inconsistency
Processed   490000/ 1121927 entries, 43.67% (elapsed time  2778.0s, curr speed    0.212 kHz, avg speed    0.176 kHz), accepted      705/  490001 events ( 0.14%)
Processed   500000/ 1121927 entries, 44.57% (elapsed time  2826.4s, curr speed    0.206 kHz, avg speed    0.177 kHz), accepted      724/  500001 events ( 0.14%)
ZtoMM trigger inconsistency
ZtoMM trigger inconsistency
Processed   510000/ 1121927 entries, 45.46% (elapsed time  2874.5s, curr speed    0.208 kHz, avg speed    0.177 kHz), accepted      733/  510001 events ( 0.14%)
TtoEM trigger inconsistency
Processed   520000/ 1121927 entries, 46.35% (elapsed time  2922.3s, curr speed    0.209 kHz, avg speed    0.178 kHz), accepted      742/  520001 events ( 0.14%)
Processed   530000/ 1121927 entries, 47.24% (elapsed time  2970.9s, curr speed    0.206 kHz, avg speed    0.178 kHz), accepted      761/  530001 events ( 0.14%)
ZtoMM trigger inconsistency
Processed   540000/ 1121927 entries, 48.13% (elapsed time  3017.9s, curr speed    0.213 kHz, avg speed    0.179 kHz), accepted      774/  540001 events ( 0.14%)
ZtoMM trigger inconsistency
ZtoMM trigger inconsistency
Processed   550000/ 1121927 entries, 49.02% (elapsed time  3066.0s, curr speed    0.208 kHz, avg speed    0.179 kHz), accepted      793/  550001 events ( 0.14%)
ZtoMM trigger inconsistency
Processed   560000/ 1121927 entries, 49.91% (elapsed time  3114.4s, curr speed    0.207 kHz, avg speed    0.180 kHz), accepted      813/  560001 events ( 0.15%)
Processed   570000/ 1121927 entries, 50.81% (elapsed time  3161.8s, curr speed    0.211 kHz, avg speed    0.180 kHz), accepted      830/  570001 events ( 0.15%)
Processed   580000/ 1121927 entries, 51.70% (elapsed time  3210.4s, curr speed    0.206 kHz, avg speed    0.181 kHz), accepted      845/  580001 events ( 0.15%)
Processed   590000/ 1121927 entries, 52.59% (elapsed time  3257.8s, curr speed    0.211 kHz, avg speed    0.181 kHz), accepted      863/  590001 events ( 0.15%)
ZtoEE trigger inconsistency
Processed   600000/ 1121927 entries, 53.48% (elapsed time  3307.2s, curr speed    0.202 kHz, avg speed    0.181 kHz), accepted      887/  600001 events ( 0.15%)
ZtoMM trigger inconsistency
Processed   610000/ 1121927 entries, 54.37% (elapsed time  3354.8s, curr speed    0.210 kHz, avg speed    0.182 kHz), accepted      903/  610001 events ( 0.15%)
Processed   620000/ 1121927 entries, 55.26% (elapsed time  3403.2s, curr speed    0.207 kHz, avg speed    0.182 kHz), accepted      927/  620001 events ( 0.15%)
ZtoMM trigger inconsistency
Processed   630000/ 1121927 entries, 56.15% (elapsed time  3451.3s, curr speed    0.208 kHz, avg speed    0.183 kHz), accepted      942/  630001 events ( 0.15%)
TtoEM trigger inconsistency
Processed   640000/ 1121927 entries, 57.04% (elapsed time  3498.8s, curr speed    0.211 kHz, avg speed    0.183 kHz), accepted      958/  640001 events ( 0.15%)
Processed   650000/ 1121927 entries, 57.94% (elapsed time  3546.2s, curr speed    0.211 kHz, avg speed    0.183 kHz), accepted      976/  650001 events ( 0.15%)
Processed   660000/ 1121927 entries, 58.83% (elapsed time  3594.0s, curr speed    0.209 kHz, avg speed    0.184 kHz), accepted      991/  660001 events ( 0.15%)
Processed   670000/ 1121927 entries, 59.72% (elapsed time  3641.9s, curr speed    0.209 kHz, avg speed    0.184 kHz), accepted     1006/  670001 events ( 0.15%)
ZtoMM trigger inconsistency
ZtoMM trigger inconsistency
ZtoMM trigger inconsistency
TtoEM trigger inconsistency
Processed   680000/ 1121927 entries, 60.61% (elapsed time  3689.5s, curr speed    0.210 kHz, avg speed    0.184 kHz), accepted     1014/  680001 events ( 0.15%)
ZtoMM trigger inconsistency
TtoEM trigger inconsistency
ZtoMM trigger inconsistency
Processed   690000/ 1121927 entries, 61.50% (elapsed time  3736.7s, curr speed    0.212 kHz, avg speed    0.185 kHz), accepted     1036/  690001 events ( 0.15%)
Processed   700000/ 1121927 entries, 62.39% (elapsed time  3784.5s, curr speed    0.209 kHz, avg speed    0.185 kHz), accepted     1058/  700001 events ( 0.15%)
ZtoMM trigger inconsistency
ZtoMM trigger inconsistency
Processed   710000/ 1121927 entries, 63.28% (elapsed time  3833.2s, curr speed    0.205 kHz, avg speed    0.185 kHz), accepted     1084/  710001 events ( 0.15%)
Processed   720000/ 1121927 entries, 64.18% (elapsed time  3881.1s, curr speed    0.209 kHz, avg speed    0.186 kHz), accepted     1102/  720001 events ( 0.15%)
Processed   730000/ 1121927 entries, 65.07% (elapsed time  3930.1s, curr speed    0.204 kHz, avg speed    0.186 kHz), accepted     1123/  730001 events ( 0.15%)
Processed   740000/ 1121927 entries, 65.96% (elapsed time  3979.0s, curr speed    0.205 kHz, avg speed    0.186 kHz), accepted     1145/  740001 events ( 0.15%)
Processed   750000/ 1121927 entries, 66.85% (elapsed time  4025.6s, curr speed    0.214 kHz, avg speed    0.186 kHz), accepted     1160/  750001 events ( 0.15%)
TtoEM trigger inconsistency
Processed   760000/ 1121927 entries, 67.74% (elapsed time  4073.6s, curr speed    0.208 kHz, avg speed    0.187 kHz), accepted     1181/  760001 events ( 0.16%)
Processed   770000/ 1121927 entries, 68.63% (elapsed time  4121.0s, curr speed    0.211 kHz, avg speed    0.187 kHz), accepted     1201/  770001 events ( 0.16%)
Processed   780000/ 1121927 entries, 69.52% (elapsed time  4168.9s, curr speed    0.209 kHz, avg speed    0.187 kHz), accepted     1218/  780001 events ( 0.16%)
Processed   790000/ 1121927 entries, 70.41% (elapsed time  4217.5s, curr speed    0.205 kHz, avg speed    0.187 kHz), accepted     1234/  790001 events ( 0.16%)
Processed   800000/ 1121927 entries, 71.31% (elapsed time  4264.5s, curr speed    0.213 kHz, avg speed    0.188 kHz), accepted     1242/  800001 events ( 0.16%)
TtoEM trigger inconsistency
Processed   810000/ 1121927 entries, 72.20% (elapsed time  4312.5s, curr speed    0.208 kHz, avg speed    0.188 kHz), accepted     1254/  810001 events ( 0.15%)
Processed   820000/ 1121927 entries, 73.09% (elapsed time  4360.7s, curr speed    0.207 kHz, avg speed    0.188 kHz), accepted     1262/  820001 events ( 0.15%)
ZtoMM trigger inconsistency
Processed   830000/ 1121927 entries, 73.98% (elapsed time  4407.4s, curr speed    0.214 kHz, avg speed    0.188 kHz), accepted     1274/  830001 events ( 0.15%)
TtoEM trigger inconsistency
TtoEM trigger inconsistency
ZtoMM trigger inconsistency
Processed   840000/ 1121927 entries, 74.87% (elapsed time  4454.7s, curr speed    0.211 kHz, avg speed    0.189 kHz), accepted     1288/  840001 events ( 0.15%)
Processed   850000/ 1121927 entries, 75.76% (elapsed time  4501.8s, curr speed    0.212 kHz, avg speed    0.189 kHz), accepted     1298/  850001 events ( 0.15%)
Processed   860000/ 1121927 entries, 76.65% (elapsed time  4549.8s, curr speed    0.208 kHz, avg speed    0.189 kHz), accepted     1312/  860001 events ( 0.15%)
ZtoMM trigger inconsistency
ZtoMM trigger inconsistency
Processed   870000/ 1121927 entries, 77.55% (elapsed time  4598.2s, curr speed    0.207 kHz, avg speed    0.189 kHz), accepted     1327/  870001 events ( 0.15%)
TtoEM trigger inconsistency
ZtoMM trigger inconsistency
Processed   880000/ 1121927 entries, 78.44% (elapsed time  4645.7s, curr speed    0.210 kHz, avg speed    0.189 kHz), accepted     1347/  880001 events ( 0.15%)
TtoEM trigger inconsistency
Processed   890000/ 1121927 entries, 79.33% (elapsed time  4693.8s, curr speed    0.208 kHz, avg speed    0.190 kHz), accepted     1370/  890001 events ( 0.15%)
Processed   900000/ 1121927 entries, 80.22% (elapsed time  4740.8s, curr speed    0.213 kHz, avg speed    0.190 kHz), accepted     1385/  900001 events ( 0.15%)
Processed   910000/ 1121927 entries, 81.11% (elapsed time  4789.5s, curr speed    0.206 kHz, avg speed    0.190 kHz), accepted     1398/  910001 events ( 0.15%)
Processed   920000/ 1121927 entries, 82.00% (elapsed time  4836.9s, curr speed    0.211 kHz, avg speed    0.190 kHz), accepted     1409/  920001 events ( 0.15%)
Processed   930000/ 1121927 entries, 82.89% (elapsed time  4884.5s, curr speed    0.210 kHz, avg speed    0.190 kHz), accepted     1423/  930001 events ( 0.15%)
Processed   940000/ 1121927 entries, 83.78% (elapsed time  4932.2s, curr speed    0.209 kHz, avg speed    0.191 kHz), accepted     1438/  940001 events ( 0.15%)
TtoEM trigger inconsistency
ZtoMM trigger inconsistency
TtoEM trigger inconsistency
Processed   950000/ 1121927 entries, 84.68% (elapsed time  4979.1s, curr speed    0.213 kHz, avg speed    0.191 kHz), accepted     1454/  950001 events ( 0.15%)
Processed   960000/ 1121927 entries, 85.57% (elapsed time  5026.5s, curr speed    0.211 kHz, avg speed    0.191 kHz), accepted     1469/  960001 events ( 0.15%)
ZtoMM trigger inconsistency
Processed   970000/ 1121927 entries, 86.46% (elapsed time  5074.7s, curr speed    0.208 kHz, avg speed    0.191 kHz), accepted     1481/  970001 events ( 0.15%)
Processed   980000/ 1121927 entries, 87.35% (elapsed time  5121.7s, curr speed    0.213 kHz, avg speed    0.191 kHz), accepted     1498/  980001 events ( 0.15%)
Processed   990000/ 1121927 entries, 88.24% (elapsed time  5170.2s, curr speed    0.206 kHz, avg speed    0.191 kHz), accepted     1509/  990001 events ( 0.15%)
Processed  1000000/ 1121927 entries, 89.13% (elapsed time  5217.8s, curr speed    0.210 kHz, avg speed    0.192 kHz), accepted     1522/ 1000001 events ( 0.15%)
Processed  1010000/ 1121927 entries, 90.02% (elapsed time  5265.3s, curr speed    0.211 kHz, avg speed    0.192 kHz), accepted     1535/ 1010001 events ( 0.15%)
Processed  1020000/ 1121927 entries, 90.92% (elapsed time  5313.8s, curr speed    0.206 kHz, avg speed    0.192 kHz), accepted     1545/ 1020001 events ( 0.15%)
Processed  1030000/ 1121927 entries, 91.81% (elapsed time  5361.0s, curr speed    0.212 kHz, avg speed    0.192 kHz), accepted     1557/ 1030001 events ( 0.15%)
Processed  1040000/ 1121927 entries, 92.70% (elapsed time  5409.5s, curr speed    0.206 kHz, avg speed    0.192 kHz), accepted     1575/ 1040001 events ( 0.15%)
TtoEM trigger inconsistency
ZtoMM trigger inconsistency
ZtoMM trigger inconsistency
ZtoMM trigger inconsistency
Processed  1050000/ 1121927 entries, 93.59% (elapsed time  5458.2s, curr speed    0.205 kHz, avg speed    0.192 kHz), accepted     1589/ 1050001 events ( 0.15%)
ZtoEE trigger inconsistency
Processed  1060000/ 1121927 entries, 94.48% (elapsed time  5505.3s, curr speed    0.212 kHz, avg speed    0.193 kHz), accepted     1604/ 1060001 events ( 0.15%)
Processed  1070000/ 1121927 entries, 95.37% (elapsed time  5553.0s, curr speed    0.210 kHz, avg speed    0.193 kHz), accepted     1616/ 1070001 events ( 0.15%)
Processed  1080000/ 1121927 entries, 96.26% (elapsed time  5601.1s, curr speed    0.208 kHz, avg speed    0.193 kHz), accepted     1635/ 1080001 events ( 0.15%)
Processed  1090000/ 1121927 entries, 97.15% (elapsed time  5649.5s, curr speed    0.207 kHz, avg speed    0.193 kHz), accepted     1648/ 1090001 events ( 0.15%)
ZtoMM trigger inconsistency
Processed  1100000/ 1121927 entries, 98.05% (elapsed time  5697.7s, curr speed    0.207 kHz, avg speed    0.193 kHz), accepted     1662/ 1100001 events ( 0.15%)
Processed  1110000/ 1121927 entries, 98.94% (elapsed time  5744.8s, curr speed    0.213 kHz, avg speed    0.193 kHz), accepted     1680/ 1110001 events ( 0.15%)
Processed  1120000/ 1121927 entries, 99.83% (elapsed time  5792.6s, curr speed    0.209 kHz, avg speed    0.193 kHz), accepted     1699/ 1120001 events ( 0.15%)
Processed 1121927 preselected entries from root://cms-xrd-global.cern.ch//store/mc/RunIISummer16NanoAODv6/ZZTo4L_13TeV_powheg_pythia8_ext1/NANOAODSIM/PUMoriond17_Nano25Oct2019_102X_mcRun2_asymptotic_v7-v1/70000/132B5863-E3D8-6F48-BCD8-2CEDF1E4C661.root (1121927 entries). Finally selected 1706 entries
Done /work/pbaertsc/heavy_resonance/output_2016/ZZTo4L_13TeV_powheg_pythia8_ext1__RunIISummer16NanoAODv6-PUMoriond17_Nano25Oct2019_102X_mcRun2_asymptotic_v7-v1__NANOAODSIM/132B5863-E3D8-6F48-BCD8-2CEDF1E4C661.root
193.22214587 Hz
deleting root file with name: /work/pbaertsc/heavy_resonance/output_2016/ZZTo4L_13TeV_powheg_pythia8_ext1__RunIISummer16NanoAODv6-PUMoriond17_Nano25Oct2019_102X_mcRun2_asymptotic_v7-v1__NANOAODSIM/132B5863-E3D8-6F48-BCD8-2CEDF1E4C661.root
DONE
Complete at
Thu Jan 30 22:20:08 CET 2020
