job start at
Tue Jan 28 21:54:36 CET 2020
SLURM_JOB_ID: 422398
HOSTNAME: t3wn43
JOBLIST:joblist/joblist_ZZTo2L2Nu_13TeV_powheg_pythia8_ext1__RunIISummer16NanoAODv6-PUMoriond17_Nano25Oct2019_102X_mcRun2_asymptotic_v7-v1__NANOAODSIM_ll.txt
Going to execute
python job.py -i root://cms-xrd-global.cern.ch//store/mc/RunIISummer16NanoAODv6/ZZTo2L2Nu_13TeV_powheg_pythia8_ext1/NANOAODSIM/PUMoriond17_Nano25Oct2019_102X_mcRun2_asymptotic_v7-v1/70000/84659CB9-684D-CE4B-8ABB-F61B0342CC43.root -o /work/pbaertsc/heavy_resonance/output_2016/ZZTo2L2Nu_13TeV_powheg_pythia8_ext1__RunIISummer16NanoAODv6-PUMoriond17_Nano25Oct2019_102X_mcRun2_asymptotic_v7-v1__NANOAODSIM -N ZZTo2L2Nu_13TeV_powheg_pythia8_ext1__RunIISummer16NanoAODv6-PUMoriond17_Nano25Oct2019_102X_mcRun2_asymptotic_v7-v1__NANOAODSIM -n 24 -c ll -y 2016
TClass::Init:0: RuntimeWarning: no dictionary for class ROOT::TIOFeatures is available
/work/pbaertsc/heavy_resonance/CMSSW_9_4_6/python/PhysicsTools/NanoAODTools/postprocessing/framework/treeReaderArrayTools.py:69: RuntimeWarning: creating executor for unknown type "ULong64_t*"
  ret = _vr.Get()[0]
JEC= Summer16_07Aug2017_V11_MC 	 JER= Summer16_25nsV1_MC
MET branch= PuppiMET
JEC= Summer16_07Aug2017_V11_MC 	 JER= Summer16_25nsV1_MC
MET branch= PuppiMET
--------------------------------------------------------------------------------
input files  = ['root://cms-xrd-global.cern.ch//store/mc/RunIISummer16NanoAODv6/ZZTo2L2Nu_13TeV_powheg_pythia8_ext1/NANOAODSIM/PUMoriond17_Nano25Oct2019_102X_mcRun2_asymptotic_v7-v1/70000/84659CB9-684D-CE4B-8ABB-F61B0342CC43.root']
output directory = /work/pbaertsc/heavy_resonance/output_2016/ZZTo2L2Nu_13TeV_powheg_pythia8_ext1__RunIISummer16NanoAODv6-PUMoriond17_Nano25Oct2019_102X_mcRun2_asymptotic_v7-v1__NANOAODSIM
output file  = ZZTo2L2Nu_13TeV_powheg_pythia8_ext1__RunIISummer16NanoAODv6-PUMoriond17_Nano25Oct2019_102X_mcRun2_asymptotic_v7-v1__NANOAODSIM_24_ll.root
chunck       = 24
channel      = ll
dataType     = mc
year         = 2016
tes          = 1.0
ltf          = 1.0
jtf          = 1.0
--------------------------------------------------------------------------------
job.py: creating PostProcessor...
TreeProducer is called /work/pbaertsc/heavy_resonance/output_2016/ZZTo2L2Nu_13TeV_powheg_pythia8_ext1__RunIISummer16NanoAODv6-PUMoriond17_Nano25Oct2019_102X_mcRun2_asymptotic_v7-v1__NANOAODSIM/ZZTo2L2Nu_13TeV_powheg_pythia8_ext1__RunIISummer16NanoAODv6-PUMoriond17_Nano25Oct2019_102X_mcRun2_asymptotic_v7-v1__NANOAODSIM_24_ll.root
job.py: going to run PostProcessor...
Will write selected trees to /work/pbaertsc/heavy_resonance/output_2016/ZZTo2L2Nu_13TeV_powheg_pythia8_ext1__RunIISummer16NanoAODv6-PUMoriond17_Nano25Oct2019_102X_mcRun2_asymptotic_v7-v1__NANOAODSIM
Loading jet energy scale (JES) uncertainties from file '/tmp/tmp0gxtoD/Summer16_07Aug2017_V11_MC_Uncertainty_AK4PFchs.txt'
Loading jet energy resolutions (JER) from file '/tmp/tmpm3mnPW/Summer16_25nsV1_MC_PtResolution_AK4PFchs.txt'
Loading JER scale factors and uncertainties from file '/tmp/tmpm3mnPW/Summer16_25nsV1_MC_SF_AK4PFchs.txt'
Loading jet energy scale (JES) uncertainties from file '/tmp/tmpmqSfu9/Summer16_07Aug2017_V11_MC_Uncertainty_AK8PFPuppi.txt'
Loading jet energy resolutions (JER) from file '/tmp/tmpUW0JJj/Summer16_25nsV1_MC_PtResolution_AK8PFPuppi.txt'
Loading JER scale factors and uncertainties from file '/tmp/tmpUW0JJj/Summer16_25nsV1_MC_SF_AK8PFPuppi.txt'
Pre-select 2016764 entries out of 2016764 (100.00%)
nanoAODv5? True
ZtoMM trigger inconsistency
ZtoMM trigger inconsistency
ZtoMM trigger inconsistency
ZtoMM trigger inconsistency
ZtoMM trigger inconsistency
Processed    10000/ 2016764 entries,  0.50% (elapsed time   229.6s, curr speed    0.044 kHz, avg speed    0.044 kHz), accepted       44/   10001 events ( 0.44%)
ZtoMM trigger inconsistency
ZtoMM trigger inconsistency
ZtoMM trigger inconsistency
Processed    20000/ 2016764 entries,  0.99% (elapsed time   458.4s, curr speed    0.044 kHz, avg speed    0.044 kHz), accepted       82/   20001 events ( 0.41%)
ZtoEE trigger inconsistency
Processed    30000/ 2016764 entries,  1.49% (elapsed time   690.9s, curr speed    0.043 kHz, avg speed    0.043 kHz), accepted      125/   30001 events ( 0.42%)
ZtoMM trigger inconsistency
ZtoMM trigger inconsistency
Processed    40000/ 2016764 entries,  1.98% (elapsed time   923.6s, curr speed    0.043 kHz, avg speed    0.043 kHz), accepted      158/   40001 events ( 0.39%)
ZtoMM trigger inconsistency
ZtoMM trigger inconsistency
ZtoMM trigger inconsistency
Processed    50000/ 2016764 entries,  2.48% (elapsed time  1162.0s, curr speed    0.042 kHz, avg speed    0.043 kHz), accepted      207/   50001 events ( 0.41%)
Processed    60000/ 2016764 entries,  2.98% (elapsed time  1399.6s, curr speed    0.042 kHz, avg speed    0.043 kHz), accepted      240/   60001 events ( 0.40%)
ZtoMM trigger inconsistency
Processed    70000/ 2016764 entries,  3.47% (elapsed time  1639.8s, curr speed    0.042 kHz, avg speed    0.043 kHz), accepted      278/   70001 events ( 0.40%)
ZtoMM trigger inconsistency
Processed    80000/ 2016764 entries,  3.97% (elapsed time  1880.3s, curr speed    0.042 kHz, avg speed    0.043 kHz), accepted      311/   80001 events ( 0.39%)
Processed    90000/ 2016764 entries,  4.46% (elapsed time  2118.4s, curr speed    0.042 kHz, avg speed    0.042 kHz), accepted      347/   90001 events ( 0.39%)
ZtoMM trigger inconsistency
ZtoEE trigger inconsistency
ZtoMM trigger inconsistency
Processed   100000/ 2016764 entries,  4.96% (elapsed time  2355.7s, curr speed    0.042 kHz, avg speed    0.042 kHz), accepted      386/  100001 events ( 0.39%)
ZtoMM trigger inconsistency
ZtoMM trigger inconsistency
ZtoMM trigger inconsistency
ZtoMM trigger inconsistency
Processed   110000/ 2016764 entries,  5.45% (elapsed time  2594.1s, curr speed    0.042 kHz, avg speed    0.042 kHz), accepted      430/  110001 events ( 0.39%)
ZtoMM trigger inconsistency
ZtoMM trigger inconsistency
Processed   120000/ 2016764 entries,  5.95% (elapsed time  2830.9s, curr speed    0.042 kHz, avg speed    0.042 kHz), accepted      463/  120001 events ( 0.39%)
Processed   130000/ 2016764 entries,  6.45% (elapsed time  3068.1s, curr speed    0.042 kHz, avg speed    0.042 kHz), accepted      499/  130001 events ( 0.38%)
ZtoMM trigger inconsistency
ZtoMM trigger inconsistency
ZtoMM trigger inconsistency
ZtoMM trigger inconsistency
Bad event
Bad event
Processed   140000/ 2016764 entries,  6.94% (elapsed time  3305.9s, curr speed    0.042 kHz, avg speed    0.042 kHz), accepted      542/  140001 events ( 0.39%)
ZtoMM trigger inconsistency
ZtoMM trigger inconsistency
Processed   150000/ 2016764 entries,  7.44% (elapsed time  3540.0s, curr speed    0.043 kHz, avg speed    0.042 kHz), accepted      581/  150001 events ( 0.39%)
ZtoEE trigger inconsistency
%MSG-e SimpleJetCorrectionUncertainty: 
 bin variables out of range
%MSG
%MSG-e SimpleJetCorrectionUncertainty: 
 bin variables out of range
%MSG
ZtoMM trigger inconsistency
Processed   160000/ 2016764 entries,  7.93% (elapsed time  3779.7s, curr speed    0.042 kHz, avg speed    0.042 kHz), accepted      620/  160001 events ( 0.39%)
ZtoMM trigger inconsistency
Processed   170000/ 2016764 entries,  8.43% (elapsed time  4017.5s, curr speed    0.042 kHz, avg speed    0.042 kHz), accepted      659/  170001 events ( 0.39%)
ZtoMM trigger inconsistency
ZtoEE trigger inconsistency
ZtoMM trigger inconsistency
Processed   180000/ 2016764 entries,  8.93% (elapsed time  4253.8s, curr speed    0.042 kHz, avg speed    0.042 kHz), accepted      696/  180001 events ( 0.39%)
ZtoEE trigger inconsistency
ZtoMM trigger inconsistency
Processed   190000/ 2016764 entries,  9.42% (elapsed time  4486.6s, curr speed    0.043 kHz, avg speed    0.042 kHz), accepted      748/  190001 events ( 0.39%)
Processed   200000/ 2016764 entries,  9.92% (elapsed time  4725.7s, curr speed    0.042 kHz, avg speed    0.042 kHz), accepted      792/  200001 events ( 0.40%)
ZtoMM trigger inconsistency
Processed   210000/ 2016764 entries, 10.41% (elapsed time  4959.1s, curr speed    0.043 kHz, avg speed    0.042 kHz), accepted      836/  210001 events ( 0.40%)
ZtoMM trigger inconsistency
Processed   220000/ 2016764 entries, 10.91% (elapsed time  5195.4s, curr speed    0.042 kHz, avg speed    0.042 kHz), accepted      876/  220001 events ( 0.40%)
ZtoMM trigger inconsistency
Processed   230000/ 2016764 entries, 11.40% (elapsed time  5431.2s, curr speed    0.042 kHz, avg speed    0.042 kHz), accepted      910/  230001 events ( 0.40%)
ZtoMM trigger inconsistency
ZtoEE trigger inconsistency
ZtoMM trigger inconsistency
ZtoMM trigger inconsistency
Processed   240000/ 2016764 entries, 11.90% (elapsed time  5666.3s, curr speed    0.043 kHz, avg speed    0.042 kHz), accepted      940/  240001 events ( 0.39%)
ZtoMM trigger inconsistency
Processed   250000/ 2016764 entries, 12.40% (elapsed time  5902.6s, curr speed    0.042 kHz, avg speed    0.042 kHz), accepted      985/  250001 events ( 0.39%)
ZtoMM trigger inconsistency
ZtoMM trigger inconsistency
Processed   260000/ 2016764 entries, 12.89% (elapsed time  6138.3s, curr speed    0.042 kHz, avg speed    0.042 kHz), accepted     1041/  260001 events ( 0.40%)
ZtoMM trigger inconsistency
ZtoMM trigger inconsistency
Processed   270000/ 2016764 entries, 13.39% (elapsed time  6372.4s, curr speed    0.043 kHz, avg speed    0.042 kHz), accepted     1080/  270001 events ( 0.40%)
ZtoMM trigger inconsistency
ZtoMM trigger inconsistency
Processed   280000/ 2016764 entries, 13.88% (elapsed time  6606.0s, curr speed    0.043 kHz, avg speed    0.042 kHz), accepted     1116/  280001 events ( 0.40%)
ZtoMM trigger inconsistency
Processed   290000/ 2016764 entries, 14.38% (elapsed time  6841.9s, curr speed    0.042 kHz, avg speed    0.042 kHz), accepted     1150/  290001 events ( 0.40%)
Bad event
ZtoEE trigger inconsistency
Processed   300000/ 2016764 entries, 14.88% (elapsed time  7073.9s, curr speed    0.043 kHz, avg speed    0.042 kHz), accepted     1197/  300001 events ( 0.40%)
Processed   310000/ 2016764 entries, 15.37% (elapsed time  7298.4s, curr speed    0.045 kHz, avg speed    0.042 kHz), accepted     1238/  310001 events ( 0.40%)
ZtoMM trigger inconsistency
ZtoMM trigger inconsistency
ZtoMM trigger inconsistency
ZtoMM trigger inconsistency
Processed   320000/ 2016764 entries, 15.87% (elapsed time  7526.0s, curr speed    0.044 kHz, avg speed    0.043 kHz), accepted     1285/  320001 events ( 0.40%)
ZtoMM trigger inconsistency
ZtoMM trigger inconsistency
Processed   330000/ 2016764 entries, 16.36% (elapsed time  7753.0s, curr speed    0.044 kHz, avg speed    0.043 kHz), accepted     1327/  330001 events ( 0.40%)
ZtoMM trigger inconsistency
ZtoMM trigger inconsistency
Processed   340000/ 2016764 entries, 16.86% (elapsed time  7982.1s, curr speed    0.044 kHz, avg speed    0.043 kHz), accepted     1367/  340001 events ( 0.40%)
Processed   350000/ 2016764 entries, 17.35% (elapsed time  8208.7s, curr speed    0.044 kHz, avg speed    0.043 kHz), accepted     1401/  350001 events ( 0.40%)
Processed   360000/ 2016764 entries, 17.85% (elapsed time  8440.6s, curr speed    0.043 kHz, avg speed    0.043 kHz), accepted     1441/  360001 events ( 0.40%)
Bad event
Processed   370000/ 2016764 entries, 18.35% (elapsed time  8666.6s, curr speed    0.044 kHz, avg speed    0.043 kHz), accepted     1495/  370001 events ( 0.40%)
Processed   380000/ 2016764 entries, 18.84% (elapsed time  8894.4s, curr speed    0.044 kHz, avg speed    0.043 kHz), accepted     1539/  380001 events ( 0.40%)
ZtoMM trigger inconsistency
ZtoMM trigger inconsistency
Processed   390000/ 2016764 entries, 19.34% (elapsed time  9127.0s, curr speed    0.043 kHz, avg speed    0.043 kHz), accepted     1585/  390001 events ( 0.41%)
TtoEM trigger inconsistency
ZtoMM trigger inconsistency
Processed   400000/ 2016764 entries, 19.83% (elapsed time  9355.8s, curr speed    0.044 kHz, avg speed    0.043 kHz), accepted     1616/  400001 events ( 0.40%)
ZtoMM trigger inconsistency
ZtoMM trigger inconsistency
ZtoMM trigger inconsistency
ZtoMM trigger inconsistency
ZtoMM trigger inconsistency
Processed   410000/ 2016764 entries, 20.33% (elapsed time  9585.3s, curr speed    0.044 kHz, avg speed    0.043 kHz), accepted     1650/  410001 events ( 0.40%)
ZtoMM trigger inconsistency
ZtoMM trigger inconsistency
Processed   420000/ 2016764 entries, 20.83% (elapsed time  9815.6s, curr speed    0.043 kHz, avg speed    0.043 kHz), accepted     1701/  420001 events ( 0.40%)
ZtoMM trigger inconsistency
ZtoMM trigger inconsistency
TtoEM trigger inconsistency
Processed   430000/ 2016764 entries, 21.32% (elapsed time 10041.3s, curr speed    0.044 kHz, avg speed    0.043 kHz), accepted     1746/  430001 events ( 0.41%)
ZtoMM trigger inconsistency
ZtoMM trigger inconsistency
Processed   440000/ 2016764 entries, 21.82% (elapsed time 10266.4s, curr speed    0.044 kHz, avg speed    0.043 kHz), accepted     1792/  440001 events ( 0.41%)
ZtoMM trigger inconsistency
ZtoMM trigger inconsistency
TtoEM trigger inconsistency
Processed   450000/ 2016764 entries, 22.31% (elapsed time 10494.2s, curr speed    0.044 kHz, avg speed    0.043 kHz), accepted     1832/  450001 events ( 0.41%)
ZtoMM trigger inconsistency
ZtoMM trigger inconsistency
Processed   460000/ 2016764 entries, 22.81% (elapsed time 10719.1s, curr speed    0.044 kHz, avg speed    0.043 kHz), accepted     1869/  460001 events ( 0.41%)
ZtoMM trigger inconsistency
Processed   470000/ 2016764 entries, 23.30% (elapsed time 10944.9s, curr speed    0.044 kHz, avg speed    0.043 kHz), accepted     1903/  470001 events ( 0.40%)
TtoEM trigger inconsistency
ZtoMM trigger inconsistency
Processed   480000/ 2016764 entries, 23.80% (elapsed time 11174.0s, curr speed    0.044 kHz, avg speed    0.043 kHz), accepted     1943/  480001 events ( 0.40%)
ZtoMM trigger inconsistency
ZtoMM trigger inconsistency
Processed   490000/ 2016764 entries, 24.30% (elapsed time 11401.8s, curr speed    0.044 kHz, avg speed    0.043 kHz), accepted     1981/  490001 events ( 0.40%)
ZtoMM trigger inconsistency
Processed   500000/ 2016764 entries, 24.79% (elapsed time 11630.5s, curr speed    0.044 kHz, avg speed    0.043 kHz), accepted     2033/  500001 events ( 0.41%)
ZtoMM trigger inconsistency
ZtoEE trigger inconsistency
ZtoMM trigger inconsistency
Processed   510000/ 2016764 entries, 25.29% (elapsed time 11859.5s, curr speed    0.044 kHz, avg speed    0.043 kHz), accepted     2065/  510001 events ( 0.40%)
Processed   520000/ 2016764 entries, 25.78% (elapsed time 12081.6s, curr speed    0.045 kHz, avg speed    0.043 kHz), accepted     2097/  520001 events ( 0.40%)
ZtoEE trigger inconsistency
ZtoMM trigger inconsistency
ZtoMM trigger inconsistency
Bad event
Processed   530000/ 2016764 entries, 26.28% (elapsed time 12306.1s, curr speed    0.045 kHz, avg speed    0.043 kHz), accepted     2145/  530001 events ( 0.40%)
ZtoMM trigger inconsistency
ZtoMM trigger inconsistency
ZtoMM trigger inconsistency
Processed   540000/ 2016764 entries, 26.78% (elapsed time 12535.5s, curr speed    0.044 kHz, avg speed    0.043 kHz), accepted     2182/  540001 events ( 0.40%)
ZtoMM trigger inconsistency
Processed   550000/ 2016764 entries, 27.27% (elapsed time 12765.5s, curr speed    0.043 kHz, avg speed    0.043 kHz), accepted     2221/  550001 events ( 0.40%)
TtoEM trigger inconsistency
ZtoMM trigger inconsistency
ZtoMM trigger inconsistency
Processed   560000/ 2016764 entries, 27.77% (elapsed time 12991.9s, curr speed    0.044 kHz, avg speed    0.043 kHz), accepted     2263/  560001 events ( 0.40%)
Processed   570000/ 2016764 entries, 28.26% (elapsed time 13218.7s, curr speed    0.044 kHz, avg speed    0.043 kHz), accepted     2293/  570001 events ( 0.40%)
Bad event
ZtoMM trigger inconsistency
ZtoMM trigger inconsistency
ZtoMM trigger inconsistency
Processed   580000/ 2016764 entries, 28.76% (elapsed time 13446.1s, curr speed    0.044 kHz, avg speed    0.043 kHz), accepted     2333/  580001 events ( 0.40%)
ZtoMM trigger inconsistency
ZtoMM trigger inconsistency
ZtoMM trigger inconsistency
ZtoMM trigger inconsistency
ZtoMM trigger inconsistency
Processed   590000/ 2016764 entries, 29.25% (elapsed time 13672.1s, curr speed    0.044 kHz, avg speed    0.043 kHz), accepted     2364/  590001 events ( 0.40%)
Processed   600000/ 2016764 entries, 29.75% (elapsed time 13898.9s, curr speed    0.044 kHz, avg speed    0.043 kHz), accepted     2417/  600001 events ( 0.40%)
ZtoMM trigger inconsistency
Processed   610000/ 2016764 entries, 30.25% (elapsed time 14125.5s, curr speed    0.044 kHz, avg speed    0.043 kHz), accepted     2456/  610001 events ( 0.40%)
ZtoMM trigger inconsistency
ZtoMM trigger inconsistency
TtoEM trigger inconsistency
ZtoMM trigger inconsistency
ZtoMM trigger inconsistency
Processed   620000/ 2016764 entries, 30.74% (elapsed time 14351.4s, curr speed    0.044 kHz, avg speed    0.043 kHz), accepted     2503/  620001 events ( 0.40%)
Bad event
Processed   630000/ 2016764 entries, 31.24% (elapsed time 14577.2s, curr speed    0.044 kHz, avg speed    0.043 kHz), accepted     2542/  630001 events ( 0.40%)
ZtoMM trigger inconsistency
ZtoMM trigger inconsistency
Processed   640000/ 2016764 entries, 31.73% (elapsed time 14804.4s, curr speed    0.044 kHz, avg speed    0.043 kHz), accepted     2585/  640001 events ( 0.40%)
ZtoMM trigger inconsistency
ZtoMM trigger inconsistency
Processed   650000/ 2016764 entries, 32.23% (elapsed time 15030.2s, curr speed    0.044 kHz, avg speed    0.043 kHz), accepted     2612/  650001 events ( 0.40%)
ZtoMM trigger inconsistency
Processed   660000/ 2016764 entries, 32.73% (elapsed time 15254.9s, curr speed    0.045 kHz, avg speed    0.043 kHz), accepted     2646/  660001 events ( 0.40%)
ZtoMM trigger inconsistency
ZtoMM trigger inconsistency
ZtoMM trigger inconsistency
ZtoMM trigger inconsistency
Processed   670000/ 2016764 entries, 33.22% (elapsed time 15484.9s, curr speed    0.043 kHz, avg speed    0.043 kHz), accepted     2684/  670001 events ( 0.40%)
ZtoMM trigger inconsistency
ZtoMM trigger inconsistency
ZtoMM trigger inconsistency
Processed   680000/ 2016764 entries, 33.72% (elapsed time 15710.7s, curr speed    0.044 kHz, avg speed    0.043 kHz), accepted     2733/  680001 events ( 0.40%)
ZtoMM trigger inconsistency
Processed   690000/ 2016764 entries, 34.21% (elapsed time 15935.4s, curr speed    0.044 kHz, avg speed    0.043 kHz), accepted     2770/  690001 events ( 0.40%)
ZtoEE trigger inconsistency
ZtoMM trigger inconsistency
ZtoMM trigger inconsistency
ZtoMM trigger inconsistency
Processed   700000/ 2016764 entries, 34.71% (elapsed time 16161.5s, curr speed    0.044 kHz, avg speed    0.043 kHz), accepted     2806/  700001 events ( 0.40%)
ZtoMM trigger inconsistency
ZtoMM trigger inconsistency
ZtoEE trigger inconsistency
ZtoMM trigger inconsistency
ZtoMM trigger inconsistency
Processed   710000/ 2016764 entries, 35.20% (elapsed time 16387.5s, curr speed    0.044 kHz, avg speed    0.043 kHz), accepted     2862/  710001 events ( 0.40%)
ZtoMM trigger inconsistency
ZtoMM trigger inconsistency
ZtoEE trigger inconsistency
Processed   720000/ 2016764 entries, 35.70% (elapsed time 16609.7s, curr speed    0.045 kHz, avg speed    0.043 kHz), accepted     2907/  720001 events ( 0.40%)
ZtoMM trigger inconsistency
Processed   730000/ 2016764 entries, 36.20% (elapsed time 16838.1s, curr speed    0.044 kHz, avg speed    0.043 kHz), accepted     2944/  730001 events ( 0.40%)
ZtoMM trigger inconsistency
ZtoMM trigger inconsistency
ZtoMM trigger inconsistency
Processed   740000/ 2016764 entries, 36.69% (elapsed time 17063.2s, curr speed    0.044 kHz, avg speed    0.043 kHz), accepted     2998/  740001 events ( 0.41%)
ZtoMM trigger inconsistency
Processed   750000/ 2016764 entries, 37.19% (elapsed time 17292.1s, curr speed    0.044 kHz, avg speed    0.043 kHz), accepted     3045/  750001 events ( 0.41%)
ZtoMM trigger inconsistency
ZtoMM trigger inconsistency
Processed   760000/ 2016764 entries, 37.68% (elapsed time 17516.5s, curr speed    0.045 kHz, avg speed    0.043 kHz), accepted     3083/  760001 events ( 0.41%)
ZtoMM trigger inconsistency
ZtoMM trigger inconsistency
Processed   770000/ 2016764 entries, 38.18% (elapsed time 17741.5s, curr speed    0.044 kHz, avg speed    0.043 kHz), accepted     3122/  770001 events ( 0.41%)
ZtoMM trigger inconsistency
ZtoMM trigger inconsistency
Processed   780000/ 2016764 entries, 38.68% (elapsed time 17964.8s, curr speed    0.045 kHz, avg speed    0.043 kHz), accepted     3165/  780001 events ( 0.41%)
ZtoMM trigger inconsistency
Processed   790000/ 2016764 entries, 39.17% (elapsed time 18191.5s, curr speed    0.044 kHz, avg speed    0.043 kHz), accepted     3209/  790001 events ( 0.41%)
TtoEM trigger inconsistency
ZtoMM trigger inconsistency
Processed   800000/ 2016764 entries, 39.67% (elapsed time 18418.1s, curr speed    0.044 kHz, avg speed    0.043 kHz), accepted     3252/  800001 events ( 0.41%)
ZtoMM trigger inconsistency
Processed   810000/ 2016764 entries, 40.16% (elapsed time 18644.4s, curr speed    0.044 kHz, avg speed    0.043 kHz), accepted     3305/  810001 events ( 0.41%)
ZtoMM trigger inconsistency
ZtoMM trigger inconsistency
TtoEM trigger inconsistency
ZtoMM trigger inconsistency
ZtoEE trigger inconsistency
Processed   820000/ 2016764 entries, 40.66% (elapsed time 18866.8s, curr speed    0.045 kHz, avg speed    0.043 kHz), accepted     3349/  820001 events ( 0.41%)
ZtoMM trigger inconsistency
ZtoMM trigger inconsistency
Processed   830000/ 2016764 entries, 41.16% (elapsed time 19095.9s, curr speed    0.044 kHz, avg speed    0.043 kHz), accepted     3396/  830001 events ( 0.41%)
ZtoMM trigger inconsistency
Processed   840000/ 2016764 entries, 41.65% (elapsed time 19318.5s, curr speed    0.045 kHz, avg speed    0.043 kHz), accepted     3439/  840001 events ( 0.41%)
ZtoMM trigger inconsistency
ZtoMM trigger inconsistency
Processed   850000/ 2016764 entries, 42.15% (elapsed time 19547.1s, curr speed    0.044 kHz, avg speed    0.043 kHz), accepted     3492/  850001 events ( 0.41%)
ZtoMM trigger inconsistency
TtoEM trigger inconsistency
ZtoMM trigger inconsistency
Processed   860000/ 2016764 entries, 42.64% (elapsed time 19773.1s, curr speed    0.044 kHz, avg speed    0.043 kHz), accepted     3532/  860001 events ( 0.41%)
ZtoMM trigger inconsistency
ZtoMM trigger inconsistency
ZtoMM trigger inconsistency
ZtoMM trigger inconsistency
Processed   870000/ 2016764 entries, 43.14% (elapsed time 19998.2s, curr speed    0.044 kHz, avg speed    0.044 kHz), accepted     3575/  870001 events ( 0.41%)
ZtoEE trigger inconsistency
Processed   880000/ 2016764 entries, 43.63% (elapsed time 20223.4s, curr speed    0.044 kHz, avg speed    0.044 kHz), accepted     3618/  880001 events ( 0.41%)
ZtoMM trigger inconsistency
ZtoMM trigger inconsistency
Processed   890000/ 2016764 entries, 44.13% (elapsed time 20452.6s, curr speed    0.044 kHz, avg speed    0.044 kHz), accepted     3651/  890001 events ( 0.41%)
ZtoMM trigger inconsistency
ZtoMM trigger inconsistency
ZtoMM trigger inconsistency
ZtoMM trigger inconsistency
ZtoEE trigger inconsistency
Processed   900000/ 2016764 entries, 44.63% (elapsed time 20675.9s, curr speed    0.045 kHz, avg speed    0.044 kHz), accepted     3688/  900001 events ( 0.41%)
ZtoMM trigger inconsistency
ZtoMM trigger inconsistency
Processed   910000/ 2016764 entries, 45.12% (elapsed time 20902.3s, curr speed    0.044 kHz, avg speed    0.044 kHz), accepted     3733/  910001 events ( 0.41%)
ZtoEE trigger inconsistency
Bad event
ZtoMM trigger inconsistency
Processed   920000/ 2016764 entries, 45.62% (elapsed time 21130.8s, curr speed    0.044 kHz, avg speed    0.044 kHz), accepted     3775/  920001 events ( 0.41%)
ZtoMM trigger inconsistency
ZtoMM trigger inconsistency
ZtoMM trigger inconsistency
ZtoMM trigger inconsistency
ZtoMM trigger inconsistency
Processed   930000/ 2016764 entries, 46.11% (elapsed time 21355.4s, curr speed    0.045 kHz, avg speed    0.044 kHz), accepted     3818/  930001 events ( 0.41%)
ZtoMM trigger inconsistency
Processed   940000/ 2016764 entries, 46.61% (elapsed time 21579.3s, curr speed    0.045 kHz, avg speed    0.044 kHz), accepted     3859/  940001 events ( 0.41%)
ZtoMM trigger inconsistency
ZtoMM trigger inconsistency
ZtoMM trigger inconsistency
Processed   950000/ 2016764 entries, 47.11% (elapsed time 21806.7s, curr speed    0.044 kHz, avg speed    0.044 kHz), accepted     3900/  950001 events ( 0.41%)
ZtoMM trigger inconsistency
ZtoEE trigger inconsistency
Processed   960000/ 2016764 entries, 47.60% (elapsed time 22030.0s, curr speed    0.045 kHz, avg speed    0.044 kHz), accepted     3946/  960001 events ( 0.41%)
ZtoMM trigger inconsistency
ZtoMM trigger inconsistency
ZtoMM trigger inconsistency
Processed   970000/ 2016764 entries, 48.10% (elapsed time 22252.1s, curr speed    0.045 kHz, avg speed    0.044 kHz), accepted     3991/  970001 events ( 0.41%)
Processed   980000/ 2016764 entries, 48.59% (elapsed time 22476.9s, curr speed    0.044 kHz, avg speed    0.044 kHz), accepted     4041/  980001 events ( 0.41%)
ZtoMM trigger inconsistency
Processed   990000/ 2016764 entries, 49.09% (elapsed time 22700.2s, curr speed    0.045 kHz, avg speed    0.044 kHz), accepted     4080/  990001 events ( 0.41%)
ZtoEE trigger inconsistency
ZtoMM trigger inconsistency
Processed  1000000/ 2016764 entries, 49.58% (elapsed time 22923.9s, curr speed    0.045 kHz, avg speed    0.044 kHz), accepted     4131/ 1000001 events ( 0.41%)
TtoEM trigger inconsistency
Processed  1010000/ 2016764 entries, 50.08% (elapsed time 23151.0s, curr speed    0.044 kHz, avg speed    0.044 kHz), accepted     4170/ 1010001 events ( 0.41%)
ZtoMM trigger inconsistency
ZtoMM trigger inconsistency
ZtoMM trigger inconsistency
ZtoMM trigger inconsistency
Processed  1020000/ 2016764 entries, 50.58% (elapsed time 23376.0s, curr speed    0.044 kHz, avg speed    0.044 kHz), accepted     4221/ 1020001 events ( 0.41%)
ZtoMM trigger inconsistency
ZtoMM trigger inconsistency
Bad event
ZtoMM trigger inconsistency
Processed  1030000/ 2016764 entries, 51.07% (elapsed time 23600.0s, curr speed    0.045 kHz, avg speed    0.044 kHz), accepted     4260/ 1030001 events ( 0.41%)
ZtoMM trigger inconsistency
TtoEM trigger inconsistency
Processed  1040000/ 2016764 entries, 51.57% (elapsed time 23825.6s, curr speed    0.044 kHz, avg speed    0.044 kHz), accepted     4308/ 1040001 events ( 0.41%)
ZtoMM trigger inconsistency
ZtoMM trigger inconsistency
TtoEM trigger inconsistency
Processed  1050000/ 2016764 entries, 52.06% (elapsed time 24052.2s, curr speed    0.044 kHz, avg speed    0.044 kHz), accepted     4351/ 1050001 events ( 0.41%)
ZtoMM trigger inconsistency
Processed  1060000/ 2016764 entries, 52.56% (elapsed time 24270.2s, curr speed    0.046 kHz, avg speed    0.044 kHz), accepted     4395/ 1060001 events ( 0.41%)
ZtoMM trigger inconsistency
ZtoMM trigger inconsistency
Bad event
Processed  1070000/ 2016764 entries, 53.06% (elapsed time 24497.7s, curr speed    0.044 kHz, avg speed    0.044 kHz), accepted     4431/ 1070001 events ( 0.41%)
ZtoMM trigger inconsistency
ZtoMM trigger inconsistency
Processed  1080000/ 2016764 entries, 53.55% (elapsed time 24723.8s, curr speed    0.044 kHz, avg speed    0.044 kHz), accepted     4471/ 1080001 events ( 0.41%)
ZtoMM trigger inconsistency
ZtoMM trigger inconsistency
ZtoMM trigger inconsistency
Processed  1090000/ 2016764 entries, 54.05% (elapsed time 24943.2s, curr speed    0.046 kHz, avg speed    0.044 kHz), accepted     4508/ 1090001 events ( 0.41%)
ZtoMM trigger inconsistency
ZtoMM trigger inconsistency
ZtoMM trigger inconsistency
Processed  1100000/ 2016764 entries, 54.54% (elapsed time 25169.2s, curr speed    0.044 kHz, avg speed    0.044 kHz), accepted     4534/ 1100001 events ( 0.41%)
ZtoMM trigger inconsistency
ZtoMM trigger inconsistency
ZtoMM trigger inconsistency
Processed  1110000/ 2016764 entries, 55.04% (elapsed time 25393.8s, curr speed    0.045 kHz, avg speed    0.044 kHz), accepted     4571/ 1110001 events ( 0.41%)
TtoEM trigger inconsistency
Processed  1120000/ 2016764 entries, 55.53% (elapsed time 25617.3s, curr speed    0.045 kHz, avg speed    0.044 kHz), accepted     4619/ 1120001 events ( 0.41%)
ZtoMM trigger inconsistency
ZtoMM trigger inconsistency
Processed  1130000/ 2016764 entries, 56.03% (elapsed time 25843.9s, curr speed    0.044 kHz, avg speed    0.044 kHz), accepted     4666/ 1130001 events ( 0.41%)
ZtoMM trigger inconsistency
ZtoMM trigger inconsistency
ZtoMM trigger inconsistency
Processed  1140000/ 2016764 entries, 56.53% (elapsed time 26069.9s, curr speed    0.044 kHz, avg speed    0.044 kHz), accepted     4701/ 1140001 events ( 0.41%)
ZtoMM trigger inconsistency
ZtoMM trigger inconsistency
Processed  1150000/ 2016764 entries, 57.02% (elapsed time 26290.5s, curr speed    0.045 kHz, avg speed    0.044 kHz), accepted     4750/ 1150001 events ( 0.41%)
ZtoMM trigger inconsistency
ZtoMM trigger inconsistency
Processed  1160000/ 2016764 entries, 57.52% (elapsed time 26515.4s, curr speed    0.044 kHz, avg speed    0.044 kHz), accepted     4800/ 1160001 events ( 0.41%)
ZtoMM trigger inconsistency
Processed  1170000/ 2016764 entries, 58.01% (elapsed time 26738.4s, curr speed    0.045 kHz, avg speed    0.044 kHz), accepted     4836/ 1170001 events ( 0.41%)
ZtoMM trigger inconsistency
TtoEM trigger inconsistency
ZtoMM trigger inconsistency
Processed  1180000/ 2016764 entries, 58.51% (elapsed time 26963.5s, curr speed    0.044 kHz, avg speed    0.044 kHz), accepted     4882/ 1180001 events ( 0.41%)
ZtoMM trigger inconsistency
ZtoMM trigger inconsistency
ZtoMM trigger inconsistency
Processed  1190000/ 2016764 entries, 59.01% (elapsed time 27189.1s, curr speed    0.044 kHz, avg speed    0.044 kHz), accepted     4933/ 1190001 events ( 0.41%)
ZtoMM trigger inconsistency
ZtoMM trigger inconsistency
Processed  1200000/ 2016764 entries, 59.50% (elapsed time 27405.4s, curr speed    0.046 kHz, avg speed    0.044 kHz), accepted     4977/ 1200001 events ( 0.41%)
Processed  1210000/ 2016764 entries, 60.00% (elapsed time 27628.1s, curr speed    0.045 kHz, avg speed    0.044 kHz), accepted     5027/ 1210001 events ( 0.42%)
ZtoMM trigger inconsistency
ZtoMM trigger inconsistency
Processed  1220000/ 2016764 entries, 60.49% (elapsed time 27840.1s, curr speed    0.047 kHz, avg speed    0.044 kHz), accepted     5071/ 1220001 events ( 0.42%)
Processed  1230000/ 2016764 entries, 60.99% (elapsed time 28056.0s, curr speed    0.046 kHz, avg speed    0.044 kHz), accepted     5108/ 1230001 events ( 0.42%)
Bad event
Bad event
Processed  1240000/ 2016764 entries, 61.48% (elapsed time 28267.6s, curr speed    0.047 kHz, avg speed    0.044 kHz), accepted     5144/ 1240001 events ( 0.41%)
ZtoMM trigger inconsistency
ZtoMM trigger inconsistency
Processed  1250000/ 2016764 entries, 61.98% (elapsed time 28474.0s, curr speed    0.048 kHz, avg speed    0.044 kHz), accepted     5181/ 1250001 events ( 0.41%)
ZtoMM trigger inconsistency
ZtoMM trigger inconsistency
ZtoEE trigger inconsistency
Processed  1260000/ 2016764 entries, 62.48% (elapsed time 28688.5s, curr speed    0.047 kHz, avg speed    0.044 kHz), accepted     5216/ 1260001 events ( 0.41%)
ZtoMM trigger inconsistency
ZtoMM trigger inconsistency
Processed  1270000/ 2016764 entries, 62.97% (elapsed time 28898.0s, curr speed    0.048 kHz, avg speed    0.044 kHz), accepted     5255/ 1270001 events ( 0.41%)
ZtoEE trigger inconsistency
Processed  1280000/ 2016764 entries, 63.47% (elapsed time 29105.4s, curr speed    0.048 kHz, avg speed    0.044 kHz), accepted     5296/ 1280001 events ( 0.41%)
ZtoMM trigger inconsistency
ZtoMM trigger inconsistency
Bad event
ZtoMM trigger inconsistency
Processed  1290000/ 2016764 entries, 63.96% (elapsed time 29321.5s, curr speed    0.046 kHz, avg speed    0.044 kHz), accepted     5338/ 1290001 events ( 0.41%)
ZtoMM trigger inconsistency
ZtoMM trigger inconsistency
Processed  1300000/ 2016764 entries, 64.46% (elapsed time 29531.8s, curr speed    0.048 kHz, avg speed    0.044 kHz), accepted     5379/ 1300001 events ( 0.41%)
ZtoMM trigger inconsistency
Processed  1310000/ 2016764 entries, 64.96% (elapsed time 29744.6s, curr speed    0.047 kHz, avg speed    0.044 kHz), accepted     5425/ 1310001 events ( 0.41%)
ZtoMM trigger inconsistency
ZtoMM trigger inconsistency
ZtoMM trigger inconsistency
Processed  1320000/ 2016764 entries, 65.45% (elapsed time 29955.8s, curr speed    0.047 kHz, avg speed    0.044 kHz), accepted     5480/ 1320001 events ( 0.42%)
ZtoMM trigger inconsistency
ZtoMM trigger inconsistency
Processed  1330000/ 2016764 entries, 65.95% (elapsed time 30169.5s, curr speed    0.047 kHz, avg speed    0.044 kHz), accepted     5519/ 1330001 events ( 0.41%)
ZtoMM trigger inconsistency
ZtoMM trigger inconsistency
Processed  1340000/ 2016764 entries, 66.44% (elapsed time 30380.0s, curr speed    0.048 kHz, avg speed    0.044 kHz), accepted     5551/ 1340001 events ( 0.41%)
ZtoMM trigger inconsistency
ZtoMM trigger inconsistency
Processed  1350000/ 2016764 entries, 66.94% (elapsed time 30590.6s, curr speed    0.047 kHz, avg speed    0.044 kHz), accepted     5599/ 1350001 events ( 0.41%)
ZtoMM trigger inconsistency
ZtoMM trigger inconsistency
Processed  1360000/ 2016764 entries, 67.43% (elapsed time 30805.7s, curr speed    0.046 kHz, avg speed    0.044 kHz), accepted     5645/ 1360001 events ( 0.42%)
ZtoMM trigger inconsistency
Processed  1370000/ 2016764 entries, 67.93% (elapsed time 31017.0s, curr speed    0.047 kHz, avg speed    0.044 kHz), accepted     5688/ 1370001 events ( 0.42%)
ZtoMM trigger inconsistency
ZtoMM trigger inconsistency
ZtoMM trigger inconsistency
ZtoMM trigger inconsistency
Bad event
Processed  1380000/ 2016764 entries, 68.43% (elapsed time 31229.7s, curr speed    0.047 kHz, avg speed    0.044 kHz), accepted     5726/ 1380001 events ( 0.41%)
ZtoMM trigger inconsistency
Processed  1390000/ 2016764 entries, 68.92% (elapsed time 31443.0s, curr speed    0.047 kHz, avg speed    0.044 kHz), accepted     5768/ 1390001 events ( 0.41%)
ZtoMM trigger inconsistency
ZtoMM trigger inconsistency
ZtoMM trigger inconsistency
ZtoMM trigger inconsistency
ZtoMM trigger inconsistency
ZtoMM trigger inconsistency
Processed  1400000/ 2016764 entries, 69.42% (elapsed time 31654.1s, curr speed    0.047 kHz, avg speed    0.044 kHz), accepted     5808/ 1400001 events ( 0.41%)
ZtoMM trigger inconsistency
ZtoMM trigger inconsistency
Processed  1410000/ 2016764 entries, 69.91% (elapsed time 31863.6s, curr speed    0.048 kHz, avg speed    0.044 kHz), accepted     5858/ 1410001 events ( 0.42%)
ZtoMM trigger inconsistency
ZtoMM trigger inconsistency
Processed  1420000/ 2016764 entries, 70.41% (elapsed time 32072.2s, curr speed    0.048 kHz, avg speed    0.044 kHz), accepted     5883/ 1420001 events ( 0.41%)
ZtoEE trigger inconsistency
ZtoMM trigger inconsistency
ZtoMM trigger inconsistency
Processed  1430000/ 2016764 entries, 70.91% (elapsed time 32284.2s, curr speed    0.047 kHz, avg speed    0.044 kHz), accepted     5915/ 1430001 events ( 0.41%)
ZtoMM trigger inconsistency
ZtoMM trigger inconsistency
ZtoMM trigger inconsistency
ZtoMM trigger inconsistency
Processed  1440000/ 2016764 entries, 71.40% (elapsed time 32493.4s, curr speed    0.048 kHz, avg speed    0.044 kHz), accepted     5959/ 1440001 events ( 0.41%)
ZtoMM trigger inconsistency
ZtoMM trigger inconsistency
ZtoMM trigger inconsistency
ZtoMM trigger inconsistency
ZtoMM trigger inconsistency
Processed  1450000/ 2016764 entries, 71.90% (elapsed time 32709.4s, curr speed    0.046 kHz, avg speed    0.044 kHz), accepted     5999/ 1450001 events ( 0.41%)
ZtoMM trigger inconsistency
Processed  1460000/ 2016764 entries, 72.39% (elapsed time 32918.8s, curr speed    0.048 kHz, avg speed    0.044 kHz), accepted     6032/ 1460001 events ( 0.41%)
ZtoMM trigger inconsistency
ZtoMM trigger inconsistency
Processed  1470000/ 2016764 entries, 72.89% (elapsed time 33124.7s, curr speed    0.049 kHz, avg speed    0.044 kHz), accepted     6075/ 1470001 events ( 0.41%)
ZtoMM trigger inconsistency
ZtoMM trigger inconsistency
ZtoMM trigger inconsistency
Processed  1480000/ 2016764 entries, 73.38% (elapsed time 33333.6s, curr speed    0.048 kHz, avg speed    0.044 kHz), accepted     6111/ 1480001 events ( 0.41%)
ZtoMM trigger inconsistency
ZtoMM trigger inconsistency
ZtoMM trigger inconsistency
Processed  1490000/ 2016764 entries, 73.88% (elapsed time 33542.6s, curr speed    0.048 kHz, avg speed    0.044 kHz), accepted     6150/ 1490001 events ( 0.41%)
ZtoMM trigger inconsistency
ZtoMM trigger inconsistency
ZtoEE trigger inconsistency
Processed  1500000/ 2016764 entries, 74.38% (elapsed time 33749.3s, curr speed    0.048 kHz, avg speed    0.044 kHz), accepted     6205/ 1500001 events ( 0.41%)
ZtoMM trigger inconsistency
Processed  1510000/ 2016764 entries, 74.87% (elapsed time 33958.3s, curr speed    0.048 kHz, avg speed    0.044 kHz), accepted     6247/ 1510001 events ( 0.41%)
ZtoMM trigger inconsistency
Processed  1520000/ 2016764 entries, 75.37% (elapsed time 34165.3s, curr speed    0.048 kHz, avg speed    0.044 kHz), accepted     6293/ 1520001 events ( 0.41%)
ZtoEE trigger inconsistency
ZtoMM trigger inconsistency
Processed  1530000/ 2016764 entries, 75.86% (elapsed time 34371.8s, curr speed    0.048 kHz, avg speed    0.045 kHz), accepted     6354/ 1530001 events ( 0.42%)
ZtoMM trigger inconsistency
ZtoMM trigger inconsistency
ZtoMM trigger inconsistency
ZtoMM trigger inconsistency
ZtoMM trigger inconsistency
Processed  1540000/ 2016764 entries, 76.36% (elapsed time 34579.2s, curr speed    0.048 kHz, avg speed    0.045 kHz), accepted     6395/ 1540001 events ( 0.42%)
ZtoMM trigger inconsistency
ZtoMM trigger inconsistency
ZtoMM trigger inconsistency
Processed  1550000/ 2016764 entries, 76.86% (elapsed time 34786.1s, curr speed    0.048 kHz, avg speed    0.045 kHz), accepted     6438/ 1550001 events ( 0.42%)
ZtoMM trigger inconsistency
ZtoMM trigger inconsistency
Processed  1560000/ 2016764 entries, 77.35% (elapsed time 34992.2s, curr speed    0.049 kHz, avg speed    0.045 kHz), accepted     6486/ 1560001 events ( 0.42%)
ZtoMM trigger inconsistency
Processed  1570000/ 2016764 entries, 77.85% (elapsed time 35200.0s, curr speed    0.048 kHz, avg speed    0.045 kHz), accepted     6515/ 1570001 events ( 0.41%)
ZtoEE trigger inconsistency
ZtoMM trigger inconsistency
ZtoEE trigger inconsistency
Processed  1580000/ 2016764 entries, 78.34% (elapsed time 35408.7s, curr speed    0.048 kHz, avg speed    0.045 kHz), accepted     6556/ 1580001 events ( 0.41%)
ZtoEE trigger inconsistency
ZtoMM trigger inconsistency
Processed  1590000/ 2016764 entries, 78.84% (elapsed time 35615.3s, curr speed    0.048 kHz, avg speed    0.045 kHz), accepted     6611/ 1590001 events ( 0.42%)
ZtoMM trigger inconsistency
ZtoMM trigger inconsistency
ZtoMM trigger inconsistency
Processed  1600000/ 2016764 entries, 79.34% (elapsed time 35818.3s, curr speed    0.049 kHz, avg speed    0.045 kHz), accepted     6657/ 1600001 events ( 0.42%)
ZtoMM trigger inconsistency
ZtoMM trigger inconsistency
Processed  1610000/ 2016764 entries, 79.83% (elapsed time 36027.5s, curr speed    0.048 kHz, avg speed    0.045 kHz), accepted     6699/ 1610001 events ( 0.42%)
ZtoMM trigger inconsistency
TtoEM trigger inconsistency
Processed  1620000/ 2016764 entries, 80.33% (elapsed time 36234.8s, curr speed    0.048 kHz, avg speed    0.045 kHz), accepted     6741/ 1620001 events ( 0.42%)
Processed  1630000/ 2016764 entries, 80.82% (elapsed time 36439.4s, curr speed    0.049 kHz, avg speed    0.045 kHz), accepted     6789/ 1630001 events ( 0.42%)
TtoEM trigger inconsistency
ZtoMM trigger inconsistency
ZtoMM trigger inconsistency
Processed  1640000/ 2016764 entries, 81.32% (elapsed time 36647.3s, curr speed    0.048 kHz, avg speed    0.045 kHz), accepted     6848/ 1640001 events ( 0.42%)
ZtoMM trigger inconsistency
ZtoMM trigger inconsistency
ZtoMM trigger inconsistency
ZtoMM trigger inconsistency
Processed  1650000/ 2016764 entries, 81.81% (elapsed time 36857.1s, curr speed    0.048 kHz, avg speed    0.045 kHz), accepted     6883/ 1650001 events ( 0.42%)
ZtoMM trigger inconsistency
Processed  1660000/ 2016764 entries, 82.31% (elapsed time 37079.3s, curr speed    0.045 kHz, avg speed    0.045 kHz), accepted     6911/ 1660001 events ( 0.42%)
ZtoMM trigger inconsistency
TtoEM trigger inconsistency
ZtoMM trigger inconsistency
ZtoMM trigger inconsistency
Processed  1670000/ 2016764 entries, 82.81% (elapsed time 37293.0s, curr speed    0.047 kHz, avg speed    0.045 kHz), accepted     6951/ 1670001 events ( 0.42%)
ZtoMM trigger inconsistency
Processed  1680000/ 2016764 entries, 83.30% (elapsed time 37496.0s, curr speed    0.049 kHz, avg speed    0.045 kHz), accepted     6990/ 1680001 events ( 0.42%)
ZtoEE trigger inconsistency
ZtoMM trigger inconsistency
ZtoMM trigger inconsistency
Processed  1690000/ 2016764 entries, 83.80% (elapsed time 37702.4s, curr speed    0.048 kHz, avg speed    0.045 kHz), accepted     7033/ 1690001 events ( 0.42%)
Processed  1700000/ 2016764 entries, 84.29% (elapsed time 37919.1s, curr speed    0.046 kHz, avg speed    0.045 kHz), accepted     7084/ 1700001 events ( 0.42%)
ZtoMM trigger inconsistency
ZtoMM trigger inconsistency
TtoEM trigger inconsistency
Processed  1710000/ 2016764 entries, 84.79% (elapsed time 38131.6s, curr speed    0.047 kHz, avg speed    0.045 kHz), accepted     7128/ 1710001 events ( 0.42%)
ZtoMM trigger inconsistency
ZtoMM trigger inconsistency
Processed  1720000/ 2016764 entries, 85.29% (elapsed time 38343.8s, curr speed    0.047 kHz, avg speed    0.045 kHz), accepted     7160/ 1720001 events ( 0.42%)
ZtoMM trigger inconsistency
Processed  1730000/ 2016764 entries, 85.78% (elapsed time 38555.9s, curr speed    0.047 kHz, avg speed    0.045 kHz), accepted     7201/ 1730001 events ( 0.42%)
ZtoMM trigger inconsistency
ZtoMM trigger inconsistency
Processed  1740000/ 2016764 entries, 86.28% (elapsed time 38769.0s, curr speed    0.047 kHz, avg speed    0.045 kHz), accepted     7248/ 1740001 events ( 0.42%)
ZtoMM trigger inconsistency
ZtoMM trigger inconsistency
ZtoMM trigger inconsistency
Processed  1750000/ 2016764 entries, 86.77% (elapsed time 38974.2s, curr speed    0.049 kHz, avg speed    0.045 kHz), accepted     7297/ 1750001 events ( 0.42%)
ZtoMM trigger inconsistency
TtoEM trigger inconsistency
Processed  1760000/ 2016764 entries, 87.27% (elapsed time 39181.2s, curr speed    0.048 kHz, avg speed    0.045 kHz), accepted     7336/ 1760001 events ( 0.42%)
ZtoMM trigger inconsistency
Processed  1770000/ 2016764 entries, 87.76% (elapsed time 39384.5s, curr speed    0.049 kHz, avg speed    0.045 kHz), accepted     7363/ 1770001 events ( 0.42%)
ZtoMM trigger inconsistency
Bad event
Processed  1780000/ 2016764 entries, 88.26% (elapsed time 39582.0s, curr speed    0.051 kHz, avg speed    0.045 kHz), accepted     7403/ 1780001 events ( 0.42%)
ZtoMM trigger inconsistency
ZtoMM trigger inconsistency
Processed  1790000/ 2016764 entries, 88.76% (elapsed time 39781.7s, curr speed    0.050 kHz, avg speed    0.045 kHz), accepted     7449/ 1790001 events ( 0.42%)
Processed  1800000/ 2016764 entries, 89.25% (elapsed time 39988.8s, curr speed    0.048 kHz, avg speed    0.045 kHz), accepted     7491/ 1800001 events ( 0.42%)
Processed  1810000/ 2016764 entries, 89.75% (elapsed time 40195.8s, curr speed    0.048 kHz, avg speed    0.045 kHz), accepted     7534/ 1810001 events ( 0.42%)
ZtoMM trigger inconsistency
Processed  1820000/ 2016764 entries, 90.24% (elapsed time 40402.0s, curr speed    0.048 kHz, avg speed    0.045 kHz), accepted     7584/ 1820001 events ( 0.42%)
Bad event
ZtoMM trigger inconsistency
Processed  1830000/ 2016764 entries, 90.74% (elapsed time 40609.2s, curr speed    0.048 kHz, avg speed    0.045 kHz), accepted     7623/ 1830001 events ( 0.42%)
ZtoMM trigger inconsistency
ZtoMM trigger inconsistency
ZtoMM trigger inconsistency
ZtoMM trigger inconsistency
Processed  1840000/ 2016764 entries, 91.24% (elapsed time 40819.9s, curr speed    0.047 kHz, avg speed    0.045 kHz), accepted     7660/ 1840001 events ( 0.42%)
ZtoMM trigger inconsistency
Processed  1850000/ 2016764 entries, 91.73% (elapsed time 41011.0s, curr speed    0.052 kHz, avg speed    0.045 kHz), accepted     7702/ 1850001 events ( 0.42%)
ZtoMM trigger inconsistency
ZtoMM trigger inconsistency
Processed  1860000/ 2016764 entries, 92.23% (elapsed time 41199.1s, curr speed    0.053 kHz, avg speed    0.045 kHz), accepted     7750/ 1860001 events ( 0.42%)
ZtoMM trigger inconsistency
ZtoMM trigger inconsistency
Bad event
Processed  1870000/ 2016764 entries, 92.72% (elapsed time 41385.3s, curr speed    0.054 kHz, avg speed    0.045 kHz), accepted     7779/ 1870001 events ( 0.42%)
ZtoMM trigger inconsistency
ZtoMM trigger inconsistency
Processed  1880000/ 2016764 entries, 93.22% (elapsed time 41574.2s, curr speed    0.053 kHz, avg speed    0.045 kHz), accepted     7834/ 1880001 events ( 0.42%)
ZtoEE trigger inconsistency
ZtoEE trigger inconsistency
ZtoMM trigger inconsistency
ZtoMM trigger inconsistency
ZtoEE trigger inconsistency
Processed  1890000/ 2016764 entries, 93.71% (elapsed time 41757.4s, curr speed    0.055 kHz, avg speed    0.045 kHz), accepted     7884/ 1890001 events ( 0.42%)
ZtoMM trigger inconsistency
Processed  1900000/ 2016764 entries, 94.21% (elapsed time 41935.9s, curr speed    0.056 kHz, avg speed    0.045 kHz), accepted     7924/ 1900001 events ( 0.42%)
ZtoMM trigger inconsistency
Processed  1910000/ 2016764 entries, 94.71% (elapsed time 42112.8s, curr speed    0.057 kHz, avg speed    0.045 kHz), accepted     7972/ 1910001 events ( 0.42%)
ZtoMM trigger inconsistency
ZtoMM trigger inconsistency
ZtoMM trigger inconsistency
Processed  1920000/ 2016764 entries, 95.20% (elapsed time 42292.2s, curr speed    0.056 kHz, avg speed    0.045 kHz), accepted     8003/ 1920001 events ( 0.42%)
ZtoMM trigger inconsistency
TtoEM trigger inconsistency
Processed  1930000/ 2016764 entries, 95.70% (elapsed time 42473.0s, curr speed    0.055 kHz, avg speed    0.045 kHz), accepted     8038/ 1930001 events ( 0.42%)
ZtoMM trigger inconsistency
Bad event
ZtoMM trigger inconsistency
Processed  1940000/ 2016764 entries, 96.19% (elapsed time 42654.1s, curr speed    0.055 kHz, avg speed    0.045 kHz), accepted     8072/ 1940001 events ( 0.42%)
TtoEM trigger inconsistency
ZtoEE trigger inconsistency
ZtoEE trigger inconsistency
ZtoMM trigger inconsistency
Processed  1950000/ 2016764 entries, 96.69% (elapsed time 42836.4s, curr speed    0.055 kHz, avg speed    0.046 kHz), accepted     8104/ 1950001 events ( 0.42%)
TtoEM trigger inconsistency
ZtoMM trigger inconsistency
Processed  1960000/ 2016764 entries, 97.19% (elapsed time 43022.1s, curr speed    0.054 kHz, avg speed    0.046 kHz), accepted     8149/ 1960001 events ( 0.42%)
ZtoMM trigger inconsistency
Processed  1970000/ 2016764 entries, 97.68% (elapsed time 43213.7s, curr speed    0.052 kHz, avg speed    0.046 kHz), accepted     8199/ 1970001 events ( 0.42%)
Processed  1980000/ 2016764 entries, 98.18% (elapsed time 43403.0s, curr speed    0.053 kHz, avg speed    0.046 kHz), accepted     8236/ 1980001 events ( 0.42%)
Processed  1990000/ 2016764 entries, 98.67% (elapsed time 43619.0s, curr speed    0.046 kHz, avg speed    0.046 kHz), accepted     8267/ 1990001 events ( 0.42%)
ZtoMM trigger inconsistency
ZtoMM trigger inconsistency
ZtoMM trigger inconsistency
ZtoEE trigger inconsistency
Processed  2000000/ 2016764 entries, 99.17% (elapsed time 43813.8s, curr speed    0.051 kHz, avg speed    0.046 kHz), accepted     8308/ 2000001 events ( 0.42%)
ZtoMM trigger inconsistency
ZtoMM trigger inconsistency
Processed  2010000/ 2016764 entries, 99.66% (elapsed time 44030.8s, curr speed    0.046 kHz, avg speed    0.046 kHz), accepted     8348/ 2010001 events ( 0.42%)
ZtoMM trigger inconsistency
ZtoMM trigger inconsistency
ZtoMM trigger inconsistency
ZtoMM trigger inconsistency
ZtoMM trigger inconsistency
Processed 2016764 preselected entries from root://cms-xrd-global.cern.ch//store/mc/RunIISummer16NanoAODv6/ZZTo2L2Nu_13TeV_powheg_pythia8_ext1/NANOAODSIM/PUMoriond17_Nano25Oct2019_102X_mcRun2_asymptotic_v7-v1/70000/84659CB9-684D-CE4B-8ABB-F61B0342CC43.root (2016764 entries). Finally selected 8371 entries
Done /work/pbaertsc/heavy_resonance/output_2016/ZZTo2L2Nu_13TeV_powheg_pythia8_ext1__RunIISummer16NanoAODv6-PUMoriond17_Nano25Oct2019_102X_mcRun2_asymptotic_v7-v1__NANOAODSIM/84659CB9-684D-CE4B-8ABB-F61B0342CC43.root
45.6482527484 Hz
deleting root file with name: /work/pbaertsc/heavy_resonance/output_2016/ZZTo2L2Nu_13TeV_powheg_pythia8_ext1__RunIISummer16NanoAODv6-PUMoriond17_Nano25Oct2019_102X_mcRun2_asymptotic_v7-v1__NANOAODSIM/84659CB9-684D-CE4B-8ABB-F61B0342CC43.root
DONE
Complete at
Wed Jan 29 11:57:12 CET 2020
