job start at
Thu Jan 30 19:14:09 CET 2020
SLURM_JOB_ID: 437498
HOSTNAME: t3wn40
JOBLIST:joblist/joblist_GluGluHToBB_M125_13TeV_powheg_pythia8__RunIIAutumn18NanoAODv6-Nano25Oct2019_102X_upgrade2018_realistic_v20-v1__NANOAODSIM_ll.txt
Going to execute
python job.py -i root://cms-xrd-global.cern.ch//store/mc/RunIIAutumn18NanoAODv6/GluGluHToBB_M125_13TeV_powheg_pythia8/NANOAODSIM/Nano25Oct2019_102X_upgrade2018_realistic_v20-v1/60000/46EB3230-9D59-9341-9E82-A90A2CF5637F.root -o /work/pbaertsc/heavy_resonance/output_2018/GluGluHToBB_M125_13TeV_powheg_pythia8__RunIIAutumn18NanoAODv6-Nano25Oct2019_102X_upgrade2018_realistic_v20-v1__NANOAODSIM -N GluGluHToBB_M125_13TeV_powheg_pythia8__RunIIAutumn18NanoAODv6-Nano25Oct2019_102X_upgrade2018_realistic_v20-v1__NANOAODSIM -n 5 -c ll -y 2018
TClass::Init:0: RuntimeWarning: no dictionary for class ROOT::TIOFeatures is available
/work/pbaertsc/heavy_resonance/CMSSW_9_4_6/python/PhysicsTools/NanoAODTools/postprocessing/framework/treeReaderArrayTools.py:69: RuntimeWarning: creating executor for unknown type "ULong64_t*"
  ret = _vr.Get()[0]
JEC= Autumn18_V19_MC 	 JER= Autumn18_V7_MC
MET branch= PuppiMET
JEC= Autumn18_V19_MC 	 JER= Autumn18_V7_MC
MET branch= PuppiMET
--------------------------------------------------------------------------------
input files  = ['root://cms-xrd-global.cern.ch//store/mc/RunIIAutumn18NanoAODv6/GluGluHToBB_M125_13TeV_powheg_pythia8/NANOAODSIM/Nano25Oct2019_102X_upgrade2018_realistic_v20-v1/60000/46EB3230-9D59-9341-9E82-A90A2CF5637F.root']
output directory = /work/pbaertsc/heavy_resonance/output_2018/GluGluHToBB_M125_13TeV_powheg_pythia8__RunIIAutumn18NanoAODv6-Nano25Oct2019_102X_upgrade2018_realistic_v20-v1__NANOAODSIM
output file  = GluGluHToBB_M125_13TeV_powheg_pythia8__RunIIAutumn18NanoAODv6-Nano25Oct2019_102X_upgrade2018_realistic_v20-v1__NANOAODSIM_5_ll.root
chunck       = 5
channel      = ll
dataType     = mc
year         = 2018
tes          = 1.0
ltf          = 1.0
jtf          = 1.0
--------------------------------------------------------------------------------
job.py: creating PostProcessor...
TreeProducer is called /work/pbaertsc/heavy_resonance/output_2018/GluGluHToBB_M125_13TeV_powheg_pythia8__RunIIAutumn18NanoAODv6-Nano25Oct2019_102X_upgrade2018_realistic_v20-v1__NANOAODSIM/GluGluHToBB_M125_13TeV_powheg_pythia8__RunIIAutumn18NanoAODv6-Nano25Oct2019_102X_upgrade2018_realistic_v20-v1__NANOAODSIM_5_ll.root
job.py: going to run PostProcessor...
Will write selected trees to /work/pbaertsc/heavy_resonance/output_2018/GluGluHToBB_M125_13TeV_powheg_pythia8__RunIIAutumn18NanoAODv6-Nano25Oct2019_102X_upgrade2018_realistic_v20-v1__NANOAODSIM
Loading jet energy scale (JES) uncertainties from file '/tmp/tmppJ24N0/Autumn18_V19_MC_Uncertainty_AK4PFchs.txt'
Loading jet energy resolutions (JER) from file '/tmp/tmpC3LB2U/Autumn18_V7_MC_PtResolution_AK4PFchs.txt'
Loading JER scale factors and uncertainties from file '/tmp/tmpC3LB2U/Autumn18_V7_MC_SF_AK4PFchs.txt'
Loading jet energy scale (JES) uncertainties from file '/tmp/tmpcjoY2B/Autumn18_V19_MC_Uncertainty_AK8PFPuppi.txt'
Loading jet energy resolutions (JER) from file '/tmp/tmpCFYkAw/Autumn18_V7_MC_PtResolution_AK8PFPuppi.txt'
Loading JER scale factors and uncertainties from file '/tmp/tmpCFYkAw/Autumn18_V7_MC_SF_AK8PFPuppi.txt'
Pre-select 1824000 entries out of 1824000 (100.00%)
nanoAODv5? True
Processed    10000/ 1824000 entries,  0.55% (elapsed time   124.7s, curr speed    0.080 kHz, avg speed    0.080 kHz), accepted        0/   10001 events ( 0.00%)
Processed    20000/ 1824000 entries,  1.10% (elapsed time   246.6s, curr speed    0.082 kHz, avg speed    0.081 kHz), accepted        1/   20001 events ( 0.00%)
Processed    30000/ 1824000 entries,  1.64% (elapsed time   367.3s, curr speed    0.083 kHz, avg speed    0.082 kHz), accepted        1/   30001 events ( 0.00%)
Processed    40000/ 1824000 entries,  2.19% (elapsed time   488.4s, curr speed    0.083 kHz, avg speed    0.082 kHz), accepted        1/   40001 events ( 0.00%)
Processed    50000/ 1824000 entries,  2.74% (elapsed time   609.9s, curr speed    0.082 kHz, avg speed    0.082 kHz), accepted        1/   50001 events ( 0.00%)
Processed    60000/ 1824000 entries,  3.29% (elapsed time   730.9s, curr speed    0.083 kHz, avg speed    0.082 kHz), accepted        3/   60001 events ( 0.00%)
Processed    70000/ 1824000 entries,  3.84% (elapsed time   852.1s, curr speed    0.082 kHz, avg speed    0.082 kHz), accepted        4/   70001 events ( 0.01%)
Processed    80000/ 1824000 entries,  4.39% (elapsed time   972.9s, curr speed    0.083 kHz, avg speed    0.082 kHz), accepted        4/   80001 events ( 0.00%)
Processed    90000/ 1824000 entries,  4.93% (elapsed time  1092.6s, curr speed    0.084 kHz, avg speed    0.082 kHz), accepted        4/   90001 events ( 0.00%)
WARNING: jet m = 0.0 !!
Processed   100000/ 1824000 entries,  5.48% (elapsed time  1212.9s, curr speed    0.083 kHz, avg speed    0.082 kHz), accepted        4/  100001 events ( 0.00%)
Processed   110000/ 1824000 entries,  6.03% (elapsed time  1333.2s, curr speed    0.083 kHz, avg speed    0.083 kHz), accepted        4/  110001 events ( 0.00%)
Processed   120000/ 1824000 entries,  6.58% (elapsed time  1453.4s, curr speed    0.083 kHz, avg speed    0.083 kHz), accepted        4/  120001 events ( 0.00%)
Processed   130000/ 1824000 entries,  7.13% (elapsed time  1573.2s, curr speed    0.083 kHz, avg speed    0.083 kHz), accepted        4/  130001 events ( 0.00%)
Processed   140000/ 1824000 entries,  7.68% (elapsed time  1693.9s, curr speed    0.083 kHz, avg speed    0.083 kHz), accepted        4/  140001 events ( 0.00%)
Processed   150000/ 1824000 entries,  8.22% (elapsed time  1815.5s, curr speed    0.082 kHz, avg speed    0.083 kHz), accepted        4/  150001 events ( 0.00%)
Processed   160000/ 1824000 entries,  8.77% (elapsed time  1937.8s, curr speed    0.082 kHz, avg speed    0.083 kHz), accepted        4/  160001 events ( 0.00%)
Processed   170000/ 1824000 entries,  9.32% (elapsed time  2059.2s, curr speed    0.082 kHz, avg speed    0.083 kHz), accepted        5/  170001 events ( 0.00%)
Processed   180000/ 1824000 entries,  9.87% (elapsed time  2181.1s, curr speed    0.082 kHz, avg speed    0.083 kHz), accepted        6/  180001 events ( 0.00%)
Processed   190000/ 1824000 entries, 10.42% (elapsed time  2303.0s, curr speed    0.082 kHz, avg speed    0.083 kHz), accepted        7/  190001 events ( 0.00%)
Processed   200000/ 1824000 entries, 10.96% (elapsed time  2424.6s, curr speed    0.082 kHz, avg speed    0.082 kHz), accepted        8/  200001 events ( 0.00%)
Processed   210000/ 1824000 entries, 11.51% (elapsed time  2544.8s, curr speed    0.083 kHz, avg speed    0.083 kHz), accepted        9/  210001 events ( 0.00%)
Processed   220000/ 1824000 entries, 12.06% (elapsed time  2667.4s, curr speed    0.082 kHz, avg speed    0.082 kHz), accepted        9/  220001 events ( 0.00%)
Processed   230000/ 1824000 entries, 12.61% (elapsed time  2788.0s, curr speed    0.083 kHz, avg speed    0.082 kHz), accepted       10/  230001 events ( 0.00%)
Processed   240000/ 1824000 entries, 13.16% (elapsed time  2909.8s, curr speed    0.082 kHz, avg speed    0.082 kHz), accepted       10/  240001 events ( 0.00%)
Processed   250000/ 1824000 entries, 13.71% (elapsed time  3032.3s, curr speed    0.082 kHz, avg speed    0.082 kHz), accepted       11/  250001 events ( 0.00%)
Processed   260000/ 1824000 entries, 14.25% (elapsed time  3154.5s, curr speed    0.082 kHz, avg speed    0.082 kHz), accepted       11/  260001 events ( 0.00%)
Processed   270000/ 1824000 entries, 14.80% (elapsed time  3276.1s, curr speed    0.082 kHz, avg speed    0.082 kHz), accepted       11/  270001 events ( 0.00%)
Processed   280000/ 1824000 entries, 15.35% (elapsed time  3398.6s, curr speed    0.082 kHz, avg speed    0.082 kHz), accepted       12/  280001 events ( 0.00%)
Processed   290000/ 1824000 entries, 15.90% (elapsed time  3520.2s, curr speed    0.082 kHz, avg speed    0.082 kHz), accepted       12/  290001 events ( 0.00%)
Processed   300000/ 1824000 entries, 16.45% (elapsed time  3641.5s, curr speed    0.082 kHz, avg speed    0.082 kHz), accepted       12/  300001 events ( 0.00%)
Processed   310000/ 1824000 entries, 17.00% (elapsed time  3763.2s, curr speed    0.082 kHz, avg speed    0.082 kHz), accepted       12/  310001 events ( 0.00%)
Processed   320000/ 1824000 entries, 17.54% (elapsed time  3884.8s, curr speed    0.082 kHz, avg speed    0.082 kHz), accepted       12/  320001 events ( 0.00%)
%MSG-e SimpleJetCorrectionUncertainty: 
 bin variables out of range
%MSG
%MSG-e SimpleJetCorrectionUncertainty: 
 bin variables out of range
%MSG
Processed   330000/ 1824000 entries, 18.09% (elapsed time  4006.0s, curr speed    0.083 kHz, avg speed    0.082 kHz), accepted       12/  330001 events ( 0.00%)
Processed   340000/ 1824000 entries, 18.64% (elapsed time  4129.7s, curr speed    0.081 kHz, avg speed    0.082 kHz), accepted       13/  340001 events ( 0.00%)
Processed   350000/ 1824000 entries, 19.19% (elapsed time  4252.0s, curr speed    0.082 kHz, avg speed    0.082 kHz), accepted       13/  350001 events ( 0.00%)
Processed   360000/ 1824000 entries, 19.74% (elapsed time  4373.7s, curr speed    0.082 kHz, avg speed    0.082 kHz), accepted       13/  360001 events ( 0.00%)
Processed   370000/ 1824000 entries, 20.29% (elapsed time  4495.9s, curr speed    0.082 kHz, avg speed    0.082 kHz), accepted       13/  370001 events ( 0.00%)
Processed   380000/ 1824000 entries, 20.83% (elapsed time  4617.6s, curr speed    0.082 kHz, avg speed    0.082 kHz), accepted       13/  380001 events ( 0.00%)
Processed   390000/ 1824000 entries, 21.38% (elapsed time  4740.4s, curr speed    0.081 kHz, avg speed    0.082 kHz), accepted       13/  390001 events ( 0.00%)
Bad event
Processed   400000/ 1824000 entries, 21.93% (elapsed time  4861.1s, curr speed    0.083 kHz, avg speed    0.082 kHz), accepted       13/  400001 events ( 0.00%)
Processed   410000/ 1824000 entries, 22.48% (elapsed time  4980.7s, curr speed    0.084 kHz, avg speed    0.082 kHz), accepted       13/  410001 events ( 0.00%)
Processed   420000/ 1824000 entries, 23.03% (elapsed time  5101.5s, curr speed    0.083 kHz, avg speed    0.082 kHz), accepted       13/  420001 events ( 0.00%)
Processed   430000/ 1824000 entries, 23.57% (elapsed time  5222.1s, curr speed    0.083 kHz, avg speed    0.082 kHz), accepted       14/  430001 events ( 0.00%)
Processed   440000/ 1824000 entries, 24.12% (elapsed time  5341.9s, curr speed    0.083 kHz, avg speed    0.082 kHz), accepted       14/  440001 events ( 0.00%)
Processed   450000/ 1824000 entries, 24.67% (elapsed time  5463.2s, curr speed    0.082 kHz, avg speed    0.082 kHz), accepted       15/  450001 events ( 0.00%)
Processed   460000/ 1824000 entries, 25.22% (elapsed time  5584.2s, curr speed    0.083 kHz, avg speed    0.082 kHz), accepted       15/  460001 events ( 0.00%)
Processed   470000/ 1824000 entries, 25.77% (elapsed time  5704.6s, curr speed    0.083 kHz, avg speed    0.082 kHz), accepted       15/  470001 events ( 0.00%)
Processed   480000/ 1824000 entries, 26.32% (elapsed time  5824.7s, curr speed    0.083 kHz, avg speed    0.082 kHz), accepted       16/  480001 events ( 0.00%)
Processed   490000/ 1824000 entries, 26.86% (elapsed time  5945.8s, curr speed    0.083 kHz, avg speed    0.082 kHz), accepted       17/  490001 events ( 0.00%)
Processed   500000/ 1824000 entries, 27.41% (elapsed time  6065.4s, curr speed    0.084 kHz, avg speed    0.082 kHz), accepted       17/  500001 events ( 0.00%)
Processed   510000/ 1824000 entries, 27.96% (elapsed time  6184.7s, curr speed    0.084 kHz, avg speed    0.082 kHz), accepted       17/  510001 events ( 0.00%)
Processed   520000/ 1824000 entries, 28.51% (elapsed time  6305.6s, curr speed    0.083 kHz, avg speed    0.082 kHz), accepted       18/  520001 events ( 0.00%)
Processed   530000/ 1824000 entries, 29.06% (elapsed time  6425.8s, curr speed    0.083 kHz, avg speed    0.082 kHz), accepted       18/  530001 events ( 0.00%)
Processed   540000/ 1824000 entries, 29.61% (elapsed time  6545.1s, curr speed    0.084 kHz, avg speed    0.083 kHz), accepted       18/  540001 events ( 0.00%)
Processed   550000/ 1824000 entries, 30.15% (elapsed time  6665.8s, curr speed    0.083 kHz, avg speed    0.083 kHz), accepted       18/  550001 events ( 0.00%)
Processed   560000/ 1824000 entries, 30.70% (elapsed time  6785.0s, curr speed    0.084 kHz, avg speed    0.083 kHz), accepted       18/  560001 events ( 0.00%)
Processed   570000/ 1824000 entries, 31.25% (elapsed time  6905.2s, curr speed    0.083 kHz, avg speed    0.083 kHz), accepted       18/  570001 events ( 0.00%)
Processed   580000/ 1824000 entries, 31.80% (elapsed time  7025.7s, curr speed    0.083 kHz, avg speed    0.083 kHz), accepted       18/  580001 events ( 0.00%)
Processed   590000/ 1824000 entries, 32.35% (elapsed time  7146.5s, curr speed    0.083 kHz, avg speed    0.083 kHz), accepted       19/  590001 events ( 0.00%)
Processed   600000/ 1824000 entries, 32.89% (elapsed time  7266.7s, curr speed    0.083 kHz, avg speed    0.083 kHz), accepted       19/  600001 events ( 0.00%)
Processed   610000/ 1824000 entries, 33.44% (elapsed time  7388.1s, curr speed    0.082 kHz, avg speed    0.083 kHz), accepted       19/  610001 events ( 0.00%)
Processed   620000/ 1824000 entries, 33.99% (elapsed time  7507.4s, curr speed    0.084 kHz, avg speed    0.083 kHz), accepted       19/  620001 events ( 0.00%)
Processed   630000/ 1824000 entries, 34.54% (elapsed time  7628.2s, curr speed    0.083 kHz, avg speed    0.083 kHz), accepted       19/  630001 events ( 0.00%)
Processed   640000/ 1824000 entries, 35.09% (elapsed time  7748.4s, curr speed    0.083 kHz, avg speed    0.083 kHz), accepted       19/  640001 events ( 0.00%)
Processed   650000/ 1824000 entries, 35.64% (elapsed time  7869.1s, curr speed    0.083 kHz, avg speed    0.083 kHz), accepted       19/  650001 events ( 0.00%)
Processed   660000/ 1824000 entries, 36.18% (elapsed time  7990.6s, curr speed    0.082 kHz, avg speed    0.083 kHz), accepted       19/  660001 events ( 0.00%)
Processed   670000/ 1824000 entries, 36.73% (elapsed time  8111.6s, curr speed    0.083 kHz, avg speed    0.083 kHz), accepted       19/  670001 events ( 0.00%)
Processed   680000/ 1824000 entries, 37.28% (elapsed time  8231.6s, curr speed    0.083 kHz, avg speed    0.083 kHz), accepted       19/  680001 events ( 0.00%)
Processed   690000/ 1824000 entries, 37.83% (elapsed time  8351.4s, curr speed    0.083 kHz, avg speed    0.083 kHz), accepted       19/  690001 events ( 0.00%)
Processed   700000/ 1824000 entries, 38.38% (elapsed time  8471.8s, curr speed    0.083 kHz, avg speed    0.083 kHz), accepted       19/  700001 events ( 0.00%)
Processed   710000/ 1824000 entries, 38.93% (elapsed time  8591.4s, curr speed    0.084 kHz, avg speed    0.083 kHz), accepted       20/  710001 events ( 0.00%)
Processed   720000/ 1824000 entries, 39.47% (elapsed time  8711.3s, curr speed    0.083 kHz, avg speed    0.083 kHz), accepted       20/  720001 events ( 0.00%)
Processed   730000/ 1824000 entries, 40.02% (elapsed time  8832.2s, curr speed    0.083 kHz, avg speed    0.083 kHz), accepted       20/  730001 events ( 0.00%)
Processed   740000/ 1824000 entries, 40.57% (elapsed time  8952.9s, curr speed    0.083 kHz, avg speed    0.083 kHz), accepted       20/  740001 events ( 0.00%)
Processed   750000/ 1824000 entries, 41.12% (elapsed time  9074.0s, curr speed    0.083 kHz, avg speed    0.083 kHz), accepted       21/  750001 events ( 0.00%)
Processed   760000/ 1824000 entries, 41.67% (elapsed time  9195.6s, curr speed    0.082 kHz, avg speed    0.083 kHz), accepted       21/  760001 events ( 0.00%)
Processed   770000/ 1824000 entries, 42.21% (elapsed time  9317.4s, curr speed    0.082 kHz, avg speed    0.083 kHz), accepted       21/  770001 events ( 0.00%)
Processed   780000/ 1824000 entries, 42.76% (elapsed time  9438.4s, curr speed    0.083 kHz, avg speed    0.083 kHz), accepted       21/  780001 events ( 0.00%)
Processed   790000/ 1824000 entries, 43.31% (elapsed time  9557.8s, curr speed    0.084 kHz, avg speed    0.083 kHz), accepted       21/  790001 events ( 0.00%)
Processed   800000/ 1824000 entries, 43.86% (elapsed time  9679.6s, curr speed    0.082 kHz, avg speed    0.083 kHz), accepted       21/  800001 events ( 0.00%)
Processed   810000/ 1824000 entries, 44.41% (elapsed time  9799.8s, curr speed    0.083 kHz, avg speed    0.083 kHz), accepted       21/  810001 events ( 0.00%)
Processed   820000/ 1824000 entries, 44.96% (elapsed time  9921.2s, curr speed    0.082 kHz, avg speed    0.083 kHz), accepted       21/  820001 events ( 0.00%)
Processed   830000/ 1824000 entries, 45.50% (elapsed time 10041.7s, curr speed    0.083 kHz, avg speed    0.083 kHz), accepted       21/  830001 events ( 0.00%)
Processed   840000/ 1824000 entries, 46.05% (elapsed time 10163.0s, curr speed    0.082 kHz, avg speed    0.083 kHz), accepted       21/  840001 events ( 0.00%)
Processed   850000/ 1824000 entries, 46.60% (elapsed time 10283.6s, curr speed    0.083 kHz, avg speed    0.083 kHz), accepted       21/  850001 events ( 0.00%)
Processed   860000/ 1824000 entries, 47.15% (elapsed time 10406.0s, curr speed    0.082 kHz, avg speed    0.083 kHz), accepted       22/  860001 events ( 0.00%)
Processed   870000/ 1824000 entries, 47.70% (elapsed time 10527.7s, curr speed    0.082 kHz, avg speed    0.083 kHz), accepted       22/  870001 events ( 0.00%)
Processed   880000/ 1824000 entries, 48.25% (elapsed time 10649.1s, curr speed    0.082 kHz, avg speed    0.083 kHz), accepted       23/  880001 events ( 0.00%)
Processed   890000/ 1824000 entries, 48.79% (elapsed time 10771.1s, curr speed    0.082 kHz, avg speed    0.083 kHz), accepted       23/  890001 events ( 0.00%)
Processed   900000/ 1824000 entries, 49.34% (elapsed time 10893.4s, curr speed    0.082 kHz, avg speed    0.083 kHz), accepted       23/  900001 events ( 0.00%)
Processed   910000/ 1824000 entries, 49.89% (elapsed time 11014.8s, curr speed    0.082 kHz, avg speed    0.083 kHz), accepted       23/  910001 events ( 0.00%)
Processed   920000/ 1824000 entries, 50.44% (elapsed time 11136.1s, curr speed    0.082 kHz, avg speed    0.083 kHz), accepted       23/  920001 events ( 0.00%)
Processed   930000/ 1824000 entries, 50.99% (elapsed time 11258.3s, curr speed    0.082 kHz, avg speed    0.083 kHz), accepted       23/  930001 events ( 0.00%)
Processed   940000/ 1824000 entries, 51.54% (elapsed time 11378.5s, curr speed    0.083 kHz, avg speed    0.083 kHz), accepted       23/  940001 events ( 0.00%)
Processed   950000/ 1824000 entries, 52.08% (elapsed time 11500.1s, curr speed    0.082 kHz, avg speed    0.083 kHz), accepted       23/  950001 events ( 0.00%)
Processed   960000/ 1824000 entries, 52.63% (elapsed time 11621.2s, curr speed    0.083 kHz, avg speed    0.083 kHz), accepted       23/  960001 events ( 0.00%)
Processed   970000/ 1824000 entries, 53.18% (elapsed time 11743.0s, curr speed    0.082 kHz, avg speed    0.083 kHz), accepted       23/  970001 events ( 0.00%)
Processed   980000/ 1824000 entries, 53.73% (elapsed time 11864.5s, curr speed    0.082 kHz, avg speed    0.083 kHz), accepted       23/  980001 events ( 0.00%)
Processed   990000/ 1824000 entries, 54.28% (elapsed time 11987.0s, curr speed    0.082 kHz, avg speed    0.083 kHz), accepted       23/  990001 events ( 0.00%)
Processed  1000000/ 1824000 entries, 54.82% (elapsed time 12109.9s, curr speed    0.081 kHz, avg speed    0.083 kHz), accepted       23/ 1000001 events ( 0.00%)
Processed  1010000/ 1824000 entries, 55.37% (elapsed time 12232.6s, curr speed    0.081 kHz, avg speed    0.083 kHz), accepted       23/ 1010001 events ( 0.00%)
Processed  1020000/ 1824000 entries, 55.92% (elapsed time 12354.4s, curr speed    0.082 kHz, avg speed    0.083 kHz), accepted       23/ 1020001 events ( 0.00%)
Processed  1030000/ 1824000 entries, 56.47% (elapsed time 12476.5s, curr speed    0.082 kHz, avg speed    0.083 kHz), accepted       23/ 1030001 events ( 0.00%)
Processed  1040000/ 1824000 entries, 57.02% (elapsed time 12599.6s, curr speed    0.081 kHz, avg speed    0.083 kHz), accepted       23/ 1040001 events ( 0.00%)
Processed  1050000/ 1824000 entries, 57.57% (elapsed time 12722.8s, curr speed    0.081 kHz, avg speed    0.083 kHz), accepted       23/ 1050001 events ( 0.00%)
Processed  1060000/ 1824000 entries, 58.11% (elapsed time 12845.9s, curr speed    0.081 kHz, avg speed    0.083 kHz), accepted       23/ 1060001 events ( 0.00%)
Processed  1070000/ 1824000 entries, 58.66% (elapsed time 12968.0s, curr speed    0.082 kHz, avg speed    0.083 kHz), accepted       23/ 1070001 events ( 0.00%)
Processed  1080000/ 1824000 entries, 59.21% (elapsed time 13090.1s, curr speed    0.082 kHz, avg speed    0.083 kHz), accepted       24/ 1080001 events ( 0.00%)
Processed  1090000/ 1824000 entries, 59.76% (elapsed time 13211.9s, curr speed    0.082 kHz, avg speed    0.083 kHz), accepted       25/ 1090001 events ( 0.00%)
Processed  1100000/ 1824000 entries, 60.31% (elapsed time 13334.3s, curr speed    0.082 kHz, avg speed    0.082 kHz), accepted       26/ 1100001 events ( 0.00%)
Processed  1110000/ 1824000 entries, 60.86% (elapsed time 13457.9s, curr speed    0.081 kHz, avg speed    0.082 kHz), accepted       26/ 1110001 events ( 0.00%)
Processed  1120000/ 1824000 entries, 61.40% (elapsed time 13579.4s, curr speed    0.082 kHz, avg speed    0.082 kHz), accepted       26/ 1120001 events ( 0.00%)
Processed  1130000/ 1824000 entries, 61.95% (elapsed time 13699.8s, curr speed    0.083 kHz, avg speed    0.082 kHz), accepted       26/ 1130001 events ( 0.00%)
Processed  1140000/ 1824000 entries, 62.50% (elapsed time 13821.7s, curr speed    0.082 kHz, avg speed    0.082 kHz), accepted       26/ 1140001 events ( 0.00%)
Processed  1150000/ 1824000 entries, 63.05% (elapsed time 13945.1s, curr speed    0.081 kHz, avg speed    0.082 kHz), accepted       27/ 1150001 events ( 0.00%)
Processed  1160000/ 1824000 entries, 63.60% (elapsed time 14067.7s, curr speed    0.082 kHz, avg speed    0.082 kHz), accepted       27/ 1160001 events ( 0.00%)
Processed  1170000/ 1824000 entries, 64.14% (elapsed time 14190.5s, curr speed    0.081 kHz, avg speed    0.082 kHz), accepted       27/ 1170001 events ( 0.00%)
Processed  1180000/ 1824000 entries, 64.69% (elapsed time 14312.0s, curr speed    0.082 kHz, avg speed    0.082 kHz), accepted       27/ 1180001 events ( 0.00%)
Processed  1190000/ 1824000 entries, 65.24% (elapsed time 14434.3s, curr speed    0.082 kHz, avg speed    0.082 kHz), accepted       27/ 1190001 events ( 0.00%)
Processed  1200000/ 1824000 entries, 65.79% (elapsed time 14558.3s, curr speed    0.081 kHz, avg speed    0.082 kHz), accepted       27/ 1200001 events ( 0.00%)
Processed  1210000/ 1824000 entries, 66.34% (elapsed time 14680.7s, curr speed    0.082 kHz, avg speed    0.082 kHz), accepted       27/ 1210001 events ( 0.00%)
Processed  1220000/ 1824000 entries, 66.89% (elapsed time 14804.1s, curr speed    0.081 kHz, avg speed    0.082 kHz), accepted       28/ 1220001 events ( 0.00%)
Processed  1230000/ 1824000 entries, 67.43% (elapsed time 14926.9s, curr speed    0.081 kHz, avg speed    0.082 kHz), accepted       28/ 1230001 events ( 0.00%)
Processed  1240000/ 1824000 entries, 67.98% (elapsed time 15050.8s, curr speed    0.081 kHz, avg speed    0.082 kHz), accepted       28/ 1240001 events ( 0.00%)
Processed  1250000/ 1824000 entries, 68.53% (elapsed time 15174.3s, curr speed    0.081 kHz, avg speed    0.082 kHz), accepted       29/ 1250001 events ( 0.00%)
Processed  1260000/ 1824000 entries, 69.08% (elapsed time 15298.2s, curr speed    0.081 kHz, avg speed    0.082 kHz), accepted       29/ 1260001 events ( 0.00%)
Processed  1270000/ 1824000 entries, 69.63% (elapsed time 15421.6s, curr speed    0.081 kHz, avg speed    0.082 kHz), accepted       29/ 1270001 events ( 0.00%)
Processed  1280000/ 1824000 entries, 70.18% (elapsed time 15545.8s, curr speed    0.081 kHz, avg speed    0.082 kHz), accepted       29/ 1280001 events ( 0.00%)
Processed  1290000/ 1824000 entries, 70.72% (elapsed time 15670.0s, curr speed    0.081 kHz, avg speed    0.082 kHz), accepted       29/ 1290001 events ( 0.00%)
Processed  1300000/ 1824000 entries, 71.27% (elapsed time 15793.9s, curr speed    0.081 kHz, avg speed    0.082 kHz), accepted       30/ 1300001 events ( 0.00%)
Processed  1310000/ 1824000 entries, 71.82% (elapsed time 15916.9s, curr speed    0.081 kHz, avg speed    0.082 kHz), accepted       30/ 1310001 events ( 0.00%)
Processed  1320000/ 1824000 entries, 72.37% (elapsed time 16039.6s, curr speed    0.081 kHz, avg speed    0.082 kHz), accepted       30/ 1320001 events ( 0.00%)
Processed  1330000/ 1824000 entries, 72.92% (elapsed time 16163.3s, curr speed    0.081 kHz, avg speed    0.082 kHz), accepted       31/ 1330001 events ( 0.00%)
Processed  1340000/ 1824000 entries, 73.46% (elapsed time 16286.3s, curr speed    0.081 kHz, avg speed    0.082 kHz), accepted       33/ 1340001 events ( 0.00%)
Processed  1350000/ 1824000 entries, 74.01% (elapsed time 16408.0s, curr speed    0.082 kHz, avg speed    0.082 kHz), accepted       33/ 1350001 events ( 0.00%)
Processed  1360000/ 1824000 entries, 74.56% (elapsed time 16531.3s, curr speed    0.081 kHz, avg speed    0.082 kHz), accepted       33/ 1360001 events ( 0.00%)
Processed  1370000/ 1824000 entries, 75.11% (elapsed time 16656.3s, curr speed    0.080 kHz, avg speed    0.082 kHz), accepted       34/ 1370001 events ( 0.00%)
Processed  1380000/ 1824000 entries, 75.66% (elapsed time 16779.8s, curr speed    0.081 kHz, avg speed    0.082 kHz), accepted       34/ 1380001 events ( 0.00%)
Processed  1390000/ 1824000 entries, 76.21% (elapsed time 16904.0s, curr speed    0.080 kHz, avg speed    0.082 kHz), accepted       34/ 1390001 events ( 0.00%)
Processed  1400000/ 1824000 entries, 76.75% (elapsed time 17029.0s, curr speed    0.080 kHz, avg speed    0.082 kHz), accepted       35/ 1400001 events ( 0.00%)
%MSG-e SimpleJetCorrectionUncertainty: 
 bin variables out of range
%MSG
%MSG-e SimpleJetCorrectionUncertainty: 
 bin variables out of range
%MSG
Processed  1410000/ 1824000 entries, 77.30% (elapsed time 17151.5s, curr speed    0.082 kHz, avg speed    0.082 kHz), accepted       35/ 1410001 events ( 0.00%)
Processed  1420000/ 1824000 entries, 77.85% (elapsed time 17274.7s, curr speed    0.081 kHz, avg speed    0.082 kHz), accepted       35/ 1420001 events ( 0.00%)
Processed  1430000/ 1824000 entries, 78.40% (elapsed time 17398.3s, curr speed    0.081 kHz, avg speed    0.082 kHz), accepted       36/ 1430001 events ( 0.00%)
Processed  1440000/ 1824000 entries, 78.95% (elapsed time 17522.0s, curr speed    0.081 kHz, avg speed    0.082 kHz), accepted       36/ 1440001 events ( 0.00%)
Processed  1450000/ 1824000 entries, 79.50% (elapsed time 17646.0s, curr speed    0.081 kHz, avg speed    0.082 kHz), accepted       36/ 1450001 events ( 0.00%)
Processed  1460000/ 1824000 entries, 80.04% (elapsed time 17768.8s, curr speed    0.081 kHz, avg speed    0.082 kHz), accepted       37/ 1460001 events ( 0.00%)
Processed  1470000/ 1824000 entries, 80.59% (elapsed time 17893.7s, curr speed    0.080 kHz, avg speed    0.082 kHz), accepted       37/ 1470001 events ( 0.00%)
Processed  1480000/ 1824000 entries, 81.14% (elapsed time 18020.3s, curr speed    0.079 kHz, avg speed    0.082 kHz), accepted       38/ 1480001 events ( 0.00%)
Processed  1490000/ 1824000 entries, 81.69% (elapsed time 18147.5s, curr speed    0.079 kHz, avg speed    0.082 kHz), accepted       38/ 1490001 events ( 0.00%)
Bad event
Processed  1500000/ 1824000 entries, 82.24% (elapsed time 18273.7s, curr speed    0.079 kHz, avg speed    0.082 kHz), accepted       38/ 1500001 events ( 0.00%)
Processed  1510000/ 1824000 entries, 82.79% (elapsed time 18400.5s, curr speed    0.079 kHz, avg speed    0.082 kHz), accepted       38/ 1510001 events ( 0.00%)
Processed  1520000/ 1824000 entries, 83.33% (elapsed time 18526.0s, curr speed    0.080 kHz, avg speed    0.082 kHz), accepted       38/ 1520001 events ( 0.00%)
Processed  1530000/ 1824000 entries, 83.88% (elapsed time 18649.2s, curr speed    0.081 kHz, avg speed    0.082 kHz), accepted       38/ 1530001 events ( 0.00%)
Processed  1540000/ 1824000 entries, 84.43% (elapsed time 18772.5s, curr speed    0.081 kHz, avg speed    0.082 kHz), accepted       38/ 1540001 events ( 0.00%)
Processed  1550000/ 1824000 entries, 84.98% (elapsed time 18897.4s, curr speed    0.080 kHz, avg speed    0.082 kHz), accepted       38/ 1550001 events ( 0.00%)
Processed  1560000/ 1824000 entries, 85.53% (elapsed time 19022.8s, curr speed    0.080 kHz, avg speed    0.082 kHz), accepted       38/ 1560001 events ( 0.00%)
Processed  1570000/ 1824000 entries, 86.07% (elapsed time 19148.1s, curr speed    0.080 kHz, avg speed    0.082 kHz), accepted       38/ 1570001 events ( 0.00%)
Processed  1580000/ 1824000 entries, 86.62% (elapsed time 19271.8s, curr speed    0.081 kHz, avg speed    0.082 kHz), accepted       38/ 1580001 events ( 0.00%)
Processed  1590000/ 1824000 entries, 87.17% (elapsed time 19396.2s, curr speed    0.080 kHz, avg speed    0.082 kHz), accepted       38/ 1590001 events ( 0.00%)
Processed  1600000/ 1824000 entries, 87.72% (elapsed time 19521.5s, curr speed    0.080 kHz, avg speed    0.082 kHz), accepted       38/ 1600001 events ( 0.00%)
Processed  1610000/ 1824000 entries, 88.27% (elapsed time 19647.1s, curr speed    0.080 kHz, avg speed    0.082 kHz), accepted       38/ 1610001 events ( 0.00%)
Processed  1620000/ 1824000 entries, 88.82% (elapsed time 19772.7s, curr speed    0.080 kHz, avg speed    0.082 kHz), accepted       38/ 1620001 events ( 0.00%)
Processed  1630000/ 1824000 entries, 89.36% (elapsed time 19897.3s, curr speed    0.080 kHz, avg speed    0.082 kHz), accepted       38/ 1630001 events ( 0.00%)
Processed  1640000/ 1824000 entries, 89.91% (elapsed time 20022.6s, curr speed    0.080 kHz, avg speed    0.082 kHz), accepted       38/ 1640001 events ( 0.00%)
Processed  1650000/ 1824000 entries, 90.46% (elapsed time 20146.9s, curr speed    0.080 kHz, avg speed    0.082 kHz), accepted       38/ 1650001 events ( 0.00%)
Processed  1660000/ 1824000 entries, 91.01% (elapsed time 20271.7s, curr speed    0.080 kHz, avg speed    0.082 kHz), accepted       38/ 1660001 events ( 0.00%)
Processed  1670000/ 1824000 entries, 91.56% (elapsed time 20396.3s, curr speed    0.080 kHz, avg speed    0.082 kHz), accepted       38/ 1670001 events ( 0.00%)
Processed  1680000/ 1824000 entries, 92.11% (elapsed time 20521.9s, curr speed    0.080 kHz, avg speed    0.082 kHz), accepted       38/ 1680001 events ( 0.00%)
Processed  1690000/ 1824000 entries, 92.65% (elapsed time 20645.2s, curr speed    0.081 kHz, avg speed    0.082 kHz), accepted       38/ 1690001 events ( 0.00%)
Processed  1700000/ 1824000 entries, 93.20% (elapsed time 20768.6s, curr speed    0.081 kHz, avg speed    0.082 kHz), accepted       38/ 1700001 events ( 0.00%)
Processed  1710000/ 1824000 entries, 93.75% (elapsed time 20892.2s, curr speed    0.081 kHz, avg speed    0.082 kHz), accepted       38/ 1710001 events ( 0.00%)
Processed  1720000/ 1824000 entries, 94.30% (elapsed time 21016.5s, curr speed    0.080 kHz, avg speed    0.082 kHz), accepted       39/ 1720001 events ( 0.00%)
Processed  1730000/ 1824000 entries, 94.85% (elapsed time 21142.3s, curr speed    0.079 kHz, avg speed    0.082 kHz), accepted       40/ 1730001 events ( 0.00%)
Processed  1740000/ 1824000 entries, 95.39% (elapsed time 21266.6s, curr speed    0.080 kHz, avg speed    0.082 kHz), accepted       40/ 1740001 events ( 0.00%)
Processed  1750000/ 1824000 entries, 95.94% (elapsed time 21393.2s, curr speed    0.079 kHz, avg speed    0.082 kHz), accepted       40/ 1750001 events ( 0.00%)
Processed  1760000/ 1824000 entries, 96.49% (elapsed time 21520.9s, curr speed    0.078 kHz, avg speed    0.082 kHz), accepted       40/ 1760001 events ( 0.00%)
Processed  1770000/ 1824000 entries, 97.04% (elapsed time 21646.5s, curr speed    0.080 kHz, avg speed    0.082 kHz), accepted       40/ 1770001 events ( 0.00%)
Processed  1780000/ 1824000 entries, 97.59% (elapsed time 21770.3s, curr speed    0.081 kHz, avg speed    0.082 kHz), accepted       40/ 1780001 events ( 0.00%)
Processed  1790000/ 1824000 entries, 98.14% (elapsed time 21893.3s, curr speed    0.081 kHz, avg speed    0.082 kHz), accepted       40/ 1790001 events ( 0.00%)
Processed  1800000/ 1824000 entries, 98.68% (elapsed time 22014.3s, curr speed    0.083 kHz, avg speed    0.082 kHz), accepted       40/ 1800001 events ( 0.00%)
Processed  1810000/ 1824000 entries, 99.23% (elapsed time 22131.6s, curr speed    0.085 kHz, avg speed    0.082 kHz), accepted       40/ 1810001 events ( 0.00%)
Processed  1820000/ 1824000 entries, 99.78% (elapsed time 22244.7s, curr speed    0.088 kHz, avg speed    0.082 kHz), accepted       40/ 1820001 events ( 0.00%)
Processed 1824000 preselected entries from root://cms-xrd-global.cern.ch//store/mc/RunIIAutumn18NanoAODv6/GluGluHToBB_M125_13TeV_powheg_pythia8/NANOAODSIM/Nano25Oct2019_102X_upgrade2018_realistic_v20-v1/60000/46EB3230-9D59-9341-9E82-A90A2CF5637F.root (1824000 entries). Finally selected 40 entries
Done /work/pbaertsc/heavy_resonance/output_2018/GluGluHToBB_M125_13TeV_powheg_pythia8__RunIIAutumn18NanoAODv6-Nano25Oct2019_102X_upgrade2018_realistic_v20-v1__NANOAODSIM/46EB3230-9D59-9341-9E82-A90A2CF5637F.root
81.8284715527 Hz
deleting root file with name: /work/pbaertsc/heavy_resonance/output_2018/GluGluHToBB_M125_13TeV_powheg_pythia8__RunIIAutumn18NanoAODv6-Nano25Oct2019_102X_upgrade2018_realistic_v20-v1__NANOAODSIM/46EB3230-9D59-9341-9E82-A90A2CF5637F.root
DONE
Complete at
Fri Jan 31 03:34:04 CET 2020
