job start at
Thu Jan 30 19:15:03 CET 2020
SLURM_JOB_ID: 437648
HOSTNAME: t3wn51
JOBLIST:joblist/joblist_ZZTo2Q2Nu_TuneCP5_13TeV_amcatnloFXFX_madspin_pythia8__RunIIFall17NanoAODv6-PU2017_12Apr2018_Nano25Oct2019_102X_mc2017_realistic_v7-v1__NANOAODSIM_ll.txt
Going to execute
python job.py -i root://cms-xrd-global.cern.ch//store/mc/RunIIFall17NanoAODv6/ZZTo2Q2Nu_TuneCP5_13TeV_amcatnloFXFX_madspin_pythia8/NANOAODSIM/PU2017_12Apr2018_Nano25Oct2019_102X_mc2017_realistic_v7-v1/270000/58E18166-7592-FA4B-B92B-18DC3957A1DC.root -o /work/pbaertsc/heavy_resonance/output_2017/ZZTo2Q2Nu_TuneCP5_13TeV_amcatnloFXFX_madspin_pythia8__RunIIFall17NanoAODv6-PU2017_12Apr2018_Nano25Oct2019_102X_mc2017_realistic_v7-v1__NANOAODSIM -N ZZTo2Q2Nu_TuneCP5_13TeV_amcatnloFXFX_madspin_pythia8__RunIIFall17NanoAODv6-PU2017_12Apr2018_Nano25Oct2019_102X_mc2017_realistic_v7-v1__NANOAODSIM -n 48 -c ll -y 2017
TClass::Init:0: RuntimeWarning: no dictionary for class ROOT::TIOFeatures is available
/work/pbaertsc/heavy_resonance/CMSSW_9_4_6/python/PhysicsTools/NanoAODTools/postprocessing/framework/treeReaderArrayTools.py:69: RuntimeWarning: creating executor for unknown type "ULong64_t*"
  ret = _vr.Get()[0]
JEC= Fall17_17Nov2017_V32_MC 	 JER= Fall17_V3_MC
MET branch= PuppiMET
JEC= Fall17_17Nov2017_V32_MC 	 JER= Fall17_V3_MC
MET branch= PuppiMET
--------------------------------------------------------------------------------
input files  = ['root://cms-xrd-global.cern.ch//store/mc/RunIIFall17NanoAODv6/ZZTo2Q2Nu_TuneCP5_13TeV_amcatnloFXFX_madspin_pythia8/NANOAODSIM/PU2017_12Apr2018_Nano25Oct2019_102X_mc2017_realistic_v7-v1/270000/58E18166-7592-FA4B-B92B-18DC3957A1DC.root']
output directory = /work/pbaertsc/heavy_resonance/output_2017/ZZTo2Q2Nu_TuneCP5_13TeV_amcatnloFXFX_madspin_pythia8__RunIIFall17NanoAODv6-PU2017_12Apr2018_Nano25Oct2019_102X_mc2017_realistic_v7-v1__NANOAODSIM
output file  = ZZTo2Q2Nu_TuneCP5_13TeV_amcatnloFXFX_madspin_pythia8__RunIIFall17NanoAODv6-PU2017_12Apr2018_Nano25Oct2019_102X_mc2017_realistic_v7-v1__NANOAODSIM_48_ll.root
chunck       = 48
channel      = ll
dataType     = mc
year         = 2017
tes          = 1.0
ltf          = 1.0
jtf          = 1.0
--------------------------------------------------------------------------------
job.py: creating PostProcessor...
TreeProducer is called /work/pbaertsc/heavy_resonance/output_2017/ZZTo2Q2Nu_TuneCP5_13TeV_amcatnloFXFX_madspin_pythia8__RunIIFall17NanoAODv6-PU2017_12Apr2018_Nano25Oct2019_102X_mc2017_realistic_v7-v1__NANOAODSIM/ZZTo2Q2Nu_TuneCP5_13TeV_amcatnloFXFX_madspin_pythia8__RunIIFall17NanoAODv6-PU2017_12Apr2018_Nano25Oct2019_102X_mc2017_realistic_v7-v1__NANOAODSIM_48_ll.root
job.py: going to run PostProcessor...
Will write selected trees to /work/pbaertsc/heavy_resonance/output_2017/ZZTo2Q2Nu_TuneCP5_13TeV_amcatnloFXFX_madspin_pythia8__RunIIFall17NanoAODv6-PU2017_12Apr2018_Nano25Oct2019_102X_mc2017_realistic_v7-v1__NANOAODSIM
Loading jet energy scale (JES) uncertainties from file '/tmp/tmp8mBKQs/Fall17_17Nov2017_V32_MC_Uncertainty_AK4PFchs.txt'
Loading jet energy resolutions (JER) from file '/tmp/tmp5kNOWt/Fall17_V3_MC_PtResolution_AK4PFchs.txt'
Loading JER scale factors and uncertainties from file '/tmp/tmp5kNOWt/Fall17_V3_MC_SF_AK4PFchs.txt'
Loading jet energy scale (JES) uncertainties from file '/tmp/tmp10JG6n/Fall17_17Nov2017_V32_MC_Uncertainty_AK8PFPuppi.txt'
Loading jet energy resolutions (JER) from file '/tmp/tmpZ0KNpO/Fall17_V3_MC_PtResolution_AK8PFPuppi.txt'
Loading JER scale factors and uncertainties from file '/tmp/tmpZ0KNpO/Fall17_V3_MC_SF_AK8PFPuppi.txt'
Pre-select 1143479 entries out of 1143479 (100.00%)
nanoAODv5? True
Processed    10000/ 1143479 entries,  0.87% (elapsed time   158.8s, curr speed    0.063 kHz, avg speed    0.063 kHz), accepted      125/   10001 events ( 1.25%)
Processed    20000/ 1143479 entries,  1.75% (elapsed time   304.5s, curr speed    0.069 kHz, avg speed    0.066 kHz), accepted      246/   20001 events ( 1.23%)
Processed    30000/ 1143479 entries,  2.62% (elapsed time   448.6s, curr speed    0.069 kHz, avg speed    0.067 kHz), accepted      384/   30001 events ( 1.28%)
Processed    40000/ 1143479 entries,  3.50% (elapsed time   594.4s, curr speed    0.069 kHz, avg speed    0.067 kHz), accepted      515/   40001 events ( 1.29%)
Processed    50000/ 1143479 entries,  4.37% (elapsed time   742.7s, curr speed    0.067 kHz, avg speed    0.067 kHz), accepted      644/   50001 events ( 1.29%)
Bad event
Processed    60000/ 1143479 entries,  5.25% (elapsed time   891.5s, curr speed    0.067 kHz, avg speed    0.067 kHz), accepted      759/   60001 events ( 1.26%)
Processed    70000/ 1143479 entries,  6.12% (elapsed time  1035.4s, curr speed    0.070 kHz, avg speed    0.068 kHz), accepted      874/   70001 events ( 1.25%)
Processed    80000/ 1143479 entries,  7.00% (elapsed time  1189.0s, curr speed    0.065 kHz, avg speed    0.067 kHz), accepted     1010/   80001 events ( 1.26%)
Bad event
Processed    90000/ 1143479 entries,  7.87% (elapsed time  1340.5s, curr speed    0.066 kHz, avg speed    0.067 kHz), accepted     1154/   90001 events ( 1.28%)
Bad event
Processed   100000/ 1143479 entries,  8.75% (elapsed time  1498.0s, curr speed    0.064 kHz, avg speed    0.067 kHz), accepted     1283/  100001 events ( 1.28%)
Processed   110000/ 1143479 entries,  9.62% (elapsed time  1654.9s, curr speed    0.064 kHz, avg speed    0.066 kHz), accepted     1417/  110001 events ( 1.29%)
Bad event
Processed   120000/ 1143479 entries, 10.49% (elapsed time  1810.5s, curr speed    0.064 kHz, avg speed    0.066 kHz), accepted     1557/  120001 events ( 1.30%)
Bad event
Processed   130000/ 1143479 entries, 11.37% (elapsed time  1969.4s, curr speed    0.063 kHz, avg speed    0.066 kHz), accepted     1698/  130001 events ( 1.31%)
Processed   140000/ 1143479 entries, 12.24% (elapsed time  2119.3s, curr speed    0.067 kHz, avg speed    0.066 kHz), accepted     1830/  140001 events ( 1.31%)
Bad event
Processed   150000/ 1143479 entries, 13.12% (elapsed time  2274.5s, curr speed    0.064 kHz, avg speed    0.066 kHz), accepted     1979/  150001 events ( 1.32%)
Processed   160000/ 1143479 entries, 13.99% (elapsed time  2421.6s, curr speed    0.068 kHz, avg speed    0.066 kHz), accepted     2121/  160001 events ( 1.33%)
Processed   170000/ 1143479 entries, 14.87% (elapsed time  2565.9s, curr speed    0.069 kHz, avg speed    0.066 kHz), accepted     2260/  170001 events ( 1.33%)
Processed   180000/ 1143479 entries, 15.74% (elapsed time  2717.4s, curr speed    0.066 kHz, avg speed    0.066 kHz), accepted     2381/  180001 events ( 1.32%)
Processed   190000/ 1143479 entries, 16.62% (elapsed time  2866.0s, curr speed    0.067 kHz, avg speed    0.066 kHz), accepted     2513/  190001 events ( 1.32%)
Processed   200000/ 1143479 entries, 17.49% (elapsed time  3020.5s, curr speed    0.065 kHz, avg speed    0.066 kHz), accepted     2651/  200001 events ( 1.33%)
Processed   210000/ 1143479 entries, 18.37% (elapsed time  3161.9s, curr speed    0.071 kHz, avg speed    0.066 kHz), accepted     2784/  210001 events ( 1.33%)
Processed   220000/ 1143479 entries, 19.24% (elapsed time  3311.0s, curr speed    0.067 kHz, avg speed    0.066 kHz), accepted     2926/  220001 events ( 1.33%)
Processed   230000/ 1143479 entries, 20.11% (elapsed time  3447.8s, curr speed    0.073 kHz, avg speed    0.067 kHz), accepted     3063/  230001 events ( 1.33%)
Bad event
Processed   240000/ 1143479 entries, 20.99% (elapsed time  3592.9s, curr speed    0.069 kHz, avg speed    0.067 kHz), accepted     3188/  240001 events ( 1.33%)
Bad event
Processed   250000/ 1143479 entries, 21.86% (elapsed time  3739.0s, curr speed    0.068 kHz, avg speed    0.067 kHz), accepted     3310/  250001 events ( 1.32%)
Processed   260000/ 1143479 entries, 22.74% (elapsed time  3880.4s, curr speed    0.071 kHz, avg speed    0.067 kHz), accepted     3443/  260001 events ( 1.32%)
Processed   270000/ 1143479 entries, 23.61% (elapsed time  4028.7s, curr speed    0.067 kHz, avg speed    0.067 kHz), accepted     3561/  270001 events ( 1.32%)
Processed   280000/ 1143479 entries, 24.49% (elapsed time  4167.1s, curr speed    0.072 kHz, avg speed    0.067 kHz), accepted     3689/  280001 events ( 1.32%)
Processed   290000/ 1143479 entries, 25.36% (elapsed time  4316.6s, curr speed    0.067 kHz, avg speed    0.067 kHz), accepted     3812/  290001 events ( 1.31%)
Processed   300000/ 1143479 entries, 26.24% (elapsed time  4448.8s, curr speed    0.076 kHz, avg speed    0.067 kHz), accepted     3945/  300001 events ( 1.31%)
Processed   310000/ 1143479 entries, 27.11% (elapsed time  4598.1s, curr speed    0.067 kHz, avg speed    0.067 kHz), accepted     4086/  310001 events ( 1.32%)
Processed   320000/ 1143479 entries, 27.98% (elapsed time  4756.3s, curr speed    0.063 kHz, avg speed    0.067 kHz), accepted     4235/  320001 events ( 1.32%)
Processed   330000/ 1143479 entries, 28.86% (elapsed time  4916.0s, curr speed    0.063 kHz, avg speed    0.067 kHz), accepted     4379/  330001 events ( 1.33%)
Processed   340000/ 1143479 entries, 29.73% (elapsed time  5073.1s, curr speed    0.064 kHz, avg speed    0.067 kHz), accepted     4498/  340001 events ( 1.32%)
Processed   350000/ 1143479 entries, 30.61% (elapsed time  5229.8s, curr speed    0.064 kHz, avg speed    0.067 kHz), accepted     4618/  350001 events ( 1.32%)
Processed   360000/ 1143479 entries, 31.48% (elapsed time  5386.4s, curr speed    0.064 kHz, avg speed    0.067 kHz), accepted     4754/  360001 events ( 1.32%)
Processed   370000/ 1143479 entries, 32.36% (elapsed time  5541.1s, curr speed    0.065 kHz, avg speed    0.067 kHz), accepted     4904/  370001 events ( 1.33%)
Bad event
Processed   380000/ 1143479 entries, 33.23% (elapsed time  5694.0s, curr speed    0.065 kHz, avg speed    0.067 kHz), accepted     5017/  380001 events ( 1.32%)
Processed   390000/ 1143479 entries, 34.11% (elapsed time  5842.6s, curr speed    0.067 kHz, avg speed    0.067 kHz), accepted     5150/  390001 events ( 1.32%)
Processed   400000/ 1143479 entries, 34.98% (elapsed time  5997.3s, curr speed    0.065 kHz, avg speed    0.067 kHz), accepted     5307/  400001 events ( 1.33%)
Processed   410000/ 1143479 entries, 35.86% (elapsed time  6146.2s, curr speed    0.067 kHz, avg speed    0.067 kHz), accepted     5439/  410001 events ( 1.33%)
Processed   420000/ 1143479 entries, 36.73% (elapsed time  6297.5s, curr speed    0.066 kHz, avg speed    0.067 kHz), accepted     5548/  420001 events ( 1.32%)
Processed   430000/ 1143479 entries, 37.60% (elapsed time  6450.3s, curr speed    0.065 kHz, avg speed    0.067 kHz), accepted     5678/  430001 events ( 1.32%)
Processed   440000/ 1143479 entries, 38.48% (elapsed time  6598.1s, curr speed    0.068 kHz, avg speed    0.067 kHz), accepted     5791/  440001 events ( 1.32%)
Processed   450000/ 1143479 entries, 39.35% (elapsed time  6748.8s, curr speed    0.066 kHz, avg speed    0.067 kHz), accepted     5923/  450001 events ( 1.32%)
Bad event
Processed   460000/ 1143479 entries, 40.23% (elapsed time  6886.1s, curr speed    0.073 kHz, avg speed    0.067 kHz), accepted     6061/  460001 events ( 1.32%)
Processed   470000/ 1143479 entries, 41.10% (elapsed time  7033.8s, curr speed    0.068 kHz, avg speed    0.067 kHz), accepted     6171/  470001 events ( 1.31%)
Bad event
Processed   480000/ 1143479 entries, 41.98% (elapsed time  7170.8s, curr speed    0.073 kHz, avg speed    0.067 kHz), accepted     6299/  480001 events ( 1.31%)
Processed   490000/ 1143479 entries, 42.85% (elapsed time  7312.3s, curr speed    0.071 kHz, avg speed    0.067 kHz), accepted     6404/  490001 events ( 1.31%)
Bad event
Processed   500000/ 1143479 entries, 43.73% (elapsed time  7457.5s, curr speed    0.069 kHz, avg speed    0.067 kHz), accepted     6552/  500001 events ( 1.31%)
Processed   510000/ 1143479 entries, 44.60% (elapsed time  7589.3s, curr speed    0.076 kHz, avg speed    0.067 kHz), accepted     6680/  510001 events ( 1.31%)
Processed   520000/ 1143479 entries, 45.48% (elapsed time  7737.1s, curr speed    0.068 kHz, avg speed    0.067 kHz), accepted     6813/  520001 events ( 1.31%)
Processed   530000/ 1143479 entries, 46.35% (elapsed time  7875.8s, curr speed    0.072 kHz, avg speed    0.067 kHz), accepted     6942/  530001 events ( 1.31%)
Processed   540000/ 1143479 entries, 47.22% (elapsed time  8021.8s, curr speed    0.068 kHz, avg speed    0.067 kHz), accepted     7061/  540001 events ( 1.31%)
Processed   550000/ 1143479 entries, 48.10% (elapsed time  8164.7s, curr speed    0.070 kHz, avg speed    0.067 kHz), accepted     7188/  550001 events ( 1.31%)
Processed   560000/ 1143479 entries, 48.97% (elapsed time  8299.2s, curr speed    0.074 kHz, avg speed    0.067 kHz), accepted     7321/  560001 events ( 1.31%)
Processed   570000/ 1143479 entries, 49.85% (elapsed time  8446.8s, curr speed    0.068 kHz, avg speed    0.067 kHz), accepted     7437/  570001 events ( 1.30%)
Processed   580000/ 1143479 entries, 50.72% (elapsed time  8577.0s, curr speed    0.077 kHz, avg speed    0.068 kHz), accepted     7564/  580001 events ( 1.30%)
Bad event
Bad event
Processed   590000/ 1143479 entries, 51.60% (elapsed time  8721.8s, curr speed    0.069 kHz, avg speed    0.068 kHz), accepted     7690/  590001 events ( 1.30%)
Processed   600000/ 1143479 entries, 52.47% (elapsed time  8857.9s, curr speed    0.073 kHz, avg speed    0.068 kHz), accepted     7812/  600001 events ( 1.30%)
Processed   610000/ 1143479 entries, 53.35% (elapsed time  8992.7s, curr speed    0.074 kHz, avg speed    0.068 kHz), accepted     7942/  610001 events ( 1.30%)
Processed   620000/ 1143479 entries, 54.22% (elapsed time  9133.7s, curr speed    0.071 kHz, avg speed    0.068 kHz), accepted     8087/  620001 events ( 1.30%)
Processed   630000/ 1143479 entries, 55.10% (elapsed time  9261.7s, curr speed    0.078 kHz, avg speed    0.068 kHz), accepted     8202/  630001 events ( 1.30%)
Processed   640000/ 1143479 entries, 55.97% (elapsed time  9401.4s, curr speed    0.072 kHz, avg speed    0.068 kHz), accepted     8330/  640001 events ( 1.30%)
Bad event
Processed   650000/ 1143479 entries, 56.84% (elapsed time  9533.9s, curr speed    0.075 kHz, avg speed    0.068 kHz), accepted     8456/  650001 events ( 1.30%)
Bad event
Processed   660000/ 1143479 entries, 57.72% (elapsed time  9671.4s, curr speed    0.073 kHz, avg speed    0.068 kHz), accepted     8586/  660001 events ( 1.30%)
Processed   670000/ 1143479 entries, 58.59% (elapsed time  9808.8s, curr speed    0.073 kHz, avg speed    0.068 kHz), accepted     8710/  670001 events ( 1.30%)
Bad event
Processed   680000/ 1143479 entries, 59.47% (elapsed time  9943.5s, curr speed    0.074 kHz, avg speed    0.068 kHz), accepted     8850/  680001 events ( 1.30%)
Processed   690000/ 1143479 entries, 60.34% (elapsed time 10083.7s, curr speed    0.071 kHz, avg speed    0.068 kHz), accepted     8969/  690001 events ( 1.30%)
Processed   700000/ 1143479 entries, 61.22% (elapsed time 10214.9s, curr speed    0.076 kHz, avg speed    0.069 kHz), accepted     9086/  700001 events ( 1.30%)
Processed   710000/ 1143479 entries, 62.09% (elapsed time 10358.5s, curr speed    0.070 kHz, avg speed    0.069 kHz), accepted     9206/  710001 events ( 1.30%)
Processed   720000/ 1143479 entries, 62.97% (elapsed time 10496.4s, curr speed    0.073 kHz, avg speed    0.069 kHz), accepted     9321/  720001 events ( 1.29%)
Processed   730000/ 1143479 entries, 63.84% (elapsed time 10641.6s, curr speed    0.069 kHz, avg speed    0.069 kHz), accepted     9470/  730001 events ( 1.30%)
Processed   740000/ 1143479 entries, 64.71% (elapsed time 10786.3s, curr speed    0.069 kHz, avg speed    0.069 kHz), accepted     9595/  740001 events ( 1.30%)
Processed   750000/ 1143479 entries, 65.59% (elapsed time 10930.8s, curr speed    0.069 kHz, avg speed    0.069 kHz), accepted     9718/  750001 events ( 1.30%)
Processed   760000/ 1143479 entries, 66.46% (elapsed time 11075.4s, curr speed    0.069 kHz, avg speed    0.069 kHz), accepted     9851/  760001 events ( 1.30%)
Processed   770000/ 1143479 entries, 67.34% (elapsed time 11212.2s, curr speed    0.073 kHz, avg speed    0.069 kHz), accepted     9981/  770001 events ( 1.30%)
Bad event
Processed   780000/ 1143479 entries, 68.21% (elapsed time 11359.6s, curr speed    0.068 kHz, avg speed    0.069 kHz), accepted    10121/  780001 events ( 1.30%)
Processed   790000/ 1143479 entries, 69.09% (elapsed time 11501.8s, curr speed    0.070 kHz, avg speed    0.069 kHz), accepted    10256/  790001 events ( 1.30%)
Processed   800000/ 1143479 entries, 69.96% (elapsed time 11650.2s, curr speed    0.067 kHz, avg speed    0.069 kHz), accepted    10390/  800001 events ( 1.30%)
Processed   810000/ 1143479 entries, 70.84% (elapsed time 11795.3s, curr speed    0.069 kHz, avg speed    0.069 kHz), accepted    10528/  810001 events ( 1.30%)
Processed   820000/ 1143479 entries, 71.71% (elapsed time 11938.1s, curr speed    0.070 kHz, avg speed    0.069 kHz), accepted    10661/  820001 events ( 1.30%)
Processed   830000/ 1143479 entries, 72.59% (elapsed time 12085.2s, curr speed    0.068 kHz, avg speed    0.069 kHz), accepted    10774/  830001 events ( 1.30%)
Processed   840000/ 1143479 entries, 73.46% (elapsed time 12226.9s, curr speed    0.071 kHz, avg speed    0.069 kHz), accepted    10908/  840001 events ( 1.30%)
Processed   850000/ 1143479 entries, 74.33% (elapsed time 12378.7s, curr speed    0.066 kHz, avg speed    0.069 kHz), accepted    11053/  850001 events ( 1.30%)
Bad event
%MSG-e SimpleJetCorrectionUncertainty: 
 bin variables out of range
%MSG
%MSG-e SimpleJetCorrectionUncertainty: 
 bin variables out of range
%MSG
Processed   860000/ 1143479 entries, 75.21% (elapsed time 12519.4s, curr speed    0.071 kHz, avg speed    0.069 kHz), accepted    11205/  860001 events ( 1.30%)
Processed   870000/ 1143479 entries, 76.08% (elapsed time 12670.5s, curr speed    0.066 kHz, avg speed    0.069 kHz), accepted    11352/  870001 events ( 1.30%)
Processed   880000/ 1143479 entries, 76.96% (elapsed time 12813.1s, curr speed    0.070 kHz, avg speed    0.069 kHz), accepted    11484/  880001 events ( 1.30%)
Processed   890000/ 1143479 entries, 77.83% (elapsed time 12962.8s, curr speed    0.067 kHz, avg speed    0.069 kHz), accepted    11637/  890001 events ( 1.31%)
Processed   900000/ 1143479 entries, 78.71% (elapsed time 13110.3s, curr speed    0.068 kHz, avg speed    0.069 kHz), accepted    11784/  900001 events ( 1.31%)
Processed   910000/ 1143479 entries, 79.58% (elapsed time 13252.8s, curr speed    0.070 kHz, avg speed    0.069 kHz), accepted    11925/  910001 events ( 1.31%)
Processed   920000/ 1143479 entries, 80.46% (elapsed time 13400.7s, curr speed    0.068 kHz, avg speed    0.069 kHz), accepted    12046/  920001 events ( 1.31%)
Processed   930000/ 1143479 entries, 81.33% (elapsed time 13544.1s, curr speed    0.070 kHz, avg speed    0.069 kHz), accepted    12201/  930001 events ( 1.31%)
Processed   940000/ 1143479 entries, 82.21% (elapsed time 13693.3s, curr speed    0.067 kHz, avg speed    0.069 kHz), accepted    12328/  940001 events ( 1.31%)
Bad event
Processed   950000/ 1143479 entries, 83.08% (elapsed time 13836.4s, curr speed    0.070 kHz, avg speed    0.069 kHz), accepted    12464/  950001 events ( 1.31%)
Bad event
Bad event
Processed   960000/ 1143479 entries, 83.95% (elapsed time 13987.6s, curr speed    0.066 kHz, avg speed    0.069 kHz), accepted    12598/  960001 events ( 1.31%)
Processed   970000/ 1143479 entries, 84.83% (elapsed time 14135.6s, curr speed    0.068 kHz, avg speed    0.069 kHz), accepted    12729/  970001 events ( 1.31%)
Processed   980000/ 1143479 entries, 85.70% (elapsed time 14288.0s, curr speed    0.066 kHz, avg speed    0.069 kHz), accepted    12857/  980001 events ( 1.31%)
Processed   990000/ 1143479 entries, 86.58% (elapsed time 14438.7s, curr speed    0.066 kHz, avg speed    0.069 kHz), accepted    12989/  990001 events ( 1.31%)
Processed  1000000/ 1143479 entries, 87.45% (elapsed time 14587.2s, curr speed    0.067 kHz, avg speed    0.069 kHz), accepted    13127/ 1000001 events ( 1.31%)
Processed  1010000/ 1143479 entries, 88.33% (elapsed time 14737.3s, curr speed    0.067 kHz, avg speed    0.069 kHz), accepted    13258/ 1010001 events ( 1.31%)
Processed  1020000/ 1143479 entries, 89.20% (elapsed time 14881.7s, curr speed    0.069 kHz, avg speed    0.069 kHz), accepted    13382/ 1020001 events ( 1.31%)
Processed  1030000/ 1143479 entries, 90.08% (elapsed time 15036.6s, curr speed    0.065 kHz, avg speed    0.068 kHz), accepted    13518/ 1030001 events ( 1.31%)
Processed  1040000/ 1143479 entries, 90.95% (elapsed time 15182.7s, curr speed    0.068 kHz, avg speed    0.068 kHz), accepted    13628/ 1040001 events ( 1.31%)
Processed  1050000/ 1143479 entries, 91.83% (elapsed time 15337.0s, curr speed    0.065 kHz, avg speed    0.068 kHz), accepted    13756/ 1050001 events ( 1.31%)
Processed  1060000/ 1143479 entries, 92.70% (elapsed time 15490.9s, curr speed    0.065 kHz, avg speed    0.068 kHz), accepted    13880/ 1060001 events ( 1.31%)
Processed  1070000/ 1143479 entries, 93.57% (elapsed time 15640.6s, curr speed    0.067 kHz, avg speed    0.068 kHz), accepted    14001/ 1070001 events ( 1.31%)
Bad event
Processed  1080000/ 1143479 entries, 94.45% (elapsed time 15792.5s, curr speed    0.066 kHz, avg speed    0.068 kHz), accepted    14126/ 1080001 events ( 1.31%)
Processed  1090000/ 1143479 entries, 95.32% (elapsed time 15943.3s, curr speed    0.066 kHz, avg speed    0.068 kHz), accepted    14285/ 1090001 events ( 1.31%)
Processed  1100000/ 1143479 entries, 96.20% (elapsed time 16097.6s, curr speed    0.065 kHz, avg speed    0.068 kHz), accepted    14429/ 1100001 events ( 1.31%)
Processed  1110000/ 1143479 entries, 97.07% (elapsed time 16244.6s, curr speed    0.068 kHz, avg speed    0.068 kHz), accepted    14582/ 1110001 events ( 1.31%)
Processed  1120000/ 1143479 entries, 97.95% (elapsed time 16398.2s, curr speed    0.065 kHz, avg speed    0.068 kHz), accepted    14701/ 1120001 events ( 1.31%)
Processed  1130000/ 1143479 entries, 98.82% (elapsed time 16548.6s, curr speed    0.067 kHz, avg speed    0.068 kHz), accepted    14821/ 1130001 events ( 1.31%)
Processed  1140000/ 1143479 entries, 99.70% (elapsed time 16697.6s, curr speed    0.067 kHz, avg speed    0.068 kHz), accepted    14927/ 1140001 events ( 1.31%)
Processed 1143479 preselected entries from root://cms-xrd-global.cern.ch//store/mc/RunIIFall17NanoAODv6/ZZTo2Q2Nu_TuneCP5_13TeV_amcatnloFXFX_madspin_pythia8/NANOAODSIM/PU2017_12Apr2018_Nano25Oct2019_102X_mc2017_realistic_v7-v1/270000/58E18166-7592-FA4B-B92B-18DC3957A1DC.root (1143479 entries). Finally selected 14972 entries
Done /work/pbaertsc/heavy_resonance/output_2017/ZZTo2Q2Nu_TuneCP5_13TeV_amcatnloFXFX_madspin_pythia8__RunIIFall17NanoAODv6-PU2017_12Apr2018_Nano25Oct2019_102X_mc2017_realistic_v7-v1__NANOAODSIM/58E18166-7592-FA4B-B92B-18DC3957A1DC.root
68.0896382162 Hz
deleting root file with name: /work/pbaertsc/heavy_resonance/output_2017/ZZTo2Q2Nu_TuneCP5_13TeV_amcatnloFXFX_madspin_pythia8__RunIIFall17NanoAODv6-PU2017_12Apr2018_Nano25Oct2019_102X_mc2017_realistic_v7-v1__NANOAODSIM/58E18166-7592-FA4B-B92B-18DC3957A1DC.root
DONE
Complete at
Fri Jan 31 01:23:53 CET 2020
