job start at
Sat Feb  1 14:53:03 CET 2020
SLURM_JOB_ID: 528940
HOSTNAME: t3wn55
JOBLIST:joblist/joblist_WWTo2L2Nu_NNPDF31_TuneCP5_13TeV-powheg-pythia8__RunIIAutumn18NanoAODv6-Nano25Oct2019_102X_upgrade2018_realistic_v20-v1__NANOAODSIM_ll.txt
Going to execute
python job.py -i root://cms-xrd-global.cern.ch//store/mc/RunIIAutumn18NanoAODv6/WWTo2L2Nu_NNPDF31_TuneCP5_13TeV-powheg-pythia8/NANOAODSIM/Nano25Oct2019_102X_upgrade2018_realistic_v20-v1/40000/956B32F1-2ADC-6C43-AFEE-189E975A4CA2.root -o /work/pbaertsc/heavy_resonance/output_2018/WWTo2L2Nu_NNPDF31_TuneCP5_13TeV-powheg-pythia8__RunIIAutumn18NanoAODv6-Nano25Oct2019_102X_upgrade2018_realistic_v20-v1__NANOAODSIM -N WWTo2L2Nu_NNPDF31_TuneCP5_13TeV-powheg-pythia8__RunIIAutumn18NanoAODv6-Nano25Oct2019_102X_upgrade2018_realistic_v20-v1__NANOAODSIM -n 8 -c ll -y 2018
TClass::Init:0: RuntimeWarning: no dictionary for class ROOT::TIOFeatures is available
/work/pbaertsc/heavy_resonance/CMSSW_9_4_6/python/PhysicsTools/NanoAODTools/postprocessing/framework/treeReaderArrayTools.py:69: RuntimeWarning: creating executor for unknown type "ULong64_t*"
  ret = _vr.Get()[0]
JEC= Autumn18_V19_MC 	 JER= Autumn18_V7_MC
MET branch= PuppiMET
JEC= Autumn18_V19_MC 	 JER= Autumn18_V7_MC
MET branch= PuppiMET
--------------------------------------------------------------------------------
input files  = ['root://cms-xrd-global.cern.ch//store/mc/RunIIAutumn18NanoAODv6/WWTo2L2Nu_NNPDF31_TuneCP5_13TeV-powheg-pythia8/NANOAODSIM/Nano25Oct2019_102X_upgrade2018_realistic_v20-v1/40000/956B32F1-2ADC-6C43-AFEE-189E975A4CA2.root']
output directory = /work/pbaertsc/heavy_resonance/output_2018/WWTo2L2Nu_NNPDF31_TuneCP5_13TeV-powheg-pythia8__RunIIAutumn18NanoAODv6-Nano25Oct2019_102X_upgrade2018_realistic_v20-v1__NANOAODSIM
output file  = WWTo2L2Nu_NNPDF31_TuneCP5_13TeV-powheg-pythia8__RunIIAutumn18NanoAODv6-Nano25Oct2019_102X_upgrade2018_realistic_v20-v1__NANOAODSIM_8_ll.root
chunck       = 8
channel      = ll
dataType     = mc
year         = 2018
tes          = 1.0
ltf          = 1.0
jtf          = 1.0
--------------------------------------------------------------------------------
job.py: creating PostProcessor...
TreeProducer is called /work/pbaertsc/heavy_resonance/output_2018/WWTo2L2Nu_NNPDF31_TuneCP5_13TeV-powheg-pythia8__RunIIAutumn18NanoAODv6-Nano25Oct2019_102X_upgrade2018_realistic_v20-v1__NANOAODSIM/WWTo2L2Nu_NNPDF31_TuneCP5_13TeV-powheg-pythia8__RunIIAutumn18NanoAODv6-Nano25Oct2019_102X_upgrade2018_realistic_v20-v1__NANOAODSIM_8_ll.root
job.py: going to run PostProcessor...
Will write selected trees to /work/pbaertsc/heavy_resonance/output_2018/WWTo2L2Nu_NNPDF31_TuneCP5_13TeV-powheg-pythia8__RunIIAutumn18NanoAODv6-Nano25Oct2019_102X_upgrade2018_realistic_v20-v1__NANOAODSIM
Loading jet energy scale (JES) uncertainties from file '/tmp/tmpmB8CKk/Autumn18_V19_MC_Uncertainty_AK4PFchs.txt'
Loading jet energy resolutions (JER) from file '/tmp/tmpVUUM2e/Autumn18_V7_MC_PtResolution_AK4PFchs.txt'
Loading JER scale factors and uncertainties from file '/tmp/tmpVUUM2e/Autumn18_V7_MC_SF_AK4PFchs.txt'
Loading jet energy scale (JES) uncertainties from file '/tmp/tmpNeXocc/Autumn18_V19_MC_Uncertainty_AK8PFPuppi.txt'
Loading jet energy resolutions (JER) from file '/tmp/tmpoo8pZ9/Autumn18_V7_MC_PtResolution_AK8PFPuppi.txt'
Loading JER scale factors and uncertainties from file '/tmp/tmpoo8pZ9/Autumn18_V7_MC_SF_AK8PFPuppi.txt'
Pre-select 692600 entries out of 692600 (100.00%)
nanoAODv5? True
TtoEM trigger inconsistency
TtoEM trigger inconsistency
TtoEM trigger inconsistency
TtoEM trigger inconsistency
TtoEM trigger inconsistency
Processed    10000/  692600 entries,  1.44% (elapsed time   150.5s, curr speed    0.066 kHz, avg speed    0.066 kHz), accepted       40/   10001 events ( 0.40%)
TtoEM trigger inconsistency
Processed    20000/  692600 entries,  2.89% (elapsed time   298.6s, curr speed    0.067 kHz, avg speed    0.067 kHz), accepted       88/   20001 events ( 0.44%)
TtoEM trigger inconsistency
TtoEM trigger inconsistency
TtoEM trigger inconsistency
TtoEM trigger inconsistency
TtoEM trigger inconsistency
TtoEM trigger inconsistency
Processed    30000/  692600 entries,  4.33% (elapsed time   459.7s, curr speed    0.062 kHz, avg speed    0.065 kHz), accepted      145/   30001 events ( 0.48%)
TtoEM trigger inconsistency
WARNING: jet m = -0.0 !!
TtoEM trigger inconsistency
TtoEM trigger inconsistency
TtoEM trigger inconsistency
TtoEM trigger inconsistency
TtoEM trigger inconsistency
Processed    40000/  692600 entries,  5.78% (elapsed time   633.5s, curr speed    0.058 kHz, avg speed    0.063 kHz), accepted      201/   40001 events ( 0.50%)
TtoEM trigger inconsistency
WARNING: jet m = -0.0 !!
TtoEM trigger inconsistency
TtoEM trigger inconsistency
TtoEM trigger inconsistency
Processed    50000/  692600 entries,  7.22% (elapsed time   809.7s, curr speed    0.057 kHz, avg speed    0.062 kHz), accepted      233/   50001 events ( 0.47%)
TtoEM trigger inconsistency
TtoEM trigger inconsistency
TtoEM trigger inconsistency
TtoEM trigger inconsistency
TtoEM trigger inconsistency
TtoEM trigger inconsistency
Processed    60000/  692600 entries,  8.66% (elapsed time   983.7s, curr speed    0.057 kHz, avg speed    0.061 kHz), accepted      277/   60001 events ( 0.46%)
TtoEM trigger inconsistency
TtoEM trigger inconsistency
TtoEM trigger inconsistency
TtoEM trigger inconsistency
TtoEM trigger inconsistency
Processed    70000/  692600 entries, 10.11% (elapsed time  1159.4s, curr speed    0.057 kHz, avg speed    0.060 kHz), accepted      328/   70001 events ( 0.47%)
TtoEM trigger inconsistency
TtoEM trigger inconsistency
TtoEM trigger inconsistency
TtoEM trigger inconsistency
Processed    80000/  692600 entries, 11.55% (elapsed time  1325.3s, curr speed    0.060 kHz, avg speed    0.060 kHz), accepted      374/   80001 events ( 0.47%)
TtoEM trigger inconsistency
Processed    90000/  692600 entries, 12.99% (elapsed time  1497.5s, curr speed    0.058 kHz, avg speed    0.060 kHz), accepted      424/   90001 events ( 0.47%)
TtoEM trigger inconsistency
TtoEM trigger inconsistency
TtoEM trigger inconsistency
TtoEM trigger inconsistency
TtoEM trigger inconsistency
Processed   100000/  692600 entries, 14.44% (elapsed time  1670.7s, curr speed    0.058 kHz, avg speed    0.060 kHz), accepted      479/  100001 events ( 0.48%)
TtoEM trigger inconsistency
TtoEM trigger inconsistency
TtoEM trigger inconsistency
TtoEM trigger inconsistency
TtoEM trigger inconsistency
Processed   110000/  692600 entries, 15.88% (elapsed time  1841.8s, curr speed    0.058 kHz, avg speed    0.060 kHz), accepted      520/  110001 events ( 0.47%)
TtoEM trigger inconsistency
TtoEM trigger inconsistency
Processed   120000/  692600 entries, 17.33% (elapsed time  2013.8s, curr speed    0.058 kHz, avg speed    0.060 kHz), accepted      569/  120001 events ( 0.47%)
TtoEM trigger inconsistency
TtoEM trigger inconsistency
TtoEM trigger inconsistency
TtoEM trigger inconsistency
TtoEM trigger inconsistency
TtoEM trigger inconsistency
Processed   130000/  692600 entries, 18.77% (elapsed time  2177.8s, curr speed    0.061 kHz, avg speed    0.060 kHz), accepted      609/  130001 events ( 0.47%)
TtoEM trigger inconsistency
TtoEM trigger inconsistency
TtoEM trigger inconsistency
TtoEM trigger inconsistency
TtoEM trigger inconsistency
TtoEM trigger inconsistency
Processed   140000/  692600 entries, 20.21% (elapsed time  2343.2s, curr speed    0.060 kHz, avg speed    0.060 kHz), accepted      660/  140001 events ( 0.47%)
TtoEM trigger inconsistency
Bad event
Processed   150000/  692600 entries, 21.66% (elapsed time  2506.6s, curr speed    0.061 kHz, avg speed    0.060 kHz), accepted      707/  150001 events ( 0.47%)
TtoEM trigger inconsistency
TtoEM trigger inconsistency
TtoEM trigger inconsistency
TtoEM trigger inconsistency
TtoEM trigger inconsistency
TtoEM trigger inconsistency
TtoEM trigger inconsistency
Processed   160000/  692600 entries, 23.10% (elapsed time  2668.8s, curr speed    0.062 kHz, avg speed    0.060 kHz), accepted      763/  160001 events ( 0.48%)
TtoEM trigger inconsistency
TtoEM trigger inconsistency
TtoEM trigger inconsistency
Processed   170000/  692600 entries, 24.55% (elapsed time  2766.9s, curr speed    0.102 kHz, avg speed    0.061 kHz), accepted      833/  170001 events ( 0.49%)
TtoEM trigger inconsistency
TtoEM trigger inconsistency
TtoEM trigger inconsistency
TtoEM trigger inconsistency
Processed   180000/  692600 entries, 25.99% (elapsed time  2858.9s, curr speed    0.109 kHz, avg speed    0.063 kHz), accepted      879/  180001 events ( 0.49%)
Processed   190000/  692600 entries, 27.43% (elapsed time  2951.9s, curr speed    0.108 kHz, avg speed    0.064 kHz), accepted      931/  190001 events ( 0.49%)
TtoEM trigger inconsistency
Processed   200000/  692600 entries, 28.88% (elapsed time  3045.4s, curr speed    0.107 kHz, avg speed    0.066 kHz), accepted      965/  200001 events ( 0.48%)
TtoEM trigger inconsistency
TtoEM trigger inconsistency
TtoEM trigger inconsistency
TtoEM trigger inconsistency
Processed   210000/  692600 entries, 30.32% (elapsed time  3137.4s, curr speed    0.109 kHz, avg speed    0.067 kHz), accepted     1013/  210001 events ( 0.48%)
TtoEM trigger inconsistency
TtoEM trigger inconsistency
TtoEM trigger inconsistency
TtoEM trigger inconsistency
TtoEM trigger inconsistency
Processed   220000/  692600 entries, 31.76% (elapsed time  3231.2s, curr speed    0.107 kHz, avg speed    0.068 kHz), accepted     1062/  220001 events ( 0.48%)
TtoEM trigger inconsistency
TtoEM trigger inconsistency
TtoEM trigger inconsistency
TtoEM trigger inconsistency
TtoEM trigger inconsistency
Processed   230000/  692600 entries, 33.21% (elapsed time  3322.9s, curr speed    0.109 kHz, avg speed    0.069 kHz), accepted     1106/  230001 events ( 0.48%)
TtoEM trigger inconsistency
TtoEM trigger inconsistency
TtoEM trigger inconsistency
TtoEM trigger inconsistency
TtoEM trigger inconsistency
TtoEM trigger inconsistency
Processed   240000/  692600 entries, 34.65% (elapsed time  3416.1s, curr speed    0.107 kHz, avg speed    0.070 kHz), accepted     1159/  240001 events ( 0.48%)
TtoEM trigger inconsistency
TtoEM trigger inconsistency
TtoEM trigger inconsistency
TtoEM trigger inconsistency
TtoEM trigger inconsistency
TtoEM trigger inconsistency
TtoEM trigger inconsistency
Processed   250000/  692600 entries, 36.10% (elapsed time  3508.7s, curr speed    0.108 kHz, avg speed    0.071 kHz), accepted     1198/  250001 events ( 0.48%)
TtoEM trigger inconsistency
TtoEM trigger inconsistency
TtoEM trigger inconsistency
Processed   260000/  692600 entries, 37.54% (elapsed time  3601.5s, curr speed    0.108 kHz, avg speed    0.072 kHz), accepted     1241/  260001 events ( 0.48%)
TtoEM trigger inconsistency
TtoEM trigger inconsistency
Processed   270000/  692600 entries, 38.98% (elapsed time  3695.4s, curr speed    0.107 kHz, avg speed    0.073 kHz), accepted     1283/  270001 events ( 0.48%)
TtoEM trigger inconsistency
TtoEM trigger inconsistency
Processed   280000/  692600 entries, 40.43% (elapsed time  3788.0s, curr speed    0.108 kHz, avg speed    0.074 kHz), accepted     1328/  280001 events ( 0.47%)
TtoEM trigger inconsistency
TtoEM trigger inconsistency
TtoEM trigger inconsistency
Processed   290000/  692600 entries, 41.87% (elapsed time  3880.4s, curr speed    0.108 kHz, avg speed    0.075 kHz), accepted     1375/  290001 events ( 0.47%)
TtoEM trigger inconsistency
TtoEM trigger inconsistency
Processed   300000/  692600 entries, 43.32% (elapsed time  3974.0s, curr speed    0.107 kHz, avg speed    0.075 kHz), accepted     1420/  300001 events ( 0.47%)
TtoEM trigger inconsistency
TtoEM trigger inconsistency
%MSG-e SimpleJetCorrectionUncertainty: 
 bin variables out of range
%MSG
%MSG-e SimpleJetCorrectionUncertainty: 
 bin variables out of range
%MSG
TtoEM trigger inconsistency
Processed   310000/  692600 entries, 44.76% (elapsed time  4065.5s, curr speed    0.109 kHz, avg speed    0.076 kHz), accepted     1470/  310001 events ( 0.47%)
TtoEM trigger inconsistency
TtoEM trigger inconsistency
TtoEM trigger inconsistency
TtoEM trigger inconsistency
TtoEM trigger inconsistency
Processed   320000/  692600 entries, 46.20% (elapsed time  4159.1s, curr speed    0.107 kHz, avg speed    0.077 kHz), accepted     1537/  320001 events ( 0.48%)
TtoEM trigger inconsistency
TtoEM trigger inconsistency
TtoEM trigger inconsistency
Processed   330000/  692600 entries, 47.65% (elapsed time  4251.9s, curr speed    0.108 kHz, avg speed    0.078 kHz), accepted     1593/  330001 events ( 0.48%)
TtoEM trigger inconsistency
TtoEM trigger inconsistency
TtoEM trigger inconsistency
Processed   340000/  692600 entries, 49.09% (elapsed time  4344.4s, curr speed    0.108 kHz, avg speed    0.078 kHz), accepted     1643/  340001 events ( 0.48%)
TtoEM trigger inconsistency
TtoEM trigger inconsistency
TtoEM trigger inconsistency
TtoEM trigger inconsistency
TtoEM trigger inconsistency
TtoEM trigger inconsistency
Bad event
Processed   350000/  692600 entries, 50.53% (elapsed time  4436.9s, curr speed    0.108 kHz, avg speed    0.079 kHz), accepted     1678/  350001 events ( 0.48%)
TtoEM trigger inconsistency
TtoEM trigger inconsistency
TtoEM trigger inconsistency
ZtoEE trigger inconsistency
Processed   360000/  692600 entries, 51.98% (elapsed time  4527.7s, curr speed    0.110 kHz, avg speed    0.080 kHz), accepted     1720/  360001 events ( 0.48%)
TtoEM trigger inconsistency
TtoEM trigger inconsistency
TtoEM trigger inconsistency
Processed   370000/  692600 entries, 53.42% (elapsed time  4620.0s, curr speed    0.108 kHz, avg speed    0.080 kHz), accepted     1758/  370001 events ( 0.48%)
TtoEM trigger inconsistency
TtoEM trigger inconsistency
TtoEM trigger inconsistency
TtoEM trigger inconsistency
Processed   380000/  692600 entries, 54.87% (elapsed time  4711.8s, curr speed    0.109 kHz, avg speed    0.081 kHz), accepted     1803/  380001 events ( 0.47%)
TtoEM trigger inconsistency
TtoEM trigger inconsistency
TtoEM trigger inconsistency
TtoEM trigger inconsistency
TtoEM trigger inconsistency
Processed   390000/  692600 entries, 56.31% (elapsed time  4804.3s, curr speed    0.108 kHz, avg speed    0.081 kHz), accepted     1846/  390001 events ( 0.47%)
TtoEM trigger inconsistency
TtoEM trigger inconsistency
TtoEM trigger inconsistency
TtoEM trigger inconsistency
TtoEM trigger inconsistency
TtoEM trigger inconsistency
Processed   400000/  692600 entries, 57.75% (elapsed time  4896.6s, curr speed    0.108 kHz, avg speed    0.082 kHz), accepted     1892/  400001 events ( 0.47%)
Processed   410000/  692600 entries, 59.20% (elapsed time  4987.7s, curr speed    0.110 kHz, avg speed    0.082 kHz), accepted     1943/  410001 events ( 0.47%)
TtoEM trigger inconsistency
TtoEM trigger inconsistency
TtoEM trigger inconsistency
TtoEM trigger inconsistency
Processed   420000/  692600 entries, 60.64% (elapsed time  5080.5s, curr speed    0.108 kHz, avg speed    0.083 kHz), accepted     1988/  420001 events ( 0.47%)
TtoEM trigger inconsistency
TtoEM trigger inconsistency
Bad event
TtoEM trigger inconsistency
TtoEM trigger inconsistency
TtoEM trigger inconsistency
Processed   430000/  692600 entries, 62.08% (elapsed time  5172.7s, curr speed    0.108 kHz, avg speed    0.083 kHz), accepted     2040/  430001 events ( 0.47%)
TtoEM trigger inconsistency
TtoEM trigger inconsistency
TtoEM trigger inconsistency
TtoEM trigger inconsistency
TtoEM trigger inconsistency
Processed   440000/  692600 entries, 63.53% (elapsed time  5263.7s, curr speed    0.110 kHz, avg speed    0.084 kHz), accepted     2088/  440001 events ( 0.47%)
TtoEM trigger inconsistency
TtoEM trigger inconsistency
TtoEM trigger inconsistency
Processed   450000/  692600 entries, 64.97% (elapsed time  5356.2s, curr speed    0.108 kHz, avg speed    0.084 kHz), accepted     2142/  450001 events ( 0.48%)
TtoEM trigger inconsistency
TtoEM trigger inconsistency
TtoEM trigger inconsistency
TtoEM trigger inconsistency
Processed   460000/  692600 entries, 66.42% (elapsed time  5448.6s, curr speed    0.108 kHz, avg speed    0.084 kHz), accepted     2208/  460001 events ( 0.48%)
TtoEM trigger inconsistency
TtoEM trigger inconsistency
Processed   470000/  692600 entries, 67.86% (elapsed time  5542.1s, curr speed    0.107 kHz, avg speed    0.085 kHz), accepted     2253/  470001 events ( 0.48%)
TtoEM trigger inconsistency
TtoEM trigger inconsistency
TtoEM trigger inconsistency
TtoEM trigger inconsistency
Processed   480000/  692600 entries, 69.30% (elapsed time  5635.3s, curr speed    0.107 kHz, avg speed    0.085 kHz), accepted     2301/  480001 events ( 0.48%)
TtoEM trigger inconsistency
TtoEM trigger inconsistency
TtoEM trigger inconsistency
TtoEM trigger inconsistency
TtoEM trigger inconsistency
TtoEM trigger inconsistency
Processed   490000/  692600 entries, 70.75% (elapsed time  5726.9s, curr speed    0.109 kHz, avg speed    0.086 kHz), accepted     2349/  490001 events ( 0.48%)
TtoEM trigger inconsistency
TtoEM trigger inconsistency
ZtoMM trigger inconsistency
TtoEM trigger inconsistency
Processed   500000/  692600 entries, 72.19% (elapsed time  5820.6s, curr speed    0.107 kHz, avg speed    0.086 kHz), accepted     2387/  500001 events ( 0.48%)
TtoEM trigger inconsistency
TtoEM trigger inconsistency
TtoEM trigger inconsistency
Processed   510000/  692600 entries, 73.64% (elapsed time  5913.4s, curr speed    0.108 kHz, avg speed    0.086 kHz), accepted     2440/  510001 events ( 0.48%)
TtoEM trigger inconsistency
TtoEM trigger inconsistency
TtoEM trigger inconsistency
Processed   520000/  692600 entries, 75.08% (elapsed time  6007.2s, curr speed    0.107 kHz, avg speed    0.087 kHz), accepted     2487/  520001 events ( 0.48%)
TtoEM trigger inconsistency
Processed   530000/  692600 entries, 76.52% (elapsed time  6100.4s, curr speed    0.107 kHz, avg speed    0.087 kHz), accepted     2537/  530001 events ( 0.48%)
TtoEM trigger inconsistency
TtoEM trigger inconsistency
TtoEM trigger inconsistency
Processed   540000/  692600 entries, 77.97% (elapsed time  6192.4s, curr speed    0.109 kHz, avg speed    0.087 kHz), accepted     2585/  540001 events ( 0.48%)
TtoEM trigger inconsistency
TtoEM trigger inconsistency
TtoEM trigger inconsistency
TtoEM trigger inconsistency
Processed   550000/  692600 entries, 79.41% (elapsed time  6286.3s, curr speed    0.107 kHz, avg speed    0.087 kHz), accepted     2630/  550001 events ( 0.48%)
TtoEM trigger inconsistency
TtoEM trigger inconsistency
TtoEM trigger inconsistency
TtoEM trigger inconsistency
Processed   560000/  692600 entries, 80.85% (elapsed time  6379.1s, curr speed    0.108 kHz, avg speed    0.088 kHz), accepted     2680/  560001 events ( 0.48%)
TtoEM trigger inconsistency
TtoEM trigger inconsistency
TtoEM trigger inconsistency
Processed   570000/  692600 entries, 82.30% (elapsed time  6472.7s, curr speed    0.107 kHz, avg speed    0.088 kHz), accepted     2738/  570001 events ( 0.48%)
TtoEM trigger inconsistency
TtoEM trigger inconsistency
TtoEM trigger inconsistency
TtoEM trigger inconsistency
Processed   580000/  692600 entries, 83.74% (elapsed time  6566.3s, curr speed    0.107 kHz, avg speed    0.088 kHz), accepted     2779/  580001 events ( 0.48%)
TtoEM trigger inconsistency
TtoEM trigger inconsistency
Bad event
Processed   590000/  692600 entries, 85.19% (elapsed time  6658.9s, curr speed    0.108 kHz, avg speed    0.089 kHz), accepted     2840/  590001 events ( 0.48%)
TtoEM trigger inconsistency
TtoEM trigger inconsistency
TtoEM trigger inconsistency
Processed   600000/  692600 entries, 86.63% (elapsed time  6753.6s, curr speed    0.106 kHz, avg speed    0.089 kHz), accepted     2887/  600001 events ( 0.48%)
TtoEM trigger inconsistency
TtoEM trigger inconsistency
TtoEM trigger inconsistency
TtoEM trigger inconsistency
TtoEM trigger inconsistency
Processed   610000/  692600 entries, 88.07% (elapsed time  6846.2s, curr speed    0.108 kHz, avg speed    0.089 kHz), accepted     2946/  610001 events ( 0.48%)
TtoEM trigger inconsistency
Processed   620000/  692600 entries, 89.52% (elapsed time  6938.5s, curr speed    0.108 kHz, avg speed    0.089 kHz), accepted     2989/  620001 events ( 0.48%)
TtoEM trigger inconsistency
TtoEM trigger inconsistency
Processed   630000/  692600 entries, 90.96% (elapsed time  7032.6s, curr speed    0.106 kHz, avg speed    0.090 kHz), accepted     3049/  630001 events ( 0.48%)
TtoEM trigger inconsistency
TtoEM trigger inconsistency
TtoEM trigger inconsistency
TtoEM trigger inconsistency
TtoEM trigger inconsistency
TtoEM trigger inconsistency
TtoEM trigger inconsistency
Processed   640000/  692600 entries, 92.41% (elapsed time  7125.2s, curr speed    0.108 kHz, avg speed    0.090 kHz), accepted     3097/  640001 events ( 0.48%)
TtoEM trigger inconsistency
TtoEM trigger inconsistency
TtoEM trigger inconsistency
TtoEM trigger inconsistency
Processed   650000/  692600 entries, 93.85% (elapsed time  7219.2s, curr speed    0.106 kHz, avg speed    0.090 kHz), accepted     3150/  650001 events ( 0.48%)
TtoEM trigger inconsistency
TtoEM trigger inconsistency
TtoEM trigger inconsistency
TtoEM trigger inconsistency
Processed   660000/  692600 entries, 95.29% (elapsed time  7311.0s, curr speed    0.109 kHz, avg speed    0.090 kHz), accepted     3203/  660001 events ( 0.49%)
TtoEM trigger inconsistency
Processed   670000/  692600 entries, 96.74% (elapsed time  7404.4s, curr speed    0.107 kHz, avg speed    0.090 kHz), accepted     3256/  670001 events ( 0.49%)
TtoEM trigger inconsistency
TtoEM trigger inconsistency
TtoEM trigger inconsistency
Processed   680000/  692600 entries, 98.18% (elapsed time  7498.7s, curr speed    0.106 kHz, avg speed    0.091 kHz), accepted     3293/  680001 events ( 0.48%)
TtoEM trigger inconsistency
Processed   690000/  692600 entries, 99.62% (elapsed time  7591.0s, curr speed    0.108 kHz, avg speed    0.091 kHz), accepted     3345/  690001 events ( 0.48%)
Processed 692600 preselected entries from root://cms-xrd-global.cern.ch//store/mc/RunIIAutumn18NanoAODv6/WWTo2L2Nu_NNPDF31_TuneCP5_13TeV-powheg-pythia8/NANOAODSIM/Nano25Oct2019_102X_upgrade2018_realistic_v20-v1/40000/956B32F1-2ADC-6C43-AFEE-189E975A4CA2.root (692600 entries). Finally selected 3358 entries
Done /work/pbaertsc/heavy_resonance/output_2018/WWTo2L2Nu_NNPDF31_TuneCP5_13TeV-powheg-pythia8__RunIIAutumn18NanoAODv6-Nano25Oct2019_102X_upgrade2018_realistic_v20-v1__NANOAODSIM/956B32F1-2ADC-6C43-AFEE-189E975A4CA2.root
90.8363607749 Hz
deleting root file with name: /work/pbaertsc/heavy_resonance/output_2018/WWTo2L2Nu_NNPDF31_TuneCP5_13TeV-powheg-pythia8__RunIIAutumn18NanoAODv6-Nano25Oct2019_102X_upgrade2018_realistic_v20-v1__NANOAODSIM/956B32F1-2ADC-6C43-AFEE-189E975A4CA2.root
DONE
Complete at
Sat Feb  1 17:26:29 CET 2020
