job start at
Mon Jan 27 16:00:35 CET 2020
SLURM_JOB_ID: 405438
HOSTNAME: t3wn45
JOBLIST:joblist/joblist_ZprimeToZHToZinvHall_narrow_M-8000_TuneCP5_13TeV-madgraph-pythia8__RunIISummer16NanoAODv6-PUMoriond17_Nano25Oct2019_102X_mcRun2_asymptotic_v7-v1__NANOAODSIM_ll.txt
Going to execute
python job.py -i root://cms-xrd-global.cern.ch//store/mc/RunIISummer16NanoAODv6/ZprimeToZHToZinvHall_narrow_M-8000_TuneCP5_13TeV-madgraph-pythia8/NANOAODSIM/PUMoriond17_Nano25Oct2019_102X_mcRun2_asymptotic_v7-v1/260000/E4A21E62-778D-3043-8386-8DFD6ACB09AC.root -o /work/pbaertsc/heavy_resonance/output_2016/ZprimeToZHToZinvHall_narrow_M-8000_TuneCP5_13TeV-madgraph-pythia8__RunIISummer16NanoAODv6-PUMoriond17_Nano25Oct2019_102X_mcRun2_asymptotic_v7-v1__NANOAODSIM -N ZprimeToZHToZinvHall_narrow_M-8000_TuneCP5_13TeV-madgraph-pythia8__RunIISummer16NanoAODv6-PUMoriond17_Nano25Oct2019_102X_mcRun2_asymptotic_v7-v1__NANOAODSIM -n 3 -c ll -y 2016
TClass::Init:0: RuntimeWarning: no dictionary for class ROOT::TIOFeatures is available
/work/pbaertsc/heavy_resonance/CMSSW_9_4_6/python/PhysicsTools/NanoAODTools/postprocessing/framework/treeReaderArrayTools.py:69: RuntimeWarning: creating executor for unknown type "ULong64_t*"
  ret = _vr.Get()[0]
JEC= Summer16_07Aug2017_V11_MC 	 JER= Summer16_25nsV1_MC
--------------------------------------------------------------------------------
input files  = ['root://cms-xrd-global.cern.ch//store/mc/RunIISummer16NanoAODv6/ZprimeToZHToZinvHall_narrow_M-8000_TuneCP5_13TeV-madgraph-pythia8/NANOAODSIM/PUMoriond17_Nano25Oct2019_102X_mcRun2_asymptotic_v7-v1/260000/E4A21E62-778D-3043-8386-8DFD6ACB09AC.root']
output directory = /work/pbaertsc/heavy_resonance/output_2016/ZprimeToZHToZinvHall_narrow_M-8000_TuneCP5_13TeV-madgraph-pythia8__RunIISummer16NanoAODv6-PUMoriond17_Nano25Oct2019_102X_mcRun2_asymptotic_v7-v1__NANOAODSIM
output file  = ZprimeToZHToZinvHall_narrow_M-8000_TuneCP5_13TeV-madgraph-pythia8__RunIISummer16NanoAODv6-PUMoriond17_Nano25Oct2019_102X_mcRun2_asymptotic_v7-v1__NANOAODSIM_3_ll.root
chunck       = 3
channel      = ll
dataType     = mc
year         = 2016
tes          = 1.0
ltf          = 1.0
jtf          = 1.0
--------------------------------------------------------------------------------
job.py: creating PostProcessor...
TreeProducer is called /work/pbaertsc/heavy_resonance/output_2016/ZprimeToZHToZinvHall_narrow_M-8000_TuneCP5_13TeV-madgraph-pythia8__RunIISummer16NanoAODv6-PUMoriond17_Nano25Oct2019_102X_mcRun2_asymptotic_v7-v1__NANOAODSIM/ZprimeToZHToZinvHall_narrow_M-8000_TuneCP5_13TeV-madgraph-pythia8__RunIISummer16NanoAODv6-PUMoriond17_Nano25Oct2019_102X_mcRun2_asymptotic_v7-v1__NANOAODSIM_3_ll.root
job.py: going to run PostProcessor...
Will write selected trees to /work/pbaertsc/heavy_resonance/output_2016/ZprimeToZHToZinvHall_narrow_M-8000_TuneCP5_13TeV-madgraph-pythia8__RunIISummer16NanoAODv6-PUMoriond17_Nano25Oct2019_102X_mcRun2_asymptotic_v7-v1__NANOAODSIM
Loading jet energy scale (JES) uncertainties from file '/tmp/tmp6HbSzX/Summer16_07Aug2017_V11_MC_Uncertainty_AK8PFPuppi.txt'
Loading jet energy resolutions (JER) from file '/tmp/tmpVDBKLF/Summer16_25nsV1_MC_PtResolution_AK8PFPuppi.txt'
Loading JER scale factors and uncertainties from file '/tmp/tmpVDBKLF/Summer16_25nsV1_MC_SF_AK8PFPuppi.txt'
Pre-select 52000 entries out of 52000 (100.00%)
WARNING: jet m = -451.4 !!
WARNING: jet m = -451.4 !!
Bad event
Bad event
Bad event
Bad event
WARNING: jet m = -1.7 !!
WARNING: jet m = -1.7 !!
Bad event
Bad event
Bad event
Bad event
Bad event
Bad event
Bad event
Bad event
Bad event
Bad event
Bad event
Bad event
Bad event
Bad event
Bad event
WARNING: jet m = -33.4 !!
WARNING: jet m = -33.4 !!
Bad event
Bad event
Bad event
Bad event
Bad event
Bad event
Bad event
Bad event
Bad event
Bad event
Bad event
Bad event
Bad event
TtoEM trigger inconsistency
Bad event
Bad event
Bad event
WARNING: jet m = -31.3 !!
WARNING: jet m = -31.3 !!
Bad event
WARNING: jet m = -28.1 !!
WARNING: jet m = -28.1 !!
Bad event
Bad event
Bad event
Bad event
Bad event
Bad event
WARNING: jet m = -18.0 !!
WARNING: jet m = -18.0 !!
Bad event
Bad event
Bad event
Bad event
Bad event
Bad event
WARNING: jet m = -8.0 !!
WARNING: jet m = -8.0 !!
Bad event
Bad event
Bad event
Bad event
Bad event
Bad event
Bad event
Bad event
TtoEM trigger inconsistency
Bad event
Bad event
Bad event
Bad event
Bad event
Bad event
Bad event
Bad event
Bad event
Bad event
Bad event
Bad event
Bad event
Bad event
Bad event
Bad event
TtoEM trigger inconsistency
Bad event
Bad event
Bad event
Bad event
Bad event
TtoEM trigger inconsistency
Bad event
Bad event
Bad event
Bad event
Bad event
Bad event
Bad event
Bad event
Bad event
Bad event
Bad event
Bad event
Bad event
Bad event
Bad event
WARNING: jet m = -1466.8 !!
WARNING: jet m = -1466.8 !!
Bad event
Bad event
Bad event
TtoEM trigger inconsistency
Bad event
Bad event
Bad event
Bad event
Bad event
Bad event
Bad event
WARNING: jet m = -44.9 !!
WARNING: jet m = -44.9 !!
Bad event
Bad event
Bad event
Bad event
WARNING: jet m = -6207.8 !!
WARNING: jet m = -6207.8 !!
Bad event
Bad event
Bad event
Bad event
Bad event
Bad event
Bad event
Bad event
Bad event
TtoEM trigger inconsistency
Bad event
Bad event
Bad event
WARNING: jet m = -11.5 !!
WARNING: jet m = -11.5 !!
Bad event
Bad event
Bad event
Bad event
Bad event
TtoEM trigger inconsistency
WARNING: jet m = -26.1 !!
WARNING: jet m = -26.1 !!
Bad event
Bad event
Bad event
WARNING: jet m = -49.1 !!
WARNING: jet m = -49.1 !!
Bad event
Bad event
Bad event
Bad event
Bad event
Bad event
Bad event
Bad event
Bad event
Bad event
WARNING: jet m = -40.9 !!
WARNING: jet m = -40.9 !!
Bad event
Bad event
Bad event
Bad event
Bad event
Bad event
Bad event
Bad event
Bad event
Bad event
Bad event
Bad event
Bad event
Bad event
Bad event
WARNING: jet m = -9.6 !!
WARNING: jet m = -9.6 !!
Bad event
Bad event
Bad event
Bad event
Bad event
Bad event
Bad event
Bad event
WARNING: jet m = -28.8 !!
WARNING: jet m = -28.8 !!
Bad event
Bad event
Bad event
Bad event
Bad event
Bad event
Bad event
Bad event
Bad event
WARNING: jet m = -15.4 !!
WARNING: jet m = -15.4 !!
Bad event
Bad event
Bad event
Processed    10000/   52000 entries, 19.23% (elapsed time   160.1s, curr speed    0.062 kHz, avg speed    0.062 kHz), accepted     9578/   10001 events (95.77%)
Bad event
ZtoMM trigger inconsistency
Bad event
Bad event
Bad event
Bad event
Bad event
Bad event
Bad event
TtoEM trigger inconsistency
Bad event
Bad event
Bad event
Bad event
WARNING: jet m = -26.6 !!
WARNING: jet m = -26.6 !!
Bad event
Bad event
Bad event
Bad event
Bad event
Bad event
Bad event
Bad event
Bad event
WARNING: jet m = -10.7 !!
WARNING: jet m = -10.7 !!
Bad event
Bad event
Bad event
Bad event
Bad event
Bad event
Bad event
Bad event
Bad event
Bad event
Bad event
Bad event
Bad event
Bad event
Bad event
Bad event
Bad event
Bad event
Bad event
Bad event
Bad event
Bad event
Bad event
Bad event
Bad event
Bad event
Bad event
Bad event
Bad event
Bad event
Bad event
Bad event
Bad event
Bad event
Bad event
Bad event
Bad event
Bad event
Bad event
Bad event
Bad event
Bad event
Bad event
Bad event
Bad event
Bad event
Bad event
Bad event
Bad event
Bad event
Bad event
Bad event
Bad event
Bad event
Bad event
Bad event
Bad event
Bad event
Bad event
Bad event
Bad event
Bad event
TtoEM trigger inconsistency
Bad event
Bad event
Bad event
Bad event
WARNING: jet m = -1514.3 !!
WARNING: jet m = -1514.3 !!
Bad event
Bad event
Bad event
Bad event
Bad event
Bad event
WARNING: jet m = -236.9 !!
WARNING: jet m = -236.9 !!
Bad event
ZtoMM trigger inconsistency
Bad event
Bad event
Bad event
Bad event
Bad event
Bad event
Bad event
Bad event
Bad event
Bad event
Bad event
Bad event
WARNING: jet m = -165.8 !!
WARNING: jet m = -165.8 !!
Bad event
Bad event
Bad event
TtoEM trigger inconsistency
Bad event
Bad event
Bad event
Bad event
Bad event
Bad event
Bad event
Bad event
Bad event
WARNING: jet m = -12.4 !!
WARNING: jet m = -12.4 !!
Bad event
WARNING: jet m = 0.0 !!
WARNING: jet m = 0.0 !!
Bad event
TtoEM trigger inconsistency
Bad event
Bad event
Bad event
WARNING: jet m = -15.7 !!
WARNING: jet m = -15.7 !!
ZtoMM trigger inconsistency
Bad event
Bad event
Bad event
Bad event
Bad event
Bad event
Bad event
Bad event
Bad event
Bad event
Bad event
Bad event
Bad event
Bad event
TtoEM trigger inconsistency
Bad event
Bad event
Bad event
Bad event
Bad event
Bad event
Bad event
Bad event
Bad event
Bad event
WARNING: jet m = -1535.4 !!
WARNING: jet m = -1535.4 !!
Bad event
Bad event
Bad event
Bad event
Bad event
Bad event
WARNING: jet m = -10.3 !!
WARNING: jet m = -10.3 !!
Bad event
TtoEM trigger inconsistency
Bad event
Bad event
Bad event
Bad event
Bad event
Bad event
Bad event
Bad event
Bad event
Bad event
Bad event
Bad event
Bad event
Bad event
Processed    20000/   52000 entries, 38.46% (elapsed time   322.6s, curr speed    0.062 kHz, avg speed    0.062 kHz), accepted    19119/   20001 events (95.59%)
Bad event
Bad event
Bad event
Bad event
Bad event
Bad event
Bad event
Bad event
WARNING: jet m = -667.5 !!
WARNING: jet m = -667.5 !!
Bad event
Bad event
Bad event
Bad event
Bad event
Bad event
Bad event
Bad event
Bad event
WARNING: jet m = -3793.0 !!
WARNING: jet m = -3793.0 !!
Bad event
WARNING: jet m = -0.7 !!
WARNING: jet m = -0.7 !!
Bad event
WARNING: jet m = -18.1 !!
WARNING: jet m = -18.1 !!
Bad event
Bad event
WARNING: jet m = -32.3 !!
WARNING: jet m = -32.3 !!
Bad event
WARNING: jet m = -3.9 !!
WARNING: jet m = -3.9 !!
Bad event
Bad event
Bad event
TtoEM trigger inconsistency
Bad event
TtoEM trigger inconsistency
Bad event
Bad event
Bad event
Bad event
Bad event
Bad event
Bad event
Bad event
Bad event
Bad event
Bad event
WARNING: jet m = -2.2 !!
WARNING: jet m = -2.2 !!
Bad event
Bad event
Bad event
Bad event
Bad event
Bad event
Bad event
Bad event
Bad event
Bad event
Bad event
TtoEM trigger inconsistency
Bad event
Bad event
Bad event
Bad event
Bad event
Bad event
Bad event
Bad event
Bad event
Bad event
Bad event
Bad event
Bad event
Bad event
Bad event
Bad event
Bad event
Bad event
Bad event
Bad event
Bad event
WARNING: jet m = -21.3 !!
WARNING: jet m = -21.3 !!
Bad event
Bad event
WARNING: jet m = -3019.5 !!
WARNING: jet m = -3019.5 !!
Bad event
Bad event
WARNING: jet m = -0.6 !!
WARNING: jet m = -0.6 !!
Bad event
Bad event
Bad event
Bad event
Bad event
Bad event
Bad event
Bad event
Bad event
Bad event
Bad event
Bad event
Bad event
Bad event
Bad event
Bad event
Bad event
Bad event
Bad event
Bad event
Bad event
Bad event
Bad event
Bad event
Bad event
TtoEM trigger inconsistency
Bad event
Bad event
Bad event
Bad event
Bad event
Bad event
Bad event
TtoEM trigger inconsistency
Bad event
Bad event
Bad event
Bad event
ZtoMM trigger inconsistency
Bad event
Bad event
Bad event
Bad event
Bad event
Bad event
Bad event
Bad event
Bad event
Bad event
Bad event
WARNING: jet m = -210.2 !!
WARNING: jet m = -210.2 !!
Bad event
Bad event
TtoEM trigger inconsistency
WARNING: jet m = -16.0 !!
WARNING: jet m = -16.0 !!
Bad event
Bad event
Bad event
Bad event
Bad event
Bad event
Bad event
Bad event
Bad event
Bad event
Bad event
TtoEM trigger inconsistency
Bad event
Bad event
Bad event
Bad event
Bad event
Bad event
Bad event
Bad event
Bad event
Bad event
Bad event
Bad event
Bad event
Bad event
Bad event
Bad event
Bad event
Bad event
Bad event
Bad event
Bad event
Bad event
Bad event
Bad event
Bad event
Bad event
Bad event
Bad event
Bad event
Bad event
Bad event
Bad event
Bad event
Bad event
Bad event
Bad event
Bad event
Bad event
Bad event
Bad event
Bad event
Bad event
Bad event
Bad event
Bad event
WARNING: jet m = -414.1 !!
WARNING: jet m = -414.1 !!
Bad event
Bad event
Bad event
Bad event
Bad event
Bad event
Bad event
Bad event
Bad event
Bad event
Processed    30000/   52000 entries, 57.69% (elapsed time   483.9s, curr speed    0.062 kHz, avg speed    0.062 kHz), accepted    28644/   30001 events (95.48%)
TtoEM trigger inconsistency
Bad event
Bad event
Bad event
ZtoMM trigger inconsistency
Bad event
TtoEM trigger inconsistency
Bad event
Bad event
Bad event
Bad event
Bad event
Bad event
Bad event
Bad event
Bad event
Bad event
Bad event
Bad event
Bad event
Bad event
Bad event
WARNING: jet m = -45.9 !!
WARNING: jet m = -45.9 !!
Bad event
Bad event
Bad event
Bad event
Bad event
Bad event
Bad event
Bad event
Bad event
Bad event
Bad event
Bad event
Bad event
Bad event
Bad event
Bad event
Bad event
Bad event
Bad event
Bad event
Bad event
Bad event
Bad event
Bad event
Bad event
Bad event
TtoEM trigger inconsistency
WARNING: jet m = -25.7 !!
WARNING: jet m = -25.7 !!
Bad event
WARNING: jet m = -7.4 !!
WARNING: jet m = -7.4 !!
TtoEM trigger inconsistency
Bad event
Bad event
Bad event
Bad event
Bad event
WARNING: jet m = -75.4 !!
WARNING: jet m = -75.4 !!
Bad event
Bad event
Bad event
Bad event
Bad event
WARNING: jet m = -1.3 !!
WARNING: jet m = -1.3 !!
Bad event
Bad event
Bad event
Bad event
Bad event
Bad event
WARNING: jet m = -9.4 !!
WARNING: jet m = -9.4 !!
Bad event
Bad event
Bad event
Bad event
Bad event
Bad event
Bad event
Bad event
Bad event
Bad event
Bad event
Bad event
Bad event
Bad event
Bad event
Bad event
Bad event
Bad event
WARNING: jet m = -1.6 !!
WARNING: jet m = -1.6 !!
Bad event
Bad event
Bad event
TtoEM trigger inconsistency
Bad event
Bad event
TtoEM trigger inconsistency
WARNING: jet m = -24.7 !!
WARNING: jet m = -24.7 !!
Bad event
Bad event
Bad event
Bad event
Bad event
Bad event
Bad event
WARNING: jet m = -2022.9 !!
WARNING: jet m = -2022.9 !!
Bad event
Bad event
Bad event
Bad event
Bad event
TtoEM trigger inconsistency
Bad event
WARNING: jet m = -27.3 !!
WARNING: jet m = -27.3 !!
Bad event
Bad event
Bad event
WARNING: jet m = -5.5 !!
WARNING: jet m = -5.5 !!
Bad event
Bad event
Bad event
Bad event
WARNING: jet m = -83.4 !!
WARNING: jet m = -83.4 !!
Bad event
Bad event
Bad event
Bad event
ZtoMM trigger inconsistency
Bad event
Bad event
Bad event
Bad event
Bad event
Bad event
Bad event
Bad event
Bad event
Bad event
WARNING: jet m = -2578.0 !!
WARNING: jet m = -2578.0 !!
Bad event
Bad event
Bad event
Bad event
Bad event
Bad event
WARNING: jet m = -3405.8 !!
WARNING: jet m = -3405.8 !!
Bad event
Bad event
Bad event
Bad event
Bad event
Bad event
Bad event
Bad event
Bad event
Bad event
Bad event
Bad event
Bad event
Bad event
Bad event
Bad event
Bad event
Bad event
Bad event
Bad event
Bad event
Bad event
Bad event
Bad event
Bad event
Bad event
Bad event
Bad event
Bad event
Bad event
Bad event
WARNING: jet m = -77.2 !!
WARNING: jet m = -77.2 !!
Bad event
Bad event
Bad event
Bad event
Bad event
Bad event
Bad event
Bad event
Bad event
Bad event
Bad event
Bad event
Bad event
Bad event
Processed    40000/   52000 entries, 76.92% (elapsed time   643.4s, curr speed    0.063 kHz, avg speed    0.062 kHz), accepted    38186/   40001 events (95.46%)
Bad event
Bad event
Bad event
Bad event
Bad event
WARNING: jet m = -430.1 !!
WARNING: jet m = -430.1 !!
Bad event
Bad event
Bad event
Bad event
Bad event
TtoEM trigger inconsistency
Bad event
WARNING: jet m = -4.4 !!
WARNING: jet m = -4.4 !!
WARNING: jet m = -1.6 !!
WARNING: jet m = -1.6 !!
Bad event
Bad event
Bad event
Bad event
WARNING: jet m = -95.6 !!
WARNING: jet m = -95.6 !!
Bad event
ZtoMM trigger inconsistency
Bad event
Bad event
Bad event
Bad event
Bad event
Bad event
Bad event
Bad event
Bad event
Bad event
Bad event
Bad event
TtoEM trigger inconsistency
Bad event
Bad event
ZtoMM trigger inconsistency
Bad event
Bad event
Bad event
Bad event
Bad event
Bad event
Bad event
Bad event
Bad event
Bad event
Bad event
Bad event
Bad event
Bad event
Bad event
Bad event
Bad event
Bad event
WARNING: jet m = -36.9 !!
WARNING: jet m = -36.9 !!
Bad event
Bad event
Bad event
Bad event
Bad event
Bad event
Bad event
Bad event
Bad event
Bad event
Bad event
WARNING: jet m = -73.5 !!
WARNING: jet m = -73.5 !!
Bad event
Bad event
Bad event
Bad event
Bad event
Bad event
Bad event
Bad event
Bad event
Bad event
Bad event
TtoEM trigger inconsistency
Bad event
Bad event
Bad event
Bad event
Bad event
Bad event
WARNING: jet m = -58.7 !!
WARNING: jet m = -58.7 !!
Bad event
Bad event
Bad event
Bad event
Bad event
Bad event
Bad event
Bad event
Bad event
Bad event
Bad event
WARNING: jet m = 0.0 !!
WARNING: jet m = 0.0 !!
WARNING: jet m = -68.6 !!
WARNING: jet m = -68.6 !!
Bad event
Bad event
Bad event
Bad event
Bad event
Bad event
Bad event
Bad event
Bad event
Bad event
Bad event
Bad event
Bad event
Bad event
Bad event
Bad event
Bad event
Bad event
Bad event
Bad event
Bad event
Bad event
Bad event
Bad event
Bad event
Bad event
Bad event
Bad event
Bad event
Bad event
Bad event
Bad event
WARNING: jet m = -103.8 !!
WARNING: jet m = -103.8 !!
Bad event
Bad event
TtoEM trigger inconsistency
Bad event
Bad event
Bad event
Bad event
Bad event
Bad event
Bad event
Bad event
Bad event
Bad event
Bad event
Bad event
Bad event
Bad event
Bad event
Bad event
Bad event
Bad event
Bad event
Bad event
Bad event
Bad event
Bad event
Bad event
Bad event
Bad event
WARNING: jet m = -8.8 !!
WARNING: jet m = -8.8 !!
Bad event
Bad event
Bad event
Bad event
Bad event
Bad event
Bad event
TtoEM trigger inconsistency
Bad event
Bad event
Bad event
Bad event
WARNING: jet m = -149.2 !!
WARNING: jet m = -149.2 !!
Bad event
Bad event
Bad event
Bad event
Bad event
Bad event
Bad event
Bad event
Bad event
Bad event
Bad event
Bad event
Bad event
Bad event
Bad event
Bad event
Bad event
Bad event
Bad event
Bad event
WARNING: jet m = -154.1 !!
WARNING: jet m = -154.1 !!
Bad event
Bad event
Bad event
WARNING: jet m = -92.7 !!
WARNING: jet m = -92.7 !!
Bad event
Bad event
Bad event
Bad event
Bad event
WARNING: jet m = -137.4 !!
WARNING: jet m = -137.4 !!
Bad event
Bad event
Bad event
Bad event
Bad event
Bad event
Bad event
Bad event
Processed    50000/   52000 entries, 96.15% (elapsed time   807.0s, curr speed    0.061 kHz, avg speed    0.062 kHz), accepted    47695/   50001 events (95.39%)
Bad event
Bad event
Bad event
WARNING: jet m = -50.9 !!
WARNING: jet m = -50.9 !!
Bad event
Bad event
Bad event
Bad event
WARNING: jet m = -9.4 !!
WARNING: jet m = -9.4 !!
Bad event
Bad event
TtoEM trigger inconsistency
Bad event
Bad event
Bad event
Bad event
Bad event
Bad event
Bad event
Bad event
Bad event
Bad event
Bad event
Bad event
WARNING: jet m = -1461.1 !!
WARNING: jet m = -1461.1 !!
Bad event
Bad event
Bad event
Bad event
Bad event
Bad event
Bad event
Bad event
Processed 52000 preselected entries from root://cms-xrd-global.cern.ch//store/mc/RunIISummer16NanoAODv6/ZprimeToZHToZinvHall_narrow_M-8000_TuneCP5_13TeV-madgraph-pythia8/NANOAODSIM/PUMoriond17_Nano25Oct2019_102X_mcRun2_asymptotic_v7-v1/260000/E4A21E62-778D-3043-8386-8DFD6ACB09AC.root (52000 entries). Finally selected 49628 entries
Done /work/pbaertsc/heavy_resonance/output_2016/ZprimeToZHToZinvHall_narrow_M-8000_TuneCP5_13TeV-madgraph-pythia8__RunIISummer16NanoAODv6-PUMoriond17_Nano25Oct2019_102X_mcRun2_asymptotic_v7-v1__NANOAODSIM/E4A21E62-778D-3043-8386-8DFD6ACB09AC.root
61.4628149969 Hz
deleting root file with name: /work/pbaertsc/heavy_resonance/output_2016/ZprimeToZHToZinvHall_narrow_M-8000_TuneCP5_13TeV-madgraph-pythia8__RunIISummer16NanoAODv6-PUMoriond17_Nano25Oct2019_102X_mcRun2_asymptotic_v7-v1__NANOAODSIM/E4A21E62-778D-3043-8386-8DFD6ACB09AC.root
DONE
Complete at
Mon Jan 27 16:32:18 CET 2020
