job start at
Thu Jan 30 19:52:18 CET 2020
SLURM_JOB_ID: 440038
HOSTNAME: t3wn58
JOBLIST:joblist/joblist_ZZTo4L_13TeV_powheg_pythia8_ext1__RunIISummer16NanoAODv6-PUMoriond17_Nano25Oct2019_102X_mcRun2_asymptotic_v7-v1__NANOAODSIM_ll.txt
Going to execute
python job.py -i root://cms-xrd-global.cern.ch//store/mc/RunIISummer16NanoAODv6/ZZTo4L_13TeV_powheg_pythia8_ext1/NANOAODSIM/PUMoriond17_Nano25Oct2019_102X_mcRun2_asymptotic_v7-v1/70000/AB5F23B7-C2BB-F840-91B4-B9B71FB7ED8B.root -o /work/pbaertsc/heavy_resonance/output_2016/ZZTo4L_13TeV_powheg_pythia8_ext1__RunIISummer16NanoAODv6-PUMoriond17_Nano25Oct2019_102X_mcRun2_asymptotic_v7-v1__NANOAODSIM -N ZZTo4L_13TeV_powheg_pythia8_ext1__RunIISummer16NanoAODv6-PUMoriond17_Nano25Oct2019_102X_mcRun2_asymptotic_v7-v1__NANOAODSIM -n 38 -c ll -y 2016
TClass::Init:0: RuntimeWarning: no dictionary for class ROOT::TIOFeatures is available
/work/pbaertsc/heavy_resonance/CMSSW_9_4_6/python/PhysicsTools/NanoAODTools/postprocessing/framework/treeReaderArrayTools.py:69: RuntimeWarning: creating executor for unknown type "ULong64_t*"
  ret = _vr.Get()[0]
JEC= Summer16_07Aug2017_V11_MC 	 JER= Summer16_25nsV1_MC
MET branch= PuppiMET
JEC= Summer16_07Aug2017_V11_MC 	 JER= Summer16_25nsV1_MC
MET branch= PuppiMET
--------------------------------------------------------------------------------
input files  = ['root://cms-xrd-global.cern.ch//store/mc/RunIISummer16NanoAODv6/ZZTo4L_13TeV_powheg_pythia8_ext1/NANOAODSIM/PUMoriond17_Nano25Oct2019_102X_mcRun2_asymptotic_v7-v1/70000/AB5F23B7-C2BB-F840-91B4-B9B71FB7ED8B.root']
output directory = /work/pbaertsc/heavy_resonance/output_2016/ZZTo4L_13TeV_powheg_pythia8_ext1__RunIISummer16NanoAODv6-PUMoriond17_Nano25Oct2019_102X_mcRun2_asymptotic_v7-v1__NANOAODSIM
output file  = ZZTo4L_13TeV_powheg_pythia8_ext1__RunIISummer16NanoAODv6-PUMoriond17_Nano25Oct2019_102X_mcRun2_asymptotic_v7-v1__NANOAODSIM_38_ll.root
chunck       = 38
channel      = ll
dataType     = mc
year         = 2016
tes          = 1.0
ltf          = 1.0
jtf          = 1.0
--------------------------------------------------------------------------------
job.py: creating PostProcessor...
TreeProducer is called /work/pbaertsc/heavy_resonance/output_2016/ZZTo4L_13TeV_powheg_pythia8_ext1__RunIISummer16NanoAODv6-PUMoriond17_Nano25Oct2019_102X_mcRun2_asymptotic_v7-v1__NANOAODSIM/ZZTo4L_13TeV_powheg_pythia8_ext1__RunIISummer16NanoAODv6-PUMoriond17_Nano25Oct2019_102X_mcRun2_asymptotic_v7-v1__NANOAODSIM_38_ll.root
job.py: going to run PostProcessor...
Will write selected trees to /work/pbaertsc/heavy_resonance/output_2016/ZZTo4L_13TeV_powheg_pythia8_ext1__RunIISummer16NanoAODv6-PUMoriond17_Nano25Oct2019_102X_mcRun2_asymptotic_v7-v1__NANOAODSIM
Loading jet energy scale (JES) uncertainties from file '/tmp/tmp2spJDP/Summer16_07Aug2017_V11_MC_Uncertainty_AK4PFchs.txt'
Loading jet energy resolutions (JER) from file '/tmp/tmpYHkQqy/Summer16_25nsV1_MC_PtResolution_AK4PFchs.txt'
Loading JER scale factors and uncertainties from file '/tmp/tmpYHkQqy/Summer16_25nsV1_MC_SF_AK4PFchs.txt'
Loading jet energy scale (JES) uncertainties from file '/tmp/tmpsdp_Xf/Summer16_07Aug2017_V11_MC_Uncertainty_AK8PFPuppi.txt'
Loading jet energy resolutions (JER) from file '/tmp/tmpV_hh3o/Summer16_25nsV1_MC_PtResolution_AK8PFPuppi.txt'
Loading JER scale factors and uncertainties from file '/tmp/tmpV_hh3o/Summer16_25nsV1_MC_SF_AK8PFPuppi.txt'
Pre-select 1222687 entries out of 1222687 (100.00%)
nanoAODv5? True
Processed    10000/ 1222687 entries,  0.82% (elapsed time   148.9s, curr speed    0.067 kHz, avg speed    0.067 kHz), accepted       18/   10001 events ( 0.18%)
ZtoMM trigger inconsistency
Processed    20000/ 1222687 entries,  1.64% (elapsed time   304.2s, curr speed    0.064 kHz, avg speed    0.066 kHz), accepted       31/   20001 events ( 0.15%)
ZtoMM trigger inconsistency
Processed    30000/ 1222687 entries,  2.45% (elapsed time   462.4s, curr speed    0.063 kHz, avg speed    0.065 kHz), accepted       43/   30001 events ( 0.14%)
ZtoMM trigger inconsistency
Processed    40000/ 1222687 entries,  3.27% (elapsed time   596.8s, curr speed    0.074 kHz, avg speed    0.067 kHz), accepted       62/   40001 events ( 0.15%)
Processed    50000/ 1222687 entries,  4.09% (elapsed time   736.4s, curr speed    0.072 kHz, avg speed    0.068 kHz), accepted       69/   50001 events ( 0.14%)
Processed    60000/ 1222687 entries,  4.91% (elapsed time   871.1s, curr speed    0.074 kHz, avg speed    0.069 kHz), accepted       90/   60001 events ( 0.15%)
Processed    70000/ 1222687 entries,  5.73% (elapsed time  1014.7s, curr speed    0.070 kHz, avg speed    0.069 kHz), accepted      100/   70001 events ( 0.14%)
Processed    80000/ 1222687 entries,  6.54% (elapsed time  1156.3s, curr speed    0.071 kHz, avg speed    0.069 kHz), accepted      115/   80001 events ( 0.14%)
TtoEM trigger inconsistency
Processed    90000/ 1222687 entries,  7.36% (elapsed time  1300.4s, curr speed    0.069 kHz, avg speed    0.069 kHz), accepted      130/   90001 events ( 0.14%)
Processed   100000/ 1222687 entries,  8.18% (elapsed time  1444.3s, curr speed    0.070 kHz, avg speed    0.069 kHz), accepted      147/  100001 events ( 0.15%)
Processed   110000/ 1222687 entries,  9.00% (elapsed time  1588.9s, curr speed    0.069 kHz, avg speed    0.069 kHz), accepted      165/  110001 events ( 0.15%)
ZtoMM trigger inconsistency
Processed   120000/ 1222687 entries,  9.81% (elapsed time  1729.5s, curr speed    0.071 kHz, avg speed    0.069 kHz), accepted      176/  120001 events ( 0.15%)
Processed   130000/ 1222687 entries, 10.63% (elapsed time  1871.7s, curr speed    0.070 kHz, avg speed    0.069 kHz), accepted      193/  130001 events ( 0.15%)
Processed   140000/ 1222687 entries, 11.45% (elapsed time  2017.0s, curr speed    0.069 kHz, avg speed    0.069 kHz), accepted      208/  140001 events ( 0.15%)
Processed   150000/ 1222687 entries, 12.27% (elapsed time  2161.7s, curr speed    0.069 kHz, avg speed    0.069 kHz), accepted      227/  150001 events ( 0.15%)
Processed   160000/ 1222687 entries, 13.09% (elapsed time  2304.1s, curr speed    0.070 kHz, avg speed    0.069 kHz), accepted      235/  160001 events ( 0.15%)
Processed   170000/ 1222687 entries, 13.90% (elapsed time  2449.5s, curr speed    0.069 kHz, avg speed    0.069 kHz), accepted      249/  170001 events ( 0.15%)
Processed   180000/ 1222687 entries, 14.72% (elapsed time  2595.2s, curr speed    0.069 kHz, avg speed    0.069 kHz), accepted      264/  180001 events ( 0.15%)
Processed   190000/ 1222687 entries, 15.54% (elapsed time  2729.8s, curr speed    0.074 kHz, avg speed    0.070 kHz), accepted      284/  190001 events ( 0.15%)
TtoEM trigger inconsistency
Processed   200000/ 1222687 entries, 16.36% (elapsed time  2868.6s, curr speed    0.072 kHz, avg speed    0.070 kHz), accepted      301/  200001 events ( 0.15%)
Processed   210000/ 1222687 entries, 17.18% (elapsed time  3013.9s, curr speed    0.069 kHz, avg speed    0.070 kHz), accepted      313/  210001 events ( 0.15%)
Processed   220000/ 1222687 entries, 17.99% (elapsed time  3164.2s, curr speed    0.067 kHz, avg speed    0.070 kHz), accepted      332/  220001 events ( 0.15%)
TtoEM trigger inconsistency
TtoEM trigger inconsistency
TtoEM trigger inconsistency
Processed   230000/ 1222687 entries, 18.81% (elapsed time  3311.6s, curr speed    0.068 kHz, avg speed    0.069 kHz), accepted      347/  230001 events ( 0.15%)
ZtoMM trigger inconsistency
Processed   240000/ 1222687 entries, 19.63% (elapsed time  3457.3s, curr speed    0.069 kHz, avg speed    0.069 kHz), accepted      360/  240001 events ( 0.15%)
Processed   250000/ 1222687 entries, 20.45% (elapsed time  3599.4s, curr speed    0.070 kHz, avg speed    0.069 kHz), accepted      369/  250001 events ( 0.15%)
ZtoMM trigger inconsistency
TtoEM trigger inconsistency
Processed   260000/ 1222687 entries, 21.26% (elapsed time  3735.1s, curr speed    0.074 kHz, avg speed    0.070 kHz), accepted      386/  260001 events ( 0.15%)
TtoEM trigger inconsistency
Processed   270000/ 1222687 entries, 22.08% (elapsed time  3876.9s, curr speed    0.071 kHz, avg speed    0.070 kHz), accepted      401/  270001 events ( 0.15%)
TtoEM trigger inconsistency
Processed   280000/ 1222687 entries, 22.90% (elapsed time  4024.4s, curr speed    0.068 kHz, avg speed    0.070 kHz), accepted      418/  280001 events ( 0.15%)
ZtoMM trigger inconsistency
Processed   290000/ 1222687 entries, 23.72% (elapsed time  4172.2s, curr speed    0.068 kHz, avg speed    0.070 kHz), accepted      431/  290001 events ( 0.15%)
Processed   300000/ 1222687 entries, 24.54% (elapsed time  4319.6s, curr speed    0.068 kHz, avg speed    0.069 kHz), accepted      449/  300001 events ( 0.15%)
ZtoMM trigger inconsistency
Processed   310000/ 1222687 entries, 25.35% (elapsed time  4466.7s, curr speed    0.068 kHz, avg speed    0.069 kHz), accepted      460/  310001 events ( 0.15%)
TtoEM trigger inconsistency
Processed   320000/ 1222687 entries, 26.17% (elapsed time  4611.5s, curr speed    0.069 kHz, avg speed    0.069 kHz), accepted      471/  320001 events ( 0.15%)
ZtoMM trigger inconsistency
Processed   330000/ 1222687 entries, 26.99% (elapsed time  4745.8s, curr speed    0.074 kHz, avg speed    0.070 kHz), accepted      489/  330001 events ( 0.15%)
Processed   340000/ 1222687 entries, 27.81% (elapsed time  4890.4s, curr speed    0.069 kHz, avg speed    0.070 kHz), accepted      501/  340001 events ( 0.15%)
TtoEM trigger inconsistency
Processed   350000/ 1222687 entries, 28.63% (elapsed time  5038.5s, curr speed    0.068 kHz, avg speed    0.069 kHz), accepted      520/  350001 events ( 0.15%)
Processed   360000/ 1222687 entries, 29.44% (elapsed time  5186.8s, curr speed    0.067 kHz, avg speed    0.069 kHz), accepted      535/  360001 events ( 0.15%)
Processed   370000/ 1222687 entries, 30.26% (elapsed time  5340.9s, curr speed    0.065 kHz, avg speed    0.069 kHz), accepted      546/  370001 events ( 0.15%)
Processed   380000/ 1222687 entries, 31.08% (elapsed time  5487.9s, curr speed    0.068 kHz, avg speed    0.069 kHz), accepted      562/  380001 events ( 0.15%)
ZtoEE trigger inconsistency
Processed   390000/ 1222687 entries, 31.90% (elapsed time  5628.4s, curr speed    0.071 kHz, avg speed    0.069 kHz), accepted      576/  390001 events ( 0.15%)
ZtoMM trigger inconsistency
TtoEM trigger inconsistency
Processed   400000/ 1222687 entries, 32.71% (elapsed time  5773.9s, curr speed    0.069 kHz, avg speed    0.069 kHz), accepted      593/  400001 events ( 0.15%)
ZtoMM trigger inconsistency
Processed   410000/ 1222687 entries, 33.53% (elapsed time  5917.8s, curr speed    0.069 kHz, avg speed    0.069 kHz), accepted      610/  410001 events ( 0.15%)
Processed   420000/ 1222687 entries, 34.35% (elapsed time  6062.8s, curr speed    0.069 kHz, avg speed    0.069 kHz), accepted      620/  420001 events ( 0.15%)
ZtoMM trigger inconsistency
Processed   430000/ 1222687 entries, 35.17% (elapsed time  6209.5s, curr speed    0.068 kHz, avg speed    0.069 kHz), accepted      634/  430001 events ( 0.15%)
ZtoMM trigger inconsistency
Processed   440000/ 1222687 entries, 35.99% (elapsed time  6356.3s, curr speed    0.068 kHz, avg speed    0.069 kHz), accepted      654/  440001 events ( 0.15%)
TtoEM trigger inconsistency
Processed   450000/ 1222687 entries, 36.80% (elapsed time  6500.2s, curr speed    0.069 kHz, avg speed    0.069 kHz), accepted      663/  450001 events ( 0.15%)
TtoEM trigger inconsistency
Processed   460000/ 1222687 entries, 37.62% (elapsed time  6638.9s, curr speed    0.072 kHz, avg speed    0.069 kHz), accepted      672/  460001 events ( 0.15%)
Processed   470000/ 1222687 entries, 38.44% (elapsed time  6775.2s, curr speed    0.073 kHz, avg speed    0.069 kHz), accepted      685/  470001 events ( 0.15%)
ZtoMM trigger inconsistency
Processed   480000/ 1222687 entries, 39.26% (elapsed time  6929.0s, curr speed    0.065 kHz, avg speed    0.069 kHz), accepted      694/  480001 events ( 0.14%)
Processed   490000/ 1222687 entries, 40.08% (elapsed time  7091.8s, curr speed    0.061 kHz, avg speed    0.069 kHz), accepted      709/  490001 events ( 0.14%)
ZtoMM trigger inconsistency
ZtoMM trigger inconsistency
Processed   500000/ 1222687 entries, 40.89% (elapsed time  7257.1s, curr speed    0.060 kHz, avg speed    0.069 kHz), accepted      724/  500001 events ( 0.14%)
Processed   510000/ 1222687 entries, 41.71% (elapsed time  7426.4s, curr speed    0.059 kHz, avg speed    0.069 kHz), accepted      744/  510001 events ( 0.15%)
Processed   520000/ 1222687 entries, 42.53% (elapsed time  7593.5s, curr speed    0.060 kHz, avg speed    0.068 kHz), accepted      757/  520001 events ( 0.15%)
Processed   530000/ 1222687 entries, 43.35% (elapsed time  7759.3s, curr speed    0.060 kHz, avg speed    0.068 kHz), accepted      768/  530001 events ( 0.14%)
ZtoMM trigger inconsistency
Processed   540000/ 1222687 entries, 44.17% (elapsed time  7922.3s, curr speed    0.061 kHz, avg speed    0.068 kHz), accepted      784/  540001 events ( 0.15%)
ZtoMM trigger inconsistency
Processed   550000/ 1222687 entries, 44.98% (elapsed time  8084.0s, curr speed    0.062 kHz, avg speed    0.068 kHz), accepted      795/  550001 events ( 0.14%)
ZtoMM trigger inconsistency
Processed   560000/ 1222687 entries, 45.80% (elapsed time  8249.6s, curr speed    0.060 kHz, avg speed    0.068 kHz), accepted      808/  560001 events ( 0.14%)
Processed   570000/ 1222687 entries, 46.62% (elapsed time  8419.4s, curr speed    0.059 kHz, avg speed    0.068 kHz), accepted      824/  570001 events ( 0.14%)
Processed   580000/ 1222687 entries, 47.44% (elapsed time  8588.0s, curr speed    0.059 kHz, avg speed    0.068 kHz), accepted      841/  580001 events ( 0.14%)
Processed   590000/ 1222687 entries, 48.25% (elapsed time  8759.5s, curr speed    0.058 kHz, avg speed    0.067 kHz), accepted      859/  590001 events ( 0.15%)
Processed   600000/ 1222687 entries, 49.07% (elapsed time  8929.9s, curr speed    0.059 kHz, avg speed    0.067 kHz), accepted      873/  600001 events ( 0.15%)
Processed   610000/ 1222687 entries, 49.89% (elapsed time  9099.0s, curr speed    0.059 kHz, avg speed    0.067 kHz), accepted      889/  610001 events ( 0.15%)
Processed   620000/ 1222687 entries, 50.71% (elapsed time  9268.2s, curr speed    0.059 kHz, avg speed    0.067 kHz), accepted      904/  620001 events ( 0.15%)
Processed   630000/ 1222687 entries, 51.53% (elapsed time  9433.0s, curr speed    0.061 kHz, avg speed    0.067 kHz), accepted      926/  630001 events ( 0.15%)
ZtoMM trigger inconsistency
TtoEM trigger inconsistency
ZtoMM trigger inconsistency
Processed   640000/ 1222687 entries, 52.34% (elapsed time  9598.8s, curr speed    0.060 kHz, avg speed    0.067 kHz), accepted      934/  640001 events ( 0.15%)
ZtoEE trigger inconsistency
Processed   650000/ 1222687 entries, 53.16% (elapsed time  9762.9s, curr speed    0.061 kHz, avg speed    0.067 kHz), accepted      951/  650001 events ( 0.15%)
ZtoMM trigger inconsistency
ZtoMM trigger inconsistency
ZtoMM trigger inconsistency
Processed   660000/ 1222687 entries, 53.98% (elapsed time  9931.1s, curr speed    0.059 kHz, avg speed    0.066 kHz), accepted      964/  660001 events ( 0.15%)
ZtoMM trigger inconsistency
Processed   670000/ 1222687 entries, 54.80% (elapsed time 10099.1s, curr speed    0.059 kHz, avg speed    0.066 kHz), accepted      984/  670001 events ( 0.15%)
Processed   680000/ 1222687 entries, 55.62% (elapsed time 10264.6s, curr speed    0.060 kHz, avg speed    0.066 kHz), accepted      996/  680001 events ( 0.15%)
Processed   690000/ 1222687 entries, 56.43% (elapsed time 10432.8s, curr speed    0.059 kHz, avg speed    0.066 kHz), accepted     1007/  690001 events ( 0.15%)
Processed   700000/ 1222687 entries, 57.25% (elapsed time 10596.2s, curr speed    0.061 kHz, avg speed    0.066 kHz), accepted     1030/  700001 events ( 0.15%)
Processed   710000/ 1222687 entries, 58.07% (elapsed time 10753.2s, curr speed    0.064 kHz, avg speed    0.066 kHz), accepted     1043/  710001 events ( 0.15%)
TtoEM trigger inconsistency
Processed   720000/ 1222687 entries, 58.89% (elapsed time 10912.4s, curr speed    0.063 kHz, avg speed    0.066 kHz), accepted     1058/  720001 events ( 0.15%)
Processed   730000/ 1222687 entries, 59.70% (elapsed time 11074.0s, curr speed    0.062 kHz, avg speed    0.066 kHz), accepted     1072/  730001 events ( 0.15%)
ZtoMM trigger inconsistency
Processed   740000/ 1222687 entries, 60.52% (elapsed time 11234.1s, curr speed    0.062 kHz, avg speed    0.066 kHz), accepted     1090/  740001 events ( 0.15%)
Processed   750000/ 1222687 entries, 61.34% (elapsed time 11405.3s, curr speed    0.058 kHz, avg speed    0.066 kHz), accepted     1105/  750001 events ( 0.15%)
ZtoMM trigger inconsistency
Processed   760000/ 1222687 entries, 62.16% (elapsed time 11567.3s, curr speed    0.062 kHz, avg speed    0.066 kHz), accepted     1118/  760001 events ( 0.15%)
Processed   770000/ 1222687 entries, 62.98% (elapsed time 11736.6s, curr speed    0.059 kHz, avg speed    0.066 kHz), accepted     1131/  770001 events ( 0.15%)
TtoEM trigger inconsistency
Processed   780000/ 1222687 entries, 63.79% (elapsed time 11906.2s, curr speed    0.059 kHz, avg speed    0.066 kHz), accepted     1146/  780001 events ( 0.15%)
TtoEM trigger inconsistency
Processed   790000/ 1222687 entries, 64.61% (elapsed time 12066.3s, curr speed    0.062 kHz, avg speed    0.065 kHz), accepted     1163/  790001 events ( 0.15%)
Processed   800000/ 1222687 entries, 65.43% (elapsed time 12232.3s, curr speed    0.060 kHz, avg speed    0.065 kHz), accepted     1175/  800001 events ( 0.15%)
Processed   810000/ 1222687 entries, 66.25% (elapsed time 12399.1s, curr speed    0.060 kHz, avg speed    0.065 kHz), accepted     1191/  810001 events ( 0.15%)
ZtoMM trigger inconsistency
Processed   820000/ 1222687 entries, 67.07% (elapsed time 12563.6s, curr speed    0.061 kHz, avg speed    0.065 kHz), accepted     1209/  820001 events ( 0.15%)
Processed   830000/ 1222687 entries, 67.88% (elapsed time 12732.6s, curr speed    0.059 kHz, avg speed    0.065 kHz), accepted     1227/  830001 events ( 0.15%)
Processed   840000/ 1222687 entries, 68.70% (elapsed time 12898.9s, curr speed    0.060 kHz, avg speed    0.065 kHz), accepted     1243/  840001 events ( 0.15%)
ZtoMM trigger inconsistency
Processed   850000/ 1222687 entries, 69.52% (elapsed time 13064.1s, curr speed    0.061 kHz, avg speed    0.065 kHz), accepted     1259/  850001 events ( 0.15%)
Processed   860000/ 1222687 entries, 70.34% (elapsed time 13232.7s, curr speed    0.059 kHz, avg speed    0.065 kHz), accepted     1278/  860001 events ( 0.15%)
Processed   870000/ 1222687 entries, 71.15% (elapsed time 13399.3s, curr speed    0.060 kHz, avg speed    0.065 kHz), accepted     1287/  870001 events ( 0.15%)
Processed   880000/ 1222687 entries, 71.97% (elapsed time 13562.6s, curr speed    0.061 kHz, avg speed    0.065 kHz), accepted     1303/  880001 events ( 0.15%)
TtoEM trigger inconsistency
Processed   890000/ 1222687 entries, 72.79% (elapsed time 13728.8s, curr speed    0.060 kHz, avg speed    0.065 kHz), accepted     1318/  890001 events ( 0.15%)
Processed   900000/ 1222687 entries, 73.61% (elapsed time 13893.9s, curr speed    0.061 kHz, avg speed    0.065 kHz), accepted     1329/  900001 events ( 0.15%)
TtoEM trigger inconsistency
Processed   910000/ 1222687 entries, 74.43% (elapsed time 14058.7s, curr speed    0.061 kHz, avg speed    0.065 kHz), accepted     1342/  910001 events ( 0.15%)
Processed   920000/ 1222687 entries, 75.24% (elapsed time 14218.1s, curr speed    0.063 kHz, avg speed    0.065 kHz), accepted     1353/  920001 events ( 0.15%)
ZtoMM trigger inconsistency
Processed   930000/ 1222687 entries, 76.06% (elapsed time 14374.1s, curr speed    0.064 kHz, avg speed    0.065 kHz), accepted     1364/  930001 events ( 0.15%)
TtoEM trigger inconsistency
Processed   940000/ 1222687 entries, 76.88% (elapsed time 14542.4s, curr speed    0.059 kHz, avg speed    0.065 kHz), accepted     1380/  940001 events ( 0.15%)
TtoEM trigger inconsistency
Processed   950000/ 1222687 entries, 77.70% (elapsed time 14709.9s, curr speed    0.060 kHz, avg speed    0.065 kHz), accepted     1393/  950001 events ( 0.15%)
ZtoMM trigger inconsistency
Processed   960000/ 1222687 entries, 78.52% (elapsed time 14874.6s, curr speed    0.061 kHz, avg speed    0.065 kHz), accepted     1407/  960001 events ( 0.15%)
ZtoMM trigger inconsistency
Processed   970000/ 1222687 entries, 79.33% (elapsed time 15039.5s, curr speed    0.061 kHz, avg speed    0.064 kHz), accepted     1425/  970001 events ( 0.15%)
Processed   980000/ 1222687 entries, 80.15% (elapsed time 15201.9s, curr speed    0.062 kHz, avg speed    0.064 kHz), accepted     1439/  980001 events ( 0.15%)
ZtoMM trigger inconsistency
Processed   990000/ 1222687 entries, 80.97% (elapsed time 15368.7s, curr speed    0.060 kHz, avg speed    0.064 kHz), accepted     1451/  990001 events ( 0.15%)
Processed  1000000/ 1222687 entries, 81.79% (elapsed time 15531.5s, curr speed    0.061 kHz, avg speed    0.064 kHz), accepted     1468/ 1000001 events ( 0.15%)
ZtoMM trigger inconsistency
Processed  1010000/ 1222687 entries, 82.60% (elapsed time 15695.4s, curr speed    0.061 kHz, avg speed    0.064 kHz), accepted     1482/ 1010001 events ( 0.15%)
ZtoMM trigger inconsistency
Processed  1020000/ 1222687 entries, 83.42% (elapsed time 15868.4s, curr speed    0.058 kHz, avg speed    0.064 kHz), accepted     1500/ 1020001 events ( 0.15%)
Processed  1030000/ 1222687 entries, 84.24% (elapsed time 16038.5s, curr speed    0.059 kHz, avg speed    0.064 kHz), accepted     1514/ 1030001 events ( 0.15%)
Processed  1040000/ 1222687 entries, 85.06% (elapsed time 16203.4s, curr speed    0.061 kHz, avg speed    0.064 kHz), accepted     1524/ 1040001 events ( 0.15%)
ZtoMM trigger inconsistency
Processed  1050000/ 1222687 entries, 85.88% (elapsed time 16370.8s, curr speed    0.060 kHz, avg speed    0.064 kHz), accepted     1538/ 1050001 events ( 0.15%)
Processed  1060000/ 1222687 entries, 86.69% (elapsed time 16538.8s, curr speed    0.060 kHz, avg speed    0.064 kHz), accepted     1554/ 1060001 events ( 0.15%)
Processed  1070000/ 1222687 entries, 87.51% (elapsed time 16703.1s, curr speed    0.061 kHz, avg speed    0.064 kHz), accepted     1572/ 1070001 events ( 0.15%)
Processed  1080000/ 1222687 entries, 88.33% (elapsed time 16864.3s, curr speed    0.062 kHz, avg speed    0.064 kHz), accepted     1582/ 1080001 events ( 0.15%)
Processed  1090000/ 1222687 entries, 89.15% (elapsed time 17034.4s, curr speed    0.059 kHz, avg speed    0.064 kHz), accepted     1592/ 1090001 events ( 0.15%)
Processed  1100000/ 1222687 entries, 89.97% (elapsed time 17204.9s, curr speed    0.059 kHz, avg speed    0.064 kHz), accepted     1603/ 1100001 events ( 0.15%)
ZtoMM trigger inconsistency
ZtoEE trigger inconsistency
Processed  1110000/ 1222687 entries, 90.78% (elapsed time 17367.8s, curr speed    0.061 kHz, avg speed    0.064 kHz), accepted     1620/ 1110001 events ( 0.15%)
TtoEM trigger inconsistency
ZtoMM trigger inconsistency
TtoEM trigger inconsistency
Processed  1120000/ 1222687 entries, 91.60% (elapsed time 17533.8s, curr speed    0.060 kHz, avg speed    0.064 kHz), accepted     1638/ 1120001 events ( 0.15%)
ZtoMM trigger inconsistency
Processed  1130000/ 1222687 entries, 92.42% (elapsed time 17703.9s, curr speed    0.059 kHz, avg speed    0.064 kHz), accepted     1653/ 1130001 events ( 0.15%)
Processed  1140000/ 1222687 entries, 93.24% (elapsed time 17869.7s, curr speed    0.060 kHz, avg speed    0.064 kHz), accepted     1669/ 1140001 events ( 0.15%)
Processed  1150000/ 1222687 entries, 94.06% (elapsed time 18028.0s, curr speed    0.063 kHz, avg speed    0.064 kHz), accepted     1683/ 1150001 events ( 0.15%)
Processed  1160000/ 1222687 entries, 94.87% (elapsed time 18189.6s, curr speed    0.062 kHz, avg speed    0.064 kHz), accepted     1698/ 1160001 events ( 0.15%)
Processed  1170000/ 1222687 entries, 95.69% (elapsed time 18344.1s, curr speed    0.065 kHz, avg speed    0.064 kHz), accepted     1716/ 1170001 events ( 0.15%)
Processed  1180000/ 1222687 entries, 96.51% (elapsed time 18490.1s, curr speed    0.068 kHz, avg speed    0.064 kHz), accepted     1728/ 1180001 events ( 0.15%)
Processed  1190000/ 1222687 entries, 97.33% (elapsed time 18644.3s, curr speed    0.065 kHz, avg speed    0.064 kHz), accepted     1743/ 1190001 events ( 0.15%)
ZtoEE trigger inconsistency
Processed  1200000/ 1222687 entries, 98.14% (elapsed time 18805.2s, curr speed    0.062 kHz, avg speed    0.064 kHz), accepted     1755/ 1200001 events ( 0.15%)
Processed  1210000/ 1222687 entries, 98.96% (elapsed time 18968.2s, curr speed    0.061 kHz, avg speed    0.064 kHz), accepted     1770/ 1210001 events ( 0.15%)
Processed  1220000/ 1222687 entries, 99.78% (elapsed time 19109.2s, curr speed    0.071 kHz, avg speed    0.064 kHz), accepted     1790/ 1220001 events ( 0.15%)
ZtoMM trigger inconsistency
Processed 1222687 preselected entries from root://cms-xrd-global.cern.ch//store/mc/RunIISummer16NanoAODv6/ZZTo4L_13TeV_powheg_pythia8_ext1/NANOAODSIM/PUMoriond17_Nano25Oct2019_102X_mcRun2_asymptotic_v7-v1/70000/AB5F23B7-C2BB-F840-91B4-B9B71FB7ED8B.root (1222687 entries). Finally selected 1792 entries
Done /work/pbaertsc/heavy_resonance/output_2016/ZZTo4L_13TeV_powheg_pythia8_ext1__RunIISummer16NanoAODv6-PUMoriond17_Nano25Oct2019_102X_mcRun2_asymptotic_v7-v1__NANOAODSIM/AB5F23B7-C2BB-F840-91B4-B9B71FB7ED8B.root
63.8161603213 Hz
deleting root file with name: /work/pbaertsc/heavy_resonance/output_2016/ZZTo4L_13TeV_powheg_pythia8_ext1__RunIISummer16NanoAODv6-PUMoriond17_Nano25Oct2019_102X_mcRun2_asymptotic_v7-v1__NANOAODSIM/AB5F23B7-C2BB-F840-91B4-B9B71FB7ED8B.root
DONE
Complete at
Fri Jan 31 02:07:08 CET 2020
