job start at
Thu Jan 30 19:13:58 CET 2020
SLURM_JOB_ID: 437407
HOSTNAME: t3wn33
JOBLIST:joblist/joblist_ZZTo2Q2Nu_TuneCP5_13TeV_amcatnloFXFX_madspin_pythia8__RunIIAutumn18NanoAODv6-Nano25Oct2019_102X_upgrade2018_realistic_v20-v1__NANOAODSIM_ll.txt
Going to execute
python job.py -i root://cms-xrd-global.cern.ch//store/mc/RunIIAutumn18NanoAODv6/ZZTo2Q2Nu_TuneCP5_13TeV_amcatnloFXFX_madspin_pythia8/NANOAODSIM/Nano25Oct2019_102X_upgrade2018_realistic_v20-v1/240000/8CD7BA1E-087A-044E-AD32-C8B605EE4C4C.root -o /work/pbaertsc/heavy_resonance/output_2018/ZZTo2Q2Nu_TuneCP5_13TeV_amcatnloFXFX_madspin_pythia8__RunIIAutumn18NanoAODv6-Nano25Oct2019_102X_upgrade2018_realistic_v20-v1__NANOAODSIM -N ZZTo2Q2Nu_TuneCP5_13TeV_amcatnloFXFX_madspin_pythia8__RunIIAutumn18NanoAODv6-Nano25Oct2019_102X_upgrade2018_realistic_v20-v1__NANOAODSIM -n 4 -c ll -y 2018
TClass::Init:0: RuntimeWarning: no dictionary for class ROOT::TIOFeatures is available
/work/pbaertsc/heavy_resonance/CMSSW_9_4_6/python/PhysicsTools/NanoAODTools/postprocessing/framework/treeReaderArrayTools.py:69: RuntimeWarning: creating executor for unknown type "ULong64_t*"
  ret = _vr.Get()[0]
JEC= Autumn18_V19_MC 	 JER= Autumn18_V7_MC
MET branch= PuppiMET
JEC= Autumn18_V19_MC 	 JER= Autumn18_V7_MC
MET branch= PuppiMET
--------------------------------------------------------------------------------
input files  = ['root://cms-xrd-global.cern.ch//store/mc/RunIIAutumn18NanoAODv6/ZZTo2Q2Nu_TuneCP5_13TeV_amcatnloFXFX_madspin_pythia8/NANOAODSIM/Nano25Oct2019_102X_upgrade2018_realistic_v20-v1/240000/8CD7BA1E-087A-044E-AD32-C8B605EE4C4C.root']
output directory = /work/pbaertsc/heavy_resonance/output_2018/ZZTo2Q2Nu_TuneCP5_13TeV_amcatnloFXFX_madspin_pythia8__RunIIAutumn18NanoAODv6-Nano25Oct2019_102X_upgrade2018_realistic_v20-v1__NANOAODSIM
output file  = ZZTo2Q2Nu_TuneCP5_13TeV_amcatnloFXFX_madspin_pythia8__RunIIAutumn18NanoAODv6-Nano25Oct2019_102X_upgrade2018_realistic_v20-v1__NANOAODSIM_4_ll.root
chunck       = 4
channel      = ll
dataType     = mc
year         = 2018
tes          = 1.0
ltf          = 1.0
jtf          = 1.0
--------------------------------------------------------------------------------
job.py: creating PostProcessor...
TreeProducer is called /work/pbaertsc/heavy_resonance/output_2018/ZZTo2Q2Nu_TuneCP5_13TeV_amcatnloFXFX_madspin_pythia8__RunIIAutumn18NanoAODv6-Nano25Oct2019_102X_upgrade2018_realistic_v20-v1__NANOAODSIM/ZZTo2Q2Nu_TuneCP5_13TeV_amcatnloFXFX_madspin_pythia8__RunIIAutumn18NanoAODv6-Nano25Oct2019_102X_upgrade2018_realistic_v20-v1__NANOAODSIM_4_ll.root
job.py: going to run PostProcessor...
Will write selected trees to /work/pbaertsc/heavy_resonance/output_2018/ZZTo2Q2Nu_TuneCP5_13TeV_amcatnloFXFX_madspin_pythia8__RunIIAutumn18NanoAODv6-Nano25Oct2019_102X_upgrade2018_realistic_v20-v1__NANOAODSIM
Loading jet energy scale (JES) uncertainties from file '/tmp/tmpsqXmUQ/Autumn18_V19_MC_Uncertainty_AK4PFchs.txt'
Loading jet energy resolutions (JER) from file '/tmp/tmpbQpsdC/Autumn18_V7_MC_PtResolution_AK4PFchs.txt'
Loading JER scale factors and uncertainties from file '/tmp/tmpbQpsdC/Autumn18_V7_MC_SF_AK4PFchs.txt'
Loading jet energy scale (JES) uncertainties from file '/tmp/tmprx5E07/Autumn18_V19_MC_Uncertainty_AK8PFPuppi.txt'
Loading jet energy resolutions (JER) from file '/tmp/tmpvBV4y0/Autumn18_V7_MC_PtResolution_AK8PFPuppi.txt'
Loading JER scale factors and uncertainties from file '/tmp/tmpvBV4y0/Autumn18_V7_MC_SF_AK8PFPuppi.txt'
Pre-select 1179803 entries out of 1179803 (100.00%)
nanoAODv5? True
Processed    10000/ 1179803 entries,  0.85% (elapsed time   117.0s, curr speed    0.085 kHz, avg speed    0.085 kHz), accepted      145/   10001 events ( 1.45%)
Processed    20000/ 1179803 entries,  1.70% (elapsed time   228.0s, curr speed    0.090 kHz, avg speed    0.088 kHz), accepted      278/   20001 events ( 1.39%)
Processed    30000/ 1179803 entries,  2.54% (elapsed time   338.9s, curr speed    0.090 kHz, avg speed    0.089 kHz), accepted      402/   30001 events ( 1.34%)
Processed    40000/ 1179803 entries,  3.39% (elapsed time   449.5s, curr speed    0.090 kHz, avg speed    0.089 kHz), accepted      527/   40001 events ( 1.32%)
Processed    50000/ 1179803 entries,  4.24% (elapsed time   558.9s, curr speed    0.091 kHz, avg speed    0.089 kHz), accepted      621/   50001 events ( 1.24%)
Processed    60000/ 1179803 entries,  5.09% (elapsed time   669.5s, curr speed    0.090 kHz, avg speed    0.090 kHz), accepted      763/   60001 events ( 1.27%)
Processed    70000/ 1179803 entries,  5.93% (elapsed time   779.0s, curr speed    0.091 kHz, avg speed    0.090 kHz), accepted      897/   70001 events ( 1.28%)
Processed    80000/ 1179803 entries,  6.78% (elapsed time   887.9s, curr speed    0.092 kHz, avg speed    0.090 kHz), accepted     1044/   80001 events ( 1.30%)
Bad event
Processed    90000/ 1179803 entries,  7.63% (elapsed time   997.8s, curr speed    0.091 kHz, avg speed    0.090 kHz), accepted     1188/   90001 events ( 1.32%)
Processed   100000/ 1179803 entries,  8.48% (elapsed time  1105.4s, curr speed    0.093 kHz, avg speed    0.090 kHz), accepted     1313/  100001 events ( 1.31%)
Processed   110000/ 1179803 entries,  9.32% (elapsed time  1214.0s, curr speed    0.092 kHz, avg speed    0.091 kHz), accepted     1433/  110001 events ( 1.30%)
Processed   120000/ 1179803 entries, 10.17% (elapsed time  1323.4s, curr speed    0.091 kHz, avg speed    0.091 kHz), accepted     1557/  120001 events ( 1.30%)
Processed   130000/ 1179803 entries, 11.02% (elapsed time  1431.7s, curr speed    0.092 kHz, avg speed    0.091 kHz), accepted     1689/  130001 events ( 1.30%)
Processed   140000/ 1179803 entries, 11.87% (elapsed time  1539.5s, curr speed    0.093 kHz, avg speed    0.091 kHz), accepted     1816/  140001 events ( 1.30%)
Bad event
Processed   150000/ 1179803 entries, 12.71% (elapsed time  1645.5s, curr speed    0.094 kHz, avg speed    0.091 kHz), accepted     1933/  150001 events ( 1.29%)
Processed   160000/ 1179803 entries, 13.56% (elapsed time  1752.7s, curr speed    0.093 kHz, avg speed    0.091 kHz), accepted     2066/  160001 events ( 1.29%)
Processed   170000/ 1179803 entries, 14.41% (elapsed time  1858.9s, curr speed    0.094 kHz, avg speed    0.091 kHz), accepted     2193/  170001 events ( 1.29%)
Processed   180000/ 1179803 entries, 15.26% (elapsed time  1965.9s, curr speed    0.093 kHz, avg speed    0.092 kHz), accepted     2315/  180001 events ( 1.29%)
Processed   190000/ 1179803 entries, 16.10% (elapsed time  2072.6s, curr speed    0.094 kHz, avg speed    0.092 kHz), accepted     2446/  190001 events ( 1.29%)
Processed   200000/ 1179803 entries, 16.95% (elapsed time  2179.3s, curr speed    0.094 kHz, avg speed    0.092 kHz), accepted     2575/  200001 events ( 1.29%)
Processed   210000/ 1179803 entries, 17.80% (elapsed time  2286.7s, curr speed    0.093 kHz, avg speed    0.092 kHz), accepted     2703/  210001 events ( 1.29%)
Processed   220000/ 1179803 entries, 18.65% (elapsed time  2393.7s, curr speed    0.093 kHz, avg speed    0.092 kHz), accepted     2824/  220001 events ( 1.28%)
Processed   230000/ 1179803 entries, 19.49% (elapsed time  2502.2s, curr speed    0.092 kHz, avg speed    0.092 kHz), accepted     2942/  230001 events ( 1.28%)
Processed   240000/ 1179803 entries, 20.34% (elapsed time  2608.9s, curr speed    0.094 kHz, avg speed    0.092 kHz), accepted     3065/  240001 events ( 1.28%)
Processed   250000/ 1179803 entries, 21.19% (elapsed time  2715.3s, curr speed    0.094 kHz, avg speed    0.092 kHz), accepted     3197/  250001 events ( 1.28%)
Processed   260000/ 1179803 entries, 22.04% (elapsed time  2822.3s, curr speed    0.093 kHz, avg speed    0.092 kHz), accepted     3329/  260001 events ( 1.28%)
Bad event
Processed   270000/ 1179803 entries, 22.89% (elapsed time  2929.4s, curr speed    0.093 kHz, avg speed    0.092 kHz), accepted     3483/  270001 events ( 1.29%)
Processed   280000/ 1179803 entries, 23.73% (elapsed time  3037.5s, curr speed    0.092 kHz, avg speed    0.092 kHz), accepted     3591/  280001 events ( 1.28%)
Processed   290000/ 1179803 entries, 24.58% (elapsed time  3145.0s, curr speed    0.093 kHz, avg speed    0.092 kHz), accepted     3764/  290001 events ( 1.30%)
Processed   300000/ 1179803 entries, 25.43% (elapsed time  3251.2s, curr speed    0.094 kHz, avg speed    0.092 kHz), accepted     3901/  300001 events ( 1.30%)
Processed   310000/ 1179803 entries, 26.28% (elapsed time  3358.7s, curr speed    0.093 kHz, avg speed    0.092 kHz), accepted     4044/  310001 events ( 1.30%)
Processed   320000/ 1179803 entries, 27.12% (elapsed time  3464.0s, curr speed    0.095 kHz, avg speed    0.092 kHz), accepted     4191/  320001 events ( 1.31%)
Processed   330000/ 1179803 entries, 27.97% (elapsed time  3570.2s, curr speed    0.094 kHz, avg speed    0.092 kHz), accepted     4325/  330001 events ( 1.31%)
Processed   340000/ 1179803 entries, 28.82% (elapsed time  3677.2s, curr speed    0.093 kHz, avg speed    0.092 kHz), accepted     4452/  340001 events ( 1.31%)
Bad event
Processed   350000/ 1179803 entries, 29.67% (elapsed time  3783.1s, curr speed    0.094 kHz, avg speed    0.093 kHz), accepted     4598/  350001 events ( 1.31%)
Processed   360000/ 1179803 entries, 30.51% (elapsed time  3889.6s, curr speed    0.094 kHz, avg speed    0.093 kHz), accepted     4714/  360001 events ( 1.31%)
Processed   370000/ 1179803 entries, 31.36% (elapsed time  3994.9s, curr speed    0.095 kHz, avg speed    0.093 kHz), accepted     4840/  370001 events ( 1.31%)
Processed   380000/ 1179803 entries, 32.21% (elapsed time  4101.7s, curr speed    0.094 kHz, avg speed    0.093 kHz), accepted     4973/  380001 events ( 1.31%)
Processed   390000/ 1179803 entries, 33.06% (elapsed time  4207.9s, curr speed    0.094 kHz, avg speed    0.093 kHz), accepted     5097/  390001 events ( 1.31%)
Processed   400000/ 1179803 entries, 33.90% (elapsed time  4314.2s, curr speed    0.094 kHz, avg speed    0.093 kHz), accepted     5215/  400001 events ( 1.30%)
Processed   410000/ 1179803 entries, 34.75% (elapsed time  4421.3s, curr speed    0.093 kHz, avg speed    0.093 kHz), accepted     5370/  410001 events ( 1.31%)
Processed   420000/ 1179803 entries, 35.60% (elapsed time  4528.0s, curr speed    0.094 kHz, avg speed    0.093 kHz), accepted     5494/  420001 events ( 1.31%)
Bad event
Processed   430000/ 1179803 entries, 36.45% (elapsed time  4635.8s, curr speed    0.093 kHz, avg speed    0.093 kHz), accepted     5629/  430001 events ( 1.31%)
Processed   440000/ 1179803 entries, 37.29% (elapsed time  4743.0s, curr speed    0.093 kHz, avg speed    0.093 kHz), accepted     5784/  440001 events ( 1.31%)
Processed   450000/ 1179803 entries, 38.14% (elapsed time  4850.4s, curr speed    0.093 kHz, avg speed    0.093 kHz), accepted     5927/  450001 events ( 1.32%)
Processed   460000/ 1179803 entries, 38.99% (elapsed time  4958.4s, curr speed    0.093 kHz, avg speed    0.093 kHz), accepted     6064/  460001 events ( 1.32%)
Processed   470000/ 1179803 entries, 39.84% (elapsed time  5065.0s, curr speed    0.094 kHz, avg speed    0.093 kHz), accepted     6176/  470001 events ( 1.31%)
Processed   480000/ 1179803 entries, 40.68% (elapsed time  5171.5s, curr speed    0.094 kHz, avg speed    0.093 kHz), accepted     6307/  480001 events ( 1.31%)
Bad event
Processed   490000/ 1179803 entries, 41.53% (elapsed time  5278.0s, curr speed    0.094 kHz, avg speed    0.093 kHz), accepted     6430/  490001 events ( 1.31%)
Bad event
Processed   500000/ 1179803 entries, 42.38% (elapsed time  5384.7s, curr speed    0.094 kHz, avg speed    0.093 kHz), accepted     6574/  500001 events ( 1.31%)
Processed   510000/ 1179803 entries, 43.23% (elapsed time  5490.5s, curr speed    0.094 kHz, avg speed    0.093 kHz), accepted     6704/  510001 events ( 1.31%)
Processed   520000/ 1179803 entries, 44.08% (elapsed time  5596.2s, curr speed    0.095 kHz, avg speed    0.093 kHz), accepted     6851/  520001 events ( 1.32%)
Processed   530000/ 1179803 entries, 44.92% (elapsed time  5704.0s, curr speed    0.093 kHz, avg speed    0.093 kHz), accepted     6976/  530001 events ( 1.32%)
Processed   540000/ 1179803 entries, 45.77% (elapsed time  5810.3s, curr speed    0.094 kHz, avg speed    0.093 kHz), accepted     7106/  540001 events ( 1.32%)
Processed   550000/ 1179803 entries, 46.62% (elapsed time  5916.2s, curr speed    0.094 kHz, avg speed    0.093 kHz), accepted     7235/  550001 events ( 1.32%)
Processed   560000/ 1179803 entries, 47.47% (elapsed time  6022.4s, curr speed    0.094 kHz, avg speed    0.093 kHz), accepted     7373/  560001 events ( 1.32%)
Processed   570000/ 1179803 entries, 48.31% (elapsed time  6128.4s, curr speed    0.094 kHz, avg speed    0.093 kHz), accepted     7493/  570001 events ( 1.31%)
Processed   580000/ 1179803 entries, 49.16% (elapsed time  6233.5s, curr speed    0.095 kHz, avg speed    0.093 kHz), accepted     7618/  580001 events ( 1.31%)
Processed   590000/ 1179803 entries, 50.01% (elapsed time  6338.3s, curr speed    0.095 kHz, avg speed    0.093 kHz), accepted     7751/  590001 events ( 1.31%)
Processed   600000/ 1179803 entries, 50.86% (elapsed time  6443.2s, curr speed    0.095 kHz, avg speed    0.093 kHz), accepted     7867/  600001 events ( 1.31%)
Processed   610000/ 1179803 entries, 51.70% (elapsed time  6549.7s, curr speed    0.094 kHz, avg speed    0.093 kHz), accepted     8023/  610001 events ( 1.32%)
Processed   620000/ 1179803 entries, 52.55% (elapsed time  6655.0s, curr speed    0.095 kHz, avg speed    0.093 kHz), accepted     8144/  620001 events ( 1.31%)
Processed   630000/ 1179803 entries, 53.40% (elapsed time  6759.3s, curr speed    0.096 kHz, avg speed    0.093 kHz), accepted     8276/  630001 events ( 1.31%)
Processed   640000/ 1179803 entries, 54.25% (elapsed time  6865.1s, curr speed    0.095 kHz, avg speed    0.093 kHz), accepted     8381/  640001 events ( 1.31%)
Processed   650000/ 1179803 entries, 55.09% (elapsed time  6970.6s, curr speed    0.095 kHz, avg speed    0.093 kHz), accepted     8523/  650001 events ( 1.31%)
Processed   660000/ 1179803 entries, 55.94% (elapsed time  7076.0s, curr speed    0.095 kHz, avg speed    0.093 kHz), accepted     8669/  660001 events ( 1.31%)
Processed   670000/ 1179803 entries, 56.79% (elapsed time  7181.0s, curr speed    0.095 kHz, avg speed    0.093 kHz), accepted     8823/  670001 events ( 1.32%)
Bad event
Processed   680000/ 1179803 entries, 57.64% (elapsed time  7287.5s, curr speed    0.094 kHz, avg speed    0.093 kHz), accepted     8953/  680001 events ( 1.32%)
Bad event
Processed   690000/ 1179803 entries, 58.48% (elapsed time  7393.3s, curr speed    0.094 kHz, avg speed    0.093 kHz), accepted     9079/  690001 events ( 1.32%)
Bad event
Processed   700000/ 1179803 entries, 59.33% (elapsed time  7497.2s, curr speed    0.096 kHz, avg speed    0.093 kHz), accepted     9219/  700001 events ( 1.32%)
Processed   710000/ 1179803 entries, 60.18% (elapsed time  7602.9s, curr speed    0.095 kHz, avg speed    0.093 kHz), accepted     9355/  710001 events ( 1.32%)
Processed   720000/ 1179803 entries, 61.03% (elapsed time  7708.8s, curr speed    0.094 kHz, avg speed    0.093 kHz), accepted     9502/  720001 events ( 1.32%)
Bad event
Processed   730000/ 1179803 entries, 61.87% (elapsed time  7814.2s, curr speed    0.095 kHz, avg speed    0.093 kHz), accepted     9637/  730001 events ( 1.32%)
Bad event
Processed   740000/ 1179803 entries, 62.72% (elapsed time  7921.7s, curr speed    0.093 kHz, avg speed    0.093 kHz), accepted     9779/  740001 events ( 1.32%)
Processed   750000/ 1179803 entries, 63.57% (elapsed time  8027.6s, curr speed    0.094 kHz, avg speed    0.093 kHz), accepted     9918/  750001 events ( 1.32%)
Processed   760000/ 1179803 entries, 64.42% (elapsed time  8133.3s, curr speed    0.095 kHz, avg speed    0.093 kHz), accepted    10042/  760001 events ( 1.32%)
Processed   770000/ 1179803 entries, 65.27% (elapsed time  8239.6s, curr speed    0.094 kHz, avg speed    0.093 kHz), accepted    10171/  770001 events ( 1.32%)
Processed   780000/ 1179803 entries, 66.11% (elapsed time  8345.5s, curr speed    0.094 kHz, avg speed    0.093 kHz), accepted    10295/  780001 events ( 1.32%)
Processed   790000/ 1179803 entries, 66.96% (elapsed time  8452.9s, curr speed    0.093 kHz, avg speed    0.093 kHz), accepted    10447/  790001 events ( 1.32%)
Processed   800000/ 1179803 entries, 67.81% (elapsed time  8557.5s, curr speed    0.096 kHz, avg speed    0.093 kHz), accepted    10561/  800001 events ( 1.32%)
Processed   810000/ 1179803 entries, 68.66% (elapsed time  8663.8s, curr speed    0.094 kHz, avg speed    0.093 kHz), accepted    10692/  810001 events ( 1.32%)
Processed   820000/ 1179803 entries, 69.50% (elapsed time  8772.0s, curr speed    0.092 kHz, avg speed    0.093 kHz), accepted    10824/  820001 events ( 1.32%)
Processed   830000/ 1179803 entries, 70.35% (elapsed time  8879.1s, curr speed    0.093 kHz, avg speed    0.093 kHz), accepted    10941/  830001 events ( 1.32%)
Processed   840000/ 1179803 entries, 71.20% (elapsed time  8986.4s, curr speed    0.093 kHz, avg speed    0.093 kHz), accepted    11063/  840001 events ( 1.32%)
Processed   850000/ 1179803 entries, 72.05% (elapsed time  9092.3s, curr speed    0.094 kHz, avg speed    0.093 kHz), accepted    11194/  850001 events ( 1.32%)
Processed   860000/ 1179803 entries, 72.89% (elapsed time  9198.9s, curr speed    0.094 kHz, avg speed    0.093 kHz), accepted    11335/  860001 events ( 1.32%)
Processed   870000/ 1179803 entries, 73.74% (elapsed time  9305.1s, curr speed    0.094 kHz, avg speed    0.093 kHz), accepted    11450/  870001 events ( 1.32%)
Bad event
Processed   880000/ 1179803 entries, 74.59% (elapsed time  9411.8s, curr speed    0.094 kHz, avg speed    0.093 kHz), accepted    11594/  880001 events ( 1.32%)
Processed   890000/ 1179803 entries, 75.44% (elapsed time  9518.6s, curr speed    0.094 kHz, avg speed    0.094 kHz), accepted    11753/  890001 events ( 1.32%)
Processed   900000/ 1179803 entries, 76.28% (elapsed time  9624.6s, curr speed    0.094 kHz, avg speed    0.094 kHz), accepted    11877/  900001 events ( 1.32%)
Processed   910000/ 1179803 entries, 77.13% (elapsed time  9730.4s, curr speed    0.095 kHz, avg speed    0.094 kHz), accepted    12006/  910001 events ( 1.32%)
Bad event
Processed   920000/ 1179803 entries, 77.98% (elapsed time  9836.4s, curr speed    0.094 kHz, avg speed    0.094 kHz), accepted    12131/  920001 events ( 1.32%)
Processed   930000/ 1179803 entries, 78.83% (elapsed time  9943.2s, curr speed    0.094 kHz, avg speed    0.094 kHz), accepted    12274/  930001 events ( 1.32%)
Processed   940000/ 1179803 entries, 79.67% (elapsed time 10049.3s, curr speed    0.094 kHz, avg speed    0.094 kHz), accepted    12396/  940001 events ( 1.32%)
Processed   950000/ 1179803 entries, 80.52% (elapsed time 10155.8s, curr speed    0.094 kHz, avg speed    0.094 kHz), accepted    12532/  950001 events ( 1.32%)
Processed   960000/ 1179803 entries, 81.37% (elapsed time 10263.1s, curr speed    0.093 kHz, avg speed    0.094 kHz), accepted    12649/  960001 events ( 1.32%)
Processed   970000/ 1179803 entries, 82.22% (elapsed time 10370.4s, curr speed    0.093 kHz, avg speed    0.094 kHz), accepted    12761/  970001 events ( 1.32%)
Processed   980000/ 1179803 entries, 83.06% (elapsed time 10477.6s, curr speed    0.093 kHz, avg speed    0.094 kHz), accepted    12914/  980001 events ( 1.32%)
Processed   990000/ 1179803 entries, 83.91% (elapsed time 10583.3s, curr speed    0.095 kHz, avg speed    0.094 kHz), accepted    13044/  990001 events ( 1.32%)
Processed  1000000/ 1179803 entries, 84.76% (elapsed time 10690.6s, curr speed    0.093 kHz, avg speed    0.094 kHz), accepted    13176/ 1000001 events ( 1.32%)
Processed  1010000/ 1179803 entries, 85.61% (elapsed time 10798.5s, curr speed    0.093 kHz, avg speed    0.094 kHz), accepted    13327/ 1010001 events ( 1.32%)
Processed  1020000/ 1179803 entries, 86.46% (elapsed time 10906.4s, curr speed    0.093 kHz, avg speed    0.094 kHz), accepted    13480/ 1020001 events ( 1.32%)
Processed  1030000/ 1179803 entries, 87.30% (elapsed time 11014.0s, curr speed    0.093 kHz, avg speed    0.094 kHz), accepted    13632/ 1030001 events ( 1.32%)
Processed  1040000/ 1179803 entries, 88.15% (elapsed time 11120.7s, curr speed    0.094 kHz, avg speed    0.094 kHz), accepted    13780/ 1040001 events ( 1.32%)
Processed  1050000/ 1179803 entries, 89.00% (elapsed time 11230.8s, curr speed    0.091 kHz, avg speed    0.093 kHz), accepted    13906/ 1050001 events ( 1.32%)
Processed  1060000/ 1179803 entries, 89.85% (elapsed time 11338.1s, curr speed    0.093 kHz, avg speed    0.093 kHz), accepted    14052/ 1060001 events ( 1.33%)
Processed  1070000/ 1179803 entries, 90.69% (elapsed time 11445.8s, curr speed    0.093 kHz, avg speed    0.093 kHz), accepted    14171/ 1070001 events ( 1.32%)
Processed  1080000/ 1179803 entries, 91.54% (elapsed time 11553.6s, curr speed    0.093 kHz, avg speed    0.093 kHz), accepted    14317/ 1080001 events ( 1.33%)
%MSG-e SimpleJetCorrectionUncertainty: 
 bin variables out of range
%MSG
%MSG-e SimpleJetCorrectionUncertainty: 
 bin variables out of range
%MSG
Processed  1090000/ 1179803 entries, 92.39% (elapsed time 11661.7s, curr speed    0.093 kHz, avg speed    0.093 kHz), accepted    14454/ 1090001 events ( 1.33%)
Processed  1100000/ 1179803 entries, 93.24% (elapsed time 11769.6s, curr speed    0.093 kHz, avg speed    0.093 kHz), accepted    14598/ 1100001 events ( 1.33%)
Processed  1110000/ 1179803 entries, 94.08% (elapsed time 11876.1s, curr speed    0.094 kHz, avg speed    0.093 kHz), accepted    14720/ 1110001 events ( 1.33%)
Processed  1120000/ 1179803 entries, 94.93% (elapsed time 11982.4s, curr speed    0.094 kHz, avg speed    0.093 kHz), accepted    14853/ 1120001 events ( 1.33%)
Processed  1130000/ 1179803 entries, 95.78% (elapsed time 12088.1s, curr speed    0.095 kHz, avg speed    0.093 kHz), accepted    14989/ 1130001 events ( 1.33%)
Processed  1140000/ 1179803 entries, 96.63% (elapsed time 12195.4s, curr speed    0.093 kHz, avg speed    0.093 kHz), accepted    15140/ 1140001 events ( 1.33%)
Bad event
Processed  1150000/ 1179803 entries, 97.47% (elapsed time 12302.4s, curr speed    0.094 kHz, avg speed    0.093 kHz), accepted    15288/ 1150001 events ( 1.33%)
Processed  1160000/ 1179803 entries, 98.32% (elapsed time 12409.8s, curr speed    0.093 kHz, avg speed    0.093 kHz), accepted    15429/ 1160001 events ( 1.33%)
Processed  1170000/ 1179803 entries, 99.17% (elapsed time 12517.2s, curr speed    0.093 kHz, avg speed    0.093 kHz), accepted    15550/ 1170001 events ( 1.33%)
Processed 1179803 preselected entries from root://cms-xrd-global.cern.ch//store/mc/RunIIAutumn18NanoAODv6/ZZTo2Q2Nu_TuneCP5_13TeV_amcatnloFXFX_madspin_pythia8/NANOAODSIM/Nano25Oct2019_102X_upgrade2018_realistic_v20-v1/240000/8CD7BA1E-087A-044E-AD32-C8B605EE4C4C.root (1179803 entries). Finally selected 15669 entries
Done /work/pbaertsc/heavy_resonance/output_2018/ZZTo2Q2Nu_TuneCP5_13TeV_amcatnloFXFX_madspin_pythia8__RunIIAutumn18NanoAODv6-Nano25Oct2019_102X_upgrade2018_realistic_v20-v1__NANOAODSIM/8CD7BA1E-087A-044E-AD32-C8B605EE4C4C.root
93.2386723757 Hz
deleting root file with name: /work/pbaertsc/heavy_resonance/output_2018/ZZTo2Q2Nu_TuneCP5_13TeV_amcatnloFXFX_madspin_pythia8__RunIIAutumn18NanoAODv6-Nano25Oct2019_102X_upgrade2018_realistic_v20-v1__NANOAODSIM/8CD7BA1E-087A-044E-AD32-C8B605EE4C4C.root
DONE
Complete at
Fri Jan 31 02:59:26 CET 2020
