job start at
Thu Jan 30 19:15:09 CET 2020
SLURM_JOB_ID: 437684
HOSTNAME: t3wn52
JOBLIST:joblist/joblist_ZH_HToBB_ZToLL_M125_13TeV_powheg_pythia8__RunIIFall17NanoAODv6-PU2017_12Apr2018_Nano25Oct2019_102X_mc2017_realistic_v7-v1__NANOAODSIM_ll.txt
Going to execute
python job.py -i root://cms-xrd-global.cern.ch//store/mc/RunIIFall17NanoAODv6/ZH_HToBB_ZToLL_M125_13TeV_powheg_pythia8/NANOAODSIM/PU2017_12Apr2018_Nano25Oct2019_102X_mc2017_realistic_v7-v1/280000/FA57F73F-50A2-0B48-8210-A60E366CA9DD.root -o /work/pbaertsc/heavy_resonance/output_2017/ZH_HToBB_ZToLL_M125_13TeV_powheg_pythia8__RunIIFall17NanoAODv6-PU2017_12Apr2018_Nano25Oct2019_102X_mc2017_realistic_v7-v1__NANOAODSIM -N ZH_HToBB_ZToLL_M125_13TeV_powheg_pythia8__RunIIFall17NanoAODv6-PU2017_12Apr2018_Nano25Oct2019_102X_mc2017_realistic_v7-v1__NANOAODSIM -n 5 -c ll -y 2017
TClass::Init:0: RuntimeWarning: no dictionary for class ROOT::TIOFeatures is available
/work/pbaertsc/heavy_resonance/CMSSW_9_4_6/python/PhysicsTools/NanoAODTools/postprocessing/framework/treeReaderArrayTools.py:69: RuntimeWarning: creating executor for unknown type "ULong64_t*"
  ret = _vr.Get()[0]
JEC= Fall17_17Nov2017_V32_MC 	 JER= Fall17_V3_MC
MET branch= PuppiMET
JEC= Fall17_17Nov2017_V32_MC 	 JER= Fall17_V3_MC
MET branch= PuppiMET
--------------------------------------------------------------------------------
input files  = ['root://cms-xrd-global.cern.ch//store/mc/RunIIFall17NanoAODv6/ZH_HToBB_ZToLL_M125_13TeV_powheg_pythia8/NANOAODSIM/PU2017_12Apr2018_Nano25Oct2019_102X_mc2017_realistic_v7-v1/280000/FA57F73F-50A2-0B48-8210-A60E366CA9DD.root']
output directory = /work/pbaertsc/heavy_resonance/output_2017/ZH_HToBB_ZToLL_M125_13TeV_powheg_pythia8__RunIIFall17NanoAODv6-PU2017_12Apr2018_Nano25Oct2019_102X_mc2017_realistic_v7-v1__NANOAODSIM
output file  = ZH_HToBB_ZToLL_M125_13TeV_powheg_pythia8__RunIIFall17NanoAODv6-PU2017_12Apr2018_Nano25Oct2019_102X_mc2017_realistic_v7-v1__NANOAODSIM_5_ll.root
chunck       = 5
channel      = ll
dataType     = mc
year         = 2017
tes          = 1.0
ltf          = 1.0
jtf          = 1.0
--------------------------------------------------------------------------------
job.py: creating PostProcessor...
TreeProducer is called /work/pbaertsc/heavy_resonance/output_2017/ZH_HToBB_ZToLL_M125_13TeV_powheg_pythia8__RunIIFall17NanoAODv6-PU2017_12Apr2018_Nano25Oct2019_102X_mc2017_realistic_v7-v1__NANOAODSIM/ZH_HToBB_ZToLL_M125_13TeV_powheg_pythia8__RunIIFall17NanoAODv6-PU2017_12Apr2018_Nano25Oct2019_102X_mc2017_realistic_v7-v1__NANOAODSIM_5_ll.root
job.py: going to run PostProcessor...
Will write selected trees to /work/pbaertsc/heavy_resonance/output_2017/ZH_HToBB_ZToLL_M125_13TeV_powheg_pythia8__RunIIFall17NanoAODv6-PU2017_12Apr2018_Nano25Oct2019_102X_mc2017_realistic_v7-v1__NANOAODSIM
Loading jet energy scale (JES) uncertainties from file '/tmp/tmpTUFJGs/Fall17_17Nov2017_V32_MC_Uncertainty_AK4PFchs.txt'
Loading jet energy resolutions (JER) from file '/tmp/tmp890xxX/Fall17_V3_MC_PtResolution_AK4PFchs.txt'
Loading JER scale factors and uncertainties from file '/tmp/tmp890xxX/Fall17_V3_MC_SF_AK4PFchs.txt'
Loading jet energy scale (JES) uncertainties from file '/tmp/tmpovonZR/Fall17_17Nov2017_V32_MC_Uncertainty_AK8PFPuppi.txt'
Loading jet energy resolutions (JER) from file '/tmp/tmpvHPejg/Fall17_V3_MC_PtResolution_AK8PFPuppi.txt'
Loading JER scale factors and uncertainties from file '/tmp/tmpvHPejg/Fall17_V3_MC_SF_AK8PFPuppi.txt'
Pre-select 287610 entries out of 287610 (100.00%)
nanoAODv5? True
ZtoMM trigger inconsistency
ZtoMM trigger inconsistency
ZtoMM trigger inconsistency
Processed    10000/  287610 entries,  3.48% (elapsed time   208.2s, curr speed    0.048 kHz, avg speed    0.048 kHz), accepted      146/   10001 events ( 1.46%)
TtoEM trigger inconsistency
ZtoMM trigger inconsistency
Processed    20000/  287610 entries,  6.95% (elapsed time   410.2s, curr speed    0.050 kHz, avg speed    0.049 kHz), accepted      286/   20001 events ( 1.43%)
TtoEM trigger inconsistency
ZtoMM trigger inconsistency
ZtoMM trigger inconsistency
ZtoMM trigger inconsistency
ZtoMM trigger inconsistency
TtoEM trigger inconsistency
Processed    30000/  287610 entries, 10.43% (elapsed time   611.2s, curr speed    0.050 kHz, avg speed    0.049 kHz), accepted      433/   30001 events ( 1.44%)
ZtoMM trigger inconsistency
ZtoMM trigger inconsistency
Processed    40000/  287610 entries, 13.91% (elapsed time   793.4s, curr speed    0.055 kHz, avg speed    0.050 kHz), accepted      571/   40001 events ( 1.43%)
ZtoMM trigger inconsistency
ZtoMM trigger inconsistency
ZtoMM trigger inconsistency
ZtoMM trigger inconsistency
Processed    50000/  287610 entries, 17.38% (elapsed time   980.1s, curr speed    0.054 kHz, avg speed    0.051 kHz), accepted      706/   50001 events ( 1.41%)
ZtoMM trigger inconsistency
ZtoMM trigger inconsistency
ZtoMM trigger inconsistency
ZtoMM trigger inconsistency
Processed    60000/  287610 entries, 20.86% (elapsed time  1180.4s, curr speed    0.050 kHz, avg speed    0.051 kHz), accepted      869/   60001 events ( 1.45%)
Processed    70000/  287610 entries, 24.34% (elapsed time  1382.9s, curr speed    0.049 kHz, avg speed    0.051 kHz), accepted     1011/   70001 events ( 1.44%)
ZtoMM trigger inconsistency
Processed    80000/  287610 entries, 27.82% (elapsed time  1585.2s, curr speed    0.049 kHz, avg speed    0.050 kHz), accepted     1166/   80001 events ( 1.46%)
ZtoMM trigger inconsistency
ZtoMM trigger inconsistency
ZtoMM trigger inconsistency
TtoEM trigger inconsistency
ZtoMM trigger inconsistency
Processed    90000/  287610 entries, 31.29% (elapsed time  1788.3s, curr speed    0.049 kHz, avg speed    0.050 kHz), accepted     1318/   90001 events ( 1.46%)
ZtoMM trigger inconsistency
ZtoMM trigger inconsistency
ZtoMM trigger inconsistency
ZtoMM trigger inconsistency
ZtoMM trigger inconsistency
Processed   100000/  287610 entries, 34.77% (elapsed time  2001.4s, curr speed    0.047 kHz, avg speed    0.050 kHz), accepted     1473/  100001 events ( 1.47%)
ZtoMM trigger inconsistency
ZtoMM trigger inconsistency
ZtoMM trigger inconsistency
Processed   110000/  287610 entries, 38.25% (elapsed time  2225.7s, curr speed    0.045 kHz, avg speed    0.049 kHz), accepted     1629/  110001 events ( 1.48%)
ZtoMM trigger inconsistency
Processed   120000/  287610 entries, 41.72% (elapsed time  2449.1s, curr speed    0.045 kHz, avg speed    0.049 kHz), accepted     1786/  120001 events ( 1.49%)
ZtoMM trigger inconsistency
Processed   130000/  287610 entries, 45.20% (elapsed time  2660.2s, curr speed    0.047 kHz, avg speed    0.049 kHz), accepted     1947/  130001 events ( 1.50%)
TtoEM trigger inconsistency
ZtoMM trigger inconsistency
Processed   140000/  287610 entries, 48.68% (elapsed time  2863.6s, curr speed    0.049 kHz, avg speed    0.049 kHz), accepted     2108/  140001 events ( 1.51%)
TtoEM trigger inconsistency
ZtoMM trigger inconsistency
ZtoMM trigger inconsistency
ZtoMM trigger inconsistency
Processed   150000/  287610 entries, 52.15% (elapsed time  3063.6s, curr speed    0.050 kHz, avg speed    0.049 kHz), accepted     2260/  150001 events ( 1.51%)
ZtoMM trigger inconsistency
ZtoMM trigger inconsistency
ZtoMM trigger inconsistency
Processed   160000/  287610 entries, 55.63% (elapsed time  3263.9s, curr speed    0.050 kHz, avg speed    0.049 kHz), accepted     2402/  160001 events ( 1.50%)
ZtoMM trigger inconsistency
ZtoMM trigger inconsistency
ZtoMM trigger inconsistency
ZtoMM trigger inconsistency
Processed   170000/  287610 entries, 59.11% (elapsed time  3458.2s, curr speed    0.051 kHz, avg speed    0.049 kHz), accepted     2560/  170001 events ( 1.51%)
ZtoEE trigger inconsistency
ZtoEE trigger inconsistency
ZtoMM trigger inconsistency
ZtoMM trigger inconsistency
Processed   180000/  287610 entries, 62.58% (elapsed time  3650.3s, curr speed    0.052 kHz, avg speed    0.049 kHz), accepted     2712/  180001 events ( 1.51%)
ZtoMM trigger inconsistency
ZtoMM trigger inconsistency
ZtoMM trigger inconsistency
TtoEM trigger inconsistency
ZtoEE trigger inconsistency
ZtoMM trigger inconsistency
Processed   190000/  287610 entries, 66.06% (elapsed time  3844.1s, curr speed    0.052 kHz, avg speed    0.049 kHz), accepted     2858/  190001 events ( 1.50%)
ZtoMM trigger inconsistency
ZtoMM trigger inconsistency
ZtoMM trigger inconsistency
ZtoMM trigger inconsistency
Processed   200000/  287610 entries, 69.54% (elapsed time  4049.3s, curr speed    0.049 kHz, avg speed    0.049 kHz), accepted     3031/  200001 events ( 1.52%)
ZtoMM trigger inconsistency
ZtoEE trigger inconsistency
Processed   210000/  287610 entries, 73.02% (elapsed time  4255.3s, curr speed    0.049 kHz, avg speed    0.049 kHz), accepted     3192/  210001 events ( 1.52%)
TtoEM trigger inconsistency
ZtoMM trigger inconsistency
ZtoMM trigger inconsistency
ZtoMM trigger inconsistency
Processed   220000/  287610 entries, 76.49% (elapsed time  4451.5s, curr speed    0.051 kHz, avg speed    0.049 kHz), accepted     3326/  220001 events ( 1.51%)
ZtoMM trigger inconsistency
ZtoEE trigger inconsistency
Processed   230000/  287610 entries, 79.97% (elapsed time  4669.7s, curr speed    0.046 kHz, avg speed    0.049 kHz), accepted     3476/  230001 events ( 1.51%)
ZtoMM trigger inconsistency
ZtoMM trigger inconsistency
ZtoMM trigger inconsistency
Bad event
ZtoMM trigger inconsistency
ZtoMM trigger inconsistency
ZtoMM trigger inconsistency
Processed   240000/  287610 entries, 83.45% (elapsed time  4881.5s, curr speed    0.047 kHz, avg speed    0.049 kHz), accepted     3613/  240001 events ( 1.51%)
Processed   250000/  287610 entries, 86.92% (elapsed time  5089.9s, curr speed    0.048 kHz, avg speed    0.049 kHz), accepted     3743/  250001 events ( 1.50%)
ZtoMM trigger inconsistency
TtoEM trigger inconsistency
TtoEM trigger inconsistency
ZtoMM trigger inconsistency
ZtoMM trigger inconsistency
Processed   260000/  287610 entries, 90.40% (elapsed time  5301.5s, curr speed    0.047 kHz, avg speed    0.049 kHz), accepted     3896/  260001 events ( 1.50%)
ZtoMM trigger inconsistency
ZtoMM trigger inconsistency
ZtoMM trigger inconsistency
Processed   270000/  287610 entries, 93.88% (elapsed time  5522.0s, curr speed    0.045 kHz, avg speed    0.049 kHz), accepted     4034/  270001 events ( 1.49%)
ZtoMM trigger inconsistency
TtoEM trigger inconsistency
ZtoMM trigger inconsistency
ZtoMM trigger inconsistency
Processed   280000/  287610 entries, 97.35% (elapsed time  5732.0s, curr speed    0.048 kHz, avg speed    0.049 kHz), accepted     4184/  280001 events ( 1.49%)
ZtoMM trigger inconsistency
ZtoMM trigger inconsistency
Processed 287610 preselected entries from root://cms-xrd-global.cern.ch//store/mc/RunIIFall17NanoAODv6/ZH_HToBB_ZToLL_M125_13TeV_powheg_pythia8/NANOAODSIM/PU2017_12Apr2018_Nano25Oct2019_102X_mc2017_realistic_v7-v1/280000/FA57F73F-50A2-0B48-8210-A60E366CA9DD.root (287610 entries). Finally selected 4302 entries
Done /work/pbaertsc/heavy_resonance/output_2017/ZH_HToBB_ZToLL_M125_13TeV_powheg_pythia8__RunIIFall17NanoAODv6-PU2017_12Apr2018_Nano25Oct2019_102X_mc2017_realistic_v7-v1__NANOAODSIM/FA57F73F-50A2-0B48-8210-A60E366CA9DD.root
48.6115923461 Hz
deleting root file with name: /work/pbaertsc/heavy_resonance/output_2017/ZH_HToBB_ZToLL_M125_13TeV_powheg_pythia8__RunIIFall17NanoAODv6-PU2017_12Apr2018_Nano25Oct2019_102X_mc2017_realistic_v7-v1__NANOAODSIM/FA57F73F-50A2-0B48-8210-A60E366CA9DD.root
DONE
Complete at
Thu Jan 30 21:29:34 CET 2020
