job start at
Thu Jan 30 19:15:02 CET 2020
SLURM_JOB_ID: 437644
HOSTNAME: t3wn51
JOBLIST:joblist/joblist_ZZTo2Q2Nu_TuneCP5_13TeV_amcatnloFXFX_madspin_pythia8__RunIIFall17NanoAODv6-PU2017_12Apr2018_Nano25Oct2019_102X_mc2017_realistic_v7-v1__NANOAODSIM_ll.txt
Going to execute
python job.py -i root://cms-xrd-global.cern.ch//store/mc/RunIIFall17NanoAODv6/ZZTo2Q2Nu_TuneCP5_13TeV_amcatnloFXFX_madspin_pythia8/NANOAODSIM/PU2017_12Apr2018_Nano25Oct2019_102X_mc2017_realistic_v7-v1/70000/957171B1-03E3-904C-B447-F8744DB4BDA3.root -o /work/pbaertsc/heavy_resonance/output_2017/ZZTo2Q2Nu_TuneCP5_13TeV_amcatnloFXFX_madspin_pythia8__RunIIFall17NanoAODv6-PU2017_12Apr2018_Nano25Oct2019_102X_mc2017_realistic_v7-v1__NANOAODSIM -N ZZTo2Q2Nu_TuneCP5_13TeV_amcatnloFXFX_madspin_pythia8__RunIIFall17NanoAODv6-PU2017_12Apr2018_Nano25Oct2019_102X_mc2017_realistic_v7-v1__NANOAODSIM -n 44 -c ll -y 2017
TClass::Init:0: RuntimeWarning: no dictionary for class ROOT::TIOFeatures is available
/work/pbaertsc/heavy_resonance/CMSSW_9_4_6/python/PhysicsTools/NanoAODTools/postprocessing/framework/treeReaderArrayTools.py:69: RuntimeWarning: creating executor for unknown type "ULong64_t*"
  ret = _vr.Get()[0]
JEC= Fall17_17Nov2017_V32_MC 	 JER= Fall17_V3_MC
MET branch= PuppiMET
JEC= Fall17_17Nov2017_V32_MC 	 JER= Fall17_V3_MC
MET branch= PuppiMET
--------------------------------------------------------------------------------
input files  = ['root://cms-xrd-global.cern.ch//store/mc/RunIIFall17NanoAODv6/ZZTo2Q2Nu_TuneCP5_13TeV_amcatnloFXFX_madspin_pythia8/NANOAODSIM/PU2017_12Apr2018_Nano25Oct2019_102X_mc2017_realistic_v7-v1/70000/957171B1-03E3-904C-B447-F8744DB4BDA3.root']
output directory = /work/pbaertsc/heavy_resonance/output_2017/ZZTo2Q2Nu_TuneCP5_13TeV_amcatnloFXFX_madspin_pythia8__RunIIFall17NanoAODv6-PU2017_12Apr2018_Nano25Oct2019_102X_mc2017_realistic_v7-v1__NANOAODSIM
output file  = ZZTo2Q2Nu_TuneCP5_13TeV_amcatnloFXFX_madspin_pythia8__RunIIFall17NanoAODv6-PU2017_12Apr2018_Nano25Oct2019_102X_mc2017_realistic_v7-v1__NANOAODSIM_44_ll.root
chunck       = 44
channel      = ll
dataType     = mc
year         = 2017
tes          = 1.0
ltf          = 1.0
jtf          = 1.0
--------------------------------------------------------------------------------
job.py: creating PostProcessor...
TreeProducer is called /work/pbaertsc/heavy_resonance/output_2017/ZZTo2Q2Nu_TuneCP5_13TeV_amcatnloFXFX_madspin_pythia8__RunIIFall17NanoAODv6-PU2017_12Apr2018_Nano25Oct2019_102X_mc2017_realistic_v7-v1__NANOAODSIM/ZZTo2Q2Nu_TuneCP5_13TeV_amcatnloFXFX_madspin_pythia8__RunIIFall17NanoAODv6-PU2017_12Apr2018_Nano25Oct2019_102X_mc2017_realistic_v7-v1__NANOAODSIM_44_ll.root
job.py: going to run PostProcessor...
Will write selected trees to /work/pbaertsc/heavy_resonance/output_2017/ZZTo2Q2Nu_TuneCP5_13TeV_amcatnloFXFX_madspin_pythia8__RunIIFall17NanoAODv6-PU2017_12Apr2018_Nano25Oct2019_102X_mc2017_realistic_v7-v1__NANOAODSIM
Loading jet energy scale (JES) uncertainties from file '/tmp/tmpA0mY0U/Fall17_17Nov2017_V32_MC_Uncertainty_AK4PFchs.txt'
Loading jet energy resolutions (JER) from file '/tmp/tmpQvIRUH/Fall17_V3_MC_PtResolution_AK4PFchs.txt'
Loading JER scale factors and uncertainties from file '/tmp/tmpQvIRUH/Fall17_V3_MC_SF_AK4PFchs.txt'
Loading jet energy scale (JES) uncertainties from file '/tmp/tmpzVuVHa/Fall17_17Nov2017_V32_MC_Uncertainty_AK8PFPuppi.txt'
Loading jet energy resolutions (JER) from file '/tmp/tmp3SNcK5/Fall17_V3_MC_PtResolution_AK8PFPuppi.txt'
Loading JER scale factors and uncertainties from file '/tmp/tmp3SNcK5/Fall17_V3_MC_SF_AK8PFPuppi.txt'
Pre-select 571583 entries out of 571583 (100.00%)
nanoAODv5? True
Processed    10000/  571583 entries,  1.75% (elapsed time   170.3s, curr speed    0.059 kHz, avg speed    0.059 kHz), accepted      121/   10001 events ( 1.21%)
Bad event
Processed    20000/  571583 entries,  3.50% (elapsed time   335.4s, curr speed    0.061 kHz, avg speed    0.060 kHz), accepted      250/   20001 events ( 1.25%)
Bad event
Processed    30000/  571583 entries,  5.25% (elapsed time   502.5s, curr speed    0.060 kHz, avg speed    0.060 kHz), accepted      371/   30001 events ( 1.24%)
Bad event
Processed    40000/  571583 entries,  7.00% (elapsed time   666.5s, curr speed    0.061 kHz, avg speed    0.060 kHz), accepted      502/   40001 events ( 1.25%)
Processed    50000/  571583 entries,  8.75% (elapsed time   826.8s, curr speed    0.062 kHz, avg speed    0.060 kHz), accepted      632/   50001 events ( 1.26%)
Processed    60000/  571583 entries, 10.50% (elapsed time   990.6s, curr speed    0.061 kHz, avg speed    0.061 kHz), accepted      760/   60001 events ( 1.27%)
Bad event
Processed    70000/  571583 entries, 12.25% (elapsed time  1153.3s, curr speed    0.061 kHz, avg speed    0.061 kHz), accepted      888/   70001 events ( 1.27%)
Processed    80000/  571583 entries, 14.00% (elapsed time  1316.1s, curr speed    0.061 kHz, avg speed    0.061 kHz), accepted     1015/   80001 events ( 1.27%)
Processed    90000/  571583 entries, 15.75% (elapsed time  1478.8s, curr speed    0.061 kHz, avg speed    0.061 kHz), accepted     1151/   90001 events ( 1.28%)
Processed   100000/  571583 entries, 17.50% (elapsed time  1642.5s, curr speed    0.061 kHz, avg speed    0.061 kHz), accepted     1295/  100001 events ( 1.29%)
Processed   110000/  571583 entries, 19.24% (elapsed time  1801.8s, curr speed    0.063 kHz, avg speed    0.061 kHz), accepted     1409/  110001 events ( 1.28%)
Processed   120000/  571583 entries, 20.99% (elapsed time  1962.6s, curr speed    0.062 kHz, avg speed    0.061 kHz), accepted     1516/  120001 events ( 1.26%)
Processed   130000/  571583 entries, 22.74% (elapsed time  2118.2s, curr speed    0.064 kHz, avg speed    0.061 kHz), accepted     1647/  130001 events ( 1.27%)
Processed   140000/  571583 entries, 24.49% (elapsed time  2275.8s, curr speed    0.063 kHz, avg speed    0.062 kHz), accepted     1766/  140001 events ( 1.26%)
Processed   150000/  571583 entries, 26.24% (elapsed time  2429.7s, curr speed    0.065 kHz, avg speed    0.062 kHz), accepted     1901/  150001 events ( 1.27%)
Processed   160000/  571583 entries, 27.99% (elapsed time  2587.8s, curr speed    0.063 kHz, avg speed    0.062 kHz), accepted     2036/  160001 events ( 1.27%)
Bad event
Processed   170000/  571583 entries, 29.74% (elapsed time  2741.7s, curr speed    0.065 kHz, avg speed    0.062 kHz), accepted     2158/  170001 events ( 1.27%)
Processed   180000/  571583 entries, 31.49% (elapsed time  2904.5s, curr speed    0.061 kHz, avg speed    0.062 kHz), accepted     2286/  180001 events ( 1.27%)
Processed   190000/  571583 entries, 33.24% (elapsed time  3067.5s, curr speed    0.061 kHz, avg speed    0.062 kHz), accepted     2421/  190001 events ( 1.27%)
Processed   200000/  571583 entries, 34.99% (elapsed time  3229.7s, curr speed    0.062 kHz, avg speed    0.062 kHz), accepted     2547/  200001 events ( 1.27%)
Processed   210000/  571583 entries, 36.74% (elapsed time  3386.7s, curr speed    0.064 kHz, avg speed    0.062 kHz), accepted     2685/  210001 events ( 1.28%)
Processed   220000/  571583 entries, 38.49% (elapsed time  3539.4s, curr speed    0.065 kHz, avg speed    0.062 kHz), accepted     2807/  220001 events ( 1.28%)
Processed   230000/  571583 entries, 40.24% (elapsed time  3696.0s, curr speed    0.064 kHz, avg speed    0.062 kHz), accepted     2943/  230001 events ( 1.28%)
Processed   240000/  571583 entries, 41.99% (elapsed time  3832.0s, curr speed    0.074 kHz, avg speed    0.063 kHz), accepted     3062/  240001 events ( 1.28%)
Bad event
Processed   250000/  571583 entries, 43.74% (elapsed time  3981.9s, curr speed    0.067 kHz, avg speed    0.063 kHz), accepted     3184/  250001 events ( 1.27%)
Processed   260000/  571583 entries, 45.49% (elapsed time  4120.8s, curr speed    0.072 kHz, avg speed    0.063 kHz), accepted     3322/  260001 events ( 1.28%)
%MSG-e SimpleJetCorrectionUncertainty: 
 bin variables out of range
%MSG
%MSG-e SimpleJetCorrectionUncertainty: 
 bin variables out of range
%MSG
Processed   270000/  571583 entries, 47.24% (elapsed time  4261.4s, curr speed    0.071 kHz, avg speed    0.063 kHz), accepted     3442/  270001 events ( 1.27%)
Processed   280000/  571583 entries, 48.99% (elapsed time  4405.6s, curr speed    0.069 kHz, avg speed    0.064 kHz), accepted     3570/  280001 events ( 1.27%)
Processed   290000/  571583 entries, 50.74% (elapsed time  4541.6s, curr speed    0.074 kHz, avg speed    0.064 kHz), accepted     3696/  290001 events ( 1.27%)
Processed   300000/  571583 entries, 52.49% (elapsed time  4682.5s, curr speed    0.071 kHz, avg speed    0.064 kHz), accepted     3847/  300001 events ( 1.28%)
Processed   310000/  571583 entries, 54.24% (elapsed time  4818.6s, curr speed    0.073 kHz, avg speed    0.064 kHz), accepted     3985/  310001 events ( 1.29%)
Processed   320000/  571583 entries, 55.98% (elapsed time  4965.4s, curr speed    0.068 kHz, avg speed    0.064 kHz), accepted     4111/  320001 events ( 1.28%)
Processed   330000/  571583 entries, 57.73% (elapsed time  5101.9s, curr speed    0.073 kHz, avg speed    0.065 kHz), accepted     4233/  330001 events ( 1.28%)
Processed   340000/  571583 entries, 59.48% (elapsed time  5246.5s, curr speed    0.069 kHz, avg speed    0.065 kHz), accepted     4371/  340001 events ( 1.29%)
Bad event
Processed   350000/  571583 entries, 61.23% (elapsed time  5382.4s, curr speed    0.074 kHz, avg speed    0.065 kHz), accepted     4504/  350001 events ( 1.29%)
Processed   360000/  571583 entries, 62.98% (elapsed time  5520.3s, curr speed    0.072 kHz, avg speed    0.065 kHz), accepted     4640/  360001 events ( 1.29%)
Processed   370000/  571583 entries, 64.73% (elapsed time  5664.2s, curr speed    0.070 kHz, avg speed    0.065 kHz), accepted     4791/  370001 events ( 1.29%)
Processed   380000/  571583 entries, 66.48% (elapsed time  5799.4s, curr speed    0.074 kHz, avg speed    0.066 kHz), accepted     4926/  380001 events ( 1.30%)
Bad event
Processed   390000/  571583 entries, 68.23% (elapsed time  5943.3s, curr speed    0.069 kHz, avg speed    0.066 kHz), accepted     5059/  390001 events ( 1.30%)
Processed   400000/  571583 entries, 69.98% (elapsed time  6076.1s, curr speed    0.075 kHz, avg speed    0.066 kHz), accepted     5194/  400001 events ( 1.30%)
Processed   410000/  571583 entries, 71.73% (elapsed time  6215.5s, curr speed    0.072 kHz, avg speed    0.066 kHz), accepted     5335/  410001 events ( 1.30%)
Processed   420000/  571583 entries, 73.48% (elapsed time  6351.2s, curr speed    0.074 kHz, avg speed    0.066 kHz), accepted     5461/  420001 events ( 1.30%)
Processed   430000/  571583 entries, 75.23% (elapsed time  6481.2s, curr speed    0.077 kHz, avg speed    0.066 kHz), accepted     5580/  430001 events ( 1.30%)
Processed   440000/  571583 entries, 76.98% (elapsed time  6620.9s, curr speed    0.072 kHz, avg speed    0.066 kHz), accepted     5724/  440001 events ( 1.30%)
Processed   450000/  571583 entries, 78.73% (elapsed time  6745.8s, curr speed    0.080 kHz, avg speed    0.067 kHz), accepted     5851/  450001 events ( 1.30%)
Processed   460000/  571583 entries, 80.48% (elapsed time  6885.8s, curr speed    0.071 kHz, avg speed    0.067 kHz), accepted     5954/  460001 events ( 1.29%)
Processed   470000/  571583 entries, 82.23% (elapsed time  7017.9s, curr speed    0.076 kHz, avg speed    0.067 kHz), accepted     6080/  470001 events ( 1.29%)
Processed   480000/  571583 entries, 83.98% (elapsed time  7153.1s, curr speed    0.074 kHz, avg speed    0.067 kHz), accepted     6192/  480001 events ( 1.29%)
Bad event
Processed   490000/  571583 entries, 85.73% (elapsed time  7288.9s, curr speed    0.074 kHz, avg speed    0.067 kHz), accepted     6316/  490001 events ( 1.29%)
Bad event
Processed   500000/  571583 entries, 87.48% (elapsed time  7416.3s, curr speed    0.078 kHz, avg speed    0.067 kHz), accepted     6437/  500001 events ( 1.29%)
Processed   510000/  571583 entries, 89.23% (elapsed time  7556.9s, curr speed    0.071 kHz, avg speed    0.067 kHz), accepted     6583/  510001 events ( 1.29%)
Processed   520000/  571583 entries, 90.98% (elapsed time  7693.5s, curr speed    0.073 kHz, avg speed    0.068 kHz), accepted     6732/  520001 events ( 1.29%)
Processed   530000/  571583 entries, 92.72% (elapsed time  7838.1s, curr speed    0.069 kHz, avg speed    0.068 kHz), accepted     6860/  530001 events ( 1.29%)
Processed   540000/  571583 entries, 94.47% (elapsed time  7974.9s, curr speed    0.073 kHz, avg speed    0.068 kHz), accepted     6994/  540001 events ( 1.30%)
Processed   550000/  571583 entries, 96.22% (elapsed time  8110.7s, curr speed    0.074 kHz, avg speed    0.068 kHz), accepted     7127/  550001 events ( 1.30%)
Bad event
Processed   560000/  571583 entries, 97.97% (elapsed time  8250.6s, curr speed    0.071 kHz, avg speed    0.068 kHz), accepted     7259/  560001 events ( 1.30%)
Processed   570000/  571583 entries, 99.72% (elapsed time  8377.8s, curr speed    0.079 kHz, avg speed    0.068 kHz), accepted     7383/  570001 events ( 1.30%)
Processed 571583 preselected entries from root://cms-xrd-global.cern.ch//store/mc/RunIIFall17NanoAODv6/ZZTo2Q2Nu_TuneCP5_13TeV_amcatnloFXFX_madspin_pythia8/NANOAODSIM/PU2017_12Apr2018_Nano25Oct2019_102X_mc2017_realistic_v7-v1/70000/957171B1-03E3-904C-B447-F8744DB4BDA3.root (571583 entries). Finally selected 7404 entries
Done /work/pbaertsc/heavy_resonance/output_2017/ZZTo2Q2Nu_TuneCP5_13TeV_amcatnloFXFX_madspin_pythia8__RunIIFall17NanoAODv6-PU2017_12Apr2018_Nano25Oct2019_102X_mc2017_realistic_v7-v1__NANOAODSIM/957171B1-03E3-904C-B447-F8744DB4BDA3.root
67.7937093252 Hz
deleting root file with name: /work/pbaertsc/heavy_resonance/output_2017/ZZTo2Q2Nu_TuneCP5_13TeV_amcatnloFXFX_madspin_pythia8__RunIIFall17NanoAODv6-PU2017_12Apr2018_Nano25Oct2019_102X_mc2017_realistic_v7-v1__NANOAODSIM/957171B1-03E3-904C-B447-F8744DB4BDA3.root
DONE
Complete at
Thu Jan 30 22:25:04 CET 2020
