job start at
Thu Jan 30 19:14:55 CET 2020
SLURM_JOB_ID: 437520
HOSTNAME: t3wn43
JOBLIST:joblist/joblist_WWToLNuQQ_NNPDF31_TuneCP5_13TeV-powheg-pythia8__RunIIFall17NanoAODv6-PU2017_12Apr2018_Nano25Oct2019_new_pmx_102X_mc2017_realistic_v7-v1__NANOAODSIM_ll.txt
Going to execute
python job.py -i root://cms-xrd-global.cern.ch//store/mc/RunIIFall17NanoAODv6/WWToLNuQQ_NNPDF31_TuneCP5_13TeV-powheg-pythia8/NANOAODSIM/PU2017_12Apr2018_Nano25Oct2019_new_pmx_102X_mc2017_realistic_v7-v1/70000/5DD14E58-C0FC-F041-9034-B6B1EA617669.root -o /work/pbaertsc/heavy_resonance/output_2017/WWToLNuQQ_NNPDF31_TuneCP5_13TeV-powheg-pythia8__RunIIFall17NanoAODv6-PU2017_12Apr2018_Nano25Oct2019_new_pmx_102X_mc2017_realistic_v7-v1__NANOAODSIM -N WWToLNuQQ_NNPDF31_TuneCP5_13TeV-powheg-pythia8__RunIIFall17NanoAODv6-PU2017_12Apr2018_Nano25Oct2019_new_pmx_102X_mc2017_realistic_v7-v1__NANOAODSIM -n 10 -c ll -y 2017
TClass::Init:0: RuntimeWarning: no dictionary for class ROOT::TIOFeatures is available
/work/pbaertsc/heavy_resonance/CMSSW_9_4_6/python/PhysicsTools/NanoAODTools/postprocessing/framework/treeReaderArrayTools.py:69: RuntimeWarning: creating executor for unknown type "ULong64_t*"
  ret = _vr.Get()[0]
JEC= Fall17_17Nov2017_V32_MC 	 JER= Fall17_V3_MC
MET branch= PuppiMET
JEC= Fall17_17Nov2017_V32_MC 	 JER= Fall17_V3_MC
MET branch= PuppiMET
--------------------------------------------------------------------------------
input files  = ['root://cms-xrd-global.cern.ch//store/mc/RunIIFall17NanoAODv6/WWToLNuQQ_NNPDF31_TuneCP5_13TeV-powheg-pythia8/NANOAODSIM/PU2017_12Apr2018_Nano25Oct2019_new_pmx_102X_mc2017_realistic_v7-v1/70000/5DD14E58-C0FC-F041-9034-B6B1EA617669.root']
output directory = /work/pbaertsc/heavy_resonance/output_2017/WWToLNuQQ_NNPDF31_TuneCP5_13TeV-powheg-pythia8__RunIIFall17NanoAODv6-PU2017_12Apr2018_Nano25Oct2019_new_pmx_102X_mc2017_realistic_v7-v1__NANOAODSIM
output file  = WWToLNuQQ_NNPDF31_TuneCP5_13TeV-powheg-pythia8__RunIIFall17NanoAODv6-PU2017_12Apr2018_Nano25Oct2019_new_pmx_102X_mc2017_realistic_v7-v1__NANOAODSIM_10_ll.root
chunck       = 10
channel      = ll
dataType     = mc
year         = 2017
tes          = 1.0
ltf          = 1.0
jtf          = 1.0
--------------------------------------------------------------------------------
job.py: creating PostProcessor...
TreeProducer is called /work/pbaertsc/heavy_resonance/output_2017/WWToLNuQQ_NNPDF31_TuneCP5_13TeV-powheg-pythia8__RunIIFall17NanoAODv6-PU2017_12Apr2018_Nano25Oct2019_new_pmx_102X_mc2017_realistic_v7-v1__NANOAODSIM/WWToLNuQQ_NNPDF31_TuneCP5_13TeV-powheg-pythia8__RunIIFall17NanoAODv6-PU2017_12Apr2018_Nano25Oct2019_new_pmx_102X_mc2017_realistic_v7-v1__NANOAODSIM_10_ll.root
job.py: going to run PostProcessor...
Will write selected trees to /work/pbaertsc/heavy_resonance/output_2017/WWToLNuQQ_NNPDF31_TuneCP5_13TeV-powheg-pythia8__RunIIFall17NanoAODv6-PU2017_12Apr2018_Nano25Oct2019_new_pmx_102X_mc2017_realistic_v7-v1__NANOAODSIM
Loading jet energy scale (JES) uncertainties from file '/tmp/tmpbEv0Dt/Fall17_17Nov2017_V32_MC_Uncertainty_AK4PFchs.txt'
Loading jet energy resolutions (JER) from file '/tmp/tmpnCvQEn/Fall17_V3_MC_PtResolution_AK4PFchs.txt'
Loading JER scale factors and uncertainties from file '/tmp/tmpnCvQEn/Fall17_V3_MC_SF_AK4PFchs.txt'
Loading jet energy scale (JES) uncertainties from file '/tmp/tmp5HM7pO/Fall17_17Nov2017_V32_MC_Uncertainty_AK8PFPuppi.txt'
Loading jet energy resolutions (JER) from file '/tmp/tmpZ8CyPZ/Fall17_V3_MC_PtResolution_AK8PFPuppi.txt'
Loading JER scale factors and uncertainties from file '/tmp/tmpZ8CyPZ/Fall17_V3_MC_SF_AK8PFPuppi.txt'
Pre-select 94810 entries out of 94810 (100.00%)
nanoAODv5? True
Processed    10000/   94810 entries, 10.55% (elapsed time   294.5s, curr speed    0.034 kHz, avg speed    0.034 kHz), accepted       20/   10001 events ( 0.20%)
Processed    20000/   94810 entries, 21.09% (elapsed time   559.0s, curr speed    0.038 kHz, avg speed    0.036 kHz), accepted       33/   20001 events ( 0.16%)
Bad event
Processed    30000/   94810 entries, 31.64% (elapsed time   845.8s, curr speed    0.035 kHz, avg speed    0.035 kHz), accepted       58/   30001 events ( 0.19%)
Processed    40000/   94810 entries, 42.19% (elapsed time  1139.5s, curr speed    0.034 kHz, avg speed    0.035 kHz), accepted       74/   40001 events ( 0.18%)
Processed    50000/   94810 entries, 52.74% (elapsed time  1416.7s, curr speed    0.036 kHz, avg speed    0.035 kHz), accepted       94/   50001 events ( 0.19%)
Processed    60000/   94810 entries, 63.28% (elapsed time  1688.3s, curr speed    0.037 kHz, avg speed    0.036 kHz), accepted      112/   60001 events ( 0.19%)
Processed    70000/   94810 entries, 73.83% (elapsed time  1959.1s, curr speed    0.037 kHz, avg speed    0.036 kHz), accepted      139/   70001 events ( 0.20%)
Processed    80000/   94810 entries, 84.38% (elapsed time  2230.1s, curr speed    0.037 kHz, avg speed    0.036 kHz), accepted      160/   80001 events ( 0.20%)
Processed    90000/   94810 entries, 94.93% (elapsed time  2496.0s, curr speed    0.038 kHz, avg speed    0.036 kHz), accepted      173/   90001 events ( 0.19%)
Processed 94810 preselected entries from root://cms-xrd-global.cern.ch//store/mc/RunIIFall17NanoAODv6/WWToLNuQQ_NNPDF31_TuneCP5_13TeV-powheg-pythia8/NANOAODSIM/PU2017_12Apr2018_Nano25Oct2019_new_pmx_102X_mc2017_realistic_v7-v1/70000/5DD14E58-C0FC-F041-9034-B6B1EA617669.root (94810 entries). Finally selected 185 entries
Done /work/pbaertsc/heavy_resonance/output_2017/WWToLNuQQ_NNPDF31_TuneCP5_13TeV-powheg-pythia8__RunIIFall17NanoAODv6-PU2017_12Apr2018_Nano25Oct2019_new_pmx_102X_mc2017_realistic_v7-v1__NANOAODSIM/5DD14E58-C0FC-F041-9034-B6B1EA617669.root
36.1888185292 Hz
deleting root file with name: /work/pbaertsc/heavy_resonance/output_2017/WWToLNuQQ_NNPDF31_TuneCP5_13TeV-powheg-pythia8__RunIIFall17NanoAODv6-PU2017_12Apr2018_Nano25Oct2019_new_pmx_102X_mc2017_realistic_v7-v1__NANOAODSIM/5DD14E58-C0FC-F041-9034-B6B1EA617669.root
DONE
Complete at
Thu Jan 30 20:44:23 CET 2020
