job start at
Tue Jan 28 20:30:33 CET 2020
SLURM_JOB_ID: 421630
HOSTNAME: t3wn33
JOBLIST:joblist/joblist_ZprimeToZHToZinvHall_narrow_M-1000_TuneCP5_13TeV-madgraph-pythia8__RunIIAutumn18NanoAODv6-Nano25Oct2019_102X_upgrade2018_realistic_v20-v1__NANOAODSIM_ll.txt
Going to execute
python job.py -i root://cms-xrd-global.cern.ch//store/mc/RunIIAutumn18NanoAODv6/ZprimeToZHToZinvHall_narrow_M-1000_TuneCP5_13TeV-madgraph-pythia8/NANOAODSIM/Nano25Oct2019_102X_upgrade2018_realistic_v20-v1/250000/40F370D5-2E8B-7043-BA01-20A3A4EDDA5C.root -o /work/pbaertsc/heavy_resonance/output_2018/ZprimeToZHToZinvHall_narrow_M-1000_TuneCP5_13TeV-madgraph-pythia8__RunIIAutumn18NanoAODv6-Nano25Oct2019_102X_upgrade2018_realistic_v20-v1__NANOAODSIM -N ZprimeToZHToZinvHall_narrow_M-1000_TuneCP5_13TeV-madgraph-pythia8__RunIIAutumn18NanoAODv6-Nano25Oct2019_102X_upgrade2018_realistic_v20-v1__NANOAODSIM -n 0 -c ll -y 2018
TClass::Init:0: RuntimeWarning: no dictionary for class ROOT::TIOFeatures is available
/work/pbaertsc/heavy_resonance/CMSSW_9_4_6/python/PhysicsTools/NanoAODTools/postprocessing/framework/treeReaderArrayTools.py:69: RuntimeWarning: creating executor for unknown type "ULong64_t*"
  ret = _vr.Get()[0]
JEC= Autumn18_V19_MC 	 JER= Autumn18_V7_MC
MET branch= PuppiMET
JEC= Autumn18_V19_MC 	 JER= Autumn18_V7_MC
MET branch= PuppiMET
--------------------------------------------------------------------------------
input files  = ['root://cms-xrd-global.cern.ch//store/mc/RunIIAutumn18NanoAODv6/ZprimeToZHToZinvHall_narrow_M-1000_TuneCP5_13TeV-madgraph-pythia8/NANOAODSIM/Nano25Oct2019_102X_upgrade2018_realistic_v20-v1/250000/40F370D5-2E8B-7043-BA01-20A3A4EDDA5C.root']
output directory = /work/pbaertsc/heavy_resonance/output_2018/ZprimeToZHToZinvHall_narrow_M-1000_TuneCP5_13TeV-madgraph-pythia8__RunIIAutumn18NanoAODv6-Nano25Oct2019_102X_upgrade2018_realistic_v20-v1__NANOAODSIM
output file  = ZprimeToZHToZinvHall_narrow_M-1000_TuneCP5_13TeV-madgraph-pythia8__RunIIAutumn18NanoAODv6-Nano25Oct2019_102X_upgrade2018_realistic_v20-v1__NANOAODSIM_0_ll.root
chunck       = 0
channel      = ll
dataType     = mc
year         = 2018
tes          = 1.0
ltf          = 1.0
jtf          = 1.0
--------------------------------------------------------------------------------
job.py: creating PostProcessor...
TreeProducer is called /work/pbaertsc/heavy_resonance/output_2018/ZprimeToZHToZinvHall_narrow_M-1000_TuneCP5_13TeV-madgraph-pythia8__RunIIAutumn18NanoAODv6-Nano25Oct2019_102X_upgrade2018_realistic_v20-v1__NANOAODSIM/ZprimeToZHToZinvHall_narrow_M-1000_TuneCP5_13TeV-madgraph-pythia8__RunIIAutumn18NanoAODv6-Nano25Oct2019_102X_upgrade2018_realistic_v20-v1__NANOAODSIM_0_ll.root
job.py: going to run PostProcessor...
Will write selected trees to /work/pbaertsc/heavy_resonance/output_2018/ZprimeToZHToZinvHall_narrow_M-1000_TuneCP5_13TeV-madgraph-pythia8__RunIIAutumn18NanoAODv6-Nano25Oct2019_102X_upgrade2018_realistic_v20-v1__NANOAODSIM
Loading jet energy scale (JES) uncertainties from file '/tmp/tmpfoXGCw/Autumn18_V19_MC_Uncertainty_AK4PFchs.txt'
Loading jet energy resolutions (JER) from file '/tmp/tmpBCVXuF/Autumn18_V7_MC_PtResolution_AK4PFchs.txt'
Loading JER scale factors and uncertainties from file '/tmp/tmpBCVXuF/Autumn18_V7_MC_SF_AK4PFchs.txt'
Loading jet energy scale (JES) uncertainties from file '/tmp/tmpcrHNs0/Autumn18_V19_MC_Uncertainty_AK8PFPuppi.txt'
Loading jet energy resolutions (JER) from file '/tmp/tmpEPlXgQ/Autumn18_V7_MC_PtResolution_AK8PFPuppi.txt'
Loading JER scale factors and uncertainties from file '/tmp/tmpEPlXgQ/Autumn18_V7_MC_SF_AK8PFPuppi.txt'
Pre-select 100000 entries out of 100000 (100.00%)
nanoAODv5? True
TtoEM trigger inconsistency
Bad event
TtoEM trigger inconsistency
Bad event
Bad event
TtoEM trigger inconsistency
Bad event
Bad event
TtoEM trigger inconsistency
Processed    10000/  100000 entries, 10.00% (elapsed time   182.6s, curr speed    0.055 kHz, avg speed    0.055 kHz), accepted     7966/   10001 events (79.65%)
TtoEM trigger inconsistency
TtoEM trigger inconsistency
TtoEM trigger inconsistency
Bad event
TtoEM trigger inconsistency
TtoEM trigger inconsistency
Bad event
TtoEM trigger inconsistency
TtoEM trigger inconsistency
TtoEM trigger inconsistency
Bad event
Bad event
Bad event
Bad event
Bad event
TtoEM trigger inconsistency
Bad event
Processed    20000/  100000 entries, 20.00% (elapsed time   356.9s, curr speed    0.057 kHz, avg speed    0.056 kHz), accepted    15934/   20001 events (79.67%)
Bad event
Bad event
Bad event
TtoEM trigger inconsistency
TtoEM trigger inconsistency
Bad event
TtoEM trigger inconsistency
Bad event
Processed    30000/  100000 entries, 30.00% (elapsed time   535.9s, curr speed    0.056 kHz, avg speed    0.056 kHz), accepted    23928/   30001 events (79.76%)
Bad event
TtoEM trigger inconsistency
TtoEM trigger inconsistency
TtoEM trigger inconsistency
TtoEM trigger inconsistency
TtoEM trigger inconsistency
TtoEM trigger inconsistency
TtoEM trigger inconsistency
Bad event
ZtoMM trigger inconsistency
Bad event
TtoEM trigger inconsistency
Processed    40000/  100000 entries, 40.00% (elapsed time   710.8s, curr speed    0.057 kHz, avg speed    0.056 kHz), accepted    31959/   40001 events (79.90%)
TtoEM trigger inconsistency
Bad event
Bad event
Bad event
Bad event
Bad event
Processed    50000/  100000 entries, 50.00% (elapsed time   889.8s, curr speed    0.056 kHz, avg speed    0.056 kHz), accepted    39998/   50001 events (79.99%)
Bad event
TtoEM trigger inconsistency
TtoEM trigger inconsistency
Bad event
Bad event
Bad event
TtoEM trigger inconsistency
TtoEM trigger inconsistency
Bad event
Bad event
Processed    60000/  100000 entries, 60.00% (elapsed time  1070.6s, curr speed    0.055 kHz, avg speed    0.056 kHz), accepted    48000/   60001 events (80.00%)
TtoEM trigger inconsistency
Bad event
TtoEM trigger inconsistency
TtoEM trigger inconsistency
TtoEM trigger inconsistency
Bad event
Bad event
TtoEM trigger inconsistency
TtoEM trigger inconsistency
TtoEM trigger inconsistency
TtoEM trigger inconsistency
TtoEM trigger inconsistency
Bad event
Processed    70000/  100000 entries, 70.00% (elapsed time  1247.2s, curr speed    0.057 kHz, avg speed    0.056 kHz), accepted    56046/   70001 events (80.06%)
Bad event
TtoEM trigger inconsistency
TtoEM trigger inconsistency
Bad event
Bad event
TtoEM trigger inconsistency
TtoEM trigger inconsistency
Bad event
Bad event
Processed    80000/  100000 entries, 80.00% (elapsed time  1428.9s, curr speed    0.055 kHz, avg speed    0.056 kHz), accepted    64035/   80001 events (80.04%)
Bad event
Bad event
TtoEM trigger inconsistency
TtoEM trigger inconsistency
TtoEM trigger inconsistency
Bad event
TtoEM trigger inconsistency
Bad event
Bad event
Bad event
TtoEM trigger inconsistency
Processed    90000/  100000 entries, 90.00% (elapsed time  1607.0s, curr speed    0.056 kHz, avg speed    0.056 kHz), accepted    71951/   90001 events (79.94%)
Bad event
Bad event
TtoEM trigger inconsistency
Bad event
Bad event
Bad event
TtoEM trigger inconsistency
TtoEM trigger inconsistency
TtoEM trigger inconsistency
ZtoMM trigger inconsistency
TtoEM trigger inconsistency
Bad event
TtoEM trigger inconsistency
Bad event
Bad event
Processed 100000 preselected entries from root://cms-xrd-global.cern.ch//store/mc/RunIIAutumn18NanoAODv6/ZprimeToZHToZinvHall_narrow_M-1000_TuneCP5_13TeV-madgraph-pythia8/NANOAODSIM/Nano25Oct2019_102X_upgrade2018_realistic_v20-v1/250000/40F370D5-2E8B-7043-BA01-20A3A4EDDA5C.root (100000 entries). Finally selected 79962 entries
Done /work/pbaertsc/heavy_resonance/output_2018/ZprimeToZHToZinvHall_narrow_M-1000_TuneCP5_13TeV-madgraph-pythia8__RunIIAutumn18NanoAODv6-Nano25Oct2019_102X_upgrade2018_realistic_v20-v1__NANOAODSIM/40F370D5-2E8B-7043-BA01-20A3A4EDDA5C.root
50.9730760212 Hz
deleting root file with name: /work/pbaertsc/heavy_resonance/output_2018/ZprimeToZHToZinvHall_narrow_M-1000_TuneCP5_13TeV-madgraph-pythia8__RunIIAutumn18NanoAODv6-Nano25Oct2019_102X_upgrade2018_realistic_v20-v1__NANOAODSIM/40F370D5-2E8B-7043-BA01-20A3A4EDDA5C.root
DONE
Complete at
Tue Jan 28 21:35:34 CET 2020
