job start at
Tue Jan 28 20:57:19 CET 2020
SLURM_JOB_ID: 422237
HOSTNAME: t3wn43
JOBLIST:joblist/joblist_ZZTo2Q2Nu_TuneCP5_13TeV_amcatnloFXFX_madspin_pythia8__RunIIFall17NanoAODv6-PU2017_12Apr2018_Nano25Oct2019_102X_mc2017_realistic_v7-v1__NANOAODSIM_ll.txt
Going to execute
python job.py -i root://cms-xrd-global.cern.ch//store/mc/RunIIFall17NanoAODv6/ZZTo2Q2Nu_TuneCP5_13TeV_amcatnloFXFX_madspin_pythia8/NANOAODSIM/PU2017_12Apr2018_Nano25Oct2019_102X_mc2017_realistic_v7-v1/270000/C38781D9-EB45-2941-8B60-8FF2292C0663.root -o /work/pbaertsc/heavy_resonance/output_2017/ZZTo2Q2Nu_TuneCP5_13TeV_amcatnloFXFX_madspin_pythia8__RunIIFall17NanoAODv6-PU2017_12Apr2018_Nano25Oct2019_102X_mc2017_realistic_v7-v1__NANOAODSIM -N ZZTo2Q2Nu_TuneCP5_13TeV_amcatnloFXFX_madspin_pythia8__RunIIFall17NanoAODv6-PU2017_12Apr2018_Nano25Oct2019_102X_mc2017_realistic_v7-v1__NANOAODSIM -n 3 -c ll -y 2017
TClass::Init:0: RuntimeWarning: no dictionary for class ROOT::TIOFeatures is available
/work/pbaertsc/heavy_resonance/CMSSW_9_4_6/python/PhysicsTools/NanoAODTools/postprocessing/framework/treeReaderArrayTools.py:69: RuntimeWarning: creating executor for unknown type "ULong64_t*"
  ret = _vr.Get()[0]
JEC= Fall17_17Nov2017_V32_MC 	 JER= Fall17_V3_MC
MET branch= PuppiMET
JEC= Fall17_17Nov2017_V32_MC 	 JER= Fall17_V3_MC
MET branch= PuppiMET
--------------------------------------------------------------------------------
input files  = ['root://cms-xrd-global.cern.ch//store/mc/RunIIFall17NanoAODv6/ZZTo2Q2Nu_TuneCP5_13TeV_amcatnloFXFX_madspin_pythia8/NANOAODSIM/PU2017_12Apr2018_Nano25Oct2019_102X_mc2017_realistic_v7-v1/270000/C38781D9-EB45-2941-8B60-8FF2292C0663.root']
output directory = /work/pbaertsc/heavy_resonance/output_2017/ZZTo2Q2Nu_TuneCP5_13TeV_amcatnloFXFX_madspin_pythia8__RunIIFall17NanoAODv6-PU2017_12Apr2018_Nano25Oct2019_102X_mc2017_realistic_v7-v1__NANOAODSIM
output file  = ZZTo2Q2Nu_TuneCP5_13TeV_amcatnloFXFX_madspin_pythia8__RunIIFall17NanoAODv6-PU2017_12Apr2018_Nano25Oct2019_102X_mc2017_realistic_v7-v1__NANOAODSIM_3_ll.root
chunck       = 3
channel      = ll
dataType     = mc
year         = 2017
tes          = 1.0
ltf          = 1.0
jtf          = 1.0
--------------------------------------------------------------------------------
job.py: creating PostProcessor...
TreeProducer is called /work/pbaertsc/heavy_resonance/output_2017/ZZTo2Q2Nu_TuneCP5_13TeV_amcatnloFXFX_madspin_pythia8__RunIIFall17NanoAODv6-PU2017_12Apr2018_Nano25Oct2019_102X_mc2017_realistic_v7-v1__NANOAODSIM/ZZTo2Q2Nu_TuneCP5_13TeV_amcatnloFXFX_madspin_pythia8__RunIIFall17NanoAODv6-PU2017_12Apr2018_Nano25Oct2019_102X_mc2017_realistic_v7-v1__NANOAODSIM_3_ll.root
job.py: going to run PostProcessor...
Will write selected trees to /work/pbaertsc/heavy_resonance/output_2017/ZZTo2Q2Nu_TuneCP5_13TeV_amcatnloFXFX_madspin_pythia8__RunIIFall17NanoAODv6-PU2017_12Apr2018_Nano25Oct2019_102X_mc2017_realistic_v7-v1__NANOAODSIM
Loading jet energy scale (JES) uncertainties from file '/tmp/tmpnSg0uk/Fall17_17Nov2017_V32_MC_Uncertainty_AK4PFchs.txt'
Loading jet energy resolutions (JER) from file '/tmp/tmpkaDvAL/Fall17_V3_MC_PtResolution_AK4PFchs.txt'
Loading JER scale factors and uncertainties from file '/tmp/tmpkaDvAL/Fall17_V3_MC_SF_AK4PFchs.txt'
Loading jet energy scale (JES) uncertainties from file '/tmp/tmpfas5PA/Fall17_17Nov2017_V32_MC_Uncertainty_AK8PFPuppi.txt'
Loading jet energy resolutions (JER) from file '/tmp/tmpeGY8Cx/Fall17_V3_MC_PtResolution_AK8PFPuppi.txt'
Loading JER scale factors and uncertainties from file '/tmp/tmpeGY8Cx/Fall17_V3_MC_SF_AK8PFPuppi.txt'
Pre-select 1201573 entries out of 1201573 (100.00%)
nanoAODv5? True
Bad event
Processed    10000/ 1201573 entries,  0.83% (elapsed time   276.6s, curr speed    0.036 kHz, avg speed    0.036 kHz), accepted      148/   10001 events ( 1.48%)
Bad event
Processed    20000/ 1201573 entries,  1.66% (elapsed time   544.7s, curr speed    0.037 kHz, avg speed    0.037 kHz), accepted      264/   20001 events ( 1.32%)
Processed    30000/ 1201573 entries,  2.50% (elapsed time   814.0s, curr speed    0.037 kHz, avg speed    0.037 kHz), accepted      400/   30001 events ( 1.33%)
Processed    40000/ 1201573 entries,  3.33% (elapsed time  1076.5s, curr speed    0.038 kHz, avg speed    0.037 kHz), accepted      524/   40001 events ( 1.31%)
Processed    50000/ 1201573 entries,  4.16% (elapsed time  1339.2s, curr speed    0.038 kHz, avg speed    0.037 kHz), accepted      666/   50001 events ( 1.33%)
Processed    60000/ 1201573 entries,  4.99% (elapsed time  1602.7s, curr speed    0.038 kHz, avg speed    0.037 kHz), accepted      802/   60001 events ( 1.34%)
Processed    70000/ 1201573 entries,  5.83% (elapsed time  1873.8s, curr speed    0.037 kHz, avg speed    0.037 kHz), accepted      937/   70001 events ( 1.34%)
Processed    80000/ 1201573 entries,  6.66% (elapsed time  2144.0s, curr speed    0.037 kHz, avg speed    0.037 kHz), accepted     1051/   80001 events ( 1.31%)
Processed    90000/ 1201573 entries,  7.49% (elapsed time  2411.9s, curr speed    0.037 kHz, avg speed    0.037 kHz), accepted     1190/   90001 events ( 1.32%)
Processed   100000/ 1201573 entries,  8.32% (elapsed time  2677.5s, curr speed    0.038 kHz, avg speed    0.037 kHz), accepted     1320/  100001 events ( 1.32%)
Processed   110000/ 1201573 entries,  9.15% (elapsed time  2946.3s, curr speed    0.037 kHz, avg speed    0.037 kHz), accepted     1474/  110001 events ( 1.34%)
Processed   120000/ 1201573 entries,  9.99% (elapsed time  3215.2s, curr speed    0.037 kHz, avg speed    0.037 kHz), accepted     1616/  120001 events ( 1.35%)
Processed   130000/ 1201573 entries, 10.82% (elapsed time  3483.8s, curr speed    0.037 kHz, avg speed    0.037 kHz), accepted     1745/  130001 events ( 1.34%)
Processed   140000/ 1201573 entries, 11.65% (elapsed time  3753.3s, curr speed    0.037 kHz, avg speed    0.037 kHz), accepted     1874/  140001 events ( 1.34%)
Bad event
Processed   150000/ 1201573 entries, 12.48% (elapsed time  4001.8s, curr speed    0.040 kHz, avg speed    0.037 kHz), accepted     2023/  150001 events ( 1.35%)
Bad event
Processed   160000/ 1201573 entries, 13.32% (elapsed time  4255.3s, curr speed    0.039 kHz, avg speed    0.038 kHz), accepted     2141/  160001 events ( 1.34%)
Processed   170000/ 1201573 entries, 14.15% (elapsed time  4494.0s, curr speed    0.042 kHz, avg speed    0.038 kHz), accepted     2262/  170001 events ( 1.33%)
Processed   180000/ 1201573 entries, 14.98% (elapsed time  4741.5s, curr speed    0.040 kHz, avg speed    0.038 kHz), accepted     2388/  180001 events ( 1.33%)
Processed   190000/ 1201573 entries, 15.81% (elapsed time  4980.9s, curr speed    0.042 kHz, avg speed    0.038 kHz), accepted     2522/  190001 events ( 1.33%)
Processed   200000/ 1201573 entries, 16.64% (elapsed time  5215.6s, curr speed    0.043 kHz, avg speed    0.038 kHz), accepted     2630/  200001 events ( 1.31%)
Processed   210000/ 1201573 entries, 17.48% (elapsed time  5449.5s, curr speed    0.043 kHz, avg speed    0.039 kHz), accepted     2762/  210001 events ( 1.32%)
Bad event
Processed   220000/ 1201573 entries, 18.31% (elapsed time  5677.5s, curr speed    0.044 kHz, avg speed    0.039 kHz), accepted     2888/  220001 events ( 1.31%)
Processed   230000/ 1201573 entries, 19.14% (elapsed time  5898.9s, curr speed    0.045 kHz, avg speed    0.039 kHz), accepted     3001/  230001 events ( 1.30%)
Bad event
Processed   240000/ 1201573 entries, 19.97% (elapsed time  6123.2s, curr speed    0.045 kHz, avg speed    0.039 kHz), accepted     3125/  240001 events ( 1.30%)
Processed   250000/ 1201573 entries, 20.81% (elapsed time  6354.8s, curr speed    0.043 kHz, avg speed    0.039 kHz), accepted     3248/  250001 events ( 1.30%)
Processed   260000/ 1201573 entries, 21.64% (elapsed time  6582.8s, curr speed    0.044 kHz, avg speed    0.039 kHz), accepted     3394/  260001 events ( 1.31%)
Processed   270000/ 1201573 entries, 22.47% (elapsed time  6805.8s, curr speed    0.045 kHz, avg speed    0.040 kHz), accepted     3512/  270001 events ( 1.30%)
Processed   280000/ 1201573 entries, 23.30% (elapsed time  7029.4s, curr speed    0.045 kHz, avg speed    0.040 kHz), accepted     3656/  280001 events ( 1.31%)
Processed   290000/ 1201573 entries, 24.14% (elapsed time  7249.6s, curr speed    0.045 kHz, avg speed    0.040 kHz), accepted     3781/  290001 events ( 1.30%)
Bad event
Processed   300000/ 1201573 entries, 24.97% (elapsed time  7468.1s, curr speed    0.046 kHz, avg speed    0.040 kHz), accepted     3906/  300001 events ( 1.30%)
Bad event
Processed   310000/ 1201573 entries, 25.80% (elapsed time  7689.5s, curr speed    0.045 kHz, avg speed    0.040 kHz), accepted     4033/  310001 events ( 1.30%)
Processed   320000/ 1201573 entries, 26.63% (elapsed time  7909.1s, curr speed    0.046 kHz, avg speed    0.040 kHz), accepted     4151/  320001 events ( 1.30%)
Processed   330000/ 1201573 entries, 27.46% (elapsed time  8129.6s, curr speed    0.045 kHz, avg speed    0.041 kHz), accepted     4282/  330001 events ( 1.30%)
Processed   340000/ 1201573 entries, 28.30% (elapsed time  8354.4s, curr speed    0.044 kHz, avg speed    0.041 kHz), accepted     4411/  340001 events ( 1.30%)
Processed   350000/ 1201573 entries, 29.13% (elapsed time  8567.0s, curr speed    0.047 kHz, avg speed    0.041 kHz), accepted     4547/  350001 events ( 1.30%)
Processed   360000/ 1201573 entries, 29.96% (elapsed time  8788.0s, curr speed    0.045 kHz, avg speed    0.041 kHz), accepted     4679/  360001 events ( 1.30%)
Bad event
Bad event
Processed   370000/ 1201573 entries, 30.79% (elapsed time  9007.8s, curr speed    0.045 kHz, avg speed    0.041 kHz), accepted     4790/  370001 events ( 1.29%)
Processed   380000/ 1201573 entries, 31.63% (elapsed time  9217.0s, curr speed    0.048 kHz, avg speed    0.041 kHz), accepted     4929/  380001 events ( 1.30%)
Processed   390000/ 1201573 entries, 32.46% (elapsed time  9420.5s, curr speed    0.049 kHz, avg speed    0.041 kHz), accepted     5051/  390001 events ( 1.30%)
Processed   400000/ 1201573 entries, 33.29% (elapsed time  9624.5s, curr speed    0.049 kHz, avg speed    0.042 kHz), accepted     5172/  400001 events ( 1.29%)
Processed   410000/ 1201573 entries, 34.12% (elapsed time  9830.5s, curr speed    0.049 kHz, avg speed    0.042 kHz), accepted     5295/  410001 events ( 1.29%)
Processed   420000/ 1201573 entries, 34.95% (elapsed time 10040.7s, curr speed    0.048 kHz, avg speed    0.042 kHz), accepted     5434/  420001 events ( 1.29%)
Processed   430000/ 1201573 entries, 35.79% (elapsed time 10242.5s, curr speed    0.050 kHz, avg speed    0.042 kHz), accepted     5572/  430001 events ( 1.30%)
Processed   440000/ 1201573 entries, 36.62% (elapsed time 10454.1s, curr speed    0.047 kHz, avg speed    0.042 kHz), accepted     5701/  440001 events ( 1.30%)
Processed   450000/ 1201573 entries, 37.45% (elapsed time 10662.1s, curr speed    0.048 kHz, avg speed    0.042 kHz), accepted     5826/  450001 events ( 1.29%)
Processed   460000/ 1201573 entries, 38.28% (elapsed time 10877.9s, curr speed    0.046 kHz, avg speed    0.042 kHz), accepted     5959/  460001 events ( 1.30%)
Processed   470000/ 1201573 entries, 39.12% (elapsed time 11082.1s, curr speed    0.049 kHz, avg speed    0.042 kHz), accepted     6084/  470001 events ( 1.29%)
Processed   480000/ 1201573 entries, 39.95% (elapsed time 11284.9s, curr speed    0.049 kHz, avg speed    0.043 kHz), accepted     6220/  480001 events ( 1.30%)
Processed   490000/ 1201573 entries, 40.78% (elapsed time 11498.2s, curr speed    0.047 kHz, avg speed    0.043 kHz), accepted     6329/  490001 events ( 1.29%)
Processed   500000/ 1201573 entries, 41.61% (elapsed time 11699.3s, curr speed    0.050 kHz, avg speed    0.043 kHz), accepted     6469/  500001 events ( 1.29%)
Processed   510000/ 1201573 entries, 42.44% (elapsed time 11911.6s, curr speed    0.047 kHz, avg speed    0.043 kHz), accepted     6611/  510001 events ( 1.30%)
Bad event
Processed   520000/ 1201573 entries, 43.28% (elapsed time 12112.0s, curr speed    0.050 kHz, avg speed    0.043 kHz), accepted     6736/  520001 events ( 1.30%)
Processed   530000/ 1201573 entries, 44.11% (elapsed time 12320.9s, curr speed    0.048 kHz, avg speed    0.043 kHz), accepted     6873/  530001 events ( 1.30%)
Processed   540000/ 1201573 entries, 44.94% (elapsed time 12527.6s, curr speed    0.048 kHz, avg speed    0.043 kHz), accepted     7007/  540001 events ( 1.30%)
Bad event
Processed   550000/ 1201573 entries, 45.77% (elapsed time 12732.7s, curr speed    0.049 kHz, avg speed    0.043 kHz), accepted     7149/  550001 events ( 1.30%)
Processed   560000/ 1201573 entries, 46.61% (elapsed time 12938.8s, curr speed    0.049 kHz, avg speed    0.043 kHz), accepted     7269/  560001 events ( 1.30%)
Processed   570000/ 1201573 entries, 47.44% (elapsed time 13148.7s, curr speed    0.048 kHz, avg speed    0.043 kHz), accepted     7406/  570001 events ( 1.30%)
Processed   580000/ 1201573 entries, 48.27% (elapsed time 13354.8s, curr speed    0.049 kHz, avg speed    0.043 kHz), accepted     7539/  580001 events ( 1.30%)
Processed   590000/ 1201573 entries, 49.10% (elapsed time 13585.5s, curr speed    0.043 kHz, avg speed    0.043 kHz), accepted     7655/  590001 events ( 1.30%)
Bad event
Processed   600000/ 1201573 entries, 49.93% (elapsed time 13800.9s, curr speed    0.046 kHz, avg speed    0.043 kHz), accepted     7786/  600001 events ( 1.30%)
Processed   610000/ 1201573 entries, 50.77% (elapsed time 14008.0s, curr speed    0.048 kHz, avg speed    0.044 kHz), accepted     7923/  610001 events ( 1.30%)
Processed   620000/ 1201573 entries, 51.60% (elapsed time 14212.2s, curr speed    0.049 kHz, avg speed    0.044 kHz), accepted     8068/  620001 events ( 1.30%)
Processed   630000/ 1201573 entries, 52.43% (elapsed time 14436.4s, curr speed    0.045 kHz, avg speed    0.044 kHz), accepted     8202/  630001 events ( 1.30%)
Bad event
Processed   640000/ 1201573 entries, 53.26% (elapsed time 14669.5s, curr speed    0.043 kHz, avg speed    0.044 kHz), accepted     8352/  640001 events ( 1.30%)
Bad event
Processed   650000/ 1201573 entries, 54.10% (elapsed time 14892.6s, curr speed    0.045 kHz, avg speed    0.044 kHz), accepted     8495/  650001 events ( 1.31%)
Bad event
Processed   660000/ 1201573 entries, 54.93% (elapsed time 15099.5s, curr speed    0.048 kHz, avg speed    0.044 kHz), accepted     8632/  660001 events ( 1.31%)
Processed   670000/ 1201573 entries, 55.76% (elapsed time 15305.5s, curr speed    0.049 kHz, avg speed    0.044 kHz), accepted     8766/  670001 events ( 1.31%)
Processed   680000/ 1201573 entries, 56.59% (elapsed time 15518.2s, curr speed    0.047 kHz, avg speed    0.044 kHz), accepted     8897/  680001 events ( 1.31%)
Bad event
Processed   690000/ 1201573 entries, 57.42% (elapsed time 15723.6s, curr speed    0.049 kHz, avg speed    0.044 kHz), accepted     9023/  690001 events ( 1.31%)
Processed   700000/ 1201573 entries, 58.26% (elapsed time 15930.6s, curr speed    0.048 kHz, avg speed    0.044 kHz), accepted     9157/  700001 events ( 1.31%)
Processed   710000/ 1201573 entries, 59.09% (elapsed time 16140.2s, curr speed    0.048 kHz, avg speed    0.044 kHz), accepted     9280/  710001 events ( 1.31%)
Processed   720000/ 1201573 entries, 59.92% (elapsed time 16345.1s, curr speed    0.049 kHz, avg speed    0.044 kHz), accepted     9422/  720001 events ( 1.31%)
Processed   730000/ 1201573 entries, 60.75% (elapsed time 16552.2s, curr speed    0.048 kHz, avg speed    0.044 kHz), accepted     9540/  730001 events ( 1.31%)
Processed   740000/ 1201573 entries, 61.59% (elapsed time 16752.7s, curr speed    0.050 kHz, avg speed    0.044 kHz), accepted     9673/  740001 events ( 1.31%)
Processed   750000/ 1201573 entries, 62.42% (elapsed time 16964.0s, curr speed    0.047 kHz, avg speed    0.044 kHz), accepted     9799/  750001 events ( 1.31%)
Processed   760000/ 1201573 entries, 63.25% (elapsed time 17179.7s, curr speed    0.046 kHz, avg speed    0.044 kHz), accepted     9934/  760001 events ( 1.31%)
Processed   770000/ 1201573 entries, 64.08% (elapsed time 17382.0s, curr speed    0.049 kHz, avg speed    0.044 kHz), accepted    10050/  770001 events ( 1.31%)
Processed   780000/ 1201573 entries, 64.91% (elapsed time 17592.0s, curr speed    0.048 kHz, avg speed    0.044 kHz), accepted    10160/  780001 events ( 1.30%)
Processed   790000/ 1201573 entries, 65.75% (elapsed time 17804.5s, curr speed    0.047 kHz, avg speed    0.044 kHz), accepted    10302/  790001 events ( 1.30%)
Processed   800000/ 1201573 entries, 66.58% (elapsed time 18004.8s, curr speed    0.050 kHz, avg speed    0.044 kHz), accepted    10417/  800001 events ( 1.30%)
Processed   810000/ 1201573 entries, 67.41% (elapsed time 18213.4s, curr speed    0.048 kHz, avg speed    0.044 kHz), accepted    10537/  810001 events ( 1.30%)
Bad event
Bad event
Processed   820000/ 1201573 entries, 68.24% (elapsed time 18412.7s, curr speed    0.050 kHz, avg speed    0.045 kHz), accepted    10673/  820001 events ( 1.30%)
Processed   830000/ 1201573 entries, 69.08% (elapsed time 18620.5s, curr speed    0.048 kHz, avg speed    0.045 kHz), accepted    10803/  830001 events ( 1.30%)
Processed   840000/ 1201573 entries, 69.91% (elapsed time 18833.2s, curr speed    0.047 kHz, avg speed    0.045 kHz), accepted    10930/  840001 events ( 1.30%)
Processed   850000/ 1201573 entries, 70.74% (elapsed time 19035.4s, curr speed    0.049 kHz, avg speed    0.045 kHz), accepted    11078/  850001 events ( 1.30%)
Processed   860000/ 1201573 entries, 71.57% (elapsed time 19242.8s, curr speed    0.048 kHz, avg speed    0.045 kHz), accepted    11209/  860001 events ( 1.30%)
Processed   870000/ 1201573 entries, 72.41% (elapsed time 19448.8s, curr speed    0.049 kHz, avg speed    0.045 kHz), accepted    11349/  870001 events ( 1.30%)
Processed   880000/ 1201573 entries, 73.24% (elapsed time 19659.4s, curr speed    0.047 kHz, avg speed    0.045 kHz), accepted    11464/  880001 events ( 1.30%)
Processed   890000/ 1201573 entries, 74.07% (elapsed time 19869.7s, curr speed    0.048 kHz, avg speed    0.045 kHz), accepted    11604/  890001 events ( 1.30%)
Processed   900000/ 1201573 entries, 74.90% (elapsed time 20086.7s, curr speed    0.046 kHz, avg speed    0.045 kHz), accepted    11734/  900001 events ( 1.30%)
Processed   910000/ 1201573 entries, 75.73% (elapsed time 20287.8s, curr speed    0.050 kHz, avg speed    0.045 kHz), accepted    11880/  910001 events ( 1.31%)
Processed   920000/ 1201573 entries, 76.57% (elapsed time 20498.7s, curr speed    0.047 kHz, avg speed    0.045 kHz), accepted    12013/  920001 events ( 1.31%)
Bad event
Processed   930000/ 1201573 entries, 77.40% (elapsed time 20696.8s, curr speed    0.050 kHz, avg speed    0.045 kHz), accepted    12135/  930001 events ( 1.30%)
Processed   940000/ 1201573 entries, 78.23% (elapsed time 20904.2s, curr speed    0.048 kHz, avg speed    0.045 kHz), accepted    12276/  940001 events ( 1.31%)
Processed   950000/ 1201573 entries, 79.06% (elapsed time 21107.7s, curr speed    0.049 kHz, avg speed    0.045 kHz), accepted    12394/  950001 events ( 1.30%)
Processed   960000/ 1201573 entries, 79.90% (elapsed time 21312.3s, curr speed    0.049 kHz, avg speed    0.045 kHz), accepted    12536/  960001 events ( 1.31%)
Processed   970000/ 1201573 entries, 80.73% (elapsed time 21523.7s, curr speed    0.047 kHz, avg speed    0.045 kHz), accepted    12673/  970001 events ( 1.31%)
Bad event
Processed   980000/ 1201573 entries, 81.56% (elapsed time 21736.2s, curr speed    0.047 kHz, avg speed    0.045 kHz), accepted    12824/  980001 events ( 1.31%)
Processed   990000/ 1201573 entries, 82.39% (elapsed time 21946.4s, curr speed    0.048 kHz, avg speed    0.045 kHz), accepted    12957/  990001 events ( 1.31%)
Processed  1000000/ 1201573 entries, 83.22% (elapsed time 22158.1s, curr speed    0.047 kHz, avg speed    0.045 kHz), accepted    13082/ 1000001 events ( 1.31%)
Processed  1010000/ 1201573 entries, 84.06% (elapsed time 22363.6s, curr speed    0.049 kHz, avg speed    0.045 kHz), accepted    13211/ 1010001 events ( 1.31%)
Processed  1020000/ 1201573 entries, 84.89% (elapsed time 22569.4s, curr speed    0.049 kHz, avg speed    0.045 kHz), accepted    13341/ 1020001 events ( 1.31%)
Bad event
Processed  1030000/ 1201573 entries, 85.72% (elapsed time 22772.1s, curr speed    0.049 kHz, avg speed    0.045 kHz), accepted    13482/ 1030001 events ( 1.31%)
Processed  1040000/ 1201573 entries, 86.55% (elapsed time 22986.0s, curr speed    0.047 kHz, avg speed    0.045 kHz), accepted    13631/ 1040001 events ( 1.31%)
Processed  1050000/ 1201573 entries, 87.39% (elapsed time 23201.7s, curr speed    0.046 kHz, avg speed    0.045 kHz), accepted    13766/ 1050001 events ( 1.31%)
Bad event
Processed  1060000/ 1201573 entries, 88.22% (elapsed time 23408.2s, curr speed    0.048 kHz, avg speed    0.045 kHz), accepted    13898/ 1060001 events ( 1.31%)
Bad event
Processed  1070000/ 1201573 entries, 89.05% (elapsed time 23615.2s, curr speed    0.048 kHz, avg speed    0.045 kHz), accepted    14018/ 1070001 events ( 1.31%)
Processed  1080000/ 1201573 entries, 89.88% (elapsed time 23826.2s, curr speed    0.047 kHz, avg speed    0.045 kHz), accepted    14154/ 1080001 events ( 1.31%)
Processed  1090000/ 1201573 entries, 90.71% (elapsed time 24033.2s, curr speed    0.048 kHz, avg speed    0.045 kHz), accepted    14304/ 1090001 events ( 1.31%)
Bad event
Processed  1100000/ 1201573 entries, 91.55% (elapsed time 24239.3s, curr speed    0.049 kHz, avg speed    0.045 kHz), accepted    14443/ 1100001 events ( 1.31%)
Processed  1110000/ 1201573 entries, 92.38% (elapsed time 24457.9s, curr speed    0.046 kHz, avg speed    0.045 kHz), accepted    14565/ 1110001 events ( 1.31%)
Processed  1120000/ 1201573 entries, 93.21% (elapsed time 24650.6s, curr speed    0.052 kHz, avg speed    0.045 kHz), accepted    14697/ 1120001 events ( 1.31%)
Processed  1130000/ 1201573 entries, 94.04% (elapsed time 24865.8s, curr speed    0.046 kHz, avg speed    0.045 kHz), accepted    14833/ 1130001 events ( 1.31%)
Processed  1140000/ 1201573 entries, 94.88% (elapsed time 25056.2s, curr speed    0.053 kHz, avg speed    0.045 kHz), accepted    14978/ 1140001 events ( 1.31%)
Bad event
Processed  1150000/ 1201573 entries, 95.71% (elapsed time 25259.0s, curr speed    0.049 kHz, avg speed    0.046 kHz), accepted    15114/ 1150001 events ( 1.31%)
Processed  1160000/ 1201573 entries, 96.54% (elapsed time 25467.2s, curr speed    0.048 kHz, avg speed    0.046 kHz), accepted    15250/ 1160001 events ( 1.31%)
Processed  1170000/ 1201573 entries, 97.37% (elapsed time 25677.4s, curr speed    0.048 kHz, avg speed    0.046 kHz), accepted    15386/ 1170001 events ( 1.32%)
Processed  1180000/ 1201573 entries, 98.20% (elapsed time 25887.2s, curr speed    0.048 kHz, avg speed    0.046 kHz), accepted    15518/ 1180001 events ( 1.32%)
Bad event
Processed  1190000/ 1201573 entries, 99.04% (elapsed time 26092.2s, curr speed    0.049 kHz, avg speed    0.046 kHz), accepted    15643/ 1190001 events ( 1.31%)
Processed  1200000/ 1201573 entries, 99.87% (elapsed time 26306.1s, curr speed    0.047 kHz, avg speed    0.046 kHz), accepted    15779/ 1200001 events ( 1.31%)
Processed 1201573 preselected entries from root://cms-xrd-global.cern.ch//store/mc/RunIIFall17NanoAODv6/ZZTo2Q2Nu_TuneCP5_13TeV_amcatnloFXFX_madspin_pythia8/NANOAODSIM/PU2017_12Apr2018_Nano25Oct2019_102X_mc2017_realistic_v7-v1/270000/C38781D9-EB45-2941-8B60-8FF2292C0663.root (1201573 entries). Finally selected 15792 entries
Done /work/pbaertsc/heavy_resonance/output_2017/ZZTo2Q2Nu_TuneCP5_13TeV_amcatnloFXFX_madspin_pythia8__RunIIFall17NanoAODv6-PU2017_12Apr2018_Nano25Oct2019_102X_mc2017_realistic_v7-v1__NANOAODSIM/C38781D9-EB45-2941-8B60-8FF2292C0663.root
45.5138357064 Hz
deleting root file with name: /work/pbaertsc/heavy_resonance/output_2017/ZZTo2Q2Nu_TuneCP5_13TeV_amcatnloFXFX_madspin_pythia8__RunIIFall17NanoAODv6-PU2017_12Apr2018_Nano25Oct2019_102X_mc2017_realistic_v7-v1__NANOAODSIM/C38781D9-EB45-2941-8B60-8FF2292C0663.root
DONE
Complete at
Wed Jan 29 05:56:28 CET 2020
