job start at
Thu Jan 30 19:32:29 CET 2020
SLURM_JOB_ID: 439135
HOSTNAME: t3wn53
JOBLIST:joblist/joblist_ZZTo4L_13TeV_powheg_pythia8_ext1__RunIISummer16NanoAODv6-PUMoriond17_Nano25Oct2019_102X_mcRun2_asymptotic_v7-v1__NANOAODSIM_ll.txt
Going to execute
python job.py -i root://cms-xrd-global.cern.ch//store/mc/RunIISummer16NanoAODv6/ZZTo4L_13TeV_powheg_pythia8_ext1/NANOAODSIM/PUMoriond17_Nano25Oct2019_102X_mcRun2_asymptotic_v7-v1/270000/E4181B0D-7F0B-8F4E-9737-FC04DE78716A.root -o /work/pbaertsc/heavy_resonance/output_2016/ZZTo4L_13TeV_powheg_pythia8_ext1__RunIISummer16NanoAODv6-PUMoriond17_Nano25Oct2019_102X_mcRun2_asymptotic_v7-v1__NANOAODSIM -N ZZTo4L_13TeV_powheg_pythia8_ext1__RunIISummer16NanoAODv6-PUMoriond17_Nano25Oct2019_102X_mcRun2_asymptotic_v7-v1__NANOAODSIM -n 18 -c ll -y 2016
TClass::Init:0: RuntimeWarning: no dictionary for class ROOT::TIOFeatures is available
/work/pbaertsc/heavy_resonance/CMSSW_9_4_6/python/PhysicsTools/NanoAODTools/postprocessing/framework/treeReaderArrayTools.py:69: RuntimeWarning: creating executor for unknown type "ULong64_t*"
  ret = _vr.Get()[0]
JEC= Summer16_07Aug2017_V11_MC 	 JER= Summer16_25nsV1_MC
MET branch= PuppiMET
JEC= Summer16_07Aug2017_V11_MC 	 JER= Summer16_25nsV1_MC
MET branch= PuppiMET
--------------------------------------------------------------------------------
input files  = ['root://cms-xrd-global.cern.ch//store/mc/RunIISummer16NanoAODv6/ZZTo4L_13TeV_powheg_pythia8_ext1/NANOAODSIM/PUMoriond17_Nano25Oct2019_102X_mcRun2_asymptotic_v7-v1/270000/E4181B0D-7F0B-8F4E-9737-FC04DE78716A.root']
output directory = /work/pbaertsc/heavy_resonance/output_2016/ZZTo4L_13TeV_powheg_pythia8_ext1__RunIISummer16NanoAODv6-PUMoriond17_Nano25Oct2019_102X_mcRun2_asymptotic_v7-v1__NANOAODSIM
output file  = ZZTo4L_13TeV_powheg_pythia8_ext1__RunIISummer16NanoAODv6-PUMoriond17_Nano25Oct2019_102X_mcRun2_asymptotic_v7-v1__NANOAODSIM_18_ll.root
chunck       = 18
channel      = ll
dataType     = mc
year         = 2016
tes          = 1.0
ltf          = 1.0
jtf          = 1.0
--------------------------------------------------------------------------------
job.py: creating PostProcessor...
TreeProducer is called /work/pbaertsc/heavy_resonance/output_2016/ZZTo4L_13TeV_powheg_pythia8_ext1__RunIISummer16NanoAODv6-PUMoriond17_Nano25Oct2019_102X_mcRun2_asymptotic_v7-v1__NANOAODSIM/ZZTo4L_13TeV_powheg_pythia8_ext1__RunIISummer16NanoAODv6-PUMoriond17_Nano25Oct2019_102X_mcRun2_asymptotic_v7-v1__NANOAODSIM_18_ll.root
job.py: going to run PostProcessor...
Will write selected trees to /work/pbaertsc/heavy_resonance/output_2016/ZZTo4L_13TeV_powheg_pythia8_ext1__RunIISummer16NanoAODv6-PUMoriond17_Nano25Oct2019_102X_mcRun2_asymptotic_v7-v1__NANOAODSIM
Loading jet energy scale (JES) uncertainties from file '/tmp/tmp8i4MGL/Summer16_07Aug2017_V11_MC_Uncertainty_AK4PFchs.txt'
Loading jet energy resolutions (JER) from file '/tmp/tmpKgV8ak/Summer16_25nsV1_MC_PtResolution_AK4PFchs.txt'
Loading JER scale factors and uncertainties from file '/tmp/tmpKgV8ak/Summer16_25nsV1_MC_SF_AK4PFchs.txt'
Loading jet energy scale (JES) uncertainties from file '/tmp/tmppZNGtk/Summer16_07Aug2017_V11_MC_Uncertainty_AK8PFPuppi.txt'
Loading jet energy resolutions (JER) from file '/tmp/tmpMB4qdC/Summer16_25nsV1_MC_PtResolution_AK8PFPuppi.txt'
Loading JER scale factors and uncertainties from file '/tmp/tmpMB4qdC/Summer16_25nsV1_MC_SF_AK8PFPuppi.txt'
Pre-select 2011665 entries out of 2011665 (100.00%)
nanoAODv5? True
ZtoMM trigger inconsistency
Processed    10000/ 2011665 entries,  0.50% (elapsed time   148.5s, curr speed    0.067 kHz, avg speed    0.067 kHz), accepted       13/   10001 events ( 0.13%)
ZtoMM trigger inconsistency
Processed    20000/ 2011665 entries,  0.99% (elapsed time   293.0s, curr speed    0.069 kHz, avg speed    0.068 kHz), accepted       29/   20001 events ( 0.14%)
Processed    30000/ 2011665 entries,  1.49% (elapsed time   435.0s, curr speed    0.070 kHz, avg speed    0.069 kHz), accepted       43/   30001 events ( 0.14%)
ZtoMM trigger inconsistency
Processed    40000/ 2011665 entries,  1.99% (elapsed time   574.2s, curr speed    0.072 kHz, avg speed    0.070 kHz), accepted       55/   40001 events ( 0.14%)
ZtoMM trigger inconsistency
Processed    50000/ 2011665 entries,  2.49% (elapsed time   714.5s, curr speed    0.071 kHz, avg speed    0.070 kHz), accepted       70/   50001 events ( 0.14%)
Processed    60000/ 2011665 entries,  2.98% (elapsed time   838.2s, curr speed    0.081 kHz, avg speed    0.072 kHz), accepted       88/   60001 events ( 0.15%)
ZtoEE trigger inconsistency
TtoEM trigger inconsistency
Processed    70000/ 2011665 entries,  3.48% (elapsed time   982.7s, curr speed    0.069 kHz, avg speed    0.071 kHz), accepted      106/   70001 events ( 0.15%)
ZtoMM trigger inconsistency
Processed    80000/ 2011665 entries,  3.98% (elapsed time  1123.4s, curr speed    0.071 kHz, avg speed    0.071 kHz), accepted      122/   80001 events ( 0.15%)
ZtoMM trigger inconsistency
Processed    90000/ 2011665 entries,  4.47% (elapsed time  1260.4s, curr speed    0.073 kHz, avg speed    0.071 kHz), accepted      140/   90001 events ( 0.16%)
Processed   100000/ 2011665 entries,  4.97% (elapsed time  1399.8s, curr speed    0.072 kHz, avg speed    0.071 kHz), accepted      156/  100001 events ( 0.16%)
Processed   110000/ 2011665 entries,  5.47% (elapsed time  1543.0s, curr speed    0.070 kHz, avg speed    0.071 kHz), accepted      167/  110001 events ( 0.15%)
Processed   120000/ 2011665 entries,  5.97% (elapsed time  1685.4s, curr speed    0.070 kHz, avg speed    0.071 kHz), accepted      173/  120001 events ( 0.14%)
ZtoMM trigger inconsistency
Processed   130000/ 2011665 entries,  6.46% (elapsed time  1826.2s, curr speed    0.071 kHz, avg speed    0.071 kHz), accepted      190/  130001 events ( 0.15%)
Processed   140000/ 2011665 entries,  6.96% (elapsed time  1965.3s, curr speed    0.072 kHz, avg speed    0.071 kHz), accepted      205/  140001 events ( 0.15%)
Processed   150000/ 2011665 entries,  7.46% (elapsed time  2104.1s, curr speed    0.072 kHz, avg speed    0.071 kHz), accepted      220/  150001 events ( 0.15%)
Processed   160000/ 2011665 entries,  7.95% (elapsed time  2242.8s, curr speed    0.072 kHz, avg speed    0.071 kHz), accepted      232/  160001 events ( 0.14%)
Processed   170000/ 2011665 entries,  8.45% (elapsed time  2381.3s, curr speed    0.072 kHz, avg speed    0.071 kHz), accepted      246/  170001 events ( 0.14%)
Processed   180000/ 2011665 entries,  8.95% (elapsed time  2521.0s, curr speed    0.072 kHz, avg speed    0.071 kHz), accepted      264/  180001 events ( 0.15%)
ZtoMM trigger inconsistency
Processed   190000/ 2011665 entries,  9.44% (elapsed time  2658.9s, curr speed    0.072 kHz, avg speed    0.071 kHz), accepted      274/  190001 events ( 0.14%)
Processed   200000/ 2011665 entries,  9.94% (elapsed time  2801.9s, curr speed    0.070 kHz, avg speed    0.071 kHz), accepted      294/  200001 events ( 0.15%)
Processed   210000/ 2011665 entries, 10.44% (elapsed time  2942.2s, curr speed    0.071 kHz, avg speed    0.071 kHz), accepted      303/  210001 events ( 0.14%)
ZtoMM trigger inconsistency
Processed   220000/ 2011665 entries, 10.94% (elapsed time  3082.2s, curr speed    0.071 kHz, avg speed    0.071 kHz), accepted      316/  220001 events ( 0.14%)
Processed   230000/ 2011665 entries, 11.43% (elapsed time  3218.9s, curr speed    0.073 kHz, avg speed    0.071 kHz), accepted      336/  230001 events ( 0.15%)
Processed   240000/ 2011665 entries, 11.93% (elapsed time  3358.9s, curr speed    0.071 kHz, avg speed    0.071 kHz), accepted      356/  240001 events ( 0.15%)
TtoEM trigger inconsistency
Processed   250000/ 2011665 entries, 12.43% (elapsed time  3497.2s, curr speed    0.072 kHz, avg speed    0.071 kHz), accepted      366/  250001 events ( 0.15%)
ZtoMM trigger inconsistency
TtoEM trigger inconsistency
Processed   260000/ 2011665 entries, 12.92% (elapsed time  3636.3s, curr speed    0.072 kHz, avg speed    0.072 kHz), accepted      380/  260001 events ( 0.15%)
Processed   270000/ 2011665 entries, 13.42% (elapsed time  3776.9s, curr speed    0.071 kHz, avg speed    0.071 kHz), accepted      388/  270001 events ( 0.14%)
ZtoMM trigger inconsistency
Processed   280000/ 2011665 entries, 13.92% (elapsed time  3919.4s, curr speed    0.070 kHz, avg speed    0.071 kHz), accepted      404/  280001 events ( 0.14%)
Processed   290000/ 2011665 entries, 14.42% (elapsed time  4059.0s, curr speed    0.072 kHz, avg speed    0.071 kHz), accepted      419/  290001 events ( 0.14%)
ZtoMM trigger inconsistency
Processed   300000/ 2011665 entries, 14.91% (elapsed time  4198.5s, curr speed    0.072 kHz, avg speed    0.071 kHz), accepted      433/  300001 events ( 0.14%)
Processed   310000/ 2011665 entries, 15.41% (elapsed time  4339.2s, curr speed    0.071 kHz, avg speed    0.071 kHz), accepted      449/  310001 events ( 0.14%)
TtoEM trigger inconsistency
ZtoEE trigger inconsistency
Processed   320000/ 2011665 entries, 15.91% (elapsed time  4477.5s, curr speed    0.072 kHz, avg speed    0.071 kHz), accepted      469/  320001 events ( 0.15%)
Processed   330000/ 2011665 entries, 16.40% (elapsed time  4614.8s, curr speed    0.073 kHz, avg speed    0.072 kHz), accepted      486/  330001 events ( 0.15%)
TtoEM trigger inconsistency
Processed   340000/ 2011665 entries, 16.90% (elapsed time  4756.8s, curr speed    0.070 kHz, avg speed    0.071 kHz), accepted      504/  340001 events ( 0.15%)
Processed   350000/ 2011665 entries, 17.40% (elapsed time  4902.0s, curr speed    0.069 kHz, avg speed    0.071 kHz), accepted      519/  350001 events ( 0.15%)
Processed   360000/ 2011665 entries, 17.90% (elapsed time  5046.4s, curr speed    0.069 kHz, avg speed    0.071 kHz), accepted      531/  360001 events ( 0.15%)
ZtoMM trigger inconsistency
Processed   370000/ 2011665 entries, 18.39% (elapsed time  5190.7s, curr speed    0.069 kHz, avg speed    0.071 kHz), accepted      547/  370001 events ( 0.15%)
Processed   380000/ 2011665 entries, 18.89% (elapsed time  5334.9s, curr speed    0.069 kHz, avg speed    0.071 kHz), accepted      564/  380001 events ( 0.15%)
Processed   390000/ 2011665 entries, 19.39% (elapsed time  5476.7s, curr speed    0.071 kHz, avg speed    0.071 kHz), accepted      583/  390001 events ( 0.15%)
Processed   400000/ 2011665 entries, 19.88% (elapsed time  5620.7s, curr speed    0.069 kHz, avg speed    0.071 kHz), accepted      598/  400001 events ( 0.15%)
ZtoMM trigger inconsistency
Processed   410000/ 2011665 entries, 20.38% (elapsed time  5762.2s, curr speed    0.071 kHz, avg speed    0.071 kHz), accepted      616/  410001 events ( 0.15%)
Processed   420000/ 2011665 entries, 20.88% (elapsed time  5904.4s, curr speed    0.070 kHz, avg speed    0.071 kHz), accepted      630/  420001 events ( 0.15%)
TtoEM trigger inconsistency
TtoEM trigger inconsistency
Processed   430000/ 2011665 entries, 21.38% (elapsed time  6043.5s, curr speed    0.072 kHz, avg speed    0.071 kHz), accepted      645/  430001 events ( 0.15%)
ZtoMM trigger inconsistency
Processed   440000/ 2011665 entries, 21.87% (elapsed time  6186.7s, curr speed    0.070 kHz, avg speed    0.071 kHz), accepted      663/  440001 events ( 0.15%)
Processed   450000/ 2011665 entries, 22.37% (elapsed time  6330.4s, curr speed    0.070 kHz, avg speed    0.071 kHz), accepted      671/  450001 events ( 0.15%)
Processed   460000/ 2011665 entries, 22.87% (elapsed time  6472.1s, curr speed    0.071 kHz, avg speed    0.071 kHz), accepted      688/  460001 events ( 0.15%)
Processed   470000/ 2011665 entries, 23.36% (elapsed time  6614.8s, curr speed    0.070 kHz, avg speed    0.071 kHz), accepted      693/  470001 events ( 0.15%)
ZtoMM trigger inconsistency
Processed   480000/ 2011665 entries, 23.86% (elapsed time  6758.5s, curr speed    0.070 kHz, avg speed    0.071 kHz), accepted      711/  480001 events ( 0.15%)
ZtoMM trigger inconsistency
ZtoMM trigger inconsistency
Processed   490000/ 2011665 entries, 24.36% (elapsed time  6899.2s, curr speed    0.071 kHz, avg speed    0.071 kHz), accepted      726/  490001 events ( 0.15%)
Processed   500000/ 2011665 entries, 24.86% (elapsed time  7043.1s, curr speed    0.069 kHz, avg speed    0.071 kHz), accepted      739/  500001 events ( 0.15%)
Processed   510000/ 2011665 entries, 25.35% (elapsed time  7187.4s, curr speed    0.069 kHz, avg speed    0.071 kHz), accepted      752/  510001 events ( 0.15%)
Processed   520000/ 2011665 entries, 25.85% (elapsed time  7332.2s, curr speed    0.069 kHz, avg speed    0.071 kHz), accepted      768/  520001 events ( 0.15%)
ZtoMM trigger inconsistency
Processed   530000/ 2011665 entries, 26.35% (elapsed time  7474.3s, curr speed    0.070 kHz, avg speed    0.071 kHz), accepted      780/  530001 events ( 0.15%)
Processed   540000/ 2011665 entries, 26.84% (elapsed time  7619.4s, curr speed    0.069 kHz, avg speed    0.071 kHz), accepted      800/  540001 events ( 0.15%)
Processed   550000/ 2011665 entries, 27.34% (elapsed time  7763.3s, curr speed    0.069 kHz, avg speed    0.071 kHz), accepted      817/  550001 events ( 0.15%)
ZtoMM trigger inconsistency
Processed   560000/ 2011665 entries, 27.84% (elapsed time  7905.1s, curr speed    0.071 kHz, avg speed    0.071 kHz), accepted      835/  560001 events ( 0.15%)
Processed   570000/ 2011665 entries, 28.33% (elapsed time  8047.5s, curr speed    0.070 kHz, avg speed    0.071 kHz), accepted      852/  570001 events ( 0.15%)
Processed   580000/ 2011665 entries, 28.83% (elapsed time  8192.2s, curr speed    0.069 kHz, avg speed    0.071 kHz), accepted      871/  580001 events ( 0.15%)
Processed   590000/ 2011665 entries, 29.33% (elapsed time  8337.6s, curr speed    0.069 kHz, avg speed    0.071 kHz), accepted      886/  590001 events ( 0.15%)
ZtoMM trigger inconsistency
Processed   600000/ 2011665 entries, 29.83% (elapsed time  8481.8s, curr speed    0.069 kHz, avg speed    0.071 kHz), accepted      904/  600001 events ( 0.15%)
Processed   610000/ 2011665 entries, 30.32% (elapsed time  8624.3s, curr speed    0.070 kHz, avg speed    0.071 kHz), accepted      916/  610001 events ( 0.15%)
Processed   620000/ 2011665 entries, 30.82% (elapsed time  8766.2s, curr speed    0.070 kHz, avg speed    0.071 kHz), accepted      929/  620001 events ( 0.15%)
TtoEM trigger inconsistency
Processed   630000/ 2011665 entries, 31.32% (elapsed time  8908.5s, curr speed    0.070 kHz, avg speed    0.071 kHz), accepted      947/  630001 events ( 0.15%)
Processed   640000/ 2011665 entries, 31.81% (elapsed time  9050.0s, curr speed    0.071 kHz, avg speed    0.071 kHz), accepted      962/  640001 events ( 0.15%)
Processed   650000/ 2011665 entries, 32.31% (elapsed time  9194.3s, curr speed    0.069 kHz, avg speed    0.071 kHz), accepted      977/  650001 events ( 0.15%)
ZtoMM trigger inconsistency
Processed   660000/ 2011665 entries, 32.81% (elapsed time  9339.8s, curr speed    0.069 kHz, avg speed    0.071 kHz), accepted      994/  660001 events ( 0.15%)
ZtoMM trigger inconsistency
Processed   670000/ 2011665 entries, 33.31% (elapsed time  9484.4s, curr speed    0.069 kHz, avg speed    0.071 kHz), accepted     1008/  670001 events ( 0.15%)
Processed   680000/ 2011665 entries, 33.80% (elapsed time  9626.7s, curr speed    0.070 kHz, avg speed    0.071 kHz), accepted     1020/  680001 events ( 0.15%)
Processed   690000/ 2011665 entries, 34.30% (elapsed time  9771.4s, curr speed    0.069 kHz, avg speed    0.071 kHz), accepted     1033/  690001 events ( 0.15%)
Processed   700000/ 2011665 entries, 34.80% (elapsed time  9917.9s, curr speed    0.068 kHz, avg speed    0.071 kHz), accepted     1051/  700001 events ( 0.15%)
ZtoEE trigger inconsistency
Processed   710000/ 2011665 entries, 35.29% (elapsed time 10063.2s, curr speed    0.069 kHz, avg speed    0.071 kHz), accepted     1067/  710001 events ( 0.15%)
ZtoMM trigger inconsistency
Processed   720000/ 2011665 entries, 35.79% (elapsed time 10208.5s, curr speed    0.069 kHz, avg speed    0.071 kHz), accepted     1087/  720001 events ( 0.15%)
ZtoMM trigger inconsistency
ZtoMM trigger inconsistency
Processed   730000/ 2011665 entries, 36.29% (elapsed time 10353.1s, curr speed    0.069 kHz, avg speed    0.071 kHz), accepted     1101/  730001 events ( 0.15%)
Bad event
ZtoMM trigger inconsistency
Processed   740000/ 2011665 entries, 36.79% (elapsed time 10491.7s, curr speed    0.072 kHz, avg speed    0.071 kHz), accepted     1122/  740001 events ( 0.15%)
Processed   750000/ 2011665 entries, 37.28% (elapsed time 10636.0s, curr speed    0.069 kHz, avg speed    0.071 kHz), accepted     1137/  750001 events ( 0.15%)
Processed   760000/ 2011665 entries, 37.78% (elapsed time 10780.7s, curr speed    0.069 kHz, avg speed    0.070 kHz), accepted     1164/  760001 events ( 0.15%)
Processed   770000/ 2011665 entries, 38.28% (elapsed time 10925.8s, curr speed    0.069 kHz, avg speed    0.070 kHz), accepted     1178/  770001 events ( 0.15%)
ZtoMM trigger inconsistency
Processed   780000/ 2011665 entries, 38.77% (elapsed time 11072.4s, curr speed    0.068 kHz, avg speed    0.070 kHz), accepted     1191/  780001 events ( 0.15%)
ZtoMM trigger inconsistency
Processed   790000/ 2011665 entries, 39.27% (elapsed time 11215.0s, curr speed    0.070 kHz, avg speed    0.070 kHz), accepted     1203/  790001 events ( 0.15%)
ZtoMM trigger inconsistency
Processed   800000/ 2011665 entries, 39.77% (elapsed time 11360.1s, curr speed    0.069 kHz, avg speed    0.070 kHz), accepted     1218/  800001 events ( 0.15%)
Processed   810000/ 2011665 entries, 40.27% (elapsed time 11505.3s, curr speed    0.069 kHz, avg speed    0.070 kHz), accepted     1239/  810001 events ( 0.15%)
Processed   820000/ 2011665 entries, 40.76% (elapsed time 11650.3s, curr speed    0.069 kHz, avg speed    0.070 kHz), accepted     1248/  820001 events ( 0.15%)
Processed   830000/ 2011665 entries, 41.26% (elapsed time 11793.6s, curr speed    0.070 kHz, avg speed    0.070 kHz), accepted     1262/  830001 events ( 0.15%)
Processed   840000/ 2011665 entries, 41.76% (elapsed time 11936.4s, curr speed    0.070 kHz, avg speed    0.070 kHz), accepted     1280/  840001 events ( 0.15%)
ZtoEE trigger inconsistency
Processed   850000/ 2011665 entries, 42.25% (elapsed time 12079.6s, curr speed    0.070 kHz, avg speed    0.070 kHz), accepted     1291/  850001 events ( 0.15%)
Processed   860000/ 2011665 entries, 42.75% (elapsed time 12223.2s, curr speed    0.070 kHz, avg speed    0.070 kHz), accepted     1302/  860001 events ( 0.15%)
ZtoMM trigger inconsistency
Processed   870000/ 2011665 entries, 43.25% (elapsed time 12369.6s, curr speed    0.068 kHz, avg speed    0.070 kHz), accepted     1312/  870001 events ( 0.15%)
Processed   880000/ 2011665 entries, 43.74% (elapsed time 12514.9s, curr speed    0.069 kHz, avg speed    0.070 kHz), accepted     1333/  880001 events ( 0.15%)
ZtoMM trigger inconsistency
Processed   890000/ 2011665 entries, 44.24% (elapsed time 12661.0s, curr speed    0.068 kHz, avg speed    0.070 kHz), accepted     1354/  890001 events ( 0.15%)
Processed   900000/ 2011665 entries, 44.74% (elapsed time 12807.0s, curr speed    0.068 kHz, avg speed    0.070 kHz), accepted     1371/  900001 events ( 0.15%)
ZtoMM trigger inconsistency
Processed   910000/ 2011665 entries, 45.24% (elapsed time 12948.7s, curr speed    0.071 kHz, avg speed    0.070 kHz), accepted     1390/  910001 events ( 0.15%)
Processed   920000/ 2011665 entries, 45.73% (elapsed time 13089.5s, curr speed    0.071 kHz, avg speed    0.070 kHz), accepted     1407/  920001 events ( 0.15%)
Processed   930000/ 2011665 entries, 46.23% (elapsed time 13229.1s, curr speed    0.072 kHz, avg speed    0.070 kHz), accepted     1428/  930001 events ( 0.15%)
Processed   940000/ 2011665 entries, 46.73% (elapsed time 13372.7s, curr speed    0.070 kHz, avg speed    0.070 kHz), accepted     1442/  940001 events ( 0.15%)
Processed   950000/ 2011665 entries, 47.22% (elapsed time 13520.3s, curr speed    0.068 kHz, avg speed    0.070 kHz), accepted     1458/  950001 events ( 0.15%)
Processed   960000/ 2011665 entries, 47.72% (elapsed time 13667.5s, curr speed    0.068 kHz, avg speed    0.070 kHz), accepted     1474/  960001 events ( 0.15%)
Processed   970000/ 2011665 entries, 48.22% (elapsed time 13813.8s, curr speed    0.068 kHz, avg speed    0.070 kHz), accepted     1484/  970001 events ( 0.15%)
Processed   980000/ 2011665 entries, 48.72% (elapsed time 13959.4s, curr speed    0.069 kHz, avg speed    0.070 kHz), accepted     1501/  980001 events ( 0.15%)
ZtoMM trigger inconsistency
Processed   990000/ 2011665 entries, 49.21% (elapsed time 14106.2s, curr speed    0.068 kHz, avg speed    0.070 kHz), accepted     1512/  990001 events ( 0.15%)
ZtoMM trigger inconsistency
Processed  1000000/ 2011665 entries, 49.71% (elapsed time 14253.2s, curr speed    0.068 kHz, avg speed    0.070 kHz), accepted     1525/ 1000001 events ( 0.15%)
Processed  1010000/ 2011665 entries, 50.21% (elapsed time 14400.0s, curr speed    0.068 kHz, avg speed    0.070 kHz), accepted     1540/ 1010001 events ( 0.15%)
ZtoMM trigger inconsistency
Processed  1020000/ 2011665 entries, 50.70% (elapsed time 14549.1s, curr speed    0.067 kHz, avg speed    0.070 kHz), accepted     1559/ 1020001 events ( 0.15%)
Processed  1030000/ 2011665 entries, 51.20% (elapsed time 14694.3s, curr speed    0.069 kHz, avg speed    0.070 kHz), accepted     1567/ 1030001 events ( 0.15%)
TtoEM trigger inconsistency
Processed  1040000/ 2011665 entries, 51.70% (elapsed time 14841.0s, curr speed    0.068 kHz, avg speed    0.070 kHz), accepted     1576/ 1040001 events ( 0.15%)
Processed  1050000/ 2011665 entries, 52.20% (elapsed time 14990.9s, curr speed    0.067 kHz, avg speed    0.070 kHz), accepted     1590/ 1050001 events ( 0.15%)
ZtoMM trigger inconsistency
Processed  1060000/ 2011665 entries, 52.69% (elapsed time 15139.7s, curr speed    0.067 kHz, avg speed    0.070 kHz), accepted     1611/ 1060001 events ( 0.15%)
TtoEM trigger inconsistency
ZtoMM trigger inconsistency
Processed  1070000/ 2011665 entries, 53.19% (elapsed time 15287.1s, curr speed    0.068 kHz, avg speed    0.070 kHz), accepted     1629/ 1070001 events ( 0.15%)
Processed  1080000/ 2011665 entries, 53.69% (elapsed time 15435.2s, curr speed    0.068 kHz, avg speed    0.070 kHz), accepted     1642/ 1080001 events ( 0.15%)
Processed  1090000/ 2011665 entries, 54.18% (elapsed time 15586.8s, curr speed    0.066 kHz, avg speed    0.070 kHz), accepted     1658/ 1090001 events ( 0.15%)
Processed  1100000/ 2011665 entries, 54.68% (elapsed time 15737.6s, curr speed    0.066 kHz, avg speed    0.070 kHz), accepted     1671/ 1100001 events ( 0.15%)
Processed  1110000/ 2011665 entries, 55.18% (elapsed time 15887.9s, curr speed    0.067 kHz, avg speed    0.070 kHz), accepted     1682/ 1110001 events ( 0.15%)
Processed  1120000/ 2011665 entries, 55.68% (elapsed time 16038.5s, curr speed    0.066 kHz, avg speed    0.070 kHz), accepted     1695/ 1120001 events ( 0.15%)
Processed  1130000/ 2011665 entries, 56.17% (elapsed time 16191.9s, curr speed    0.065 kHz, avg speed    0.070 kHz), accepted     1710/ 1130001 events ( 0.15%)
Processed  1140000/ 2011665 entries, 56.67% (elapsed time 16344.5s, curr speed    0.065 kHz, avg speed    0.070 kHz), accepted     1724/ 1140001 events ( 0.15%)
Processed  1150000/ 2011665 entries, 57.17% (elapsed time 16498.1s, curr speed    0.065 kHz, avg speed    0.070 kHz), accepted     1747/ 1150001 events ( 0.15%)
Processed  1160000/ 2011665 entries, 57.66% (elapsed time 16652.4s, curr speed    0.065 kHz, avg speed    0.070 kHz), accepted     1757/ 1160001 events ( 0.15%)
ZtoMM trigger inconsistency
Processed  1170000/ 2011665 entries, 58.16% (elapsed time 16805.6s, curr speed    0.065 kHz, avg speed    0.070 kHz), accepted     1769/ 1170001 events ( 0.15%)
Processed  1180000/ 2011665 entries, 58.66% (elapsed time 16958.4s, curr speed    0.065 kHz, avg speed    0.070 kHz), accepted     1789/ 1180001 events ( 0.15%)
Processed  1190000/ 2011665 entries, 59.15% (elapsed time 17108.1s, curr speed    0.067 kHz, avg speed    0.070 kHz), accepted     1808/ 1190001 events ( 0.15%)
ZtoMM trigger inconsistency
Processed  1200000/ 2011665 entries, 59.65% (elapsed time 17258.6s, curr speed    0.066 kHz, avg speed    0.070 kHz), accepted     1822/ 1200001 events ( 0.15%)
Processed  1210000/ 2011665 entries, 60.15% (elapsed time 17412.2s, curr speed    0.065 kHz, avg speed    0.069 kHz), accepted     1845/ 1210001 events ( 0.15%)
ZtoMM trigger inconsistency
Processed  1220000/ 2011665 entries, 60.65% (elapsed time 17562.2s, curr speed    0.067 kHz, avg speed    0.069 kHz), accepted     1860/ 1220001 events ( 0.15%)
Processed  1230000/ 2011665 entries, 61.14% (elapsed time 17713.6s, curr speed    0.066 kHz, avg speed    0.069 kHz), accepted     1873/ 1230001 events ( 0.15%)
TtoEM trigger inconsistency
Processed  1240000/ 2011665 entries, 61.64% (elapsed time 17870.3s, curr speed    0.064 kHz, avg speed    0.069 kHz), accepted     1898/ 1240001 events ( 0.15%)
ZtoMM trigger inconsistency
ZtoMM trigger inconsistency
TtoEM trigger inconsistency
ZtoMM trigger inconsistency
TtoEM trigger inconsistency
Processed  1250000/ 2011665 entries, 62.14% (elapsed time 18028.9s, curr speed    0.063 kHz, avg speed    0.069 kHz), accepted     1912/ 1250001 events ( 0.15%)
Processed  1260000/ 2011665 entries, 62.63% (elapsed time 18185.6s, curr speed    0.064 kHz, avg speed    0.069 kHz), accepted     1925/ 1260001 events ( 0.15%)
ZtoMM trigger inconsistency
Processed  1270000/ 2011665 entries, 63.13% (elapsed time 18340.0s, curr speed    0.065 kHz, avg speed    0.069 kHz), accepted     1941/ 1270001 events ( 0.15%)
TtoEM trigger inconsistency
Processed  1280000/ 2011665 entries, 63.63% (elapsed time 18493.0s, curr speed    0.065 kHz, avg speed    0.069 kHz), accepted     1955/ 1280001 events ( 0.15%)
Processed  1290000/ 2011665 entries, 64.13% (elapsed time 18646.1s, curr speed    0.065 kHz, avg speed    0.069 kHz), accepted     1975/ 1290001 events ( 0.15%)
Processed  1300000/ 2011665 entries, 64.62% (elapsed time 18800.5s, curr speed    0.065 kHz, avg speed    0.069 kHz), accepted     1990/ 1300001 events ( 0.15%)
ZtoMM trigger inconsistency
Processed  1310000/ 2011665 entries, 65.12% (elapsed time 18950.0s, curr speed    0.067 kHz, avg speed    0.069 kHz), accepted     2002/ 1310001 events ( 0.15%)
TtoEM trigger inconsistency
Processed  1320000/ 2011665 entries, 65.62% (elapsed time 19100.0s, curr speed    0.067 kHz, avg speed    0.069 kHz), accepted     2014/ 1320001 events ( 0.15%)
Processed  1330000/ 2011665 entries, 66.11% (elapsed time 19247.6s, curr speed    0.068 kHz, avg speed    0.069 kHz), accepted     2027/ 1330001 events ( 0.15%)
TtoEM trigger inconsistency
Processed  1340000/ 2011665 entries, 66.61% (elapsed time 19400.9s, curr speed    0.065 kHz, avg speed    0.069 kHz), accepted     2045/ 1340001 events ( 0.15%)
Processed  1350000/ 2011665 entries, 67.11% (elapsed time 19554.1s, curr speed    0.065 kHz, avg speed    0.069 kHz), accepted     2059/ 1350001 events ( 0.15%)
TtoEM trigger inconsistency
Processed  1360000/ 2011665 entries, 67.61% (elapsed time 19704.7s, curr speed    0.066 kHz, avg speed    0.069 kHz), accepted     2072/ 1360001 events ( 0.15%)
Processed  1370000/ 2011665 entries, 68.10% (elapsed time 19855.2s, curr speed    0.066 kHz, avg speed    0.069 kHz), accepted     2087/ 1370001 events ( 0.15%)
Processed  1380000/ 2011665 entries, 68.60% (elapsed time 20008.3s, curr speed    0.065 kHz, avg speed    0.069 kHz), accepted     2106/ 1380001 events ( 0.15%)
Processed  1390000/ 2011665 entries, 69.10% (elapsed time 20164.3s, curr speed    0.064 kHz, avg speed    0.069 kHz), accepted     2119/ 1390001 events ( 0.15%)
Processed  1400000/ 2011665 entries, 69.59% (elapsed time 20320.7s, curr speed    0.064 kHz, avg speed    0.069 kHz), accepted     2136/ 1400001 events ( 0.15%)
Processed  1410000/ 2011665 entries, 70.09% (elapsed time 20474.4s, curr speed    0.065 kHz, avg speed    0.069 kHz), accepted     2152/ 1410001 events ( 0.15%)
Processed  1420000/ 2011665 entries, 70.59% (elapsed time 20626.8s, curr speed    0.066 kHz, avg speed    0.069 kHz), accepted     2174/ 1420001 events ( 0.15%)
Processed  1430000/ 2011665 entries, 71.09% (elapsed time 20776.8s, curr speed    0.067 kHz, avg speed    0.069 kHz), accepted     2187/ 1430001 events ( 0.15%)
Processed  1440000/ 2011665 entries, 71.58% (elapsed time 20926.2s, curr speed    0.067 kHz, avg speed    0.069 kHz), accepted     2199/ 1440001 events ( 0.15%)
Processed  1450000/ 2011665 entries, 72.08% (elapsed time 21076.9s, curr speed    0.066 kHz, avg speed    0.069 kHz), accepted     2215/ 1450001 events ( 0.15%)
Processed  1460000/ 2011665 entries, 72.58% (elapsed time 21228.7s, curr speed    0.066 kHz, avg speed    0.069 kHz), accepted     2229/ 1460001 events ( 0.15%)
ZtoMM trigger inconsistency
Processed  1470000/ 2011665 entries, 73.07% (elapsed time 21381.1s, curr speed    0.066 kHz, avg speed    0.069 kHz), accepted     2246/ 1470001 events ( 0.15%)
Processed  1480000/ 2011665 entries, 73.57% (elapsed time 21533.7s, curr speed    0.066 kHz, avg speed    0.069 kHz), accepted     2268/ 1480001 events ( 0.15%)
Processed  1490000/ 2011665 entries, 74.07% (elapsed time 21684.3s, curr speed    0.066 kHz, avg speed    0.069 kHz), accepted     2287/ 1490001 events ( 0.15%)
ZtoMM trigger inconsistency
Processed  1500000/ 2011665 entries, 74.57% (elapsed time 21835.8s, curr speed    0.066 kHz, avg speed    0.069 kHz), accepted     2297/ 1500001 events ( 0.15%)
Processed  1510000/ 2011665 entries, 75.06% (elapsed time 21989.5s, curr speed    0.065 kHz, avg speed    0.069 kHz), accepted     2305/ 1510001 events ( 0.15%)
Processed  1520000/ 2011665 entries, 75.56% (elapsed time 22144.2s, curr speed    0.065 kHz, avg speed    0.069 kHz), accepted     2323/ 1520001 events ( 0.15%)
TtoEM trigger inconsistency
Processed  1530000/ 2011665 entries, 76.06% (elapsed time 22296.3s, curr speed    0.066 kHz, avg speed    0.069 kHz), accepted     2340/ 1530001 events ( 0.15%)
ZtoMM trigger inconsistency
Processed  1540000/ 2011665 entries, 76.55% (elapsed time 22449.1s, curr speed    0.065 kHz, avg speed    0.069 kHz), accepted     2359/ 1540001 events ( 0.15%)
ZtoMM trigger inconsistency
Processed  1550000/ 2011665 entries, 77.05% (elapsed time 22606.8s, curr speed    0.063 kHz, avg speed    0.069 kHz), accepted     2378/ 1550001 events ( 0.15%)
ZtoMM trigger inconsistency
Processed  1560000/ 2011665 entries, 77.55% (elapsed time 22760.8s, curr speed    0.065 kHz, avg speed    0.069 kHz), accepted     2394/ 1560001 events ( 0.15%)
TtoEM trigger inconsistency
Processed  1570000/ 2011665 entries, 78.04% (elapsed time 22919.4s, curr speed    0.063 kHz, avg speed    0.069 kHz), accepted     2407/ 1570001 events ( 0.15%)
Processed  1580000/ 2011665 entries, 78.54% (elapsed time 23077.8s, curr speed    0.063 kHz, avg speed    0.068 kHz), accepted     2424/ 1580001 events ( 0.15%)
Processed  1590000/ 2011665 entries, 79.04% (elapsed time 23232.1s, curr speed    0.065 kHz, avg speed    0.068 kHz), accepted     2444/ 1590001 events ( 0.15%)
Processed  1600000/ 2011665 entries, 79.54% (elapsed time 23392.5s, curr speed    0.062 kHz, avg speed    0.068 kHz), accepted     2456/ 1600001 events ( 0.15%)
Processed  1610000/ 2011665 entries, 80.03% (elapsed time 23551.4s, curr speed    0.063 kHz, avg speed    0.068 kHz), accepted     2480/ 1610001 events ( 0.15%)
TtoEM trigger inconsistency
ZtoMM trigger inconsistency
Processed  1620000/ 2011665 entries, 80.53% (elapsed time 23705.1s, curr speed    0.065 kHz, avg speed    0.068 kHz), accepted     2502/ 1620001 events ( 0.15%)
Processed  1630000/ 2011665 entries, 81.03% (elapsed time 23862.6s, curr speed    0.064 kHz, avg speed    0.068 kHz), accepted     2515/ 1630001 events ( 0.15%)
Processed  1640000/ 2011665 entries, 81.52% (elapsed time 24018.8s, curr speed    0.064 kHz, avg speed    0.068 kHz), accepted     2530/ 1640001 events ( 0.15%)
Processed  1650000/ 2011665 entries, 82.02% (elapsed time 24142.4s, curr speed    0.081 kHz, avg speed    0.068 kHz), accepted     2550/ 1650001 events ( 0.15%)
Processed  1660000/ 2011665 entries, 82.52% (elapsed time 24225.3s, curr speed    0.121 kHz, avg speed    0.069 kHz), accepted     2567/ 1660001 events ( 0.15%)
Processed  1670000/ 2011665 entries, 83.02% (elapsed time 24298.4s, curr speed    0.137 kHz, avg speed    0.069 kHz), accepted     2582/ 1670001 events ( 0.15%)
Processed  1680000/ 2011665 entries, 83.51% (elapsed time 24370.7s, curr speed    0.138 kHz, avg speed    0.069 kHz), accepted     2597/ 1680001 events ( 0.15%)
ZtoMM trigger inconsistency
ZtoMM trigger inconsistency
Processed  1690000/ 2011665 entries, 84.01% (elapsed time 24441.1s, curr speed    0.142 kHz, avg speed    0.069 kHz), accepted     2611/ 1690001 events ( 0.15%)
ZtoMM trigger inconsistency
TtoEM trigger inconsistency
ZtoMM trigger inconsistency
Processed  1700000/ 2011665 entries, 84.51% (elapsed time 24511.7s, curr speed    0.142 kHz, avg speed    0.069 kHz), accepted     2623/ 1700001 events ( 0.15%)
Processed  1710000/ 2011665 entries, 85.00% (elapsed time 24582.6s, curr speed    0.141 kHz, avg speed    0.070 kHz), accepted     2641/ 1710001 events ( 0.15%)
TtoEM trigger inconsistency
Processed  1720000/ 2011665 entries, 85.50% (elapsed time 24649.4s, curr speed    0.150 kHz, avg speed    0.070 kHz), accepted     2654/ 1720001 events ( 0.15%)
TtoEM trigger inconsistency
Processed  1730000/ 2011665 entries, 86.00% (elapsed time 24719.2s, curr speed    0.143 kHz, avg speed    0.070 kHz), accepted     2672/ 1730001 events ( 0.15%)
Processed  1740000/ 2011665 entries, 86.50% (elapsed time 24786.9s, curr speed    0.148 kHz, avg speed    0.070 kHz), accepted     2684/ 1740001 events ( 0.15%)
ZtoMM trigger inconsistency
Processed  1750000/ 2011665 entries, 86.99% (elapsed time 24855.5s, curr speed    0.146 kHz, avg speed    0.070 kHz), accepted     2694/ 1750001 events ( 0.15%)
TtoEM trigger inconsistency
Processed  1760000/ 2011665 entries, 87.49% (elapsed time 24925.3s, curr speed    0.143 kHz, avg speed    0.071 kHz), accepted     2714/ 1760001 events ( 0.15%)
Processed  1770000/ 2011665 entries, 87.99% (elapsed time 24992.8s, curr speed    0.148 kHz, avg speed    0.071 kHz), accepted     2732/ 1770001 events ( 0.15%)
ZtoMM trigger inconsistency
ZtoMM trigger inconsistency
Processed  1780000/ 2011665 entries, 88.48% (elapsed time 25063.0s, curr speed    0.143 kHz, avg speed    0.071 kHz), accepted     2747/ 1780001 events ( 0.15%)
Processed  1790000/ 2011665 entries, 88.98% (elapsed time 25130.9s, curr speed    0.147 kHz, avg speed    0.071 kHz), accepted     2758/ 1790001 events ( 0.15%)
Processed  1800000/ 2011665 entries, 89.48% (elapsed time 25200.0s, curr speed    0.145 kHz, avg speed    0.071 kHz), accepted     2773/ 1800001 events ( 0.15%)
Processed  1810000/ 2011665 entries, 89.98% (elapsed time 25269.4s, curr speed    0.144 kHz, avg speed    0.072 kHz), accepted     2787/ 1810001 events ( 0.15%)
ZtoEE trigger inconsistency
Processed  1820000/ 2011665 entries, 90.47% (elapsed time 25336.7s, curr speed    0.149 kHz, avg speed    0.072 kHz), accepted     2800/ 1820001 events ( 0.15%)
Processed  1830000/ 2011665 entries, 90.97% (elapsed time 25406.2s, curr speed    0.144 kHz, avg speed    0.072 kHz), accepted     2816/ 1830001 events ( 0.15%)
ZtoMM trigger inconsistency
Processed  1840000/ 2011665 entries, 91.47% (elapsed time 25475.0s, curr speed    0.145 kHz, avg speed    0.072 kHz), accepted     2830/ 1840001 events ( 0.15%)
Processed  1850000/ 2011665 entries, 91.96% (elapsed time 25542.7s, curr speed    0.148 kHz, avg speed    0.072 kHz), accepted     2839/ 1850001 events ( 0.15%)
ZtoMM trigger inconsistency
Processed  1860000/ 2011665 entries, 92.46% (elapsed time 25612.1s, curr speed    0.144 kHz, avg speed    0.073 kHz), accepted     2854/ 1860001 events ( 0.15%)
ZtoMM trigger inconsistency
Processed  1870000/ 2011665 entries, 92.96% (elapsed time 25678.5s, curr speed    0.151 kHz, avg speed    0.073 kHz), accepted     2864/ 1870001 events ( 0.15%)
Processed  1880000/ 2011665 entries, 93.45% (elapsed time 25748.3s, curr speed    0.143 kHz, avg speed    0.073 kHz), accepted     2877/ 1880001 events ( 0.15%)
Processed  1890000/ 2011665 entries, 93.95% (elapsed time 25815.4s, curr speed    0.149 kHz, avg speed    0.073 kHz), accepted     2897/ 1890001 events ( 0.15%)
Processed  1900000/ 2011665 entries, 94.45% (elapsed time 25880.8s, curr speed    0.153 kHz, avg speed    0.073 kHz), accepted     2917/ 1900001 events ( 0.15%)
TtoEM trigger inconsistency
Processed  1910000/ 2011665 entries, 94.95% (elapsed time 25946.9s, curr speed    0.151 kHz, avg speed    0.074 kHz), accepted     2937/ 1910001 events ( 0.15%)
Processed  1920000/ 2011665 entries, 95.44% (elapsed time 26009.8s, curr speed    0.159 kHz, avg speed    0.074 kHz), accepted     2954/ 1920001 events ( 0.15%)
Processed  1930000/ 2011665 entries, 95.94% (elapsed time 26075.4s, curr speed    0.152 kHz, avg speed    0.074 kHz), accepted     2965/ 1930001 events ( 0.15%)
ZtoMM trigger inconsistency
Processed  1940000/ 2011665 entries, 96.44% (elapsed time 26140.3s, curr speed    0.154 kHz, avg speed    0.074 kHz), accepted     2980/ 1940001 events ( 0.15%)
ZtoMM trigger inconsistency
ZtoMM trigger inconsistency
Processed  1950000/ 2011665 entries, 96.93% (elapsed time 26204.6s, curr speed    0.156 kHz, avg speed    0.074 kHz), accepted     2994/ 1950001 events ( 0.15%)
Processed  1960000/ 2011665 entries, 97.43% (elapsed time 26269.8s, curr speed    0.153 kHz, avg speed    0.075 kHz), accepted     3010/ 1960001 events ( 0.15%)
TtoEM trigger inconsistency
Processed  1970000/ 2011665 entries, 97.93% (elapsed time 26333.6s, curr speed    0.157 kHz, avg speed    0.075 kHz), accepted     3020/ 1970001 events ( 0.15%)
ZtoEE trigger inconsistency
Processed  1980000/ 2011665 entries, 98.43% (elapsed time 26398.0s, curr speed    0.155 kHz, avg speed    0.075 kHz), accepted     3034/ 1980001 events ( 0.15%)
Processed  1990000/ 2011665 entries, 98.92% (elapsed time 26461.1s, curr speed    0.158 kHz, avg speed    0.075 kHz), accepted     3046/ 1990001 events ( 0.15%)
Processed  2000000/ 2011665 entries, 99.42% (elapsed time 26524.3s, curr speed    0.158 kHz, avg speed    0.075 kHz), accepted     3055/ 2000001 events ( 0.15%)
Processed  2010000/ 2011665 entries, 99.92% (elapsed time 26589.7s, curr speed    0.153 kHz, avg speed    0.076 kHz), accepted     3068/ 2010001 events ( 0.15%)
Processed 2011665 preselected entries from root://cms-xrd-global.cern.ch//store/mc/RunIISummer16NanoAODv6/ZZTo4L_13TeV_powheg_pythia8_ext1/NANOAODSIM/PUMoriond17_Nano25Oct2019_102X_mcRun2_asymptotic_v7-v1/270000/E4181B0D-7F0B-8F4E-9737-FC04DE78716A.root (2011665 entries). Finally selected 3073 entries
Done /work/pbaertsc/heavy_resonance/output_2016/ZZTo4L_13TeV_powheg_pythia8_ext1__RunIISummer16NanoAODv6-PUMoriond17_Nano25Oct2019_102X_mcRun2_asymptotic_v7-v1__NANOAODSIM/E4181B0D-7F0B-8F4E-9737-FC04DE78716A.root
75.6028849634 Hz
deleting root file with name: /work/pbaertsc/heavy_resonance/output_2016/ZZTo4L_13TeV_powheg_pythia8_ext1__RunIISummer16NanoAODv6-PUMoriond17_Nano25Oct2019_102X_mcRun2_asymptotic_v7-v1__NANOAODSIM/E4181B0D-7F0B-8F4E-9737-FC04DE78716A.root
DONE
Complete at
Fri Jan 31 04:25:02 CET 2020
