job start at
Thu Jan 30 19:14:09 CET 2020
SLURM_JOB_ID: 437499
HOSTNAME: t3wn40
JOBLIST:joblist/joblist_GluGluHToBB_M125_13TeV_powheg_pythia8__RunIIAutumn18NanoAODv6-Nano25Oct2019_102X_upgrade2018_realistic_v20-v1__NANOAODSIM_ll.txt
Going to execute
python job.py -i root://cms-xrd-global.cern.ch//store/mc/RunIIAutumn18NanoAODv6/GluGluHToBB_M125_13TeV_powheg_pythia8/NANOAODSIM/Nano25Oct2019_102X_upgrade2018_realistic_v20-v1/60000/5C4CD9B5-E842-A841-8FE4-3580D8524672.root -o /work/pbaertsc/heavy_resonance/output_2018/GluGluHToBB_M125_13TeV_powheg_pythia8__RunIIAutumn18NanoAODv6-Nano25Oct2019_102X_upgrade2018_realistic_v20-v1__NANOAODSIM -N GluGluHToBB_M125_13TeV_powheg_pythia8__RunIIAutumn18NanoAODv6-Nano25Oct2019_102X_upgrade2018_realistic_v20-v1__NANOAODSIM -n 6 -c ll -y 2018
TClass::Init:0: RuntimeWarning: no dictionary for class ROOT::TIOFeatures is available
/work/pbaertsc/heavy_resonance/CMSSW_9_4_6/python/PhysicsTools/NanoAODTools/postprocessing/framework/treeReaderArrayTools.py:69: RuntimeWarning: creating executor for unknown type "ULong64_t*"
  ret = _vr.Get()[0]
JEC= Autumn18_V19_MC 	 JER= Autumn18_V7_MC
MET branch= PuppiMET
JEC= Autumn18_V19_MC 	 JER= Autumn18_V7_MC
MET branch= PuppiMET
--------------------------------------------------------------------------------
input files  = ['root://cms-xrd-global.cern.ch//store/mc/RunIIAutumn18NanoAODv6/GluGluHToBB_M125_13TeV_powheg_pythia8/NANOAODSIM/Nano25Oct2019_102X_upgrade2018_realistic_v20-v1/60000/5C4CD9B5-E842-A841-8FE4-3580D8524672.root']
output directory = /work/pbaertsc/heavy_resonance/output_2018/GluGluHToBB_M125_13TeV_powheg_pythia8__RunIIAutumn18NanoAODv6-Nano25Oct2019_102X_upgrade2018_realistic_v20-v1__NANOAODSIM
output file  = GluGluHToBB_M125_13TeV_powheg_pythia8__RunIIAutumn18NanoAODv6-Nano25Oct2019_102X_upgrade2018_realistic_v20-v1__NANOAODSIM_6_ll.root
chunck       = 6
channel      = ll
dataType     = mc
year         = 2018
tes          = 1.0
ltf          = 1.0
jtf          = 1.0
--------------------------------------------------------------------------------
job.py: creating PostProcessor...
TreeProducer is called /work/pbaertsc/heavy_resonance/output_2018/GluGluHToBB_M125_13TeV_powheg_pythia8__RunIIAutumn18NanoAODv6-Nano25Oct2019_102X_upgrade2018_realistic_v20-v1__NANOAODSIM/GluGluHToBB_M125_13TeV_powheg_pythia8__RunIIAutumn18NanoAODv6-Nano25Oct2019_102X_upgrade2018_realistic_v20-v1__NANOAODSIM_6_ll.root
job.py: going to run PostProcessor...
Will write selected trees to /work/pbaertsc/heavy_resonance/output_2018/GluGluHToBB_M125_13TeV_powheg_pythia8__RunIIAutumn18NanoAODv6-Nano25Oct2019_102X_upgrade2018_realistic_v20-v1__NANOAODSIM
Loading jet energy scale (JES) uncertainties from file '/tmp/tmprrqAPg/Autumn18_V19_MC_Uncertainty_AK4PFchs.txt'
Loading jet energy resolutions (JER) from file '/tmp/tmp8I25FQ/Autumn18_V7_MC_PtResolution_AK4PFchs.txt'
Loading JER scale factors and uncertainties from file '/tmp/tmp8I25FQ/Autumn18_V7_MC_SF_AK4PFchs.txt'
Loading jet energy scale (JES) uncertainties from file '/tmp/tmpobD9qH/Autumn18_V19_MC_Uncertainty_AK8PFPuppi.txt'
Loading jet energy resolutions (JER) from file '/tmp/tmphjzuBi/Autumn18_V7_MC_PtResolution_AK8PFPuppi.txt'
Loading JER scale factors and uncertainties from file '/tmp/tmphjzuBi/Autumn18_V7_MC_SF_AK8PFPuppi.txt'
Pre-select 1440000 entries out of 1440000 (100.00%)
nanoAODv5? True
Processed    10000/ 1440000 entries,  0.69% (elapsed time   124.6s, curr speed    0.080 kHz, avg speed    0.080 kHz), accepted        0/   10001 events ( 0.00%)
Processed    20000/ 1440000 entries,  1.39% (elapsed time   244.1s, curr speed    0.084 kHz, avg speed    0.082 kHz), accepted        0/   20001 events ( 0.00%)
Processed    30000/ 1440000 entries,  2.08% (elapsed time   364.1s, curr speed    0.083 kHz, avg speed    0.082 kHz), accepted        0/   30001 events ( 0.00%)
Processed    40000/ 1440000 entries,  2.78% (elapsed time   484.0s, curr speed    0.083 kHz, avg speed    0.083 kHz), accepted        0/   40001 events ( 0.00%)
Processed    50000/ 1440000 entries,  3.47% (elapsed time   604.2s, curr speed    0.083 kHz, avg speed    0.083 kHz), accepted        0/   50001 events ( 0.00%)
Processed    60000/ 1440000 entries,  4.17% (elapsed time   722.6s, curr speed    0.084 kHz, avg speed    0.083 kHz), accepted        0/   60001 events ( 0.00%)
Processed    70000/ 1440000 entries,  4.86% (elapsed time   841.0s, curr speed    0.084 kHz, avg speed    0.083 kHz), accepted        0/   70001 events ( 0.00%)
Processed    80000/ 1440000 entries,  5.56% (elapsed time   959.9s, curr speed    0.084 kHz, avg speed    0.083 kHz), accepted        0/   80001 events ( 0.00%)
Processed    90000/ 1440000 entries,  6.25% (elapsed time  1078.9s, curr speed    0.084 kHz, avg speed    0.083 kHz), accepted        0/   90001 events ( 0.00%)
Processed   100000/ 1440000 entries,  6.94% (elapsed time  1199.7s, curr speed    0.083 kHz, avg speed    0.083 kHz), accepted        1/  100001 events ( 0.00%)
Processed   110000/ 1440000 entries,  7.64% (elapsed time  1318.2s, curr speed    0.084 kHz, avg speed    0.083 kHz), accepted        1/  110001 events ( 0.00%)
Processed   120000/ 1440000 entries,  8.33% (elapsed time  1437.0s, curr speed    0.084 kHz, avg speed    0.084 kHz), accepted        1/  120001 events ( 0.00%)
Processed   130000/ 1440000 entries,  9.03% (elapsed time  1555.9s, curr speed    0.084 kHz, avg speed    0.084 kHz), accepted        1/  130001 events ( 0.00%)
Processed   140000/ 1440000 entries,  9.72% (elapsed time  1675.1s, curr speed    0.084 kHz, avg speed    0.084 kHz), accepted        2/  140001 events ( 0.00%)
Processed   150000/ 1440000 entries, 10.42% (elapsed time  1793.2s, curr speed    0.085 kHz, avg speed    0.084 kHz), accepted        2/  150001 events ( 0.00%)
Processed   160000/ 1440000 entries, 11.11% (elapsed time  1913.4s, curr speed    0.083 kHz, avg speed    0.084 kHz), accepted        2/  160001 events ( 0.00%)
Processed   170000/ 1440000 entries, 11.81% (elapsed time  2032.2s, curr speed    0.084 kHz, avg speed    0.084 kHz), accepted        2/  170001 events ( 0.00%)
Processed   180000/ 1440000 entries, 12.50% (elapsed time  2151.6s, curr speed    0.084 kHz, avg speed    0.084 kHz), accepted        2/  180001 events ( 0.00%)
Processed   190000/ 1440000 entries, 13.19% (elapsed time  2270.6s, curr speed    0.084 kHz, avg speed    0.084 kHz), accepted        2/  190001 events ( 0.00%)
Processed   200000/ 1440000 entries, 13.89% (elapsed time  2389.9s, curr speed    0.084 kHz, avg speed    0.084 kHz), accepted        2/  200001 events ( 0.00%)
Processed   210000/ 1440000 entries, 14.58% (elapsed time  2509.4s, curr speed    0.084 kHz, avg speed    0.084 kHz), accepted        2/  210001 events ( 0.00%)
Processed   220000/ 1440000 entries, 15.28% (elapsed time  2627.4s, curr speed    0.085 kHz, avg speed    0.084 kHz), accepted        2/  220001 events ( 0.00%)
Processed   230000/ 1440000 entries, 15.97% (elapsed time  2746.1s, curr speed    0.084 kHz, avg speed    0.084 kHz), accepted        2/  230001 events ( 0.00%)
Processed   240000/ 1440000 entries, 16.67% (elapsed time  2865.9s, curr speed    0.083 kHz, avg speed    0.084 kHz), accepted        2/  240001 events ( 0.00%)
Processed   250000/ 1440000 entries, 17.36% (elapsed time  2984.9s, curr speed    0.084 kHz, avg speed    0.084 kHz), accepted        2/  250001 events ( 0.00%)
Processed   260000/ 1440000 entries, 18.06% (elapsed time  3105.4s, curr speed    0.083 kHz, avg speed    0.084 kHz), accepted        2/  260001 events ( 0.00%)
Processed   270000/ 1440000 entries, 18.75% (elapsed time  3225.4s, curr speed    0.083 kHz, avg speed    0.084 kHz), accepted        2/  270001 events ( 0.00%)
Processed   280000/ 1440000 entries, 19.44% (elapsed time  3346.4s, curr speed    0.083 kHz, avg speed    0.084 kHz), accepted        2/  280001 events ( 0.00%)
Processed   290000/ 1440000 entries, 20.14% (elapsed time  3467.5s, curr speed    0.083 kHz, avg speed    0.084 kHz), accepted        2/  290001 events ( 0.00%)
Processed   300000/ 1440000 entries, 20.83% (elapsed time  3588.2s, curr speed    0.083 kHz, avg speed    0.084 kHz), accepted        2/  300001 events ( 0.00%)
Processed   310000/ 1440000 entries, 21.53% (elapsed time  3709.1s, curr speed    0.083 kHz, avg speed    0.084 kHz), accepted        2/  310001 events ( 0.00%)
Processed   320000/ 1440000 entries, 22.22% (elapsed time  3830.6s, curr speed    0.082 kHz, avg speed    0.084 kHz), accepted        2/  320001 events ( 0.00%)
Processed   330000/ 1440000 entries, 22.92% (elapsed time  3952.2s, curr speed    0.082 kHz, avg speed    0.083 kHz), accepted        2/  330001 events ( 0.00%)
Processed   340000/ 1440000 entries, 23.61% (elapsed time  4073.8s, curr speed    0.082 kHz, avg speed    0.083 kHz), accepted        2/  340001 events ( 0.00%)
Processed   350000/ 1440000 entries, 24.31% (elapsed time  4196.1s, curr speed    0.082 kHz, avg speed    0.083 kHz), accepted        2/  350001 events ( 0.00%)
Processed   360000/ 1440000 entries, 25.00% (elapsed time  4316.7s, curr speed    0.083 kHz, avg speed    0.083 kHz), accepted        2/  360001 events ( 0.00%)
Processed   370000/ 1440000 entries, 25.69% (elapsed time  4437.5s, curr speed    0.083 kHz, avg speed    0.083 kHz), accepted        2/  370001 events ( 0.00%)
Processed   380000/ 1440000 entries, 26.39% (elapsed time  4558.4s, curr speed    0.083 kHz, avg speed    0.083 kHz), accepted        2/  380001 events ( 0.00%)
Processed   390000/ 1440000 entries, 27.08% (elapsed time  4680.5s, curr speed    0.082 kHz, avg speed    0.083 kHz), accepted        3/  390001 events ( 0.00%)
Processed   400000/ 1440000 entries, 27.78% (elapsed time  4801.0s, curr speed    0.083 kHz, avg speed    0.083 kHz), accepted        3/  400001 events ( 0.00%)
Processed   410000/ 1440000 entries, 28.47% (elapsed time  4922.4s, curr speed    0.082 kHz, avg speed    0.083 kHz), accepted        3/  410001 events ( 0.00%)
Processed   420000/ 1440000 entries, 29.17% (elapsed time  5042.3s, curr speed    0.083 kHz, avg speed    0.083 kHz), accepted        3/  420001 events ( 0.00%)
Processed   430000/ 1440000 entries, 29.86% (elapsed time  5161.9s, curr speed    0.084 kHz, avg speed    0.083 kHz), accepted        3/  430001 events ( 0.00%)
Processed   440000/ 1440000 entries, 30.56% (elapsed time  5283.4s, curr speed    0.082 kHz, avg speed    0.083 kHz), accepted        3/  440001 events ( 0.00%)
Processed   450000/ 1440000 entries, 31.25% (elapsed time  5404.4s, curr speed    0.083 kHz, avg speed    0.083 kHz), accepted        4/  450001 events ( 0.00%)
Processed   460000/ 1440000 entries, 31.94% (elapsed time  5527.0s, curr speed    0.082 kHz, avg speed    0.083 kHz), accepted        5/  460001 events ( 0.00%)
%MSG-e SimpleJetCorrectionUncertainty: 
 bin variables out of range
%MSG
%MSG-e SimpleJetCorrectionUncertainty: 
 bin variables out of range
%MSG
Processed   470000/ 1440000 entries, 32.64% (elapsed time  5648.7s, curr speed    0.082 kHz, avg speed    0.083 kHz), accepted        5/  470001 events ( 0.00%)
Processed   480000/ 1440000 entries, 33.33% (elapsed time  5770.6s, curr speed    0.082 kHz, avg speed    0.083 kHz), accepted        5/  480001 events ( 0.00%)
Processed   490000/ 1440000 entries, 34.03% (elapsed time  5891.8s, curr speed    0.083 kHz, avg speed    0.083 kHz), accepted        5/  490001 events ( 0.00%)
Processed   500000/ 1440000 entries, 34.72% (elapsed time  6013.3s, curr speed    0.082 kHz, avg speed    0.083 kHz), accepted        5/  500001 events ( 0.00%)
Processed   510000/ 1440000 entries, 35.42% (elapsed time  6133.3s, curr speed    0.083 kHz, avg speed    0.083 kHz), accepted        5/  510001 events ( 0.00%)
Processed   520000/ 1440000 entries, 36.11% (elapsed time  6255.7s, curr speed    0.082 kHz, avg speed    0.083 kHz), accepted        5/  520001 events ( 0.00%)
Processed   530000/ 1440000 entries, 36.81% (elapsed time  6376.6s, curr speed    0.083 kHz, avg speed    0.083 kHz), accepted        5/  530001 events ( 0.00%)
Processed   540000/ 1440000 entries, 37.50% (elapsed time  6498.2s, curr speed    0.082 kHz, avg speed    0.083 kHz), accepted        5/  540001 events ( 0.00%)
Processed   550000/ 1440000 entries, 38.19% (elapsed time  6618.1s, curr speed    0.083 kHz, avg speed    0.083 kHz), accepted        5/  550001 events ( 0.00%)
Processed   560000/ 1440000 entries, 38.89% (elapsed time  6739.2s, curr speed    0.083 kHz, avg speed    0.083 kHz), accepted        5/  560001 events ( 0.00%)
Processed   570000/ 1440000 entries, 39.58% (elapsed time  6860.1s, curr speed    0.083 kHz, avg speed    0.083 kHz), accepted        5/  570001 events ( 0.00%)
Processed   580000/ 1440000 entries, 40.28% (elapsed time  6981.6s, curr speed    0.082 kHz, avg speed    0.083 kHz), accepted        6/  580001 events ( 0.00%)
Processed   590000/ 1440000 entries, 40.97% (elapsed time  7101.0s, curr speed    0.084 kHz, avg speed    0.083 kHz), accepted        6/  590001 events ( 0.00%)
Processed   600000/ 1440000 entries, 41.67% (elapsed time  7221.1s, curr speed    0.083 kHz, avg speed    0.083 kHz), accepted        6/  600001 events ( 0.00%)
Bad event
Processed   610000/ 1440000 entries, 42.36% (elapsed time  7340.9s, curr speed    0.083 kHz, avg speed    0.083 kHz), accepted        6/  610001 events ( 0.00%)
Processed   620000/ 1440000 entries, 43.06% (elapsed time  7461.4s, curr speed    0.083 kHz, avg speed    0.083 kHz), accepted        6/  620001 events ( 0.00%)
Processed   630000/ 1440000 entries, 43.75% (elapsed time  7581.7s, curr speed    0.083 kHz, avg speed    0.083 kHz), accepted        6/  630001 events ( 0.00%)
Processed   640000/ 1440000 entries, 44.44% (elapsed time  7702.6s, curr speed    0.083 kHz, avg speed    0.083 kHz), accepted        6/  640001 events ( 0.00%)
Processed   650000/ 1440000 entries, 45.14% (elapsed time  7824.1s, curr speed    0.082 kHz, avg speed    0.083 kHz), accepted        6/  650001 events ( 0.00%)
Processed   660000/ 1440000 entries, 45.83% (elapsed time  7944.5s, curr speed    0.083 kHz, avg speed    0.083 kHz), accepted        6/  660001 events ( 0.00%)
Processed   670000/ 1440000 entries, 46.53% (elapsed time  8064.4s, curr speed    0.083 kHz, avg speed    0.083 kHz), accepted        6/  670001 events ( 0.00%)
Processed   680000/ 1440000 entries, 47.22% (elapsed time  8185.3s, curr speed    0.083 kHz, avg speed    0.083 kHz), accepted        7/  680001 events ( 0.00%)
Processed   690000/ 1440000 entries, 47.92% (elapsed time  8306.5s, curr speed    0.082 kHz, avg speed    0.083 kHz), accepted        7/  690001 events ( 0.00%)
Processed   700000/ 1440000 entries, 48.61% (elapsed time  8428.2s, curr speed    0.082 kHz, avg speed    0.083 kHz), accepted        8/  700001 events ( 0.00%)
Processed   710000/ 1440000 entries, 49.31% (elapsed time  8550.7s, curr speed    0.082 kHz, avg speed    0.083 kHz), accepted        9/  710001 events ( 0.00%)
Processed   720000/ 1440000 entries, 50.00% (elapsed time  8671.5s, curr speed    0.083 kHz, avg speed    0.083 kHz), accepted        9/  720001 events ( 0.00%)
Processed   730000/ 1440000 entries, 50.69% (elapsed time  8792.0s, curr speed    0.083 kHz, avg speed    0.083 kHz), accepted        9/  730001 events ( 0.00%)
Processed   740000/ 1440000 entries, 51.39% (elapsed time  8913.4s, curr speed    0.082 kHz, avg speed    0.083 kHz), accepted        9/  740001 events ( 0.00%)
Processed   750000/ 1440000 entries, 52.08% (elapsed time  9035.0s, curr speed    0.082 kHz, avg speed    0.083 kHz), accepted       11/  750001 events ( 0.00%)
Processed   760000/ 1440000 entries, 52.78% (elapsed time  9155.7s, curr speed    0.083 kHz, avg speed    0.083 kHz), accepted       11/  760001 events ( 0.00%)
Processed   770000/ 1440000 entries, 53.47% (elapsed time  9276.7s, curr speed    0.083 kHz, avg speed    0.083 kHz), accepted       11/  770001 events ( 0.00%)
Processed   780000/ 1440000 entries, 54.17% (elapsed time  9398.7s, curr speed    0.082 kHz, avg speed    0.083 kHz), accepted       12/  780001 events ( 0.00%)
Processed   790000/ 1440000 entries, 54.86% (elapsed time  9518.9s, curr speed    0.083 kHz, avg speed    0.083 kHz), accepted       12/  790001 events ( 0.00%)
Processed   800000/ 1440000 entries, 55.56% (elapsed time  9640.4s, curr speed    0.082 kHz, avg speed    0.083 kHz), accepted       12/  800001 events ( 0.00%)
Processed   810000/ 1440000 entries, 56.25% (elapsed time  9760.9s, curr speed    0.083 kHz, avg speed    0.083 kHz), accepted       12/  810001 events ( 0.00%)
Processed   820000/ 1440000 entries, 56.94% (elapsed time  9883.2s, curr speed    0.082 kHz, avg speed    0.083 kHz), accepted       13/  820001 events ( 0.00%)
Processed   830000/ 1440000 entries, 57.64% (elapsed time 10004.5s, curr speed    0.082 kHz, avg speed    0.083 kHz), accepted       13/  830001 events ( 0.00%)
Processed   840000/ 1440000 entries, 58.33% (elapsed time 10127.3s, curr speed    0.081 kHz, avg speed    0.083 kHz), accepted       13/  840001 events ( 0.00%)
Processed   850000/ 1440000 entries, 59.03% (elapsed time 10250.0s, curr speed    0.081 kHz, avg speed    0.083 kHz), accepted       13/  850001 events ( 0.00%)
Processed   860000/ 1440000 entries, 59.72% (elapsed time 10372.3s, curr speed    0.082 kHz, avg speed    0.083 kHz), accepted       13/  860001 events ( 0.00%)
Processed   870000/ 1440000 entries, 60.42% (elapsed time 10495.1s, curr speed    0.081 kHz, avg speed    0.083 kHz), accepted       13/  870001 events ( 0.00%)
Processed   880000/ 1440000 entries, 61.11% (elapsed time 10617.5s, curr speed    0.082 kHz, avg speed    0.083 kHz), accepted       13/  880001 events ( 0.00%)
Processed   890000/ 1440000 entries, 61.81% (elapsed time 10740.0s, curr speed    0.082 kHz, avg speed    0.083 kHz), accepted       13/  890001 events ( 0.00%)
Processed   900000/ 1440000 entries, 62.50% (elapsed time 10862.3s, curr speed    0.082 kHz, avg speed    0.083 kHz), accepted       13/  900001 events ( 0.00%)
Processed   910000/ 1440000 entries, 63.19% (elapsed time 10983.9s, curr speed    0.082 kHz, avg speed    0.083 kHz), accepted       13/  910001 events ( 0.00%)
Processed   920000/ 1440000 entries, 63.89% (elapsed time 11105.1s, curr speed    0.083 kHz, avg speed    0.083 kHz), accepted       13/  920001 events ( 0.00%)
Processed   930000/ 1440000 entries, 64.58% (elapsed time 11227.0s, curr speed    0.082 kHz, avg speed    0.083 kHz), accepted       13/  930001 events ( 0.00%)
Processed   940000/ 1440000 entries, 65.28% (elapsed time 11348.9s, curr speed    0.082 kHz, avg speed    0.083 kHz), accepted       13/  940001 events ( 0.00%)
%MSG-e SimpleJetCorrectionUncertainty: 
 bin variables out of range
%MSG
%MSG-e SimpleJetCorrectionUncertainty: 
 bin variables out of range
%MSG
Processed   950000/ 1440000 entries, 65.97% (elapsed time 11471.3s, curr speed    0.082 kHz, avg speed    0.083 kHz), accepted       13/  950001 events ( 0.00%)
Processed   960000/ 1440000 entries, 66.67% (elapsed time 11593.2s, curr speed    0.082 kHz, avg speed    0.083 kHz), accepted       13/  960001 events ( 0.00%)
Processed   970000/ 1440000 entries, 67.36% (elapsed time 11715.4s, curr speed    0.082 kHz, avg speed    0.083 kHz), accepted       13/  970001 events ( 0.00%)
Processed   980000/ 1440000 entries, 68.06% (elapsed time 11837.8s, curr speed    0.082 kHz, avg speed    0.083 kHz), accepted       13/  980001 events ( 0.00%)
Processed   990000/ 1440000 entries, 68.75% (elapsed time 11959.6s, curr speed    0.082 kHz, avg speed    0.083 kHz), accepted       13/  990001 events ( 0.00%)
Processed  1000000/ 1440000 entries, 69.44% (elapsed time 12081.9s, curr speed    0.082 kHz, avg speed    0.083 kHz), accepted       13/ 1000001 events ( 0.00%)
Processed  1010000/ 1440000 entries, 70.14% (elapsed time 12204.2s, curr speed    0.082 kHz, avg speed    0.083 kHz), accepted       13/ 1010001 events ( 0.00%)
Processed  1020000/ 1440000 entries, 70.83% (elapsed time 12327.6s, curr speed    0.081 kHz, avg speed    0.083 kHz), accepted       13/ 1020001 events ( 0.00%)
Processed  1030000/ 1440000 entries, 71.53% (elapsed time 12450.5s, curr speed    0.081 kHz, avg speed    0.083 kHz), accepted       13/ 1030001 events ( 0.00%)
Processed  1040000/ 1440000 entries, 72.22% (elapsed time 12573.9s, curr speed    0.081 kHz, avg speed    0.083 kHz), accepted       13/ 1040001 events ( 0.00%)
Processed  1050000/ 1440000 entries, 72.92% (elapsed time 12695.8s, curr speed    0.082 kHz, avg speed    0.083 kHz), accepted       13/ 1050001 events ( 0.00%)
Processed  1060000/ 1440000 entries, 73.61% (elapsed time 12819.2s, curr speed    0.081 kHz, avg speed    0.083 kHz), accepted       14/ 1060001 events ( 0.00%)
Processed  1070000/ 1440000 entries, 74.31% (elapsed time 12941.4s, curr speed    0.082 kHz, avg speed    0.083 kHz), accepted       14/ 1070001 events ( 0.00%)
Processed  1080000/ 1440000 entries, 75.00% (elapsed time 13063.5s, curr speed    0.082 kHz, avg speed    0.083 kHz), accepted       14/ 1080001 events ( 0.00%)
Processed  1090000/ 1440000 entries, 75.69% (elapsed time 13186.6s, curr speed    0.081 kHz, avg speed    0.083 kHz), accepted       14/ 1090001 events ( 0.00%)
Processed  1100000/ 1440000 entries, 76.39% (elapsed time 13308.9s, curr speed    0.082 kHz, avg speed    0.083 kHz), accepted       14/ 1100001 events ( 0.00%)
Processed  1110000/ 1440000 entries, 77.08% (elapsed time 13432.5s, curr speed    0.081 kHz, avg speed    0.083 kHz), accepted       14/ 1110001 events ( 0.00%)
Processed  1120000/ 1440000 entries, 77.78% (elapsed time 13554.2s, curr speed    0.082 kHz, avg speed    0.083 kHz), accepted       14/ 1120001 events ( 0.00%)
Processed  1130000/ 1440000 entries, 78.47% (elapsed time 13676.3s, curr speed    0.082 kHz, avg speed    0.083 kHz), accepted       14/ 1130001 events ( 0.00%)
Processed  1140000/ 1440000 entries, 79.17% (elapsed time 13799.3s, curr speed    0.081 kHz, avg speed    0.083 kHz), accepted       14/ 1140001 events ( 0.00%)
Processed  1150000/ 1440000 entries, 79.86% (elapsed time 13923.1s, curr speed    0.081 kHz, avg speed    0.083 kHz), accepted       14/ 1150001 events ( 0.00%)
Processed  1160000/ 1440000 entries, 80.56% (elapsed time 14047.9s, curr speed    0.080 kHz, avg speed    0.083 kHz), accepted       14/ 1160001 events ( 0.00%)
Processed  1170000/ 1440000 entries, 81.25% (elapsed time 14170.4s, curr speed    0.082 kHz, avg speed    0.083 kHz), accepted       14/ 1170001 events ( 0.00%)
Processed  1180000/ 1440000 entries, 81.94% (elapsed time 14294.1s, curr speed    0.081 kHz, avg speed    0.083 kHz), accepted       14/ 1180001 events ( 0.00%)
Processed  1190000/ 1440000 entries, 82.64% (elapsed time 14416.2s, curr speed    0.082 kHz, avg speed    0.083 kHz), accepted       14/ 1190001 events ( 0.00%)
Processed  1200000/ 1440000 entries, 83.33% (elapsed time 14537.4s, curr speed    0.083 kHz, avg speed    0.083 kHz), accepted       14/ 1200001 events ( 0.00%)
Processed  1210000/ 1440000 entries, 84.03% (elapsed time 14659.0s, curr speed    0.082 kHz, avg speed    0.083 kHz), accepted       14/ 1210001 events ( 0.00%)
Processed  1220000/ 1440000 entries, 84.72% (elapsed time 14782.2s, curr speed    0.081 kHz, avg speed    0.083 kHz), accepted       15/ 1220001 events ( 0.00%)
Processed  1230000/ 1440000 entries, 85.42% (elapsed time 14905.8s, curr speed    0.081 kHz, avg speed    0.083 kHz), accepted       15/ 1230001 events ( 0.00%)
Processed  1240000/ 1440000 entries, 86.11% (elapsed time 15030.7s, curr speed    0.080 kHz, avg speed    0.082 kHz), accepted       16/ 1240001 events ( 0.00%)
Processed  1250000/ 1440000 entries, 86.81% (elapsed time 15153.3s, curr speed    0.082 kHz, avg speed    0.082 kHz), accepted       16/ 1250001 events ( 0.00%)
Processed  1260000/ 1440000 entries, 87.50% (elapsed time 15276.1s, curr speed    0.081 kHz, avg speed    0.082 kHz), accepted       16/ 1260001 events ( 0.00%)
Processed  1270000/ 1440000 entries, 88.19% (elapsed time 15400.1s, curr speed    0.081 kHz, avg speed    0.082 kHz), accepted       17/ 1270001 events ( 0.00%)
Processed  1280000/ 1440000 entries, 88.89% (elapsed time 15523.9s, curr speed    0.081 kHz, avg speed    0.082 kHz), accepted       18/ 1280001 events ( 0.00%)
Processed  1290000/ 1440000 entries, 89.58% (elapsed time 15647.2s, curr speed    0.081 kHz, avg speed    0.082 kHz), accepted       18/ 1290001 events ( 0.00%)
Processed  1300000/ 1440000 entries, 90.28% (elapsed time 15771.1s, curr speed    0.081 kHz, avg speed    0.082 kHz), accepted       18/ 1300001 events ( 0.00%)
Processed  1310000/ 1440000 entries, 90.97% (elapsed time 15894.8s, curr speed    0.081 kHz, avg speed    0.082 kHz), accepted       19/ 1310001 events ( 0.00%)
Processed  1320000/ 1440000 entries, 91.67% (elapsed time 16018.6s, curr speed    0.081 kHz, avg speed    0.082 kHz), accepted       19/ 1320001 events ( 0.00%)
Processed  1330000/ 1440000 entries, 92.36% (elapsed time 16141.5s, curr speed    0.081 kHz, avg speed    0.082 kHz), accepted       19/ 1330001 events ( 0.00%)
Processed  1340000/ 1440000 entries, 93.06% (elapsed time 16264.2s, curr speed    0.081 kHz, avg speed    0.082 kHz), accepted       19/ 1340001 events ( 0.00%)
Processed  1350000/ 1440000 entries, 93.75% (elapsed time 16386.8s, curr speed    0.082 kHz, avg speed    0.082 kHz), accepted       19/ 1350001 events ( 0.00%)
Processed  1360000/ 1440000 entries, 94.44% (elapsed time 16511.1s, curr speed    0.080 kHz, avg speed    0.082 kHz), accepted       19/ 1360001 events ( 0.00%)
Processed  1370000/ 1440000 entries, 95.14% (elapsed time 16635.9s, curr speed    0.080 kHz, avg speed    0.082 kHz), accepted       19/ 1370001 events ( 0.00%)
Processed  1380000/ 1440000 entries, 95.83% (elapsed time 16759.9s, curr speed    0.081 kHz, avg speed    0.082 kHz), accepted       20/ 1380001 events ( 0.00%)
Processed  1390000/ 1440000 entries, 96.53% (elapsed time 16882.3s, curr speed    0.082 kHz, avg speed    0.082 kHz), accepted       20/ 1390001 events ( 0.00%)
Processed  1400000/ 1440000 entries, 97.22% (elapsed time 17007.1s, curr speed    0.080 kHz, avg speed    0.082 kHz), accepted       20/ 1400001 events ( 0.00%)
Processed  1410000/ 1440000 entries, 97.92% (elapsed time 17131.8s, curr speed    0.080 kHz, avg speed    0.082 kHz), accepted       20/ 1410001 events ( 0.00%)
Processed  1420000/ 1440000 entries, 98.61% (elapsed time 17258.2s, curr speed    0.079 kHz, avg speed    0.082 kHz), accepted       21/ 1420001 events ( 0.00%)
Processed  1430000/ 1440000 entries, 99.31% (elapsed time 17381.3s, curr speed    0.081 kHz, avg speed    0.082 kHz), accepted       21/ 1430001 events ( 0.00%)
Processed 1440000 preselected entries from root://cms-xrd-global.cern.ch//store/mc/RunIIAutumn18NanoAODv6/GluGluHToBB_M125_13TeV_powheg_pythia8/NANOAODSIM/Nano25Oct2019_102X_upgrade2018_realistic_v20-v1/60000/5C4CD9B5-E842-A841-8FE4-3580D8524672.root (1440000 entries). Finally selected 21 entries
Done /work/pbaertsc/heavy_resonance/output_2018/GluGluHToBB_M125_13TeV_powheg_pythia8__RunIIAutumn18NanoAODv6-Nano25Oct2019_102X_upgrade2018_realistic_v20-v1__NANOAODSIM/5C4CD9B5-E842-A841-8FE4-3580D8524672.root
82.2458133169 Hz
deleting root file with name: /work/pbaertsc/heavy_resonance/output_2018/GluGluHToBB_M125_13TeV_powheg_pythia8__RunIIAutumn18NanoAODv6-Nano25Oct2019_102X_upgrade2018_realistic_v20-v1__NANOAODSIM/5C4CD9B5-E842-A841-8FE4-3580D8524672.root
DONE
Complete at
Fri Jan 31 01:36:54 CET 2020
