job start at
Tue Jan 28 21:38:39 CET 2020
SLURM_JOB_ID: 422357
HOSTNAME: t3wn48
JOBLIST:joblist/joblist_WZTo2L2Q_13TeV_amcatnloFXFX_madspin_pythia8__RunIISummer16NanoAODv6-PUMoriond17_Nano25Oct2019_102X_mcRun2_asymptotic_v7-v1__NANOAODSIM_ll.txt
Going to execute
python job.py -i root://cms-xrd-global.cern.ch//store/mc/RunIISummer16NanoAODv6/WZTo2L2Q_13TeV_amcatnloFXFX_madspin_pythia8/NANOAODSIM/PUMoriond17_Nano25Oct2019_102X_mcRun2_asymptotic_v7-v1/270000/27C42C5B-A89A-F945-8AF4-F8A10E710666.root -o /work/pbaertsc/heavy_resonance/output_2016/WZTo2L2Q_13TeV_amcatnloFXFX_madspin_pythia8__RunIISummer16NanoAODv6-PUMoriond17_Nano25Oct2019_102X_mcRun2_asymptotic_v7-v1__NANOAODSIM -N WZTo2L2Q_13TeV_amcatnloFXFX_madspin_pythia8__RunIISummer16NanoAODv6-PUMoriond17_Nano25Oct2019_102X_mcRun2_asymptotic_v7-v1__NANOAODSIM -n 6 -c ll -y 2016
TClass::Init:0: RuntimeWarning: no dictionary for class ROOT::TIOFeatures is available
/work/pbaertsc/heavy_resonance/CMSSW_9_4_6/python/PhysicsTools/NanoAODTools/postprocessing/framework/treeReaderArrayTools.py:69: RuntimeWarning: creating executor for unknown type "ULong64_t*"
  ret = _vr.Get()[0]
JEC= Summer16_07Aug2017_V11_MC 	 JER= Summer16_25nsV1_MC
MET branch= PuppiMET
JEC= Summer16_07Aug2017_V11_MC 	 JER= Summer16_25nsV1_MC
MET branch= PuppiMET
--------------------------------------------------------------------------------
input files  = ['root://cms-xrd-global.cern.ch//store/mc/RunIISummer16NanoAODv6/WZTo2L2Q_13TeV_amcatnloFXFX_madspin_pythia8/NANOAODSIM/PUMoriond17_Nano25Oct2019_102X_mcRun2_asymptotic_v7-v1/270000/27C42C5B-A89A-F945-8AF4-F8A10E710666.root']
output directory = /work/pbaertsc/heavy_resonance/output_2016/WZTo2L2Q_13TeV_amcatnloFXFX_madspin_pythia8__RunIISummer16NanoAODv6-PUMoriond17_Nano25Oct2019_102X_mcRun2_asymptotic_v7-v1__NANOAODSIM
output file  = WZTo2L2Q_13TeV_amcatnloFXFX_madspin_pythia8__RunIISummer16NanoAODv6-PUMoriond17_Nano25Oct2019_102X_mcRun2_asymptotic_v7-v1__NANOAODSIM_6_ll.root
chunck       = 6
channel      = ll
dataType     = mc
year         = 2016
tes          = 1.0
ltf          = 1.0
jtf          = 1.0
--------------------------------------------------------------------------------
job.py: creating PostProcessor...
TreeProducer is called /work/pbaertsc/heavy_resonance/output_2016/WZTo2L2Q_13TeV_amcatnloFXFX_madspin_pythia8__RunIISummer16NanoAODv6-PUMoriond17_Nano25Oct2019_102X_mcRun2_asymptotic_v7-v1__NANOAODSIM/WZTo2L2Q_13TeV_amcatnloFXFX_madspin_pythia8__RunIISummer16NanoAODv6-PUMoriond17_Nano25Oct2019_102X_mcRun2_asymptotic_v7-v1__NANOAODSIM_6_ll.root
job.py: going to run PostProcessor...
Will write selected trees to /work/pbaertsc/heavy_resonance/output_2016/WZTo2L2Q_13TeV_amcatnloFXFX_madspin_pythia8__RunIISummer16NanoAODv6-PUMoriond17_Nano25Oct2019_102X_mcRun2_asymptotic_v7-v1__NANOAODSIM
Loading jet energy scale (JES) uncertainties from file '/tmp/tmp_If3xo/Summer16_07Aug2017_V11_MC_Uncertainty_AK4PFchs.txt'
Loading jet energy resolutions (JER) from file '/tmp/tmphMoGBg/Summer16_25nsV1_MC_PtResolution_AK4PFchs.txt'
Loading JER scale factors and uncertainties from file '/tmp/tmphMoGBg/Summer16_25nsV1_MC_SF_AK4PFchs.txt'
Loading jet energy scale (JES) uncertainties from file '/tmp/tmpMVVHMe/Summer16_07Aug2017_V11_MC_Uncertainty_AK8PFPuppi.txt'
Loading jet energy resolutions (JER) from file '/tmp/tmpdnf1wu/Summer16_25nsV1_MC_PtResolution_AK8PFPuppi.txt'
Loading JER scale factors and uncertainties from file '/tmp/tmpdnf1wu/Summer16_25nsV1_MC_SF_AK8PFPuppi.txt'
Pre-select 1796196 entries out of 1796196 (100.00%)
nanoAODv5? True
ZtoMM trigger inconsistency
ZtoMM trigger inconsistency
Processed    10000/ 1796196 entries,  0.56% (elapsed time   354.3s, curr speed    0.028 kHz, avg speed    0.028 kHz), accepted       87/   10001 events ( 0.87%)
ZtoMM trigger inconsistency
ZtoMM trigger inconsistency
ZtoMM trigger inconsistency
Processed    20000/ 1796196 entries,  1.11% (elapsed time   705.2s, curr speed    0.029 kHz, avg speed    0.028 kHz), accepted      157/   20001 events ( 0.78%)
ZtoMM trigger inconsistency
ZtoMM trigger inconsistency
ZtoMM trigger inconsistency
Processed    30000/ 1796196 entries,  1.67% (elapsed time  1048.7s, curr speed    0.029 kHz, avg speed    0.029 kHz), accepted      262/   30001 events ( 0.87%)
Processed    40000/ 1796196 entries,  2.23% (elapsed time  1391.5s, curr speed    0.029 kHz, avg speed    0.029 kHz), accepted      342/   40001 events ( 0.85%)
ZtoMM trigger inconsistency
TtoEM trigger inconsistency
Processed    50000/ 1796196 entries,  2.78% (elapsed time  1733.4s, curr speed    0.029 kHz, avg speed    0.029 kHz), accepted      418/   50001 events ( 0.84%)
Bad event
Processed    60000/ 1796196 entries,  3.34% (elapsed time  2072.5s, curr speed    0.029 kHz, avg speed    0.029 kHz), accepted      498/   60001 events ( 0.83%)
ZtoMM trigger inconsistency
Processed    70000/ 1796196 entries,  3.90% (elapsed time  2413.1s, curr speed    0.029 kHz, avg speed    0.029 kHz), accepted      573/   70001 events ( 0.82%)
ZtoMM trigger inconsistency
ZtoMM trigger inconsistency
TtoEM trigger inconsistency
Processed    80000/ 1796196 entries,  4.45% (elapsed time  2754.3s, curr speed    0.029 kHz, avg speed    0.029 kHz), accepted      659/   80001 events ( 0.82%)
ZtoMM trigger inconsistency
ZtoMM trigger inconsistency
ZtoEE trigger inconsistency
ZtoMM trigger inconsistency
Processed    90000/ 1796196 entries,  5.01% (elapsed time  3096.3s, curr speed    0.029 kHz, avg speed    0.029 kHz), accepted      745/   90001 events ( 0.83%)
Processed   100000/ 1796196 entries,  5.57% (elapsed time  3433.6s, curr speed    0.030 kHz, avg speed    0.029 kHz), accepted      808/  100001 events ( 0.81%)
ZtoMM trigger inconsistency
ZtoMM trigger inconsistency
ZtoMM trigger inconsistency
Processed   110000/ 1796196 entries,  6.12% (elapsed time  3773.6s, curr speed    0.029 kHz, avg speed    0.029 kHz), accepted      889/  110001 events ( 0.81%)
Processed   120000/ 1796196 entries,  6.68% (elapsed time  4114.7s, curr speed    0.029 kHz, avg speed    0.029 kHz), accepted      970/  120001 events ( 0.81%)
ZtoMM trigger inconsistency
ZtoMM trigger inconsistency
ZtoMM trigger inconsistency
ZtoMM trigger inconsistency
Processed   130000/ 1796196 entries,  7.24% (elapsed time  4456.2s, curr speed    0.029 kHz, avg speed    0.029 kHz), accepted     1050/  130001 events ( 0.81%)
ZtoEE trigger inconsistency
ZtoMM trigger inconsistency
ZtoMM trigger inconsistency
Processed   140000/ 1796196 entries,  7.79% (elapsed time  4794.5s, curr speed    0.030 kHz, avg speed    0.029 kHz), accepted     1130/  140001 events ( 0.81%)
ZtoMM trigger inconsistency
ZtoEE trigger inconsistency
ZtoMM trigger inconsistency
ZtoMM trigger inconsistency
Processed   150000/ 1796196 entries,  8.35% (elapsed time  5136.7s, curr speed    0.029 kHz, avg speed    0.029 kHz), accepted     1214/  150001 events ( 0.81%)
ZtoMM trigger inconsistency
ZtoMM trigger inconsistency
ZtoEE trigger inconsistency
Processed   160000/ 1796196 entries,  8.91% (elapsed time  5451.0s, curr speed    0.032 kHz, avg speed    0.029 kHz), accepted     1286/  160001 events ( 0.80%)
ZtoMM trigger inconsistency
ZtoMM trigger inconsistency
ZtoMM trigger inconsistency
Processed   170000/ 1796196 entries,  9.46% (elapsed time  5776.1s, curr speed    0.031 kHz, avg speed    0.029 kHz), accepted     1373/  170001 events ( 0.81%)
ZtoEE trigger inconsistency
Processed   180000/ 1796196 entries, 10.02% (elapsed time  6081.1s, curr speed    0.033 kHz, avg speed    0.030 kHz), accepted     1445/  180001 events ( 0.80%)
ZtoMM trigger inconsistency
Processed   190000/ 1796196 entries, 10.58% (elapsed time  6391.6s, curr speed    0.032 kHz, avg speed    0.030 kHz), accepted     1525/  190001 events ( 0.80%)
ZtoMM trigger inconsistency
ZtoMM trigger inconsistency
Processed   200000/ 1796196 entries, 11.13% (elapsed time  6712.3s, curr speed    0.031 kHz, avg speed    0.030 kHz), accepted     1603/  200001 events ( 0.80%)
TtoEM trigger inconsistency
ZtoEE trigger inconsistency
ZtoMM trigger inconsistency
Processed   210000/ 1796196 entries, 11.69% (elapsed time  7006.0s, curr speed    0.034 kHz, avg speed    0.030 kHz), accepted     1693/  210001 events ( 0.81%)
ZtoMM trigger inconsistency
ZtoEE trigger inconsistency
Processed   220000/ 1796196 entries, 12.25% (elapsed time  7303.7s, curr speed    0.034 kHz, avg speed    0.030 kHz), accepted     1788/  220001 events ( 0.81%)
ZtoMM trigger inconsistency
ZtoMM trigger inconsistency
ZtoMM trigger inconsistency
ZtoMM trigger inconsistency
Processed   230000/ 1796196 entries, 12.80% (elapsed time  7629.1s, curr speed    0.031 kHz, avg speed    0.030 kHz), accepted     1866/  230001 events ( 0.81%)
ZtoMM trigger inconsistency
ZtoMM trigger inconsistency
Processed   240000/ 1796196 entries, 13.36% (elapsed time  7938.3s, curr speed    0.032 kHz, avg speed    0.030 kHz), accepted     1958/  240001 events ( 0.82%)
ZtoMM trigger inconsistency
TtoEM trigger inconsistency
ZtoMM trigger inconsistency
ZtoMM trigger inconsistency
ZtoMM trigger inconsistency
Processed   250000/ 1796196 entries, 13.92% (elapsed time  8230.3s, curr speed    0.034 kHz, avg speed    0.030 kHz), accepted     2039/  250001 events ( 0.82%)
ZtoMM trigger inconsistency
ZtoEE trigger inconsistency
ZtoMM trigger inconsistency
TtoEM trigger inconsistency
TtoEM trigger inconsistency
Processed   260000/ 1796196 entries, 14.48% (elapsed time  8532.6s, curr speed    0.033 kHz, avg speed    0.030 kHz), accepted     2110/  260001 events ( 0.81%)
ZtoMM trigger inconsistency
ZtoMM trigger inconsistency
ZtoEE trigger inconsistency
ZtoMM trigger inconsistency
ZtoMM trigger inconsistency
ZtoMM trigger inconsistency
ZtoMM trigger inconsistency
ZtoMM trigger inconsistency
Processed   270000/ 1796196 entries, 15.03% (elapsed time  8860.2s, curr speed    0.031 kHz, avg speed    0.030 kHz), accepted     2194/  270001 events ( 0.81%)
ZtoMM trigger inconsistency
ZtoEE trigger inconsistency
ZtoMM trigger inconsistency
TtoEM trigger inconsistency
ZtoMM trigger inconsistency
Processed   280000/ 1796196 entries, 15.59% (elapsed time  9160.5s, curr speed    0.033 kHz, avg speed    0.031 kHz), accepted     2281/  280001 events ( 0.81%)
TtoEM trigger inconsistency
ZtoMM trigger inconsistency
ZtoMM trigger inconsistency
Processed   290000/ 1796196 entries, 16.15% (elapsed time  9455.9s, curr speed    0.034 kHz, avg speed    0.031 kHz), accepted     2379/  290001 events ( 0.82%)
ZtoMM trigger inconsistency
Processed   300000/ 1796196 entries, 16.70% (elapsed time  9757.1s, curr speed    0.033 kHz, avg speed    0.031 kHz), accepted     2477/  300001 events ( 0.83%)
TtoEM trigger inconsistency
ZtoMM trigger inconsistency
Processed   310000/ 1796196 entries, 17.26% (elapsed time 10080.3s, curr speed    0.031 kHz, avg speed    0.031 kHz), accepted     2561/  310001 events ( 0.83%)
Processed   320000/ 1796196 entries, 17.82% (elapsed time 10381.3s, curr speed    0.033 kHz, avg speed    0.031 kHz), accepted     2657/  320001 events ( 0.83%)
ZtoMM trigger inconsistency
Bad event
ZtoMM trigger inconsistency
Processed   330000/ 1796196 entries, 18.37% (elapsed time 10672.5s, curr speed    0.034 kHz, avg speed    0.031 kHz), accepted     2751/  330001 events ( 0.83%)
Processed   340000/ 1796196 entries, 18.93% (elapsed time 10990.7s, curr speed    0.031 kHz, avg speed    0.031 kHz), accepted     2825/  340001 events ( 0.83%)
ZtoMM trigger inconsistency
ZtoEE trigger inconsistency
ZtoMM trigger inconsistency
ZtoMM trigger inconsistency
ZtoEE trigger inconsistency
Bad event
ZtoMM trigger inconsistency
ZtoMM trigger inconsistency
ZtoMM trigger inconsistency
Processed   350000/ 1796196 entries, 19.49% (elapsed time 11314.5s, curr speed    0.031 kHz, avg speed    0.031 kHz), accepted     2910/  350001 events ( 0.83%)
ZtoMM trigger inconsistency
ZtoMM trigger inconsistency
Processed   360000/ 1796196 entries, 20.04% (elapsed time 11610.3s, curr speed    0.034 kHz, avg speed    0.031 kHz), accepted     2986/  360001 events ( 0.83%)
ZtoMM trigger inconsistency
ZtoEE trigger inconsistency
ZtoMM trigger inconsistency
TtoEM trigger inconsistency
TtoEM trigger inconsistency
Processed   370000/ 1796196 entries, 20.60% (elapsed time 11905.6s, curr speed    0.034 kHz, avg speed    0.031 kHz), accepted     3075/  370001 events ( 0.83%)
ZtoMM trigger inconsistency
ZtoMM trigger inconsistency
Processed   380000/ 1796196 entries, 21.16% (elapsed time 12226.7s, curr speed    0.031 kHz, avg speed    0.031 kHz), accepted     3152/  380001 events ( 0.83%)
ZtoMM trigger inconsistency
ZtoMM trigger inconsistency
ZtoMM trigger inconsistency
TtoEM trigger inconsistency
ZtoMM trigger inconsistency
Processed   390000/ 1796196 entries, 21.71% (elapsed time 12533.2s, curr speed    0.033 kHz, avg speed    0.031 kHz), accepted     3232/  390001 events ( 0.83%)
Processed   400000/ 1796196 entries, 22.27% (elapsed time 12827.1s, curr speed    0.034 kHz, avg speed    0.031 kHz), accepted     3307/  400001 events ( 0.83%)
ZtoMM trigger inconsistency
ZtoMM trigger inconsistency
Processed   410000/ 1796196 entries, 22.83% (elapsed time 13133.0s, curr speed    0.033 kHz, avg speed    0.031 kHz), accepted     3402/  410001 events ( 0.83%)
ZtoMM trigger inconsistency
ZtoMM trigger inconsistency
Processed   420000/ 1796196 entries, 23.38% (elapsed time 13456.6s, curr speed    0.031 kHz, avg speed    0.031 kHz), accepted     3512/  420001 events ( 0.84%)
ZtoMM trigger inconsistency
TtoEM trigger inconsistency
Processed   430000/ 1796196 entries, 23.94% (elapsed time 13759.2s, curr speed    0.033 kHz, avg speed    0.031 kHz), accepted     3601/  430001 events ( 0.84%)
ZtoMM trigger inconsistency
ZtoMM trigger inconsistency
ZtoMM trigger inconsistency
ZtoMM trigger inconsistency
ZtoMM trigger inconsistency
ZtoMM trigger inconsistency
ZtoMM trigger inconsistency
ZtoMM trigger inconsistency
Processed   440000/ 1796196 entries, 24.50% (elapsed time 14043.2s, curr speed    0.035 kHz, avg speed    0.031 kHz), accepted     3693/  440001 events ( 0.84%)
ZtoMM trigger inconsistency
Processed   450000/ 1796196 entries, 25.05% (elapsed time 14362.4s, curr speed    0.031 kHz, avg speed    0.031 kHz), accepted     3781/  450001 events ( 0.84%)
ZtoMM trigger inconsistency
ZtoMM trigger inconsistency
Processed   460000/ 1796196 entries, 25.61% (elapsed time 14670.2s, curr speed    0.032 kHz, avg speed    0.031 kHz), accepted     3874/  460001 events ( 0.84%)
ZtoMM trigger inconsistency
ZtoMM trigger inconsistency
Processed   470000/ 1796196 entries, 26.17% (elapsed time 14966.8s, curr speed    0.034 kHz, avg speed    0.031 kHz), accepted     3963/  470001 events ( 0.84%)
Bad event
ZtoMM trigger inconsistency
ZtoMM trigger inconsistency
ZtoMM trigger inconsistency
Processed   480000/ 1796196 entries, 26.72% (elapsed time 15268.5s, curr speed    0.033 kHz, avg speed    0.031 kHz), accepted     4046/  480001 events ( 0.84%)
ZtoMM trigger inconsistency
ZtoMM trigger inconsistency
Processed   490000/ 1796196 entries, 27.28% (elapsed time 15586.9s, curr speed    0.031 kHz, avg speed    0.031 kHz), accepted     4124/  490001 events ( 0.84%)
TtoEM trigger inconsistency
ZtoEE trigger inconsistency
Processed   500000/ 1796196 entries, 27.84% (elapsed time 15886.9s, curr speed    0.033 kHz, avg speed    0.031 kHz), accepted     4191/  500001 events ( 0.84%)
ZtoMM trigger inconsistency
ZtoMM trigger inconsistency
Processed   510000/ 1796196 entries, 28.39% (elapsed time 16209.8s, curr speed    0.031 kHz, avg speed    0.031 kHz), accepted     4283/  510001 events ( 0.84%)
ZtoMM trigger inconsistency
ZtoMM trigger inconsistency
ZtoMM trigger inconsistency
ZtoMM trigger inconsistency
WARNING: jet m = -0.0 !!
Processed   520000/ 1796196 entries, 28.95% (elapsed time 16512.5s, curr speed    0.033 kHz, avg speed    0.031 kHz), accepted     4361/  520001 events ( 0.84%)
TtoEM trigger inconsistency
ZtoEE trigger inconsistency
ZtoMM trigger inconsistency
ZtoMM trigger inconsistency
Processed   530000/ 1796196 entries, 29.51% (elapsed time 16797.5s, curr speed    0.035 kHz, avg speed    0.032 kHz), accepted     4445/  530001 events ( 0.84%)
ZtoMM trigger inconsistency
Processed   540000/ 1796196 entries, 30.06% (elapsed time 17114.6s, curr speed    0.032 kHz, avg speed    0.032 kHz), accepted     4541/  540001 events ( 0.84%)
TtoEM trigger inconsistency
ZtoMM trigger inconsistency
ZtoMM trigger inconsistency
ZtoMM trigger inconsistency
ZtoMM trigger inconsistency
Processed   550000/ 1796196 entries, 30.62% (elapsed time 17417.8s, curr speed    0.033 kHz, avg speed    0.032 kHz), accepted     4631/  550001 events ( 0.84%)
Bad event
TtoEM trigger inconsistency
ZtoMM trigger inconsistency
Processed   560000/ 1796196 entries, 31.18% (elapsed time 17703.3s, curr speed    0.035 kHz, avg speed    0.032 kHz), accepted     4727/  560001 events ( 0.84%)
ZtoMM trigger inconsistency
ZtoMM trigger inconsistency
ZtoMM trigger inconsistency
Processed   570000/ 1796196 entries, 31.73% (elapsed time 18006.6s, curr speed    0.033 kHz, avg speed    0.032 kHz), accepted     4803/  570001 events ( 0.84%)
ZtoMM trigger inconsistency
ZtoMM trigger inconsistency
ZtoMM trigger inconsistency
ZtoEE trigger inconsistency
ZtoMM trigger inconsistency
Processed   580000/ 1796196 entries, 32.29% (elapsed time 18312.2s, curr speed    0.033 kHz, avg speed    0.032 kHz), accepted     4875/  580001 events ( 0.84%)
ZtoMM trigger inconsistency
Processed   590000/ 1796196 entries, 32.85% (elapsed time 18596.4s, curr speed    0.035 kHz, avg speed    0.032 kHz), accepted     4963/  590001 events ( 0.84%)
TtoEM trigger inconsistency
Processed   600000/ 1796196 entries, 33.40% (elapsed time 18897.6s, curr speed    0.033 kHz, avg speed    0.032 kHz), accepted     5047/  600001 events ( 0.84%)
ZtoMM trigger inconsistency
ZtoMM trigger inconsistency
ZtoEE trigger inconsistency
ZtoEE trigger inconsistency
Processed   610000/ 1796196 entries, 33.96% (elapsed time 19202.8s, curr speed    0.033 kHz, avg speed    0.032 kHz), accepted     5128/  610001 events ( 0.84%)
ZtoEE trigger inconsistency
ZtoMM trigger inconsistency
Processed   620000/ 1796196 entries, 34.52% (elapsed time 19488.4s, curr speed    0.035 kHz, avg speed    0.032 kHz), accepted     5200/  620001 events ( 0.84%)
Processed   630000/ 1796196 entries, 35.07% (elapsed time 19786.8s, curr speed    0.034 kHz, avg speed    0.032 kHz), accepted     5292/  630001 events ( 0.84%)
ZtoMM trigger inconsistency
ZtoMM trigger inconsistency
ZtoMM trigger inconsistency
Processed   640000/ 1796196 entries, 35.63% (elapsed time 20099.2s, curr speed    0.032 kHz, avg speed    0.032 kHz), accepted     5364/  640001 events ( 0.84%)
TtoEM trigger inconsistency
Processed   650000/ 1796196 entries, 36.19% (elapsed time 20390.0s, curr speed    0.034 kHz, avg speed    0.032 kHz), accepted     5449/  650001 events ( 0.84%)
TtoEM trigger inconsistency
TtoEM trigger inconsistency
Processed   660000/ 1796196 entries, 36.74% (elapsed time 20674.9s, curr speed    0.035 kHz, avg speed    0.032 kHz), accepted     5530/  660001 events ( 0.84%)
ZtoMM trigger inconsistency
ZtoMM trigger inconsistency
ZtoMM trigger inconsistency
ZtoMM trigger inconsistency
Processed   670000/ 1796196 entries, 37.30% (elapsed time 20981.2s, curr speed    0.033 kHz, avg speed    0.032 kHz), accepted     5611/  670001 events ( 0.84%)
TtoEM trigger inconsistency
ZtoMM trigger inconsistency
ZtoMM trigger inconsistency
ZtoMM trigger inconsistency
Processed   680000/ 1796196 entries, 37.86% (elapsed time 21262.3s, curr speed    0.036 kHz, avg speed    0.032 kHz), accepted     5680/  680001 events ( 0.84%)
ZtoMM trigger inconsistency
ZtoMM trigger inconsistency
ZtoMM trigger inconsistency
Processed   690000/ 1796196 entries, 38.41% (elapsed time 21550.5s, curr speed    0.035 kHz, avg speed    0.032 kHz), accepted     5762/  690001 events ( 0.84%)
Bad event
TtoEM trigger inconsistency
ZtoMM trigger inconsistency
Processed   700000/ 1796196 entries, 38.97% (elapsed time 21860.6s, curr speed    0.032 kHz, avg speed    0.032 kHz), accepted     5838/  700001 events ( 0.83%)
ZtoMM trigger inconsistency
ZtoEE trigger inconsistency
ZtoMM trigger inconsistency
ZtoMM trigger inconsistency
Processed   710000/ 1796196 entries, 39.53% (elapsed time 22155.6s, curr speed    0.034 kHz, avg speed    0.032 kHz), accepted     5937/  710001 events ( 0.84%)
TtoEM trigger inconsistency
TtoEM trigger inconsistency
ZtoMM trigger inconsistency
ZtoMM trigger inconsistency
Processed   720000/ 1796196 entries, 40.08% (elapsed time 22429.9s, curr speed    0.036 kHz, avg speed    0.032 kHz), accepted     6005/  720001 events ( 0.83%)
ZtoMM trigger inconsistency
ZtoMM trigger inconsistency
Processed   730000/ 1796196 entries, 40.64% (elapsed time 22737.2s, curr speed    0.033 kHz, avg speed    0.032 kHz), accepted     6090/  730001 events ( 0.83%)
ZtoMM trigger inconsistency
Processed   740000/ 1796196 entries, 41.20% (elapsed time 23036.4s, curr speed    0.033 kHz, avg speed    0.032 kHz), accepted     6173/  740001 events ( 0.83%)
ZtoMM trigger inconsistency
ZtoMM trigger inconsistency
ZtoMM trigger inconsistency
ZtoMM trigger inconsistency
Processed   750000/ 1796196 entries, 41.75% (elapsed time 23311.1s, curr speed    0.036 kHz, avg speed    0.032 kHz), accepted     6258/  750001 events ( 0.83%)
ZtoMM trigger inconsistency
ZtoMM trigger inconsistency
ZtoMM trigger inconsistency
ZtoMM trigger inconsistency
ZtoMM trigger inconsistency
Processed   760000/ 1796196 entries, 42.31% (elapsed time 23600.8s, curr speed    0.035 kHz, avg speed    0.032 kHz), accepted     6322/  760001 events ( 0.83%)
ZtoMM trigger inconsistency
TtoEM trigger inconsistency
Processed   770000/ 1796196 entries, 42.87% (elapsed time 23906.8s, curr speed    0.033 kHz, avg speed    0.032 kHz), accepted     6416/  770001 events ( 0.83%)
TtoEM trigger inconsistency
ZtoMM trigger inconsistency
ZtoMM trigger inconsistency
Processed   780000/ 1796196 entries, 43.43% (elapsed time 24193.5s, curr speed    0.035 kHz, avg speed    0.032 kHz), accepted     6491/  780001 events ( 0.83%)
ZtoMM trigger inconsistency
ZtoMM trigger inconsistency
Processed   790000/ 1796196 entries, 43.98% (elapsed time 24463.3s, curr speed    0.037 kHz, avg speed    0.032 kHz), accepted     6567/  790001 events ( 0.83%)
ZtoMM trigger inconsistency
ZtoEE trigger inconsistency
TtoEM trigger inconsistency
Processed   800000/ 1796196 entries, 44.54% (elapsed time 24712.8s, curr speed    0.040 kHz, avg speed    0.032 kHz), accepted     6650/  800001 events ( 0.83%)
ZtoMM trigger inconsistency
TtoEM trigger inconsistency
Processed   810000/ 1796196 entries, 45.10% (elapsed time 24969.1s, curr speed    0.039 kHz, avg speed    0.032 kHz), accepted     6742/  810001 events ( 0.83%)
ZtoMM trigger inconsistency
ZtoMM trigger inconsistency
Processed   820000/ 1796196 entries, 45.65% (elapsed time 25211.0s, curr speed    0.041 kHz, avg speed    0.033 kHz), accepted     6825/  820001 events ( 0.83%)
ZtoMM trigger inconsistency
ZtoMM trigger inconsistency
Processed   830000/ 1796196 entries, 46.21% (elapsed time 25453.1s, curr speed    0.041 kHz, avg speed    0.033 kHz), accepted     6912/  830001 events ( 0.83%)
ZtoMM trigger inconsistency
Processed   840000/ 1796196 entries, 46.77% (elapsed time 25695.8s, curr speed    0.041 kHz, avg speed    0.033 kHz), accepted     7008/  840001 events ( 0.83%)
ZtoMM trigger inconsistency
Processed   850000/ 1796196 entries, 47.32% (elapsed time 25940.9s, curr speed    0.041 kHz, avg speed    0.033 kHz), accepted     7101/  850001 events ( 0.84%)
Bad event
ZtoMM trigger inconsistency
ZtoMM trigger inconsistency
ZtoMM trigger inconsistency
Processed   860000/ 1796196 entries, 47.88% (elapsed time 26187.3s, curr speed    0.041 kHz, avg speed    0.033 kHz), accepted     7184/  860001 events ( 0.84%)
ZtoMM trigger inconsistency
ZtoMM trigger inconsistency
Processed   870000/ 1796196 entries, 48.44% (elapsed time 26428.3s, curr speed    0.041 kHz, avg speed    0.033 kHz), accepted     7263/  870001 events ( 0.83%)
ZtoMM trigger inconsistency
ZtoEE trigger inconsistency
ZtoMM trigger inconsistency
ZtoMM trigger inconsistency
Processed   880000/ 1796196 entries, 48.99% (elapsed time 26671.6s, curr speed    0.041 kHz, avg speed    0.033 kHz), accepted     7355/  880001 events ( 0.84%)
ZtoMM trigger inconsistency
ZtoMM trigger inconsistency
ZtoMM trigger inconsistency
ZtoMM trigger inconsistency
ZtoMM trigger inconsistency
ZtoMM trigger inconsistency
Processed   890000/ 1796196 entries, 49.55% (elapsed time 26914.1s, curr speed    0.041 kHz, avg speed    0.033 kHz), accepted     7433/  890001 events ( 0.84%)
ZtoEE trigger inconsistency
TtoEM trigger inconsistency
Processed   900000/ 1796196 entries, 50.11% (elapsed time 27156.0s, curr speed    0.041 kHz, avg speed    0.033 kHz), accepted     7520/  900001 events ( 0.84%)
ZtoMM trigger inconsistency
ZtoEE trigger inconsistency
Processed   910000/ 1796196 entries, 50.66% (elapsed time 27399.4s, curr speed    0.041 kHz, avg speed    0.033 kHz), accepted     7621/  910001 events ( 0.84%)
ZtoMM trigger inconsistency
ZtoMM trigger inconsistency
TtoEM trigger inconsistency
TtoEM trigger inconsistency
Processed   920000/ 1796196 entries, 51.22% (elapsed time 27642.2s, curr speed    0.041 kHz, avg speed    0.033 kHz), accepted     7710/  920001 events ( 0.84%)
ZtoMM trigger inconsistency
Processed   930000/ 1796196 entries, 51.78% (elapsed time 27896.1s, curr speed    0.039 kHz, avg speed    0.033 kHz), accepted     7789/  930001 events ( 0.84%)
ZtoMM trigger inconsistency
ZtoMM trigger inconsistency
Processed   940000/ 1796196 entries, 52.33% (elapsed time 28192.5s, curr speed    0.034 kHz, avg speed    0.033 kHz), accepted     7861/  940001 events ( 0.84%)
ZtoMM trigger inconsistency
ZtoMM trigger inconsistency
ZtoMM trigger inconsistency
Processed   950000/ 1796196 entries, 52.89% (elapsed time 28513.8s, curr speed    0.031 kHz, avg speed    0.033 kHz), accepted     7949/  950001 events ( 0.84%)
ZtoEE trigger inconsistency
ZtoMM trigger inconsistency
ZtoMM trigger inconsistency
ZtoMM trigger inconsistency
Processed   960000/ 1796196 entries, 53.45% (elapsed time 28813.5s, curr speed    0.033 kHz, avg speed    0.033 kHz), accepted     8039/  960001 events ( 0.84%)
TtoEM trigger inconsistency
ZtoMM trigger inconsistency
Processed   970000/ 1796196 entries, 54.00% (elapsed time 29109.9s, curr speed    0.034 kHz, avg speed    0.033 kHz), accepted     8116/  970001 events ( 0.84%)
ZtoMM trigger inconsistency
ZtoMM trigger inconsistency
Processed   980000/ 1796196 entries, 54.56% (elapsed time 29416.4s, curr speed    0.033 kHz, avg speed    0.033 kHz), accepted     8227/  980001 events ( 0.84%)
ZtoEE trigger inconsistency
Processed   990000/ 1796196 entries, 55.12% (elapsed time 29718.6s, curr speed    0.033 kHz, avg speed    0.033 kHz), accepted     8307/  990001 events ( 0.84%)
ZtoMM trigger inconsistency
Processed  1000000/ 1796196 entries, 55.67% (elapsed time 29977.8s, curr speed    0.039 kHz, avg speed    0.033 kHz), accepted     8405/ 1000001 events ( 0.84%)
ZtoEE trigger inconsistency
Processed  1010000/ 1796196 entries, 56.23% (elapsed time 30222.3s, curr speed    0.041 kHz, avg speed    0.033 kHz), accepted     8495/ 1010001 events ( 0.84%)
ZtoMM trigger inconsistency
ZtoMM trigger inconsistency
Processed  1020000/ 1796196 entries, 56.79% (elapsed time 30464.8s, curr speed    0.041 kHz, avg speed    0.033 kHz), accepted     8581/ 1020001 events ( 0.84%)
Processed  1030000/ 1796196 entries, 57.34% (elapsed time 30706.8s, curr speed    0.041 kHz, avg speed    0.034 kHz), accepted     8668/ 1030001 events ( 0.84%)
ZtoMM trigger inconsistency
ZtoMM trigger inconsistency
ZtoMM trigger inconsistency
Processed  1040000/ 1796196 entries, 57.90% (elapsed time 30950.6s, curr speed    0.041 kHz, avg speed    0.034 kHz), accepted     8750/ 1040001 events ( 0.84%)
ZtoMM trigger inconsistency
ZtoMM trigger inconsistency
ZtoMM trigger inconsistency
Processed  1050000/ 1796196 entries, 58.46% (elapsed time 31195.0s, curr speed    0.041 kHz, avg speed    0.034 kHz), accepted     8838/ 1050001 events ( 0.84%)
ZtoMM trigger inconsistency
ZtoMM trigger inconsistency
ZtoMM trigger inconsistency
Processed  1060000/ 1796196 entries, 59.01% (elapsed time 31436.9s, curr speed    0.041 kHz, avg speed    0.034 kHz), accepted     8930/ 1060001 events ( 0.84%)
Processed  1070000/ 1796196 entries, 59.57% (elapsed time 31677.6s, curr speed    0.042 kHz, avg speed    0.034 kHz), accepted     9035/ 1070001 events ( 0.84%)
ZtoMM trigger inconsistency
TtoEM trigger inconsistency
TtoEM trigger inconsistency
TtoEM trigger inconsistency
ZtoMM trigger inconsistency
Processed  1080000/ 1796196 entries, 60.13% (elapsed time 31919.8s, curr speed    0.041 kHz, avg speed    0.034 kHz), accepted     9116/ 1080001 events ( 0.84%)
ZtoMM trigger inconsistency
ZtoMM trigger inconsistency
Processed  1090000/ 1796196 entries, 60.68% (elapsed time 32160.7s, curr speed    0.042 kHz, avg speed    0.034 kHz), accepted     9190/ 1090001 events ( 0.84%)
ZtoMM trigger inconsistency
TtoEM trigger inconsistency
Processed  1100000/ 1796196 entries, 61.24% (elapsed time 32401.2s, curr speed    0.042 kHz, avg speed    0.034 kHz), accepted     9269/ 1100001 events ( 0.84%)
ZtoMM trigger inconsistency
TtoEM trigger inconsistency
TtoEM trigger inconsistency
Processed  1110000/ 1796196 entries, 61.80% (elapsed time 32642.9s, curr speed    0.041 kHz, avg speed    0.034 kHz), accepted     9339/ 1110001 events ( 0.84%)
ZtoEE trigger inconsistency
ZtoMM trigger inconsistency
ZtoMM trigger inconsistency
Processed  1120000/ 1796196 entries, 62.35% (elapsed time 32883.7s, curr speed    0.042 kHz, avg speed    0.034 kHz), accepted     9431/ 1120001 events ( 0.84%)
ZtoMM trigger inconsistency
ZtoEE trigger inconsistency
ZtoMM trigger inconsistency
Processed  1130000/ 1796196 entries, 62.91% (elapsed time 33134.8s, curr speed    0.040 kHz, avg speed    0.034 kHz), accepted     9507/ 1130001 events ( 0.84%)
ZtoMM trigger inconsistency
ZtoMM trigger inconsistency
ZtoMM trigger inconsistency
TtoEM trigger inconsistency
ZtoMM trigger inconsistency
Processed  1140000/ 1796196 entries, 63.47% (elapsed time 33376.8s, curr speed    0.041 kHz, avg speed    0.034 kHz), accepted     9600/ 1140001 events ( 0.84%)
ZtoMM trigger inconsistency
TtoEM trigger inconsistency
ZtoMM trigger inconsistency
ZtoMM trigger inconsistency
ZtoMM trigger inconsistency
Processed  1150000/ 1796196 entries, 64.02% (elapsed time 33617.4s, curr speed    0.042 kHz, avg speed    0.034 kHz), accepted     9679/ 1150001 events ( 0.84%)
ZtoMM trigger inconsistency
ZtoMM trigger inconsistency
ZtoEE trigger inconsistency
ZtoEE trigger inconsistency
ZtoMM trigger inconsistency
Processed  1160000/ 1796196 entries, 64.58% (elapsed time 33861.6s, curr speed    0.041 kHz, avg speed    0.034 kHz), accepted     9763/ 1160001 events ( 0.84%)
TtoEM trigger inconsistency
ZtoMM trigger inconsistency
ZtoMM trigger inconsistency
ZtoMM trigger inconsistency
ZtoMM trigger inconsistency
ZtoMM trigger inconsistency
Processed  1170000/ 1796196 entries, 65.14% (elapsed time 34105.1s, curr speed    0.041 kHz, avg speed    0.034 kHz), accepted     9845/ 1170001 events ( 0.84%)
ZtoMM trigger inconsistency
ZtoMM trigger inconsistency
Bad event
ZtoEE trigger inconsistency
Processed  1180000/ 1796196 entries, 65.69% (elapsed time 34345.4s, curr speed    0.042 kHz, avg speed    0.034 kHz), accepted     9919/ 1180001 events ( 0.84%)
TtoEM trigger inconsistency
TtoEM trigger inconsistency
Processed  1190000/ 1796196 entries, 66.25% (elapsed time 34587.4s, curr speed    0.041 kHz, avg speed    0.034 kHz), accepted     9995/ 1190001 events ( 0.84%)
Processed  1200000/ 1796196 entries, 66.81% (elapsed time 34866.9s, curr speed    0.036 kHz, avg speed    0.034 kHz), accepted    10090/ 1200001 events ( 0.84%)
ZtoMM trigger inconsistency
ZtoMM trigger inconsistency
ZtoMM trigger inconsistency
ZtoEE trigger inconsistency
ZtoMM trigger inconsistency
Processed  1210000/ 1796196 entries, 67.36% (elapsed time 35231.9s, curr speed    0.027 kHz, avg speed    0.034 kHz), accepted    10182/ 1210001 events ( 0.84%)
ZtoMM trigger inconsistency
ZtoMM trigger inconsistency
Processed  1220000/ 1796196 entries, 67.92% (elapsed time 35595.0s, curr speed    0.028 kHz, avg speed    0.034 kHz), accepted    10263/ 1220001 events ( 0.84%)
TtoEM trigger inconsistency
ZtoMM trigger inconsistency
TtoEM trigger inconsistency
Processed  1230000/ 1796196 entries, 68.48% (elapsed time 35961.3s, curr speed    0.027 kHz, avg speed    0.034 kHz), accepted    10359/ 1230001 events ( 0.84%)
ZtoMM trigger inconsistency
Processed  1240000/ 1796196 entries, 69.03% (elapsed time 36325.7s, curr speed    0.027 kHz, avg speed    0.034 kHz), accepted    10448/ 1240001 events ( 0.84%)
ZtoMM trigger inconsistency
ZtoEE trigger inconsistency
ZtoMM trigger inconsistency
ZtoEE trigger inconsistency
Processed  1250000/ 1796196 entries, 69.59% (elapsed time 36693.9s, curr speed    0.027 kHz, avg speed    0.034 kHz), accepted    10519/ 1250001 events ( 0.84%)
ZtoMM trigger inconsistency
TtoEM trigger inconsistency
ZtoMM trigger inconsistency
ZtoMM trigger inconsistency
ZtoMM trigger inconsistency
ZtoMM trigger inconsistency
ZtoMM trigger inconsistency
Processed  1260000/ 1796196 entries, 70.15% (elapsed time 37058.0s, curr speed    0.027 kHz, avg speed    0.034 kHz), accepted    10611/ 1260001 events ( 0.84%)
ZtoMM trigger inconsistency
Processed  1270000/ 1796196 entries, 70.70% (elapsed time 37421.0s, curr speed    0.028 kHz, avg speed    0.034 kHz), accepted    10701/ 1270001 events ( 0.84%)
Bad event
ZtoMM trigger inconsistency
Processed  1280000/ 1796196 entries, 71.26% (elapsed time 37783.8s, curr speed    0.028 kHz, avg speed    0.034 kHz), accepted    10784/ 1280001 events ( 0.84%)
Bad event
ZtoMM trigger inconsistency
Processed  1290000/ 1796196 entries, 71.82% (elapsed time 38034.7s, curr speed    0.040 kHz, avg speed    0.034 kHz), accepted    10873/ 1290001 events ( 0.84%)
TtoEM trigger inconsistency
ZtoMM trigger inconsistency
ZtoMM trigger inconsistency
ZtoMM trigger inconsistency
Processed  1300000/ 1796196 entries, 72.38% (elapsed time 38278.2s, curr speed    0.041 kHz, avg speed    0.034 kHz), accepted    10957/ 1300001 events ( 0.84%)
ZtoMM trigger inconsistency
Processed  1310000/ 1796196 entries, 72.93% (elapsed time 38522.5s, curr speed    0.041 kHz, avg speed    0.034 kHz), accepted    11043/ 1310001 events ( 0.84%)
ZtoMM trigger inconsistency
Processed  1320000/ 1796196 entries, 73.49% (elapsed time 38776.1s, curr speed    0.039 kHz, avg speed    0.034 kHz), accepted    11131/ 1320001 events ( 0.84%)
ZtoMM trigger inconsistency
ZtoMM trigger inconsistency
Processed  1330000/ 1796196 entries, 74.05% (elapsed time 39073.4s, curr speed    0.034 kHz, avg speed    0.034 kHz), accepted    11207/ 1330001 events ( 0.84%)
ZtoMM trigger inconsistency
ZtoMM trigger inconsistency
ZtoMM trigger inconsistency
ZtoMM trigger inconsistency
Processed  1340000/ 1796196 entries, 74.60% (elapsed time 39400.5s, curr speed    0.031 kHz, avg speed    0.034 kHz), accepted    11288/ 1340001 events ( 0.84%)
ZtoMM trigger inconsistency
TtoEM trigger inconsistency
Processed  1350000/ 1796196 entries, 75.16% (elapsed time 39732.4s, curr speed    0.030 kHz, avg speed    0.034 kHz), accepted    11358/ 1350001 events ( 0.84%)
ZtoMM trigger inconsistency
ZtoMM trigger inconsistency
ZtoMM trigger inconsistency
ZtoMM trigger inconsistency
Processed  1360000/ 1796196 entries, 75.72% (elapsed time 40050.9s, curr speed    0.031 kHz, avg speed    0.034 kHz), accepted    11432/ 1360001 events ( 0.84%)
ZtoEE trigger inconsistency
ZtoMM trigger inconsistency
Processed  1370000/ 1796196 entries, 76.27% (elapsed time 40379.5s, curr speed    0.030 kHz, avg speed    0.034 kHz), accepted    11529/ 1370001 events ( 0.84%)
ZtoEE trigger inconsistency
ZtoEE trigger inconsistency
ZtoMM trigger inconsistency
Processed  1380000/ 1796196 entries, 76.83% (elapsed time 40708.7s, curr speed    0.030 kHz, avg speed    0.034 kHz), accepted    11598/ 1380001 events ( 0.84%)
TtoEM trigger inconsistency
ZtoMM trigger inconsistency
ZtoMM trigger inconsistency
Processed  1390000/ 1796196 entries, 77.39% (elapsed time 41038.2s, curr speed    0.030 kHz, avg speed    0.034 kHz), accepted    11688/ 1390001 events ( 0.84%)
ZtoMM trigger inconsistency
ZtoMM trigger inconsistency
Processed  1400000/ 1796196 entries, 77.94% (elapsed time 41367.0s, curr speed    0.030 kHz, avg speed    0.034 kHz), accepted    11780/ 1400001 events ( 0.84%)
ZtoMM trigger inconsistency
ZtoMM trigger inconsistency
Bad event
Processed  1410000/ 1796196 entries, 78.50% (elapsed time 41695.1s, curr speed    0.030 kHz, avg speed    0.034 kHz), accepted    11869/ 1410001 events ( 0.84%)
ZtoMM trigger inconsistency
Processed  1420000/ 1796196 entries, 79.06% (elapsed time 42025.2s, curr speed    0.030 kHz, avg speed    0.034 kHz), accepted    11935/ 1420001 events ( 0.84%)
TtoEM trigger inconsistency
TtoEM trigger inconsistency
ZtoMM trigger inconsistency
TtoEM trigger inconsistency
Processed  1430000/ 1796196 entries, 79.61% (elapsed time 42356.7s, curr speed    0.030 kHz, avg speed    0.034 kHz), accepted    12029/ 1430001 events ( 0.84%)
ZtoMM trigger inconsistency
ZtoMM trigger inconsistency
Processed  1440000/ 1796196 entries, 80.17% (elapsed time 42686.4s, curr speed    0.030 kHz, avg speed    0.034 kHz), accepted    12116/ 1440001 events ( 0.84%)
ZtoMM trigger inconsistency
ZtoMM trigger inconsistency
ZtoMM trigger inconsistency
ZtoMM trigger inconsistency
ZtoEE trigger inconsistency
Processed  1450000/ 1796196 entries, 80.73% (elapsed time 43014.4s, curr speed    0.030 kHz, avg speed    0.034 kHz), accepted    12211/ 1450001 events ( 0.84%)
TtoEM trigger inconsistency
ZtoMM trigger inconsistency
ZtoMM trigger inconsistency
Processed  1460000/ 1796196 entries, 81.28% (elapsed time 43347.2s, curr speed    0.030 kHz, avg speed    0.034 kHz), accepted    12294/ 1460001 events ( 0.84%)
ZtoMM trigger inconsistency
ZtoMM trigger inconsistency
Processed  1470000/ 1796196 entries, 81.84% (elapsed time 43678.4s, curr speed    0.030 kHz, avg speed    0.034 kHz), accepted    12381/ 1470001 events ( 0.84%)
ZtoMM trigger inconsistency
ZtoMM trigger inconsistency
ZtoMM trigger inconsistency
Processed  1480000/ 1796196 entries, 82.40% (elapsed time 44010.4s, curr speed    0.030 kHz, avg speed    0.034 kHz), accepted    12477/ 1480001 events ( 0.84%)
Processed  1490000/ 1796196 entries, 82.95% (elapsed time 44342.9s, curr speed    0.030 kHz, avg speed    0.034 kHz), accepted    12558/ 1490001 events ( 0.84%)
ZtoMM trigger inconsistency
ZtoMM trigger inconsistency
ZtoMM trigger inconsistency
ZtoMM trigger inconsistency
ZtoMM trigger inconsistency
ZtoMM trigger inconsistency
Processed  1500000/ 1796196 entries, 83.51% (elapsed time 44673.6s, curr speed    0.030 kHz, avg speed    0.034 kHz), accepted    12632/ 1500001 events ( 0.84%)
ZtoMM trigger inconsistency
ZtoMM trigger inconsistency
ZtoMM trigger inconsistency
Processed  1510000/ 1796196 entries, 84.07% (elapsed time 45003.9s, curr speed    0.030 kHz, avg speed    0.034 kHz), accepted    12722/ 1510001 events ( 0.84%)
ZtoMM trigger inconsistency
ZtoMM trigger inconsistency
TtoEM trigger inconsistency
Processed  1520000/ 1796196 entries, 84.62% (elapsed time 45334.6s, curr speed    0.030 kHz, avg speed    0.034 kHz), accepted    12801/ 1520001 events ( 0.84%)
ZtoMM trigger inconsistency
TtoEM trigger inconsistency
Processed  1530000/ 1796196 entries, 85.18% (elapsed time 45663.3s, curr speed    0.030 kHz, avg speed    0.034 kHz), accepted    12901/ 1530001 events ( 0.84%)
ZtoMM trigger inconsistency
ZtoMM trigger inconsistency
ZtoMM trigger inconsistency
Processed  1540000/ 1796196 entries, 85.74% (elapsed time 45989.8s, curr speed    0.031 kHz, avg speed    0.033 kHz), accepted    12980/ 1540001 events ( 0.84%)
ZtoMM trigger inconsistency
TtoEM trigger inconsistency
ZtoMM trigger inconsistency
Processed  1550000/ 1796196 entries, 86.29% (elapsed time 46318.1s, curr speed    0.030 kHz, avg speed    0.033 kHz), accepted    13063/ 1550001 events ( 0.84%)
ZtoMM trigger inconsistency
Processed  1560000/ 1796196 entries, 86.85% (elapsed time 46647.3s, curr speed    0.030 kHz, avg speed    0.033 kHz), accepted    13143/ 1560001 events ( 0.84%)
ZtoMM trigger inconsistency
Processed  1570000/ 1796196 entries, 87.41% (elapsed time 46975.9s, curr speed    0.030 kHz, avg speed    0.033 kHz), accepted    13226/ 1570001 events ( 0.84%)
ZtoMM trigger inconsistency
Processed  1580000/ 1796196 entries, 87.96% (elapsed time 47304.4s, curr speed    0.030 kHz, avg speed    0.033 kHz), accepted    13315/ 1580001 events ( 0.84%)
ZtoMM trigger inconsistency
Processed  1590000/ 1796196 entries, 88.52% (elapsed time 47631.0s, curr speed    0.031 kHz, avg speed    0.033 kHz), accepted    13404/ 1590001 events ( 0.84%)
ZtoMM trigger inconsistency
TtoEM trigger inconsistency
TtoEM trigger inconsistency
Processed  1600000/ 1796196 entries, 89.08% (elapsed time 47959.4s, curr speed    0.030 kHz, avg speed    0.033 kHz), accepted    13478/ 1600001 events ( 0.84%)
ZtoMM trigger inconsistency
ZtoEE trigger inconsistency
ZtoEE trigger inconsistency
Processed  1610000/ 1796196 entries, 89.63% (elapsed time 48284.8s, curr speed    0.031 kHz, avg speed    0.033 kHz), accepted    13574/ 1610001 events ( 0.84%)
ZtoMM trigger inconsistency
Bad event
ZtoMM trigger inconsistency
Processed  1620000/ 1796196 entries, 90.19% (elapsed time 48611.6s, curr speed    0.031 kHz, avg speed    0.033 kHz), accepted    13663/ 1620001 events ( 0.84%)
ZtoMM trigger inconsistency
ZtoMM trigger inconsistency
TtoEM trigger inconsistency
Processed  1630000/ 1796196 entries, 90.75% (elapsed time 48938.2s, curr speed    0.031 kHz, avg speed    0.033 kHz), accepted    13728/ 1630001 events ( 0.84%)
ZtoMM trigger inconsistency
ZtoMM trigger inconsistency
ZtoMM trigger inconsistency
ZtoMM trigger inconsistency
ZtoEE trigger inconsistency
Processed  1640000/ 1796196slurmstepd: error: *** JOB 422357 ON t3wn48 CANCELLED AT 2020-01-30T03:38:47 DUE TO TIME LIMIT ***
