job start at
Sat Feb  1 14:53:06 CET 2020
SLURM_JOB_ID: 528980
HOSTNAME: t3wn55
JOBLIST:joblist/joblist_WZTo2L2Q_13TeV_amcatnloFXFX_madspin_pythia8__RunIIAutumn18NanoAODv6-Nano25Oct2019_102X_upgrade2018_realistic_v20-v1__NANOAODSIM_ll.txt
Going to execute
python job.py -i root://cms-xrd-global.cern.ch//store/mc/RunIIAutumn18NanoAODv6/WZTo2L2Q_13TeV_amcatnloFXFX_madspin_pythia8/NANOAODSIM/Nano25Oct2019_102X_upgrade2018_realistic_v20-v1/30000/77096244-C58A-3E44-A3BB-C1A418F07A13.root -o /work/pbaertsc/heavy_resonance/output_2018/WZTo2L2Q_13TeV_amcatnloFXFX_madspin_pythia8__RunIIAutumn18NanoAODv6-Nano25Oct2019_102X_upgrade2018_realistic_v20-v1__NANOAODSIM -N WZTo2L2Q_13TeV_amcatnloFXFX_madspin_pythia8__RunIIAutumn18NanoAODv6-Nano25Oct2019_102X_upgrade2018_realistic_v20-v1__NANOAODSIM -n 21 -c ll -y 2018
TClass::Init:0: RuntimeWarning: no dictionary for class ROOT::TIOFeatures is available
/work/pbaertsc/heavy_resonance/CMSSW_9_4_6/python/PhysicsTools/NanoAODTools/postprocessing/framework/treeReaderArrayTools.py:69: RuntimeWarning: creating executor for unknown type "ULong64_t*"
  ret = _vr.Get()[0]
JEC= Autumn18_V19_MC 	 JER= Autumn18_V7_MC
MET branch= PuppiMET
JEC= Autumn18_V19_MC 	 JER= Autumn18_V7_MC
MET branch= PuppiMET
--------------------------------------------------------------------------------
input files  = ['root://cms-xrd-global.cern.ch//store/mc/RunIIAutumn18NanoAODv6/WZTo2L2Q_13TeV_amcatnloFXFX_madspin_pythia8/NANOAODSIM/Nano25Oct2019_102X_upgrade2018_realistic_v20-v1/30000/77096244-C58A-3E44-A3BB-C1A418F07A13.root']
output directory = /work/pbaertsc/heavy_resonance/output_2018/WZTo2L2Q_13TeV_amcatnloFXFX_madspin_pythia8__RunIIAutumn18NanoAODv6-Nano25Oct2019_102X_upgrade2018_realistic_v20-v1__NANOAODSIM
output file  = WZTo2L2Q_13TeV_amcatnloFXFX_madspin_pythia8__RunIIAutumn18NanoAODv6-Nano25Oct2019_102X_upgrade2018_realistic_v20-v1__NANOAODSIM_21_ll.root
chunck       = 21
channel      = ll
dataType     = mc
year         = 2018
tes          = 1.0
ltf          = 1.0
jtf          = 1.0
--------------------------------------------------------------------------------
job.py: creating PostProcessor...
TreeProducer is called /work/pbaertsc/heavy_resonance/output_2018/WZTo2L2Q_13TeV_amcatnloFXFX_madspin_pythia8__RunIIAutumn18NanoAODv6-Nano25Oct2019_102X_upgrade2018_realistic_v20-v1__NANOAODSIM/WZTo2L2Q_13TeV_amcatnloFXFX_madspin_pythia8__RunIIAutumn18NanoAODv6-Nano25Oct2019_102X_upgrade2018_realistic_v20-v1__NANOAODSIM_21_ll.root
job.py: going to run PostProcessor...
Will write selected trees to /work/pbaertsc/heavy_resonance/output_2018/WZTo2L2Q_13TeV_amcatnloFXFX_madspin_pythia8__RunIIAutumn18NanoAODv6-Nano25Oct2019_102X_upgrade2018_realistic_v20-v1__NANOAODSIM
Loading jet energy scale (JES) uncertainties from file '/tmp/tmpGj2yfF/Autumn18_V19_MC_Uncertainty_AK4PFchs.txt'
Loading jet energy resolutions (JER) from file '/tmp/tmplCD17H/Autumn18_V7_MC_PtResolution_AK4PFchs.txt'
Loading JER scale factors and uncertainties from file '/tmp/tmplCD17H/Autumn18_V7_MC_SF_AK4PFchs.txt'
Loading jet energy scale (JES) uncertainties from file '/tmp/tmpY_V1k2/Autumn18_V19_MC_Uncertainty_AK8PFPuppi.txt'
Loading jet energy resolutions (JER) from file '/tmp/tmp3DHrGu/Autumn18_V7_MC_PtResolution_AK8PFPuppi.txt'
Loading JER scale factors and uncertainties from file '/tmp/tmp3DHrGu/Autumn18_V7_MC_SF_AK8PFPuppi.txt'
Pre-select 1148277 entries out of 1148277 (100.00%)
nanoAODv5? True
ZtoMM trigger inconsistency
ZtoMM trigger inconsistency
Processed    10000/ 1148277 entries,  0.87% (elapsed time   235.2s, curr speed    0.043 kHz, avg speed    0.043 kHz), accepted       87/   10001 events ( 0.87%)
TtoEM trigger inconsistency
Processed    20000/ 1148277 entries,  1.74% (elapsed time   451.9s, curr speed    0.046 kHz, avg speed    0.044 kHz), accepted      155/   20001 events ( 0.77%)
ZtoMM trigger inconsistency
ZtoEE trigger inconsistency
Processed    30000/ 1148277 entries,  2.61% (elapsed time   674.0s, curr speed    0.045 kHz, avg speed    0.045 kHz), accepted      237/   30001 events ( 0.79%)
Processed    40000/ 1148277 entries,  3.48% (elapsed time   895.7s, curr speed    0.045 kHz, avg speed    0.045 kHz), accepted      305/   40001 events ( 0.76%)
ZtoMM trigger inconsistency
Processed    50000/ 1148277 entries,  4.35% (elapsed time  1123.7s, curr speed    0.044 kHz, avg speed    0.044 kHz), accepted      389/   50001 events ( 0.78%)
ZtoMM trigger inconsistency
Processed    60000/ 1148277 entries,  5.23% (elapsed time  1355.8s, curr speed    0.043 kHz, avg speed    0.044 kHz), accepted      467/   60001 events ( 0.78%)
Processed    70000/ 1148277 entries,  6.10% (elapsed time  1574.1s, curr speed    0.046 kHz, avg speed    0.044 kHz), accepted      537/   70001 events ( 0.77%)
Processed    80000/ 1148277 entries,  6.97% (elapsed time  1787.6s, curr speed    0.047 kHz, avg speed    0.045 kHz), accepted      598/   80001 events ( 0.75%)
TtoEM trigger inconsistency
%MSG-e SimpleJetCorrectionUncertainty: 
 bin variables out of range
%MSG
%MSG-e SimpleJetCorrectionUncertainty: 
 bin variables out of range
%MSG
Processed    90000/ 1148277 entries,  7.84% (elapsed time  1998.9s, curr speed    0.047 kHz, avg speed    0.045 kHz), accepted      676/   90001 events ( 0.75%)
ZtoEE trigger inconsistency
ZtoMM trigger inconsistency
Processed   100000/ 1148277 entries,  8.71% (elapsed time  2209.7s, curr speed    0.047 kHz, avg speed    0.045 kHz), accepted      756/  100001 events ( 0.76%)
ZtoMM trigger inconsistency
ZtoMM trigger inconsistency
Processed   110000/ 1148277 entries,  9.58% (elapsed time  2424.2s, curr speed    0.047 kHz, avg speed    0.045 kHz), accepted      841/  110001 events ( 0.76%)
ZtoEE trigger inconsistency
ZtoMM trigger inconsistency
ZtoMM trigger inconsistency
Processed   120000/ 1148277 entries, 10.45% (elapsed time  2630.0s, curr speed    0.049 kHz, avg speed    0.046 kHz), accepted      913/  120001 events ( 0.76%)
ZtoMM trigger inconsistency
ZtoMM trigger inconsistency
Processed   130000/ 1148277 entries, 11.32% (elapsed time  2832.9s, curr speed    0.049 kHz, avg speed    0.046 kHz), accepted      977/  130001 events ( 0.75%)
ZtoMM trigger inconsistency
ZtoMM trigger inconsistency
ZtoMM trigger inconsistency
ZtoMM trigger inconsistency
Processed   140000/ 1148277 entries, 12.19% (elapsed time  3030.1s, curr speed    0.051 kHz, avg speed    0.046 kHz), accepted     1054/  140001 events ( 0.75%)
ZtoMM trigger inconsistency
ZtoMM trigger inconsistency
Processed   150000/ 1148277 entries, 13.06% (elapsed time  3232.3s, curr speed    0.049 kHz, avg speed    0.046 kHz), accepted     1121/  150001 events ( 0.75%)
%MSG-e SimpleJetCorrectionUncertainty: 
 bin variables out of range
%MSG
%MSG-e SimpleJetCorrectionUncertainty: 
 bin variables out of range
%MSG
ZtoMM trigger inconsistency
ZtoMM trigger inconsistency
Processed   160000/ 1148277 entries, 13.93% (elapsed time  3437.6s, curr speed    0.049 kHz, avg speed    0.047 kHz), accepted     1212/  160001 events ( 0.76%)
ZtoMM trigger inconsistency
Processed   170000/ 1148277 entries, 14.80% (elapsed time  3637.7s, curr speed    0.050 kHz, avg speed    0.047 kHz), accepted     1287/  170001 events ( 0.76%)
ZtoMM trigger inconsistency
Processed   180000/ 1148277 entries, 15.68% (elapsed time  3833.7s, curr speed    0.051 kHz, avg speed    0.047 kHz), accepted     1360/  180001 events ( 0.76%)
ZtoMM trigger inconsistency
ZtoMM trigger inconsistency
Processed   190000/ 1148277 entries, 16.55% (elapsed time  4028.5s, curr speed    0.051 kHz, avg speed    0.047 kHz), accepted     1440/  190001 events ( 0.76%)
ZtoMM trigger inconsistency
ZtoMM trigger inconsistency
Processed   200000/ 1148277 entries, 17.42% (elapsed time  4233.0s, curr speed    0.049 kHz, avg speed    0.047 kHz), accepted     1517/  200001 events ( 0.76%)
ZtoMM trigger inconsistency
ZtoMM trigger inconsistency
Processed   210000/ 1148277 entries, 18.29% (elapsed time  4436.1s, curr speed    0.049 kHz, avg speed    0.047 kHz), accepted     1595/  210001 events ( 0.76%)
WARNING: jet m = -0.0 !!
TtoEM trigger inconsistency
ZtoEE trigger inconsistency
TtoEM trigger inconsistency
Processed   220000/ 1148277 entries, 19.16% (elapsed time  4638.2s, curr speed    0.049 kHz, avg speed    0.047 kHz), accepted     1678/  220001 events ( 0.76%)
Processed   230000/ 1148277 entries, 20.03% (elapsed time  4837.2s, curr speed    0.050 kHz, avg speed    0.048 kHz), accepted     1749/  230001 events ( 0.76%)
ZtoEE trigger inconsistency
Processed   240000/ 1148277 entries, 20.90% (elapsed time  5038.0s, curr speed    0.050 kHz, avg speed    0.048 kHz), accepted     1816/  240001 events ( 0.76%)
ZtoMM trigger inconsistency
Processed   250000/ 1148277 entries, 21.77% (elapsed time  5242.3s, curr speed    0.049 kHz, avg speed    0.048 kHz), accepted     1890/  250001 events ( 0.76%)
ZtoMM trigger inconsistency
TtoEM trigger inconsistency
ZtoMM trigger inconsistency
ZtoMM trigger inconsistency
ZtoMM trigger inconsistency
Processed   260000/ 1148277 entries, 22.64% (elapsed time  5447.4s, curr speed    0.049 kHz, avg speed    0.048 kHz), accepted     1963/  260001 events ( 0.75%)
ZtoMM trigger inconsistency
Processed   270000/ 1148277 entries, 23.51% (elapsed time  5648.7s, curr speed    0.050 kHz, avg speed    0.048 kHz), accepted     2034/  270001 events ( 0.75%)
ZtoMM trigger inconsistency
Processed   280000/ 1148277 entries, 24.38% (elapsed time  5849.9s, curr speed    0.050 kHz, avg speed    0.048 kHz), accepted     2114/  280001 events ( 0.75%)
ZtoMM trigger inconsistency
ZtoEE trigger inconsistency
Processed   290000/ 1148277 entries, 25.26% (elapsed time  6058.5s, curr speed    0.048 kHz, avg speed    0.048 kHz), accepted     2195/  290001 events ( 0.76%)
ZtoMM trigger inconsistency
ZtoMM trigger inconsistency
Processed   300000/ 1148277 entries, 26.13% (elapsed time  6261.6s, curr speed    0.049 kHz, avg speed    0.048 kHz), accepted     2279/  300001 events ( 0.76%)
TtoEM trigger inconsistency
Processed   310000/ 1148277 entries, 27.00% (elapsed time  6472.6s, curr speed    0.047 kHz, avg speed    0.048 kHz), accepted     2376/  310001 events ( 0.77%)
ZtoMM trigger inconsistency
ZtoMM trigger inconsistency
ZtoMM trigger inconsistency
Bad event
Processed   320000/ 1148277 entries, 27.87% (elapsed time  6680.4s, curr speed    0.048 kHz, avg speed    0.048 kHz), accepted     2449/  320001 events ( 0.77%)
Processed   330000/ 1148277 entries, 28.74% (elapsed time  6881.1s, curr speed    0.050 kHz, avg speed    0.048 kHz), accepted     2533/  330001 events ( 0.77%)
ZtoMM trigger inconsistency
TtoEM trigger inconsistency
ZtoMM trigger inconsistency
Processed   340000/ 1148277 entries, 29.61% (elapsed time  7084.2s, curr speed    0.049 kHz, avg speed    0.048 kHz), accepted     2621/  340001 events ( 0.77%)
ZtoMM trigger inconsistency
ZtoMM trigger inconsistency
ZtoMM trigger inconsistency
Processed   350000/ 1148277 entries, 30.48% (elapsed time  7298.4s, curr speed    0.047 kHz, avg speed    0.048 kHz), accepted     2693/  350001 events ( 0.77%)
ZtoMM trigger inconsistency
Processed   360000/ 1148277 entries, 31.35% (elapsed time  7510.6s, curr speed    0.047 kHz, avg speed    0.048 kHz), accepted     2762/  360001 events ( 0.77%)
TtoEM trigger inconsistency
ZtoMM trigger inconsistency
TtoEM trigger inconsistency
ZtoMM trigger inconsistency
Processed   370000/ 1148277 entries, 32.22% (elapsed time  7723.4s, curr speed    0.047 kHz, avg speed    0.048 kHz), accepted     2836/  370001 events ( 0.77%)
ZtoMM trigger inconsistency
ZtoMM trigger inconsistency
Processed   380000/ 1148277 entries, 33.09% (elapsed time  7932.5s, curr speed    0.048 kHz, avg speed    0.048 kHz), accepted     2920/  380001 events ( 0.77%)
ZtoMM trigger inconsistency
Processed   390000/ 1148277 entries, 33.96% (elapsed time  8146.4s, curr speed    0.047 kHz, avg speed    0.048 kHz), accepted     2993/  390001 events ( 0.77%)
Processed   400000/ 1148277 entries, 34.83% (elapsed time  8367.4s, curr speed    0.045 kHz, avg speed    0.048 kHz), accepted     3068/  400001 events ( 0.77%)
ZtoMM trigger inconsistency
Processed   410000/ 1148277 entries, 35.71% (elapsed time  8584.3s, curr speed    0.046 kHz, avg speed    0.048 kHz), accepted     3136/  410001 events ( 0.76%)
ZtoMM trigger inconsistency
ZtoMM trigger inconsistency
Processed   420000/ 1148277 entries, 36.58% (elapsed time  8793.2s, curr speed    0.048 kHz, avg speed    0.048 kHz), accepted     3217/  420001 events ( 0.77%)
Processed   430000/ 1148277 entries, 37.45% (elapsed time  8993.4s, curr speed    0.050 kHz, avg speed    0.048 kHz), accepted     3299/  430001 events ( 0.77%)
ZtoMM trigger inconsistency
Processed   440000/ 1148277 entries, 38.32% (elapsed time  9198.9s, curr speed    0.049 kHz, avg speed    0.048 kHz), accepted     3384/  440001 events ( 0.77%)
Bad event
ZtoMM trigger inconsistency
ZtoMM trigger inconsistency
Processed   450000/ 1148277 entries, 39.19% (elapsed time  9399.9s, curr speed    0.050 kHz, avg speed    0.048 kHz), accepted     3452/  450001 events ( 0.77%)
TtoEM trigger inconsistency
ZtoMM trigger inconsistency
ZtoMM trigger inconsistency
Processed   460000/ 1148277 entries, 40.06% (elapsed time  9590.1s, curr speed    0.053 kHz, avg speed    0.048 kHz), accepted     3518/  460001 events ( 0.76%)
ZtoMM trigger inconsistency
ZtoEE trigger inconsistency
Processed   470000/ 1148277 entries, 40.93% (elapsed time  9779.6s, curr speed    0.053 kHz, avg speed    0.048 kHz), accepted     3578/  470001 events ( 0.76%)
ZtoMM trigger inconsistency
ZtoMM trigger inconsistency
Processed   480000/ 1148277 entries, 41.80% (elapsed time  9981.0s, curr speed    0.050 kHz, avg speed    0.048 kHz), accepted     3678/  480001 events ( 0.77%)
ZtoMM trigger inconsistency
Bad event
Processed   490000/ 1148277 entries, 42.67% (elapsed time 10175.4s, curr speed    0.051 kHz, avg speed    0.048 kHz), accepted     3768/  490001 events ( 0.77%)
ZtoMM trigger inconsistency
ZtoMM trigger inconsistency
Processed   500000/ 1148277 entries, 43.54% (elapsed time 10363.0s, curr speed    0.053 kHz, avg speed    0.048 kHz), accepted     3841/  500001 events ( 0.77%)
ZtoMM trigger inconsistency
Processed   510000/ 1148277 entries, 44.41% (elapsed time 10549.0s, curr speed    0.054 kHz, avg speed    0.048 kHz), accepted     3928/  510001 events ( 0.77%)
ZtoMM trigger inconsistency
ZtoMM trigger inconsistency
Processed   520000/ 1148277 entries, 45.29% (elapsed time 10741.7s, curr speed    0.052 kHz, avg speed    0.048 kHz), accepted     4015/  520001 events ( 0.77%)
Processed   530000/ 1148277 entries, 46.16% (elapsed time 10937.8s, curr speed    0.051 kHz, avg speed    0.048 kHz), accepted     4080/  530001 events ( 0.77%)
TtoEM trigger inconsistency
ZtoMM trigger inconsistency
Processed   540000/ 1148277 entries, 47.03% (elapsed time 11123.8s, curr speed    0.054 kHz, avg speed    0.049 kHz), accepted     4145/  540001 events ( 0.77%)
TtoEM trigger inconsistency
ZtoMM trigger inconsistency
Processed   550000/ 1148277 entries, 47.90% (elapsed time 11307.4s, curr speed    0.054 kHz, avg speed    0.049 kHz), accepted     4213/  550001 events ( 0.77%)
ZtoMM trigger inconsistency
Processed   560000/ 1148277 entries, 48.77% (elapsed time 11486.7s, curr speed    0.056 kHz, avg speed    0.049 kHz), accepted     4291/  560001 events ( 0.77%)
TtoEM trigger inconsistency
ZtoMM trigger inconsistency
WARNING: jet m = 0.0 !!
TtoEM trigger inconsistency
Processed   570000/ 1148277 entries, 49.64% (elapsed time 11678.2s, curr speed    0.052 kHz, avg speed    0.049 kHz), accepted     4365/  570001 events ( 0.77%)
ZtoMM trigger inconsistency
ZtoMM trigger inconsistency
Processed   580000/ 1148277 entries, 50.51% (elapsed time 11864.4s, curr speed    0.054 kHz, avg speed    0.049 kHz), accepted     4448/  580001 events ( 0.77%)
ZtoMM trigger inconsistency
Processed   590000/ 1148277 entries, 51.38% (elapsed time 12043.9s, curr speed    0.056 kHz, avg speed    0.049 kHz), accepted     4531/  590001 events ( 0.77%)
Processed   600000/ 1148277 entries, 52.25% (elapsed time 12221.0s, curr speed    0.056 kHz, avg speed    0.049 kHz), accepted     4593/  600001 events ( 0.77%)
ZtoMM trigger inconsistency
Processed   610000/ 1148277 entries, 53.12% (elapsed time 12406.8s, curr speed    0.054 kHz, avg speed    0.049 kHz), accepted     4669/  610001 events ( 0.77%)
TtoEM trigger inconsistency
Processed   620000/ 1148277 entries, 53.99% (elapsed time 12590.0s, curr speed    0.055 kHz, avg speed    0.049 kHz), accepted     4734/  620001 events ( 0.76%)
ZtoMM trigger inconsistency
ZtoMM trigger inconsistency
Processed   630000/ 1148277 entries, 54.86% (elapsed time 12771.6s, curr speed    0.055 kHz, avg speed    0.049 kHz), accepted     4806/  630001 events ( 0.76%)
ZtoMM trigger inconsistency
ZtoEE trigger inconsistency
ZtoMM trigger inconsistency
Processed   640000/ 1148277 entries, 55.74% (elapsed time 12948.2s, curr speed    0.057 kHz, avg speed    0.049 kHz), accepted     4883/  640001 events ( 0.76%)
ZtoMM trigger inconsistency
ZtoMM trigger inconsistency
Bad event
Processed   650000/ 1148277 entries, 56.61% (elapsed time 13126.7s, curr speed    0.056 kHz, avg speed    0.050 kHz), accepted     4965/  650001 events ( 0.76%)
TtoEM trigger inconsistency
ZtoMM trigger inconsistency
Processed   660000/ 1148277 entries, 57.48% (elapsed time 13314.0s, curr speed    0.053 kHz, avg speed    0.050 kHz), accepted     5026/  660001 events ( 0.76%)
Bad event
ZtoMM trigger inconsistency
Bad event
ZtoMM trigger inconsistency
Processed   670000/ 1148277 entries, 58.35% (elapsed time 13499.7s, curr speed    0.054 kHz, avg speed    0.050 kHz), accepted     5120/  670001 events ( 0.76%)
ZtoMM trigger inconsistency
Processed   680000/ 1148277 entries, 59.22% (elapsed time 13682.3s, curr speed    0.055 kHz, avg speed    0.050 kHz), accepted     5194/  680001 events ( 0.76%)
ZtoMM trigger inconsistency
ZtoMM trigger inconsistency
ZtoMM trigger inconsistency
Processed   690000/ 1148277 entries, 60.09% (elapsed time 13856.2s, curr speed    0.057 kHz, avg speed    0.050 kHz), accepted     5275/  690001 events ( 0.76%)
ZtoMM trigger inconsistency
Processed   700000/ 1148277 entries, 60.96% (elapsed time 14034.0s, curr speed    0.056 kHz, avg speed    0.050 kHz), accepted     5333/  700001 events ( 0.76%)
Processed   710000/ 1148277 entries, 61.83% (elapsed time 14222.9s, curr speed    0.053 kHz, avg speed    0.050 kHz), accepted     5402/  710001 events ( 0.76%)
ZtoMM trigger inconsistency
ZtoMM trigger inconsistency
Processed   720000/ 1148277 entries, 62.70% (elapsed time 14402.5s, curr speed    0.056 kHz, avg speed    0.050 kHz), accepted     5472/  720001 events ( 0.76%)
TtoEM trigger inconsistency
Processed   730000/ 1148277 entries, 63.57% (elapsed time 14584.0s, curr speed    0.055 kHz, avg speed    0.050 kHz), accepted     5551/  730001 events ( 0.76%)
ZtoMM trigger inconsistency
ZtoMM trigger inconsistency
Processed   740000/ 1148277 entries, 64.44% (elapsed time 14760.8s, curr speed    0.057 kHz, avg speed    0.050 kHz), accepted     5630/  740001 events ( 0.76%)
TtoEM trigger inconsistency
Bad event
ZtoMM trigger inconsistency
Processed   750000/ 1148277 entries, 65.32% (elapsed time 14949.1s, curr speed    0.053 kHz, avg speed    0.050 kHz), accepted     5705/  750001 events ( 0.76%)
Processed   760000/ 1148277 entries, 66.19% (elapsed time 15127.9s, curr speed    0.056 kHz, avg speed    0.050 kHz), accepted     5789/  760001 events ( 0.76%)
ZtoMM trigger inconsistency
ZtoMM trigger inconsistency
ZtoMM trigger inconsistency
ZtoMM trigger inconsistency
Processed   770000/ 1148277 entries, 67.06% (elapsed time 15308.4s, curr speed    0.055 kHz, avg speed    0.050 kHz), accepted     5850/  770001 events ( 0.76%)
ZtoMM trigger inconsistency
Processed   780000/ 1148277 entries, 67.93% (elapsed time 15481.1s, curr speed    0.058 kHz, avg speed    0.050 kHz), accepted     5930/  780001 events ( 0.76%)
ZtoMM trigger inconsistency
ZtoMM trigger inconsistency
ZtoMM trigger inconsistency
Processed   790000/ 1148277 entries, 68.80% (elapsed time 15657.8s, curr speed    0.057 kHz, avg speed    0.050 kHz), accepted     5998/  790001 events ( 0.76%)
ZtoMM trigger inconsistency
ZtoMM trigger inconsistency
ZtoMM trigger inconsistency
Processed   800000/ 1148277 entries, 69.67% (elapsed time 15844.1s, curr speed    0.054 kHz, avg speed    0.050 kHz), accepted     6072/  800001 events ( 0.76%)
ZtoMM trigger inconsistency
ZtoEE trigger inconsistency
Processed   810000/ 1148277 entries, 70.54% (elapsed time 16023.7s, curr speed    0.056 kHz, avg speed    0.051 kHz), accepted     6151/  810001 events ( 0.76%)
Processed   820000/ 1148277 entries, 71.41% (elapsed time 16205.8s, curr speed    0.055 kHz, avg speed    0.051 kHz), accepted     6223/  820001 events ( 0.76%)
TtoEM trigger inconsistency
Processed   830000/ 1148277 entries, 72.28% (elapsed time 16386.2s, curr speed    0.055 kHz, avg speed    0.051 kHz), accepted     6319/  830001 events ( 0.76%)
ZtoMM trigger inconsistency
ZtoMM trigger inconsistency
ZtoMM trigger inconsistency
Processed   840000/ 1148277 entries, 73.15% (elapsed time 16573.8s, curr speed    0.053 kHz, avg speed    0.051 kHz), accepted     6386/  840001 events ( 0.76%)
ZtoEE trigger inconsistency
ZtoMM trigger inconsistency
Processed   850000/ 1148277 entries, 74.02% (elapsed time 16762.7s, curr speed    0.053 kHz, avg speed    0.051 kHz), accepted     6463/  850001 events ( 0.76%)
ZtoMM trigger inconsistency
Processed   860000/ 1148277 entries, 74.89% (elapsed time 16944.0s, curr speed    0.055 kHz, avg speed    0.051 kHz), accepted     6529/  860001 events ( 0.76%)
ZtoEE trigger inconsistency
Processed   870000/ 1148277 entries, 75.77% (elapsed time 17126.3s, curr speed    0.055 kHz, avg speed    0.051 kHz), accepted     6599/  870001 events ( 0.76%)
Processed   880000/ 1148277 entries, 76.64% (elapsed time 17305.0s, curr speed    0.056 kHz, avg speed    0.051 kHz), accepted     6688/  880001 events ( 0.76%)
TtoEM trigger inconsistency
ZtoMM trigger inconsistency
Bad event
Processed   890000/ 1148277 entries, 77.51% (elapsed time 17492.6s, curr speed    0.053 kHz, avg speed    0.051 kHz), accepted     6761/  890001 events ( 0.76%)
Processed   900000/ 1148277 entries, 78.38% (elapsed time 17680.8s, curr speed    0.053 kHz, avg speed    0.051 kHz), accepted     6826/  900001 events ( 0.76%)
Processed   910000/ 1148277 entries, 79.25% (elapsed time 17864.5s, curr speed    0.054 kHz, avg speed    0.051 kHz), accepted     6899/  910001 events ( 0.76%)
TtoEM trigger inconsistency
ZtoMM trigger inconsistency
Processed   920000/ 1148277 entries, 80.12% (elapsed time 18046.4s, curr speed    0.055 kHz, avg speed    0.051 kHz), accepted     6970/  920001 events ( 0.76%)
ZtoMM trigger inconsistency
ZtoMM trigger inconsistency
ZtoMM trigger inconsistency
Processed   930000/ 1148277 entries, 80.99% (elapsed time 18224.6s, curr speed    0.056 kHz, avg speed    0.051 kHz), accepted     7038/  930001 events ( 0.76%)
TtoEM trigger inconsistency
ZtoMM trigger inconsistency
ZtoMM trigger inconsistency
Processed   940000/ 1148277 entries, 81.86% (elapsed time 18410.9s, curr speed    0.054 kHz, avg speed    0.051 kHz), accepted     7115/  940001 events ( 0.76%)
ZtoEE trigger inconsistency
ZtoMM trigger inconsistency
Processed   950000/ 1148277 entries, 82.73% (elapsed time 18593.8s, curr speed    0.055 kHz, avg speed    0.051 kHz), accepted     7182/  950001 events ( 0.76%)
ZtoMM trigger inconsistency
WARNING: jet m = -0.0 !!
ZtoMM trigger inconsistency
Processed   960000/ 1148277 entries, 83.60% (elapsed time 18774.4s, curr speed    0.055 kHz, avg speed    0.051 kHz), accepted     7251/  960001 events ( 0.76%)
Processed   970000/ 1148277 entries, 84.47% (elapsed time 18948.6s, curr speed    0.057 kHz, avg speed    0.051 kHz), accepted     7318/  970001 events ( 0.75%)
ZtoMM trigger inconsistency
Processed   980000/ 1148277 entries, 85.35% (elapsed time 19124.1s, curr speed    0.057 kHz, avg speed    0.051 kHz), accepted     7388/  980001 events ( 0.75%)
Processed   990000/ 1148277 entries, 86.22% (elapsed time 19307.7s, curr speed    0.054 kHz, avg speed    0.051 kHz), accepted     7466/  990001 events ( 0.75%)
ZtoMM trigger inconsistency
ZtoEE trigger inconsistency
ZtoMM trigger inconsistency
Processed  1000000/ 1148277 entries, 87.09% (elapsed time 19488.1s, curr speed    0.055 kHz, avg speed    0.051 kHz), accepted     7526/ 1000001 events ( 0.75%)
ZtoMM trigger inconsistency
Processed  1010000/ 1148277 entries, 87.96% (elapsed time 19667.0s, curr speed    0.056 kHz, avg speed    0.051 kHz), accepted     7596/ 1010001 events ( 0.75%)
ZtoMM trigger inconsistency
ZtoMM trigger inconsistency
Processed  1020000/ 1148277 entries, 88.83% (elapsed time 19841.6s, curr speed    0.057 kHz, avg speed    0.051 kHz), accepted     7660/ 1020001 events ( 0.75%)
ZtoMM trigger inconsistency
ZtoMM trigger inconsistency
ZtoMM trigger inconsistency
Processed  1030000/ 1148277 entries, 89.70% (elapsed time 20009.7s, curr speed    0.059 kHz, avg speed    0.051 kHz), accepted     7723/ 1030001 events ( 0.75%)
Processed  1040000/ 1148277 entries, 90.57% (elapsed time 20186.1s, curr speed    0.057 kHz, avg speed    0.052 kHz), accepted     7785/ 1040001 events ( 0.75%)
ZtoMM trigger inconsistency
ZtoMM trigger inconsistency
TtoEM trigger inconsistency
Processed  1050000/ 1148277 entries, 91.44% (elapsed time 20347.8s, curr speed    0.062 kHz, avg speed    0.052 kHz), accepted     7852/ 1050001 events ( 0.75%)
ZtoMM trigger inconsistency
TtoEM trigger inconsistency
Processed  1060000/ 1148277 entries, 92.31% (elapsed time 20461.0s, curr speed    0.088 kHz, avg speed    0.052 kHz), accepted     7928/ 1060001 events ( 0.75%)
ZtoMM trigger inconsistency
Bad event
TtoEM trigger inconsistency
Processed  1070000/ 1148277 entries, 93.18% (elapsed time 20575.1s, curr speed    0.088 kHz, avg speed    0.052 kHz), accepted     7992/ 1070001 events ( 0.75%)
ZtoMM trigger inconsistency
Processed  1080000/ 1148277 entries, 94.05% (elapsed time 20685.8s, curr speed    0.090 kHz, avg speed    0.052 kHz), accepted     8069/ 1080001 events ( 0.75%)
ZtoMM trigger inconsistency
ZtoMM trigger inconsistency
TtoEM trigger inconsistency
Processed  1090000/ 1148277 entries, 94.92% (elapsed time 20798.8s, curr speed    0.088 kHz, avg speed    0.052 kHz), accepted     8137/ 1090001 events ( 0.75%)
ZtoMM trigger inconsistency
ZtoMM trigger inconsistency
TtoEM trigger inconsistency
Processed  1100000/ 1148277 entries, 95.80% (elapsed time 20911.7s, curr speed    0.089 kHz, avg speed    0.053 kHz), accepted     8220/ 1100001 events ( 0.75%)
Processed  1110000/ 1148277 entries, 96.67% (elapsed time 21023.5s, curr speed    0.089 kHz, avg speed    0.053 kHz), accepted     8291/ 1110001 events ( 0.75%)
ZtoEE trigger inconsistency
Processed  1120000/ 1148277 entries, 97.54% (elapsed time 21134.9s, curr speed    0.090 kHz, avg speed    0.053 kHz), accepted     8345/ 1120001 events ( 0.75%)
ZtoMM trigger inconsistency
ZtoMM trigger inconsistency
TtoEM trigger inconsistency
Processed  1130000/ 1148277 entries, 98.41% (elapsed time 21246.5s, curr speed    0.090 kHz, avg speed    0.053 kHz), accepted     8412/ 1130001 events ( 0.74%)
ZtoMM trigger inconsistency
%MSG-e SimpleJetCorrectionUncertainty: 
 bin variables out of range
%MSG
%MSG-e SimpleJetCorrectionUncertainty: 
 bin variables out of range
%MSG
Processed  1140000/ 1148277 entries, 99.28% (elapsed time 21360.4s, curr speed    0.088 kHz, avg speed    0.053 kHz), accepted     8483/ 1140001 events ( 0.74%)
Processed 1148277 preselected entries from root://cms-xrd-global.cern.ch//store/mc/RunIIAutumn18NanoAODv6/WZTo2L2Q_13TeV_amcatnloFXFX_madspin_pythia8/NANOAODSIM/Nano25Oct2019_102X_upgrade2018_realistic_v20-v1/30000/77096244-C58A-3E44-A3BB-C1A418F07A13.root (1148277 entries). Finally selected 8552 entries
Done /work/pbaertsc/heavy_resonance/output_2018/WZTo2L2Q_13TeV_amcatnloFXFX_madspin_pythia8__RunIIAutumn18NanoAODv6-Nano25Oct2019_102X_upgrade2018_realistic_v20-v1__NANOAODSIM/77096244-C58A-3E44-A3BB-C1A418F07A13.root
53.4670961007 Hz
deleting root file with name: /work/pbaertsc/heavy_resonance/output_2018/WZTo2L2Q_13TeV_amcatnloFXFX_madspin_pythia8__RunIIAutumn18NanoAODv6-Nano25Oct2019_102X_upgrade2018_realistic_v20-v1__NANOAODSIM/77096244-C58A-3E44-A3BB-C1A418F07A13.root
DONE
Complete at
Sat Feb  1 22:39:48 CET 2020
