job start at
Tue Jan 28 22:17:38 CET 2020
SLURM_JOB_ID: 422440
HOSTNAME: t3wn43
JOBLIST:joblist/joblist_ZZTo4L_13TeV_powheg_pythia8_ext1__RunIISummer16NanoAODv6-PUMoriond17_Nano25Oct2019_102X_mcRun2_asymptotic_v7-v1__NANOAODSIM_ll.txt
Going to execute
python job.py -i root://cms-xrd-global.cern.ch//store/mc/RunIISummer16NanoAODv6/ZZTo4L_13TeV_powheg_pythia8_ext1/NANOAODSIM/PUMoriond17_Nano25Oct2019_102X_mcRun2_asymptotic_v7-v1/270000/ED27F97F-8EA7-9F4B-A173-AC82A0F23367.root -o /work/pbaertsc/heavy_resonance/output_2016/ZZTo4L_13TeV_powheg_pythia8_ext1__RunIISummer16NanoAODv6-PUMoriond17_Nano25Oct2019_102X_mcRun2_asymptotic_v7-v1__NANOAODSIM -N ZZTo4L_13TeV_powheg_pythia8_ext1__RunIISummer16NanoAODv6-PUMoriond17_Nano25Oct2019_102X_mcRun2_asymptotic_v7-v1__NANOAODSIM -n 31 -c ll -y 2016
TClass::Init:0: RuntimeWarning: no dictionary for class ROOT::TIOFeatures is available
/work/pbaertsc/heavy_resonance/CMSSW_9_4_6/python/PhysicsTools/NanoAODTools/postprocessing/framework/treeReaderArrayTools.py:69: RuntimeWarning: creating executor for unknown type "ULong64_t*"
  ret = _vr.Get()[0]
JEC= Summer16_07Aug2017_V11_MC 	 JER= Summer16_25nsV1_MC
MET branch= PuppiMET
JEC= Summer16_07Aug2017_V11_MC 	 JER= Summer16_25nsV1_MC
MET branch= PuppiMET
--------------------------------------------------------------------------------
input files  = ['root://cms-xrd-global.cern.ch//store/mc/RunIISummer16NanoAODv6/ZZTo4L_13TeV_powheg_pythia8_ext1/NANOAODSIM/PUMoriond17_Nano25Oct2019_102X_mcRun2_asymptotic_v7-v1/270000/ED27F97F-8EA7-9F4B-A173-AC82A0F23367.root']
output directory = /work/pbaertsc/heavy_resonance/output_2016/ZZTo4L_13TeV_powheg_pythia8_ext1__RunIISummer16NanoAODv6-PUMoriond17_Nano25Oct2019_102X_mcRun2_asymptotic_v7-v1__NANOAODSIM
output file  = ZZTo4L_13TeV_powheg_pythia8_ext1__RunIISummer16NanoAODv6-PUMoriond17_Nano25Oct2019_102X_mcRun2_asymptotic_v7-v1__NANOAODSIM_31_ll.root
chunck       = 31
channel      = ll
dataType     = mc
year         = 2016
tes          = 1.0
ltf          = 1.0
jtf          = 1.0
--------------------------------------------------------------------------------
job.py: creating PostProcessor...
TreeProducer is called /work/pbaertsc/heavy_resonance/output_2016/ZZTo4L_13TeV_powheg_pythia8_ext1__RunIISummer16NanoAODv6-PUMoriond17_Nano25Oct2019_102X_mcRun2_asymptotic_v7-v1__NANOAODSIM/ZZTo4L_13TeV_powheg_pythia8_ext1__RunIISummer16NanoAODv6-PUMoriond17_Nano25Oct2019_102X_mcRun2_asymptotic_v7-v1__NANOAODSIM_31_ll.root
job.py: going to run PostProcessor...
Will write selected trees to /work/pbaertsc/heavy_resonance/output_2016/ZZTo4L_13TeV_powheg_pythia8_ext1__RunIISummer16NanoAODv6-PUMoriond17_Nano25Oct2019_102X_mcRun2_asymptotic_v7-v1__NANOAODSIM
Loading jet energy scale (JES) uncertainties from file '/tmp/tmpQc0aoh/Summer16_07Aug2017_V11_MC_Uncertainty_AK4PFchs.txt'
Loading jet energy resolutions (JER) from file '/tmp/tmpHfqG4J/Summer16_25nsV1_MC_PtResolution_AK4PFchs.txt'
Loading JER scale factors and uncertainties from file '/tmp/tmpHfqG4J/Summer16_25nsV1_MC_SF_AK4PFchs.txt'
Loading jet energy scale (JES) uncertainties from file '/tmp/tmphCnHfc/Summer16_07Aug2017_V11_MC_Uncertainty_AK8PFPuppi.txt'
Loading jet energy resolutions (JER) from file '/tmp/tmpC1pZrx/Summer16_25nsV1_MC_PtResolution_AK8PFPuppi.txt'
Loading JER scale factors and uncertainties from file '/tmp/tmpC1pZrx/Summer16_25nsV1_MC_SF_AK8PFPuppi.txt'
Pre-select 2011527 entries out of 2011527 (100.00%)
nanoAODv5? True
Processed    10000/ 2011527 entries,  0.50% (elapsed time   214.8s, curr speed    0.047 kHz, avg speed    0.047 kHz), accepted       12/   10001 events ( 0.12%)
Processed    20000/ 2011527 entries,  0.99% (elapsed time   443.4s, curr speed    0.044 kHz, avg speed    0.045 kHz), accepted       32/   20001 events ( 0.16%)
Processed    30000/ 2011527 entries,  1.49% (elapsed time   657.4s, curr speed    0.047 kHz, avg speed    0.046 kHz), accepted       45/   30001 events ( 0.15%)
ZtoMM trigger inconsistency
Processed    40000/ 2011527 entries,  1.99% (elapsed time   864.9s, curr speed    0.048 kHz, avg speed    0.046 kHz), accepted       54/   40001 events ( 0.13%)
ZtoMM trigger inconsistency
Processed    50000/ 2011527 entries,  2.49% (elapsed time  1073.8s, curr speed    0.048 kHz, avg speed    0.047 kHz), accepted       71/   50001 events ( 0.14%)
Processed    60000/ 2011527 entries,  2.98% (elapsed time  1302.8s, curr speed    0.044 kHz, avg speed    0.046 kHz), accepted       83/   60001 events ( 0.14%)
Processed    70000/ 2011527 entries,  3.48% (elapsed time  1517.1s, curr speed    0.047 kHz, avg speed    0.046 kHz), accepted       97/   70001 events ( 0.14%)
Processed    80000/ 2011527 entries,  3.98% (elapsed time  1704.0s, curr speed    0.054 kHz, avg speed    0.047 kHz), accepted      108/   80001 events ( 0.13%)
Processed    90000/ 2011527 entries,  4.47% (elapsed time  1882.3s, curr speed    0.056 kHz, avg speed    0.048 kHz), accepted      125/   90001 events ( 0.14%)
ZtoMM trigger inconsistency
Processed   100000/ 2011527 entries,  4.97% (elapsed time  2059.2s, curr speed    0.057 kHz, avg speed    0.049 kHz), accepted      143/  100001 events ( 0.14%)
Processed   110000/ 2011527 entries,  5.47% (elapsed time  2236.2s, curr speed    0.056 kHz, avg speed    0.049 kHz), accepted      162/  110001 events ( 0.15%)
ZtoMM trigger inconsistency
TtoEM trigger inconsistency
Processed   120000/ 2011527 entries,  5.97% (elapsed time  2411.6s, curr speed    0.057 kHz, avg speed    0.050 kHz), accepted      173/  120001 events ( 0.14%)
ZtoEE trigger inconsistency
Processed   130000/ 2011527 entries,  6.46% (elapsed time  2607.2s, curr speed    0.051 kHz, avg speed    0.050 kHz), accepted      187/  130001 events ( 0.14%)
Processed   140000/ 2011527 entries,  6.96% (elapsed time  2802.9s, curr speed    0.051 kHz, avg speed    0.050 kHz), accepted      206/  140001 events ( 0.15%)
TtoEM trigger inconsistency
Processed   150000/ 2011527 entries,  7.46% (elapsed time  3006.5s, curr speed    0.049 kHz, avg speed    0.050 kHz), accepted      222/  150001 events ( 0.15%)
ZtoMM trigger inconsistency
Processed   160000/ 2011527 entries,  7.95% (elapsed time  3218.0s, curr speed    0.047 kHz, avg speed    0.050 kHz), accepted      238/  160001 events ( 0.15%)
Processed   170000/ 2011527 entries,  8.45% (elapsed time  3418.2s, curr speed    0.050 kHz, avg speed    0.050 kHz), accepted      247/  170001 events ( 0.15%)
Processed   180000/ 2011527 entries,  8.95% (elapsed time  3618.4s, curr speed    0.050 kHz, avg speed    0.050 kHz), accepted      265/  180001 events ( 0.15%)
ZtoMM trigger inconsistency
Processed   190000/ 2011527 entries,  9.45% (elapsed time  3816.3s, curr speed    0.051 kHz, avg speed    0.050 kHz), accepted      283/  190001 events ( 0.15%)
Processed   200000/ 2011527 entries,  9.94% (elapsed time  4005.9s, curr speed    0.053 kHz, avg speed    0.050 kHz), accepted      292/  200001 events ( 0.15%)
TtoEM trigger inconsistency
Processed   210000/ 2011527 entries, 10.44% (elapsed time  4196.2s, curr speed    0.053 kHz, avg speed    0.050 kHz), accepted      309/  210001 events ( 0.15%)
ZtoMM trigger inconsistency
Processed   220000/ 2011527 entries, 10.94% (elapsed time  4384.2s, curr speed    0.053 kHz, avg speed    0.050 kHz), accepted      326/  220001 events ( 0.15%)
Processed   230000/ 2011527 entries, 11.43% (elapsed time  4574.2s, curr speed    0.053 kHz, avg speed    0.050 kHz), accepted      342/  230001 events ( 0.15%)
Processed   240000/ 2011527 entries, 11.93% (elapsed time  4793.9s, curr speed    0.046 kHz, avg speed    0.050 kHz), accepted      353/  240001 events ( 0.15%)
ZtoEE trigger inconsistency
Processed   250000/ 2011527 entries, 12.43% (elapsed time  4989.1s, curr speed    0.051 kHz, avg speed    0.050 kHz), accepted      373/  250001 events ( 0.15%)
Processed   260000/ 2011527 entries, 12.93% (elapsed time  5173.9s, curr speed    0.054 kHz, avg speed    0.050 kHz), accepted      388/  260001 events ( 0.15%)
ZtoMM trigger inconsistency
TtoEM trigger inconsistency
Processed   270000/ 2011527 entries, 13.42% (elapsed time  5360.5s, curr speed    0.054 kHz, avg speed    0.050 kHz), accepted      406/  270001 events ( 0.15%)
Processed   280000/ 2011527 entries, 13.92% (elapsed time  5560.1s, curr speed    0.050 kHz, avg speed    0.050 kHz), accepted      415/  280001 events ( 0.15%)
Processed   290000/ 2011527 entries, 14.42% (elapsed time  5739.7s, curr speed    0.056 kHz, avg speed    0.051 kHz), accepted      431/  290001 events ( 0.15%)
Processed   300000/ 2011527 entries, 14.91% (elapsed time  5916.1s, curr speed    0.057 kHz, avg speed    0.051 kHz), accepted      446/  300001 events ( 0.15%)
Processed   310000/ 2011527 entries, 15.41% (elapsed time  6091.6s, curr speed    0.057 kHz, avg speed    0.051 kHz), accepted      462/  310001 events ( 0.15%)
ZtoMM trigger inconsistency
ZtoMM trigger inconsistency
Processed   320000/ 2011527 entries, 15.91% (elapsed time  6266.9s, curr speed    0.057 kHz, avg speed    0.051 kHz), accepted      479/  320001 events ( 0.15%)
Processed   330000/ 2011527 entries, 16.41% (elapsed time  6443.1s, curr speed    0.057 kHz, avg speed    0.051 kHz), accepted      488/  330001 events ( 0.15%)
TtoEM trigger inconsistency
Processed   340000/ 2011527 entries, 16.90% (elapsed time  6620.0s, curr speed    0.057 kHz, avg speed    0.051 kHz), accepted      506/  340001 events ( 0.15%)
Processed   350000/ 2011527 entries, 17.40% (elapsed time  6796.7s, curr speed    0.057 kHz, avg speed    0.051 kHz), accepted      526/  350001 events ( 0.15%)
Processed   360000/ 2011527 entries, 17.90% (elapsed time  6971.7s, curr speed    0.057 kHz, avg speed    0.052 kHz), accepted      547/  360001 events ( 0.15%)
ZtoMM trigger inconsistency
Processed   370000/ 2011527 entries, 18.39% (elapsed time  7147.7s, curr speed    0.057 kHz, avg speed    0.052 kHz), accepted      567/  370001 events ( 0.15%)
Processed   380000/ 2011527 entries, 18.89% (elapsed time  7321.3s, curr speed    0.058 kHz, avg speed    0.052 kHz), accepted      584/  380001 events ( 0.15%)
ZtoMM trigger inconsistency
Processed   390000/ 2011527 entries, 19.39% (elapsed time  7491.8s, curr speed    0.059 kHz, avg speed    0.052 kHz), accepted      594/  390001 events ( 0.15%)
Processed   400000/ 2011527 entries, 19.89% (elapsed time  7662.5s, curr speed    0.059 kHz, avg speed    0.052 kHz), accepted      613/  400001 events ( 0.15%)
ZtoMM trigger inconsistency
Processed   410000/ 2011527 entries, 20.38% (elapsed time  7832.1s, curr speed    0.059 kHz, avg speed    0.052 kHz), accepted      619/  410001 events ( 0.15%)
Processed   420000/ 2011527 entries, 20.88% (elapsed time  8002.8s, curr speed    0.059 kHz, avg speed    0.052 kHz), accepted      634/  420001 events ( 0.15%)
Processed   430000/ 2011527 entries, 21.38% (elapsed time  8173.1s, curr speed    0.059 kHz, avg speed    0.053 kHz), accepted      645/  430001 events ( 0.15%)
TtoEM trigger inconsistency
ZtoMM trigger inconsistency
Processed   440000/ 2011527 entries, 21.87% (elapsed time  8342.9s, curr speed    0.059 kHz, avg speed    0.053 kHz), accepted      664/  440001 events ( 0.15%)
Processed   450000/ 2011527 entries, 22.37% (elapsed time  8514.2s, curr speed    0.058 kHz, avg speed    0.053 kHz), accepted      684/  450001 events ( 0.15%)
ZtoMM trigger inconsistency
ZtoMM trigger inconsistency
Processed   460000/ 2011527 entries, 22.87% (elapsed time  8684.7s, curr speed    0.059 kHz, avg speed    0.053 kHz), accepted      699/  460001 events ( 0.15%)
Processed   470000/ 2011527 entries, 23.37% (elapsed time  8854.0s, curr speed    0.059 kHz, avg speed    0.053 kHz), accepted      711/  470001 events ( 0.15%)
TtoEM trigger inconsistency
Processed   480000/ 2011527 entries, 23.86% (elapsed time  9024.1s, curr speed    0.059 kHz, avg speed    0.053 kHz), accepted      725/  480001 events ( 0.15%)
Processed   490000/ 2011527 entries, 24.36% (elapsed time  9196.9s, curr speed    0.058 kHz, avg speed    0.053 kHz), accepted      745/  490001 events ( 0.15%)
ZtoEE trigger inconsistency
Processed   500000/ 2011527 entries, 24.86% (elapsed time  9369.9s, curr speed    0.058 kHz, avg speed    0.053 kHz), accepted      759/  500001 events ( 0.15%)
Processed   510000/ 2011527 entries, 25.35% (elapsed time  9538.8s, curr speed    0.059 kHz, avg speed    0.053 kHz), accepted      775/  510001 events ( 0.15%)
Processed   520000/ 2011527 entries, 25.85% (elapsed time  9708.3s, curr speed    0.059 kHz, avg speed    0.054 kHz), accepted      784/  520001 events ( 0.15%)
TtoEM trigger inconsistency
Processed   530000/ 2011527 entries, 26.35% (elapsed time  9877.5s, curr speed    0.059 kHz, avg speed    0.054 kHz), accepted      797/  530001 events ( 0.15%)
TtoEM trigger inconsistency
Processed   540000/ 2011527 entries, 26.85% (elapsed time 10047.6s, curr speed    0.059 kHz, avg speed    0.054 kHz), accepted      816/  540001 events ( 0.15%)
TtoEM trigger inconsistency
TtoEM trigger inconsistency
ZtoMM trigger inconsistency
Processed   550000/ 2011527 entries, 27.34% (elapsed time 10251.7s, curr speed    0.049 kHz, avg speed    0.054 kHz), accepted      838/  550001 events ( 0.15%)
Processed   560000/ 2011527 entries, 27.84% (elapsed time 10448.6s, curr speed    0.051 kHz, avg speed    0.054 kHz), accepted      855/  560001 events ( 0.15%)
TtoEM trigger inconsistency
Processed   570000/ 2011527 entries, 28.34% (elapsed time 10620.6s, curr speed    0.058 kHz, avg speed    0.054 kHz), accepted      875/  570001 events ( 0.15%)
Processed   580000/ 2011527 entries, 28.83% (elapsed time 10789.5s, curr speed    0.059 kHz, avg speed    0.054 kHz), accepted      891/  580001 events ( 0.15%)
ZtoMM trigger inconsistency
Processed   590000/ 2011527 entries, 29.33% (elapsed time 10960.2s, curr speed    0.059 kHz, avg speed    0.054 kHz), accepted      900/  590001 events ( 0.15%)
ZtoMM trigger inconsistency
Processed   600000/ 2011527 entries, 29.83% (elapsed time 11175.8s, curr speed    0.046 kHz, avg speed    0.054 kHz), accepted      925/  600001 events ( 0.15%)
ZtoMM trigger inconsistency
Processed   610000/ 2011527 entries, 30.33% (elapsed time 11409.4s, curr speed    0.043 kHz, avg speed    0.053 kHz), accepted      939/  610001 events ( 0.15%)
Processed   620000/ 2011527 entries, 30.82% (elapsed time 11599.6s, curr speed    0.053 kHz, avg speed    0.053 kHz), accepted      959/  620001 events ( 0.15%)
Bad event
ZtoMM trigger inconsistency
Processed   630000/ 2011527 entries, 31.32% (elapsed time 11766.7s, curr speed    0.060 kHz, avg speed    0.054 kHz), accepted      979/  630001 events ( 0.16%)
Processed   640000/ 2011527 entries, 31.82% (elapsed time 11938.5s, curr speed    0.058 kHz, avg speed    0.054 kHz), accepted      996/  640001 events ( 0.16%)
ZtoMM trigger inconsistency
Processed   650000/ 2011527 entries, 32.31% (elapsed time 12107.5s, curr speed    0.059 kHz, avg speed    0.054 kHz), accepted     1007/  650001 events ( 0.15%)
ZtoMM trigger inconsistency
Processed   660000/ 2011527 entries, 32.81% (elapsed time 12275.2s, curr speed    0.060 kHz, avg speed    0.054 kHz), accepted     1031/  660001 events ( 0.16%)
Processed   670000/ 2011527 entries, 33.31% (elapsed time 12445.2s, curr speed    0.059 kHz, avg speed    0.054 kHz), accepted     1048/  670001 events ( 0.16%)
TtoEM trigger inconsistency
Processed   680000/ 2011527 entries, 33.81% (elapsed time 12616.8s, curr speed    0.058 kHz, avg speed    0.054 kHz), accepted     1062/  680001 events ( 0.16%)
ZtoMM trigger inconsistency
ZtoMM trigger inconsistency
Processed   690000/ 2011527 entries, 34.30% (elapsed time 12787.6s, curr speed    0.059 kHz, avg speed    0.054 kHz), accepted     1074/  690001 events ( 0.16%)
Bad event
Processed   700000/ 2011527 entries, 34.80% (elapsed time 12956.2s, curr speed    0.059 kHz, avg speed    0.054 kHz), accepted     1080/  700001 events ( 0.15%)
ZtoMM trigger inconsistency
Processed   710000/ 2011527 entries, 35.30% (elapsed time 13127.1s, curr speed    0.058 kHz, avg speed    0.054 kHz), accepted     1092/  710001 events ( 0.15%)
Processed   720000/ 2011527 entries, 35.79% (elapsed time 13297.2s, curr speed    0.059 kHz, avg speed    0.054 kHz), accepted     1111/  720001 events ( 0.15%)
%MSG-e SimpleJetCorrectionUncertainty: 
 bin variables out of range
%MSG
%MSG-e SimpleJetCorrectionUncertainty: 
 bin variables out of range
%MSG
ZtoMM trigger inconsistency
Processed   730000/ 2011527 entries, 36.29% (elapsed time 13467.9s, curr speed    0.059 kHz, avg speed    0.054 kHz), accepted     1124/  730001 events ( 0.15%)
Processed   740000/ 2011527 entries, 36.79% (elapsed time 13637.8s, curr speed    0.059 kHz, avg speed    0.054 kHz), accepted     1137/  740001 events ( 0.15%)
Processed   750000/ 2011527 entries, 37.29% (elapsed time 13809.1s, curr speed    0.058 kHz, avg speed    0.054 kHz), accepted     1158/  750001 events ( 0.15%)
Processed   760000/ 2011527 entries, 37.78% (elapsed time 13979.5s, curr speed    0.059 kHz, avg speed    0.054 kHz), accepted     1171/  760001 events ( 0.15%)
Processed   770000/ 2011527 entries, 38.28% (elapsed time 14148.8s, curr speed    0.059 kHz, avg speed    0.054 kHz), accepted     1186/  770001 events ( 0.15%)
Processed   780000/ 2011527 entries, 38.78% (elapsed time 14319.0s, curr speed    0.059 kHz, avg speed    0.054 kHz), accepted     1196/  780001 events ( 0.15%)
TtoEM trigger inconsistency
Processed   790000/ 2011527 entries, 39.27% (elapsed time 14489.0s, curr speed    0.059 kHz, avg speed    0.055 kHz), accepted     1224/  790001 events ( 0.15%)
Processed   800000/ 2011527 entries, 39.77% (elapsed time 14658.6s, curr speed    0.059 kHz, avg speed    0.055 kHz), accepted     1236/  800001 events ( 0.15%)
ZtoMM trigger inconsistency
Processed   810000/ 2011527 entries, 40.27% (elapsed time 14831.1s, curr speed    0.058 kHz, avg speed    0.055 kHz), accepted     1254/  810001 events ( 0.15%)
TtoEM trigger inconsistency
TtoEM trigger inconsistency
Processed   820000/ 2011527 entries, 40.77% (elapsed time 15001.9s, curr speed    0.059 kHz, avg speed    0.055 kHz), accepted     1266/  820001 events ( 0.15%)
Processed   830000/ 2011527 entries, 41.26% (elapsed time 15173.0s, curr speed    0.058 kHz, avg speed    0.055 kHz), accepted     1290/  830001 events ( 0.16%)
Processed   840000/ 2011527 entries, 41.76% (elapsed time 15344.7s, curr speed    0.058 kHz, avg speed    0.055 kHz), accepted     1310/  840001 events ( 0.16%)
Processed   850000/ 2011527 entries, 42.26% (elapsed time 15513.4s, curr speed    0.059 kHz, avg speed    0.055 kHz), accepted     1328/  850001 events ( 0.16%)
Processed   860000/ 2011527 entries, 42.75% (elapsed time 15684.2s, curr speed    0.059 kHz, avg speed    0.055 kHz), accepted     1346/  860001 events ( 0.16%)
Processed   870000/ 2011527 entries, 43.25% (elapsed time 15854.7s, curr speed    0.059 kHz, avg speed    0.055 kHz), accepted     1359/  870001 events ( 0.16%)
ZtoMM trigger inconsistency
Processed   880000/ 2011527 entries, 43.75% (elapsed time 16026.9s, curr speed    0.058 kHz, avg speed    0.055 kHz), accepted     1370/  880001 events ( 0.16%)
TtoEM trigger inconsistency
Processed   890000/ 2011527 entries, 44.24% (elapsed time 16197.6s, curr speed    0.059 kHz, avg speed    0.055 kHz), accepted     1388/  890001 events ( 0.16%)
ZtoMM trigger inconsistency
Processed   900000/ 2011527 entries, 44.74% (elapsed time 16366.7s, curr speed    0.059 kHz, avg speed    0.055 kHz), accepted     1398/  900001 events ( 0.16%)
Processed   910000/ 2011527 entries, 45.24% (elapsed time 16539.0s, curr speed    0.058 kHz, avg speed    0.055 kHz), accepted     1414/  910001 events ( 0.16%)
Processed   920000/ 2011527 entries, 45.74% (elapsed time 16709.0s, curr speed    0.059 kHz, avg speed    0.055 kHz), accepted     1432/  920001 events ( 0.16%)
Processed   930000/ 2011527 entries, 46.23% (elapsed time 16879.8s, curr speed    0.059 kHz, avg speed    0.055 kHz), accepted     1450/  930001 events ( 0.16%)
ZtoMM trigger inconsistency
Processed   940000/ 2011527 entries, 46.73% (elapsed time 17049.2s, curr speed    0.059 kHz, avg speed    0.055 kHz), accepted     1462/  940001 events ( 0.16%)
Processed   950000/ 2011527 entries, 47.23% (elapsed time 17220.7s, curr speed    0.058 kHz, avg speed    0.055 kHz), accepted     1472/  950001 events ( 0.15%)
Processed   960000/ 2011527 entries, 47.72% (elapsed time 17390.6s, curr speed    0.059 kHz, avg speed    0.055 kHz), accepted     1495/  960001 events ( 0.16%)
ZtoMM trigger inconsistency
ZtoMM trigger inconsistency
TtoEM trigger inconsistency
ZtoMM trigger inconsistency
Processed   970000/ 2011527 entries, 48.22% (elapsed time 17560.6s, curr speed    0.059 kHz, avg speed    0.055 kHz), accepted     1514/  970001 events ( 0.16%)
ZtoMM trigger inconsistency
TtoEM trigger inconsistency
Processed   980000/ 2011527 entries, 48.72% (elapsed time 17730.0s, curr speed    0.059 kHz, avg speed    0.055 kHz), accepted     1525/  980001 events ( 0.16%)
Processed   990000/ 2011527 entries, 49.22% (elapsed time 17899.1s, curr speed    0.059 kHz, avg speed    0.055 kHz), accepted     1537/  990001 events ( 0.16%)
TtoEM trigger inconsistency
TtoEM trigger inconsistency
Processed  1000000/ 2011527 entries, 49.71% (elapsed time 18070.5s, curr speed    0.058 kHz, avg speed    0.055 kHz), accepted     1553/ 1000001 events ( 0.16%)
Processed  1010000/ 2011527 entries, 50.21% (elapsed time 18240.8s, curr speed    0.059 kHz, avg speed    0.055 kHz), accepted     1563/ 1010001 events ( 0.15%)
TtoEM trigger inconsistency
TtoEM trigger inconsistency
TtoEM trigger inconsistency
Processed  1020000/ 2011527 entries, 50.71% (elapsed time 18410.8s, curr speed    0.059 kHz, avg speed    0.055 kHz), accepted     1578/ 1020001 events ( 0.15%)
ZtoMM trigger inconsistency
Processed  1030000/ 2011527 entries, 51.20% (elapsed time 18583.1s, curr speed    0.058 kHz, avg speed    0.055 kHz), accepted     1600/ 1030001 events ( 0.16%)
Processed  1040000/ 2011527 entries, 51.70% (elapsed time 18754.3s, curr speed    0.058 kHz, avg speed    0.055 kHz), accepted     1614/ 1040001 events ( 0.16%)
Processed  1050000/ 2011527 entries, 52.20% (elapsed time 18924.5s, curr speed    0.059 kHz, avg speed    0.055 kHz), accepted     1632/ 1050001 events ( 0.16%)
Processed  1060000/ 2011527 entries, 52.70% (elapsed time 19093.9s, curr speed    0.059 kHz, avg speed    0.056 kHz), accepted     1644/ 1060001 events ( 0.16%)
ZtoMM trigger inconsistency
Processed  1070000/ 2011527 entries, 53.19% (elapsed time 19264.0s, curr speed    0.059 kHz, avg speed    0.056 kHz), accepted     1654/ 1070001 events ( 0.15%)
Processed  1080000/ 2011527 entries, 53.69% (elapsed time 19435.4s, curr speed    0.058 kHz, avg speed    0.056 kHz), accepted     1669/ 1080001 events ( 0.15%)
ZtoMM trigger inconsistency
Processed  1090000/ 2011527 entries, 54.19% (elapsed time 19604.7s, curr speed    0.059 kHz, avg speed    0.056 kHz), accepted     1684/ 1090001 events ( 0.15%)
TtoEM trigger inconsistency
Processed  1100000/ 2011527 entries, 54.68% (elapsed time 19775.2s, curr speed    0.059 kHz, avg speed    0.056 kHz), accepted     1702/ 1100001 events ( 0.15%)
Processed  1110000/ 2011527 entries, 55.18% (elapsed time 19944.9s, curr speed    0.059 kHz, avg speed    0.056 kHz), accepted     1719/ 1110001 events ( 0.15%)
Processed  1120000/ 2011527 entries, 55.68% (elapsed time 20116.5s, curr speed    0.058 kHz, avg speed    0.056 kHz), accepted     1740/ 1120001 events ( 0.16%)
Processed  1130000/ 2011527 entries, 56.18% (elapsed time 20286.6s, curr speed    0.059 kHz, avg speed    0.056 kHz), accepted     1758/ 1130001 events ( 0.16%)
TtoEM trigger inconsistency
TtoEM trigger inconsistency
Processed  1140000/ 2011527 entries, 56.67% (elapsed time 20458.7s, curr speed    0.058 kHz, avg speed    0.056 kHz), accepted     1772/ 1140001 events ( 0.16%)
Processed  1150000/ 2011527 entries, 57.17% (elapsed time 20629.4s, curr speed    0.059 kHz, avg speed    0.056 kHz), accepted     1785/ 1150001 events ( 0.16%)
TtoEM trigger inconsistency
ZtoMM trigger inconsistency
Processed  1160000/ 2011527 entries, 57.67% (elapsed time 20799.7s, curr speed    0.059 kHz, avg speed    0.056 kHz), accepted     1798/ 1160001 events ( 0.15%)
Processed  1170000/ 2011527 entries, 58.16% (elapsed time 20971.5s, curr speed    0.058 kHz, avg speed    0.056 kHz), accepted     1819/ 1170001 events ( 0.16%)
Processed  1180000/ 2011527 entries, 58.66% (elapsed time 21143.5s, curr speed    0.058 kHz, avg speed    0.056 kHz), accepted     1835/ 1180001 events ( 0.16%)
Processed  1190000/ 2011527 entries, 59.16% (elapsed time 21312.6s, curr speed    0.059 kHz, avg speed    0.056 kHz), accepted     1848/ 1190001 events ( 0.16%)
Processed  1200000/ 2011527 entries, 59.66% (elapsed time 21482.7s, curr speed    0.059 kHz, avg speed    0.056 kHz), accepted     1863/ 1200001 events ( 0.16%)
Processed  1210000/ 2011527 entries, 60.15% (elapsed time 21651.9s, curr speed    0.059 kHz, avg speed    0.056 kHz), accepted     1880/ 1210001 events ( 0.16%)
ZtoMM trigger inconsistency
ZtoMM trigger inconsistency
Processed  1220000/ 2011527 entries, 60.65% (elapsed time 21821.0s, curr speed    0.059 kHz, avg speed    0.056 kHz), accepted     1896/ 1220001 events ( 0.16%)
ZtoEE trigger inconsistency
Processed  1230000/ 2011527 entries, 61.15% (elapsed time 21990.1s, curr speed    0.059 kHz, avg speed    0.056 kHz), accepted     1909/ 1230001 events ( 0.16%)
Processed  1240000/ 2011527 entries, 61.64% (elapsed time 22162.7s, curr speed    0.058 kHz, avg speed    0.056 kHz), accepted     1928/ 1240001 events ( 0.16%)
Processed  1250000/ 2011527 entries, 62.14% (elapsed time 22334.2s, curr speed    0.058 kHz, avg speed    0.056 kHz), accepted     1947/ 1250001 events ( 0.16%)
TtoEM trigger inconsistency
ZtoMM trigger inconsistency
Processed  1260000/ 2011527 entries, 62.64% (elapsed time 22503.2s, curr speed    0.059 kHz, avg speed    0.056 kHz), accepted     1961/ 1260001 events ( 0.16%)
TtoEM trigger inconsistency
Processed  1270000/ 2011527 entries, 63.14% (elapsed time 22673.7s, curr speed    0.059 kHz, avg speed    0.056 kHz), accepted     1971/ 1270001 events ( 0.16%)
Processed  1280000/ 2011527 entries, 63.63% (elapsed time 22842.7s, curr speed    0.059 kHz, avg speed    0.056 kHz), accepted     1990/ 1280001 events ( 0.16%)
ZtoMM trigger inconsistency
Processed  1290000/ 2011527 entries, 64.13% (elapsed time 23012.7s, curr speed    0.059 kHz, avg speed    0.056 kHz), accepted     2009/ 1290001 events ( 0.16%)
TtoEM trigger inconsistency
Processed  1300000/ 2011527 entries, 64.63% (elapsed time 23182.9s, curr speed    0.059 kHz, avg speed    0.056 kHz), accepted     2020/ 1300001 events ( 0.16%)
TtoEM trigger inconsistency
Processed  1310000/ 2011527 entries, 65.12% (elapsed time 23351.7s, curr speed    0.059 kHz, avg speed    0.056 kHz), accepted     2035/ 1310001 events ( 0.16%)
TtoEM trigger inconsistency
ZtoMM trigger inconsistency
Processed  1320000/ 2011527 entries, 65.62% (elapsed time 23522.7s, curr speed    0.058 kHz, avg speed    0.056 kHz), accepted     2051/ 1320001 events ( 0.16%)
TtoEM trigger inconsistency
Processed  1330000/ 2011527 entries, 66.12% (elapsed time 23692.6s, curr speed    0.059 kHz, avg speed    0.056 kHz), accepted     2071/ 1330001 events ( 0.16%)
Processed  1340000/ 2011527 entries, 66.62% (elapsed time 23863.6s, curr speed    0.058 kHz, avg speed    0.056 kHz), accepted     2090/ 1340001 events ( 0.16%)
TtoEM trigger inconsistency
Processed  1350000/ 2011527 entries, 67.11% (elapsed time 24033.0s, curr speed    0.059 kHz, avg speed    0.056 kHz), accepted     2110/ 1350001 events ( 0.16%)
Processed  1360000/ 2011527 entries, 67.61% (elapsed time 24203.8s, curr speed    0.059 kHz, avg speed    0.056 kHz), accepted     2124/ 1360001 events ( 0.16%)
Processed  1370000/ 2011527 entries, 68.11% (elapsed time 24374.7s, curr speed    0.059 kHz, avg speed    0.056 kHz), accepted     2147/ 1370001 events ( 0.16%)
ZtoMM trigger inconsistency
Processed  1380000/ 2011527 entries, 68.60% (elapsed time 24545.4s, curr speed    0.059 kHz, avg speed    0.056 kHz), accepted     2165/ 1380001 events ( 0.16%)
ZtoEE trigger inconsistency
Processed  1390000/ 2011527 entries, 69.10% (elapsed time 24716.4s, curr speed    0.058 kHz, avg speed    0.056 kHz), accepted     2176/ 1390001 events ( 0.16%)
TtoEM trigger inconsistency
TtoEM trigger inconsistency
Processed  1400000/ 2011527 entries, 69.60% (elapsed time 24886.4s, curr speed    0.059 kHz, avg speed    0.056 kHz), accepted     2193/ 1400001 events ( 0.16%)
Processed  1410000/ 2011527 entries, 70.10% (elapsed time 25056.6s, curr speed    0.059 kHz, avg speed    0.056 kHz), accepted     2209/ 1410001 events ( 0.16%)
ZtoMM trigger inconsistency
ZtoMM trigger inconsistency
Processed  1420000/ 2011527 entries, 70.59% (elapsed time 25227.2s, curr speed    0.059 kHz, avg speed    0.056 kHz), accepted     2224/ 1420001 events ( 0.16%)
TtoEM trigger inconsistency
Processed  1430000/ 2011527 entries, 71.09% (elapsed time 25396.3s, curr speed    0.059 kHz, avg speed    0.056 kHz), accepted     2239/ 1430001 events ( 0.16%)
Processed  1440000/ 2011527 entries, 71.59% (elapsed time 25563.1s, curr speed    0.060 kHz, avg speed    0.056 kHz), accepted     2252/ 1440001 events ( 0.16%)
ZtoMM trigger inconsistency
TtoEM trigger inconsistency
Processed  1450000/ 2011527 entries, 72.08% (elapsed time 25726.1s, curr speed    0.061 kHz, avg speed    0.056 kHz), accepted     2266/ 1450001 events ( 0.16%)
Processed  1460000/ 2011527 entries, 72.58% (elapsed time 25891.3s, curr speed    0.061 kHz, avg speed    0.056 kHz), accepted     2282/ 1460001 events ( 0.16%)
TtoEM trigger inconsistency
Processed  1470000/ 2011527 entries, 73.08% (elapsed time 26052.4s, curr speed    0.062 kHz, avg speed    0.056 kHz), accepted     2302/ 1470001 events ( 0.16%)
Processed  1480000/ 2011527 entries, 73.58% (elapsed time 26217.3s, curr speed    0.061 kHz, avg speed    0.056 kHz), accepted     2323/ 1480001 events ( 0.16%)
ZtoMM trigger inconsistency
Processed  1490000/ 2011527 entries, 74.07% (elapsed time 26379.4s, curr speed    0.062 kHz, avg speed    0.056 kHz), accepted     2333/ 1490001 events ( 0.16%)
Processed  1500000/ 2011527 entries, 74.57% (elapsed time 26538.9s, curr speed    0.063 kHz, avg speed    0.057 kHz), accepted     2353/ 1500001 events ( 0.16%)
ZtoMM trigger inconsistency
Processed  1510000/ 2011527 entries, 75.07% (elapsed time 26699.7s, curr speed    0.062 kHz, avg speed    0.057 kHz), accepted     2367/ 1510001 events ( 0.16%)
ZtoMM trigger inconsistency
Processed  1520000/ 2011527 entries, 75.56% (elapsed time 26861.5s, curr speed    0.062 kHz, avg speed    0.057 kHz), accepted     2389/ 1520001 events ( 0.16%)
Processed  1530000/ 2011527 entries, 76.06% (elapsed time 27023.8s, curr speed    0.062 kHz, avg speed    0.057 kHz), accepted     2403/ 1530001 events ( 0.16%)
ZtoMM trigger inconsistency
Processed  1540000/ 2011527 entries, 76.56% (elapsed time 27182.4s, curr speed    0.063 kHz, avg speed    0.057 kHz), accepted     2419/ 1540001 events ( 0.16%)
Processed  1550000/ 2011527 entries, 77.06% (elapsed time 27342.4s, curr speed    0.062 kHz, avg speed    0.057 kHz), accepted     2426/ 1550001 events ( 0.16%)
TtoEM trigger inconsistency
TtoEM trigger inconsistency
ZtoMM trigger inconsistency
Processed  1560000/ 2011527 entries, 77.55% (elapsed time 27503.9s, curr speed    0.062 kHz, avg speed    0.057 kHz), accepted     2436/ 1560001 events ( 0.16%)
Processed  1570000/ 2011527 entries, 78.05% (elapsed time 27664.4s, curr speed    0.062 kHz, avg speed    0.057 kHz), accepted     2457/ 1570001 events ( 0.16%)
Processed  1580000/ 2011527 entries, 78.55% (elapsed time 27826.3s, curr speed    0.062 kHz, avg speed    0.057 kHz), accepted     2467/ 1580001 events ( 0.16%)
Processed  1590000/ 2011527 entries, 79.04% (elapsed time 27988.7s, curr speed    0.062 kHz, avg speed    0.057 kHz), accepted     2489/ 1590001 events ( 0.16%)
Processed  1600000/ 2011527 entries, 79.54% (elapsed time 28148.2s, curr speed    0.063 kHz, avg speed    0.057 kHz), accepted     2501/ 1600001 events ( 0.16%)
Processed  1610000/ 2011527 entries, 80.04% (elapsed time 28308.7s, curr speed    0.062 kHz, avg speed    0.057 kHz), accepted     2511/ 1610001 events ( 0.16%)
Processed  1620000/ 2011527 entries, 80.54% (elapsed time 28466.2s, curr speed    0.063 kHz, avg speed    0.057 kHz), accepted     2515/ 1620001 events ( 0.16%)
Processed  1630000/ 2011527 entries, 81.03% (elapsed time 28629.3s, curr speed    0.061 kHz, avg speed    0.057 kHz), accepted     2526/ 1630001 events ( 0.15%)
Processed  1640000/ 2011527 entries, 81.53% (elapsed time 28788.7s, curr speed    0.063 kHz, avg speed    0.057 kHz), accepted     2537/ 1640001 events ( 0.15%)
Processed  1650000/ 2011527 entries, 82.03% (elapsed time 28950.9s, curr speed    0.062 kHz, avg speed    0.057 kHz), accepted     2547/ 1650001 events ( 0.15%)
Processed  1660000/ 2011527 entries, 82.52% (elapsed time 29112.1s, curr speed    0.062 kHz, avg speed    0.057 kHz), accepted     2559/ 1660001 events ( 0.15%)
Processed  1670000/ 2011527 entries, 83.02% (elapsed time 29272.8s, curr speed    0.062 kHz, avg speed    0.057 kHz), accepted     2574/ 1670001 events ( 0.15%)
Processed  1680000/ 2011527 entries, 83.52% (elapsed time 29434.2s, curr speed    0.062 kHz, avg speed    0.057 kHz), accepted     2585/ 1680001 events ( 0.15%)
ZtoMM trigger inconsistency
Processed  1690000/ 2011527 entries, 84.02% (elapsed time 29596.2s, curr speed    0.062 kHz, avg speed    0.057 kHz), accepted     2603/ 1690001 events ( 0.15%)
Processed  1700000/ 2011527 entries, 84.51% (elapsed time 29759.5s, curr speed    0.061 kHz, avg speed    0.057 kHz), accepted     2618/ 1700001 events ( 0.15%)
ZtoMM trigger inconsistency
Processed  1710000/ 2011527 entries, 85.01% (elapsed time 29921.5s, curr speed    0.062 kHz, avg speed    0.057 kHz), accepted     2635/ 1710001 events ( 0.15%)
Processed  1720000/ 2011527 entries, 85.51% (elapsed time 30080.2s, curr speed    0.063 kHz, avg speed    0.057 kHz), accepted     2647/ 1720001 events ( 0.15%)
Processed  1730000/ 2011527 entries, 86.00% (elapsed time 30239.3s, curr speed    0.063 kHz, avg speed    0.057 kHz), accepted     2666/ 1730001 events ( 0.15%)
TtoEM trigger inconsistency
Processed  1740000/ 2011527 entries, 86.50% (elapsed time 30400.0s, curr speed    0.062 kHz, avg speed    0.057 kHz), accepted     2683/ 1740001 events ( 0.15%)
Processed  1750000/ 2011527 entries, 87.00% (elapsed time 30561.6s, curr speed    0.062 kHz, avg speed    0.057 kHz), accepted     2693/ 1750001 events ( 0.15%)
Processed  1760000/ 2011527 entries, 87.50% (elapsed time 30723.6s, curr speed    0.062 kHz, avg speed    0.057 kHz), accepted     2709/ 1760001 events ( 0.15%)
ZtoMM trigger inconsistency
ZtoMM trigger inconsistency
Processed  1770000/ 2011527 entries, 87.99% (elapsed time 30884.4s, curr speed    0.062 kHz, avg speed    0.057 kHz), accepted     2721/ 1770001 events ( 0.15%)
TtoEM trigger inconsistency
Processed  1780000/ 2011527 entries, 88.49% (elapsed time 31046.6s, curr speed    0.062 kHz, avg speed    0.057 kHz), accepted     2741/ 1780001 events ( 0.15%)
%MSG-e SimpleJetCorrectionUncertainty: 
 bin variables out of range
%MSG
%MSG-e SimpleJetCorrectionUncertainty: 
 bin variables out of range
%MSG
TtoEM trigger inconsistency
Processed  1790000/ 2011527 entries, 88.99% (elapsed time 31203.6s, curr speed    0.064 kHz, avg speed    0.057 kHz), accepted     2760/ 1790001 events ( 0.15%)
Processed  1800000/ 2011527 entries, 89.48% (elapsed time 31364.3s, curr speed    0.062 kHz, avg speed    0.057 kHz), accepted     2774/ 1800001 events ( 0.15%)
TtoEM trigger inconsistency
Processed  1810000/ 2011527 entries, 89.98% (elapsed time 31522.4s, curr speed    0.063 kHz, avg speed    0.057 kHz), accepted     2788/ 1810001 events ( 0.15%)
Processed  1820000/ 2011527 entries, 90.48% (elapsed time 31681.7s, curr speed    0.063 kHz, avg speed    0.057 kHz), accepted     2807/ 1820001 events ( 0.15%)
Processed  1830000/ 2011527 entries, 90.98% (elapsed time 31838.3s, curr speed    0.064 kHz, avg speed    0.057 kHz), accepted     2821/ 1830001 events ( 0.15%)
TtoEM trigger inconsistency
Processed  1840000/ 2011527 entries, 91.47% (elapsed time 31998.9s, curr speed    0.062 kHz, avg speed    0.058 kHz), accepted     2829/ 1840001 events ( 0.15%)
ZtoEE trigger inconsistency
Processed  1850000/ 2011527 entries, 91.97% (elapsed time 32156.0s, curr speed    0.064 kHz, avg speed    0.058 kHz), accepted     2843/ 1850001 events ( 0.15%)
ZtoMM trigger inconsistency
ZtoMM trigger inconsistency
Processed  1860000/ 2011527 entries, 92.47% (elapsed time 32314.9s, curr speed    0.063 kHz, avg speed    0.058 kHz), accepted     2856/ 1860001 events ( 0.15%)
Processed  1870000/ 2011527 entries, 92.96% (elapsed time 32473.2s, curr speed    0.063 kHz, avg speed    0.058 kHz), accepted     2867/ 1870001 events ( 0.15%)
TtoEM trigger inconsistency
Processed  1880000/ 2011527 entries, 93.46% (elapsed time 32632.0s, curr speed    0.063 kHz, avg speed    0.058 kHz), accepted     2884/ 1880001 events ( 0.15%)
Processed  1890000/ 2011527 entries, 93.96% (elapsed time 32788.3s, curr speed    0.064 kHz, avg speed    0.058 kHz), accepted     2898/ 1890001 events ( 0.15%)
Processed  1900000/ 2011527 entries, 94.46% (elapsed time 32947.5s, curr speed    0.063 kHz, avg speed    0.058 kHz), accepted     2921/ 1900001 events ( 0.15%)
ZtoMM trigger inconsistency
Processed  1910000/ 2011527 entries, 94.95% (elapsed time 33103.9s, curr speed    0.064 kHz, avg speed    0.058 kHz), accepted     2936/ 1910001 events ( 0.15%)
TtoEM trigger inconsistency
Processed  1920000/ 2011527 entries, 95.45% (elapsed time 33262.8s, curr speed    0.063 kHz, avg speed    0.058 kHz), accepted     2953/ 1920001 events ( 0.15%)
Processed  1930000/ 2011527 entries, 95.95% (elapsed time 33417.9s, curr speed    0.064 kHz, avg speed    0.058 kHz), accepted     2972/ 1930001 events ( 0.15%)
ZtoEE trigger inconsistency
Processed  1940000/ 2011527 entries, 96.44% (elapsed time 33574.8s, curr speed    0.064 kHz, avg speed    0.058 kHz), accepted     2982/ 1940001 events ( 0.15%)
Processed  1950000/ 2011527 entries, 96.94% (elapsed time 33731.6s, curr speed    0.064 kHz, avg speed    0.058 kHz), accepted     2996/ 1950001 events ( 0.15%)
Processed  1960000/ 2011527 entries, 97.44% (elapsed time 33890.9s, curr speed    0.063 kHz, avg speed    0.058 kHz), accepted     3007/ 1960001 events ( 0.15%)
TtoEM trigger inconsistency
ZtoMM trigger inconsistency
Processed  1970000/ 2011527 entries, 97.94% (elapsed time 34048.0s, curr speed    0.064 kHz, avg speed    0.058 kHz), accepted     3022/ 1970001 events ( 0.15%)
ZtoMM trigger inconsistency
Processed  1980000/ 2011527 entries, 98.43% (elapsed time 34207.0s, curr speed    0.063 kHz, avg speed    0.058 kHz), accepted     3035/ 1980001 events ( 0.15%)
Processed  1990000/ 2011527 entries, 98.93% (elapsed time 34363.2s, curr speed    0.064 kHz, avg speed    0.058 kHz), accepted     3047/ 1990001 events ( 0.15%)
Processed  2000000/ 2011527 entries, 99.43% (elapsed time 34518.9s, curr speed    0.064 kHz, avg speed    0.058 kHz), accepted     3064/ 2000001 events ( 0.15%)
Processed  2010000/ 2011527 entries, 99.92% (elapsed time 34673.9s, curr speed    0.065 kHz, avg speed    0.058 kHz), accepted     3078/ 2010001 events ( 0.15%)
Processed 2011527 preselected entries from root://cms-xrd-global.cern.ch//store/mc/RunIISummer16NanoAODv6/ZZTo4L_13TeV_powheg_pythia8_ext1/NANOAODSIM/PUMoriond17_Nano25Oct2019_102X_mcRun2_asymptotic_v7-v1/270000/ED27F97F-8EA7-9F4B-A173-AC82A0F23367.root (2011527 entries). Finally selected 3080 entries
Done /work/pbaertsc/heavy_resonance/output_2016/ZZTo4L_13TeV_powheg_pythia8_ext1__RunIISummer16NanoAODv6-PUMoriond17_Nano25Oct2019_102X_mcRun2_asymptotic_v7-v1__NANOAODSIM/ED27F97F-8EA7-9F4B-A173-AC82A0F23367.root
57.9429784221 Hz
deleting root file with name: /work/pbaertsc/heavy_resonance/output_2016/ZZTo4L_13TeV_powheg_pythia8_ext1__RunIISummer16NanoAODv6-PUMoriond17_Nano25Oct2019_102X_mcRun2_asymptotic_v7-v1__NANOAODSIM/ED27F97F-8EA7-9F4B-A173-AC82A0F23367.root
DONE
Complete at
Wed Jan 29 09:32:34 CET 2020
