job start at
Mon Jan 27 16:00:31 CET 2020
SLURM_JOB_ID: 405411
HOSTNAME: t3wn35
JOBLIST:joblist/joblist_ZprimeToZHToZlepHinc_narrow_M-2500_TuneCP5_13TeV-madgraph-pythia8__RunIISummer16NanoAODv6-PUMoriond17_Nano25Oct2019_102X_mcRun2_asymptotic_v7-v1__NANOAODSIM_ll.txt
Going to execute
python job.py -i root://cms-xrd-global.cern.ch//store/mc/RunIISummer16NanoAODv6/ZprimeToZHToZlepHinc_narrow_M-2500_TuneCP5_13TeV-madgraph-pythia8/NANOAODSIM/PUMoriond17_Nano25Oct2019_102X_mcRun2_asymptotic_v7-v1/260000/4669B0D4-9E6E-3A4B-B1C4-82CE8835A6CB.root -o /work/pbaertsc/heavy_resonance/output_2016/ZprimeToZHToZlepHinc_narrow_M-2500_TuneCP5_13TeV-madgraph-pythia8__RunIISummer16NanoAODv6-PUMoriond17_Nano25Oct2019_102X_mcRun2_asymptotic_v7-v1__NANOAODSIM -N ZprimeToZHToZlepHinc_narrow_M-2500_TuneCP5_13TeV-madgraph-pythia8__RunIISummer16NanoAODv6-PUMoriond17_Nano25Oct2019_102X_mcRun2_asymptotic_v7-v1__NANOAODSIM -n 0 -c ll -y 2016
TClass::Init:0: RuntimeWarning: no dictionary for class ROOT::TIOFeatures is available
/work/pbaertsc/heavy_resonance/CMSSW_9_4_6/python/PhysicsTools/NanoAODTools/postprocessing/framework/treeReaderArrayTools.py:69: RuntimeWarning: creating executor for unknown type "ULong64_t*"
  ret = _vr.Get()[0]
JEC= Summer16_07Aug2017_V11_MC 	 JER= Summer16_25nsV1_MC
--------------------------------------------------------------------------------
input files  = ['root://cms-xrd-global.cern.ch//store/mc/RunIISummer16NanoAODv6/ZprimeToZHToZlepHinc_narrow_M-2500_TuneCP5_13TeV-madgraph-pythia8/NANOAODSIM/PUMoriond17_Nano25Oct2019_102X_mcRun2_asymptotic_v7-v1/260000/4669B0D4-9E6E-3A4B-B1C4-82CE8835A6CB.root']
output directory = /work/pbaertsc/heavy_resonance/output_2016/ZprimeToZHToZlepHinc_narrow_M-2500_TuneCP5_13TeV-madgraph-pythia8__RunIISummer16NanoAODv6-PUMoriond17_Nano25Oct2019_102X_mcRun2_asymptotic_v7-v1__NANOAODSIM
output file  = ZprimeToZHToZlepHinc_narrow_M-2500_TuneCP5_13TeV-madgraph-pythia8__RunIISummer16NanoAODv6-PUMoriond17_Nano25Oct2019_102X_mcRun2_asymptotic_v7-v1__NANOAODSIM_0_ll.root
chunck       = 0
channel      = ll
dataType     = mc
year         = 2016
tes          = 1.0
ltf          = 1.0
jtf          = 1.0
--------------------------------------------------------------------------------
job.py: creating PostProcessor...
TreeProducer is called /work/pbaertsc/heavy_resonance/output_2016/ZprimeToZHToZlepHinc_narrow_M-2500_TuneCP5_13TeV-madgraph-pythia8__RunIISummer16NanoAODv6-PUMoriond17_Nano25Oct2019_102X_mcRun2_asymptotic_v7-v1__NANOAODSIM/ZprimeToZHToZlepHinc_narrow_M-2500_TuneCP5_13TeV-madgraph-pythia8__RunIISummer16NanoAODv6-PUMoriond17_Nano25Oct2019_102X_mcRun2_asymptotic_v7-v1__NANOAODSIM_0_ll.root
job.py: going to run PostProcessor...
Will write selected trees to /work/pbaertsc/heavy_resonance/output_2016/ZprimeToZHToZlepHinc_narrow_M-2500_TuneCP5_13TeV-madgraph-pythia8__RunIISummer16NanoAODv6-PUMoriond17_Nano25Oct2019_102X_mcRun2_asymptotic_v7-v1__NANOAODSIM
Loading jet energy scale (JES) uncertainties from file '/tmp/tmpJcEJtc/Summer16_07Aug2017_V11_MC_Uncertainty_AK8PFPuppi.txt'
Loading jet energy resolutions (JER) from file '/tmp/tmpPdrvsA/Summer16_25nsV1_MC_PtResolution_AK8PFPuppi.txt'
Loading JER scale factors and uncertainties from file '/tmp/tmpPdrvsA/Summer16_25nsV1_MC_SF_AK8PFPuppi.txt'
Pre-select 56500 entries out of 56500 (100.00%)
ZtoMM trigger inconsistency
Bad event
ZtoMM trigger inconsistency
ZtoMM trigger inconsistency
Bad event
ZtoMM trigger inconsistency
TtoEM trigger inconsistency
ZtoMM trigger inconsistency
ZtoMM trigger inconsistency
ZtoMM trigger inconsistency
ZtoMM trigger inconsistency
ZtoMM trigger inconsistency
ZtoMM trigger inconsistency
ZtoMM trigger inconsistency
Bad event
Bad event
Bad event
Bad event
Bad event
Bad event
Bad event
ZtoMM trigger inconsistency
Bad event
TtoEM trigger inconsistency
ZtoMM trigger inconsistency
ZtoMM trigger inconsistency
ZtoMM trigger inconsistency
ZtoMM trigger inconsistency
ZtoMM trigger inconsistency
ZtoMM trigger inconsistency
ZtoMM trigger inconsistency
Bad event
ZtoMM trigger inconsistency
ZtoMM trigger inconsistency
ZtoMM trigger inconsistency
ZtoMM trigger inconsistency
ZtoMM trigger inconsistency
ZtoMM trigger inconsistency
Bad event
ZtoMM trigger inconsistency
ZtoMM trigger inconsistency
ZtoMM trigger inconsistency
ZtoMM trigger inconsistency
Bad event
ZtoMM trigger inconsistency
ZtoMM trigger inconsistency
ZtoMM trigger inconsistency
ZtoMM trigger inconsistency
ZtoMM trigger inconsistency
ZtoMM trigger inconsistency
ZtoMM trigger inconsistency
ZtoMM trigger inconsistency
ZtoMM trigger inconsistency
Bad event
ZtoMM trigger inconsistency
ZtoMM trigger inconsistency
Bad event
ZtoMM trigger inconsistency
ZtoMM trigger inconsistency
ZtoMM trigger inconsistency
ZtoMM trigger inconsistency
TtoEM trigger inconsistency
TtoEM trigger inconsistency
ZtoMM trigger inconsistency
ZtoEE trigger inconsistency
Bad event
TtoEM trigger inconsistency
ZtoMM trigger inconsistency
ZtoMM trigger inconsistency
ZtoMM trigger inconsistency
ZtoMM trigger inconsistency
Bad event
TtoEM trigger inconsistency
ZtoMM trigger inconsistency
Bad event
ZtoMM trigger inconsistency
ZtoMM trigger inconsistency
ZtoMM trigger inconsistency
Bad event
ZtoMM trigger inconsistency
ZtoMM trigger inconsistency
Bad event
ZtoMM trigger inconsistency
ZtoMM trigger inconsistency
Bad event
ZtoMM trigger inconsistency
ZtoMM trigger inconsistency
ZtoEE trigger inconsistency
ZtoEE trigger inconsistency
TtoEM trigger inconsistency
ZtoMM trigger inconsistency
ZtoMM trigger inconsistency
ZtoEE trigger inconsistency
ZtoMM trigger inconsistency
ZtoMM trigger inconsistency
TtoEM trigger inconsistency
ZtoMM trigger inconsistency
ZtoMM trigger inconsistency
ZtoMM trigger inconsistency
ZtoMM trigger inconsistency
Bad event
ZtoMM trigger inconsistency
ZtoMM trigger inconsistency
ZtoMM trigger inconsistency
ZtoMM trigger inconsistency
ZtoEE trigger inconsistency
Bad event
Bad event
ZtoMM trigger inconsistency
ZtoMM trigger inconsistency
TtoEM trigger inconsistency
ZtoMM trigger inconsistency
TtoEM trigger inconsistency
ZtoMM trigger inconsistency
Bad event
ZtoMM trigger inconsistency
ZtoMM trigger inconsistency
ZtoEE trigger inconsistency
Bad event
ZtoEE trigger inconsistency
TtoEM trigger inconsistency
ZtoMM trigger inconsistency
ZtoMM trigger inconsistency
TtoEM trigger inconsistency
ZtoEE trigger inconsistency
ZtoMM trigger inconsistency
TtoEM trigger inconsistency
ZtoMM trigger inconsistency
Bad event
ZtoMM trigger inconsistency
ZtoMM trigger inconsistency
ZtoMM trigger inconsistency
Bad event
ZtoMM trigger inconsistency
ZtoMM trigger inconsistency
TtoEM trigger inconsistency
ZtoMM trigger inconsistency
TtoEM trigger inconsistency
ZtoEE trigger inconsistency
TtoEM trigger inconsistency
ZtoMM trigger inconsistency
TtoEM trigger inconsistency
ZtoMM trigger inconsistency
Bad event
ZtoMM trigger inconsistency
TtoEM trigger inconsistency
ZtoEE trigger inconsistency
ZtoMM trigger inconsistency
ZtoMM trigger inconsistency
ZtoMM trigger inconsistency
Bad event
ZtoMM trigger inconsistency
ZtoMM trigger inconsistency
TtoEM trigger inconsistency
ZtoMM trigger inconsistency
ZtoMM trigger inconsistency
Bad event
ZtoMM trigger inconsistency
ZtoMM trigger inconsistency
ZtoMM trigger inconsistency
ZtoMM trigger inconsistency
TtoEM trigger inconsistency
ZtoMM trigger inconsistency
TtoEM trigger inconsistency
ZtoMM trigger inconsistency
Bad event
Bad event
ZtoMM trigger inconsistency
ZtoMM trigger inconsistency
ZtoMM trigger inconsistency
ZtoEE trigger inconsistency
ZtoMM trigger inconsistency
ZtoMM trigger inconsistency
ZtoMM trigger inconsistency
Bad event
TtoEM trigger inconsistency
Bad event
TtoEM trigger inconsistency
Bad event
ZtoMM trigger inconsistency
ZtoMM trigger inconsistency
ZtoMM trigger inconsistency
ZtoMM trigger inconsistency
ZtoMM trigger inconsistency
ZtoMM trigger inconsistency
ZtoMM trigger inconsistency
TtoEM trigger inconsistency
TtoEM trigger inconsistency
ZtoMM trigger inconsistency
TtoEM trigger inconsistency
TtoEM trigger inconsistency
ZtoMM trigger inconsistency
ZtoMM trigger inconsistency
ZtoMM trigger inconsistency
ZtoMM trigger inconsistency
ZtoMM trigger inconsistency
ZtoMM trigger inconsistency
TtoEM trigger inconsistency
ZtoMM trigger inconsistency
ZtoMM trigger inconsistency
Bad event
Bad event
ZtoMM trigger inconsistency
ZtoMM trigger inconsistency
Bad event
ZtoMM trigger inconsistency
ZtoMM trigger inconsistency
TtoEM trigger inconsistency
ZtoMM trigger inconsistency
Processed    10000/   56500 entries, 17.70% (elapsed time    91.6s, curr speed    0.109 kHz, avg speed    0.109 kHz), accepted     7129/   10001 events (71.28%)
TtoEM trigger inconsistency
ZtoMM trigger inconsistency
ZtoMM trigger inconsistency
Bad event
Bad event
ZtoMM trigger inconsistency
ZtoMM trigger inconsistency
ZtoMM trigger inconsistency
ZtoEE trigger inconsistency
ZtoMM trigger inconsistency
TtoEM trigger inconsistency
ZtoMM trigger inconsistency
ZtoMM trigger inconsistency
ZtoMM trigger inconsistency
ZtoMM trigger inconsistency
ZtoMM trigger inconsistency
ZtoMM trigger inconsistency
Bad event
ZtoMM trigger inconsistency
TtoEM trigger inconsistency
ZtoMM trigger inconsistency
ZtoMM trigger inconsistency
ZtoMM trigger inconsistency
ZtoEE trigger inconsistency
Bad event
ZtoMM trigger inconsistency
ZtoMM trigger inconsistency
ZtoEE trigger inconsistency
ZtoMM trigger inconsistency
Bad event
ZtoMM trigger inconsistency
Bad event
ZtoMM trigger inconsistency
ZtoMM trigger inconsistency
ZtoMM trigger inconsistency
TtoEM trigger inconsistency
Bad event
TtoEM trigger inconsistency
ZtoMM trigger inconsistency
TtoEM trigger inconsistency
ZtoMM trigger inconsistency
Bad event
ZtoMM trigger inconsistency
ZtoMM trigger inconsistency
ZtoEE trigger inconsistency
ZtoMM trigger inconsistency
TtoEM trigger inconsistency
TtoEM trigger inconsistency
ZtoMM trigger inconsistency
ZtoMM trigger inconsistency
Bad event
ZtoMM trigger inconsistency
ZtoMM trigger inconsistency
Bad event
ZtoMM trigger inconsistency
Bad event
ZtoEE trigger inconsistency
TtoEM trigger inconsistency
ZtoMM trigger inconsistency
ZtoMM trigger inconsistency
ZtoMM trigger inconsistency
ZtoEE trigger inconsistency
TtoEM trigger inconsistency
Bad event
Bad event
ZtoMM trigger inconsistency
ZtoMM trigger inconsistency
Bad event
TtoEM trigger inconsistency
ZtoMM trigger inconsistency
ZtoMM trigger inconsistency
ZtoMM trigger inconsistency
TtoEM trigger inconsistency
Bad event
ZtoMM trigger inconsistency
ZtoMM trigger inconsistency
ZtoMM trigger inconsistency
TtoEM trigger inconsistency
TtoEM trigger inconsistency
ZtoMM trigger inconsistency
ZtoMM trigger inconsistency
ZtoMM trigger inconsistency
ZtoMM trigger inconsistency
TtoEM trigger inconsistency
ZtoMM trigger inconsistency
Bad event
Bad event
ZtoMM trigger inconsistency
ZtoMM trigger inconsistency
ZtoMM trigger inconsistency
ZtoMM trigger inconsistency
Bad event
ZtoEE trigger inconsistency
ZtoMM trigger inconsistency
ZtoMM trigger inconsistency
TtoEM trigger inconsistency
ZtoMM trigger inconsistency
ZtoMM trigger inconsistency
ZtoMM trigger inconsistency
ZtoMM trigger inconsistency
ZtoMM trigger inconsistency
TtoEM trigger inconsistency
ZtoMM trigger inconsistency
Bad event
ZtoMM trigger inconsistency
ZtoMM trigger inconsistency
TtoEM trigger inconsistency
TtoEM trigger inconsistency
ZtoMM trigger inconsistency
TtoEM trigger inconsistency
ZtoMM trigger inconsistency
ZtoMM trigger inconsistency
ZtoMM trigger inconsistency
Bad event
TtoEM trigger inconsistency
ZtoMM trigger inconsistency
Bad event
ZtoMM trigger inconsistency
TtoEM trigger inconsistency
ZtoEE trigger inconsistency
Bad event
Bad event
ZtoMM trigger inconsistency
ZtoEE trigger inconsistency
Bad event
ZtoMM trigger inconsistency
ZtoMM trigger inconsistency
TtoEM trigger inconsistency
TtoEM trigger inconsistency
TtoEM trigger inconsistency
ZtoMM trigger inconsistency
ZtoMM trigger inconsistency
ZtoMM trigger inconsistency
ZtoMM trigger inconsistency
ZtoMM trigger inconsistency
ZtoMM trigger inconsistency
Bad event
ZtoMM trigger inconsistency
ZtoMM trigger inconsistency
ZtoEE trigger inconsistency
ZtoMM trigger inconsistency
ZtoMM trigger inconsistency
ZtoMM trigger inconsistency
TtoEM trigger inconsistency
ZtoMM trigger inconsistency
Bad event
TtoEM trigger inconsistency
Bad event
ZtoEE trigger inconsistency
Bad event
ZtoMM trigger inconsistency
ZtoMM trigger inconsistency
Bad event
Bad event
Bad event
ZtoMM trigger inconsistency
ZtoMM trigger inconsistency
ZtoMM trigger inconsistency
ZtoMM trigger inconsistency
ZtoMM trigger inconsistency
ZtoMM trigger inconsistency
ZtoMM trigger inconsistency
Bad event
ZtoMM trigger inconsistency
ZtoMM trigger inconsistency
ZtoMM trigger inconsistency
Bad event
Bad event
ZtoMM trigger inconsistency
ZtoMM trigger inconsistency
Bad event
TtoEM trigger inconsistency
ZtoMM trigger inconsistency
TtoEM trigger inconsistency
ZtoEE trigger inconsistency
Bad event
ZtoMM trigger inconsistency
ZtoMM trigger inconsistency
ZtoMM trigger inconsistency
ZtoMM trigger inconsistency
Bad event
ZtoMM trigger inconsistency
ZtoMM trigger inconsistency
ZtoMM trigger inconsistency
ZtoMM trigger inconsistency
Bad event
ZtoEE trigger inconsistency
ZtoMM trigger inconsistency
Bad event
ZtoMM trigger inconsistency
ZtoMM trigger inconsistency
Bad event
ZtoMM trigger inconsistency
ZtoMM trigger inconsistency
ZtoMM trigger inconsistency
Bad event
ZtoMM trigger inconsistency
Bad event
ZtoMM trigger inconsistency
ZtoMM trigger inconsistency
ZtoMM trigger inconsistency
ZtoEE trigger inconsistency
TtoEM trigger inconsistency
TtoEM trigger inconsistency
ZtoMM trigger inconsistency
ZtoMM trigger inconsistency
ZtoEE trigger inconsistency
TtoEM trigger inconsistency
ZtoMM trigger inconsistency
Processed    20000/   56500 entries, 35.40% (elapsed time   183.8s, curr speed    0.108 kHz, avg speed    0.109 kHz), accepted    14142/   20001 events (70.71%)
ZtoMM trigger inconsistency
ZtoMM trigger inconsistency
TtoEM trigger inconsistency
ZtoMM trigger inconsistency
ZtoMM trigger inconsistency
ZtoMM trigger inconsistency
ZtoMM trigger inconsistency
ZtoMM trigger inconsistency
ZtoMM trigger inconsistency
ZtoMM trigger inconsistency
ZtoMM trigger inconsistency
ZtoMM trigger inconsistency
TtoEM trigger inconsistency
ZtoEE trigger inconsistency
ZtoMM trigger inconsistency
TtoEM trigger inconsistency
ZtoMM trigger inconsistency
ZtoMM trigger inconsistency
ZtoMM trigger inconsistency
ZtoMM trigger inconsistency
Bad event
ZtoMM trigger inconsistency
ZtoMM trigger inconsistency
ZtoMM trigger inconsistency
TtoEM trigger inconsistency
ZtoMM trigger inconsistency
Bad event
ZtoMM trigger inconsistency
ZtoMM trigger inconsistency
TtoEM trigger inconsistency
ZtoMM trigger inconsistency
TtoEM trigger inconsistency
ZtoMM trigger inconsistency
Bad event
ZtoMM trigger inconsistency
ZtoMM trigger inconsistency
ZtoMM trigger inconsistency
ZtoEE trigger inconsistency
ZtoMM trigger inconsistency
ZtoMM trigger inconsistency
TtoEM trigger inconsistency
ZtoMM trigger inconsistency
ZtoMM trigger inconsistency
ZtoMM trigger inconsistency
ZtoMM trigger inconsistency
TtoEM trigger inconsistency
ZtoMM trigger inconsistency
TtoEM trigger inconsistency
TtoEM trigger inconsistency
ZtoMM trigger inconsistency
ZtoMM trigger inconsistency
ZtoMM trigger inconsistency
Bad event
ZtoMM trigger inconsistency
ZtoMM trigger inconsistency
ZtoMM trigger inconsistency
ZtoMM trigger inconsistency
ZtoMM trigger inconsistency
Bad event
ZtoMM trigger inconsistency
Bad event
ZtoMM trigger inconsistency
TtoEM trigger inconsistency
ZtoMM trigger inconsistency
ZtoMM trigger inconsistency
ZtoMM trigger inconsistency
ZtoEE trigger inconsistency
TtoEM trigger inconsistency
ZtoMM trigger inconsistency
ZtoMM trigger inconsistency
ZtoMM trigger inconsistency
Bad event
ZtoMM trigger inconsistency
TtoEM trigger inconsistency
ZtoMM trigger inconsistency
Bad event
ZtoMM trigger inconsistency
ZtoEE trigger inconsistency
ZtoMM trigger inconsistency
ZtoMM trigger inconsistency
ZtoMM trigger inconsistency
Bad event
ZtoMM trigger inconsistency
TtoEM trigger inconsistency
ZtoMM trigger inconsistency
ZtoMM trigger inconsistency
TtoEM trigger inconsistency
ZtoMM trigger inconsistency
Bad event
ZtoMM trigger inconsistency
Bad event
ZtoMM trigger inconsistency
ZtoMM trigger inconsistency
Bad event
ZtoMM trigger inconsistency
Bad event
ZtoMM trigger inconsistency
TtoEM trigger inconsistency
ZtoMM trigger inconsistency
ZtoMM trigger inconsistency
ZtoMM trigger inconsistency
ZtoMM trigger inconsistency
ZtoMM trigger inconsistency
ZtoEE trigger inconsistency
ZtoMM trigger inconsistency
ZtoEE trigger inconsistency
ZtoMM trigger inconsistency
ZtoMM trigger inconsistency
TtoEM trigger inconsistency
Bad event
TtoEM trigger inconsistency
ZtoMM trigger inconsistency
ZtoMM trigger inconsistency
ZtoMM trigger inconsistency
ZtoMM trigger inconsistency
ZtoMM trigger inconsistency
ZtoMM trigger inconsistency
ZtoEE trigger inconsistency
ZtoMM trigger inconsistency
ZtoEE trigger inconsistency
ZtoEE trigger inconsistency
ZtoMM trigger inconsistency
Bad event
ZtoMM trigger inconsistency
ZtoMM trigger inconsistency
ZtoMM trigger inconsistency
ZtoEE trigger inconsistency
ZtoMM trigger inconsistency
TtoEM trigger inconsistency
ZtoMM trigger inconsistency
TtoEM trigger inconsistency
ZtoMM trigger inconsistency
TtoEM trigger inconsistency
ZtoMM trigger inconsistency
ZtoMM trigger inconsistency
TtoEM trigger inconsistency
ZtoMM trigger inconsistency
TtoEM trigger inconsistency
ZtoMM trigger inconsistency
TtoEM trigger inconsistency
Bad event
TtoEM trigger inconsistency
TtoEM trigger inconsistency
ZtoMM trigger inconsistency
ZtoEE trigger inconsistency
ZtoMM trigger inconsistency
ZtoMM trigger inconsistency
ZtoMM trigger inconsistency
ZtoEE trigger inconsistency
Bad event
ZtoMM trigger inconsistency
TtoEM trigger inconsistency
ZtoMM trigger inconsistency
ZtoMM trigger inconsistency
ZtoMM trigger inconsistency
ZtoMM trigger inconsistency
ZtoMM trigger inconsistency
TtoEM trigger inconsistency
ZtoEE trigger inconsistency
Bad event
ZtoMM trigger inconsistency
ZtoMM trigger inconsistency
ZtoMM trigger inconsistency
ZtoMM trigger inconsistency
ZtoMM trigger inconsistency
ZtoMM trigger inconsistency
Bad event
ZtoMM trigger inconsistency
ZtoMM trigger inconsistency
ZtoMM trigger inconsistency
ZtoEE trigger inconsistency
ZtoMM trigger inconsistency
Bad event
ZtoMM trigger inconsistency
ZtoMM trigger inconsistency
ZtoMM trigger inconsistency
ZtoMM trigger inconsistency
ZtoMM trigger inconsistency
TtoEM trigger inconsistency
ZtoMM trigger inconsistency
TtoEM trigger inconsistency
ZtoEE trigger inconsistency
ZtoMM trigger inconsistency
TtoEM trigger inconsistency
ZtoMM trigger inconsistency
ZtoMM trigger inconsistency
Bad event
ZtoMM trigger inconsistency
Bad event
ZtoMM trigger inconsistency
ZtoMM trigger inconsistency
ZtoMM trigger inconsistency
ZtoMM trigger inconsistency
ZtoMM trigger inconsistency
ZtoMM trigger inconsistency
ZtoMM trigger inconsistency
ZtoMM trigger inconsistency
ZtoMM trigger inconsistency
ZtoMM trigger inconsistency
ZtoMM trigger inconsistency
ZtoMM trigger inconsistency
ZtoMM trigger inconsistency
TtoEM trigger inconsistency
ZtoMM trigger inconsistency
TtoEM trigger inconsistency
Bad event
ZtoMM trigger inconsistency
ZtoMM trigger inconsistency
ZtoMM trigger inconsistency
TtoEM trigger inconsistency
ZtoEE trigger inconsistency
ZtoMM trigger inconsistency
ZtoMM trigger inconsistency
Processed    30000/   56500 entries, 53.10% (elapsed time   273.4s, curr speed    0.112 kHz, avg speed    0.110 kHz), accepted    21201/   30001 events (70.67%)
TtoEM trigger inconsistency
ZtoMM trigger inconsistency
ZtoMM trigger inconsistency
ZtoMM trigger inconsistency
TtoEM trigger inconsistency
ZtoMM trigger inconsistency
ZtoMM trigger inconsistency
TtoEM trigger inconsistency
ZtoMM trigger inconsistency
Bad event
ZtoMM trigger inconsistency
Bad event
ZtoMM trigger inconsistency
Bad event
TtoEM trigger inconsistency
ZtoEE trigger inconsistency
Bad event
TtoEM trigger inconsistency
ZtoMM trigger inconsistency
TtoEM trigger inconsistency
ZtoMM trigger inconsistency
TtoEM trigger inconsistency
ZtoMM trigger inconsistency
Bad event
ZtoEE trigger inconsistency
ZtoEE trigger inconsistency
ZtoMM trigger inconsistency
ZtoMM trigger inconsistency
Bad event
TtoEM trigger inconsistency
ZtoMM trigger inconsistency
TtoEM trigger inconsistency
ZtoEE trigger inconsistency
ZtoMM trigger inconsistency
Bad event
ZtoMM trigger inconsistency
ZtoMM trigger inconsistency
TtoEM trigger inconsistency
ZtoEE trigger inconsistency
Bad event
ZtoMM trigger inconsistency
ZtoMM trigger inconsistency
ZtoMM trigger inconsistency
ZtoMM trigger inconsistency
Bad event
ZtoMM trigger inconsistency
ZtoMM trigger inconsistency
ZtoEE trigger inconsistency
ZtoMM trigger inconsistency
ZtoMM trigger inconsistency
ZtoMM trigger inconsistency
TtoEM trigger inconsistency
ZtoEE trigger inconsistency
TtoEM trigger inconsistency
ZtoMM trigger inconsistency
TtoEM trigger inconsistency
ZtoMM trigger inconsistency
ZtoMM trigger inconsistency
TtoEM trigger inconsistency
TtoEM trigger inconsistency
ZtoMM trigger inconsistency
TtoEM trigger inconsistency
ZtoMM trigger inconsistency
ZtoMM trigger inconsistency
ZtoMM trigger inconsistency
ZtoMM trigger inconsistency
ZtoMM trigger inconsistency
ZtoMM trigger inconsistency
ZtoMM trigger inconsistency
ZtoMM trigger inconsistency
ZtoMM trigger inconsistency
TtoEM trigger inconsistency
ZtoMM trigger inconsistency
ZtoMM trigger inconsistency
ZtoMM trigger inconsistency
ZtoMM trigger inconsistency
ZtoMM trigger inconsistency
ZtoMM trigger inconsistency
ZtoMM trigger inconsistency
TtoEM trigger inconsistency
ZtoMM trigger inconsistency
TtoEM trigger inconsistency
ZtoMM trigger inconsistency
ZtoMM trigger inconsistency
Bad event
ZtoMM trigger inconsistency
TtoEM trigger inconsistency
Bad event
Bad event
Bad event
ZtoMM trigger inconsistency
ZtoMM trigger inconsistency
ZtoMM trigger inconsistency
TtoEM trigger inconsistency
ZtoMM trigger inconsistency
TtoEM trigger inconsistency
ZtoMM trigger inconsistency
TtoEM trigger inconsistency
ZtoMM trigger inconsistency
ZtoMM trigger inconsistency
ZtoMM trigger inconsistency
Bad event
ZtoMM trigger inconsistency
ZtoMM trigger inconsistency
ZtoMM trigger inconsistency
ZtoMM trigger inconsistency
ZtoMM trigger inconsistency
TtoEM trigger inconsistency
ZtoMM trigger inconsistency
Bad event
ZtoMM trigger inconsistency
Bad event
TtoEM trigger inconsistency
ZtoMM trigger inconsistency
TtoEM trigger inconsistency
ZtoMM trigger inconsistency
Bad event
ZtoMM trigger inconsistency
ZtoMM trigger inconsistency
ZtoMM trigger inconsistency
ZtoMM trigger inconsistency
ZtoMM trigger inconsistency
ZtoEE trigger inconsistency
ZtoMM trigger inconsistency
ZtoMM trigger inconsistency
ZtoMM trigger inconsistency
ZtoMM trigger inconsistency
ZtoMM trigger inconsistency
Bad event
ZtoMM trigger inconsistency
ZtoMM trigger inconsistency
ZtoMM trigger inconsistency
ZtoMM trigger inconsistency
TtoEM trigger inconsistency
ZtoMM trigger inconsistency
ZtoEE trigger inconsistency
TtoEM trigger inconsistency
Bad event
TtoEM trigger inconsistency
ZtoMM trigger inconsistency
ZtoMM trigger inconsistency
ZtoMM trigger inconsistency
Bad event
ZtoMM trigger inconsistency
ZtoMM trigger inconsistency
ZtoMM trigger inconsistency
TtoEM trigger inconsistency
ZtoMM trigger inconsistency
TtoEM trigger inconsistency
ZtoMM trigger inconsistency
Bad event
ZtoMM trigger inconsistency
ZtoMM trigger inconsistency
ZtoMM trigger inconsistency
ZtoMM trigger inconsistency
TtoEM trigger inconsistency
ZtoMM trigger inconsistency
ZtoMM trigger inconsistency
TtoEM trigger inconsistency
Bad event
ZtoMM trigger inconsistency
ZtoMM trigger inconsistency
ZtoMM trigger inconsistency
Bad event
ZtoMM trigger inconsistency
ZtoEE trigger inconsistency
ZtoMM trigger inconsistency
ZtoMM trigger inconsistency
TtoEM trigger inconsistency
ZtoMM trigger inconsistency
ZtoMM trigger inconsistency
ZtoMM trigger inconsistency
Bad event
ZtoMM trigger inconsistency
ZtoMM trigger inconsistency
ZtoMM trigger inconsistency
ZtoEE trigger inconsistency
ZtoMM trigger inconsistency
ZtoMM trigger inconsistency
ZtoMM trigger inconsistency
ZtoMM trigger inconsistency
ZtoMM trigger inconsistency
ZtoMM trigger inconsistency
ZtoMM trigger inconsistency
TtoEM trigger inconsistency
ZtoMM trigger inconsistency
ZtoMM trigger inconsistency
ZtoMM trigger inconsistency
ZtoMM trigger inconsistency
Bad event
Bad event
ZtoMM trigger inconsistency
ZtoMM trigger inconsistency
ZtoMM trigger inconsistency
ZtoMM trigger inconsistency
ZtoMM trigger inconsistency
ZtoMM trigger inconsistency
TtoEM trigger inconsistency
TtoEM trigger inconsistency
ZtoMM trigger inconsistency
ZtoMM trigger inconsistency
ZtoMM trigger inconsistency
ZtoMM trigger inconsistency
ZtoMM trigger inconsistency
Bad event
Bad event
Bad event
ZtoEE trigger inconsistency
ZtoMM trigger inconsistency
Processed    40000/   56500 entries, 70.80% (elapsed time   364.0s, curr speed    0.110 kHz, avg speed    0.110 kHz), accepted    28355/   40001 events (70.89%)
ZtoMM trigger inconsistency
Bad event
TtoEM trigger inconsistency
TtoEM trigger inconsistency
Bad event
TtoEM trigger inconsistency
TtoEM trigger inconsistency
ZtoMM trigger inconsistency
ZtoMM trigger inconsistency
Bad event
ZtoMM trigger inconsistency
ZtoMM trigger inconsistency
ZtoMM trigger inconsistency
ZtoMM trigger inconsistency
TtoEM trigger inconsistency
ZtoMM trigger inconsistency
ZtoMM trigger inconsistency
Bad event
TtoEM trigger inconsistency
Bad event
ZtoMM trigger inconsistency
Bad event
TtoEM trigger inconsistency
ZtoMM trigger inconsistency
ZtoMM trigger inconsistency
Bad event
ZtoMM trigger inconsistency
ZtoMM trigger inconsistency
TtoEM trigger inconsistency
TtoEM trigger inconsistency
ZtoEE trigger inconsistency
ZtoMM trigger inconsistency
ZtoMM trigger inconsistency
ZtoMM trigger inconsistency
Bad event
ZtoMM trigger inconsistency
ZtoEE trigger inconsistency
ZtoMM trigger inconsistency
ZtoMM trigger inconsistency
TtoEM trigger inconsistency
TtoEM trigger inconsistency
Bad event
Bad event
Bad event
Bad event
Bad event
TtoEM trigger inconsistency
Bad event
ZtoMM trigger inconsistency
ZtoMM trigger inconsistency
TtoEM trigger inconsistency
ZtoMM trigger inconsistency
Bad event
TtoEM trigger inconsistency
TtoEM trigger inconsistency
ZtoMM trigger inconsistency
Bad event
ZtoMM trigger inconsistency
ZtoMM trigger inconsistency
Bad event
ZtoMM trigger inconsistency
ZtoMM trigger inconsistency
TtoEM trigger inconsistency
ZtoMM trigger inconsistency
ZtoMM trigger inconsistency
ZtoMM trigger inconsistency
ZtoMM trigger inconsistency
ZtoMM trigger inconsistency
TtoEM trigger inconsistency
TtoEM trigger inconsistency
ZtoMM trigger inconsistency
ZtoMM trigger inconsistency
ZtoMM trigger inconsistency
Bad event
ZtoMM trigger inconsistency
ZtoMM trigger inconsistency
ZtoMM trigger inconsistency
TtoEM trigger inconsistency
ZtoMM trigger inconsistency
ZtoMM trigger inconsistency
Bad event
TtoEM trigger inconsistency
ZtoMM trigger inconsistency
TtoEM trigger inconsistency
ZtoMM trigger inconsistency
ZtoEE trigger inconsistency
ZtoMM trigger inconsistency
TtoEM trigger inconsistency
TtoEM trigger inconsistency
ZtoMM trigger inconsistency
ZtoMM trigger inconsistency
Bad event
Bad event
ZtoEE trigger inconsistency
ZtoMM trigger inconsistency
TtoEM trigger inconsistency
ZtoMM trigger inconsistency
Bad event
TtoEM trigger inconsistency
ZtoMM trigger inconsistency
Bad event
Bad event
ZtoMM trigger inconsistency
ZtoMM trigger inconsistency
TtoEM trigger inconsistency
ZtoMM trigger inconsistency
ZtoMM trigger inconsistency
ZtoMM trigger inconsistency
ZtoMM trigger inconsistency
ZtoMM trigger inconsistency
ZtoMM trigger inconsistency
ZtoMM trigger inconsistency
Bad event
Bad event
ZtoMM trigger inconsistency
TtoEM trigger inconsistency
TtoEM trigger inconsistency
ZtoMM trigger inconsistency
ZtoMM trigger inconsistency
ZtoMM trigger inconsistency
Bad event
Bad event
ZtoMM trigger inconsistency
ZtoMM trigger inconsistency
ZtoMM trigger inconsistency
ZtoEE trigger inconsistency
ZtoEE trigger inconsistency
ZtoMM trigger inconsistency
ZtoMM trigger inconsistency
ZtoMM trigger inconsistency
Bad event
TtoEM trigger inconsistency
ZtoMM trigger inconsistency
ZtoMM trigger inconsistency
ZtoMM trigger inconsistency
TtoEM trigger inconsistency
Bad event
Bad event
ZtoMM trigger inconsistency
TtoEM trigger inconsistency
ZtoMM trigger inconsistency
TtoEM trigger inconsistency
ZtoMM trigger inconsistency
ZtoMM trigger inconsistency
ZtoMM trigger inconsistency
Bad event
ZtoEE trigger inconsistency
ZtoMM trigger inconsistency
ZtoMM trigger inconsistency
TtoEM trigger inconsistency
ZtoMM trigger inconsistency
ZtoMM trigger inconsistency
Bad event
TtoEM trigger inconsistency
TtoEM trigger inconsistency
ZtoMM trigger inconsistency
Bad event
TtoEM trigger inconsistency
Bad event
ZtoMM trigger inconsistency
TtoEM trigger inconsistency
ZtoEE trigger inconsistency
ZtoMM trigger inconsistency
ZtoMM trigger inconsistency
ZtoMM trigger inconsistency
ZtoEE trigger inconsistency
TtoEM trigger inconsistency
ZtoMM trigger inconsistency
Bad event
ZtoMM trigger inconsistency
TtoEM trigger inconsistency
Bad event
ZtoMM trigger inconsistency
Bad event
Bad event
Bad event
ZtoMM trigger inconsistency
Bad event
ZtoMM trigger inconsistency
ZtoMM trigger inconsistency
ZtoMM trigger inconsistency
ZtoMM trigger inconsistency
ZtoMM trigger inconsistency
ZtoMM trigger inconsistency
ZtoMM trigger inconsistency
ZtoMM trigger inconsistency
ZtoMM trigger inconsistency
TtoEM trigger inconsistency
ZtoMM trigger inconsistency
ZtoMM trigger inconsistency
ZtoMM trigger inconsistency
TtoEM trigger inconsistency
TtoEM trigger inconsistency
ZtoMM trigger inconsistency
TtoEM trigger inconsistency
ZtoMM trigger inconsistency
Bad event
ZtoMM trigger inconsistency
ZtoMM trigger inconsistency
ZtoMM trigger inconsistency
ZtoMM trigger inconsistency
TtoEM trigger inconsistency
ZtoMM trigger inconsistency
ZtoMM trigger inconsistency
ZtoMM trigger inconsistency
Bad event
ZtoMM trigger inconsistency
ZtoMM trigger inconsistency
TtoEM trigger inconsistency
Bad event
Bad event
ZtoMM trigger inconsistency
ZtoMM trigger inconsistency
Bad event
TtoEM trigger inconsistency
TtoEM trigger inconsistency
ZtoMM trigger inconsistency
Bad event
TtoEM trigger inconsistency
ZtoMM trigger inconsistency
Processed    50000/   56500 entries, 88.50% (elapsed time   454.9s, curr speed    0.110 kHz, avg speed    0.110 kHz), accepted    35410/   50001 events (70.82%)
TtoEM trigger inconsistency
ZtoMM trigger inconsistency
ZtoMM trigger inconsistency
ZtoEE trigger inconsistency
ZtoMM trigger inconsistency
ZtoMM trigger inconsistency
ZtoMM trigger inconsistency
ZtoMM trigger inconsistency
ZtoMM trigger inconsistency
ZtoMM trigger inconsistency
ZtoMM trigger inconsistency
ZtoMM trigger inconsistency
ZtoMM trigger inconsistency
ZtoEE trigger inconsistency
ZtoEE trigger inconsistency
Bad event
ZtoMM trigger inconsistency
ZtoMM trigger inconsistency
ZtoMM trigger inconsistency
ZtoMM trigger inconsistency
ZtoMM trigger inconsistency
ZtoEE trigger inconsistency
ZtoEE trigger inconsistency
Bad event
ZtoMM trigger inconsistency
ZtoMM trigger inconsistency
TtoEM trigger inconsistency
ZtoMM trigger inconsistency
Bad event
ZtoMM trigger inconsistency
ZtoMM trigger inconsistency
ZtoMM trigger inconsistency
TtoEM trigger inconsistency
TtoEM trigger inconsistency
ZtoEE trigger inconsistency
TtoEM trigger inconsistency
TtoEM trigger inconsistency
ZtoMM trigger inconsistency
TtoEM trigger inconsistency
ZtoEE trigger inconsistency
Bad event
ZtoMM trigger inconsistency
ZtoMM trigger inconsistency
ZtoMM trigger inconsistency
ZtoMM trigger inconsistency
ZtoMM trigger inconsistency
Bad event
ZtoMM trigger inconsistency
Bad event
ZtoMM trigger inconsistency
TtoEM trigger inconsistency
ZtoMM trigger inconsistency
ZtoMM trigger inconsistency
ZtoMM trigger inconsistency
TtoEM trigger inconsistency
TtoEM trigger inconsistency
TtoEM trigger inconsistency
ZtoMM trigger inconsistency
ZtoMM trigger inconsistency
ZtoMM trigger inconsistency
ZtoMM trigger inconsistency
TtoEM trigger inconsistency
ZtoMM trigger inconsistency
TtoEM trigger inconsistency
ZtoMM trigger inconsistency
ZtoMM trigger inconsistency
Bad event
ZtoMM trigger inconsistency
Bad event
ZtoMM trigger inconsistency
ZtoMM trigger inconsistency
ZtoMM trigger inconsistency
Bad event
ZtoMM trigger inconsistency
ZtoEE trigger inconsistency
ZtoMM trigger inconsistency
ZtoEE trigger inconsistency
ZtoMM trigger inconsistency
ZtoMM trigger inconsistency
Bad event
ZtoMM trigger inconsistency
ZtoMM trigger inconsistency
ZtoMM trigger inconsistency
Bad event
ZtoMM trigger inconsistency
ZtoMM trigger inconsistency
ZtoMM trigger inconsistency
ZtoMM trigger inconsistency
ZtoMM trigger inconsistency
Bad event
ZtoMM trigger inconsistency
ZtoMM trigger inconsistency
ZtoMM trigger inconsistency
ZtoMM trigger inconsistency
ZtoMM trigger inconsistency
Bad event
ZtoMM trigger inconsistency
ZtoMM trigger inconsistency
TtoEM trigger inconsistency
ZtoMM trigger inconsistency
ZtoMM trigger inconsistency
Bad event
TtoEM trigger inconsistency
ZtoMM trigger inconsistency
ZtoMM trigger inconsistency
Bad event
TtoEM trigger inconsistency
Bad event
ZtoMM trigger inconsistency
ZtoMM trigger inconsistency
ZtoMM trigger inconsistency
TtoEM trigger inconsistency
Bad event
Bad event
ZtoMM trigger inconsistency
TtoEM trigger inconsistency
ZtoMM trigger inconsistency
Bad event
ZtoMM trigger inconsistency
ZtoMM trigger inconsistency
ZtoMM trigger inconsistency
ZtoMM trigger inconsistency
ZtoMM trigger inconsistency
ZtoMM trigger inconsistency
ZtoMM trigger inconsistency
ZtoMM trigger inconsistency
ZtoEE trigger inconsistency
TtoEM trigger inconsistency
TtoEM trigger inconsistency
ZtoMM trigger inconsistency
TtoEM trigger inconsistency
TtoEM trigger inconsistency
ZtoMM trigger inconsistency
ZtoMM trigger inconsistency
Bad event
ZtoMM trigger inconsistency
ZtoMM trigger inconsistency
ZtoMM trigger inconsistency
ZtoMM trigger inconsistency
ZtoMM trigger inconsistency
ZtoMM trigger inconsistency
TtoEM trigger inconsistency
ZtoMM trigger inconsistency
ZtoMM trigger inconsistency
TtoEM trigger inconsistency
ZtoMM trigger inconsistency
Bad event
Processed 56500 preselected entries from root://cms-xrd-global.cern.ch//store/mc/RunIISummer16NanoAODv6/ZprimeToZHToZlepHinc_narrow_M-2500_TuneCP5_13TeV-madgraph-pythia8/NANOAODSIM/PUMoriond17_Nano25Oct2019_102X_mcRun2_asymptotic_v7-v1/260000/4669B0D4-9E6E-3A4B-B1C4-82CE8835A6CB.root (56500 entries). Finally selected 40043 entries
Done /work/pbaertsc/heavy_resonance/output_2016/ZprimeToZHToZlepHinc_narrow_M-2500_TuneCP5_13TeV-madgraph-pythia8__RunIISummer16NanoAODv6-PUMoriond17_Nano25Oct2019_102X_mcRun2_asymptotic_v7-v1__NANOAODSIM/4669B0D4-9E6E-3A4B-B1C4-82CE8835A6CB.root
109.237848498 Hz
deleting root file with name: /work/pbaertsc/heavy_resonance/output_2016/ZprimeToZHToZlepHinc_narrow_M-2500_TuneCP5_13TeV-madgraph-pythia8__RunIISummer16NanoAODv6-PUMoriond17_Nano25Oct2019_102X_mcRun2_asymptotic_v7-v1__NANOAODSIM/4669B0D4-9E6E-3A4B-B1C4-82CE8835A6CB.root
DONE
Complete at
Mon Jan 27 16:18:22 CET 2020
