job start at
Thu Jan 30 19:15:47 CET 2020
SLURM_JOB_ID: 437728
HOSTNAME: t3wn52
JOBLIST:joblist/joblist_WZTo1L1Nu2Q_13TeV_amcatnloFXFX_madspin_pythia8__RunIISummer16NanoAODv6-PUMoriond17_Nano25Oct2019_102X_mcRun2_asymptotic_v7-v1__NANOAODSIM_ll.txt
Going to execute
python job.py -i root://cms-xrd-global.cern.ch//store/mc/RunIISummer16NanoAODv6/WZTo1L1Nu2Q_13TeV_amcatnloFXFX_madspin_pythia8/NANOAODSIM/PUMoriond17_Nano25Oct2019_102X_mcRun2_asymptotic_v7-v1/260000/DBA064BD-6779-5543-B3B9-10245798507B.root -o /work/pbaertsc/heavy_resonance/output_2016/WZTo1L1Nu2Q_13TeV_amcatnloFXFX_madspin_pythia8__RunIISummer16NanoAODv6-PUMoriond17_Nano25Oct2019_102X_mcRun2_asymptotic_v7-v1__NANOAODSIM -N WZTo1L1Nu2Q_13TeV_amcatnloFXFX_madspin_pythia8__RunIISummer16NanoAODv6-PUMoriond17_Nano25Oct2019_102X_mcRun2_asymptotic_v7-v1__NANOAODSIM -n 15 -c ll -y 2016
TClass::Init:0: RuntimeWarning: no dictionary for class ROOT::TIOFeatures is available
/work/pbaertsc/heavy_resonance/CMSSW_9_4_6/python/PhysicsTools/NanoAODTools/postprocessing/framework/treeReaderArrayTools.py:69: RuntimeWarning: creating executor for unknown type "ULong64_t*"
  ret = _vr.Get()[0]
JEC= Summer16_07Aug2017_V11_MC 	 JER= Summer16_25nsV1_MC
MET branch= PuppiMET
JEC= Summer16_07Aug2017_V11_MC 	 JER= Summer16_25nsV1_MC
MET branch= PuppiMET
--------------------------------------------------------------------------------
input files  = ['root://cms-xrd-global.cern.ch//store/mc/RunIISummer16NanoAODv6/WZTo1L1Nu2Q_13TeV_amcatnloFXFX_madspin_pythia8/NANOAODSIM/PUMoriond17_Nano25Oct2019_102X_mcRun2_asymptotic_v7-v1/260000/DBA064BD-6779-5543-B3B9-10245798507B.root']
output directory = /work/pbaertsc/heavy_resonance/output_2016/WZTo1L1Nu2Q_13TeV_amcatnloFXFX_madspin_pythia8__RunIISummer16NanoAODv6-PUMoriond17_Nano25Oct2019_102X_mcRun2_asymptotic_v7-v1__NANOAODSIM
output file  = WZTo1L1Nu2Q_13TeV_amcatnloFXFX_madspin_pythia8__RunIISummer16NanoAODv6-PUMoriond17_Nano25Oct2019_102X_mcRun2_asymptotic_v7-v1__NANOAODSIM_15_ll.root
chunck       = 15
channel      = ll
dataType     = mc
year         = 2016
tes          = 1.0
ltf          = 1.0
jtf          = 1.0
--------------------------------------------------------------------------------
job.py: creating PostProcessor...
TreeProducer is called /work/pbaertsc/heavy_resonance/output_2016/WZTo1L1Nu2Q_13TeV_amcatnloFXFX_madspin_pythia8__RunIISummer16NanoAODv6-PUMoriond17_Nano25Oct2019_102X_mcRun2_asymptotic_v7-v1__NANOAODSIM/WZTo1L1Nu2Q_13TeV_amcatnloFXFX_madspin_pythia8__RunIISummer16NanoAODv6-PUMoriond17_Nano25Oct2019_102X_mcRun2_asymptotic_v7-v1__NANOAODSIM_15_ll.root
job.py: going to run PostProcessor...
Will write selected trees to /work/pbaertsc/heavy_resonance/output_2016/WZTo1L1Nu2Q_13TeV_amcatnloFXFX_madspin_pythia8__RunIISummer16NanoAODv6-PUMoriond17_Nano25Oct2019_102X_mcRun2_asymptotic_v7-v1__NANOAODSIM
Loading jet energy scale (JES) uncertainties from file '/tmp/tmpBwHim9/Summer16_07Aug2017_V11_MC_Uncertainty_AK4PFchs.txt'
Loading jet energy resolutions (JER) from file '/tmp/tmpFS12G3/Summer16_25nsV1_MC_PtResolution_AK4PFchs.txt'
Loading JER scale factors and uncertainties from file '/tmp/tmpFS12G3/Summer16_25nsV1_MC_SF_AK4PFchs.txt'
Loading jet energy scale (JES) uncertainties from file '/tmp/tmpizqWFb/Summer16_07Aug2017_V11_MC_Uncertainty_AK8PFPuppi.txt'
Loading jet energy resolutions (JER) from file '/tmp/tmpWKLhfn/Summer16_25nsV1_MC_PtResolution_AK8PFPuppi.txt'
Loading JER scale factors and uncertainties from file '/tmp/tmpWKLhfn/Summer16_25nsV1_MC_SF_AK8PFPuppi.txt'
Pre-select 1367183 entries out of 1367183 (100.00%)
nanoAODv5? True
Processed    10000/ 1367183 entries,  0.73% (elapsed time   207.0s, curr speed    0.048 kHz, avg speed    0.048 kHz), accepted       57/   10001 events ( 0.57%)
Bad event
Processed    20000/ 1367183 entries,  1.46% (elapsed time   404.1s, curr speed    0.051 kHz, avg speed    0.049 kHz), accepted       99/   20001 events ( 0.49%)
Processed    30000/ 1367183 entries,  2.19% (elapsed time   602.6s, curr speed    0.050 kHz, avg speed    0.050 kHz), accepted      149/   30001 events ( 0.50%)
Processed    40000/ 1367183 entries,  2.93% (elapsed time   801.2s, curr speed    0.050 kHz, avg speed    0.050 kHz), accepted      187/   40001 events ( 0.47%)
Processed    50000/ 1367183 entries,  3.66% (elapsed time   999.1s, curr speed    0.051 kHz, avg speed    0.050 kHz), accepted      233/   50001 events ( 0.47%)
Processed    60000/ 1367183 entries,  4.39% (elapsed time  1198.2s, curr speed    0.050 kHz, avg speed    0.050 kHz), accepted      293/   60001 events ( 0.49%)
Processed    70000/ 1367183 entries,  5.12% (elapsed time  1396.0s, curr speed    0.051 kHz, avg speed    0.050 kHz), accepted      341/   70001 events ( 0.49%)
Processed    80000/ 1367183 entries,  5.85% (elapsed time  1594.8s, curr speed    0.050 kHz, avg speed    0.050 kHz), accepted      379/   80001 events ( 0.47%)
Processed    90000/ 1367183 entries,  6.58% (elapsed time  1793.2s, curr speed    0.050 kHz, avg speed    0.050 kHz), accepted      416/   90001 events ( 0.46%)
Processed   100000/ 1367183 entries,  7.31% (elapsed time  1991.4s, curr speed    0.050 kHz, avg speed    0.050 kHz), accepted      457/  100001 events ( 0.46%)
Bad event
Processed   110000/ 1367183 entries,  8.05% (elapsed time  2190.0s, curr speed    0.050 kHz, avg speed    0.050 kHz), accepted      511/  110001 events ( 0.46%)
Bad event
TtoEM trigger inconsistency
Processed   120000/ 1367183 entries,  8.78% (elapsed time  2390.2s, curr speed    0.050 kHz, avg speed    0.050 kHz), accepted      555/  120001 events ( 0.46%)
Processed   130000/ 1367183 entries,  9.51% (elapsed time  2590.8s, curr speed    0.050 kHz, avg speed    0.050 kHz), accepted      595/  130001 events ( 0.46%)
Processed   140000/ 1367183 entries, 10.24% (elapsed time  2789.7s, curr speed    0.050 kHz, avg speed    0.050 kHz), accepted      642/  140001 events ( 0.46%)
TtoEM trigger inconsistency
Processed   150000/ 1367183 entries, 10.97% (elapsed time  2988.2s, curr speed    0.050 kHz, avg speed    0.050 kHz), accepted      687/  150001 events ( 0.46%)
Bad event
Processed   160000/ 1367183 entries, 11.70% (elapsed time  3188.3s, curr speed    0.050 kHz, avg speed    0.050 kHz), accepted      723/  160001 events ( 0.45%)
Processed   170000/ 1367183 entries, 12.43% (elapsed time  3385.7s, curr speed    0.051 kHz, avg speed    0.050 kHz), accepted      776/  170001 events ( 0.46%)
Bad event
Processed   180000/ 1367183 entries, 13.17% (elapsed time  3585.6s, curr speed    0.050 kHz, avg speed    0.050 kHz), accepted      826/  180001 events ( 0.46%)
Processed   190000/ 1367183 entries, 13.90% (elapsed time  3786.6s, curr speed    0.050 kHz, avg speed    0.050 kHz), accepted      880/  190001 events ( 0.46%)
Processed   200000/ 1367183 entries, 14.63% (elapsed time  3986.1s, curr speed    0.050 kHz, avg speed    0.050 kHz), accepted      932/  200001 events ( 0.47%)
Processed   210000/ 1367183 entries, 15.36% (elapsed time  4185.0s, curr speed    0.050 kHz, avg speed    0.050 kHz), accepted      980/  210001 events ( 0.47%)
Bad event
Processed   220000/ 1367183 entries, 16.09% (elapsed time  4382.0s, curr speed    0.051 kHz, avg speed    0.050 kHz), accepted     1028/  220001 events ( 0.47%)
Bad event
Processed   230000/ 1367183 entries, 16.82% (elapsed time  4581.7s, curr speed    0.050 kHz, avg speed    0.050 kHz), accepted     1071/  230001 events ( 0.47%)
Bad event
Processed   240000/ 1367183 entries, 17.55% (elapsed time  4780.8s, curr speed    0.050 kHz, avg speed    0.050 kHz), accepted     1123/  240001 events ( 0.47%)
Processed   250000/ 1367183 entries, 18.29% (elapsed time  4980.0s, curr speed    0.050 kHz, avg speed    0.050 kHz), accepted     1172/  250001 events ( 0.47%)
Bad event
Processed   260000/ 1367183 entries, 19.02% (elapsed time  5179.4s, curr speed    0.050 kHz, avg speed    0.050 kHz), accepted     1215/  260001 events ( 0.47%)
Processed   270000/ 1367183 entries, 19.75% (elapsed time  5377.7s, curr speed    0.050 kHz, avg speed    0.050 kHz), accepted     1269/  270001 events ( 0.47%)
Bad event
Processed   280000/ 1367183 entries, 20.48% (elapsed time  5574.4s, curr speed    0.051 kHz, avg speed    0.050 kHz), accepted     1307/  280001 events ( 0.47%)
Processed   290000/ 1367183 entries, 21.21% (elapsed time  5774.7s, curr speed    0.050 kHz, avg speed    0.050 kHz), accepted     1353/  290001 events ( 0.47%)
Processed   300000/ 1367183 entries, 21.94% (elapsed time  5974.3s, curr speed    0.050 kHz, avg speed    0.050 kHz), accepted     1393/  300001 events ( 0.46%)
Processed   310000/ 1367183 entries, 22.67% (elapsed time  6172.3s, curr speed    0.051 kHz, avg speed    0.050 kHz), accepted     1425/  310001 events ( 0.46%)
Processed   320000/ 1367183 entries, 23.41% (elapsed time  6372.6s, curr speed    0.050 kHz, avg speed    0.050 kHz), accepted     1464/  320001 events ( 0.46%)
Processed   330000/ 1367183 entries, 24.14% (elapsed time  6572.0s, curr speed    0.050 kHz, avg speed    0.050 kHz), accepted     1512/  330001 events ( 0.46%)
Processed   340000/ 1367183 entries, 24.87% (elapsed time  6771.8s, curr speed    0.050 kHz, avg speed    0.050 kHz), accepted     1551/  340001 events ( 0.46%)
Bad event
Processed   350000/ 1367183 entries, 25.60% (elapsed time  6971.2s, curr speed    0.050 kHz, avg speed    0.050 kHz), accepted     1601/  350001 events ( 0.46%)
TtoEM trigger inconsistency
Bad event
Bad event
Bad event
Processed   360000/ 1367183 entries, 26.33% (elapsed time  7171.9s, curr speed    0.050 kHz, avg speed    0.050 kHz), accepted     1647/  360001 events ( 0.46%)
Processed   370000/ 1367183 entries, 27.06% (elapsed time  7373.6s, curr speed    0.050 kHz, avg speed    0.050 kHz), accepted     1697/  370001 events ( 0.46%)
Processed   380000/ 1367183 entries, 27.79% (elapsed time  7572.8s, curr speed    0.050 kHz, avg speed    0.050 kHz), accepted     1739/  380001 events ( 0.46%)
Processed   390000/ 1367183 entries, 28.53% (elapsed time  7774.5s, curr speed    0.050 kHz, avg speed    0.050 kHz), accepted     1798/  390001 events ( 0.46%)
Processed   400000/ 1367183 entries, 29.26% (elapsed time  7977.5s, curr speed    0.049 kHz, avg speed    0.050 kHz), accepted     1851/  400001 events ( 0.46%)
Processed   410000/ 1367183 entries, 29.99% (elapsed time  8179.2s, curr speed    0.050 kHz, avg speed    0.050 kHz), accepted     1898/  410001 events ( 0.46%)
Bad event
Processed   420000/ 1367183 entries, 30.72% (elapsed time  8379.2s, curr speed    0.050 kHz, avg speed    0.050 kHz), accepted     1945/  420001 events ( 0.46%)
Processed   430000/ 1367183 entries, 31.45% (elapsed time  8580.2s, curr speed    0.050 kHz, avg speed    0.050 kHz), accepted     1981/  430001 events ( 0.46%)
Processed   440000/ 1367183 entries, 32.18% (elapsed time  8783.7s, curr speed    0.049 kHz, avg speed    0.050 kHz), accepted     2024/  440001 events ( 0.46%)
TtoEM trigger inconsistency
Processed   450000/ 1367183 entries, 32.91% (elapsed time  8987.3s, curr speed    0.049 kHz, avg speed    0.050 kHz), accepted     2069/  450001 events ( 0.46%)
Processed   460000/ 1367183 entries, 33.65% (elapsed time  9188.2s, curr speed    0.050 kHz, avg speed    0.050 kHz), accepted     2111/  460001 events ( 0.46%)
Bad event
Processed   470000/ 1367183 entries, 34.38% (elapsed time  9389.7s, curr speed    0.050 kHz, avg speed    0.050 kHz), accepted     2166/  470001 events ( 0.46%)
Processed   480000/ 1367183 entries, 35.11% (elapsed time  9593.4s, curr speed    0.049 kHz, avg speed    0.050 kHz), accepted     2211/  480001 events ( 0.46%)
Processed   490000/ 1367183 entries, 35.84% (elapsed time  9794.8s, curr speed    0.050 kHz, avg speed    0.050 kHz), accepted     2264/  490001 events ( 0.46%)
Bad event
Processed   500000/ 1367183 entries, 36.57% (elapsed time  9997.2s, curr speed    0.049 kHz, avg speed    0.050 kHz), accepted     2308/  500001 events ( 0.46%)
Bad event
Processed   510000/ 1367183 entries, 37.30% (elapsed time 10199.8s, curr speed    0.049 kHz, avg speed    0.050 kHz), accepted     2356/  510001 events ( 0.46%)
Bad event
Processed   520000/ 1367183 entries, 38.03% (elapsed time 10403.7s, curr speed    0.049 kHz, avg speed    0.050 kHz), accepted     2400/  520001 events ( 0.46%)
Processed   530000/ 1367183 entries, 38.77% (elapsed time 10609.0s, curr speed    0.049 kHz, avg speed    0.050 kHz), accepted     2452/  530001 events ( 0.46%)
Processed   540000/ 1367183 entries, 39.50% (elapsed time 10811.8s, curr speed    0.049 kHz, avg speed    0.050 kHz), accepted     2489/  540001 events ( 0.46%)
TtoEM trigger inconsistency
Processed   550000/ 1367183 entries, 40.23% (elapsed time 11011.7s, curr speed    0.050 kHz, avg speed    0.050 kHz), accepted     2520/  550001 events ( 0.46%)
Processed   560000/ 1367183 entries, 40.96% (elapsed time 11217.0s, curr speed    0.049 kHz, avg speed    0.050 kHz), accepted     2558/  560001 events ( 0.46%)
Bad event
Processed   570000/ 1367183 entries, 41.69% (elapsed time 11419.6s, curr speed    0.049 kHz, avg speed    0.050 kHz), accepted     2600/  570001 events ( 0.46%)
Processed   580000/ 1367183 entries, 42.42% (elapsed time 11623.5s, curr speed    0.049 kHz, avg speed    0.050 kHz), accepted     2647/  580001 events ( 0.46%)
Processed   590000/ 1367183 entries, 43.15% (elapsed time 11826.9s, curr speed    0.049 kHz, avg speed    0.050 kHz), accepted     2691/  590001 events ( 0.46%)
Processed   600000/ 1367183 entries, 43.89% (elapsed time 12029.6s, curr speed    0.049 kHz, avg speed    0.050 kHz), accepted     2747/  600001 events ( 0.46%)
Processed   610000/ 1367183 entries, 44.62% (elapsed time 12236.0s, curr speed    0.048 kHz, avg speed    0.050 kHz), accepted     2800/  610001 events ( 0.46%)
Processed   620000/ 1367183 entries, 45.35% (elapsed time 12444.9s, curr speed    0.048 kHz, avg speed    0.050 kHz), accepted     2848/  620001 events ( 0.46%)
Bad event
Processed   630000/ 1367183 entries, 46.08% (elapsed time 12651.8s, curr speed    0.048 kHz, avg speed    0.050 kHz), accepted     2888/  630001 events ( 0.46%)
Processed   640000/ 1367183 entries, 46.81% (elapsed time 12857.6s, curr speed    0.049 kHz, avg speed    0.050 kHz), accepted     2937/  640001 events ( 0.46%)
Processed   650000/ 1367183 entries, 47.54% (elapsed time 13063.7s, curr speed    0.049 kHz, avg speed    0.050 kHz), accepted     2973/  650001 events ( 0.46%)
TtoEM trigger inconsistency
Processed   660000/ 1367183 entries, 48.27% (elapsed time 13272.3s, curr speed    0.048 kHz, avg speed    0.050 kHz), accepted     3011/  660001 events ( 0.46%)
Processed   670000/ 1367183 entries, 49.01% (elapsed time 13481.8s, curr speed    0.048 kHz, avg speed    0.050 kHz), accepted     3052/  670001 events ( 0.46%)
TtoEM trigger inconsistency
Processed   680000/ 1367183 entries, 49.74% (elapsed time 13691.9s, curr speed    0.048 kHz, avg speed    0.050 kHz), accepted     3099/  680001 events ( 0.46%)
Bad event
Processed   690000/ 1367183 entries, 50.47% (elapsed time 13901.1s, curr speed    0.048 kHz, avg speed    0.050 kHz), accepted     3144/  690001 events ( 0.46%)
Bad event
Processed   700000/ 1367183 entries, 51.20% (elapsed time 14111.6s, curr speed    0.048 kHz, avg speed    0.050 kHz), accepted     3190/  700001 events ( 0.46%)
Processed   710000/ 1367183 entries, 51.93% (elapsed time 14323.5s, curr speed    0.047 kHz, avg speed    0.050 kHz), accepted     3241/  710001 events ( 0.46%)
Processed   720000/ 1367183 entries, 52.66% (elapsed time 14535.2s, curr speed    0.047 kHz, avg speed    0.050 kHz), accepted     3299/  720001 events ( 0.46%)
TtoEM trigger inconsistency
Processed   730000/ 1367183 entries, 53.39% (elapsed time 14744.2s, curr speed    0.048 kHz, avg speed    0.050 kHz), accepted     3347/  730001 events ( 0.46%)
Bad event
Bad event
Processed   740000/ 1367183 entries, 54.13% (elapsed time 14955.2s, curr speed    0.047 kHz, avg speed    0.049 kHz), accepted     3404/  740001 events ( 0.46%)
Processed   750000/ 1367183 entries, 54.86% (elapsed time 15167.7s, curr speed    0.047 kHz, avg speed    0.049 kHz), accepted     3447/  750001 events ( 0.46%)
Processed   760000/ 1367183 entries, 55.59% (elapsed time 15380.1s, curr speed    0.047 kHz, avg speed    0.049 kHz), accepted     3488/  760001 events ( 0.46%)
Bad event
Processed   770000/ 1367183 entries, 56.32% (elapsed time 15591.7s, curr speed    0.047 kHz, avg speed    0.049 kHz), accepted     3525/  770001 events ( 0.46%)
TtoEM trigger inconsistency
Processed   780000/ 1367183 entries, 57.05% (elapsed time 15805.8s, curr speed    0.047 kHz, avg speed    0.049 kHz), accepted     3573/  780001 events ( 0.46%)
Processed   790000/ 1367183 entries, 57.78% (elapsed time 16014.8s, curr speed    0.048 kHz, avg speed    0.049 kHz), accepted     3604/  790001 events ( 0.46%)
TtoEM trigger inconsistency
Processed   800000/ 1367183 entries, 58.51% (elapsed time 16227.1s, curr speed    0.047 kHz, avg speed    0.049 kHz), accepted     3645/  800001 events ( 0.46%)
Processed   810000/ 1367183 entries, 59.25% (elapsed time 16440.5s, curr speed    0.047 kHz, avg speed    0.049 kHz), accepted     3693/  810001 events ( 0.46%)
Processed   820000/ 1367183 entries, 59.98% (elapsed time 16652.2s, curr speed    0.047 kHz, avg speed    0.049 kHz), accepted     3736/  820001 events ( 0.46%)
Processed   830000/ 1367183 entries, 60.71% (elapsed time 16863.5s, curr speed    0.047 kHz, avg speed    0.049 kHz), accepted     3794/  830001 events ( 0.46%)
Processed   840000/ 1367183 entries, 61.44% (elapsed time 17074.3s, curr speed    0.047 kHz, avg speed    0.049 kHz), accepted     3838/  840001 events ( 0.46%)
Processed   850000/ 1367183 entries, 62.17% (elapsed time 17285.2s, curr speed    0.047 kHz, avg speed    0.049 kHz), accepted     3884/  850001 events ( 0.46%)
Processed   860000/ 1367183 entries, 62.90% (elapsed time 17498.3s, curr speed    0.047 kHz, avg speed    0.049 kHz), accepted     3934/  860001 events ( 0.46%)
Processed   870000/ 1367183 entries, 63.63% (elapsed time 17707.6s, curr speed    0.048 kHz, avg speed    0.049 kHz), accepted     3979/  870001 events ( 0.46%)
Bad event
Processed   880000/ 1367183 entries, 64.37% (elapsed time 17918.4s, curr speed    0.047 kHz, avg speed    0.049 kHz), accepted     4025/  880001 events ( 0.46%)
Processed   890000/ 1367183 entries, 65.10% (elapsed time 18135.2s, curr speed    0.046 kHz, avg speed    0.049 kHz), accepted     4060/  890001 events ( 0.46%)
Processed   900000/ 1367183 entries, 65.83% (elapsed time 18348.9s, curr speed    0.047 kHz, avg speed    0.049 kHz), accepted     4110/  900001 events ( 0.46%)
TtoEM trigger inconsistency
Processed   910000/ 1367183 entries, 66.56% (elapsed time 18560.8s, curr speed    0.047 kHz, avg speed    0.049 kHz), accepted     4157/  910001 events ( 0.46%)
Processed   920000/ 1367183 entries, 67.29% (elapsed time 18776.4s, curr speed    0.046 kHz, avg speed    0.049 kHz), accepted     4202/  920001 events ( 0.46%)
Processed   930000/ 1367183 entries, 68.02% (elapsed time 18987.4s, curr speed    0.047 kHz, avg speed    0.049 kHz), accepted     4245/  930001 events ( 0.46%)
Bad event
Bad event
Processed   940000/ 1367183 entries, 68.75% (elapsed time 19200.9s, curr speed    0.047 kHz, avg speed    0.049 kHz), accepted     4282/  940001 events ( 0.46%)
Processed   950000/ 1367183 entries, 69.49% (elapsed time 19414.3s, curr speed    0.047 kHz, avg speed    0.049 kHz), accepted     4321/  950001 events ( 0.45%)
Processed   960000/ 1367183 entries, 70.22% (elapsed time 19632.2s, curr speed    0.046 kHz, avg speed    0.049 kHz), accepted     4360/  960001 events ( 0.45%)
Bad event
TtoEM trigger inconsistency
Processed   970000/ 1367183 entries, 70.95% (elapsed time 19847.5s, curr speed    0.046 kHz, avg speed    0.049 kHz), accepted     4413/  970001 events ( 0.45%)
Processed   980000/ 1367183 entries, 71.68% (elapsed time 20066.7s, curr speed    0.046 kHz, avg speed    0.049 kHz), accepted     4452/  980001 events ( 0.45%)
Processed   990000/ 1367183 entries, 72.41% (elapsed time 20287.3s, curr speed    0.045 kHz, avg speed    0.049 kHz), accepted     4492/  990001 events ( 0.45%)
Bad event
Processed  1000000/ 1367183 entries, 73.14% (elapsed time 20506.4s, curr speed    0.046 kHz, avg speed    0.049 kHz), accepted     4539/ 1000001 events ( 0.45%)
Processed  1010000/ 1367183 entries, 73.87% (elapsed time 20723.1s, curr speed    0.046 kHz, avg speed    0.049 kHz), accepted     4593/ 1010001 events ( 0.45%)
TtoEM trigger inconsistency
Processed  1020000/ 1367183 entries, 74.61% (elapsed time 20946.9s, curr speed    0.045 kHz, avg speed    0.049 kHz), accepted     4631/ 1020001 events ( 0.45%)
Processed  1030000/ 1367183 entries, 75.34% (elapsed time 21169.7s, curr speed    0.045 kHz, avg speed    0.049 kHz), accepted     4669/ 1030001 events ( 0.45%)
Bad event
Bad event
Bad event
Processed  1040000/ 1367183 entries, 76.07% (elapsed time 21397.2s, curr speed    0.044 kHz, avg speed    0.049 kHz), accepted     4723/ 1040001 events ( 0.45%)
Processed  1050000/ 1367183 entries, 76.80% (elapsed time 21626.8s, curr speed    0.044 kHz, avg speed    0.049 kHz), accepted     4771/ 1050001 events ( 0.45%)
Processed  1060000/ 1367183 entries, 77.53% (elapsed time 21853.0s, curr speed    0.044 kHz, avg speed    0.049 kHz), accepted     4822/ 1060001 events ( 0.45%)
Bad event
Processed  1070000/ 1367183 entries, 78.26% (elapsed time 22079.3s, curr speed    0.044 kHz, avg speed    0.048 kHz), accepted     4863/ 1070001 events ( 0.45%)
Processed  1080000/ 1367183 entries, 78.99% (elapsed time 22297.3s, curr speed    0.046 kHz, avg speed    0.048 kHz), accepted     4910/ 1080001 events ( 0.45%)
Processed  1090000/ 1367183 entries, 79.73% (elapsed time 22520.0s, curr speed    0.045 kHz, avg speed    0.048 kHz), accepted     4966/ 1090001 events ( 0.46%)
Processed  1100000/ 1367183 entries, 80.46% (elapsed time 22747.2s, curr speed    0.044 kHz, avg speed    0.048 kHz), accepted     5004/ 1100001 events ( 0.45%)
Bad event
Processed  1110000/ 1367183 entries, 81.19% (elapsed time 22972.1s, curr speed    0.044 kHz, avg speed    0.048 kHz), accepted     5047/ 1110001 events ( 0.45%)
Processed  1120000/ 1367183 entries, 81.92% (elapsed time 23199.7s, curr speed    0.044 kHz, avg speed    0.048 kHz), accepted     5089/ 1120001 events ( 0.45%)
Bad event
Processed  1130000/ 1367183 entries, 82.65% (elapsed time 23426.8s, curr speed    0.044 kHz, avg speed    0.048 kHz), accepted     5142/ 1130001 events ( 0.46%)
Processed  1140000/ 1367183 entries, 83.38% (elapsed time 23653.5s, curr speed    0.044 kHz, avg speed    0.048 kHz), accepted     5193/ 1140001 events ( 0.46%)
Processed  1150000/ 1367183 entries, 84.11% (elapsed time 23880.0s, curr speed    0.044 kHz, avg speed    0.048 kHz), accepted     5239/ 1150001 events ( 0.46%)
Processed  1160000/ 1367183 entries, 84.85% (elapsed time 24108.8s, curr speed    0.044 kHz, avg speed    0.048 kHz), accepted     5287/ 1160001 events ( 0.46%)
Bad event
Processed  1170000/ 1367183 entries, 85.58% (elapsed time 24340.4s, curr speed    0.043 kHz, avg speed    0.048 kHz), accepted     5334/ 1170001 events ( 0.46%)
Bad event
Processed  1180000/ 1367183 entries, 86.31% (elapsed time 24569.9s, curr speed    0.044 kHz, avg speed    0.048 kHz), accepted     5386/ 1180001 events ( 0.46%)
Processed  1190000/ 1367183 entries, 87.04% (elapsed time 24795.0s, curr speed    0.044 kHz, avg speed    0.048 kHz), accepted     5427/ 1190001 events ( 0.46%)
Processed  1200000/ 1367183 entries, 87.77% (elapsed time 25018.6s, curr speed    0.045 kHz, avg speed    0.048 kHz), accepted     5475/ 1200001 events ( 0.46%)
Processed  1210000/ 1367183 entries, 88.50% (elapsed time 25243.5s, curr speed    0.044 kHz, avg speed    0.048 kHz), accepted     5516/ 1210001 events ( 0.46%)
Processed  1220000/ 1367183 entries, 89.23% (elapsed time 25467.4s, curr speed    0.045 kHz, avg speed    0.048 kHz), accepted     5558/ 1220001 events ( 0.46%)
Processed  1230000/ 1367183 entries, 89.97% (elapsed time 25688.3s, curr speed    0.045 kHz, avg speed    0.048 kHz), accepted     5603/ 1230001 events ( 0.46%)
Processed  1240000/ 1367183 entries, 90.70% (elapsed time 25908.5s, curr speed    0.045 kHz, avg speed    0.048 kHz), accepted     5647/ 1240001 events ( 0.46%)
Processed  1250000/ 1367183 entries, 91.43% (elapsed time 26127.7s, curr speed    0.046 kHz, avg speed    0.048 kHz), accepted     5693/ 1250001 events ( 0.46%)
Processed  1260000/ 1367183 entries, 92.16% (elapsed time 26344.3s, curr speed    0.046 kHz, avg speed    0.048 kHz), accepted     5741/ 1260001 events ( 0.46%)
Bad event
Processed  1270000/ 1367183 entries, 92.89% (elapsed time 26571.6s, curr speed    0.044 kHz, avg speed    0.048 kHz), accepted     5788/ 1270001 events ( 0.46%)
Processed  1280000/ 1367183 entries, 93.62% (elapsed time 26795.5s, curr speed    0.045 kHz, avg speed    0.048 kHz), accepted     5826/ 1280001 events ( 0.46%)
Processed  1290000/ 1367183 entries, 94.35% (elapsed time 27013.8s, curr speed    0.046 kHz, avg speed    0.048 kHz), accepted     5871/ 1290001 events ( 0.46%)
Processed  1300000/ 1367183 entries, 95.09% (elapsed time 27228.6s, curr speed    0.047 kHz, avg speed    0.048 kHz), accepted     5915/ 1300001 events ( 0.45%)
Processed  1310000/ 1367183 entries, 95.82% (elapsed time 27447.7s, curr speed    0.046 kHz, avg speed    0.048 kHz), accepted     5949/ 1310001 events ( 0.45%)
Bad event
Processed  1320000/ 1367183 entries, 96.55% (elapsed time 27665.9s, curr speed    0.046 kHz, avg speed    0.048 kHz), accepted     6004/ 1320001 events ( 0.45%)
Processed  1330000/ 1367183 entries, 97.28% (elapsed time 27889.5s, curr speed    0.045 kHz, avg speed    0.048 kHz), accepted     6055/ 1330001 events ( 0.46%)
Processed  1340000/ 1367183 entries, 98.01% (elapsed time 28111.0s, curr speed    0.045 kHz, avg speed    0.048 kHz), accepted     6098/ 1340001 events ( 0.46%)
Processed  1350000/ 1367183 entries, 98.74% (elapsed time 28331.6s, curr speed    0.045 kHz, avg speed    0.048 kHz), accepted     6139/ 1350001 events ( 0.45%)
Processed  1360000/ 1367183 entries, 99.47% (elapsed time 28549.2s, curr speed    0.046 kHz, avg speed    0.048 kHz), accepted     6185/ 1360001 events ( 0.45%)
Processed 1367183 preselected entries from root://cms-xrd-global.cern.ch//store/mc/RunIISummer16NanoAODv6/WZTo1L1Nu2Q_13TeV_amcatnloFXFX_madspin_pythia8/NANOAODSIM/PUMoriond17_Nano25Oct2019_102X_mcRun2_asymptotic_v7-v1/260000/DBA064BD-6779-5543-B3B9-10245798507B.root (1367183 entries). Finally selected 6210 entries
Done /work/pbaertsc/heavy_resonance/output_2016/WZTo1L1Nu2Q_13TeV_amcatnloFXFX_madspin_pythia8__RunIISummer16NanoAODv6-PUMoriond17_Nano25Oct2019_102X_mcRun2_asymptotic_v7-v1__NANOAODSIM/DBA064BD-6779-5543-B3B9-10245798507B.root
47.6065336532 Hz
deleting root file with name: /work/pbaertsc/heavy_resonance/output_2016/WZTo1L1Nu2Q_13TeV_amcatnloFXFX_madspin_pythia8__RunIISummer16NanoAODv6-PUMoriond17_Nano25Oct2019_102X_mcRun2_asymptotic_v7-v1__NANOAODSIM/DBA064BD-6779-5543-B3B9-10245798507B.root
DONE
Complete at
Fri Jan 31 03:29:06 CET 2020
