job start at
Tue Jan 28 21:03:34 CET 2020
SLURM_JOB_ID: 422259
HOSTNAME: t3wn34
JOBLIST:joblist/joblist_ZZTo2Q2Nu_TuneCP5_13TeV_amcatnloFXFX_madspin_pythia8__RunIIFall17NanoAODv6-PU2017_12Apr2018_Nano25Oct2019_102X_mc2017_realistic_v7-v1__NANOAODSIM_ll.txt
Going to execute
python job.py -i root://cms-xrd-global.cern.ch//store/mc/RunIIFall17NanoAODv6/ZZTo2Q2Nu_TuneCP5_13TeV_amcatnloFXFX_madspin_pythia8/NANOAODSIM/PU2017_12Apr2018_Nano25Oct2019_102X_mc2017_realistic_v7-v1/70000/209EDFF1-C874-B84B-85A5-F767A45EB1C8.root -o /work/pbaertsc/heavy_resonance/output_2017/ZZTo2Q2Nu_TuneCP5_13TeV_amcatnloFXFX_madspin_pythia8__RunIIFall17NanoAODv6-PU2017_12Apr2018_Nano25Oct2019_102X_mc2017_realistic_v7-v1__NANOAODSIM -N ZZTo2Q2Nu_TuneCP5_13TeV_amcatnloFXFX_madspin_pythia8__RunIIFall17NanoAODv6-PU2017_12Apr2018_Nano25Oct2019_102X_mc2017_realistic_v7-v1__NANOAODSIM -n 25 -c ll -y 2017
TClass::Init:0: RuntimeWarning: no dictionary for class ROOT::TIOFeatures is available
/work/pbaertsc/heavy_resonance/CMSSW_9_4_6/python/PhysicsTools/NanoAODTools/postprocessing/framework/treeReaderArrayTools.py:69: RuntimeWarning: creating executor for unknown type "ULong64_t*"
  ret = _vr.Get()[0]
JEC= Fall17_17Nov2017_V32_MC 	 JER= Fall17_V3_MC
MET branch= PuppiMET
JEC= Fall17_17Nov2017_V32_MC 	 JER= Fall17_V3_MC
MET branch= PuppiMET
--------------------------------------------------------------------------------
input files  = ['root://cms-xrd-global.cern.ch//store/mc/RunIIFall17NanoAODv6/ZZTo2Q2Nu_TuneCP5_13TeV_amcatnloFXFX_madspin_pythia8/NANOAODSIM/PU2017_12Apr2018_Nano25Oct2019_102X_mc2017_realistic_v7-v1/70000/209EDFF1-C874-B84B-85A5-F767A45EB1C8.root']
output directory = /work/pbaertsc/heavy_resonance/output_2017/ZZTo2Q2Nu_TuneCP5_13TeV_amcatnloFXFX_madspin_pythia8__RunIIFall17NanoAODv6-PU2017_12Apr2018_Nano25Oct2019_102X_mc2017_realistic_v7-v1__NANOAODSIM
output file  = ZZTo2Q2Nu_TuneCP5_13TeV_amcatnloFXFX_madspin_pythia8__RunIIFall17NanoAODv6-PU2017_12Apr2018_Nano25Oct2019_102X_mc2017_realistic_v7-v1__NANOAODSIM_25_ll.root
chunck       = 25
channel      = ll
dataType     = mc
year         = 2017
tes          = 1.0
ltf          = 1.0
jtf          = 1.0
--------------------------------------------------------------------------------
job.py: creating PostProcessor...
TreeProducer is called /work/pbaertsc/heavy_resonance/output_2017/ZZTo2Q2Nu_TuneCP5_13TeV_amcatnloFXFX_madspin_pythia8__RunIIFall17NanoAODv6-PU2017_12Apr2018_Nano25Oct2019_102X_mc2017_realistic_v7-v1__NANOAODSIM/ZZTo2Q2Nu_TuneCP5_13TeV_amcatnloFXFX_madspin_pythia8__RunIIFall17NanoAODv6-PU2017_12Apr2018_Nano25Oct2019_102X_mc2017_realistic_v7-v1__NANOAODSIM_25_ll.root
job.py: going to run PostProcessor...
Will write selected trees to /work/pbaertsc/heavy_resonance/output_2017/ZZTo2Q2Nu_TuneCP5_13TeV_amcatnloFXFX_madspin_pythia8__RunIIFall17NanoAODv6-PU2017_12Apr2018_Nano25Oct2019_102X_mc2017_realistic_v7-v1__NANOAODSIM
Loading jet energy scale (JES) uncertainties from file '/tmp/tmppg_vY5/Fall17_17Nov2017_V32_MC_Uncertainty_AK4PFchs.txt'
Loading jet energy resolutions (JER) from file '/tmp/tmpApJjEP/Fall17_V3_MC_PtResolution_AK4PFchs.txt'
Loading JER scale factors and uncertainties from file '/tmp/tmpApJjEP/Fall17_V3_MC_SF_AK4PFchs.txt'
Loading jet energy scale (JES) uncertainties from file '/tmp/tmpFOLxBy/Fall17_17Nov2017_V32_MC_Uncertainty_AK8PFPuppi.txt'
Loading jet energy resolutions (JER) from file '/tmp/tmpNhzFih/Fall17_V3_MC_PtResolution_AK8PFPuppi.txt'
Loading JER scale factors and uncertainties from file '/tmp/tmpNhzFih/Fall17_V3_MC_SF_AK8PFPuppi.txt'
Pre-select 1689475 entries out of 1689475 (100.00%)
nanoAODv5? True
Bad event
Processed    10000/ 1689475 entries,  0.59% (elapsed time   104.1s, curr speed    0.096 kHz, avg speed    0.096 kHz), accepted      136/   10001 events ( 1.36%)
Processed    20000/ 1689475 entries,  1.18% (elapsed time   203.9s, curr speed    0.100 kHz, avg speed    0.098 kHz), accepted      254/   20001 events ( 1.27%)
Processed    30000/ 1689475 entries,  1.78% (elapsed time   307.8s, curr speed    0.096 kHz, avg speed    0.097 kHz), accepted      380/   30001 events ( 1.27%)
Processed    40000/ 1689475 entries,  2.37% (elapsed time   411.9s, curr speed    0.096 kHz, avg speed    0.097 kHz), accepted      527/   40001 events ( 1.32%)
Bad event
Processed    50000/ 1689475 entries,  2.96% (elapsed time   512.3s, curr speed    0.100 kHz, avg speed    0.098 kHz), accepted      650/   50001 events ( 1.30%)
Processed    60000/ 1689475 entries,  3.55% (elapsed time   612.5s, curr speed    0.100 kHz, avg speed    0.098 kHz), accepted      779/   60001 events ( 1.30%)
Processed    70000/ 1689475 entries,  4.14% (elapsed time   712.0s, curr speed    0.100 kHz, avg speed    0.098 kHz), accepted      909/   70001 events ( 1.30%)
Processed    80000/ 1689475 entries,  4.74% (elapsed time   813.2s, curr speed    0.099 kHz, avg speed    0.098 kHz), accepted     1031/   80001 events ( 1.29%)
Processed    90000/ 1689475 entries,  5.33% (elapsed time   916.1s, curr speed    0.097 kHz, avg speed    0.098 kHz), accepted     1163/   90001 events ( 1.29%)
Processed   100000/ 1689475 entries,  5.92% (elapsed time  1020.3s, curr speed    0.096 kHz, avg speed    0.098 kHz), accepted     1295/  100001 events ( 1.29%)
Processed   110000/ 1689475 entries,  6.51% (elapsed time  1126.0s, curr speed    0.095 kHz, avg speed    0.098 kHz), accepted     1438/  110001 events ( 1.31%)
Processed   120000/ 1689475 entries,  7.10% (elapsed time  1228.9s, curr speed    0.097 kHz, avg speed    0.098 kHz), accepted     1579/  120001 events ( 1.32%)
Processed   130000/ 1689475 entries,  7.69% (elapsed time  1333.6s, curr speed    0.095 kHz, avg speed    0.097 kHz), accepted     1691/  130001 events ( 1.30%)
Processed   140000/ 1689475 entries,  8.29% (elapsed time  1437.6s, curr speed    0.096 kHz, avg speed    0.097 kHz), accepted     1842/  140001 events ( 1.32%)
Bad event
Processed   150000/ 1689475 entries,  8.88% (elapsed time  1541.5s, curr speed    0.096 kHz, avg speed    0.097 kHz), accepted     1979/  150001 events ( 1.32%)
Processed   160000/ 1689475 entries,  9.47% (elapsed time  1644.0s, curr speed    0.098 kHz, avg speed    0.097 kHz), accepted     2095/  160001 events ( 1.31%)
Processed   170000/ 1689475 entries, 10.06% (elapsed time  1746.7s, curr speed    0.097 kHz, avg speed    0.097 kHz), accepted     2266/  170001 events ( 1.33%)
Processed   180000/ 1689475 entries, 10.65% (elapsed time  1848.0s, curr speed    0.099 kHz, avg speed    0.097 kHz), accepted     2407/  180001 events ( 1.34%)
Bad event
Processed   190000/ 1689475 entries, 11.25% (elapsed time  1950.5s, curr speed    0.098 kHz, avg speed    0.097 kHz), accepted     2527/  190001 events ( 1.33%)
Processed   200000/ 1689475 entries, 11.84% (elapsed time  2054.6s, curr speed    0.096 kHz, avg speed    0.097 kHz), accepted     2661/  200001 events ( 1.33%)
Processed   210000/ 1689475 entries, 12.43% (elapsed time  2156.7s, curr speed    0.098 kHz, avg speed    0.097 kHz), accepted     2780/  210001 events ( 1.32%)
Processed   220000/ 1689475 entries, 13.02% (elapsed time  2260.9s, curr speed    0.096 kHz, avg speed    0.097 kHz), accepted     2919/  220001 events ( 1.33%)
Processed   230000/ 1689475 entries, 13.61% (elapsed time  2362.4s, curr speed    0.099 kHz, avg speed    0.097 kHz), accepted     3020/  230001 events ( 1.31%)
Bad event
Processed   240000/ 1689475 entries, 14.21% (elapsed time  2464.2s, curr speed    0.098 kHz, avg speed    0.097 kHz), accepted     3148/  240001 events ( 1.31%)
Processed   250000/ 1689475 entries, 14.80% (elapsed time  2567.7s, curr speed    0.097 kHz, avg speed    0.097 kHz), accepted     3290/  250001 events ( 1.32%)
Processed   260000/ 1689475 entries, 15.39% (elapsed time  2667.9s, curr speed    0.100 kHz, avg speed    0.097 kHz), accepted     3413/  260001 events ( 1.31%)
Processed   270000/ 1689475 entries, 15.98% (elapsed time  2770.3s, curr speed    0.098 kHz, avg speed    0.097 kHz), accepted     3546/  270001 events ( 1.31%)
Processed   280000/ 1689475 entries, 16.57% (elapsed time  2873.4s, curr speed    0.097 kHz, avg speed    0.097 kHz), accepted     3666/  280001 events ( 1.31%)
Processed   290000/ 1689475 entries, 17.17% (elapsed time  2976.5s, curr speed    0.097 kHz, avg speed    0.097 kHz), accepted     3799/  290001 events ( 1.31%)
Processed   300000/ 1689475 entries, 17.76% (elapsed time  3078.5s, curr speed    0.098 kHz, avg speed    0.097 kHz), accepted     3955/  300001 events ( 1.32%)
Processed   310000/ 1689475 entries, 18.35% (elapsed time  3179.9s, curr speed    0.099 kHz, avg speed    0.097 kHz), accepted     4085/  310001 events ( 1.32%)
Processed   320000/ 1689475 entries, 18.94% (elapsed time  3283.7s, curr speed    0.096 kHz, avg speed    0.097 kHz), accepted     4210/  320001 events ( 1.32%)
%MSG-e SimpleJetCorrectionUncertainty: 
 bin variables out of range
%MSG
%MSG-e SimpleJetCorrectionUncertainty: 
 bin variables out of range
%MSG
Processed   330000/ 1689475 entries, 19.53% (elapsed time  3385.2s, curr speed    0.099 kHz, avg speed    0.097 kHz), accepted     4338/  330001 events ( 1.31%)
Processed   340000/ 1689475 entries, 20.12% (elapsed time  3487.3s, curr speed    0.098 kHz, avg speed    0.097 kHz), accepted     4460/  340001 events ( 1.31%)
Bad event
Processed   350000/ 1689475 entries, 20.72% (elapsed time  3589.2s, curr speed    0.098 kHz, avg speed    0.098 kHz), accepted     4603/  350001 events ( 1.32%)
Processed   360000/ 1689475 entries, 21.31% (elapsed time  3692.1s, curr speed    0.097 kHz, avg speed    0.098 kHz), accepted     4725/  360001 events ( 1.31%)
Processed   370000/ 1689475 entries, 21.90% (elapsed time  3795.0s, curr speed    0.097 kHz, avg speed    0.097 kHz), accepted     4850/  370001 events ( 1.31%)
Processed   380000/ 1689475 entries, 22.49% (elapsed time  3896.8s, curr speed    0.098 kHz, avg speed    0.098 kHz), accepted     4977/  380001 events ( 1.31%)
Processed   390000/ 1689475 entries, 23.08% (elapsed time  3999.5s, curr speed    0.097 kHz, avg speed    0.098 kHz), accepted     5097/  390001 events ( 1.31%)
Processed   400000/ 1689475 entries, 23.68% (elapsed time  4100.9s, curr speed    0.099 kHz, avg speed    0.098 kHz), accepted     5210/  400001 events ( 1.30%)
Processed   410000/ 1689475 entries, 24.27% (elapsed time  4203.4s, curr speed    0.098 kHz, avg speed    0.098 kHz), accepted     5334/  410001 events ( 1.30%)
Processed   420000/ 1689475 entries, 24.86% (elapsed time  4307.2s, curr speed    0.096 kHz, avg speed    0.098 kHz), accepted     5493/  420001 events ( 1.31%)
Processed   430000/ 1689475 entries, 25.45% (elapsed time  4409.6s, curr speed    0.098 kHz, avg speed    0.098 kHz), accepted     5611/  430001 events ( 1.30%)
Bad event
Processed   440000/ 1689475 entries, 26.04% (elapsed time  4513.0s, curr speed    0.097 kHz, avg speed    0.097 kHz), accepted     5738/  440001 events ( 1.30%)
Processed   450000/ 1689475 entries, 26.64% (elapsed time  4615.0s, curr speed    0.098 kHz, avg speed    0.098 kHz), accepted     5894/  450001 events ( 1.31%)
Processed   460000/ 1689475 entries, 27.23% (elapsed time  4718.0s, curr speed    0.097 kHz, avg speed    0.097 kHz), accepted     6032/  460001 events ( 1.31%)
Processed   470000/ 1689475 entries, 27.82% (elapsed time  4820.3s, curr speed    0.098 kHz, avg speed    0.098 kHz), accepted     6167/  470001 events ( 1.31%)
Processed   480000/ 1689475 entries, 28.41% (elapsed time  4922.8s, curr speed    0.098 kHz, avg speed    0.098 kHz), accepted     6308/  480001 events ( 1.31%)
Processed   490000/ 1689475 entries, 29.00% (elapsed time  5025.6s, curr speed    0.097 kHz, avg speed    0.098 kHz), accepted     6416/  490001 events ( 1.31%)
Processed   500000/ 1689475 entries, 29.59% (elapsed time  5127.9s, curr speed    0.098 kHz, avg speed    0.098 kHz), accepted     6540/  500001 events ( 1.31%)
Processed   510000/ 1689475 entries, 30.19% (elapsed time  5230.4s, curr speed    0.098 kHz, avg speed    0.098 kHz), accepted     6679/  510001 events ( 1.31%)
Bad event
Processed   520000/ 1689475 entries, 30.78% (elapsed time  5333.3s, curr speed    0.097 kHz, avg speed    0.097 kHz), accepted     6800/  520001 events ( 1.31%)
%MSG-e SimpleJetCorrectionUncertainty: 
 bin variables out of range
%MSG
%MSG-e SimpleJetCorrectionUncertainty: 
 bin variables out of range
%MSG
Processed   530000/ 1689475 entries, 31.37% (elapsed time  5438.6s, curr speed    0.095 kHz, avg speed    0.097 kHz), accepted     6938/  530001 events ( 1.31%)
Processed   540000/ 1689475 entries, 31.96% (elapsed time  5542.1s, curr speed    0.097 kHz, avg speed    0.097 kHz), accepted     7043/  540001 events ( 1.30%)
Processed   550000/ 1689475 entries, 32.55% (elapsed time  5643.8s, curr speed    0.098 kHz, avg speed    0.097 kHz), accepted     7162/  550001 events ( 1.30%)
Processed   560000/ 1689475 entries, 33.15% (elapsed time  5746.8s, curr speed    0.097 kHz, avg speed    0.097 kHz), accepted     7281/  560001 events ( 1.30%)
Processed   570000/ 1689475 entries, 33.74% (elapsed time  5849.4s, curr speed    0.097 kHz, avg speed    0.097 kHz), accepted     7411/  570001 events ( 1.30%)
Processed   580000/ 1689475 entries, 34.33% (elapsed time  5952.0s, curr speed    0.098 kHz, avg speed    0.097 kHz), accepted     7534/  580001 events ( 1.30%)
Processed   590000/ 1689475 entries, 34.92% (elapsed time  6053.7s, curr speed    0.098 kHz, avg speed    0.097 kHz), accepted     7664/  590001 events ( 1.30%)
Processed   600000/ 1689475 entries, 35.51% (elapsed time  6156.2s, curr speed    0.098 kHz, avg speed    0.097 kHz), accepted     7797/  600001 events ( 1.30%)
Processed   610000/ 1689475 entries, 36.11% (elapsed time  6259.1s, curr speed    0.097 kHz, avg speed    0.097 kHz), accepted     7938/  610001 events ( 1.30%)
Processed   620000/ 1689475 entries, 36.70% (elapsed time  6361.7s, curr speed    0.097 kHz, avg speed    0.097 kHz), accepted     8052/  620001 events ( 1.30%)
Bad event
Processed   630000/ 1689475 entries, 37.29% (elapsed time  6463.6s, curr speed    0.098 kHz, avg speed    0.097 kHz), accepted     8180/  630001 events ( 1.30%)
Bad event
Processed   640000/ 1689475 entries, 37.88% (elapsed time  6565.8s, curr speed    0.098 kHz, avg speed    0.097 kHz), accepted     8318/  640001 events ( 1.30%)
Bad event
Bad event
Processed   650000/ 1689475 entries, 38.47% (elapsed time  6669.0s, curr speed    0.097 kHz, avg speed    0.097 kHz), accepted     8452/  650001 events ( 1.30%)
Processed   660000/ 1689475 entries, 39.07% (elapsed time  6772.0s, curr speed    0.097 kHz, avg speed    0.097 kHz), accepted     8578/  660001 events ( 1.30%)
Processed   670000/ 1689475 entries, 39.66% (elapsed time  6873.0s, curr speed    0.099 kHz, avg speed    0.097 kHz), accepted     8683/  670001 events ( 1.30%)
Processed   680000/ 1689475 entries, 40.25% (elapsed time  6975.5s, curr speed    0.098 kHz, avg speed    0.097 kHz), accepted     8797/  680001 events ( 1.29%)
Processed   690000/ 1689475 entries, 40.84% (elapsed time  7077.6s, curr speed    0.098 kHz, avg speed    0.097 kHz), accepted     8935/  690001 events ( 1.29%)
Bad event
Processed   700000/ 1689475 entries, 41.43% (elapsed time  7179.1s, curr speed    0.099 kHz, avg speed    0.098 kHz), accepted     9052/  700001 events ( 1.29%)
Processed   710000/ 1689475 entries, 42.02% (elapsed time  7280.6s, curr speed    0.098 kHz, avg speed    0.098 kHz), accepted     9189/  710001 events ( 1.29%)
Processed   720000/ 1689475 entries, 42.62% (elapsed time  7382.8s, curr speed    0.098 kHz, avg speed    0.098 kHz), accepted     9320/  720001 events ( 1.29%)
Processed   730000/ 1689475 entries, 43.21% (elapsed time  7484.8s, curr speed    0.098 kHz, avg speed    0.098 kHz), accepted     9455/  730001 events ( 1.30%)
Processed   740000/ 1689475 entries, 43.80% (elapsed time  7586.9s, curr speed    0.098 kHz, avg speed    0.098 kHz), accepted     9579/  740001 events ( 1.29%)
Processed   750000/ 1689475 entries, 44.39% (elapsed time  7690.4s, curr speed    0.097 kHz, avg speed    0.098 kHz), accepted     9731/  750001 events ( 1.30%)
Processed   760000/ 1689475 entries, 44.98% (elapsed time  7792.6s, curr speed    0.098 kHz, avg speed    0.098 kHz), accepted     9877/  760001 events ( 1.30%)
Processed   770000/ 1689475 entries, 45.58% (elapsed time  7895.8s, curr speed    0.097 kHz, avg speed    0.098 kHz), accepted    10014/  770001 events ( 1.30%)
Bad event
Processed   780000/ 1689475 entries, 46.17% (elapsed time  7999.3s, curr speed    0.097 kHz, avg speed    0.098 kHz), accepted    10146/  780001 events ( 1.30%)
Processed   790000/ 1689475 entries, 46.76% (elapsed time  8102.7s, curr speed    0.097 kHz, avg speed    0.097 kHz), accepted    10274/  790001 events ( 1.30%)
Processed   800000/ 1689475 entries, 47.35% (elapsed time  8206.5s, curr speed    0.096 kHz, avg speed    0.097 kHz), accepted    10410/  800001 events ( 1.30%)
Processed   810000/ 1689475 entries, 47.94% (elapsed time  8308.6s, curr speed    0.098 kHz, avg speed    0.097 kHz), accepted    10536/  810001 events ( 1.30%)
Processed   820000/ 1689475 entries, 48.54% (elapsed time  8412.7s, curr speed    0.096 kHz, avg speed    0.097 kHz), accepted    10668/  820001 events ( 1.30%)
Processed   830000/ 1689475 entries, 49.13% (elapsed time  8517.0s, curr speed    0.096 kHz, avg speed    0.097 kHz), accepted    10796/  830001 events ( 1.30%)
Processed   840000/ 1689475 entries, 49.72% (elapsed time  8619.3s, curr speed    0.098 kHz, avg speed    0.097 kHz), accepted    10924/  840001 events ( 1.30%)
Processed   850000/ 1689475 entries, 50.31% (elapsed time  8721.5s, curr speed    0.098 kHz, avg speed    0.097 kHz), accepted    11052/  850001 events ( 1.30%)
Bad event
Processed   860000/ 1689475 entries, 50.90% (elapsed time  8823.8s, curr speed    0.098 kHz, avg speed    0.097 kHz), accepted    11203/  860001 events ( 1.30%)
Processed   870000/ 1689475 entries, 51.50% (elapsed time  8928.1s, curr speed    0.096 kHz, avg speed    0.097 kHz), accepted    11356/  870001 events ( 1.31%)
Processed   880000/ 1689475 entries, 52.09% (elapsed time  9030.8s, curr speed    0.097 kHz, avg speed    0.097 kHz), accepted    11508/  880001 events ( 1.31%)
Processed   890000/ 1689475 entries, 52.68% (elapsed time  9133.6s, curr speed    0.097 kHz, avg speed    0.097 kHz), accepted    11666/  890001 events ( 1.31%)
Processed   900000/ 1689475 entries, 53.27% (elapsed time  9235.0s, curr speed    0.099 kHz, avg speed    0.097 kHz), accepted    11791/  900001 events ( 1.31%)
Bad event
Processed   910000/ 1689475 entries, 53.86% (elapsed time  9336.5s, curr speed    0.099 kHz, avg speed    0.097 kHz), accepted    11915/  910001 events ( 1.31%)
Processed   920000/ 1689475 entries, 54.45% (elapsed time  9438.5s, curr speed    0.098 kHz, avg speed    0.097 kHz), accepted    12047/  920001 events ( 1.31%)
Processed   930000/ 1689475 entries, 55.05% (elapsed time  9538.8s, curr speed    0.100 kHz, avg speed    0.097 kHz), accepted    12185/  930001 events ( 1.31%)
Processed   940000/ 1689475 entries, 55.64% (elapsed time  9638.8s, curr speed    0.100 kHz, avg speed    0.098 kHz), accepted    12305/  940001 events ( 1.31%)
Processed   950000/ 1689475 entries, 56.23% (elapsed time  9739.6s, curr speed    0.099 kHz, avg speed    0.098 kHz), accepted    12426/  950001 events ( 1.31%)
Bad event
Processed   960000/ 1689475 entries, 56.82% (elapsed time  9841.0s, curr speed    0.099 kHz, avg speed    0.098 kHz), accepted    12555/  960001 events ( 1.31%)
Bad event
Processed   970000/ 1689475 entries, 57.41% (elapsed time  9942.8s, curr speed    0.098 kHz, avg speed    0.098 kHz), accepted    12678/  970001 events ( 1.31%)
Processed   980000/ 1689475 entries, 58.01% (elapsed time 10044.6s, curr speed    0.098 kHz, avg speed    0.098 kHz), accepted    12813/  980001 events ( 1.31%)
Bad event
Processed   990000/ 1689475 entries, 58.60% (elapsed time 10146.7s, curr speed    0.098 kHz, avg speed    0.098 kHz), accepted    12947/  990001 events ( 1.31%)
Processed  1000000/ 1689475 entries, 59.19% (elapsed time 10247.9s, curr speed    0.099 kHz, avg speed    0.098 kHz), accepted    13104/ 1000001 events ( 1.31%)
Processed  1010000/ 1689475 entries, 59.78% (elapsed time 10349.1s, curr speed    0.099 kHz, avg speed    0.098 kHz), accepted    13225/ 1010001 events ( 1.31%)
Processed  1020000/ 1689475 entries, 60.37% (elapsed time 10451.3s, curr speed    0.098 kHz, avg speed    0.098 kHz), accepted    13344/ 1020001 events ( 1.31%)
Processed  1030000/ 1689475 entries, 60.97% (elapsed time 10552.2s, curr speed    0.099 kHz, avg speed    0.098 kHz), accepted    13474/ 1030001 events ( 1.31%)
Processed  1040000/ 1689475 entries, 61.56% (elapsed time 10654.1s, curr speed    0.098 kHz, avg speed    0.098 kHz), accepted    13616/ 1040001 events ( 1.31%)
Bad event
Processed  1050000/ 1689475 entries, 62.15% (elapsed time 10758.4s, curr speed    0.096 kHz, avg speed    0.098 kHz), accepted    13750/ 1050001 events ( 1.31%)
Processed  1060000/ 1689475 entries, 62.74% (elapsed time 10859.3s, curr speed    0.099 kHz, avg speed    0.098 kHz), accepted    13876/ 1060001 events ( 1.31%)
Bad event
Processed  1070000/ 1689475 entries, 63.33% (elapsed time 10960.6s, curr speed    0.099 kHz, avg speed    0.098 kHz), accepted    14022/ 1070001 events ( 1.31%)
Processed  1080000/ 1689475 entries, 63.93% (elapsed time 11062.9s, curr speed    0.098 kHz, avg speed    0.098 kHz), accepted    14152/ 1080001 events ( 1.31%)
Processed  1090000/ 1689475 entries, 64.52% (elapsed time 11166.2s, curr speed    0.097 kHz, avg speed    0.098 kHz), accepted    14292/ 1090001 events ( 1.31%)
Processed  1100000/ 1689475 entries, 65.11% (elapsed time 11267.2s, curr speed    0.099 kHz, avg speed    0.098 kHz), accepted    14422/ 1100001 events ( 1.31%)
Processed  1110000/ 1689475 entries, 65.70% (elapsed time 11370.3s, curr speed    0.097 kHz, avg speed    0.098 kHz), accepted    14569/ 1110001 events ( 1.31%)
Bad event
Processed  1120000/ 1689475 entries, 66.29% (elapsed time 11473.6s, curr speed    0.097 kHz, avg speed    0.098 kHz), accepted    14701/ 1120001 events ( 1.31%)
Processed  1130000/ 1689475 entries, 66.88% (elapsed time 11574.6s, curr speed    0.099 kHz, avg speed    0.098 kHz), accepted    14817/ 1130001 events ( 1.31%)
Processed  1140000/ 1689475 entries, 67.48% (elapsed time 11675.7s, curr speed    0.099 kHz, avg speed    0.098 kHz), accepted    14964/ 1140001 events ( 1.31%)
Processed  1150000/ 1689475 entries, 68.07% (elapsed time 11775.7s, curr speed    0.100 kHz, avg speed    0.098 kHz), accepted    15090/ 1150001 events ( 1.31%)
Processed  1160000/ 1689475 entries, 68.66% (elapsed time 11877.0s, curr speed    0.099 kHz, avg speed    0.098 kHz), accepted    15224/ 1160001 events ( 1.31%)
Bad event
Bad event
Processed  1170000/ 1689475 entries, 69.25% (elapsed time 11975.7s, curr speed    0.101 kHz, avg speed    0.098 kHz), accepted    15365/ 1170001 events ( 1.31%)
Processed  1180000/ 1689475 entries, 69.84% (elapsed time 12076.4s, curr speed    0.099 kHz, avg speed    0.098 kHz), accepted    15503/ 1180001 events ( 1.31%)
Processed  1190000/ 1689475 entries, 70.44% (elapsed time 12183.3s, curr speed    0.094 kHz, avg speed    0.098 kHz), accepted    15616/ 1190001 events ( 1.31%)
Processed  1200000/ 1689475 entries, 71.03% (elapsed time 12291.0s, curr speed    0.093 kHz, avg speed    0.098 kHz), accepted    15757/ 1200001 events ( 1.31%)
Bad event
Processed  1210000/ 1689475 entries, 71.62% (elapsed time 12398.7s, curr speed    0.093 kHz, avg speed    0.098 kHz), accepted    15874/ 1210001 events ( 1.31%)
Processed  1220000/ 1689475 entries, 72.21% (elapsed time 12501.6s, curr speed    0.097 kHz, avg speed    0.098 kHz), accepted    16001/ 1220001 events ( 1.31%)
Processed  1230000/ 1689475 entries, 72.80% (elapsed time 12601.0s, curr speed    0.101 kHz, avg speed    0.098 kHz), accepted    16145/ 1230001 events ( 1.31%)
Processed  1240000/ 1689475 entries, 73.40% (elapsed time 12701.7s, curr speed    0.099 kHz, avg speed    0.098 kHz), accepted    16280/ 1240001 events ( 1.31%)
Processed  1250000/ 1689475 entries, 73.99% (elapsed time 12802.8s, curr speed    0.099 kHz, avg speed    0.098 kHz), accepted    16410/ 1250001 events ( 1.31%)
Processed  1260000/ 1689475 entries, 74.58% (elapsed time 12902.8s, curr speed    0.100 kHz, avg speed    0.098 kHz), accepted    16517/ 1260001 events ( 1.31%)
Processed  1270000/ 1689475 entries, 75.17% (elapsed time 13000.6s, curr speed    0.102 kHz, avg speed    0.098 kHz), accepted    16647/ 1270001 events ( 1.31%)
Processed  1280000/ 1689475 entries, 75.76% (elapsed time 13099.2s, curr speed    0.101 kHz, avg speed    0.098 kHz), accepted    16790/ 1280001 events ( 1.31%)
Processed  1290000/ 1689475 entries, 76.36% (elapsed time 13196.4s, curr speed    0.103 kHz, avg speed    0.098 kHz), accepted    16922/ 1290001 events ( 1.31%)
Processed  1300000/ 1689475 entries, 76.95% (elapsed time 13294.5s, curr speed    0.102 kHz, avg speed    0.098 kHz), accepted    17060/ 1300001 events ( 1.31%)
Processed  1310000/ 1689475 entries, 77.54% (elapsed time 13392.8s, curr speed    0.102 kHz, avg speed    0.098 kHz), accepted    17198/ 1310001 events ( 1.31%)
Processed  1320000/ 1689475 entries, 78.13% (elapsed time 13491.2s, curr speed    0.102 kHz, avg speed    0.098 kHz), accepted    17349/ 1320001 events ( 1.31%)
Processed  1330000/ 1689475 entries, 78.72% (elapsed time 13589.8s, curr speed    0.101 kHz, avg speed    0.098 kHz), accepted    17477/ 1330001 events ( 1.31%)
Bad event
Bad event
Processed  1340000/ 1689475 entries, 79.31% (elapsed time 13687.0s, curr speed    0.103 kHz, avg speed    0.098 kHz), accepted    17600/ 1340001 events ( 1.31%)
Processed  1350000/ 1689475 entries, 79.91% (elapsed time 13784.2s, curr speed    0.103 kHz, avg speed    0.098 kHz), accepted    17729/ 1350001 events ( 1.31%)
Processed  1360000/ 1689475 entries, 80.50% (elapsed time 13883.5s, curr speed    0.101 kHz, avg speed    0.098 kHz), accepted    17855/ 1360001 events ( 1.31%)
Processed  1370000/ 1689475 entries, 81.09% (elapsed time 13981.8s, curr speed    0.102 kHz, avg speed    0.098 kHz), accepted    17994/ 1370001 events ( 1.31%)
Processed  1380000/ 1689475 entries, 81.68% (elapsed time 14080.0s, curr speed    0.102 kHz, avg speed    0.098 kHz), accepted    18142/ 1380001 events ( 1.31%)
Processed  1390000/ 1689475 entries, 82.27% (elapsed time 14178.3s, curr speed    0.102 kHz, avg speed    0.098 kHz), accepted    18264/ 1390001 events ( 1.31%)
Bad event
Processed  1400000/ 1689475 entries, 82.87% (elapsed time 14276.8s, curr speed    0.102 kHz, avg speed    0.098 kHz), accepted    18391/ 1400001 events ( 1.31%)
Processed  1410000/ 1689475 entries, 83.46% (elapsed time 14374.0s, curr speed    0.103 kHz, avg speed    0.098 kHz), accepted    18522/ 1410001 events ( 1.31%)
Processed  1420000/ 1689475 entries, 84.05% (elapsed time 14472.4s, curr speed    0.102 kHz, avg speed    0.098 kHz), accepted    18644/ 1420001 events ( 1.31%)
Bad event
Processed  1430000/ 1689475 entries, 84.64% (elapsed time 14570.3s, curr speed    0.102 kHz, avg speed    0.098 kHz), accepted    18778/ 1430001 events ( 1.31%)
TtoEM trigger inconsistency
Processed  1440000/ 1689475 entries, 85.23% (elapsed time 14669.1s, curr speed    0.101 kHz, avg speed    0.098 kHz), accepted    18930/ 1440001 events ( 1.31%)
Bad event
Processed  1450000/ 1689475 entries, 85.83% (elapsed time 14767.5s, curr speed    0.102 kHz, avg speed    0.098 kHz), accepted    19062/ 1450001 events ( 1.31%)
Processed  1460000/ 1689475 entries, 86.42% (elapsed time 14866.2s, curr speed    0.101 kHz, avg speed    0.098 kHz), accepted    19189/ 1460001 events ( 1.31%)
Processed  1470000/ 1689475 entries, 87.01% (elapsed time 14964.9s, curr speed    0.101 kHz, avg speed    0.098 kHz), accepted    19316/ 1470001 events ( 1.31%)
Processed  1480000/ 1689475 entries, 87.60% (elapsed time 15064.2s, curr speed    0.101 kHz, avg speed    0.098 kHz), accepted    19437/ 1480001 events ( 1.31%)
Processed  1490000/ 1689475 entries, 88.19% (elapsed time 15161.7s, curr speed    0.103 kHz, avg speed    0.098 kHz), accepted    19558/ 1490001 events ( 1.31%)
Processed  1500000/ 1689475 entries, 88.78% (elapsed time 15260.7s, curr speed    0.101 kHz, avg speed    0.098 kHz), accepted    19690/ 1500001 events ( 1.31%)
Processed  1510000/ 1689475 entries, 89.38% (elapsed time 15357.5s, curr speed    0.103 kHz, avg speed    0.098 kHz), accepted    19828/ 1510001 events ( 1.31%)
Processed  1520000/ 1689475 entries, 89.97% (elapsed time 15455.9s, curr speed    0.102 kHz, avg speed    0.098 kHz), accepted    19973/ 1520001 events ( 1.31%)
Processed  1530000/ 1689475 entries, 90.56% (elapsed time 15553.7s, curr speed    0.102 kHz, avg speed    0.098 kHz), accepted    20110/ 1530001 events ( 1.31%)
Processed  1540000/ 1689475 entries, 91.15% (elapsed time 15651.9s, curr speed    0.102 kHz, avg speed    0.098 kHz), accepted    20234/ 1540001 events ( 1.31%)
Processed  1550000/ 1689475 entries, 91.74% (elapsed time 15750.5s, curr speed    0.101 kHz, avg speed    0.098 kHz), accepted    20359/ 1550001 events ( 1.31%)
Processed  1560000/ 1689475 entries, 92.34% (elapsed time 15851.4s, curr speed    0.099 kHz, avg speed    0.098 kHz), accepted    20490/ 1560001 events ( 1.31%)
Processed  1570000/ 1689475 entries, 92.93% (elapsed time 15949.7s, curr speed    0.102 kHz, avg speed    0.098 kHz), accepted    20613/ 1570001 events ( 1.31%)
Processed  1580000/ 1689475 entries, 93.52% (elapsed time 16048.1s, curr speed    0.102 kHz, avg speed    0.098 kHz), accepted    20727/ 1580001 events ( 1.31%)
Processed  1590000/ 1689475 entries, 94.11% (elapsed time 16146.4s, curr speed    0.102 kHz, avg speed    0.098 kHz), accepted    20865/ 1590001 events ( 1.31%)
Processed  1600000/ 1689475 entries, 94.70% (elapsed time 16245.3s, curr speed    0.101 kHz, avg speed    0.098 kHz), accepted    21006/ 1600001 events ( 1.31%)
Processed  1610000/ 1689475 entries, 95.30% (elapsed time 16343.7s, curr speed    0.102 kHz, avg speed    0.099 kHz), accepted    21131/ 1610001 events ( 1.31%)
Bad event
Processed  1620000/ 1689475 entries, 95.89% (elapsed time 16443.1s, curr speed    0.101 kHz, avg speed    0.099 kHz), accepted    21245/ 1620001 events ( 1.31%)
Processed  1630000/ 1689475 entries, 96.48% (elapsed time 16540.9s, curr speed    0.102 kHz, avg speed    0.099 kHz), accepted    21375/ 1630001 events ( 1.31%)
Processed  1640000/ 1689475 entries, 97.07% (elapsed time 16639.9s, curr speed    0.101 kHz, avg speed    0.099 kHz), accepted    21490/ 1640001 events ( 1.31%)
Processed  1650000/ 1689475 entries, 97.66% (elapsed time 16738.9s, curr speed    0.101 kHz, avg speed    0.099 kHz), accepted    21627/ 1650001 events ( 1.31%)
Processed  1660000/ 1689475 entries, 98.26% (elapsed time 16837.4s, curr speed    0.102 kHz, avg speed    0.099 kHz), accepted    21765/ 1660001 events ( 1.31%)
Processed  1670000/ 1689475 entries, 98.85% (elapsed time 16935.7s, curr speed    0.102 kHz, avg speed    0.099 kHz), accepted    21888/ 1670001 events ( 1.31%)
Processed  1680000/ 1689475 entries, 99.44% (elapsed time 17033.9s, curr speed    0.102 kHz, avg speed    0.099 kHz), accepted    22013/ 1680001 events ( 1.31%)
Processed 1689475 preselected entries from root://cms-xrd-global.cern.ch//store/mc/RunIIFall17NanoAODv6/ZZTo2Q2Nu_TuneCP5_13TeV_amcatnloFXFX_madspin_pythia8/NANOAODSIM/PU2017_12Apr2018_Nano25Oct2019_102X_mc2017_realistic_v7-v1/70000/209EDFF1-C874-B84B-85A5-F767A45EB1C8.root (1689475 entries). Finally selected 22128 entries
Done /work/pbaertsc/heavy_resonance/output_2017/ZZTo2Q2Nu_TuneCP5_13TeV_amcatnloFXFX_madspin_pythia8__RunIIFall17NanoAODv6-PU2017_12Apr2018_Nano25Oct2019_102X_mc2017_realistic_v7-v1__NANOAODSIM/209EDFF1-C874-B84B-85A5-F767A45EB1C8.root
98.3760577257 Hz
deleting root file with name: /work/pbaertsc/heavy_resonance/output_2017/ZZTo2Q2Nu_TuneCP5_13TeV_amcatnloFXFX_madspin_pythia8__RunIIFall17NanoAODv6-PU2017_12Apr2018_Nano25Oct2019_102X_mc2017_realistic_v7-v1__NANOAODSIM/209EDFF1-C874-B84B-85A5-F767A45EB1C8.root
DONE
Complete at
Wed Jan 29 03:54:42 CET 2020
