job start at
Thu Jan 30 19:15:07 CET 2020
SLURM_JOB_ID: 437678
HOSTNAME: t3wn52
JOBLIST:joblist/joblist_GluGluHToBB_M125_13TeV_amcatnloFXFX_pythia8__RunIIFall17NanoAODv6-PU2017_12Apr2018_Nano25Oct2019_102X_mc2017_realistic_v7-v1__NANOAODSIM_ll.txt
Going to execute
python job.py -i root://cms-xrd-global.cern.ch//store/mc/RunIIFall17NanoAODv6/GluGluHToBB_M125_13TeV_amcatnloFXFX_pythia8/NANOAODSIM/PU2017_12Apr2018_Nano25Oct2019_102X_mc2017_realistic_v7-v1/100000/241B4CB6-5F84-C146-9061-410F424E6ED1.root -o /work/pbaertsc/heavy_resonance/output_2017/GluGluHToBB_M125_13TeV_amcatnloFXFX_pythia8__RunIIFall17NanoAODv6-PU2017_12Apr2018_Nano25Oct2019_102X_mc2017_realistic_v7-v1__NANOAODSIM -N GluGluHToBB_M125_13TeV_amcatnloFXFX_pythia8__RunIIFall17NanoAODv6-PU2017_12Apr2018_Nano25Oct2019_102X_mc2017_realistic_v7-v1__NANOAODSIM -n 3 -c ll -y 2017
JEC= Fall17_17Nov2017_V32_MC 	 JER= Fall17_V3_MC
MET branch= PuppiMET
JEC= Fall17_17Nov2017_V32_MC 	 JER= Fall17_V3_MC
MET branch= PuppiMET
--------------------------------------------------------------------------------
input files  = ['root://cms-xrd-global.cern.ch//store/mc/RunIIFall17NanoAODv6/GluGluHToBB_M125_13TeV_amcatnloFXFX_pythia8/NANOAODSIM/PU2017_12Apr2018_Nano25Oct2019_102X_mc2017_realistic_v7-v1/100000/241B4CB6-5F84-C146-9061-410F424E6ED1.root']
output directory = /work/pbaertsc/heavy_resonance/output_2017/GluGluHToBB_M125_13TeV_amcatnloFXFX_pythia8__RunIIFall17NanoAODv6-PU2017_12Apr2018_Nano25Oct2019_102X_mc2017_realistic_v7-v1__NANOAODSIM
output file  = GluGluHToBB_M125_13TeV_amcatnloFXFX_pythia8__RunIIFall17NanoAODv6-PU2017_12Apr2018_Nano25Oct2019_102X_mc2017_realistic_v7-v1__NANOAODSIM_3_ll.root
chunck       = 3
channel      = ll
dataType     = mc
year         = 2017
tes          = 1.0
ltf          = 1.0
jtf          = 1.0
--------------------------------------------------------------------------------
job.py: creating PostProcessor...
TreeProducer is called /work/pbaertsc/heavy_resonance/output_2017/GluGluHToBB_M125_13TeV_amcatnloFXFX_pythia8__RunIIFall17NanoAODv6-PU2017_12Apr2018_Nano25Oct2019_102X_mc2017_realistic_v7-v1__NANOAODSIM/GluGluHToBB_M125_13TeV_amcatnloFXFX_pythia8__RunIIFall17NanoAODv6-PU2017_12Apr2018_Nano25Oct2019_102X_mc2017_realistic_v7-v1__NANOAODSIM_3_ll.root
job.py: going to run PostProcessor...
Will write selected trees to /work/pbaertsc/heavy_resonance/output_2017/GluGluHToBB_M125_13TeV_amcatnloFXFX_pythia8__RunIIFall17NanoAODv6-PU2017_12Apr2018_Nano25Oct2019_102X_mc2017_realistic_v7-v1__NANOAODSIM
Loading jet energy scale (JES) uncertainties from file '/tmp/tmpQBctOH/Fall17_17Nov2017_V32_MC_Uncertainty_AK4PFchs.txt'
Loading jet energy resolutions (JER) from file '/tmp/tmpdwmgmI/Fall17_V3_MC_PtResolution_AK4PFchs.txt'
Loading JER scale factors and uncertainties from file '/tmp/tmpdwmgmI/Fall17_V3_MC_SF_AK4PFchs.txt'
Loading jet energy scale (JES) uncertainties from file '/tmp/tmpSjPnhg/Fall17_17Nov2017_V32_MC_Uncertainty_AK8PFPuppi.txt'
Loading jet energy resolutions (JER) from file '/tmp/tmpjpaK3E/Fall17_V3_MC_PtResolution_AK8PFPuppi.txt'
Loading JER scale factors and uncertainties from file '/tmp/tmpjpaK3E/Fall17_V3_MC_SF_AK8PFPuppi.txt'
200130 19:24:15 64947 secgsi_GetCA: CA entry for '5e02f50a.0:1' needs refreshing: clean the related entry cache first
200130 19:24:15 64947 secgsi_GetCA: CRL entry for '5e02f50a.0:1' needs refreshing: clean the related entry cache first (0x2ac4cc012270)
TClass::Init:0: RuntimeWarning: no dictionary for class ROOT::TIOFeatures is available
/work/pbaertsc/heavy_resonance/CMSSW_9_4_6/python/PhysicsTools/NanoAODTools/postprocessing/framework/treeReaderArrayTools.py:69: RuntimeWarning: creating executor for unknown type "ULong64_t*"
  ret = _vr.Get()[0]
Pre-select 493301 entries out of 493301 (100.00%)
nanoAODv5? True
Processed    10000/  493301 entries,  2.03% (elapsed time   188.9s, curr speed    0.053 kHz, avg speed    0.053 kHz), accepted        0/   10001 events ( 0.00%)
Processed    20000/  493301 entries,  4.05% (elapsed time   377.0s, curr speed    0.053 kHz, avg speed    0.053 kHz), accepted        0/   20001 events ( 0.00%)
Processed    30000/  493301 entries,  6.08% (elapsed time   564.0s, curr speed    0.053 kHz, avg speed    0.053 kHz), accepted        1/   30001 events ( 0.00%)
Processed    40000/  493301 entries,  8.11% (elapsed time   749.8s, curr speed    0.054 kHz, avg speed    0.053 kHz), accepted        1/   40001 events ( 0.00%)
Processed    50000/  493301 entries, 10.14% (elapsed time   942.5s, curr speed    0.052 kHz, avg speed    0.053 kHz), accepted        1/   50001 events ( 0.00%)
Processed    60000/  493301 entries, 12.16% (elapsed time  1128.2s, curr speed    0.054 kHz, avg speed    0.053 kHz), accepted        1/   60001 events ( 0.00%)
Processed    70000/  493301 entries, 14.19% (elapsed time  1320.6s, curr speed    0.052 kHz, avg speed    0.053 kHz), accepted        1/   70001 events ( 0.00%)
Processed    80000/  493301 entries, 16.22% (elapsed time  1513.4s, curr speed    0.052 kHz, avg speed    0.053 kHz), accepted        2/   80001 events ( 0.00%)
Processed    90000/  493301 entries, 18.24% (elapsed time  1701.1s, curr speed    0.053 kHz, avg speed    0.053 kHz), accepted        3/   90001 events ( 0.00%)
Processed   100000/  493301 entries, 20.27% (elapsed time  1889.6s, curr speed    0.053 kHz, avg speed    0.053 kHz), accepted        4/  100001 events ( 0.00%)
%MSG-e SimpleJetCorrectionUncertainty: 
 bin variables out of range
%MSG
%MSG-e SimpleJetCorrectionUncertainty: 
 bin variables out of range
%MSG
Processed   110000/  493301 entries, 22.30% (elapsed time  2074.8s, curr speed    0.054 kHz, avg speed    0.053 kHz), accepted        4/  110001 events ( 0.00%)
Processed   120000/  493301 entries, 24.33% (elapsed time  2267.2s, curr speed    0.052 kHz, avg speed    0.053 kHz), accepted        4/  120001 events ( 0.00%)
Processed   130000/  493301 entries, 26.35% (elapsed time  2454.2s, curr speed    0.053 kHz, avg speed    0.053 kHz), accepted        4/  130001 events ( 0.00%)
Processed   140000/  493301 entries, 28.38% (elapsed time  2644.3s, curr speed    0.053 kHz, avg speed    0.053 kHz), accepted        4/  140001 events ( 0.00%)
Processed   150000/  493301 entries, 30.41% (elapsed time  2831.8s, curr speed    0.053 kHz, avg speed    0.053 kHz), accepted        4/  150001 events ( 0.00%)
Processed   160000/  493301 entries, 32.43% (elapsed time  3023.0s, curr speed    0.052 kHz, avg speed    0.053 kHz), accepted        5/  160001 events ( 0.00%)
Processed   170000/  493301 entries, 34.46% (elapsed time  3218.2s, curr speed    0.051 kHz, avg speed    0.053 kHz), accepted        5/  170001 events ( 0.00%)
Processed   180000/  493301 entries, 36.49% (elapsed time  3410.7s, curr speed    0.052 kHz, avg speed    0.053 kHz), accepted        5/  180001 events ( 0.00%)
Processed   190000/  493301 entries, 38.52% (elapsed time  3603.1s, curr speed    0.052 kHz, avg speed    0.053 kHz), accepted        6/  190001 events ( 0.00%)
Processed   200000/  493301 entries, 40.54% (elapsed time  3796.1s, curr speed    0.052 kHz, avg speed    0.053 kHz), accepted        6/  200001 events ( 0.00%)
Processed   210000/  493301 entries, 42.57% (elapsed time  3984.9s, curr speed    0.053 kHz, avg speed    0.053 kHz), accepted        6/  210001 events ( 0.00%)
Processed   220000/  493301 entries, 44.60% (elapsed time  4175.3s, curr speed    0.053 kHz, avg speed    0.053 kHz), accepted        6/  220001 events ( 0.00%)
Processed   230000/  493301 entries, 46.62% (elapsed time  4366.8s, curr speed    0.052 kHz, avg speed    0.053 kHz), accepted        6/  230001 events ( 0.00%)
Processed   240000/  493301 entries, 48.65% (elapsed time  4561.7s, curr speed    0.051 kHz, avg speed    0.053 kHz), accepted        8/  240001 events ( 0.00%)
Processed   250000/  493301 entries, 50.68% (elapsed time  4752.4s, curr speed    0.052 kHz, avg speed    0.053 kHz), accepted        8/  250001 events ( 0.00%)
Processed   260000/  493301 entries, 52.71% (elapsed time  4942.0s, curr speed    0.053 kHz, avg speed    0.053 kHz), accepted       10/  260001 events ( 0.00%)
Processed   270000/  493301 entries, 54.73% (elapsed time  5132.9s, curr speed    0.052 kHz, avg speed    0.053 kHz), accepted       11/  270001 events ( 0.00%)
Processed   280000/  493301 entries, 56.76% (elapsed time  5321.6s, curr speed    0.053 kHz, avg speed    0.053 kHz), accepted       11/  280001 events ( 0.00%)
Bad event
Processed   290000/  493301 entries, 58.79% (elapsed time  5512.5s, curr speed    0.052 kHz, avg speed    0.053 kHz), accepted       13/  290001 events ( 0.00%)
Processed   300000/  493301 entries, 60.81% (elapsed time  5706.8s, curr speed    0.051 kHz, avg speed    0.053 kHz), accepted       13/  300001 events ( 0.00%)
Processed   310000/  493301 entries, 62.84% (elapsed time  5898.6s, curr speed    0.052 kHz, avg speed    0.053 kHz), accepted       13/  310001 events ( 0.00%)
Processed   320000/  493301 entries, 64.87% (elapsed time  6091.9s, curr speed    0.052 kHz, avg speed    0.053 kHz), accepted       15/  320001 events ( 0.00%)
Processed   330000/  493301 entries, 66.90% (elapsed time  6286.1s, curr speed    0.052 kHz, avg speed    0.052 kHz), accepted       15/  330001 events ( 0.00%)
Processed   340000/  493301 entries, 68.92% (elapsed time  6478.7s, curr speed    0.052 kHz, avg speed    0.052 kHz), accepted       17/  340001 events ( 0.00%)
Processed   350000/  493301 entries, 70.95% (elapsed time  6671.1s, curr speed    0.052 kHz, avg speed    0.052 kHz), accepted       18/  350001 events ( 0.01%)
Processed   360000/  493301 entries, 72.98% (elapsed time  6859.8s, curr speed    0.053 kHz, avg speed    0.052 kHz), accepted       18/  360001 events ( 0.00%)
Processed   370000/  493301 entries, 75.00% (elapsed time  7045.8s, curr speed    0.054 kHz, avg speed    0.053 kHz), accepted       18/  370001 events ( 0.00%)
Processed   380000/  493301 entries, 77.03% (elapsed time  7241.1s, curr speed    0.051 kHz, avg speed    0.052 kHz), accepted       18/  380001 events ( 0.00%)
Processed   390000/  493301 entries, 79.06% (elapsed time  7435.4s, curr speed    0.051 kHz, avg speed    0.052 kHz), accepted       18/  390001 events ( 0.00%)
Processed   400000/  493301 entries, 81.09% (elapsed time  7627.0s, curr speed    0.052 kHz, avg speed    0.052 kHz), accepted       18/  400001 events ( 0.00%)
Processed   410000/  493301 entries, 83.11% (elapsed time  7817.9s, curr speed    0.052 kHz, avg speed    0.052 kHz), accepted       18/  410001 events ( 0.00%)
Processed   420000/  493301 entries, 85.14% (elapsed time  8011.4s, curr speed    0.052 kHz, avg speed    0.052 kHz), accepted       19/  420001 events ( 0.00%)
Processed   430000/  493301 entries, 87.17% (elapsed time  8199.2s, curr speed    0.053 kHz, avg speed    0.052 kHz), accepted       19/  430001 events ( 0.00%)
Processed   440000/  493301 entries, 89.20% (elapsed time  8388.3s, curr speed    0.053 kHz, avg speed    0.052 kHz), accepted       19/  440001 events ( 0.00%)
Processed   450000/  493301 entries, 91.22% (elapsed time  8586.6s, curr speed    0.050 kHz, avg speed    0.052 kHz), accepted       20/  450001 events ( 0.00%)
Processed   460000/  493301 entries, 93.25% (elapsed time  8781.2s, curr speed    0.051 kHz, avg speed    0.052 kHz), accepted       21/  460001 events ( 0.00%)
Processed   470000/  493301 entries, 95.28% (elapsed time  8973.3s, curr speed    0.052 kHz, avg speed    0.052 kHz), accepted       21/  470001 events ( 0.00%)
Processed   480000/  493301 entries, 97.30% (elapsed time  9161.9s, curr speed    0.053 kHz, avg speed    0.052 kHz), accepted       21/  480001 events ( 0.00%)
Bad event
Processed   490000/  493301 entries, 99.33% (elapsed time  9355.8s, curr speed    0.052 kHz, avg speed    0.052 kHz), accepted       22/  490001 events ( 0.00%)
Processed 493301 preselected entries from root://cms-xrd-global.cern.ch//store/mc/RunIIFall17NanoAODv6/GluGluHToBB_M125_13TeV_amcatnloFXFX_pythia8/NANOAODSIM/PU2017_12Apr2018_Nano25Oct2019_102X_mc2017_realistic_v7-v1/100000/241B4CB6-5F84-C146-9061-410F424E6ED1.root (493301 entries). Finally selected 22 entries
Done /work/pbaertsc/heavy_resonance/output_2017/GluGluHToBB_M125_13TeV_amcatnloFXFX_pythia8__RunIIFall17NanoAODv6-PU2017_12Apr2018_Nano25Oct2019_102X_mc2017_realistic_v7-v1__NANOAODSIM/241B4CB6-5F84-C146-9061-410F424E6ED1.root
52.3473488398 Hz
deleting root file with name: /work/pbaertsc/heavy_resonance/output_2017/GluGluHToBB_M125_13TeV_amcatnloFXFX_pythia8__RunIIFall17NanoAODv6-PU2017_12Apr2018_Nano25Oct2019_102X_mc2017_realistic_v7-v1__NANOAODSIM/241B4CB6-5F84-C146-9061-410F424E6ED1.root
DONE
Complete at
Thu Jan 30 22:06:26 CET 2020
