job start at
Tue Jan 28 20:32:23 CET 2020
SLURM_JOB_ID: 421970
HOSTNAME: t3wn51
JOBLIST:joblist/joblist_WWTo1L1Nu2Q_13TeV_amcatnloFXFX_madspin_pythia8__RunIIAutumn18NanoAODv6-Nano25Oct2019_102X_upgrade2018_realistic_v20-v1__NANOAODSIM_ll.txt
Going to execute
python job.py -i root://cms-xrd-global.cern.ch//store/mc/RunIIAutumn18NanoAODv6/WWTo1L1Nu2Q_13TeV_amcatnloFXFX_madspin_pythia8/NANOAODSIM/Nano25Oct2019_102X_upgrade2018_realistic_v20-v1/40000/DD33DE0F-3DEA-F14E-B37D-478FD6B0888C.root -o /work/pbaertsc/heavy_resonance/output_2018/WWTo1L1Nu2Q_13TeV_amcatnloFXFX_madspin_pythia8__RunIIAutumn18NanoAODv6-Nano25Oct2019_102X_upgrade2018_realistic_v20-v1__NANOAODSIM -N WWTo1L1Nu2Q_13TeV_amcatnloFXFX_madspin_pythia8__RunIIAutumn18NanoAODv6-Nano25Oct2019_102X_upgrade2018_realistic_v20-v1__NANOAODSIM -n 6 -c ll -y 2018
TClass::Init:0: RuntimeWarning: no dictionary for class ROOT::TIOFeatures is available
/work/pbaertsc/heavy_resonance/CMSSW_9_4_6/python/PhysicsTools/NanoAODTools/postprocessing/framework/treeReaderArrayTools.py:69: RuntimeWarning: creating executor for unknown type "ULong64_t*"
  ret = _vr.Get()[0]
JEC= Autumn18_V19_MC 	 JER= Autumn18_V7_MC
MET branch= PuppiMET
JEC= Autumn18_V19_MC 	 JER= Autumn18_V7_MC
MET branch= PuppiMET
--------------------------------------------------------------------------------
input files  = ['root://cms-xrd-global.cern.ch//store/mc/RunIIAutumn18NanoAODv6/WWTo1L1Nu2Q_13TeV_amcatnloFXFX_madspin_pythia8/NANOAODSIM/Nano25Oct2019_102X_upgrade2018_realistic_v20-v1/40000/DD33DE0F-3DEA-F14E-B37D-478FD6B0888C.root']
output directory = /work/pbaertsc/heavy_resonance/output_2018/WWTo1L1Nu2Q_13TeV_amcatnloFXFX_madspin_pythia8__RunIIAutumn18NanoAODv6-Nano25Oct2019_102X_upgrade2018_realistic_v20-v1__NANOAODSIM
output file  = WWTo1L1Nu2Q_13TeV_amcatnloFXFX_madspin_pythia8__RunIIAutumn18NanoAODv6-Nano25Oct2019_102X_upgrade2018_realistic_v20-v1__NANOAODSIM_6_ll.root
chunck       = 6
channel      = ll
dataType     = mc
year         = 2018
tes          = 1.0
ltf          = 1.0
jtf          = 1.0
--------------------------------------------------------------------------------
job.py: creating PostProcessor...
TreeProducer is called /work/pbaertsc/heavy_resonance/output_2018/WWTo1L1Nu2Q_13TeV_amcatnloFXFX_madspin_pythia8__RunIIAutumn18NanoAODv6-Nano25Oct2019_102X_upgrade2018_realistic_v20-v1__NANOAODSIM/WWTo1L1Nu2Q_13TeV_amcatnloFXFX_madspin_pythia8__RunIIAutumn18NanoAODv6-Nano25Oct2019_102X_upgrade2018_realistic_v20-v1__NANOAODSIM_6_ll.root
job.py: going to run PostProcessor...
Will write selected trees to /work/pbaertsc/heavy_resonance/output_2018/WWTo1L1Nu2Q_13TeV_amcatnloFXFX_madspin_pythia8__RunIIAutumn18NanoAODv6-Nano25Oct2019_102X_upgrade2018_realistic_v20-v1__NANOAODSIM
Loading jet energy scale (JES) uncertainties from file '/tmp/tmp1dfuzr/Autumn18_V19_MC_Uncertainty_AK4PFchs.txt'
Loading jet energy resolutions (JER) from file '/tmp/tmpIJGf0O/Autumn18_V7_MC_PtResolution_AK4PFchs.txt'
Loading JER scale factors and uncertainties from file '/tmp/tmpIJGf0O/Autumn18_V7_MC_SF_AK4PFchs.txt'
Loading jet energy scale (JES) uncertainties from file '/tmp/tmpVNCZSt/Autumn18_V19_MC_Uncertainty_AK8PFPuppi.txt'
Loading jet energy resolutions (JER) from file '/tmp/tmptyRt70/Autumn18_V7_MC_PtResolution_AK8PFPuppi.txt'
Loading JER scale factors and uncertainties from file '/tmp/tmptyRt70/Autumn18_V7_MC_SF_AK8PFPuppi.txt'
Pre-select 382189 entries out of 382189 (100.00%)
nanoAODv5? True
TtoEM trigger inconsistency
TtoEM trigger inconsistency
TtoEM trigger inconsistency
TtoEM trigger inconsistency
Processed    10000/  382189 entries,  2.62% (elapsed time   201.1s, curr speed    0.050 kHz, avg speed    0.050 kHz), accepted       50/   10001 events ( 0.50%)
TtoEM trigger inconsistency
Processed    20000/  382189 entries,  5.23% (elapsed time   393.4s, curr speed    0.052 kHz, avg speed    0.051 kHz), accepted       92/   20001 events ( 0.46%)
TtoEM trigger inconsistency
TtoEM trigger inconsistency
TtoEM trigger inconsistency
Processed    30000/  382189 entries,  7.85% (elapsed time   583.2s, curr speed    0.053 kHz, avg speed    0.051 kHz), accepted      137/   30001 events ( 0.46%)
Processed    40000/  382189 entries, 10.47% (elapsed time   769.1s, curr speed    0.054 kHz, avg speed    0.052 kHz), accepted      171/   40001 events ( 0.43%)
TtoEM trigger inconsistency
Processed    50000/  382189 entries, 13.08% (elapsed time   963.1s, curr speed    0.052 kHz, avg speed    0.052 kHz), accepted      216/   50001 events ( 0.43%)
TtoEM trigger inconsistency
TtoEM trigger inconsistency
Processed    60000/  382189 entries, 15.70% (elapsed time  1153.4s, curr speed    0.053 kHz, avg speed    0.052 kHz), accepted      246/   60001 events ( 0.41%)
TtoEM trigger inconsistency
Processed    70000/  382189 entries, 18.32% (elapsed time  1341.8s, curr speed    0.053 kHz, avg speed    0.052 kHz), accepted      283/   70001 events ( 0.40%)
TtoEM trigger inconsistency
TtoEM trigger inconsistency
TtoEM trigger inconsistency
TtoEM trigger inconsistency
TtoEM trigger inconsistency
TtoEM trigger inconsistency
Processed    80000/  382189 entries, 20.93% (elapsed time  1520.8s, curr speed    0.056 kHz, avg speed    0.053 kHz), accepted      331/   80001 events ( 0.41%)
TtoEM trigger inconsistency
TtoEM trigger inconsistency
TtoEM trigger inconsistency
Processed    90000/  382189 entries, 23.55% (elapsed time  1673.1s, curr speed    0.066 kHz, avg speed    0.054 kHz), accepted      366/   90001 events ( 0.41%)
Processed   100000/  382189 entries, 26.17% (elapsed time  1841.9s, curr speed    0.059 kHz, avg speed    0.054 kHz), accepted      402/  100001 events ( 0.40%)
TtoEM trigger inconsistency
Processed   110000/  382189 entries, 28.78% (elapsed time  2015.2s, curr speed    0.058 kHz, avg speed    0.055 kHz), accepted      456/  110001 events ( 0.41%)
TtoEM trigger inconsistency
TtoEM trigger inconsistency
Processed   120000/  382189 entries, 31.40% (elapsed time  2184.3s, curr speed    0.059 kHz, avg speed    0.055 kHz), accepted      487/  120001 events ( 0.41%)
TtoEM trigger inconsistency
TtoEM trigger inconsistency
TtoEM trigger inconsistency
Processed   130000/  382189 entries, 34.01% (elapsed time  2357.9s, curr speed    0.058 kHz, avg speed    0.055 kHz), accepted      530/  130001 events ( 0.41%)
TtoEM trigger inconsistency
Processed   140000/  382189 entries, 36.63% (elapsed time  2518.3s, curr speed    0.062 kHz, avg speed    0.056 kHz), accepted      563/  140001 events ( 0.40%)
TtoEM trigger inconsistency
TtoEM trigger inconsistency
Processed   150000/  382189 entries, 39.25% (elapsed time  2686.2s, curr speed    0.060 kHz, avg speed    0.056 kHz), accepted      594/  150001 events ( 0.40%)
TtoEM trigger inconsistency
TtoEM trigger inconsistency
Processed   160000/  382189 entries, 41.86% (elapsed time  2849.5s, curr speed    0.061 kHz, avg speed    0.056 kHz), accepted      650/  160001 events ( 0.41%)
TtoEM trigger inconsistency
Processed   170000/  382189 entries, 44.48% (elapsed time  3010.2s, curr speed    0.062 kHz, avg speed    0.056 kHz), accepted      685/  170001 events ( 0.40%)
TtoEM trigger inconsistency
Bad event
TtoEM trigger inconsistency
Processed   180000/  382189 entries, 47.10% (elapsed time  3166.3s, curr speed    0.064 kHz, avg speed    0.057 kHz), accepted      733/  180001 events ( 0.41%)
TtoEM trigger inconsistency
TtoEM trigger inconsistency
TtoEM trigger inconsistency
Processed   190000/  382189 entries, 49.71% (elapsed time  3338.4s, curr speed    0.058 kHz, avg speed    0.057 kHz), accepted      764/  190001 events ( 0.40%)
Bad event
Processed   200000/  382189 entries, 52.33% (elapsed time  3509.5s, curr speed    0.058 kHz, avg speed    0.057 kHz), accepted      807/  200001 events ( 0.40%)
TtoEM trigger inconsistency
TtoEM trigger inconsistency
TtoEM trigger inconsistency
Processed   210000/  382189 entries, 54.95% (elapsed time  3679.3s, curr speed    0.059 kHz, avg speed    0.057 kHz), accepted      840/  210001 events ( 0.40%)
TtoEM trigger inconsistency
WARNING: jet m = -0.0 !!
TtoEM trigger inconsistency
Processed   220000/  382189 entries, 57.56% (elapsed time  3848.1s, curr speed    0.059 kHz, avg speed    0.057 kHz), accepted      883/  220001 events ( 0.40%)
TtoEM trigger inconsistency
TtoEM trigger inconsistency
Processed   230000/  382189 entries, 60.18% (elapsed time  4020.8s, curr speed    0.058 kHz, avg speed    0.057 kHz), accepted      931/  230001 events ( 0.40%)
TtoEM trigger inconsistency
TtoEM trigger inconsistency
Processed   240000/  382189 entries, 62.80% (elapsed time  4201.8s, curr speed    0.055 kHz, avg speed    0.057 kHz), accepted      968/  240001 events ( 0.40%)
TtoEM trigger inconsistency
TtoEM trigger inconsistency
Processed   250000/  382189 entries, 65.41% (elapsed time  4394.2s, curr speed    0.052 kHz, avg speed    0.057 kHz), accepted      995/  250001 events ( 0.40%)
TtoEM trigger inconsistency
Processed   260000/  382189 entries, 68.03% (elapsed time  4581.7s, curr speed    0.053 kHz, avg speed    0.057 kHz), accepted     1030/  260001 events ( 0.40%)
TtoEM trigger inconsistency
Processed   270000/  382189 entries, 70.65% (elapsed time  4762.2s, curr speed    0.055 kHz, avg speed    0.057 kHz), accepted     1080/  270001 events ( 0.40%)
Processed   280000/  382189 entries, 73.26% (elapsed time  4943.4s, curr speed    0.055 kHz, avg speed    0.057 kHz), accepted     1117/  280001 events ( 0.40%)
TtoEM trigger inconsistency
TtoEM trigger inconsistency
TtoEM trigger inconsistency
Processed   290000/  382189 entries, 75.88% (elapsed time  5115.9s, curr speed    0.058 kHz, avg speed    0.057 kHz), accepted     1160/  290001 events ( 0.40%)
TtoEM trigger inconsistency
Processed   300000/  382189 entries, 78.50% (elapsed time  5281.7s, curr speed    0.060 kHz, avg speed    0.057 kHz), accepted     1198/  300001 events ( 0.40%)
TtoEM trigger inconsistency
TtoEM trigger inconsistency
TtoEM trigger inconsistency
TtoEM trigger inconsistency
Processed   310000/  382189 entries, 81.11% (elapsed time  5446.0s, curr speed    0.061 kHz, avg speed    0.057 kHz), accepted     1239/  310001 events ( 0.40%)
Bad event
TtoEM trigger inconsistency
Processed   320000/  382189 entries, 83.73% (elapsed time  5615.6s, curr speed    0.059 kHz, avg speed    0.057 kHz), accepted     1284/  320001 events ( 0.40%)
TtoEM trigger inconsistency
TtoEM trigger inconsistency
TtoEM trigger inconsistency
Processed   330000/  382189 entries, 86.34% (elapsed time  5779.1s, curr speed    0.061 kHz, avg speed    0.057 kHz), accepted     1324/  330001 events ( 0.40%)
TtoEM trigger inconsistency
Processed   340000/  382189 entries, 88.96% (elapsed time  5939.9s, curr speed    0.062 kHz, avg speed    0.057 kHz), accepted     1357/  340001 events ( 0.40%)
Processed   350000/  382189 entries, 91.58% (elapsed time  6097.4s, curr speed    0.064 kHz, avg speed    0.057 kHz), accepted     1385/  350001 events ( 0.40%)
TtoEM trigger inconsistency
TtoEM trigger inconsistency
TtoEM trigger inconsistency
Processed   360000/  382189 entries, 94.19% (elapsed time  6258.6s, curr speed    0.062 kHz, avg speed    0.058 kHz), accepted     1427/  360001 events ( 0.40%)
TtoEM trigger inconsistency
Processed   370000/  382189 entries, 96.81% (elapsed time  6424.4s, curr speed    0.060 kHz, avg speed    0.058 kHz), accepted     1474/  370001 events ( 0.40%)
TtoEM trigger inconsistency
Processed   380000/  382189 entries, 99.43% (elapsed time  6596.7s, curr speed    0.058 kHz, avg speed    0.058 kHz), accepted     1513/  380001 events ( 0.40%)
Bad event
TtoEM trigger inconsistency
Processed 382189 preselected entries from root://cms-xrd-global.cern.ch//store/mc/RunIIAutumn18NanoAODv6/WWTo1L1Nu2Q_13TeV_amcatnloFXFX_madspin_pythia8/NANOAODSIM/Nano25Oct2019_102X_upgrade2018_realistic_v20-v1/40000/DD33DE0F-3DEA-F14E-B37D-478FD6B0888C.root (382189 entries). Finally selected 1517 entries
Done /work/pbaertsc/heavy_resonance/output_2018/WWTo1L1Nu2Q_13TeV_amcatnloFXFX_madspin_pythia8__RunIIAutumn18NanoAODv6-Nano25Oct2019_102X_upgrade2018_realistic_v20-v1__NANOAODSIM/DD33DE0F-3DEA-F14E-B37D-478FD6B0888C.root
57.6393140996 Hz
deleting root file with name: /work/pbaertsc/heavy_resonance/output_2018/WWTo1L1Nu2Q_13TeV_amcatnloFXFX_madspin_pythia8__RunIIAutumn18NanoAODv6-Nano25Oct2019_102X_upgrade2018_realistic_v20-v1__NANOAODSIM/DD33DE0F-3DEA-F14E-B37D-478FD6B0888C.root
DONE
Complete at
Tue Jan 28 23:00:36 CET 2020
