job start at
Sat Feb  1 14:53:03 CET 2020
SLURM_JOB_ID: 528921
HOSTNAME: t3wn55
JOBLIST:joblist/joblist_WWTo1L1Nu2Q_13TeV_amcatnloFXFX_madspin_pythia8__RunIIAutumn18NanoAODv6-Nano25Oct2019_102X_upgrade2018_realistic_v20-v1__NANOAODSIM_ll.txt
Going to execute
python job.py -i root://cms-xrd-global.cern.ch//store/mc/RunIIAutumn18NanoAODv6/WWTo1L1Nu2Q_13TeV_amcatnloFXFX_madspin_pythia8/NANOAODSIM/Nano25Oct2019_102X_upgrade2018_realistic_v20-v1/40000/FA9D1920-CA41-EE41-8191-518E71A6352E.root -o /work/pbaertsc/heavy_resonance/output_2018/WWTo1L1Nu2Q_13TeV_amcatnloFXFX_madspin_pythia8__RunIIAutumn18NanoAODv6-Nano25Oct2019_102X_upgrade2018_realistic_v20-v1__NANOAODSIM -N WWTo1L1Nu2Q_13TeV_amcatnloFXFX_madspin_pythia8__RunIIAutumn18NanoAODv6-Nano25Oct2019_102X_upgrade2018_realistic_v20-v1__NANOAODSIM -n 3 -c ll -y 2018
TClass::Init:0: RuntimeWarning: no dictionary for class ROOT::TIOFeatures is available
/work/pbaertsc/heavy_resonance/CMSSW_9_4_6/python/PhysicsTools/NanoAODTools/postprocessing/framework/treeReaderArrayTools.py:69: RuntimeWarning: creating executor for unknown type "ULong64_t*"
  ret = _vr.Get()[0]
JEC= Autumn18_V19_MC 	 JER= Autumn18_V7_MC
MET branch= PuppiMET
JEC= Autumn18_V19_MC 	 JER= Autumn18_V7_MC
MET branch= PuppiMET
--------------------------------------------------------------------------------
input files  = ['root://cms-xrd-global.cern.ch//store/mc/RunIIAutumn18NanoAODv6/WWTo1L1Nu2Q_13TeV_amcatnloFXFX_madspin_pythia8/NANOAODSIM/Nano25Oct2019_102X_upgrade2018_realistic_v20-v1/40000/FA9D1920-CA41-EE41-8191-518E71A6352E.root']
output directory = /work/pbaertsc/heavy_resonance/output_2018/WWTo1L1Nu2Q_13TeV_amcatnloFXFX_madspin_pythia8__RunIIAutumn18NanoAODv6-Nano25Oct2019_102X_upgrade2018_realistic_v20-v1__NANOAODSIM
output file  = WWTo1L1Nu2Q_13TeV_amcatnloFXFX_madspin_pythia8__RunIIAutumn18NanoAODv6-Nano25Oct2019_102X_upgrade2018_realistic_v20-v1__NANOAODSIM_3_ll.root
chunck       = 3
channel      = ll
dataType     = mc
year         = 2018
tes          = 1.0
ltf          = 1.0
jtf          = 1.0
--------------------------------------------------------------------------------
job.py: creating PostProcessor...
TreeProducer is called /work/pbaertsc/heavy_resonance/output_2018/WWTo1L1Nu2Q_13TeV_amcatnloFXFX_madspin_pythia8__RunIIAutumn18NanoAODv6-Nano25Oct2019_102X_upgrade2018_realistic_v20-v1__NANOAODSIM/WWTo1L1Nu2Q_13TeV_amcatnloFXFX_madspin_pythia8__RunIIAutumn18NanoAODv6-Nano25Oct2019_102X_upgrade2018_realistic_v20-v1__NANOAODSIM_3_ll.root
job.py: going to run PostProcessor...
Will write selected trees to /work/pbaertsc/heavy_resonance/output_2018/WWTo1L1Nu2Q_13TeV_amcatnloFXFX_madspin_pythia8__RunIIAutumn18NanoAODv6-Nano25Oct2019_102X_upgrade2018_realistic_v20-v1__NANOAODSIM
Loading jet energy scale (JES) uncertainties from file '/tmp/tmpRuiQBQ/Autumn18_V19_MC_Uncertainty_AK4PFchs.txt'
Loading jet energy resolutions (JER) from file '/tmp/tmpbnI1zu/Autumn18_V7_MC_PtResolution_AK4PFchs.txt'
Loading JER scale factors and uncertainties from file '/tmp/tmpbnI1zu/Autumn18_V7_MC_SF_AK4PFchs.txt'
Loading jet energy scale (JES) uncertainties from file '/tmp/tmpneYp5b/Autumn18_V19_MC_Uncertainty_AK8PFPuppi.txt'
Loading jet energy resolutions (JER) from file '/tmp/tmpGL6Kpz/Autumn18_V7_MC_PtResolution_AK8PFPuppi.txt'
Loading JER scale factors and uncertainties from file '/tmp/tmpGL6Kpz/Autumn18_V7_MC_SF_AK8PFPuppi.txt'
Pre-select 921250 entries out of 921250 (100.00%)
nanoAODv5? True
TtoEM trigger inconsistency
Processed    10000/  921250 entries,  1.09% (elapsed time   194.0s, curr speed    0.052 kHz, avg speed    0.052 kHz), accepted       36/   10001 events ( 0.36%)
TtoEM trigger inconsistency
Processed    20000/  921250 entries,  2.17% (elapsed time   369.8s, curr speed    0.057 kHz, avg speed    0.054 kHz), accepted       73/   20001 events ( 0.36%)
TtoEM trigger inconsistency
TtoEM trigger inconsistency
Processed    30000/  921250 entries,  3.26% (elapsed time   565.3s, curr speed    0.051 kHz, avg speed    0.053 kHz), accepted      118/   30001 events ( 0.39%)
TtoEM trigger inconsistency
Processed    40000/  921250 entries,  4.34% (elapsed time   754.5s, curr speed    0.053 kHz, avg speed    0.053 kHz), accepted      163/   40001 events ( 0.41%)
Processed    50000/  921250 entries,  5.43% (elapsed time   935.6s, curr speed    0.055 kHz, avg speed    0.053 kHz), accepted      213/   50001 events ( 0.43%)
TtoEM trigger inconsistency
TtoEM trigger inconsistency
Processed    60000/  921250 entries,  6.51% (elapsed time  1111.7s, curr speed    0.057 kHz, avg speed    0.054 kHz), accepted      250/   60001 events ( 0.42%)
TtoEM trigger inconsistency
TtoEM trigger inconsistency
Processed    70000/  921250 entries,  7.60% (elapsed time  1313.7s, curr speed    0.049 kHz, avg speed    0.053 kHz), accepted      281/   70001 events ( 0.40%)
TtoEM trigger inconsistency
TtoEM trigger inconsistency
TtoEM trigger inconsistency
TtoEM trigger inconsistency
TtoEM trigger inconsistency
TtoEM trigger inconsistency
Processed    80000/  921250 entries,  8.68% (elapsed time  1496.2s, curr speed    0.055 kHz, avg speed    0.053 kHz), accepted      316/   80001 events ( 0.39%)
TtoEM trigger inconsistency
TtoEM trigger inconsistency
TtoEM trigger inconsistency
TtoEM trigger inconsistency
TtoEM trigger inconsistency
Processed    90000/  921250 entries,  9.77% (elapsed time  1665.6s, curr speed    0.059 kHz, avg speed    0.054 kHz), accepted      353/   90001 events ( 0.39%)
TtoEM trigger inconsistency
TtoEM trigger inconsistency
Processed   100000/  921250 entries, 10.85% (elapsed time  1837.6s, curr speed    0.058 kHz, avg speed    0.054 kHz), accepted      397/  100001 events ( 0.40%)
TtoEM trigger inconsistency
TtoEM trigger inconsistency
Processed   110000/  921250 entries, 11.94% (elapsed time  2010.9s, curr speed    0.058 kHz, avg speed    0.055 kHz), accepted      444/  110001 events ( 0.40%)
TtoEM trigger inconsistency
TtoEM trigger inconsistency
TtoEM trigger inconsistency
Processed   120000/  921250 entries, 13.03% (elapsed time  2172.1s, curr speed    0.062 kHz, avg speed    0.055 kHz), accepted      477/  120001 events ( 0.40%)
Bad event
Processed   130000/  921250 entries, 14.11% (elapsed time  2327.0s, curr speed    0.065 kHz, avg speed    0.056 kHz), accepted      513/  130001 events ( 0.39%)
TtoEM trigger inconsistency
Processed   140000/  921250 entries, 15.20% (elapsed time  2486.9s, curr speed    0.063 kHz, avg speed    0.056 kHz), accepted      548/  140001 events ( 0.39%)
Processed   150000/  921250 entries, 16.28% (elapsed time  2657.1s, curr speed    0.059 kHz, avg speed    0.056 kHz), accepted      581/  150001 events ( 0.39%)
Bad event
TtoEM trigger inconsistency
Processed   160000/  921250 entries, 17.37% (elapsed time  2813.3s, curr speed    0.064 kHz, avg speed    0.057 kHz), accepted      613/  160001 events ( 0.38%)
Processed   170000/  921250 entries, 18.45% (elapsed time  2976.2s, curr speed    0.061 kHz, avg speed    0.057 kHz), accepted      653/  170001 events ( 0.38%)
TtoEM trigger inconsistency
Processed   180000/  921250 entries, 19.54% (elapsed time  3142.9s, curr speed    0.060 kHz, avg speed    0.057 kHz), accepted      701/  180001 events ( 0.39%)
TtoEM trigger inconsistency
Processed   190000/  921250 entries, 20.62% (elapsed time  3308.6s, curr speed    0.060 kHz, avg speed    0.057 kHz), accepted      738/  190001 events ( 0.39%)
TtoEM trigger inconsistency
TtoEM trigger inconsistency
TtoEM trigger inconsistency
Processed   200000/  921250 entries, 21.71% (elapsed time  3467.0s, curr speed    0.063 kHz, avg speed    0.058 kHz), accepted      779/  200001 events ( 0.39%)
TtoEM trigger inconsistency
TtoEM trigger inconsistency
TtoEM trigger inconsistency
Processed   210000/  921250 entries, 22.80% (elapsed time  3624.9s, curr speed    0.063 kHz, avg speed    0.058 kHz), accepted      820/  210001 events ( 0.39%)
TtoEM trigger inconsistency
Processed   220000/  921250 entries, 23.88% (elapsed time  3795.2s, curr speed    0.059 kHz, avg speed    0.058 kHz), accepted      859/  220001 events ( 0.39%)
TtoEM trigger inconsistency
TtoEM trigger inconsistency
Processed   230000/  921250 entries, 24.97% (elapsed time  3957.5s, curr speed    0.062 kHz, avg speed    0.058 kHz), accepted      891/  230001 events ( 0.39%)
Processed   240000/  921250 entries, 26.05% (elapsed time  4117.6s, curr speed    0.062 kHz, avg speed    0.058 kHz), accepted      927/  240001 events ( 0.39%)
TtoEM trigger inconsistency
TtoEM trigger inconsistency
TtoEM trigger inconsistency
Processed   250000/  921250 entries, 27.14% (elapsed time  4279.6s, curr speed    0.062 kHz, avg speed    0.058 kHz), accepted      970/  250001 events ( 0.39%)
TtoEM trigger inconsistency
TtoEM trigger inconsistency
TtoEM trigger inconsistency
Processed   260000/  921250 entries, 28.22% (elapsed time  4446.3s, curr speed    0.060 kHz, avg speed    0.058 kHz), accepted     1005/  260001 events ( 0.39%)
TtoEM trigger inconsistency
Processed   270000/  921250 entries, 29.31% (elapsed time  4613.1s, curr speed    0.060 kHz, avg speed    0.059 kHz), accepted     1039/  270001 events ( 0.38%)
Processed   280000/  921250 entries, 30.39% (elapsed time  4782.1s, curr speed    0.059 kHz, avg speed    0.059 kHz), accepted     1074/  280001 events ( 0.38%)
TtoEM trigger inconsistency
TtoEM trigger inconsistency
TtoEM trigger inconsistency
Processed   290000/  921250 entries, 31.48% (elapsed time  4942.8s, curr speed    0.062 kHz, avg speed    0.059 kHz), accepted     1107/  290001 events ( 0.38%)
Processed   300000/  921250 entries, 32.56% (elapsed time  5111.2s, curr speed    0.059 kHz, avg speed    0.059 kHz), accepted     1146/  300001 events ( 0.38%)
TtoEM trigger inconsistency
Processed   310000/  921250 entries, 33.65% (elapsed time  5279.9s, curr speed    0.059 kHz, avg speed    0.059 kHz), accepted     1191/  310001 events ( 0.38%)
TtoEM trigger inconsistency
TtoEM trigger inconsistency
TtoEM trigger inconsistency
TtoEM trigger inconsistency
Processed   320000/  921250 entries, 34.74% (elapsed time  5438.3s, curr speed    0.063 kHz, avg speed    0.059 kHz), accepted     1227/  320001 events ( 0.38%)
TtoEM trigger inconsistency
TtoEM trigger inconsistency
TtoEM trigger inconsistency
Processed   330000/  921250 entries, 35.82% (elapsed time  5602.2s, curr speed    0.061 kHz, avg speed    0.059 kHz), accepted     1264/  330001 events ( 0.38%)
TtoEM trigger inconsistency
Processed   340000/  921250 entries, 36.91% (elapsed time  5770.6s, curr speed    0.059 kHz, avg speed    0.059 kHz), accepted     1303/  340001 events ( 0.38%)
TtoEM trigger inconsistency
TtoEM trigger inconsistency
TtoEM trigger inconsistency
Processed   350000/  921250 entries, 37.99% (elapsed time  5937.9s, curr speed    0.060 kHz, avg speed    0.059 kHz), accepted     1352/  350001 events ( 0.39%)
TtoEM trigger inconsistency
TtoEM trigger inconsistency
WARNING: jet m = -0.0 !!
Processed   360000/  921250 entries, 39.08% (elapsed time  6099.9s, curr speed    0.062 kHz, avg speed    0.059 kHz), accepted     1396/  360001 events ( 0.39%)
TtoEM trigger inconsistency
Processed   370000/  921250 entries, 40.16% (elapsed time  6259.1s, curr speed    0.063 kHz, avg speed    0.059 kHz), accepted     1433/  370001 events ( 0.39%)
TtoEM trigger inconsistency
Processed   380000/  921250 entries, 41.25% (elapsed time  6429.6s, curr speed    0.059 kHz, avg speed    0.059 kHz), accepted     1470/  380001 events ( 0.39%)
TtoEM trigger inconsistency
TtoEM trigger inconsistency
TtoEM trigger inconsistency
TtoEM trigger inconsistency
Processed   390000/  921250 entries, 42.33% (elapsed time  6594.5s, curr speed    0.061 kHz, avg speed    0.059 kHz), accepted     1507/  390001 events ( 0.39%)
TtoEM trigger inconsistency
TtoEM trigger inconsistency
Processed   400000/  921250 entries, 43.42% (elapsed time  6753.1s, curr speed    0.063 kHz, avg speed    0.059 kHz), accepted     1557/  400001 events ( 0.39%)
Processed   410000/  921250 entries, 44.50% (elapsed time  6913.8s, curr speed    0.062 kHz, avg speed    0.059 kHz), accepted     1589/  410001 events ( 0.39%)
TtoEM trigger inconsistency
Bad event
Processed   420000/  921250 entries, 45.59% (elapsed time  7079.3s, curr speed    0.060 kHz, avg speed    0.059 kHz), accepted     1634/  420001 events ( 0.39%)
TtoEM trigger inconsistency
TtoEM trigger inconsistency
TtoEM trigger inconsistency
TtoEM trigger inconsistency
Processed   430000/  921250 entries, 46.68% (elapsed time  7238.7s, curr speed    0.063 kHz, avg speed    0.059 kHz), accepted     1662/  430001 events ( 0.39%)
TtoEM trigger inconsistency
TtoEM trigger inconsistency
Processed   440000/  921250 entries, 47.76% (elapsed time  7394.1s, curr speed    0.064 kHz, avg speed    0.060 kHz), accepted     1707/  440001 events ( 0.39%)
TtoEM trigger inconsistency
TtoEM trigger inconsistency
TtoEM trigger inconsistency
Processed   450000/  921250 entries, 48.85% (elapsed time  7549.1s, curr speed    0.065 kHz, avg speed    0.060 kHz), accepted     1743/  450001 events ( 0.39%)
Processed   460000/  921250 entries, 49.93% (elapsed time  7715.0s, curr speed    0.060 kHz, avg speed    0.060 kHz), accepted     1784/  460001 events ( 0.39%)
TtoEM trigger inconsistency
TtoEM trigger inconsistency
TtoEM trigger inconsistency
TtoEM trigger inconsistency
Processed   470000/  921250 entries, 51.02% (elapsed time  7872.1s, curr speed    0.064 kHz, avg speed    0.060 kHz), accepted     1827/  470001 events ( 0.39%)
TtoEM trigger inconsistency
Processed   480000/  921250 entries, 52.10% (elapsed time  8039.7s, curr speed    0.060 kHz, avg speed    0.060 kHz), accepted     1870/  480001 events ( 0.39%)
TtoEM trigger inconsistency
TtoEM trigger inconsistency
TtoEM trigger inconsistency
TtoEM trigger inconsistency
Processed   490000/  921250 entries, 53.19% (elapsed time  8207.2s, curr speed    0.060 kHz, avg speed    0.060 kHz), accepted     1894/  490001 events ( 0.39%)
TtoEM trigger inconsistency
Processed   500000/  921250 entries, 54.27% (elapsed time  8381.6s, curr speed    0.057 kHz, avg speed    0.060 kHz), accepted     1930/  500001 events ( 0.39%)
Processed   510000/  921250 entries, 55.36% (elapsed time  8534.9s, curr speed    0.065 kHz, avg speed    0.060 kHz), accepted     1972/  510001 events ( 0.39%)
TtoEM trigger inconsistency
TtoEM trigger inconsistency
TtoEM trigger inconsistency
TtoEM trigger inconsistency
TtoEM trigger inconsistency
Processed   520000/  921250 entries, 56.45% (elapsed time  8683.6s, curr speed    0.067 kHz, avg speed    0.060 kHz), accepted     2005/  520001 events ( 0.39%)
TtoEM trigger inconsistency
TtoEM trigger inconsistency
Processed   530000/  921250 entries, 57.53% (elapsed time  8839.6s, curr speed    0.064 kHz, avg speed    0.060 kHz), accepted     2041/  530001 events ( 0.39%)
TtoEM trigger inconsistency
Processed   540000/  921250 entries, 58.62% (elapsed time  9005.8s, curr speed    0.060 kHz, avg speed    0.060 kHz), accepted     2074/  540001 events ( 0.38%)
TtoEM trigger inconsistency
TtoEM trigger inconsistency
Processed   550000/  921250 entries, 59.70% (elapsed time  9162.5s, curr speed    0.064 kHz, avg speed    0.060 kHz), accepted     2109/  550001 events ( 0.38%)
TtoEM trigger inconsistency
TtoEM trigger inconsistency
TtoEM trigger inconsistency
Processed   560000/  921250 entries, 60.79% (elapsed time  9327.1s, curr speed    0.061 kHz, avg speed    0.060 kHz), accepted     2151/  560001 events ( 0.38%)
TtoEM trigger inconsistency
Processed   570000/  921250 entries, 61.87% (elapsed time  9490.6s, curr speed    0.061 kHz, avg speed    0.060 kHz), accepted     2185/  570001 events ( 0.38%)
TtoEM trigger inconsistency
TtoEM trigger inconsistency
TtoEM trigger inconsistency
Processed   580000/  921250 entries, 62.96% (elapsed time  9659.8s, curr speed    0.059 kHz, avg speed    0.060 kHz), accepted     2216/  580001 events ( 0.38%)
TtoEM trigger inconsistency
WARNING: jet m = -0.0 !!
Processed   590000/  921250 entries, 64.04% (elapsed time  9821.7s, curr speed    0.062 kHz, avg speed    0.060 kHz), accepted     2255/  590001 events ( 0.38%)
TtoEM trigger inconsistency
TtoEM trigger inconsistency
Processed   600000/  921250 entries, 65.13% (elapsed time  9978.4s, curr speed    0.064 kHz, avg speed    0.060 kHz), accepted     2293/  600001 events ( 0.38%)
TtoEM trigger inconsistency
TtoEM trigger inconsistency
TtoEM trigger inconsistency
Processed   610000/  921250 entries, 66.21% (elapsed time 10141.0s, curr speed    0.061 kHz, avg speed    0.060 kHz), accepted     2325/  610001 events ( 0.38%)
TtoEM trigger inconsistency
TtoEM trigger inconsistency
TtoEM trigger inconsistency
Processed   620000/  921250 entries, 67.30% (elapsed time 10300.6s, curr speed    0.063 kHz, avg speed    0.060 kHz), accepted     2373/  620001 events ( 0.38%)
TtoEM trigger inconsistency
TtoEM trigger inconsistency
TtoEM trigger inconsistency
Processed   630000/  921250 entries, 68.39% (elapsed time 10458.8s, curr speed    0.063 kHz, avg speed    0.060 kHz), accepted     2414/  630001 events ( 0.38%)
TtoEM trigger inconsistency
TtoEM trigger inconsistency
TtoEM trigger inconsistency
Processed   640000/  921250 entries, 69.47% (elapsed time 10618.2s, curr speed    0.063 kHz, avg speed    0.060 kHz), accepted     2452/  640001 events ( 0.38%)
TtoEM trigger inconsistency
Processed   650000/  921250 entries, 70.56% (elapsed time 10770.7s, curr speed    0.066 kHz, avg speed    0.060 kHz), accepted     2493/  650001 events ( 0.38%)
TtoEM trigger inconsistency
Processed   660000/  921250 entries, 71.64% (elapsed time 10927.4s, curr speed    0.064 kHz, avg speed    0.060 kHz), accepted     2523/  660001 events ( 0.38%)
TtoEM trigger inconsistency
TtoEM trigger inconsistency
TtoEM trigger inconsistency
Processed   670000/  921250 entries, 72.73% (elapsed time 11081.8s, curr speed    0.065 kHz, avg speed    0.060 kHz), accepted     2554/  670001 events ( 0.38%)
Processed   680000/  921250 entries, 73.81% (elapsed time 11232.8s, curr speed    0.066 kHz, avg speed    0.061 kHz), accepted     2589/  680001 events ( 0.38%)
Processed   690000/  921250 entries, 74.90% (elapsed time 11391.4s, curr speed    0.063 kHz, avg speed    0.061 kHz), accepted     2624/  690001 events ( 0.38%)
TtoEM trigger inconsistency
Processed   700000/  921250 entries, 75.98% (elapsed time 11548.2s, curr speed    0.064 kHz, avg speed    0.061 kHz), accepted     2661/  700001 events ( 0.38%)
Bad event
TtoEM trigger inconsistency
Processed   710000/  921250 entries, 77.07% (elapsed time 11701.0s, curr speed    0.065 kHz, avg speed    0.061 kHz), accepted     2698/  710001 events ( 0.38%)
TtoEM trigger inconsistency
TtoEM trigger inconsistency
TtoEM trigger inconsistency
Processed   720000/  921250 entries, 78.15% (elapsed time 11852.8s, curr speed    0.066 kHz, avg speed    0.061 kHz), accepted     2733/  720001 events ( 0.38%)
TtoEM trigger inconsistency
Processed   730000/  921250 entries, 79.24% (elapsed time 12002.1s, curr speed    0.067 kHz, avg speed    0.061 kHz), accepted     2776/  730001 events ( 0.38%)
TtoEM trigger inconsistency
TtoEM trigger inconsistency
TtoEM trigger inconsistency
Processed   740000/  921250 entries, 80.33% (elapsed time 12160.5s, curr speed    0.063 kHz, avg speed    0.061 kHz), accepted     2807/  740001 events ( 0.38%)
TtoEM trigger inconsistency
TtoEM trigger inconsistency
Processed   750000/  921250 entries, 81.41% (elapsed time 12318.2s, curr speed    0.063 kHz, avg speed    0.061 kHz), accepted     2845/  750001 events ( 0.38%)
TtoEM trigger inconsistency
Processed   760000/  921250 entries, 82.50% (elapsed time 12471.6s, curr speed    0.065 kHz, avg speed    0.061 kHz), accepted     2880/  760001 events ( 0.38%)
TtoEM trigger inconsistency
Bad event
TtoEM trigger inconsistency
Processed   770000/  921250 entries, 83.58% (elapsed time 12625.3s, curr speed    0.065 kHz, avg speed    0.061 kHz), accepted     2923/  770001 events ( 0.38%)
TtoEM trigger inconsistency
TtoEM trigger inconsistency
Processed   780000/  921250 entries, 84.67% (elapsed time 12781.2s, curr speed    0.064 kHz, avg speed    0.061 kHz), accepted     2956/  780001 events ( 0.38%)
TtoEM trigger inconsistency
Processed   790000/  921250 entries, 85.75% (elapsed time 12933.4s, curr speed    0.066 kHz, avg speed    0.061 kHz), accepted     2994/  790001 events ( 0.38%)
TtoEM trigger inconsistency
TtoEM trigger inconsistency
TtoEM trigger inconsistency
Processed   800000/  921250 entries, 86.84% (elapsed time 13083.7s, curr speed    0.067 kHz, avg speed    0.061 kHz), accepted     3028/  800001 events ( 0.38%)
TtoEM trigger inconsistency
TtoEM trigger inconsistency
TtoEM trigger inconsistency
TtoEM trigger inconsistency
Processed   810000/  921250 entries, 87.92% (elapsed time 13238.1s, curr speed    0.065 kHz, avg speed    0.061 kHz), accepted     3059/  810001 events ( 0.38%)
TtoEM trigger inconsistency
TtoEM trigger inconsistency
Processed   820000/  921250 entries, 89.01% (elapsed time 13398.0s, curr speed    0.063 kHz, avg speed    0.061 kHz), accepted     3087/  820001 events ( 0.38%)
Processed   830000/  921250 entries, 90.09% (elapsed time 13552.9s, curr speed    0.065 kHz, avg speed    0.061 kHz), accepted     3127/  830001 events ( 0.38%)
TtoEM trigger inconsistency
TtoEM trigger inconsistency
TtoEM trigger inconsistency
Bad event
Processed   840000/  921250 entries, 91.18% (elapsed time 13706.0s, curr speed    0.065 kHz, avg speed    0.061 kHz), accepted     3164/  840001 events ( 0.38%)
TtoEM trigger inconsistency
TtoEM trigger inconsistency
Processed   850000/  921250 entries, 92.27% (elapsed time 13863.9s, curr speed    0.063 kHz, avg speed    0.061 kHz), accepted     3199/  850001 events ( 0.38%)
Processed   860000/  921250 entries, 93.35% (elapsed time 14022.7s, curr speed    0.063 kHz, avg speed    0.061 kHz), accepted     3235/  860001 events ( 0.38%)
TtoEM trigger inconsistency
Processed   870000/  921250 entries, 94.44% (elapsed time 14176.1s, curr speed    0.065 kHz, avg speed    0.061 kHz), accepted     3260/  870001 events ( 0.37%)
TtoEM trigger inconsistency
Processed   880000/  921250 entries, 95.52% (elapsed time 14330.3s, curr speed    0.065 kHz, avg speed    0.061 kHz), accepted     3304/  880001 events ( 0.38%)
TtoEM trigger inconsistency
Processed   890000/  921250 entries, 96.61% (elapsed time 14492.2s, curr speed    0.062 kHz, avg speed    0.061 kHz), accepted     3332/  890001 events ( 0.37%)
TtoEM trigger inconsistency
TtoEM trigger inconsistency
TtoEM trigger inconsistency
Processed   900000/  921250 entries, 97.69% (elapsed time 14658.2s, curr speed    0.060 kHz, avg speed    0.061 kHz), accepted     3373/  900001 events ( 0.37%)
TtoEM trigger inconsistency
TtoEM trigger inconsistency
Processed   910000/  921250 entries, 98.78% (elapsed time 14817.8s, curr speed    0.063 kHz, avg speed    0.061 kHz), accepted     3404/  910001 events ( 0.37%)
TtoEM trigger inconsistency
TtoEM trigger inconsistency
Processed   920000/  921250 entries, 99.86% (elapsed time 14983.7s, curr speed    0.060 kHz, avg speed    0.061 kHz), accepted     3436/  920001 events ( 0.37%)
TtoEM trigger inconsistency
TtoEM trigger inconsistency
Processed 921250 preselected entries from root://cms-xrd-global.cern.ch//store/mc/RunIIAutumn18NanoAODv6/WWTo1L1Nu2Q_13TeV_amcatnloFXFX_madspin_pythia8/NANOAODSIM/Nano25Oct2019_102X_upgrade2018_realistic_v20-v1/40000/FA9D1920-CA41-EE41-8191-518E71A6352E.root (921250 entries). Finally selected 3443 entries
Done /work/pbaertsc/heavy_resonance/output_2018/WWTo1L1Nu2Q_13TeV_amcatnloFXFX_madspin_pythia8__RunIIAutumn18NanoAODv6-Nano25Oct2019_102X_upgrade2018_realistic_v20-v1__NANOAODSIM/FA9D1920-CA41-EE41-8191-518E71A6352E.root
61.3356627015 Hz
deleting root file with name: /work/pbaertsc/heavy_resonance/output_2018/WWTo1L1Nu2Q_13TeV_amcatnloFXFX_madspin_pythia8__RunIIAutumn18NanoAODv6-Nano25Oct2019_102X_upgrade2018_realistic_v20-v1__NANOAODSIM/FA9D1920-CA41-EE41-8191-518E71A6352E.root
DONE
Complete at
Sat Feb  1 20:30:06 CET 2020
