job start at
Tue Jan 28 21:43:41 CET 2020
SLURM_JOB_ID: 422130
HOSTNAME: t3wn34
JOBLIST:joblist/joblist_ZZTo2L2Nu_13TeV_powheg_pythia8__RunIISummer16NanoAODv6-PUMoriond17_Nano25Oct2019_102X_mcRun2_asymptotic_v7-v1__NANOAODSIM_ll.txt
Going to execute
python job.py -i root://cms-xrd-global.cern.ch//store/mc/RunIISummer16NanoAODv6/ZZTo2L2Nu_13TeV_powheg_pythia8/NANOAODSIM/PUMoriond17_Nano25Oct2019_102X_mcRun2_asymptotic_v7-v1/100000/6A3E5B7C-D66C-794C-BD66-D33A853F5407.root -o /work/pbaertsc/heavy_resonance/output_2016/ZZTo2L2Nu_13TeV_powheg_pythia8__RunIISummer16NanoAODv6-PUMoriond17_Nano25Oct2019_102X_mcRun2_asymptotic_v7-v1__NANOAODSIM -N ZZTo2L2Nu_13TeV_powheg_pythia8__RunIISummer16NanoAODv6-PUMoriond17_Nano25Oct2019_102X_mcRun2_asymptotic_v7-v1__NANOAODSIM -n 6 -c ll -y 2016
TClass::Init:0: RuntimeWarning: no dictionary for class ROOT::TIOFeatures is available
/work/pbaertsc/heavy_resonance/CMSSW_9_4_6/python/PhysicsTools/NanoAODTools/postprocessing/framework/treeReaderArrayTools.py:69: RuntimeWarning: creating executor for unknown type "ULong64_t*"
  ret = _vr.Get()[0]
JEC= Summer16_07Aug2017_V11_MC 	 JER= Summer16_25nsV1_MC
MET branch= PuppiMET
JEC= Summer16_07Aug2017_V11_MC 	 JER= Summer16_25nsV1_MC
MET branch= PuppiMET
--------------------------------------------------------------------------------
input files  = ['root://cms-xrd-global.cern.ch//store/mc/RunIISummer16NanoAODv6/ZZTo2L2Nu_13TeV_powheg_pythia8/NANOAODSIM/PUMoriond17_Nano25Oct2019_102X_mcRun2_asymptotic_v7-v1/100000/6A3E5B7C-D66C-794C-BD66-D33A853F5407.root']
output directory = /work/pbaertsc/heavy_resonance/output_2016/ZZTo2L2Nu_13TeV_powheg_pythia8__RunIISummer16NanoAODv6-PUMoriond17_Nano25Oct2019_102X_mcRun2_asymptotic_v7-v1__NANOAODSIM
output file  = ZZTo2L2Nu_13TeV_powheg_pythia8__RunIISummer16NanoAODv6-PUMoriond17_Nano25Oct2019_102X_mcRun2_asymptotic_v7-v1__NANOAODSIM_6_ll.root
chunck       = 6
channel      = ll
dataType     = mc
year         = 2016
tes          = 1.0
ltf          = 1.0
jtf          = 1.0
--------------------------------------------------------------------------------
job.py: creating PostProcessor...
TreeProducer is called /work/pbaertsc/heavy_resonance/output_2016/ZZTo2L2Nu_13TeV_powheg_pythia8__RunIISummer16NanoAODv6-PUMoriond17_Nano25Oct2019_102X_mcRun2_asymptotic_v7-v1__NANOAODSIM/ZZTo2L2Nu_13TeV_powheg_pythia8__RunIISummer16NanoAODv6-PUMoriond17_Nano25Oct2019_102X_mcRun2_asymptotic_v7-v1__NANOAODSIM_6_ll.root
job.py: going to run PostProcessor...
Will write selected trees to /work/pbaertsc/heavy_resonance/output_2016/ZZTo2L2Nu_13TeV_powheg_pythia8__RunIISummer16NanoAODv6-PUMoriond17_Nano25Oct2019_102X_mcRun2_asymptotic_v7-v1__NANOAODSIM
Loading jet energy scale (JES) uncertainties from file '/tmp/tmpPTnXfb/Summer16_07Aug2017_V11_MC_Uncertainty_AK4PFchs.txt'
Loading jet energy resolutions (JER) from file '/tmp/tmpGUuOeP/Summer16_25nsV1_MC_PtResolution_AK4PFchs.txt'
Loading JER scale factors and uncertainties from file '/tmp/tmpGUuOeP/Summer16_25nsV1_MC_SF_AK4PFchs.txt'
Loading jet energy scale (JES) uncertainties from file '/tmp/tmp6FtsK4/Summer16_07Aug2017_V11_MC_Uncertainty_AK8PFPuppi.txt'
Loading jet energy resolutions (JER) from file '/tmp/tmpUY9KN_/Summer16_25nsV1_MC_PtResolution_AK8PFPuppi.txt'
Loading JER scale factors and uncertainties from file '/tmp/tmpUY9KN_/Summer16_25nsV1_MC_SF_AK8PFPuppi.txt'
Pre-select 2014300 entries out of 2014300 (100.00%)
nanoAODv5? True
ZtoMM trigger inconsistency
Bad event
Processed    10000/ 2014300 entries,  0.50% (elapsed time    96.8s, curr speed    0.103 kHz, avg speed    0.103 kHz), accepted       53/   10001 events ( 0.53%)
ZtoMM trigger inconsistency
Processed    20000/ 2014300 entries,  0.99% (elapsed time   190.6s, curr speed    0.107 kHz, avg speed    0.105 kHz), accepted       90/   20001 events ( 0.45%)
ZtoMM trigger inconsistency
ZtoMM trigger inconsistency
ZtoMM trigger inconsistency
Processed    30000/ 2014300 entries,  1.49% (elapsed time   283.4s, curr speed    0.108 kHz, avg speed    0.106 kHz), accepted      130/   30001 events ( 0.43%)
Processed    40000/ 2014300 entries,  1.99% (elapsed time   375.9s, curr speed    0.108 kHz, avg speed    0.106 kHz), accepted      170/   40001 events ( 0.42%)
ZtoMM trigger inconsistency
Bad event
Processed    50000/ 2014300 entries,  2.48% (elapsed time   468.9s, curr speed    0.108 kHz, avg speed    0.107 kHz), accepted      213/   50001 events ( 0.43%)
ZtoMM trigger inconsistency
ZtoMM trigger inconsistency
ZtoMM trigger inconsistency
ZtoMM trigger inconsistency
Processed    60000/ 2014300 entries,  2.98% (elapsed time   562.3s, curr speed    0.107 kHz, avg speed    0.107 kHz), accepted      260/   60001 events ( 0.43%)
ZtoMM trigger inconsistency
ZtoMM trigger inconsistency
Processed    70000/ 2014300 entries,  3.48% (elapsed time   654.5s, curr speed    0.109 kHz, avg speed    0.107 kHz), accepted      299/   70001 events ( 0.43%)
ZtoMM trigger inconsistency
ZtoMM trigger inconsistency
ZtoMM trigger inconsistency
Processed    80000/ 2014300 entries,  3.97% (elapsed time   746.7s, curr speed    0.108 kHz, avg speed    0.107 kHz), accepted      345/   80001 events ( 0.43%)
ZtoMM trigger inconsistency
ZtoMM trigger inconsistency
ZtoMM trigger inconsistency
ZtoMM trigger inconsistency
ZtoMM trigger inconsistency
Processed    90000/ 2014300 entries,  4.47% (elapsed time   838.5s, curr speed    0.109 kHz, avg speed    0.107 kHz), accepted      384/   90001 events ( 0.43%)
ZtoMM trigger inconsistency
Processed   100000/ 2014300 entries,  4.96% (elapsed time   931.9s, curr speed    0.107 kHz, avg speed    0.107 kHz), accepted      426/  100001 events ( 0.43%)
ZtoMM trigger inconsistency
ZtoMM trigger inconsistency
ZtoMM trigger inconsistency
Processed   110000/ 2014300 entries,  5.46% (elapsed time  1025.4s, curr speed    0.107 kHz, avg speed    0.107 kHz), accepted      465/  110001 events ( 0.42%)
ZtoMM trigger inconsistency
ZtoMM trigger inconsistency
Processed   120000/ 2014300 entries,  5.96% (elapsed time  1117.7s, curr speed    0.108 kHz, avg speed    0.107 kHz), accepted      500/  120001 events ( 0.42%)
ZtoMM trigger inconsistency
Processed   130000/ 2014300 entries,  6.45% (elapsed time  1210.5s, curr speed    0.108 kHz, avg speed    0.107 kHz), accepted      553/  130001 events ( 0.43%)
ZtoEE trigger inconsistency
ZtoMM trigger inconsistency
TtoEM trigger inconsistency
Processed   140000/ 2014300 entries,  6.95% (elapsed time  1303.1s, curr speed    0.108 kHz, avg speed    0.107 kHz), accepted      601/  140001 events ( 0.43%)
ZtoMM trigger inconsistency
Processed   150000/ 2014300 entries,  7.45% (elapsed time  1396.2s, curr speed    0.107 kHz, avg speed    0.107 kHz), accepted      649/  150001 events ( 0.43%)
ZtoMM trigger inconsistency
Bad event
ZtoMM trigger inconsistency
ZtoMM trigger inconsistency
ZtoMM trigger inconsistency
Processed   160000/ 2014300 entries,  7.94% (elapsed time  1489.0s, curr speed    0.108 kHz, avg speed    0.107 kHz), accepted      682/  160001 events ( 0.43%)
ZtoMM trigger inconsistency
ZtoMM trigger inconsistency
ZtoMM trigger inconsistency
Processed   170000/ 2014300 entries,  8.44% (elapsed time  1581.8s, curr speed    0.108 kHz, avg speed    0.107 kHz), accepted      714/  170001 events ( 0.42%)
ZtoEE trigger inconsistency
ZtoMM trigger inconsistency
Processed   180000/ 2014300 entries,  8.94% (elapsed time  1674.4s, curr speed    0.108 kHz, avg speed    0.108 kHz), accepted      768/  180001 events ( 0.43%)
ZtoMM trigger inconsistency
ZtoMM trigger inconsistency
Processed   190000/ 2014300 entries,  9.43% (elapsed time  1767.5s, curr speed    0.107 kHz, avg speed    0.107 kHz), accepted      807/  190001 events ( 0.42%)
ZtoMM trigger inconsistency
ZtoMM trigger inconsistency
ZtoMM trigger inconsistency
ZtoMM trigger inconsistency
ZtoMM trigger inconsistency
TtoEM trigger inconsistency
ZtoMM trigger inconsistency
ZtoMM trigger inconsistency
ZtoMM trigger inconsistency
Processed   200000/ 2014300 entries,  9.93% (elapsed time  1859.9s, curr speed    0.108 kHz, avg speed    0.108 kHz), accepted      852/  200001 events ( 0.43%)
ZtoMM trigger inconsistency
ZtoMM trigger inconsistency
Processed   210000/ 2014300 entries, 10.43% (elapsed time  1951.9s, curr speed    0.109 kHz, avg speed    0.108 kHz), accepted      891/  210001 events ( 0.42%)
Processed   220000/ 2014300 entries, 10.92% (elapsed time  2044.9s, curr speed    0.107 kHz, avg speed    0.108 kHz), accepted      932/  220001 events ( 0.42%)
ZtoMM trigger inconsistency
Processed   230000/ 2014300 entries, 11.42% (elapsed time  2137.8s, curr speed    0.108 kHz, avg speed    0.108 kHz), accepted      971/  230001 events ( 0.42%)
ZtoMM trigger inconsistency
Bad event
TtoEM trigger inconsistency
ZtoMM trigger inconsistency
Processed   240000/ 2014300 entries, 11.91% (elapsed time  2229.9s, curr speed    0.109 kHz, avg speed    0.108 kHz), accepted     1010/  240001 events ( 0.42%)
ZtoMM trigger inconsistency
Processed   250000/ 2014300 entries, 12.41% (elapsed time  2322.6s, curr speed    0.108 kHz, avg speed    0.108 kHz), accepted     1058/  250001 events ( 0.42%)
Processed   260000/ 2014300 entries, 12.91% (elapsed time  2415.8s, curr speed    0.107 kHz, avg speed    0.108 kHz), accepted     1102/  260001 events ( 0.42%)
Processed   270000/ 2014300 entries, 13.40% (elapsed time  2507.1s, curr speed    0.110 kHz, avg speed    0.108 kHz), accepted     1130/  270001 events ( 0.42%)
ZtoMM trigger inconsistency
ZtoMM trigger inconsistency
ZtoMM trigger inconsistency
Processed   280000/ 2014300 entries, 13.90% (elapsed time  2600.2s, curr speed    0.107 kHz, avg speed    0.108 kHz), accepted     1170/  280001 events ( 0.42%)
Bad event
ZtoMM trigger inconsistency
ZtoMM trigger inconsistency
Processed   290000/ 2014300 entries, 14.40% (elapsed time  2692.7s, curr speed    0.108 kHz, avg speed    0.108 kHz), accepted     1213/  290001 events ( 0.42%)
ZtoMM trigger inconsistency
TtoEM trigger inconsistency
ZtoMM trigger inconsistency
TtoEM trigger inconsistency
ZtoMM trigger inconsistency
Processed   300000/ 2014300 entries, 14.89% (elapsed time  2785.8s, curr speed    0.107 kHz, avg speed    0.108 kHz), accepted     1265/  300001 events ( 0.42%)
ZtoMM trigger inconsistency
ZtoEE trigger inconsistency
ZtoMM trigger inconsistency
ZtoMM trigger inconsistency
ZtoMM trigger inconsistency
Processed   310000/ 2014300 entries, 15.39% (elapsed time  2878.8s, curr speed    0.108 kHz, avg speed    0.108 kHz), accepted     1313/  310001 events ( 0.42%)
ZtoMM trigger inconsistency
Processed   320000/ 2014300 entries, 15.89% (elapsed time  2972.4s, curr speed    0.107 kHz, avg speed    0.108 kHz), accepted     1341/  320001 events ( 0.42%)
ZtoMM trigger inconsistency
Processed   330000/ 2014300 entries, 16.38% (elapsed time  3065.0s, curr speed    0.108 kHz, avg speed    0.108 kHz), accepted     1389/  330001 events ( 0.42%)
ZtoMM trigger inconsistency
ZtoEE trigger inconsistency
Processed   340000/ 2014300 entries, 16.88% (elapsed time  3159.4s, curr speed    0.106 kHz, avg speed    0.108 kHz), accepted     1430/  340001 events ( 0.42%)
ZtoMM trigger inconsistency
ZtoMM trigger inconsistency
Bad event
Processed   350000/ 2014300 entries, 17.38% (elapsed time  3252.3s, curr speed    0.108 kHz, avg speed    0.108 kHz), accepted     1464/  350001 events ( 0.42%)
Processed   360000/ 2014300 entries, 17.87% (elapsed time  3344.5s, curr speed    0.108 kHz, avg speed    0.108 kHz), accepted     1512/  360001 events ( 0.42%)
Processed   370000/ 2014300 entries, 18.37% (elapsed time  3437.8s, curr speed    0.107 kHz, avg speed    0.108 kHz), accepted     1536/  370001 events ( 0.42%)
Processed   380000/ 2014300 entries, 18.87% (elapsed time  3529.9s, curr speed    0.109 kHz, avg speed    0.108 kHz), accepted     1576/  380001 events ( 0.41%)
ZtoMM trigger inconsistency
ZtoEE trigger inconsistency
ZtoMM trigger inconsistency
ZtoMM trigger inconsistency
Processed   390000/ 2014300 entries, 19.36% (elapsed time  3622.8s, curr speed    0.108 kHz, avg speed    0.108 kHz), accepted     1613/  390001 events ( 0.41%)
ZtoMM trigger inconsistency
ZtoMM trigger inconsistency
ZtoMM trigger inconsistency
Processed   400000/ 2014300 entries, 19.86% (elapsed time  3716.2s, curr speed    0.107 kHz, avg speed    0.108 kHz), accepted     1646/  400001 events ( 0.41%)
ZtoMM trigger inconsistency
Processed   410000/ 2014300 entries, 20.35% (elapsed time  3809.4s, curr speed    0.107 kHz, avg speed    0.108 kHz), accepted     1683/  410001 events ( 0.41%)
ZtoEE trigger inconsistency
ZtoMM trigger inconsistency
Processed   420000/ 2014300 entries, 20.85% (elapsed time  3901.0s, curr speed    0.109 kHz, avg speed    0.108 kHz), accepted     1723/  420001 events ( 0.41%)
ZtoMM trigger inconsistency
Processed   430000/ 2014300 entries, 21.35% (elapsed time  3993.2s, curr speed    0.108 kHz, avg speed    0.108 kHz), accepted     1763/  430001 events ( 0.41%)
Processed   440000/ 2014300 entries, 21.84% (elapsed time  4085.5s, curr speed    0.108 kHz, avg speed    0.108 kHz), accepted     1809/  440001 events ( 0.41%)
ZtoMM trigger inconsistency
ZtoMM trigger inconsistency
Processed   450000/ 2014300 entries, 22.34% (elapsed time  4178.4s, curr speed    0.108 kHz, avg speed    0.108 kHz), accepted     1852/  450001 events ( 0.41%)
ZtoEE trigger inconsistency
Processed   460000/ 2014300 entries, 22.84% (elapsed time  4271.1s, curr speed    0.108 kHz, avg speed    0.108 kHz), accepted     1892/  460001 events ( 0.41%)
ZtoMM trigger inconsistency
ZtoMM trigger inconsistency
ZtoMM trigger inconsistency
Processed   470000/ 2014300 entries, 23.33% (elapsed time  4364.1s, curr speed    0.108 kHz, avg speed    0.108 kHz), accepted     1927/  470001 events ( 0.41%)
ZtoMM trigger inconsistency
ZtoMM trigger inconsistency
Processed   480000/ 2014300 entries, 23.83% (elapsed time  4456.2s, curr speed    0.109 kHz, avg speed    0.108 kHz), accepted     1963/  480001 events ( 0.41%)
ZtoMM trigger inconsistency
Processed   490000/ 2014300 entries, 24.33% (elapsed time  4548.5s, curr speed    0.108 kHz, avg speed    0.108 kHz), accepted     2003/  490001 events ( 0.41%)
ZtoMM trigger inconsistency
Processed   500000/ 2014300 entries, 24.82% (elapsed time  4640.3s, curr speed    0.109 kHz, avg speed    0.108 kHz), accepted     2048/  500001 events ( 0.41%)
ZtoMM trigger inconsistency
ZtoMM trigger inconsistency
ZtoMM trigger inconsistency
Processed   510000/ 2014300 entries, 25.32% (elapsed time  4732.3s, curr speed    0.109 kHz, avg speed    0.108 kHz), accepted     2080/  510001 events ( 0.41%)
ZtoMM trigger inconsistency
ZtoMM trigger inconsistency
ZtoMM trigger inconsistency
ZtoMM trigger inconsistency
ZtoMM trigger inconsistency
Processed   520000/ 2014300 entries, 25.82% (elapsed time  4822.8s, curr speed    0.110 kHz, avg speed    0.108 kHz), accepted     2123/  520001 events ( 0.41%)
ZtoEE trigger inconsistency
Processed   530000/ 2014300 entries, 26.31% (elapsed time  4914.4s, curr speed    0.109 kHz, avg speed    0.108 kHz), accepted     2159/  530001 events ( 0.41%)
Processed   540000/ 2014300 entries, 26.81% (elapsed time  5005.8s, curr speed    0.109 kHz, avg speed    0.108 kHz), accepted     2198/  540001 events ( 0.41%)
TtoEM trigger inconsistency
Processed   550000/ 2014300 entries, 27.30% (elapsed time  5096.8s, curr speed    0.110 kHz, avg speed    0.108 kHz), accepted     2245/  550001 events ( 0.41%)
ZtoMM trigger inconsistency
ZtoMM trigger inconsistency
ZtoEE trigger inconsistency
ZtoMM trigger inconsistency
Processed   560000/ 2014300 entries, 27.80% (elapsed time  5189.3s, curr speed    0.108 kHz, avg speed    0.108 kHz), accepted     2290/  560001 events ( 0.41%)
Processed   570000/ 2014300 entries, 28.30% (elapsed time  5281.5s, curr speed    0.109 kHz, avg speed    0.108 kHz), accepted     2330/  570001 events ( 0.41%)
ZtoMM trigger inconsistency
ZtoMM trigger inconsistency
ZtoMM trigger inconsistency
Processed   580000/ 2014300 entries, 28.79% (elapsed time  5372.4s, curr speed    0.110 kHz, avg speed    0.108 kHz), accepted     2373/  580001 events ( 0.41%)
ZtoMM trigger inconsistency
ZtoMM trigger inconsistency
Processed   590000/ 2014300 entries, 29.29% (elapsed time  5466.2s, curr speed    0.107 kHz, avg speed    0.108 kHz), accepted     2404/  590001 events ( 0.41%)
Processed   600000/ 2014300 entries, 29.79% (elapsed time  5559.9s, curr speed    0.107 kHz, avg speed    0.108 kHz), accepted     2443/  600001 events ( 0.41%)
ZtoMM trigger inconsistency
ZtoEE trigger inconsistency
ZtoEE trigger inconsistency
Processed   610000/ 2014300 entries, 30.28% (elapsed time  5652.0s, curr speed    0.109 kHz, avg speed    0.108 kHz), accepted     2486/  610001 events ( 0.41%)
ZtoMM trigger inconsistency
ZtoMM trigger inconsistency
ZtoMM trigger inconsistency
ZtoMM trigger inconsistency
ZtoMM trigger inconsistency
Processed   620000/ 2014300 entries, 30.78% (elapsed time  5744.6s, curr speed    0.108 kHz, avg speed    0.108 kHz), accepted     2530/  620001 events ( 0.41%)
ZtoMM trigger inconsistency
ZtoMM trigger inconsistency
ZtoMM trigger inconsistency
ZtoMM trigger inconsistency
ZtoMM trigger inconsistency
Processed   630000/ 2014300 entries, 31.28% (elapsed time  5836.2s, curr speed    0.109 kHz, avg speed    0.108 kHz), accepted     2562/  630001 events ( 0.41%)
ZtoMM trigger inconsistency
ZtoMM trigger inconsistency
ZtoMM trigger inconsistency
ZtoEE trigger inconsistency
Processed   640000/ 2014300 entries, 31.77% (elapsed time  5927.5s, curr speed    0.110 kHz, avg speed    0.108 kHz), accepted     2611/  640001 events ( 0.41%)
ZtoEE trigger inconsistency
%MSG-e SimpleJetCorrectionUncertainty: 
 bin variables out of range
%MSG
%MSG-e SimpleJetCorrectionUncertainty: 
 bin variables out of range
%MSG
Processed   650000/ 2014300 entries, 32.27% (elapsed time  6019.8s, curr speed    0.108 kHz, avg speed    0.108 kHz), accepted     2654/  650001 events ( 0.41%)
ZtoMM trigger inconsistency
Processed   660000/ 2014300 entries, 32.77% (elapsed time  6112.0s, curr speed    0.108 kHz, avg speed    0.108 kHz), accepted     2701/  660001 events ( 0.41%)
ZtoMM trigger inconsistency
Processed   670000/ 2014300 entries, 33.26% (elapsed time  6203.6s, curr speed    0.109 kHz, avg speed    0.108 kHz), accepted     2734/  670001 events ( 0.41%)
ZtoMM trigger inconsistency
Processed   680000/ 2014300 entries, 33.76% (elapsed time  6294.8s, curr speed    0.110 kHz, avg speed    0.108 kHz), accepted     2779/  680001 events ( 0.41%)
ZtoMM trigger inconsistency
ZtoMM trigger inconsistency
%MSG-e SimpleJetCorrectionUncertainty: 
 bin variables out of range
%MSG
%MSG-e SimpleJetCorrectionUncertainty: 
 bin variables out of range
%MSG
Processed   690000/ 2014300 entries, 34.26% (elapsed time  6385.4s, curr speed    0.110 kHz, avg speed    0.108 kHz), accepted     2813/  690001 events ( 0.41%)
ZtoMM trigger inconsistency
ZtoMM trigger inconsistency
Processed   700000/ 2014300 entries, 34.75% (elapsed time  6476.3s, curr speed    0.110 kHz, avg speed    0.108 kHz), accepted     2844/  700001 events ( 0.41%)
ZtoMM trigger inconsistency
Processed   710000/ 2014300 entries, 35.25% (elapsed time  6567.2s, curr speed    0.110 kHz, avg speed    0.108 kHz), accepted     2888/  710001 events ( 0.41%)
ZtoMM trigger inconsistency
Processed   720000/ 2014300 entries, 35.74% (elapsed time  6657.7s, curr speed    0.111 kHz, avg speed    0.108 kHz), accepted     2931/  720001 events ( 0.41%)
TtoEM trigger inconsistency
ZtoMM trigger inconsistency
Processed   730000/ 2014300 entries, 36.24% (elapsed time  6748.8s, curr speed    0.110 kHz, avg speed    0.108 kHz), accepted     2967/  730001 events ( 0.41%)
ZtoMM trigger inconsistency
ZtoMM trigger inconsistency
ZtoMM trigger inconsistency
Processed   740000/ 2014300 entries, 36.74% (elapsed time  6838.1s, curr speed    0.112 kHz, avg speed    0.108 kHz), accepted     3015/  740001 events ( 0.41%)
Bad event
Processed   750000/ 2014300 entries, 37.23% (elapsed time  6928.9s, curr speed    0.110 kHz, avg speed    0.108 kHz), accepted     3052/  750001 events ( 0.41%)
ZtoMM trigger inconsistency
Processed   760000/ 2014300 entries, 37.73% (elapsed time  7019.1s, curr speed    0.111 kHz, avg speed    0.108 kHz), accepted     3096/  760001 events ( 0.41%)
ZtoMM trigger inconsistency
ZtoMM trigger inconsistency
Processed   770000/ 2014300 entries, 38.23% (elapsed time  7109.1s, curr speed    0.111 kHz, avg speed    0.108 kHz), accepted     3124/  770001 events ( 0.41%)
ZtoMM trigger inconsistency
ZtoMM trigger inconsistency
Processed   780000/ 2014300 entries, 38.72% (elapsed time  7199.1s, curr speed    0.111 kHz, avg speed    0.108 kHz), accepted     3168/  780001 events ( 0.41%)
ZtoMM trigger inconsistency
Bad event
Processed   790000/ 2014300 entries, 39.22% (elapsed time  7290.1s, curr speed    0.110 kHz, avg speed    0.108 kHz), accepted     3215/  790001 events ( 0.41%)
ZtoMM trigger inconsistency
ZtoMM trigger inconsistency
Processed   800000/ 2014300 entries, 39.72% (elapsed time  7381.4s, curr speed    0.110 kHz, avg speed    0.108 kHz), accepted     3250/  800001 events ( 0.41%)
ZtoEE trigger inconsistency
Processed   810000/ 2014300 entries, 40.21% (elapsed time  7471.7s, curr speed    0.111 kHz, avg speed    0.108 kHz), accepted     3283/  810001 events ( 0.41%)
TtoEM trigger inconsistency
ZtoMM trigger inconsistency
Processed   820000/ 2014300 entries, 40.71% (elapsed time  7562.6s, curr speed    0.110 kHz, avg speed    0.108 kHz), accepted     3322/  820001 events ( 0.41%)
Processed   830000/ 2014300 entries, 41.21% (elapsed time  7653.3s, curr speed    0.110 kHz, avg speed    0.108 kHz), accepted     3352/  830001 events ( 0.40%)
ZtoMM trigger inconsistency
ZtoMM trigger inconsistency
Processed   840000/ 2014300 entries, 41.70% (elapsed time  7743.3s, curr speed    0.111 kHz, avg speed    0.108 kHz), accepted     3392/  840001 events ( 0.40%)
ZtoMM trigger inconsistency
Processed   850000/ 2014300 entries, 42.20% (elapsed time  7834.2s, curr speed    0.110 kHz, avg speed    0.108 kHz), accepted     3438/  850001 events ( 0.40%)
ZtoMM trigger inconsistency
ZtoMM trigger inconsistency
TtoEM trigger inconsistency
Processed   860000/ 2014300 entries, 42.69% (elapsed time  7925.5s, curr speed    0.110 kHz, avg speed    0.109 kHz), accepted     3487/  860001 events ( 0.41%)
ZtoMM trigger inconsistency
Processed   870000/ 2014300 entries, 43.19% (elapsed time  8015.9s, curr speed    0.111 kHz, avg speed    0.109 kHz), accepted     3530/  870001 events ( 0.41%)
ZtoMM trigger inconsistency
ZtoMM trigger inconsistency
ZtoEE trigger inconsistency
ZtoMM trigger inconsistency
ZtoMM trigger inconsistency
Processed   880000/ 2014300 entries, 43.69% (elapsed time  8106.7s, curr speed    0.110 kHz, avg speed    0.109 kHz), accepted     3564/  880001 events ( 0.40%)
Processed   890000/ 2014300 entries, 44.18% (elapsed time  8196.9s, curr speed    0.111 kHz, avg speed    0.109 kHz), accepted     3610/  890001 events ( 0.41%)
Processed   900000/ 2014300 entries, 44.68% (elapsed time  8287.4s, curr speed    0.110 kHz, avg speed    0.109 kHz), accepted     3657/  900001 events ( 0.41%)
ZtoMM trigger inconsistency
ZtoMM trigger inconsistency
ZtoMM trigger inconsistency
Processed   910000/ 2014300 entries, 45.18% (elapsed time  8377.6s, curr speed    0.111 kHz, avg speed    0.109 kHz), accepted     3695/  910001 events ( 0.41%)
ZtoMM trigger inconsistency
ZtoMM trigger inconsistency
Processed   920000/ 2014300 entries, 45.67% (elapsed time  8467.1s, curr speed    0.112 kHz, avg speed    0.109 kHz), accepted     3735/  920001 events ( 0.41%)
ZtoMM trigger inconsistency
ZtoMM trigger inconsistency
Processed   930000/ 2014300 entries, 46.17% (elapsed time  8558.1s, curr speed    0.110 kHz, avg speed    0.109 kHz), accepted     3772/  930001 events ( 0.41%)
ZtoMM trigger inconsistency
Processed   940000/ 2014300 entries, 46.67% (elapsed time  8648.8s, curr speed    0.110 kHz, avg speed    0.109 kHz), accepted     3809/  940001 events ( 0.41%)
Processed   950000/ 2014300 entries, 47.16% (elapsed time  8738.4s, curr speed    0.112 kHz, avg speed    0.109 kHz), accepted     3849/  950001 events ( 0.41%)
ZtoMM trigger inconsistency
ZtoMM trigger inconsistency
Processed   960000/ 2014300 entries, 47.66% (elapsed time  8828.8s, curr speed    0.111 kHz, avg speed    0.109 kHz), accepted     3887/  960001 events ( 0.40%)
ZtoMM trigger inconsistency
ZtoMM trigger inconsistency
ZtoMM trigger inconsistency
Processed   970000/ 2014300 entries, 48.16% (elapsed time  8920.2s, curr speed    0.109 kHz, avg speed    0.109 kHz), accepted     3930/  970001 events ( 0.41%)
ZtoMM trigger inconsistency
%MSG-e SimpleJetCorrectionUncertainty: 
 bin variables out of range
%MSG
%MSG-e SimpleJetCorrectionUncertainty: 
 bin variables out of range
%MSG
ZtoMM trigger inconsistency
ZtoMM trigger inconsistency
Processed   980000/ 2014300 entries, 48.65% (elapsed time  9010.7s, curr speed    0.110 kHz, avg speed    0.109 kHz), accepted     3968/  980001 events ( 0.40%)
ZtoMM trigger inconsistency
ZtoMM trigger inconsistency
ZtoEE trigger inconsistency
Processed   990000/ 2014300 entries, 49.15% (elapsed time  9102.3s, curr speed    0.109 kHz, avg speed    0.109 kHz), accepted     4001/  990001 events ( 0.40%)
ZtoMM trigger inconsistency
Processed  1000000/ 2014300 entries, 49.65% (elapsed time  9192.1s, curr speed    0.111 kHz, avg speed    0.109 kHz), accepted     4048/ 1000001 events ( 0.40%)
Processed  1010000/ 2014300 entries, 50.14% (elapsed time  9283.3s, curr speed    0.110 kHz, avg speed    0.109 kHz), accepted     4088/ 1010001 events ( 0.40%)
TtoEM trigger inconsistency
ZtoMM trigger inconsistency
ZtoMM trigger inconsistency
ZtoMM trigger inconsistency
Processed  1020000/ 2014300 entries, 50.64% (elapsed time  9374.3s, curr speed    0.110 kHz, avg speed    0.109 kHz), accepted     4128/ 1020001 events ( 0.40%)
ZtoMM trigger inconsistency
ZtoMM trigger inconsistency
Processed  1030000/ 2014300 entries, 51.13% (elapsed time  9463.3s, curr speed    0.112 kHz, avg speed    0.109 kHz), accepted     4168/ 1030001 events ( 0.40%)
ZtoMM trigger inconsistency
ZtoMM trigger inconsistency
ZtoMM trigger inconsistency
Processed  1040000/ 2014300 entries, 51.63% (elapsed time  9554.4s, curr speed    0.110 kHz, avg speed    0.109 kHz), accepted     4196/ 1040001 events ( 0.40%)
ZtoMM trigger inconsistency
Processed  1050000/ 2014300 entries, 52.13% (elapsed time  9646.2s, curr speed    0.109 kHz, avg speed    0.109 kHz), accepted     4235/ 1050001 events ( 0.40%)
ZtoEE trigger inconsistency
ZtoMM trigger inconsistency
Processed  1060000/ 2014300 entries, 52.62% (elapsed time  9735.9s, curr speed    0.111 kHz, avg speed    0.109 kHz), accepted     4277/ 1060001 events ( 0.40%)
TtoEM trigger inconsistency
ZtoMM trigger inconsistency
ZtoMM trigger inconsistency
Processed  1070000/ 2014300 entries, 53.12% (elapsed time  9826.4s, curr speed    0.110 kHz, avg speed    0.109 kHz), accepted     4311/ 1070001 events ( 0.40%)
ZtoMM trigger inconsistency
Processed  1080000/ 2014300 entries, 53.62% (elapsed time  9917.1s, curr speed    0.110 kHz, avg speed    0.109 kHz), accepted     4357/ 1080001 events ( 0.40%)
ZtoMM trigger inconsistency
ZtoEE trigger inconsistency
ZtoMM trigger inconsistency
ZtoEE trigger inconsistency
ZtoMM trigger inconsistency
ZtoMM trigger inconsistency
Processed  1090000/ 2014300 entries, 54.11% (elapsed time 10007.9s, curr speed    0.110 kHz, avg speed    0.109 kHz), accepted     4397/ 1090001 events ( 0.40%)
ZtoMM trigger inconsistency
ZtoMM trigger inconsistency
Processed  1100000/ 2014300 entries, 54.61% (elapsed time 10099.0s, curr speed    0.110 kHz, avg speed    0.109 kHz), accepted     4426/ 1100001 events ( 0.40%)
ZtoMM trigger inconsistency
ZtoMM trigger inconsistency
Processed  1110000/ 2014300 entries, 55.11% (elapsed time 10189.3s, curr speed    0.111 kHz, avg speed    0.109 kHz), accepted     4476/ 1110001 events ( 0.40%)
ZtoMM trigger inconsistency
Processed  1120000/ 2014300 entries, 55.60% (elapsed time 10281.9s, curr speed    0.108 kHz, avg speed    0.109 kHz), accepted     4509/ 1120001 events ( 0.40%)
ZtoMM trigger inconsistency
ZtoEE trigger inconsistency
ZtoMM trigger inconsistency
ZtoMM trigger inconsistency
Processed  1130000/ 2014300 entries, 56.10% (elapsed time 10378.0s, curr speed    0.104 kHz, avg speed    0.109 kHz), accepted     4553/ 1130001 events ( 0.40%)
ZtoMM trigger inconsistency
ZtoEE trigger inconsistency
Processed  1140000/ 2014300 entries, 56.60% (elapsed time 10468.8s, curr speed    0.110 kHz, avg speed    0.109 kHz), accepted     4593/ 1140001 events ( 0.40%)
ZtoMM trigger inconsistency
ZtoMM trigger inconsistency
ZtoMM trigger inconsistency
ZtoMM trigger inconsistency
Processed  1150000/ 2014300 entries, 57.09% (elapsed time 10559.5s, curr speed    0.110 kHz, avg speed    0.109 kHz), accepted     4623/ 1150001 events ( 0.40%)
ZtoMM trigger inconsistency
ZtoMM trigger inconsistency
ZtoMM trigger inconsistency
Processed  1160000/ 2014300 entries, 57.59% (elapsed time 10650.0s, curr speed    0.110 kHz, avg speed    0.109 kHz), accepted     4665/ 1160001 events ( 0.40%)
ZtoMM trigger inconsistency
ZtoMM trigger inconsistency
ZtoMM trigger inconsistency
ZtoMM trigger inconsistency
Processed  1170000/ 2014300 entries, 58.08% (elapsed time 10740.6s, curr speed    0.110 kHz, avg speed    0.109 kHz), accepted     4711/ 1170001 events ( 0.40%)
ZtoMM trigger inconsistency
ZtoEE trigger inconsistency
Processed  1180000/ 2014300 entries, 58.58% (elapsed time 10831.4s, curr speed    0.110 kHz, avg speed    0.109 kHz), accepted     4756/ 1180001 events ( 0.40%)
ZtoMM trigger inconsistency
Processed  1190000/ 2014300 entries, 59.08% (elapsed time 10921.4s, curr speed    0.111 kHz, avg speed    0.109 kHz), accepted     4792/ 1190001 events ( 0.40%)
ZtoMM trigger inconsistency
ZtoMM trigger inconsistency
Processed  1200000/ 2014300 entries, 59.57% (elapsed time 11012.6s, curr speed    0.110 kHz, avg speed    0.109 kHz), accepted     4834/ 1200001 events ( 0.40%)
ZtoMM trigger inconsistency
Processed  1210000/ 2014300 entries, 60.07% (elapsed time 11107.8s, curr speed    0.105 kHz, avg speed    0.109 kHz), accepted     4879/ 1210001 events ( 0.40%)
ZtoEE trigger inconsistency
ZtoMM trigger inconsistency
ZtoMM trigger inconsistency
ZtoMM trigger inconsistency
Processed  1220000/ 2014300 entries, 60.57% (elapsed time 11204.1s, curr speed    0.104 kHz, avg speed    0.109 kHz), accepted     4915/ 1220001 events ( 0.40%)
ZtoMM trigger inconsistency
Processed  1230000/ 2014300 entries, 61.06% (elapsed time 11298.6s, curr speed    0.106 kHz, avg speed    0.109 kHz), accepted     4957/ 1230001 events ( 0.40%)
TtoEM trigger inconsistency
ZtoMM trigger inconsistency
Processed  1240000/ 2014300 entries, 61.56% (elapsed time 11393.8s, curr speed    0.105 kHz, avg speed    0.109 kHz), accepted     4988/ 1240001 events ( 0.40%)
ZtoMM trigger inconsistency
ZtoMM trigger inconsistency
ZtoMM trigger inconsistency
ZtoMM trigger inconsistency
ZtoMM trigger inconsistency
ZtoMM trigger inconsistency
ZtoMM trigger inconsistency
ZtoMM trigger inconsistency
ZtoMM trigger inconsistency
Processed  1250000/ 2014300 entries, 62.06% (elapsed time 11486.0s, curr speed    0.108 kHz, avg speed    0.109 kHz), accepted     5027/ 1250001 events ( 0.40%)
Processed  1260000/ 2014300 entries, 62.55% (elapsed time 11576.8s, curr speed    0.110 kHz, avg speed    0.109 kHz), accepted     5074/ 1260001 events ( 0.40%)
Bad event
ZtoMM trigger inconsistency
ZtoMM trigger inconsistency
Processed  1270000/ 2014300 entries, 63.05% (elapsed time 11668.1s, curr speed    0.109 kHz, avg speed    0.109 kHz), accepted     5115/ 1270001 events ( 0.40%)
ZtoMM trigger inconsistency
Processed  1280000/ 2014300 entries, 63.55% (elapsed time 11757.8s, curr speed    0.112 kHz, avg speed    0.109 kHz), accepted     5151/ 1280001 events ( 0.40%)
Processed  1290000/ 2014300 entries, 64.04% (elapsed time 11848.5s, curr speed    0.110 kHz, avg speed    0.109 kHz), accepted     5205/ 1290001 events ( 0.40%)
ZtoMM trigger inconsistency
Processed  1300000/ 2014300 entries, 64.54% (elapsed time 11938.8s, curr speed    0.111 kHz, avg speed    0.109 kHz), accepted     5239/ 1300001 events ( 0.40%)
Bad event
ZtoMM trigger inconsistency
ZtoMM trigger inconsistency
Processed  1310000/ 2014300 entries, 65.03% (elapsed time 12029.7s, curr speed    0.110 kHz, avg speed    0.109 kHz), accepted     5277/ 1310001 events ( 0.40%)
Processed  1320000/ 2014300 entries, 65.53% (elapsed time 12119.8s, curr speed    0.111 kHz, avg speed    0.109 kHz), accepted     5318/ 1320001 events ( 0.40%)
ZtoMM trigger inconsistency
TtoEM trigger inconsistency
Processed  1330000/ 2014300 entries, 66.03% (elapsed time 12211.0s, curr speed    0.110 kHz, avg speed    0.109 kHz), accepted     5363/ 1330001 events ( 0.40%)
ZtoMM trigger inconsistency
ZtoMM trigger inconsistency
Processed  1340000/ 2014300 entries, 66.52% (elapsed time 12301.1s, curr speed    0.111 kHz, avg speed    0.109 kHz), accepted     5389/ 1340001 events ( 0.40%)
ZtoMM trigger inconsistency
Processed  1350000/ 2014300 entries, 67.02% (elapsed time 12390.8s, curr speed    0.112 kHz, avg speed    0.109 kHz), accepted     5418/ 1350001 events ( 0.40%)
Processed  1360000/ 2014300 entries, 67.52% (elapsed time 12481.3s, curr speed    0.111 kHz, avg speed    0.109 kHz), accepted     5461/ 1360001 events ( 0.40%)
ZtoMM trigger inconsistency
ZtoMM trigger inconsistency
ZtoMM trigger inconsistency
Processed  1370000/ 2014300 entries, 68.01% (elapsed time 12571.9s, curr speed    0.110 kHz, avg speed    0.109 kHz), accepted     5499/ 1370001 events ( 0.40%)
ZtoMM trigger inconsistency
ZtoMM trigger inconsistency
ZtoMM trigger inconsistency
Processed  1380000/ 2014300 entries, 68.51% (elapsed time 12661.6s, curr speed    0.112 kHz, avg speed    0.109 kHz), accepted     5546/ 1380001 events ( 0.40%)
ZtoMM trigger inconsistency
ZtoEE trigger inconsistency
Processed  1390000/ 2014300 entries, 69.01% (elapsed time 12752.5s, curr speed    0.110 kHz, avg speed    0.109 kHz), accepted     5578/ 1390001 events ( 0.40%)
ZtoMM trigger inconsistency
Processed  1400000/ 2014300 entries, 69.50% (elapsed time 12843.2s, curr speed    0.110 kHz, avg speed    0.109 kHz), accepted     5625/ 1400001 events ( 0.40%)
ZtoMM trigger inconsistency
ZtoMM trigger inconsistency
ZtoEE trigger inconsistency
ZtoMM trigger inconsistency
ZtoMM trigger inconsistency
Processed  1410000/ 2014300 entries, 70.00% (elapsed time 12933.7s, curr speed    0.110 kHz, avg speed    0.109 kHz), accepted     5673/ 1410001 events ( 0.40%)
Bad event
Processed  1420000/ 2014300 entries, 70.50% (elapsed time 13023.9s, curr speed    0.111 kHz, avg speed    0.109 kHz), accepted     5715/ 1420001 events ( 0.40%)
ZtoMM trigger inconsistency
ZtoMM trigger inconsistency
ZtoMM trigger inconsistency
Processed  1430000/ 2014300 entries, 70.99% (elapsed time 13114.4s, curr speed    0.110 kHz, avg speed    0.109 kHz), accepted     5758/ 1430001 events ( 0.40%)
TtoEM trigger inconsistency
ZtoMM trigger inconsistency
Processed  1440000/ 2014300 entries, 71.49% (elapsed time 13205.3s, curr speed    0.110 kHz, avg speed    0.109 kHz), accepted     5797/ 1440001 events ( 0.40%)
ZtoMM trigger inconsistency
ZtoEE trigger inconsistency
Processed  1450000/ 2014300 entries, 71.99% (elapsed time 13295.0s, curr speed    0.111 kHz, avg speed    0.109 kHz), accepted     5849/ 1450001 events ( 0.40%)
ZtoMM trigger inconsistency
TtoEM trigger inconsistency
ZtoMM trigger inconsistency
Processed  1460000/ 2014300 entries, 72.48% (elapsed time 13385.4s, curr speed    0.111 kHz, avg speed    0.109 kHz), accepted     5891/ 1460001 events ( 0.40%)
ZtoMM trigger inconsistency
ZtoMM trigger inconsistency
ZtoMM trigger inconsistency
Processed  1470000/ 2014300 entries, 72.98% (elapsed time 13475.9s, curr speed    0.110 kHz, avg speed    0.109 kHz), accepted     5927/ 1470001 events ( 0.40%)
Processed  1480000/ 2014300 entries, 73.47% (elapsed time 13566.0s, curr speed    0.111 kHz, avg speed    0.109 kHz), accepted     5970/ 1480001 events ( 0.40%)
ZtoMM trigger inconsistency
ZtoMM trigger inconsistency
ZtoMM trigger inconsistency
Processed  1490000/ 2014300 entries, 73.97% (elapsed time 13657.0s, curr speed    0.110 kHz, avg speed    0.109 kHz), accepted     6012/ 1490001 events ( 0.40%)
ZtoMM trigger inconsistency
Processed  1500000/ 2014300 entries, 74.47% (elapsed time 13748.6s, curr speed    0.109 kHz, avg speed    0.109 kHz), accepted     6054/ 1500001 events ( 0.40%)
ZtoMM trigger inconsistency
ZtoMM trigger inconsistency
Processed  1510000/ 2014300 entries, 74.96% (elapsed time 13838.4s, curr speed    0.111 kHz, avg speed    0.109 kHz), accepted     6086/ 1510001 events ( 0.40%)
ZtoMM trigger inconsistency
ZtoMM trigger inconsistency
Processed  1520000/ 2014300 entries, 75.46% (elapsed time 13928.8s, curr speed    0.111 kHz, avg speed    0.109 kHz), accepted     6128/ 1520001 events ( 0.40%)
ZtoMM trigger inconsistency
ZtoMM trigger inconsistency
ZtoMM trigger inconsistency
Processed  1530000/ 2014300 entries, 75.96% (elapsed time 14020.2s, curr speed    0.109 kHz, avg speed    0.109 kHz), accepted     6174/ 1530001 events ( 0.40%)
ZtoMM trigger inconsistency
ZtoMM trigger inconsistency
Processed  1540000/ 2014300 entries, 76.45% (elapsed time 14109.6s, curr speed    0.112 kHz, avg speed    0.109 kHz), accepted     6217/ 1540001 events ( 0.40%)
ZtoMM trigger inconsistency
ZtoMM trigger inconsistency
ZtoEE trigger inconsistency
Processed  1550000/ 2014300 entries, 76.95% (elapsed time 14201.1s, curr speed    0.109 kHz, avg speed    0.109 kHz), accepted     6247/ 1550001 events ( 0.40%)
ZtoMM trigger inconsistency
ZtoMM trigger inconsistency
Processed  1560000/ 2014300 entries, 77.45% (elapsed time 14292.4s, curr speed    0.109 kHz, avg speed    0.109 kHz), accepted     6284/ 1560001 events ( 0.40%)
Processed  1570000/ 2014300 entries, 77.94% (elapsed time 14382.1s, curr speed    0.112 kHz, avg speed    0.109 kHz), accepted     6332/ 1570001 events ( 0.40%)
ZtoMM trigger inconsistency
ZtoMM trigger inconsistency
Processed  1580000/ 2014300 entries, 78.44% (elapsed time 14473.0s, curr speed    0.110 kHz, avg speed    0.109 kHz), accepted     6374/ 1580001 events ( 0.40%)
ZtoEE trigger inconsistency
ZtoEE trigger inconsistency
ZtoMM trigger inconsistency
Processed  1590000/ 2014300 entries, 78.94% (elapsed time 14563.9s, curr speed    0.110 kHz, avg speed    0.109 kHz), accepted     6422/ 1590001 events ( 0.40%)
ZtoMM trigger inconsistency
ZtoMM trigger inconsistency
Processed  1600000/ 2014300 entries, 79.43% (elapsed time 14653.7s, curr speed    0.111 kHz, avg speed    0.109 kHz), accepted     6473/ 1600001 events ( 0.40%)
ZtoMM trigger inconsistency
ZtoMM trigger inconsistency
ZtoMM trigger inconsistency
Processed  1610000/ 2014300 entries, 79.93% (elapsed time 14744.8s, curr speed    0.110 kHz, avg speed    0.109 kHz), accepted     6506/ 1610001 events ( 0.40%)
ZtoMM trigger inconsistency
ZtoMM trigger inconsistency
Processed  1620000/ 2014300 entries, 80.42% (elapsed time 14835.6s, curr speed    0.110 kHz, avg speed    0.109 kHz), accepted     6547/ 1620001 events ( 0.40%)
ZtoMM trigger inconsistency
ZtoMM trigger inconsistency
Processed  1630000/ 2014300 entries, 80.92% (elapsed time 14926.0s, curr speed    0.111 kHz, avg speed    0.109 kHz), accepted     6588/ 1630001 events ( 0.40%)
ZtoMM trigger inconsistency
ZtoMM trigger inconsistency
ZtoEE trigger inconsistency
ZtoMM trigger inconsistency
ZtoMM trigger inconsistency
Processed  1640000/ 2014300 entries, 81.42% (elapsed time 15016.8s, curr speed    0.110 kHz, avg speed    0.109 kHz), accepted     6625/ 1640001 events ( 0.40%)
ZtoMM trigger inconsistency
ZtoMM trigger inconsistency
ZtoMM trigger inconsistency
ZtoMM trigger inconsistency
Processed  1650000/ 2014300 entries, 81.91% (elapsed time 15106.7s, curr speed    0.111 kHz, avg speed    0.109 kHz), accepted     6660/ 1650001 events ( 0.40%)
ZtoMM trigger inconsistency
Processed  1660000/ 2014300 entries, 82.41% (elapsed time 15196.8s, curr speed    0.111 kHz, avg speed    0.109 kHz), accepted     6689/ 1660001 events ( 0.40%)
ZtoMM trigger inconsistency
Bad event
ZtoMM trigger inconsistency
Bad event
ZtoMM trigger inconsistency
Processed  1670000/ 2014300 entries, 82.91% (elapsed time 15287.4s, curr speed    0.110 kHz, avg speed    0.109 kHz), accepted     6735/ 1670001 events ( 0.40%)
ZtoMM trigger inconsistency
Processed  1680000/ 2014300 entries, 83.40% (elapsed time 15377.8s, curr speed    0.111 kHz, avg speed    0.109 kHz), accepted     6774/ 1680001 events ( 0.40%)
ZtoMM trigger inconsistency
ZtoMM trigger inconsistency
Processed  1690000/ 2014300 entries, 83.90% (elapsed time 15468.3s, curr speed    0.111 kHz, avg speed    0.109 kHz), accepted     6818/ 1690001 events ( 0.40%)
ZtoMM trigger inconsistency
ZtoMM trigger inconsistency
Processed  1700000/ 2014300 entries, 84.40% (elapsed time 15558.8s, curr speed    0.110 kHz, avg speed    0.109 kHz), accepted     6857/ 1700001 events ( 0.40%)
ZtoMM trigger inconsistency
ZtoMM trigger inconsistency
Processed  1710000/ 2014300 entries, 84.89% (elapsed time 15649.2s, curr speed    0.111 kHz, avg speed    0.109 kHz), accepted     6908/ 1710001 events ( 0.40%)
TtoEM trigger inconsistency
ZtoMM trigger inconsistency
Processed  1720000/ 2014300 entries, 85.39% (elapsed time 15740.6s, curr speed    0.109 kHz, avg speed    0.109 kHz), accepted     6949/ 1720001 events ( 0.40%)
Processed  1730000/ 2014300 entries, 85.89% (elapsed time 15831.3s, curr speed    0.110 kHz, avg speed    0.109 kHz), accepted     6991/ 1730001 events ( 0.40%)
ZtoMM trigger inconsistency
ZtoMM trigger inconsistency
ZtoMM trigger inconsistency
ZtoMM trigger inconsistency
ZtoMM trigger inconsistency
ZtoEE trigger inconsistency
Processed  1740000/ 2014300 entries, 86.38% (elapsed time 15921.9s, curr speed    0.110 kHz, avg speed    0.109 kHz), accepted     7025/ 1740001 events ( 0.40%)
ZtoMM trigger inconsistency
TtoEM trigger inconsistency
ZtoMM trigger inconsistency
ZtoMM trigger inconsistency
ZtoMM trigger inconsistency
ZtoMM trigger inconsistency
Bad event
Processed  1750000/ 2014300 entries, 86.88% (elapsed time 16013.4s, curr speed    0.109 kHz, avg speed    0.109 kHz), accepted     7058/ 1750001 events ( 0.40%)
ZtoMM trigger inconsistency
Processed  1760000/ 2014300 entries, 87.38% (elapsed time 16103.5s, curr speed    0.111 kHz, avg speed    0.109 kHz), accepted     7100/ 1760001 events ( 0.40%)
ZtoMM trigger inconsistency
TtoEM trigger inconsistency
Processed  1770000/ 2014300 entries, 87.87% (elapsed time 16193.8s, curr speed    0.111 kHz, avg speed    0.109 kHz), accepted     7134/ 1770001 events ( 0.40%)
ZtoMM trigger inconsistency
TtoEM trigger inconsistency
ZtoMM trigger inconsistency
Processed  1780000/ 2014300 entries, 88.37% (elapsed time 16284.2s, curr speed    0.111 kHz, avg speed    0.109 kHz), accepted     7169/ 1780001 events ( 0.40%)
TtoEM trigger inconsistency
Processed  1790000/ 2014300 entries, 88.86% (elapsed time 16373.4s, curr speed    0.112 kHz, avg speed    0.109 kHz), accepted     7205/ 1790001 events ( 0.40%)
ZtoMM trigger inconsistency
Processed  1800000/ 2014300 entries, 89.36% (elapsed time 16464.6s, curr speed    0.110 kHz, avg speed    0.109 kHz), accepted     7250/ 1800001 events ( 0.40%)
ZtoMM trigger inconsistency
ZtoMM trigger inconsistency
Bad event
Processed  1810000/ 2014300 entries, 89.86% (elapsed time 16555.3s, curr speed    0.110 kHz, avg speed    0.109 kHz), accepted     7298/ 1810001 events ( 0.40%)
ZtoMM trigger inconsistency
Processed  1820000/ 2014300 entries, 90.35% (elapsed time 16646.0s, curr speed    0.110 kHz, avg speed    0.109 kHz), accepted     7334/ 1820001 events ( 0.40%)
ZtoMM trigger inconsistency
Processed  1830000/ 2014300 entries, 90.85% (elapsed time 16736.3s, curr speed    0.111 kHz, avg speed    0.109 kHz), accepted     7381/ 1830001 events ( 0.40%)
ZtoMM trigger inconsistency
ZtoEE trigger inconsistency
ZtoMM trigger inconsistency
Processed  1840000/ 2014300 entries, 91.35% (elapsed time 16826.5s, curr speed    0.111 kHz, avg speed    0.109 kHz), accepted     7416/ 1840001 events ( 0.40%)
TtoEM trigger inconsistency
Processed  1850000/ 2014300 entries, 91.84% (elapsed time 16917.2s, curr speed    0.110 kHz, avg speed    0.109 kHz), accepted     7458/ 1850001 events ( 0.40%)
ZtoMM trigger inconsistency
ZtoMM trigger inconsistency
ZtoMM trigger inconsistency
Processed  1860000/ 2014300 entries, 92.34% (elapsed time 17007.2s, curr speed    0.111 kHz, avg speed    0.109 kHz), accepted     7501/ 1860001 events ( 0.40%)
ZtoMM trigger inconsistency
ZtoMM trigger inconsistency
Processed  1870000/ 2014300 entries, 92.84% (elapsed time 17097.5s, curr speed    0.111 kHz, avg speed    0.109 kHz), accepted     7543/ 1870001 events ( 0.40%)
TtoEM trigger inconsistency
Processed  1880000/ 2014300 entries, 93.33% (elapsed time 17188.2s, curr speed    0.110 kHz, avg speed    0.109 kHz), accepted     7584/ 1880001 events ( 0.40%)
ZtoMM trigger inconsistency
ZtoMM trigger inconsistency
ZtoMM trigger inconsistency
ZtoMM trigger inconsistency
ZtoMM trigger inconsistency
ZtoMM trigger inconsistency
ZtoMM trigger inconsistency
TtoEM trigger inconsistency
Processed  1890000/ 2014300 entries, 93.83% (elapsed time 17277.7s, curr speed    0.112 kHz, avg speed    0.109 kHz), accepted     7625/ 1890001 events ( 0.40%)
ZtoMM trigger inconsistency
ZtoMM trigger inconsistency
ZtoMM trigger inconsistency
Processed  1900000/ 2014300 entries, 94.33% (elapsed time 17367.5s, curr speed    0.111 kHz, avg speed    0.109 kHz), accepted     7668/ 1900001 events ( 0.40%)
ZtoMM trigger inconsistency
ZtoMM trigger inconsistency
Processed  1910000/ 2014300 entries, 94.82% (elapsed time 17458.3s, curr speed    0.110 kHz, avg speed    0.109 kHz), accepted     7705/ 1910001 events ( 0.40%)
ZtoMM trigger inconsistency
ZtoMM trigger inconsistency
Bad event
Processed  1920000/ 2014300 entries, 95.32% (elapsed time 17548.5s, curr speed    0.111 kHz, avg speed    0.109 kHz), accepted     7742/ 1920001 events ( 0.40%)
ZtoMM trigger inconsistency
ZtoMM trigger inconsistency
ZtoMM trigger inconsistency
ZtoMM trigger inconsistency
Processed  1930000/ 2014300 entries, 95.81% (elapsed time 17639.2s, curr speed    0.110 kHz, avg speed    0.109 kHz), accepted     7787/ 1930001 events ( 0.40%)
Processed  1940000/ 2014300 entries, 96.31% (elapsed time 17729.9s, curr speed    0.110 kHz, avg speed    0.109 kHz), accepted     7833/ 1940001 events ( 0.40%)
ZtoMM trigger inconsistency
ZtoMM trigger inconsistency
ZtoMM trigger inconsistency
ZtoMM trigger inconsistency
Processed  1950000/ 2014300 entries, 96.81% (elapsed time 17819.9s, curr speed    0.111 kHz, avg speed    0.109 kHz), accepted     7863/ 1950001 events ( 0.40%)
ZtoMM trigger inconsistency
ZtoMM trigger inconsistency
ZtoMM trigger inconsistency
ZtoMM trigger inconsistency
Processed  1960000/ 2014300 entries, 97.30% (elapsed time 17909.9s, curr speed    0.111 kHz, avg speed    0.109 kHz), accepted     7906/ 1960001 events ( 0.40%)
ZtoMM trigger inconsistency
Processed  1970000/ 2014300 entries, 97.80% (elapsed time 18000.7s, curr speed    0.110 kHz, avg speed    0.109 kHz), accepted     7945/ 1970001 events ( 0.40%)
ZtoEE trigger inconsistency
Bad event
ZtoMM trigger inconsistency
Processed  1980000/ 2014300 entries, 98.30% (elapsed time 18090.5s, curr speed    0.111 kHz, avg speed    0.109 kHz), accepted     7981/ 1980001 events ( 0.40%)
ZtoMM trigger inconsistency
ZtoMM trigger inconsistency
Processed  1990000/ 2014300 entries, 98.79% (elapsed time 18179.8s, curr speed    0.112 kHz, avg speed    0.109 kHz), accepted     8019/ 1990001 events ( 0.40%)
ZtoMM trigger inconsistency
ZtoMM trigger inconsistency
TtoEM trigger inconsistency
ZtoMM trigger inconsistency
ZtoEE trigger inconsistency
ZtoMM trigger inconsistency
Processed  2000000/ 2014300 entries, 99.29% (elapsed time 18270.9s, curr speed    0.110 kHz, avg speed    0.109 kHz), accepted     8062/ 2000001 events ( 0.40%)
ZtoMM trigger inconsistency
TtoEM trigger inconsistency
Processed  2010000/ 2014300 entries, 99.79% (elapsed time 18361.2s, curr speed    0.111 kHz, avg speed    0.109 kHz), accepted     8107/ 2010001 events ( 0.40%)
ZtoMM trigger inconsistency
Processed 2014300 preselected entries from root://cms-xrd-global.cern.ch//store/mc/RunIISummer16NanoAODv6/ZZTo2L2Nu_13TeV_powheg_pythia8/NANOAODSIM/PUMoriond17_Nano25Oct2019_102X_mcRun2_asymptotic_v7-v1/100000/6A3E5B7C-D66C-794C-BD66-D33A853F5407.root (2014300 entries). Finally selected 8124 entries
Done /work/pbaertsc/heavy_resonance/output_2016/ZZTo2L2Nu_13TeV_powheg_pythia8__RunIISummer16NanoAODv6-PUMoriond17_Nano25Oct2019_102X_mcRun2_asymptotic_v7-v1__NANOAODSIM/6A3E5B7C-D66C-794C-BD66-D33A853F5407.root
109.345889771 Hz
deleting root file with name: /work/pbaertsc/heavy_resonance/output_2016/ZZTo2L2Nu_13TeV_powheg_pythia8__RunIISummer16NanoAODv6-PUMoriond17_Nano25Oct2019_102X_mcRun2_asymptotic_v7-v1__NANOAODSIM/6A3E5B7C-D66C-794C-BD66-D33A853F5407.root
DONE
Complete at
Wed Jan 29 04:39:57 CET 2020
