job start at
Sat Feb  1 14:53:10 CET 2020
SLURM_JOB_ID: 529006
HOSTNAME: t3wn56
JOBLIST:joblist/joblist_ZZTo2Q2Nu_TuneCP5_13TeV_amcatnloFXFX_madspin_pythia8__RunIIAutumn18NanoAODv6-Nano25Oct2019_102X_upgrade2018_realistic_v20-v1__NANOAODSIM_ll.txt
Going to execute
python job.py -i root://cms-xrd-global.cern.ch//store/mc/RunIIAutumn18NanoAODv6/ZZTo2Q2Nu_TuneCP5_13TeV_amcatnloFXFX_madspin_pythia8/NANOAODSIM/Nano25Oct2019_102X_upgrade2018_realistic_v20-v1/240000/D9088760-E323-0242-8F88-2166CD9989CA.root -o /work/pbaertsc/heavy_resonance/output_2018/ZZTo2Q2Nu_TuneCP5_13TeV_amcatnloFXFX_madspin_pythia8__RunIIAutumn18NanoAODv6-Nano25Oct2019_102X_upgrade2018_realistic_v20-v1__NANOAODSIM -N ZZTo2Q2Nu_TuneCP5_13TeV_amcatnloFXFX_madspin_pythia8__RunIIAutumn18NanoAODv6-Nano25Oct2019_102X_upgrade2018_realistic_v20-v1__NANOAODSIM -n 13 -c ll -y 2018
TClass::Init:0: RuntimeWarning: no dictionary for class ROOT::TIOFeatures is available
/work/pbaertsc/heavy_resonance/CMSSW_9_4_6/python/PhysicsTools/NanoAODTools/postprocessing/framework/treeReaderArrayTools.py:69: RuntimeWarning: creating executor for unknown type "ULong64_t*"
  ret = _vr.Get()[0]
JEC= Autumn18_V19_MC 	 JER= Autumn18_V7_MC
MET branch= PuppiMET
JEC= Autumn18_V19_MC 	 JER= Autumn18_V7_MC
MET branch= PuppiMET
--------------------------------------------------------------------------------
input files  = ['root://cms-xrd-global.cern.ch//store/mc/RunIIAutumn18NanoAODv6/ZZTo2Q2Nu_TuneCP5_13TeV_amcatnloFXFX_madspin_pythia8/NANOAODSIM/Nano25Oct2019_102X_upgrade2018_realistic_v20-v1/240000/D9088760-E323-0242-8F88-2166CD9989CA.root']
output directory = /work/pbaertsc/heavy_resonance/output_2018/ZZTo2Q2Nu_TuneCP5_13TeV_amcatnloFXFX_madspin_pythia8__RunIIAutumn18NanoAODv6-Nano25Oct2019_102X_upgrade2018_realistic_v20-v1__NANOAODSIM
output file  = ZZTo2Q2Nu_TuneCP5_13TeV_amcatnloFXFX_madspin_pythia8__RunIIAutumn18NanoAODv6-Nano25Oct2019_102X_upgrade2018_realistic_v20-v1__NANOAODSIM_13_ll.root
chunck       = 13
channel      = ll
dataType     = mc
year         = 2018
tes          = 1.0
ltf          = 1.0
jtf          = 1.0
--------------------------------------------------------------------------------
job.py: creating PostProcessor...
TreeProducer is called /work/pbaertsc/heavy_resonance/output_2018/ZZTo2Q2Nu_TuneCP5_13TeV_amcatnloFXFX_madspin_pythia8__RunIIAutumn18NanoAODv6-Nano25Oct2019_102X_upgrade2018_realistic_v20-v1__NANOAODSIM/ZZTo2Q2Nu_TuneCP5_13TeV_amcatnloFXFX_madspin_pythia8__RunIIAutumn18NanoAODv6-Nano25Oct2019_102X_upgrade2018_realistic_v20-v1__NANOAODSIM_13_ll.root
job.py: going to run PostProcessor...
Will write selected trees to /work/pbaertsc/heavy_resonance/output_2018/ZZTo2Q2Nu_TuneCP5_13TeV_amcatnloFXFX_madspin_pythia8__RunIIAutumn18NanoAODv6-Nano25Oct2019_102X_upgrade2018_realistic_v20-v1__NANOAODSIM
Loading jet energy scale (JES) uncertainties from file '/tmp/tmpoaNGru/Autumn18_V19_MC_Uncertainty_AK4PFchs.txt'
Loading jet energy resolutions (JER) from file '/tmp/tmpg18neq/Autumn18_V7_MC_PtResolution_AK4PFchs.txt'
Loading JER scale factors and uncertainties from file '/tmp/tmpg18neq/Autumn18_V7_MC_SF_AK4PFchs.txt'
Loading jet energy scale (JES) uncertainties from file '/tmp/tmpfb57Ox/Autumn18_V19_MC_Uncertainty_AK8PFPuppi.txt'
Loading jet energy resolutions (JER) from file '/tmp/tmpeh95mY/Autumn18_V7_MC_PtResolution_AK8PFPuppi.txt'
Loading JER scale factors and uncertainties from file '/tmp/tmpeh95mY/Autumn18_V7_MC_SF_AK8PFPuppi.txt'
Pre-select 862679 entries out of 862679 (100.00%)
nanoAODv5? True
Processed    10000/  862679 entries,  1.16% (elapsed time   172.6s, curr speed    0.058 kHz, avg speed    0.058 kHz), accepted      137/   10001 events ( 1.37%)
Processed    20000/  862679 entries,  2.32% (elapsed time   324.5s, curr speed    0.066 kHz, avg speed    0.062 kHz), accepted      256/   20001 events ( 1.28%)
Processed    30000/  862679 entries,  3.48% (elapsed time   470.4s, curr speed    0.069 kHz, avg speed    0.064 kHz), accepted      388/   30001 events ( 1.29%)
Processed    40000/  862679 entries,  4.64% (elapsed time   614.8s, curr speed    0.069 kHz, avg speed    0.065 kHz), accepted      530/   40001 events ( 1.32%)
Bad event
Processed    50000/  862679 entries,  5.80% (elapsed time   744.2s, curr speed    0.077 kHz, avg speed    0.067 kHz), accepted      662/   50001 events ( 1.32%)
Processed    60000/  862679 entries,  6.96% (elapsed time   887.1s, curr speed    0.070 kHz, avg speed    0.068 kHz), accepted      794/   60001 events ( 1.32%)
Processed    70000/  862679 entries,  8.11% (elapsed time  1015.8s, curr speed    0.078 kHz, avg speed    0.069 kHz), accepted      917/   70001 events ( 1.31%)
Processed    80000/  862679 entries,  9.27% (elapsed time  1152.5s, curr speed    0.073 kHz, avg speed    0.069 kHz), accepted     1045/   80001 events ( 1.31%)
Processed    90000/  862679 entries, 10.43% (elapsed time  1279.3s, curr speed    0.079 kHz, avg speed    0.070 kHz), accepted     1167/   90001 events ( 1.30%)
Bad event
Processed   100000/  862679 entries, 11.59% (elapsed time  1406.0s, curr speed    0.079 kHz, avg speed    0.071 kHz), accepted     1303/  100001 events ( 1.30%)
Processed   110000/  862679 entries, 12.75% (elapsed time  1525.8s, curr speed    0.083 kHz, avg speed    0.072 kHz), accepted     1421/  110001 events ( 1.29%)
Bad event
Processed   120000/  862679 entries, 13.91% (elapsed time  1650.0s, curr speed    0.080 kHz, avg speed    0.073 kHz), accepted     1558/  120001 events ( 1.30%)
Processed   130000/  862679 entries, 15.07% (elapsed time  1764.9s, curr speed    0.087 kHz, avg speed    0.074 kHz), accepted     1723/  130001 events ( 1.33%)
Processed   140000/  862679 entries, 16.23% (elapsed time  1881.8s, curr speed    0.086 kHz, avg speed    0.074 kHz), accepted     1861/  140001 events ( 1.33%)
Processed   150000/  862679 entries, 17.39% (elapsed time  1996.7s, curr speed    0.087 kHz, avg speed    0.075 kHz), accepted     1985/  150001 events ( 1.32%)
Processed   160000/  862679 entries, 18.55% (elapsed time  2117.1s, curr speed    0.083 kHz, avg speed    0.076 kHz), accepted     2124/  160001 events ( 1.33%)
Processed   170000/  862679 entries, 19.71% (elapsed time  2234.3s, curr speed    0.085 kHz, avg speed    0.076 kHz), accepted     2256/  170001 events ( 1.33%)
Processed   180000/  862679 entries, 20.87% (elapsed time  2363.4s, curr speed    0.077 kHz, avg speed    0.076 kHz), accepted     2384/  180001 events ( 1.32%)
Processed   190000/  862679 entries, 22.02% (elapsed time  2475.4s, curr speed    0.089 kHz, avg speed    0.077 kHz), accepted     2492/  190001 events ( 1.31%)
Processed   200000/  862679 entries, 23.18% (elapsed time  2608.5s, curr speed    0.075 kHz, avg speed    0.077 kHz), accepted     2628/  200001 events ( 1.31%)
Processed   210000/  862679 entries, 24.34% (elapsed time  2723.2s, curr speed    0.087 kHz, avg speed    0.077 kHz), accepted     2760/  210001 events ( 1.31%)
Processed   220000/  862679 entries, 25.50% (elapsed time  2841.5s, curr speed    0.085 kHz, avg speed    0.077 kHz), accepted     2905/  220001 events ( 1.32%)
Bad event
Processed   230000/  862679 entries, 26.66% (elapsed time  2954.9s, curr speed    0.088 kHz, avg speed    0.078 kHz), accepted     3035/  230001 events ( 1.32%)
Processed   240000/  862679 entries, 27.82% (elapsed time  3064.4s, curr speed    0.091 kHz, avg speed    0.078 kHz), accepted     3144/  240001 events ( 1.31%)
Bad event
Bad event
Processed   250000/  862679 entries, 28.98% (elapsed time  3187.6s, curr speed    0.081 kHz, avg speed    0.078 kHz), accepted     3281/  250001 events ( 1.31%)
Processed   260000/  862679 entries, 30.14% (elapsed time  3298.5s, curr speed    0.090 kHz, avg speed    0.079 kHz), accepted     3411/  260001 events ( 1.31%)
Processed   270000/  862679 entries, 31.30% (elapsed time  3421.1s, curr speed    0.082 kHz, avg speed    0.079 kHz), accepted     3542/  270001 events ( 1.31%)
Processed   280000/  862679 entries, 32.46% (elapsed time  3540.3s, curr speed    0.084 kHz, avg speed    0.079 kHz), accepted     3670/  280001 events ( 1.31%)
Processed   290000/  862679 entries, 33.62% (elapsed time  3656.4s, curr speed    0.086 kHz, avg speed    0.079 kHz), accepted     3809/  290001 events ( 1.31%)
Processed   300000/  862679 entries, 34.78% (elapsed time  3788.1s, curr speed    0.076 kHz, avg speed    0.079 kHz), accepted     3938/  300001 events ( 1.31%)
Processed   310000/  862679 entries, 35.93% (elapsed time  3902.0s, curr speed    0.088 kHz, avg speed    0.079 kHz), accepted     4073/  310001 events ( 1.31%)
Processed   320000/  862679 entries, 37.09% (elapsed time  4026.6s, curr speed    0.080 kHz, avg speed    0.079 kHz), accepted     4216/  320001 events ( 1.32%)
Bad event
Processed   330000/  862679 entries, 38.25% (elapsed time  4146.4s, curr speed    0.083 kHz, avg speed    0.080 kHz), accepted     4359/  330001 events ( 1.32%)
Processed   340000/  862679 entries, 39.41% (elapsed time  4261.9s, curr speed    0.087 kHz, avg speed    0.080 kHz), accepted     4491/  340001 events ( 1.32%)
Processed   350000/  862679 entries, 40.57% (elapsed time  4390.6s, curr speed    0.078 kHz, avg speed    0.080 kHz), accepted     4639/  350001 events ( 1.33%)
Processed   360000/  862679 entries, 41.73% (elapsed time  4507.3s, curr speed    0.086 kHz, avg speed    0.080 kHz), accepted     4783/  360001 events ( 1.33%)
Processed   370000/  862679 entries, 42.89% (elapsed time  4634.0s, curr speed    0.079 kHz, avg speed    0.080 kHz), accepted     4944/  370001 events ( 1.34%)
Processed   380000/  862679 entries, 44.05% (elapsed time  4751.1s, curr speed    0.085 kHz, avg speed    0.080 kHz), accepted     5074/  380001 events ( 1.34%)
Bad event
Processed   390000/  862679 entries, 45.21% (elapsed time  4863.5s, curr speed    0.089 kHz, avg speed    0.080 kHz), accepted     5195/  390001 events ( 1.33%)
%MSG-e SimpleJetCorrectionUncertainty: 
 bin variables out of range
%MSG
%MSG-e SimpleJetCorrectionUncertainty: 
 bin variables out of range
%MSG
Processed   400000/  862679 entries, 46.37% (elapsed time  4978.0s, curr speed    0.087 kHz, avg speed    0.080 kHz), accepted     5338/  400001 events ( 1.33%)
Processed   410000/  862679 entries, 47.53% (elapsed time  5093.8s, curr speed    0.086 kHz, avg speed    0.080 kHz), accepted     5455/  410001 events ( 1.33%)
Bad event
Processed   420000/  862679 entries, 48.69% (elapsed time  5215.6s, curr speed    0.082 kHz, avg speed    0.081 kHz), accepted     5590/  420001 events ( 1.33%)
Processed   430000/  862679 entries, 49.84% (elapsed time  5335.8s, curr speed    0.083 kHz, avg speed    0.081 kHz), accepted     5714/  430001 events ( 1.33%)
Processed   440000/  862679 entries, 51.00% (elapsed time  5457.6s, curr speed    0.082 kHz, avg speed    0.081 kHz), accepted     5836/  440001 events ( 1.33%)
Processed   450000/  862679 entries, 52.16% (elapsed time  5573.9s, curr speed    0.086 kHz, avg speed    0.081 kHz), accepted     5954/  450001 events ( 1.32%)
Processed   460000/  862679 entries, 53.32% (elapsed time  5684.5s, curr speed    0.090 kHz, avg speed    0.081 kHz), accepted     6075/  460001 events ( 1.32%)
Processed   470000/  862679 entries, 54.48% (elapsed time  5807.6s, curr speed    0.081 kHz, avg speed    0.081 kHz), accepted     6215/  470001 events ( 1.32%)
Processed   480000/  862679 entries, 55.64% (elapsed time  5913.9s, curr speed    0.094 kHz, avg speed    0.081 kHz), accepted     6338/  480001 events ( 1.32%)
Processed   490000/  862679 entries, 56.80% (elapsed time  6032.2s, curr speed    0.085 kHz, avg speed    0.081 kHz), accepted     6457/  490001 events ( 1.32%)
Bad event
Processed   500000/  862679 entries, 57.96% (elapsed time  6149.4s, curr speed    0.085 kHz, avg speed    0.081 kHz), accepted     6597/  500001 events ( 1.32%)
Processed   510000/  862679 entries, 59.12% (elapsed time  6270.1s, curr speed    0.083 kHz, avg speed    0.081 kHz), accepted     6722/  510001 events ( 1.32%)
Processed   520000/  862679 entries, 60.28% (elapsed time  6386.1s, curr speed    0.086 kHz, avg speed    0.081 kHz), accepted     6875/  520001 events ( 1.32%)
Processed   530000/  862679 entries, 61.44% (elapsed time  6494.3s, curr speed    0.092 kHz, avg speed    0.082 kHz), accepted     7023/  530001 events ( 1.33%)
Processed   540000/  862679 entries, 62.60% (elapsed time  6616.4s, curr speed    0.082 kHz, avg speed    0.082 kHz), accepted     7156/  540001 events ( 1.33%)
Processed   550000/  862679 entries, 63.75% (elapsed time  6731.8s, curr speed    0.087 kHz, avg speed    0.082 kHz), accepted     7300/  550001 events ( 1.33%)
Processed   560000/  862679 entries, 64.91% (elapsed time  6848.0s, curr speed    0.086 kHz, avg speed    0.082 kHz), accepted     7440/  560001 events ( 1.33%)
Processed   570000/  862679 entries, 66.07% (elapsed time  6976.1s, curr speed    0.078 kHz, avg speed    0.082 kHz), accepted     7570/  570001 events ( 1.33%)
Processed   580000/  862679 entries, 67.23% (elapsed time  7090.6s, curr speed    0.087 kHz, avg speed    0.082 kHz), accepted     7689/  580001 events ( 1.33%)
Processed   590000/  862679 entries, 68.39% (elapsed time  7216.6s, curr speed    0.079 kHz, avg speed    0.082 kHz), accepted     7836/  590001 events ( 1.33%)
Processed   600000/  862679 entries, 69.55% (elapsed time  7341.2s, curr speed    0.080 kHz, avg speed    0.082 kHz), accepted     7950/  600001 events ( 1.32%)
Bad event
Processed   610000/  862679 entries, 70.71% (elapsed time  7460.1s, curr speed    0.084 kHz, avg speed    0.082 kHz), accepted     8097/  610001 events ( 1.33%)
Bad event
Bad event
Processed   620000/  862679 entries, 71.87% (elapsed time  7587.8s, curr speed    0.078 kHz, avg speed    0.082 kHz), accepted     8244/  620001 events ( 1.33%)
Processed   630000/  862679 entries, 73.03% (elapsed time  7702.6s, curr speed    0.087 kHz, avg speed    0.082 kHz), accepted     8355/  630001 events ( 1.33%)
Processed   640000/  862679 entries, 74.19% (elapsed time  7827.7s, curr speed    0.080 kHz, avg speed    0.082 kHz), accepted     8484/  640001 events ( 1.33%)
Processed   650000/  862679 entries, 75.35% (elapsed time  7951.9s, curr speed    0.081 kHz, avg speed    0.082 kHz), accepted     8622/  650001 events ( 1.33%)
Processed   660000/  862679 entries, 76.51% (elapsed time  8074.8s, curr speed    0.081 kHz, avg speed    0.082 kHz), accepted     8731/  660001 events ( 1.32%)
Processed   670000/  862679 entries, 77.67% (elapsed time  8192.8s, curr speed    0.085 kHz, avg speed    0.082 kHz), accepted     8845/  670001 events ( 1.32%)
Processed   680000/  862679 entries, 78.82% (elapsed time  8306.6s, curr speed    0.088 kHz, avg speed    0.082 kHz), accepted     8991/  680001 events ( 1.32%)
Bad event
Processed   690000/  862679 entries, 79.98% (elapsed time  8426.1s, curr speed    0.084 kHz, avg speed    0.082 kHz), accepted     9133/  690001 events ( 1.32%)
Processed   700000/  862679 entries, 81.14% (elapsed time  8533.4s, curr speed    0.093 kHz, avg speed    0.082 kHz), accepted     9277/  700001 events ( 1.33%)
Processed   710000/  862679 entries, 82.30% (elapsed time  8651.2s, curr speed    0.085 kHz, avg speed    0.082 kHz), accepted     9410/  710001 events ( 1.33%)
Processed   720000/  862679 entries, 83.46% (elapsed time  8760.0s, curr speed    0.092 kHz, avg speed    0.082 kHz), accepted     9518/  720001 events ( 1.32%)
Processed   730000/  862679 entries, 84.62% (elapsed time  8867.3s, curr speed    0.093 kHz, avg speed    0.082 kHz), accepted     9643/  730001 events ( 1.32%)
Processed   740000/  862679 entries, 85.78% (elapsed time  8989.3s, curr speed    0.082 kHz, avg speed    0.082 kHz), accepted     9779/  740001 events ( 1.32%)
Processed   750000/  862679 entries, 86.94% (elapsed time  9097.9s, curr speed    0.092 kHz, avg speed    0.082 kHz), accepted     9904/  750001 events ( 1.32%)
Processed   760000/  862679 entries, 88.10% (elapsed time  9219.3s, curr speed    0.082 kHz, avg speed    0.082 kHz), accepted    10042/  760001 events ( 1.32%)
Processed   770000/  862679 entries, 89.26% (elapsed time  9329.7s, curr speed    0.091 kHz, avg speed    0.083 kHz), accepted    10179/  770001 events ( 1.32%)
Bad event
Processed   780000/  862679 entries, 90.42% (elapsed time  9440.0s, curr speed    0.091 kHz, avg speed    0.083 kHz), accepted    10302/  780001 events ( 1.32%)
Processed   790000/  862679 entries, 91.58% (elapsed time  9560.5s, curr speed    0.083 kHz, avg speed    0.083 kHz), accepted    10432/  790001 events ( 1.32%)
Processed   800000/  862679 entries, 92.73% (elapsed time  9667.6s, curr speed    0.093 kHz, avg speed    0.083 kHz), accepted    10582/  800001 events ( 1.32%)
Processed   810000/  862679 entries, 93.89% (elapsed time  9790.9s, curr speed    0.081 kHz, avg speed    0.083 kHz), accepted    10724/  810001 events ( 1.32%)
Bad event
Processed   820000/  862679 entries, 95.05% (elapsed time  9900.3s, curr speed    0.091 kHz, avg speed    0.083 kHz), accepted    10845/  820001 events ( 1.32%)
Processed   830000/  862679 entries, 96.21% (elapsed time 10012.4s, curr speed    0.089 kHz, avg speed    0.083 kHz), accepted    10975/  830001 events ( 1.32%)
Processed   840000/  862679 entries, 97.37% (elapsed time 10131.7s, curr speed    0.084 kHz, avg speed    0.083 kHz), accepted    11117/  840001 events ( 1.32%)
Bad event
Processed   850000/  862679 entries, 98.53% (elapsed time 10240.4s, curr speed    0.092 kHz, avg speed    0.083 kHz), accepted    11243/  850001 events ( 1.32%)
Processed   860000/  862679 entries, 99.69% (elapsed time 10364.6s, curr speed    0.081 kHz, avg speed    0.083 kHz), accepted    11382/  860001 events ( 1.32%)
Processed 862679 preselected entries from root://cms-xrd-global.cern.ch//store/mc/RunIIAutumn18NanoAODv6/ZZTo2Q2Nu_TuneCP5_13TeV_amcatnloFXFX_madspin_pythia8/NANOAODSIM/Nano25Oct2019_102X_upgrade2018_realistic_v20-v1/240000/D9088760-E323-0242-8F88-2166CD9989CA.root (862679 entries). Finally selected 11423 entries
Done /work/pbaertsc/heavy_resonance/output_2018/ZZTo2Q2Nu_TuneCP5_13TeV_amcatnloFXFX_madspin_pythia8__RunIIAutumn18NanoAODv6-Nano25Oct2019_102X_upgrade2018_realistic_v20-v1__NANOAODSIM/D9088760-E323-0242-8F88-2166CD9989CA.root
82.839504276 Hz
deleting root file with name: /work/pbaertsc/heavy_resonance/output_2018/ZZTo2Q2Nu_TuneCP5_13TeV_amcatnloFXFX_madspin_pythia8__RunIIAutumn18NanoAODv6-Nano25Oct2019_102X_upgrade2018_realistic_v20-v1__NANOAODSIM/D9088760-E323-0242-8F88-2166CD9989CA.root
DONE
Complete at
Sat Feb  1 20:46:21 CET 2020
