job start at
Thu Jan 30 19:52:17 CET 2020
SLURM_JOB_ID: 440039
HOSTNAME: t3wn63
JOBLIST:joblist/joblist_ZZTo4L_13TeV_powheg_pythia8_ext1__RunIISummer16NanoAODv6-PUMoriond17_Nano25Oct2019_102X_mcRun2_asymptotic_v7-v1__NANOAODSIM_ll.txt
Going to execute
python job.py -i root://cms-xrd-global.cern.ch//store/mc/RunIISummer16NanoAODv6/ZZTo4L_13TeV_powheg_pythia8_ext1/NANOAODSIM/PUMoriond17_Nano25Oct2019_102X_mcRun2_asymptotic_v7-v1/70000/25D5ACC8-7961-004B-9603-C2D507F5BAA2.root -o /work/pbaertsc/heavy_resonance/output_2016/ZZTo4L_13TeV_powheg_pythia8_ext1__RunIISummer16NanoAODv6-PUMoriond17_Nano25Oct2019_102X_mcRun2_asymptotic_v7-v1__NANOAODSIM -N ZZTo4L_13TeV_powheg_pythia8_ext1__RunIISummer16NanoAODv6-PUMoriond17_Nano25Oct2019_102X_mcRun2_asymptotic_v7-v1__NANOAODSIM -n 39 -c ll -y 2016
TClass::Init:0: RuntimeWarning: no dictionary for class ROOT::TIOFeatures is available
/work/pbaertsc/heavy_resonance/CMSSW_9_4_6/python/PhysicsTools/NanoAODTools/postprocessing/framework/treeReaderArrayTools.py:69: RuntimeWarning: creating executor for unknown type "ULong64_t*"
  ret = _vr.Get()[0]
JEC= Summer16_07Aug2017_V11_MC 	 JER= Summer16_25nsV1_MC
MET branch= PuppiMET
JEC= Summer16_07Aug2017_V11_MC 	 JER= Summer16_25nsV1_MC
MET branch= PuppiMET
--------------------------------------------------------------------------------
input files  = ['root://cms-xrd-global.cern.ch//store/mc/RunIISummer16NanoAODv6/ZZTo4L_13TeV_powheg_pythia8_ext1/NANOAODSIM/PUMoriond17_Nano25Oct2019_102X_mcRun2_asymptotic_v7-v1/70000/25D5ACC8-7961-004B-9603-C2D507F5BAA2.root']
output directory = /work/pbaertsc/heavy_resonance/output_2016/ZZTo4L_13TeV_powheg_pythia8_ext1__RunIISummer16NanoAODv6-PUMoriond17_Nano25Oct2019_102X_mcRun2_asymptotic_v7-v1__NANOAODSIM
output file  = ZZTo4L_13TeV_powheg_pythia8_ext1__RunIISummer16NanoAODv6-PUMoriond17_Nano25Oct2019_102X_mcRun2_asymptotic_v7-v1__NANOAODSIM_39_ll.root
chunck       = 39
channel      = ll
dataType     = mc
year         = 2016
tes          = 1.0
ltf          = 1.0
jtf          = 1.0
--------------------------------------------------------------------------------
job.py: creating PostProcessor...
TreeProducer is called /work/pbaertsc/heavy_resonance/output_2016/ZZTo4L_13TeV_powheg_pythia8_ext1__RunIISummer16NanoAODv6-PUMoriond17_Nano25Oct2019_102X_mcRun2_asymptotic_v7-v1__NANOAODSIM/ZZTo4L_13TeV_powheg_pythia8_ext1__RunIISummer16NanoAODv6-PUMoriond17_Nano25Oct2019_102X_mcRun2_asymptotic_v7-v1__NANOAODSIM_39_ll.root
job.py: going to run PostProcessor...
Will write selected trees to /work/pbaertsc/heavy_resonance/output_2016/ZZTo4L_13TeV_powheg_pythia8_ext1__RunIISummer16NanoAODv6-PUMoriond17_Nano25Oct2019_102X_mcRun2_asymptotic_v7-v1__NANOAODSIM
Loading jet energy scale (JES) uncertainties from file '/tmp/tmpTUIP51/Summer16_07Aug2017_V11_MC_Uncertainty_AK4PFchs.txt'
Loading jet energy resolutions (JER) from file '/tmp/tmpvck8xg/Summer16_25nsV1_MC_PtResolution_AK4PFchs.txt'
Loading JER scale factors and uncertainties from file '/tmp/tmpvck8xg/Summer16_25nsV1_MC_SF_AK4PFchs.txt'
Loading jet energy scale (JES) uncertainties from file '/tmp/tmp3JzqyK/Summer16_07Aug2017_V11_MC_Uncertainty_AK8PFPuppi.txt'
Loading jet energy resolutions (JER) from file '/tmp/tmp6k20lg/Summer16_25nsV1_MC_PtResolution_AK8PFPuppi.txt'
Loading JER scale factors and uncertainties from file '/tmp/tmp6k20lg/Summer16_25nsV1_MC_SF_AK8PFPuppi.txt'
Pre-select 1653582 entries out of 1653582 (100.00%)
nanoAODv5? True
Processed    10000/ 1653582 entries,  0.60% (elapsed time   169.1s, curr speed    0.059 kHz, avg speed    0.059 kHz), accepted       13/   10001 events ( 0.13%)
Processed    20000/ 1653582 entries,  1.21% (elapsed time   322.7s, curr speed    0.065 kHz, avg speed    0.062 kHz), accepted       26/   20001 events ( 0.13%)
Processed    30000/ 1653582 entries,  1.81% (elapsed time   465.9s, curr speed    0.070 kHz, avg speed    0.064 kHz), accepted       45/   30001 events ( 0.15%)
ZtoMM trigger inconsistency
Processed    40000/ 1653582 entries,  2.42% (elapsed time   594.3s, curr speed    0.078 kHz, avg speed    0.067 kHz), accepted       66/   40001 events ( 0.16%)
Processed    50000/ 1653582 entries,  3.02% (elapsed time   704.6s, curr speed    0.091 kHz, avg speed    0.071 kHz), accepted       92/   50001 events ( 0.18%)
ZtoMM trigger inconsistency
Processed    60000/ 1653582 entries,  3.63% (elapsed time   776.8s, curr speed    0.138 kHz, avg speed    0.077 kHz), accepted      104/   60001 events ( 0.17%)
Processed    70000/ 1653582 entries,  4.23% (elapsed time   842.8s, curr speed    0.151 kHz, avg speed    0.083 kHz), accepted      127/   70001 events ( 0.18%)
ZtoMM trigger inconsistency
Processed    80000/ 1653582 entries,  4.84% (elapsed time   905.1s, curr speed    0.161 kHz, avg speed    0.088 kHz), accepted      143/   80001 events ( 0.18%)
ZtoMM trigger inconsistency
Processed    90000/ 1653582 entries,  5.44% (elapsed time   965.7s, curr speed    0.165 kHz, avg speed    0.093 kHz), accepted      160/   90001 events ( 0.18%)
Processed   100000/ 1653582 entries,  6.05% (elapsed time  1021.4s, curr speed    0.179 kHz, avg speed    0.098 kHz), accepted      169/  100001 events ( 0.17%)
TtoEM trigger inconsistency
ZtoMM trigger inconsistency
ZtoMM trigger inconsistency
Processed   110000/ 1653582 entries,  6.65% (elapsed time  1075.9s, curr speed    0.184 kHz, avg speed    0.102 kHz), accepted      182/  110001 events ( 0.17%)
ZtoMM trigger inconsistency
ZtoMM trigger inconsistency
ZtoMM trigger inconsistency
Processed   120000/ 1653582 entries,  7.26% (elapsed time  1130.4s, curr speed    0.184 kHz, avg speed    0.106 kHz), accepted      198/  120001 events ( 0.16%)
Processed   130000/ 1653582 entries,  7.86% (elapsed time  1182.4s, curr speed    0.192 kHz, avg speed    0.110 kHz), accepted      213/  130001 events ( 0.16%)
TtoEM trigger inconsistency
Processed   140000/ 1653582 entries,  8.47% (elapsed time  1234.4s, curr speed    0.192 kHz, avg speed    0.113 kHz), accepted      226/  140001 events ( 0.16%)
Processed   150000/ 1653582 entries,  9.07% (elapsed time  1285.1s, curr speed    0.197 kHz, avg speed    0.117 kHz), accepted      243/  150001 events ( 0.16%)
Processed   160000/ 1653582 entries,  9.68% (elapsed time  1335.6s, curr speed    0.198 kHz, avg speed    0.120 kHz), accepted      252/  160001 events ( 0.16%)
ZtoEE trigger inconsistency
Processed   170000/ 1653582 entries, 10.28% (elapsed time  1385.7s, curr speed    0.200 kHz, avg speed    0.123 kHz), accepted      260/  170001 events ( 0.15%)
ZtoMM trigger inconsistency
Processed   180000/ 1653582 entries, 10.89% (elapsed time  1435.3s, curr speed    0.201 kHz, avg speed    0.125 kHz), accepted      274/  180001 events ( 0.15%)
Processed   190000/ 1653582 entries, 11.49% (elapsed time  1486.5s, curr speed    0.196 kHz, avg speed    0.128 kHz), accepted      286/  190001 events ( 0.15%)
ZtoMM trigger inconsistency
TtoEM trigger inconsistency
Processed   200000/ 1653582 entries, 12.09% (elapsed time  1535.6s, curr speed    0.204 kHz, avg speed    0.130 kHz), accepted      299/  200001 events ( 0.15%)
ZtoMM trigger inconsistency
Processed   210000/ 1653582 entries, 12.70% (elapsed time  1585.3s, curr speed    0.201 kHz, avg speed    0.132 kHz), accepted      318/  210001 events ( 0.15%)
ZtoMM trigger inconsistency
Processed   220000/ 1653582 entries, 13.30% (elapsed time  1634.9s, curr speed    0.202 kHz, avg speed    0.135 kHz), accepted      327/  220001 events ( 0.15%)
Processed   230000/ 1653582 entries, 13.91% (elapsed time  1683.7s, curr speed    0.205 kHz, avg speed    0.137 kHz), accepted      344/  230001 events ( 0.15%)
Processed   240000/ 1653582 entries, 14.51% (elapsed time  1733.5s, curr speed    0.201 kHz, avg speed    0.138 kHz), accepted      361/  240001 events ( 0.15%)
Processed   250000/ 1653582 entries, 15.12% (elapsed time  1782.5s, curr speed    0.204 kHz, avg speed    0.140 kHz), accepted      378/  250001 events ( 0.15%)
Processed   260000/ 1653582 entries, 15.72% (elapsed time  1831.5s, curr speed    0.204 kHz, avg speed    0.142 kHz), accepted      387/  260001 events ( 0.15%)
Processed   270000/ 1653582 entries, 16.33% (elapsed time  1881.5s, curr speed    0.200 kHz, avg speed    0.144 kHz), accepted      410/  270001 events ( 0.15%)
ZtoMM trigger inconsistency
Processed   280000/ 1653582 entries, 16.93% (elapsed time  1929.7s, curr speed    0.207 kHz, avg speed    0.145 kHz), accepted      426/  280001 events ( 0.15%)
TtoEM trigger inconsistency
ZtoMM trigger inconsistency
Processed   290000/ 1653582 entries, 17.54% (elapsed time  1979.4s, curr speed    0.201 kHz, avg speed    0.147 kHz), accepted      447/  290001 events ( 0.15%)
Processed   300000/ 1653582 entries, 18.14% (elapsed time  2028.2s, curr speed    0.205 kHz, avg speed    0.148 kHz), accepted      462/  300001 events ( 0.15%)
TtoEM trigger inconsistency
Processed   310000/ 1653582 entries, 18.75% (elapsed time  2077.1s, curr speed    0.204 kHz, avg speed    0.149 kHz), accepted      476/  310001 events ( 0.15%)
Processed   320000/ 1653582 entries, 19.35% (elapsed time  2125.5s, curr speed    0.206 kHz, avg speed    0.151 kHz), accepted      492/  320001 events ( 0.15%)
Processed   330000/ 1653582 entries, 19.96% (elapsed time  2174.5s, curr speed    0.204 kHz, avg speed    0.152 kHz), accepted      507/  330001 events ( 0.15%)
Processed   340000/ 1653582 entries, 20.56% (elapsed time  2223.6s, curr speed    0.204 kHz, avg speed    0.153 kHz), accepted      521/  340001 events ( 0.15%)
ZtoMM trigger inconsistency
ZtoMM trigger inconsistency
ZtoEE trigger inconsistency
Processed   350000/ 1653582 entries, 21.17% (elapsed time  2272.5s, curr speed    0.204 kHz, avg speed    0.154 kHz), accepted      539/  350001 events ( 0.15%)
TtoEM trigger inconsistency
Processed   360000/ 1653582 entries, 21.77% (elapsed time  2320.7s, curr speed    0.207 kHz, avg speed    0.155 kHz), accepted      548/  360001 events ( 0.15%)
TtoEM trigger inconsistency
Processed   370000/ 1653582 entries, 22.38% (elapsed time  2369.8s, curr speed    0.204 kHz, avg speed    0.156 kHz), accepted      559/  370001 events ( 0.15%)
TtoEM trigger inconsistency
Processed   380000/ 1653582 entries, 22.98% (elapsed time  2418.1s, curr speed    0.207 kHz, avg speed    0.157 kHz), accepted      576/  380001 events ( 0.15%)
Processed   390000/ 1653582 entries, 23.59% (elapsed time  2467.2s, curr speed    0.204 kHz, avg speed    0.158 kHz), accepted      591/  390001 events ( 0.15%)
Processed   400000/ 1653582 entries, 24.19% (elapsed time  2516.2s, curr speed    0.204 kHz, avg speed    0.159 kHz), accepted      605/  400001 events ( 0.15%)
Processed   410000/ 1653582 entries, 24.79% (elapsed time  2564.1s, curr speed    0.209 kHz, avg speed    0.160 kHz), accepted      622/  410001 events ( 0.15%)
Processed   420000/ 1653582 entries, 25.40% (elapsed time  2613.4s, curr speed    0.203 kHz, avg speed    0.161 kHz), accepted      643/  420001 events ( 0.15%)
Processed   430000/ 1653582 entries, 26.00% (elapsed time  2661.5s, curr speed    0.208 kHz, avg speed    0.162 kHz), accepted      664/  430001 events ( 0.15%)
Processed   440000/ 1653582 entries, 26.61% (elapsed time  2710.7s, curr speed    0.203 kHz, avg speed    0.162 kHz), accepted      678/  440001 events ( 0.15%)
ZtoMM trigger inconsistency
Processed   450000/ 1653582 entries, 27.21% (elapsed time  2759.2s, curr speed    0.206 kHz, avg speed    0.163 kHz), accepted      690/  450001 events ( 0.15%)
TtoEM trigger inconsistency
Processed   460000/ 1653582 entries, 27.82% (elapsed time  2808.1s, curr speed    0.205 kHz, avg speed    0.164 kHz), accepted      705/  460001 events ( 0.15%)
Processed   470000/ 1653582 entries, 28.42% (elapsed time  2856.2s, curr speed    0.208 kHz, avg speed    0.165 kHz), accepted      726/  470001 events ( 0.15%)
ZtoEE trigger inconsistency
Processed   480000/ 1653582 entries, 29.03% (elapsed time  2903.3s, curr speed    0.213 kHz, avg speed    0.165 kHz), accepted      739/  480001 events ( 0.15%)
Processed   490000/ 1653582 entries, 29.63% (elapsed time  2952.2s, curr speed    0.204 kHz, avg speed    0.166 kHz), accepted      757/  490001 events ( 0.15%)
Processed   500000/ 1653582 entries, 30.24% (elapsed time  3000.4s, curr speed    0.207 kHz, avg speed    0.167 kHz), accepted      765/  500001 events ( 0.15%)
ZtoMM trigger inconsistency
Processed   510000/ 1653582 entries, 30.84% (elapsed time  3048.2s, curr speed    0.209 kHz, avg speed    0.167 kHz), accepted      782/  510001 events ( 0.15%)
Processed   520000/ 1653582 entries, 31.45% (elapsed time  3097.0s, curr speed    0.205 kHz, avg speed    0.168 kHz), accepted      804/  520001 events ( 0.15%)
Processed   530000/ 1653582 entries, 32.05% (elapsed time  3144.2s, curr speed    0.212 kHz, avg speed    0.169 kHz), accepted      816/  530001 events ( 0.15%)
Processed   540000/ 1653582 entries, 32.66% (elapsed time  3192.9s, curr speed    0.206 kHz, avg speed    0.169 kHz), accepted      837/  540001 events ( 0.15%)
Processed   550000/ 1653582 entries, 33.26% (elapsed time  3241.8s, curr speed    0.204 kHz, avg speed    0.170 kHz), accepted      852/  550001 events ( 0.15%)
Processed   560000/ 1653582 entries, 33.87% (elapsed time  3289.5s, curr speed    0.210 kHz, avg speed    0.170 kHz), accepted      870/  560001 events ( 0.16%)
ZtoMM trigger inconsistency
Processed   570000/ 1653582 entries, 34.47% (elapsed time  3338.5s, curr speed    0.204 kHz, avg speed    0.171 kHz), accepted      887/  570001 events ( 0.16%)
Processed   580000/ 1653582 entries, 35.08% (elapsed time  3386.6s, curr speed    0.208 kHz, avg speed    0.171 kHz), accepted      904/  580001 events ( 0.16%)
TtoEM trigger inconsistency
Processed   590000/ 1653582 entries, 35.68% (elapsed time  3435.9s, curr speed    0.203 kHz, avg speed    0.172 kHz), accepted      914/  590001 events ( 0.15%)
TtoEM trigger inconsistency
Processed   600000/ 1653582 entries, 36.28% (elapsed time  3484.3s, curr speed    0.206 kHz, avg speed    0.172 kHz), accepted      937/  600001 events ( 0.16%)
Processed   610000/ 1653582 entries, 36.89% (elapsed time  3531.8s, curr speed    0.211 kHz, avg speed    0.173 kHz), accepted      946/  610001 events ( 0.16%)
ZtoMM trigger inconsistency
Processed   620000/ 1653582 entries, 37.49% (elapsed time  3579.3s, curr speed    0.210 kHz, avg speed    0.173 kHz), accepted      962/  620001 events ( 0.16%)
ZtoMM trigger inconsistency
Processed   630000/ 1653582 entries, 38.10% (elapsed time  3626.5s, curr speed    0.212 kHz, avg speed    0.174 kHz), accepted      974/  630001 events ( 0.15%)
Processed   640000/ 1653582 entries, 38.70% (elapsed time  3675.4s, curr speed    0.204 kHz, avg speed    0.174 kHz), accepted      985/  640001 events ( 0.15%)
Processed   650000/ 1653582 entries, 39.31% (elapsed time  3723.8s, curr speed    0.207 kHz, avg speed    0.175 kHz), accepted      997/  650001 events ( 0.15%)
Processed   660000/ 1653582 entries, 39.91% (elapsed time  3771.9s, curr speed    0.208 kHz, avg speed    0.175 kHz), accepted     1007/  660001 events ( 0.15%)
TtoEM trigger inconsistency
TtoEM trigger inconsistency
Processed   670000/ 1653582 entries, 40.52% (elapsed time  3819.3s, curr speed    0.211 kHz, avg speed    0.175 kHz), accepted     1021/  670001 events ( 0.15%)
ZtoMM trigger inconsistency
ZtoMM trigger inconsistency
TtoEM trigger inconsistency
Processed   680000/ 1653582 entries, 41.12% (elapsed time  3867.7s, curr speed    0.207 kHz, avg speed    0.176 kHz), accepted     1037/  680001 events ( 0.15%)
ZtoMM trigger inconsistency
Processed   690000/ 1653582 entries, 41.73% (elapsed time  3916.7s, curr speed    0.204 kHz, avg speed    0.176 kHz), accepted     1052/  690001 events ( 0.15%)
Processed   700000/ 1653582 entries, 42.33% (elapsed time  3964.7s, curr speed    0.208 kHz, avg speed    0.177 kHz), accepted     1059/  700001 events ( 0.15%)
ZtoEE trigger inconsistency
Processed   710000/ 1653582 entries, 42.94% (elapsed time  4012.7s, curr speed    0.208 kHz, avg speed    0.177 kHz), accepted     1067/  710001 events ( 0.15%)
Processed   720000/ 1653582 entries, 43.54% (elapsed time  4061.1s, curr speed    0.207 kHz, avg speed    0.177 kHz), accepted     1085/  720001 events ( 0.15%)
%MSG-e SimpleJetCorrectionUncertainty: 
 bin variables out of range
%MSG
%MSG-e SimpleJetCorrectionUncertainty: 
 bin variables out of range
%MSG
Processed   730000/ 1653582 entries, 44.15% (elapsed time  4108.7s, curr speed    0.210 kHz, avg speed    0.178 kHz), accepted     1100/  730001 events ( 0.15%)
TtoEM trigger inconsistency
ZtoMM trigger inconsistency
Processed   740000/ 1653582 entries, 44.75% (elapsed time  4156.8s, curr speed    0.208 kHz, avg speed    0.178 kHz), accepted     1114/  740001 events ( 0.15%)
TtoEM trigger inconsistency
Processed   750000/ 1653582 entries, 45.36% (elapsed time  4204.7s, curr speed    0.209 kHz, avg speed    0.178 kHz), accepted     1129/  750001 events ( 0.15%)
ZtoMM trigger inconsistency
Processed   760000/ 1653582 entries, 45.96% (elapsed time  4253.5s, curr speed    0.205 kHz, avg speed    0.179 kHz), accepted     1147/  760001 events ( 0.15%)
Processed   770000/ 1653582 entries, 46.57% (elapsed time  4302.2s, curr speed    0.205 kHz, avg speed    0.179 kHz), accepted     1161/  770001 events ( 0.15%)
ZtoEE trigger inconsistency
Processed   780000/ 1653582 entries, 47.17% (elapsed time  4349.8s, curr speed    0.210 kHz, avg speed    0.179 kHz), accepted     1177/  780001 events ( 0.15%)
Processed   790000/ 1653582 entries, 47.78% (elapsed time  4398.2s, curr speed    0.207 kHz, avg speed    0.180 kHz), accepted     1199/  790001 events ( 0.15%)
Processed   800000/ 1653582 entries, 48.38% (elapsed time  4445.6s, curr speed    0.211 kHz, avg speed    0.180 kHz), accepted     1213/  800001 events ( 0.15%)
Processed   810000/ 1653582 entries, 48.98% (elapsed time  4494.1s, curr speed    0.206 kHz, avg speed    0.180 kHz), accepted     1223/  810001 events ( 0.15%)
Processed   820000/ 1653582 entries, 49.59% (elapsed time  4542.3s, curr speed    0.207 kHz, avg speed    0.181 kHz), accepted     1231/  820001 events ( 0.15%)
TtoEM trigger inconsistency
Processed   830000/ 1653582 entries, 50.19% (elapsed time  4589.0s, curr speed    0.214 kHz, avg speed    0.181 kHz), accepted     1252/  830001 events ( 0.15%)
Processed   840000/ 1653582 entries, 50.80% (elapsed time  4637.6s, curr speed    0.206 kHz, avg speed    0.181 kHz), accepted     1267/  840001 events ( 0.15%)
Processed   850000/ 1653582 entries, 51.40% (elapsed time  4685.2s, curr speed    0.210 kHz, avg speed    0.181 kHz), accepted     1282/  850001 events ( 0.15%)
TtoEM trigger inconsistency
ZtoMM trigger inconsistency
Processed   860000/ 1653582 entries, 52.01% (elapsed time  4733.1s, curr speed    0.209 kHz, avg speed    0.182 kHz), accepted     1296/  860001 events ( 0.15%)
ZtoMM trigger inconsistency
Processed   870000/ 1653582 entries, 52.61% (elapsed time  4781.5s, curr speed    0.207 kHz, avg speed    0.182 kHz), accepted     1312/  870001 events ( 0.15%)
TtoEM trigger inconsistency
Processed   880000/ 1653582 entries, 53.22% (elapsed time  4828.8s, curr speed    0.211 kHz, avg speed    0.182 kHz), accepted     1324/  880001 events ( 0.15%)
Processed   890000/ 1653582 entries, 53.82% (elapsed time  4877.0s, curr speed    0.208 kHz, avg speed    0.182 kHz), accepted     1339/  890001 events ( 0.15%)
TtoEM trigger inconsistency
Processed   900000/ 1653582 entries, 54.43% (elapsed time  4925.2s, curr speed    0.207 kHz, avg speed    0.183 kHz), accepted     1355/  900001 events ( 0.15%)
ZtoMM trigger inconsistency
Processed   910000/ 1653582 entries, 55.03% (elapsed time  4972.3s, curr speed    0.212 kHz, avg speed    0.183 kHz), accepted     1376/  910001 events ( 0.15%)
ZtoMM trigger inconsistency
ZtoMM trigger inconsistency
Processed   920000/ 1653582 entries, 55.64% (elapsed time  5020.3s, curr speed    0.208 kHz, avg speed    0.183 kHz), accepted     1393/  920001 events ( 0.15%)
Processed   930000/ 1653582 entries, 56.24% (elapsed time  5068.2s, curr speed    0.209 kHz, avg speed    0.183 kHz), accepted     1409/  930001 events ( 0.15%)
ZtoMM trigger inconsistency
Processed   940000/ 1653582 entries, 56.85% (elapsed time  5116.6s, curr speed    0.207 kHz, avg speed    0.184 kHz), accepted     1423/  940001 events ( 0.15%)
TtoEM trigger inconsistency
Processed   950000/ 1653582 entries, 57.45% (elapsed time  5164.6s, curr speed    0.208 kHz, avg speed    0.184 kHz), accepted     1439/  950001 events ( 0.15%)
Processed   960000/ 1653582 entries, 58.06% (elapsed time  5211.9s, curr speed    0.211 kHz, avg speed    0.184 kHz), accepted     1455/  960001 events ( 0.15%)
Processed   970000/ 1653582 entries, 58.66% (elapsed time  5260.4s, curr speed    0.206 kHz, avg speed    0.184 kHz), accepted     1466/  970001 events ( 0.15%)
ZtoMM trigger inconsistency
ZtoMM trigger inconsistency
Processed   980000/ 1653582 entries, 59.27% (elapsed time  5307.5s, curr speed    0.212 kHz, avg speed    0.185 kHz), accepted     1480/  980001 events ( 0.15%)
Processed   990000/ 1653582 entries, 59.87% (elapsed time  5356.3s, curr speed    0.205 kHz, avg speed    0.185 kHz), accepted     1493/  990001 events ( 0.15%)
Processed  1000000/ 1653582 entries, 60.47% (elapsed time  5405.1s, curr speed    0.205 kHz, avg speed    0.185 kHz), accepted     1511/ 1000001 events ( 0.15%)
ZtoMM trigger inconsistency
Processed  1010000/ 1653582 entries, 61.08% (elapsed time  5453.8s, curr speed    0.205 kHz, avg speed    0.185 kHz), accepted     1523/ 1010001 events ( 0.15%)
ZtoMM trigger inconsistency
Processed  1020000/ 1653582 entries, 61.68% (elapsed time  5502.8s, curr speed    0.204 kHz, avg speed    0.185 kHz), accepted     1537/ 1020001 events ( 0.15%)
ZtoMM trigger inconsistency
ZtoMM trigger inconsistency
ZtoMM trigger inconsistency
Processed  1030000/ 1653582 entries, 62.29% (elapsed time  5550.7s, curr speed    0.209 kHz, avg speed    0.186 kHz), accepted     1556/ 1030001 events ( 0.15%)
TtoEM trigger inconsistency
Processed  1040000/ 1653582 entries, 62.89% (elapsed time  5598.9s, curr speed    0.208 kHz, avg speed    0.186 kHz), accepted     1571/ 1040001 events ( 0.15%)
Processed  1050000/ 1653582 entries, 63.50% (elapsed time  5646.5s, curr speed    0.210 kHz, avg speed    0.186 kHz), accepted     1582/ 1050001 events ( 0.15%)
Processed  1060000/ 1653582 entries, 64.10% (elapsed time  5694.1s, curr speed    0.210 kHz, avg speed    0.186 kHz), accepted     1600/ 1060001 events ( 0.15%)
Processed  1070000/ 1653582 entries, 64.71% (elapsed time  5743.0s, curr speed    0.205 kHz, avg speed    0.186 kHz), accepted     1615/ 1070001 events ( 0.15%)
Processed  1080000/ 1653582 entries, 65.31% (elapsed time  5789.9s, curr speed    0.213 kHz, avg speed    0.187 kHz), accepted     1628/ 1080001 events ( 0.15%)
Processed  1090000/ 1653582 entries, 65.92% (elapsed time  5838.0s, curr speed    0.208 kHz, avg speed    0.187 kHz), accepted     1642/ 1090001 events ( 0.15%)
ZtoMM trigger inconsistency
ZtoEE trigger inconsistency
Processed  1100000/ 1653582 entries, 66.52% (elapsed time  5886.6s, curr speed    0.206 kHz, avg speed    0.187 kHz), accepted     1658/ 1100001 events ( 0.15%)
Processed  1110000/ 1653582 entries, 67.13% (elapsed time  5933.0s, curr speed    0.216 kHz, avg speed    0.187 kHz), accepted     1671/ 1110001 events ( 0.15%)
ZtoMM trigger inconsistency
TtoEM trigger inconsistency
Processed  1120000/ 1653582 entries, 67.73% (elapsed time  5980.5s, curr speed    0.211 kHz, avg speed    0.187 kHz), accepted     1688/ 1120001 events ( 0.15%)
TtoEM trigger inconsistency
Processed  1130000/ 1653582 entries, 68.34% (elapsed time  6027.2s, curr speed    0.214 kHz, avg speed    0.187 kHz), accepted     1701/ 1130001 events ( 0.15%)
TtoEM trigger inconsistency
Processed  1140000/ 1653582 entries, 68.94% (elapsed time  6074.4s, curr speed    0.212 kHz, avg speed    0.188 kHz), accepted     1718/ 1140001 events ( 0.15%)
Processed  1150000/ 1653582 entries, 69.55% (elapsed time  6121.4s, curr speed    0.212 kHz, avg speed    0.188 kHz), accepted     1725/ 1150001 events ( 0.15%)
Processed  1160000/ 1653582 entries, 70.15% (elapsed time  6167.6s, curr speed    0.217 kHz, avg speed    0.188 kHz), accepted     1744/ 1160001 events ( 0.15%)
ZtoMM trigger inconsistency
Processed  1170000/ 1653582 entries, 70.76% (elapsed time  6215.1s, curr speed    0.210 kHz, avg speed    0.188 kHz), accepted     1756/ 1170001 events ( 0.15%)
Processed  1180000/ 1653582 entries, 71.36% (elapsed time  6261.2s, curr speed    0.217 kHz, avg speed    0.188 kHz), accepted     1773/ 1180001 events ( 0.15%)
TtoEM trigger inconsistency
Processed  1190000/ 1653582 entries, 71.96% (elapsed time  6308.5s, curr speed    0.212 kHz, avg speed    0.189 kHz), accepted     1789/ 1190001 events ( 0.15%)
TtoEM trigger inconsistency
Processed  1200000/ 1653582 entries, 72.57% (elapsed time  6356.8s, curr speed    0.207 kHz, avg speed    0.189 kHz), accepted     1811/ 1200001 events ( 0.15%)
ZtoMM trigger inconsistency
ZtoMM trigger inconsistency
Processed  1210000/ 1653582 entries, 73.17% (elapsed time  6402.8s, curr speed    0.218 kHz, avg speed    0.189 kHz), accepted     1824/ 1210001 events ( 0.15%)
TtoEM trigger inconsistency
Processed  1220000/ 1653582 entries, 73.78% (elapsed time  6450.4s, curr speed    0.210 kHz, avg speed    0.189 kHz), accepted     1841/ 1220001 events ( 0.15%)
Processed  1230000/ 1653582 entries, 74.38% (elapsed time  6496.6s, curr speed    0.217 kHz, avg speed    0.189 kHz), accepted     1855/ 1230001 events ( 0.15%)
ZtoMM trigger inconsistency
Processed  1240000/ 1653582 entries, 74.99% (elapsed time  6543.9s, curr speed    0.211 kHz, avg speed    0.189 kHz), accepted     1865/ 1240001 events ( 0.15%)
TtoEM trigger inconsistency
ZtoMM trigger inconsistency
Processed  1250000/ 1653582 entries, 75.59% (elapsed time  6590.5s, curr speed    0.215 kHz, avg speed    0.190 kHz), accepted     1880/ 1250001 events ( 0.15%)
TtoEM trigger inconsistency
Processed  1260000/ 1653582 entries, 76.20% (elapsed time  6637.6s, curr speed    0.212 kHz, avg speed    0.190 kHz), accepted     1892/ 1260001 events ( 0.15%)
Processed  1270000/ 1653582 entries, 76.80% (elapsed time  6685.0s, curr speed    0.211 kHz, avg speed    0.190 kHz), accepted     1909/ 1270001 events ( 0.15%)
ZtoEE trigger inconsistency
Processed  1280000/ 1653582 entries, 77.41% (elapsed time  6731.3s, curr speed    0.216 kHz, avg speed    0.190 kHz), accepted     1930/ 1280001 events ( 0.15%)
ZtoMM trigger inconsistency
Processed  1290000/ 1653582 entries, 78.01% (elapsed time  6778.8s, curr speed    0.210 kHz, avg speed    0.190 kHz), accepted     1946/ 1290001 events ( 0.15%)
Processed  1300000/ 1653582 entries, 78.62% (elapsed time  6826.3s, curr speed    0.210 kHz, avg speed    0.190 kHz), accepted     1959/ 1300001 events ( 0.15%)
TtoEM trigger inconsistency
Processed  1310000/ 1653582 entries, 79.22% (elapsed time  6872.5s, curr speed    0.217 kHz, avg speed    0.191 kHz), accepted     1971/ 1310001 events ( 0.15%)
ZtoMM trigger inconsistency
Processed  1320000/ 1653582 entries, 79.83% (elapsed time  6919.7s, curr speed    0.212 kHz, avg speed    0.191 kHz), accepted     1981/ 1320001 events ( 0.15%)
ZtoMM trigger inconsistency
Processed  1330000/ 1653582 entries, 80.43% (elapsed time  6965.9s, curr speed    0.216 kHz, avg speed    0.191 kHz), accepted     1998/ 1330001 events ( 0.15%)
ZtoMM trigger inconsistency
Processed  1340000/ 1653582 entries, 81.04% (elapsed time  7012.9s, curr speed    0.212 kHz, avg speed    0.191 kHz), accepted     2011/ 1340001 events ( 0.15%)
ZtoMM trigger inconsistency
ZtoMM trigger inconsistency
Processed  1350000/ 1653582 entries, 81.64% (elapsed time  7060.5s, curr speed    0.210 kHz, avg speed    0.191 kHz), accepted     2025/ 1350001 events ( 0.15%)
ZtoMM trigger inconsistency
TtoEM trigger inconsistency
Processed  1360000/ 1653582 entries, 82.25% (elapsed time  7107.0s, curr speed    0.215 kHz, avg speed    0.191 kHz), accepted     2040/ 1360001 events ( 0.15%)
Processed  1370000/ 1653582 entries, 82.85% (elapsed time  7154.5s, curr speed    0.210 kHz, avg speed    0.191 kHz), accepted     2053/ 1370001 events ( 0.15%)
TtoEM trigger inconsistency
Processed  1380000/ 1653582 entries, 83.46% (elapsed time  7201.1s, curr speed    0.215 kHz, avg speed    0.192 kHz), accepted     2065/ 1380001 events ( 0.15%)
ZtoMM trigger inconsistency
Processed  1390000/ 1653582 entries, 84.06% (elapsed time  7248.9s, curr speed    0.209 kHz, avg speed    0.192 kHz), accepted     2084/ 1390001 events ( 0.15%)
TtoEM trigger inconsistency
Processed  1400000/ 1653582 entries, 84.66% (elapsed time  7295.6s, curr speed    0.214 kHz, avg speed    0.192 kHz), accepted     2096/ 1400001 events ( 0.15%)
ZtoMM trigger inconsistency
Processed  1410000/ 1653582 entries, 85.27% (elapsed time  7342.4s, curr speed    0.214 kHz, avg speed    0.192 kHz), accepted     2111/ 1410001 events ( 0.15%)
Processed  1420000/ 1653582 entries, 85.87% (elapsed time  7389.8s, curr speed    0.211 kHz, avg speed    0.192 kHz), accepted     2127/ 1420001 events ( 0.15%)
ZtoMM trigger inconsistency
Processed  1430000/ 1653582 entries, 86.48% (elapsed time  7436.7s, curr speed    0.213 kHz, avg speed    0.192 kHz), accepted     2140/ 1430001 events ( 0.15%)
Processed  1440000/ 1653582 entries, 87.08% (elapsed time  7484.5s, curr speed    0.209 kHz, avg speed    0.192 kHz), accepted     2161/ 1440001 events ( 0.15%)
ZtoMM trigger inconsistency
Processed  1450000/ 1653582 entries, 87.69% (elapsed time  7531.9s, curr speed    0.211 kHz, avg speed    0.193 kHz), accepted     2185/ 1450001 events ( 0.15%)
Processed  1460000/ 1653582 entries, 88.29% (elapsed time  7578.2s, curr speed    0.216 kHz, avg speed    0.193 kHz), accepted     2198/ 1460001 events ( 0.15%)
Processed  1470000/ 1653582 entries, 88.90% (elapsed time  7625.7s, curr speed    0.211 kHz, avg speed    0.193 kHz), accepted     2208/ 1470001 events ( 0.15%)
Processed  1480000/ 1653582 entries, 89.50% (elapsed time  7672.3s, curr speed    0.214 kHz, avg speed    0.193 kHz), accepted     2222/ 1480001 events ( 0.15%)
ZtoMM trigger inconsistency
Processed  1490000/ 1653582 entries, 90.11% (elapsed time  7719.5s, curr speed    0.212 kHz, avg speed    0.193 kHz), accepted     2239/ 1490001 events ( 0.15%)
Processed  1500000/ 1653582 entries, 90.71% (elapsed time  7767.2s, curr speed    0.210 kHz, avg speed    0.193 kHz), accepted     2250/ 1500001 events ( 0.15%)
Processed  1510000/ 1653582 entries, 91.32% (elapsed time  7813.5s, curr speed    0.216 kHz, avg speed    0.193 kHz), accepted     2269/ 1510001 events ( 0.15%)
TtoEM trigger inconsistency
Processed  1520000/ 1653582 entries, 91.92% (elapsed time  7861.0s, curr speed    0.211 kHz, avg speed    0.193 kHz), accepted     2276/ 1520001 events ( 0.15%)
ZtoMM trigger inconsistency
Processed  1530000/ 1653582 entries, 92.53% (elapsed time  7907.6s, curr speed    0.215 kHz, avg speed    0.193 kHz), accepted     2290/ 1530001 events ( 0.15%)
Processed  1540000/ 1653582 entries, 93.13% (elapsed time  7954.8s, curr speed    0.212 kHz, avg speed    0.194 kHz), accepted     2306/ 1540001 events ( 0.15%)
TtoEM trigger inconsistency
Processed  1550000/ 1653582 entries, 93.74% (elapsed time  8001.9s, curr speed    0.212 kHz, avg speed    0.194 kHz), accepted     2322/ 1550001 events ( 0.15%)
ZtoMM trigger inconsistency
ZtoMM trigger inconsistency
Processed  1560000/ 1653582 entries, 94.34% (elapsed time  8048.3s, curr speed    0.216 kHz, avg speed    0.194 kHz), accepted     2343/ 1560001 events ( 0.15%)
Processed  1570000/ 1653582 entries, 94.95% (elapsed time  8095.7s, curr speed    0.211 kHz, avg speed    0.194 kHz), accepted     2360/ 1570001 events ( 0.15%)
ZtoEE trigger inconsistency
ZtoMM trigger inconsistency
Processed  1580000/ 1653582 entries, 95.55% (elapsed time  8142.1s, curr speed    0.216 kHz, avg speed    0.194 kHz), accepted     2376/ 1580001 events ( 0.15%)
Processed  1590000/ 1653582 entries, 96.15% (elapsed time  8189.7s, curr speed    0.210 kHz, avg speed    0.194 kHz), accepted     2388/ 1590001 events ( 0.15%)
Processed  1600000/ 1653582 entries, 96.76% (elapsed time  8237.1s, curr speed    0.211 kHz, avg speed    0.194 kHz), accepted     2400/ 1600001 events ( 0.15%)
Processed  1610000/ 1653582 entries, 97.36% (elapsed time  8283.8s, curr speed    0.214 kHz, avg speed    0.194 kHz), accepted     2417/ 1610001 events ( 0.15%)
Processed  1620000/ 1653582 entries, 97.97% (elapsed time  8331.2s, curr speed    0.211 kHz, avg speed    0.194 kHz), accepted     2432/ 1620001 events ( 0.15%)
Processed  1630000/ 1653582 entries, 98.57% (elapsed time  8377.8s, curr speed    0.214 kHz, avg speed    0.195 kHz), accepted     2444/ 1630001 events ( 0.15%)
ZtoMM trigger inconsistency
Processed  1640000/ 1653582 entries, 99.18% (elapsed time  8424.4s, curr speed    0.215 kHz, avg speed    0.195 kHz), accepted     2463/ 1640001 events ( 0.15%)
ZtoMM trigger inconsistency
Processed  1650000/ 1653582 entries, 99.78% (elapsed time  8471.7s, curr speed    0.212 kHz, avg speed    0.195 kHz), accepted     2480/ 1650001 events ( 0.15%)
TtoEM trigger inconsistency
Processed 1653582 preselected entries from root://cms-xrd-global.cern.ch//store/mc/RunIISummer16NanoAODv6/ZZTo4L_13TeV_powheg_pythia8_ext1/NANOAODSIM/PUMoriond17_Nano25Oct2019_102X_mcRun2_asymptotic_v7-v1/70000/25D5ACC8-7961-004B-9603-C2D507F5BAA2.root (1653582 entries). Finally selected 2484 entries
Done /work/pbaertsc/heavy_resonance/output_2016/ZZTo4L_13TeV_powheg_pythia8_ext1__RunIISummer16NanoAODv6-PUMoriond17_Nano25Oct2019_102X_mcRun2_asymptotic_v7-v1__NANOAODSIM/25D5ACC8-7961-004B-9603-C2D507F5BAA2.root
194.67051868 Hz
deleting root file with name: /work/pbaertsc/heavy_resonance/output_2016/ZZTo4L_13TeV_powheg_pythia8_ext1__RunIISummer16NanoAODv6-PUMoriond17_Nano25Oct2019_102X_mcRun2_asymptotic_v7-v1__NANOAODSIM/25D5ACC8-7961-004B-9603-C2D507F5BAA2.root
DONE
Complete at
Thu Jan 30 23:27:26 CET 2020
