job start at
Tue Jan 28 20:36:01 CET 2020
SLURM_JOB_ID: 422144
HOSTNAME: t3wn51
JOBLIST:joblist/joblist_ZH_HToBB_ZToNuNu_M125_13TeV_powheg_pythia8__RunIIAutumn18NanoAODv6-Nano25Oct2019_102X_upgrade2018_realistic_v20-v1__NANOAODSIM_ll.txt
Going to execute
python job.py -i root://cms-xrd-global.cern.ch//store/mc/RunIIAutumn18NanoAODv6/ZH_HToBB_ZToNuNu_M125_13TeV_powheg_pythia8/NANOAODSIM/Nano25Oct2019_102X_upgrade2018_realistic_v20-v1/240000/9BC7A520-934C-EB40-BF36-8AD4B50B4CDA.root -o /work/pbaertsc/heavy_resonance/output_2018/ZH_HToBB_ZToNuNu_M125_13TeV_powheg_pythia8__RunIIAutumn18NanoAODv6-Nano25Oct2019_102X_upgrade2018_realistic_v20-v1__NANOAODSIM -N ZH_HToBB_ZToNuNu_M125_13TeV_powheg_pythia8__RunIIAutumn18NanoAODv6-Nano25Oct2019_102X_upgrade2018_realistic_v20-v1__NANOAODSIM -n 1 -c ll -y 2018
TClass::Init:0: RuntimeWarning: no dictionary for class ROOT::TIOFeatures is available
/work/pbaertsc/heavy_resonance/CMSSW_9_4_6/python/PhysicsTools/NanoAODTools/postprocessing/framework/treeReaderArrayTools.py:69: RuntimeWarning: creating executor for unknown type "ULong64_t*"
  ret = _vr.Get()[0]
JEC= Autumn18_V19_MC 	 JER= Autumn18_V7_MC
MET branch= PuppiMET
JEC= Autumn18_V19_MC 	 JER= Autumn18_V7_MC
MET branch= PuppiMET
--------------------------------------------------------------------------------
input files  = ['root://cms-xrd-global.cern.ch//store/mc/RunIIAutumn18NanoAODv6/ZH_HToBB_ZToNuNu_M125_13TeV_powheg_pythia8/NANOAODSIM/Nano25Oct2019_102X_upgrade2018_realistic_v20-v1/240000/9BC7A520-934C-EB40-BF36-8AD4B50B4CDA.root']
output directory = /work/pbaertsc/heavy_resonance/output_2018/ZH_HToBB_ZToNuNu_M125_13TeV_powheg_pythia8__RunIIAutumn18NanoAODv6-Nano25Oct2019_102X_upgrade2018_realistic_v20-v1__NANOAODSIM
output file  = ZH_HToBB_ZToNuNu_M125_13TeV_powheg_pythia8__RunIIAutumn18NanoAODv6-Nano25Oct2019_102X_upgrade2018_realistic_v20-v1__NANOAODSIM_1_ll.root
chunck       = 1
channel      = ll
dataType     = mc
year         = 2018
tes          = 1.0
ltf          = 1.0
jtf          = 1.0
--------------------------------------------------------------------------------
job.py: creating PostProcessor...
TreeProducer is called /work/pbaertsc/heavy_resonance/output_2018/ZH_HToBB_ZToNuNu_M125_13TeV_powheg_pythia8__RunIIAutumn18NanoAODv6-Nano25Oct2019_102X_upgrade2018_realistic_v20-v1__NANOAODSIM/ZH_HToBB_ZToNuNu_M125_13TeV_powheg_pythia8__RunIIAutumn18NanoAODv6-Nano25Oct2019_102X_upgrade2018_realistic_v20-v1__NANOAODSIM_1_ll.root
job.py: going to run PostProcessor...
Will write selected trees to /work/pbaertsc/heavy_resonance/output_2018/ZH_HToBB_ZToNuNu_M125_13TeV_powheg_pythia8__RunIIAutumn18NanoAODv6-Nano25Oct2019_102X_upgrade2018_realistic_v20-v1__NANOAODSIM
Loading jet energy scale (JES) uncertainties from file '/tmp/tmphERLYO/Autumn18_V19_MC_Uncertainty_AK4PFchs.txt'
Loading jet energy resolutions (JER) from file '/tmp/tmpUkRiuT/Autumn18_V7_MC_PtResolution_AK4PFchs.txt'
Loading JER scale factors and uncertainties from file '/tmp/tmpUkRiuT/Autumn18_V7_MC_SF_AK4PFchs.txt'
Loading jet energy scale (JES) uncertainties from file '/tmp/tmpMimz2k/Autumn18_V19_MC_Uncertainty_AK8PFPuppi.txt'
Loading jet energy resolutions (JER) from file '/tmp/tmpJy2Lm9/Autumn18_V7_MC_PtResolution_AK8PFPuppi.txt'
Loading JER scale factors and uncertainties from file '/tmp/tmpJy2Lm9/Autumn18_V7_MC_SF_AK8PFPuppi.txt'
Pre-select 755150 entries out of 755150 (100.00%)
nanoAODv5? True
Processed    10000/  755150 entries,  1.32% (elapsed time   172.7s, curr speed    0.058 kHz, avg speed    0.058 kHz), accepted      212/   10001 events ( 2.12%)
Processed    20000/  755150 entries,  2.65% (elapsed time   332.8s, curr speed    0.062 kHz, avg speed    0.060 kHz), accepted      407/   20001 events ( 2.03%)
Processed    30000/  755150 entries,  3.97% (elapsed time   493.9s, curr speed    0.062 kHz, avg speed    0.061 kHz), accepted      616/   30001 events ( 2.05%)
Processed    40000/  755150 entries,  5.30% (elapsed time   665.7s, curr speed    0.058 kHz, avg speed    0.060 kHz), accepted      828/   40001 events ( 2.07%)
Processed    50000/  755150 entries,  6.62% (elapsed time   812.6s, curr speed    0.068 kHz, avg speed    0.062 kHz), accepted     1042/   50001 events ( 2.08%)
Processed    60000/  755150 entries,  7.95% (elapsed time   966.6s, curr speed    0.065 kHz, avg speed    0.062 kHz), accepted     1226/   60001 events ( 2.04%)
Processed    70000/  755150 entries,  9.27% (elapsed time  1123.9s, curr speed    0.064 kHz, avg speed    0.062 kHz), accepted     1427/   70001 events ( 2.04%)
Bad event
Processed    80000/  755150 entries, 10.59% (elapsed time  1286.1s, curr speed    0.062 kHz, avg speed    0.062 kHz), accepted     1664/   80001 events ( 2.08%)
Processed    90000/  755150 entries, 11.92% (elapsed time  1444.6s, curr speed    0.063 kHz, avg speed    0.062 kHz), accepted     1873/   90001 events ( 2.08%)
Processed   100000/  755150 entries, 13.24% (elapsed time  1607.7s, curr speed    0.061 kHz, avg speed    0.062 kHz), accepted     2057/  100001 events ( 2.06%)
Processed   110000/  755150 entries, 14.57% (elapsed time  1770.3s, curr speed    0.061 kHz, avg speed    0.062 kHz), accepted     2270/  110001 events ( 2.06%)
Processed   120000/  755150 entries, 15.89% (elapsed time  1940.3s, curr speed    0.059 kHz, avg speed    0.062 kHz), accepted     2501/  120001 events ( 2.08%)
Processed   130000/  755150 entries, 17.22% (elapsed time  2102.5s, curr speed    0.062 kHz, avg speed    0.062 kHz), accepted     2664/  130001 events ( 2.05%)
Processed   140000/  755150 entries, 18.54% (elapsed time  2265.0s, curr speed    0.062 kHz, avg speed    0.062 kHz), accepted     2890/  140001 events ( 2.06%)
Bad event
Processed   150000/  755150 entries, 19.86% (elapsed time  2428.9s, curr speed    0.061 kHz, avg speed    0.062 kHz), accepted     3069/  150001 events ( 2.05%)
Processed   160000/  755150 entries, 21.19% (elapsed time  2593.0s, curr speed    0.061 kHz, avg speed    0.062 kHz), accepted     3294/  160001 events ( 2.06%)
Processed   170000/  755150 entries, 22.51% (elapsed time  2755.3s, curr speed    0.062 kHz, avg speed    0.062 kHz), accepted     3499/  170001 events ( 2.06%)
Processed   180000/  755150 entries, 23.84% (elapsed time  2924.7s, curr speed    0.059 kHz, avg speed    0.062 kHz), accepted     3719/  180001 events ( 2.07%)
Processed   190000/  755150 entries, 25.16% (elapsed time  3087.1s, curr speed    0.062 kHz, avg speed    0.062 kHz), accepted     3925/  190001 events ( 2.07%)
Processed   200000/  755150 entries, 26.48% (elapsed time  3246.6s, curr speed    0.063 kHz, avg speed    0.062 kHz), accepted     4123/  200001 events ( 2.06%)
Processed   210000/  755150 entries, 27.81% (elapsed time  3409.7s, curr speed    0.061 kHz, avg speed    0.062 kHz), accepted     4327/  210001 events ( 2.06%)
Processed   220000/  755150 entries, 29.13% (elapsed time  3571.2s, curr speed    0.062 kHz, avg speed    0.062 kHz), accepted     4524/  220001 events ( 2.06%)
Processed   230000/  755150 entries, 30.46% (elapsed time  3736.7s, curr speed    0.060 kHz, avg speed    0.062 kHz), accepted     4729/  230001 events ( 2.06%)
Processed   240000/  755150 entries, 31.78% (elapsed time  3900.7s, curr speed    0.061 kHz, avg speed    0.062 kHz), accepted     4928/  240001 events ( 2.05%)
Bad event
Processed   250000/  755150 entries, 33.11% (elapsed time  4067.6s, curr speed    0.060 kHz, avg speed    0.061 kHz), accepted     5094/  250001 events ( 2.04%)
Processed   260000/  755150 entries, 34.43% (elapsed time  4229.6s, curr speed    0.062 kHz, avg speed    0.061 kHz), accepted     5309/  260001 events ( 2.04%)
Processed   270000/  755150 entries, 35.75% (elapsed time  4392.8s, curr speed    0.061 kHz, avg speed    0.061 kHz), accepted     5514/  270001 events ( 2.04%)
Processed   280000/  755150 entries, 37.08% (elapsed time  4554.2s, curr speed    0.062 kHz, avg speed    0.061 kHz), accepted     5727/  280001 events ( 2.05%)
Processed   290000/  755150 entries, 38.40% (elapsed time  4715.2s, curr speed    0.062 kHz, avg speed    0.062 kHz), accepted     5920/  290001 events ( 2.04%)
Processed   300000/  755150 entries, 39.73% (elapsed time  4880.2s, curr speed    0.061 kHz, avg speed    0.061 kHz), accepted     6132/  300001 events ( 2.04%)
Processed   310000/  755150 entries, 41.05% (elapsed time  5047.1s, curr speed    0.060 kHz, avg speed    0.061 kHz), accepted     6370/  310001 events ( 2.05%)
Processed   320000/  755150 entries, 42.38% (elapsed time  5213.4s, curr speed    0.060 kHz, avg speed    0.061 kHz), accepted     6543/  320001 events ( 2.04%)
Processed   330000/  755150 entries, 43.70% (elapsed time  5380.8s, curr speed    0.060 kHz, avg speed    0.061 kHz), accepted     6743/  330001 events ( 2.04%)
Processed   340000/  755150 entries, 45.02% (elapsed time  5545.9s, curr speed    0.061 kHz, avg speed    0.061 kHz), accepted     6928/  340001 events ( 2.04%)
Bad event
Processed   350000/  755150 entries, 46.35% (elapsed time  5706.5s, curr speed    0.062 kHz, avg speed    0.061 kHz), accepted     7144/  350001 events ( 2.04%)
Processed   360000/  755150 entries, 47.67% (elapsed time  5872.5s, curr speed    0.060 kHz, avg speed    0.061 kHz), accepted     7379/  360001 events ( 2.05%)
Processed   370000/  755150 entries, 49.00% (elapsed time  6039.8s, curr speed    0.060 kHz, avg speed    0.061 kHz), accepted     7596/  370001 events ( 2.05%)
Processed   380000/  755150 entries, 50.32% (elapsed time  6200.9s, curr speed    0.062 kHz, avg speed    0.061 kHz), accepted     7785/  380001 events ( 2.05%)
Bad event
Processed   390000/  755150 entries, 51.65% (elapsed time  6360.9s, curr speed    0.062 kHz, avg speed    0.061 kHz), accepted     8007/  390001 events ( 2.05%)
Processed   400000/  755150 entries, 52.97% (elapsed time  6524.3s, curr speed    0.061 kHz, avg speed    0.061 kHz), accepted     8184/  400001 events ( 2.05%)
Bad event
Processed   410000/  755150 entries, 54.29% (elapsed time  6683.3s, curr speed    0.063 kHz, avg speed    0.061 kHz), accepted     8358/  410001 events ( 2.04%)
Processed   420000/  755150 entries, 55.62% (elapsed time  6848.0s, curr speed    0.061 kHz, avg speed    0.061 kHz), accepted     8564/  420001 events ( 2.04%)
Processed   430000/  755150 entries, 56.94% (elapsed time  7015.9s, curr speed    0.060 kHz, avg speed    0.061 kHz), accepted     8780/  430001 events ( 2.04%)
Processed   440000/  755150 entries, 58.27% (elapsed time  7170.8s, curr speed    0.065 kHz, avg speed    0.061 kHz), accepted     8968/  440001 events ( 2.04%)
Processed   450000/  755150 entries, 59.59% (elapsed time  7336.5s, curr speed    0.060 kHz, avg speed    0.061 kHz), accepted     9170/  450001 events ( 2.04%)
Processed   460000/  755150 entries, 60.92% (elapsed time  7505.0s, curr speed    0.059 kHz, avg speed    0.061 kHz), accepted     9377/  460001 events ( 2.04%)
Processed   470000/  755150 entries, 62.24% (elapsed time  7671.8s, curr speed    0.060 kHz, avg speed    0.061 kHz), accepted     9589/  470001 events ( 2.04%)
Bad event
Processed   480000/  755150 entries, 63.56% (elapsed time  7834.4s, curr speed    0.062 kHz, avg speed    0.061 kHz), accepted     9805/  480001 events ( 2.04%)
Processed   490000/  755150 entries, 64.89% (elapsed time  7996.4s, curr speed    0.062 kHz, avg speed    0.061 kHz), accepted     9986/  490001 events ( 2.04%)
Processed   500000/  755150 entries, 66.21% (elapsed time  8164.9s, curr speed    0.059 kHz, avg speed    0.061 kHz), accepted    10190/  500001 events ( 2.04%)
Processed   510000/  755150 entries, 67.54% (elapsed time  8324.6s, curr speed    0.063 kHz, avg speed    0.061 kHz), accepted    10400/  510001 events ( 2.04%)
Processed   520000/  755150 entries, 68.86% (elapsed time  8484.0s, curr speed    0.063 kHz, avg speed    0.061 kHz), accepted    10610/  520001 events ( 2.04%)
Bad event
Processed   530000/  755150 entries, 70.18% (elapsed time  8651.5s, curr speed    0.060 kHz, avg speed    0.061 kHz), accepted    10812/  530001 events ( 2.04%)
Processed   540000/  755150 entries, 71.51% (elapsed time  8808.5s, curr speed    0.064 kHz, avg speed    0.061 kHz), accepted    11015/  540001 events ( 2.04%)
Processed   550000/  755150 entries, 72.83% (elapsed time  8974.5s, curr speed    0.060 kHz, avg speed    0.061 kHz), accepted    11218/  550001 events ( 2.04%)
Processed   560000/  755150 entries, 74.16% (elapsed time  9140.9s, curr speed    0.060 kHz, avg speed    0.061 kHz), accepted    11430/  560001 events ( 2.04%)
Processed   570000/  755150 entries, 75.48% (elapsed time  9298.6s, curr speed    0.063 kHz, avg speed    0.061 kHz), accepted    11638/  570001 events ( 2.04%)
Processed   580000/  755150 entries, 76.81% (elapsed time  9465.7s, curr speed    0.060 kHz, avg speed    0.061 kHz), accepted    11843/  580001 events ( 2.04%)
Bad event
Processed   590000/  755150 entries, 78.13% (elapsed time  9631.5s, curr speed    0.060 kHz, avg speed    0.061 kHz), accepted    12066/  590001 events ( 2.05%)
Processed   600000/  755150 entries, 79.45% (elapsed time  9810.8s, curr speed    0.056 kHz, avg speed    0.061 kHz), accepted    12269/  600001 events ( 2.04%)
Processed   610000/  755150 entries, 80.78% (elapsed time  9976.3s, curr speed    0.060 kHz, avg speed    0.061 kHz), accepted    12489/  610001 events ( 2.05%)
Bad event
Processed   620000/  755150 entries, 82.10% (elapsed time 10140.3s, curr speed    0.061 kHz, avg speed    0.061 kHz), accepted    12704/  620001 events ( 2.05%)
Processed   630000/  755150 entries, 83.43% (elapsed time 10313.7s, curr speed    0.058 kHz, avg speed    0.061 kHz), accepted    12929/  630001 events ( 2.05%)
Processed   640000/  755150 entries, 84.75% (elapsed time 10494.4s, curr speed    0.055 kHz, avg speed    0.061 kHz), accepted    13121/  640001 events ( 2.05%)
Processed   650000/  755150 entries, 86.08% (elapsed time 10666.0s, curr speed    0.058 kHz, avg speed    0.061 kHz), accepted    13314/  650001 events ( 2.05%)
Bad event
Processed   660000/  755150 entries, 87.40% (elapsed time 10835.7s, curr speed    0.059 kHz, avg speed    0.061 kHz), accepted    13492/  660001 events ( 2.04%)
Processed   670000/  755150 entries, 88.72% (elapsed time 11011.4s, curr speed    0.057 kHz, avg speed    0.061 kHz), accepted    13709/  670001 events ( 2.05%)
Processed   680000/  755150 entries, 90.05% (elapsed time 11177.6s, curr speed    0.060 kHz, avg speed    0.061 kHz), accepted    13901/  680001 events ( 2.04%)
Processed   690000/  755150 entries, 91.37% (elapsed time 11306.7s, curr speed    0.077 kHz, avg speed    0.061 kHz), accepted    14129/  690001 events ( 2.05%)
Processed   700000/  755150 entries, 92.70% (elapsed time 11409.4s, curr speed    0.097 kHz, avg speed    0.061 kHz), accepted    14342/  700001 events ( 2.05%)
Processed   710000/  755150 entries, 94.02% (elapsed time 11516.4s, curr speed    0.093 kHz, avg speed    0.062 kHz), accepted    14530/  710001 events ( 2.05%)
Processed   720000/  755150 entries, 95.35% (elapsed time 11622.6s, curr speed    0.094 kHz, avg speed    0.062 kHz), accepted    14734/  720001 events ( 2.05%)
Processed   730000/  755150 entries, 96.67% (elapsed time 11728.2s, curr speed    0.095 kHz, avg speed    0.062 kHz), accepted    14928/  730001 events ( 2.04%)
Processed   740000/  755150 entries, 97.99% (elapsed time 11833.3s, curr speed    0.095 kHz, avg speed    0.063 kHz), accepted    15122/  740001 events ( 2.04%)
Bad event
Processed   750000/  755150 entries, 99.32% (elapsed time 11936.8s, curr speed    0.097 kHz, avg speed    0.063 kHz), accepted    15338/  750001 events ( 2.05%)
Processed 755150 preselected entries from root://cms-xrd-global.cern.ch//store/mc/RunIIAutumn18NanoAODv6/ZH_HToBB_ZToNuNu_M125_13TeV_powheg_pythia8/NANOAODSIM/Nano25Oct2019_102X_upgrade2018_realistic_v20-v1/240000/9BC7A520-934C-EB40-BF36-8AD4B50B4CDA.root (755150 entries). Finally selected 15442 entries
Done /work/pbaertsc/heavy_resonance/output_2018/ZH_HToBB_ZToNuNu_M125_13TeV_powheg_pythia8__RunIIAutumn18NanoAODv6-Nano25Oct2019_102X_upgrade2018_realistic_v20-v1__NANOAODSIM/9BC7A520-934C-EB40-BF36-8AD4B50B4CDA.root
62.7941592243 Hz
deleting root file with name: /work/pbaertsc/heavy_resonance/output_2018/ZH_HToBB_ZToNuNu_M125_13TeV_powheg_pythia8__RunIIAutumn18NanoAODv6-Nano25Oct2019_102X_upgrade2018_realistic_v20-v1__NANOAODSIM/9BC7A520-934C-EB40-BF36-8AD4B50B4CDA.root
DONE
Complete at
Wed Jan 29 02:55:57 CET 2020
