job start at
Thu Jan 30 19:13:54 CET 2020
SLURM_JOB_ID: 437363
HOSTNAME: t3wn46
JOBLIST:joblist/joblist_WWTo2L2Nu_NNPDF31_TuneCP5_13TeV-powheg-pythia8__RunIIAutumn18NanoAODv6-Nano25Oct2019_102X_upgrade2018_realistic_v20-v1__NANOAODSIM_ll.txt
Going to execute
python job.py -i root://cms-xrd-global.cern.ch//store/mc/RunIIAutumn18NanoAODv6/WWTo2L2Nu_NNPDF31_TuneCP5_13TeV-powheg-pythia8/NANOAODSIM/Nano25Oct2019_102X_upgrade2018_realistic_v20-v1/40000/F98880A6-F9E7-A442-929A-49223AC8F3CC.root -o /work/pbaertsc/heavy_resonance/output_2018/WWTo2L2Nu_NNPDF31_TuneCP5_13TeV-powheg-pythia8__RunIIAutumn18NanoAODv6-Nano25Oct2019_102X_upgrade2018_realistic_v20-v1__NANOAODSIM -N WWTo2L2Nu_NNPDF31_TuneCP5_13TeV-powheg-pythia8__RunIIAutumn18NanoAODv6-Nano25Oct2019_102X_upgrade2018_realistic_v20-v1__NANOAODSIM -n 1 -c ll -y 2018
TClass::Init:0: RuntimeWarning: no dictionary for class ROOT::TIOFeatures is available
/work/pbaertsc/heavy_resonance/CMSSW_9_4_6/python/PhysicsTools/NanoAODTools/postprocessing/framework/treeReaderArrayTools.py:69: RuntimeWarning: creating executor for unknown type "ULong64_t*"
  ret = _vr.Get()[0]
JEC= Autumn18_V19_MC 	 JER= Autumn18_V7_MC
MET branch= PuppiMET
JEC= Autumn18_V19_MC 	 JER= Autumn18_V7_MC
MET branch= PuppiMET
--------------------------------------------------------------------------------
input files  = ['root://cms-xrd-global.cern.ch//store/mc/RunIIAutumn18NanoAODv6/WWTo2L2Nu_NNPDF31_TuneCP5_13TeV-powheg-pythia8/NANOAODSIM/Nano25Oct2019_102X_upgrade2018_realistic_v20-v1/40000/F98880A6-F9E7-A442-929A-49223AC8F3CC.root']
output directory = /work/pbaertsc/heavy_resonance/output_2018/WWTo2L2Nu_NNPDF31_TuneCP5_13TeV-powheg-pythia8__RunIIAutumn18NanoAODv6-Nano25Oct2019_102X_upgrade2018_realistic_v20-v1__NANOAODSIM
output file  = WWTo2L2Nu_NNPDF31_TuneCP5_13TeV-powheg-pythia8__RunIIAutumn18NanoAODv6-Nano25Oct2019_102X_upgrade2018_realistic_v20-v1__NANOAODSIM_1_ll.root
chunck       = 1
channel      = ll
dataType     = mc
year         = 2018
tes          = 1.0
ltf          = 1.0
jtf          = 1.0
--------------------------------------------------------------------------------
job.py: creating PostProcessor...
TreeProducer is called /work/pbaertsc/heavy_resonance/output_2018/WWTo2L2Nu_NNPDF31_TuneCP5_13TeV-powheg-pythia8__RunIIAutumn18NanoAODv6-Nano25Oct2019_102X_upgrade2018_realistic_v20-v1__NANOAODSIM/WWTo2L2Nu_NNPDF31_TuneCP5_13TeV-powheg-pythia8__RunIIAutumn18NanoAODv6-Nano25Oct2019_102X_upgrade2018_realistic_v20-v1__NANOAODSIM_1_ll.root
job.py: going to run PostProcessor...
Will write selected trees to /work/pbaertsc/heavy_resonance/output_2018/WWTo2L2Nu_NNPDF31_TuneCP5_13TeV-powheg-pythia8__RunIIAutumn18NanoAODv6-Nano25Oct2019_102X_upgrade2018_realistic_v20-v1__NANOAODSIM
Loading jet energy scale (JES) uncertainties from file '/tmp/tmpi5l4Un/Autumn18_V19_MC_Uncertainty_AK4PFchs.txt'
Loading jet energy resolutions (JER) from file '/tmp/tmp450FiY/Autumn18_V7_MC_PtResolution_AK4PFchs.txt'
Loading JER scale factors and uncertainties from file '/tmp/tmp450FiY/Autumn18_V7_MC_SF_AK4PFchs.txt'
Loading jet energy scale (JES) uncertainties from file '/tmp/tmp34ibG7/Autumn18_V19_MC_Uncertainty_AK8PFPuppi.txt'
Loading jet energy resolutions (JER) from file '/tmp/tmpBiQyH6/Autumn18_V7_MC_PtResolution_AK8PFPuppi.txt'
Loading JER scale factors and uncertainties from file '/tmp/tmpBiQyH6/Autumn18_V7_MC_SF_AK8PFPuppi.txt'
Pre-select 855500 entries out of 855500 (100.00%)
nanoAODv5? True
TtoEM trigger inconsistency
TtoEM trigger inconsistency
Processed    10000/  855500 entries,  1.17% (elapsed time   266.0s, curr speed    0.038 kHz, avg speed    0.038 kHz), accepted       57/   10001 events ( 0.57%)
TtoEM trigger inconsistency
TtoEM trigger inconsistency
TtoEM trigger inconsistency
Processed    20000/  855500 entries,  2.34% (elapsed time   527.2s, curr speed    0.038 kHz, avg speed    0.038 kHz), accepted      102/   20001 events ( 0.51%)
TtoEM trigger inconsistency
TtoEM trigger inconsistency
TtoEM trigger inconsistency
TtoEM trigger inconsistency
TtoEM trigger inconsistency
Processed    30000/  855500 entries,  3.51% (elapsed time   790.0s, curr speed    0.038 kHz, avg speed    0.038 kHz), accepted      150/   30001 events ( 0.50%)
TtoEM trigger inconsistency
TtoEM trigger inconsistency
Processed    40000/  855500 entries,  4.68% (elapsed time  1054.1s, curr speed    0.038 kHz, avg speed    0.038 kHz), accepted      206/   40001 events ( 0.51%)
TtoEM trigger inconsistency
TtoEM trigger inconsistency
TtoEM trigger inconsistency
TtoEM trigger inconsistency
TtoEM trigger inconsistency
TtoEM trigger inconsistency
TtoEM trigger inconsistency
Processed    50000/  855500 entries,  5.84% (elapsed time  1315.8s, curr speed    0.038 kHz, avg speed    0.038 kHz), accepted      255/   50001 events ( 0.51%)
TtoEM trigger inconsistency
TtoEM trigger inconsistency
TtoEM trigger inconsistency
TtoEM trigger inconsistency
Processed    60000/  855500 entries,  7.01% (elapsed time  1576.1s, curr speed    0.038 kHz, avg speed    0.038 kHz), accepted      310/   60001 events ( 0.52%)
TtoEM trigger inconsistency
TtoEM trigger inconsistency
TtoEM trigger inconsistency
TtoEM trigger inconsistency
Processed    70000/  855500 entries,  8.18% (elapsed time  1842.7s, curr speed    0.038 kHz, avg speed    0.038 kHz), accepted      365/   70001 events ( 0.52%)
TtoEM trigger inconsistency
TtoEM trigger inconsistency
TtoEM trigger inconsistency
TtoEM trigger inconsistency
TtoEM trigger inconsistency
Processed    80000/  855500 entries,  9.35% (elapsed time  2124.6s, curr speed    0.035 kHz, avg speed    0.038 kHz), accepted      407/   80001 events ( 0.51%)
TtoEM trigger inconsistency
TtoEM trigger inconsistency
WARNING: jet m = -0.0 !!
TtoEM trigger inconsistency
TtoEM trigger inconsistency
Processed    90000/  855500 entries, 10.52% (elapsed time  2409.9s, curr speed    0.035 kHz, avg speed    0.037 kHz), accepted      449/   90001 events ( 0.50%)
TtoEM trigger inconsistency
TtoEM trigger inconsistency
TtoEM trigger inconsistency
Processed   100000/  855500 entries, 11.69% (elapsed time  2694.4s, curr speed    0.035 kHz, avg speed    0.037 kHz), accepted      515/  100001 events ( 0.51%)
TtoEM trigger inconsistency
Processed   110000/  855500 entries, 12.86% (elapsed time  2976.9s, curr speed    0.035 kHz, avg speed    0.037 kHz), accepted      563/  110001 events ( 0.51%)
TtoEM trigger inconsistency
TtoEM trigger inconsistency
TtoEM trigger inconsistency
TtoEM trigger inconsistency
Processed   120000/  855500 entries, 14.03% (elapsed time  3254.9s, curr speed    0.036 kHz, avg speed    0.037 kHz), accepted      598/  120001 events ( 0.50%)
TtoEM trigger inconsistency
TtoEM trigger inconsistency
Processed   130000/  855500 entries, 15.20% (elapsed time  3536.9s, curr speed    0.035 kHz, avg speed    0.037 kHz), accepted      645/  130001 events ( 0.50%)
WARNING: jet m = 0.0 !!
TtoEM trigger inconsistency
TtoEM trigger inconsistency
TtoEM trigger inconsistency
TtoEM trigger inconsistency
TtoEM trigger inconsistency
Processed   140000/  855500 entries, 16.36% (elapsed time  3816.3s, curr speed    0.036 kHz, avg speed    0.037 kHz), accepted      704/  140001 events ( 0.50%)
TtoEM trigger inconsistency
TtoEM trigger inconsistency
TtoEM trigger inconsistency
TtoEM trigger inconsistency
TtoEM trigger inconsistency
Processed   150000/  855500 entries, 17.53% (elapsed time  4097.1s, curr speed    0.036 kHz, avg speed    0.037 kHz), accepted      748/  150001 events ( 0.50%)
TtoEM trigger inconsistency
TtoEM trigger inconsistency
Processed   160000/  855500 entries, 18.70% (elapsed time  4382.4s, curr speed    0.035 kHz, avg speed    0.037 kHz), accepted      793/  160001 events ( 0.50%)
TtoEM trigger inconsistency
TtoEM trigger inconsistency
TtoEM trigger inconsistency
TtoEM trigger inconsistency
TtoEM trigger inconsistency
TtoEM trigger inconsistency
Processed   170000/  855500 entries, 19.87% (elapsed time  4666.5s, curr speed    0.035 kHz, avg speed    0.036 kHz), accepted      834/  170001 events ( 0.49%)
TtoEM trigger inconsistency
TtoEM trigger inconsistency
TtoEM trigger inconsistency
TtoEM trigger inconsistency
TtoEM trigger inconsistency
TtoEM trigger inconsistency
TtoEM trigger inconsistency
Processed   180000/  855500 entries, 21.04% (elapsed time  4950.7s, curr speed    0.035 kHz, avg speed    0.036 kHz), accepted      887/  180001 events ( 0.49%)
TtoEM trigger inconsistency
TtoEM trigger inconsistency
TtoEM trigger inconsistency
TtoEM trigger inconsistency
TtoEM trigger inconsistency
TtoEM trigger inconsistency
TtoEM trigger inconsistency
TtoEM trigger inconsistency
TtoEM trigger inconsistency
Processed   190000/  855500 entries, 22.21% (elapsed time  5229.0s, curr speed    0.036 kHz, avg speed    0.036 kHz), accepted      939/  190001 events ( 0.49%)
TtoEM trigger inconsistency
TtoEM trigger inconsistency
TtoEM trigger inconsistency
TtoEM trigger inconsistency
Processed   200000/  855500 entries, 23.38% (elapsed time  5504.8s, curr speed    0.036 kHz, avg speed    0.036 kHz), accepted      983/  200001 events ( 0.49%)
TtoEM trigger inconsistency
TtoEM trigger inconsistency
TtoEM trigger inconsistency
Processed   210000/  855500 entries, 24.55% (elapsed time  5777.8s, curr speed    0.037 kHz, avg speed    0.036 kHz), accepted     1034/  210001 events ( 0.49%)
TtoEM trigger inconsistency
TtoEM trigger inconsistency
TtoEM trigger inconsistency
TtoEM trigger inconsistency
Processed   220000/  855500 entries, 25.72% (elapsed time  6048.0s, curr speed    0.037 kHz, avg speed    0.036 kHz), accepted     1080/  220001 events ( 0.49%)
TtoEM trigger inconsistency
TtoEM trigger inconsistency
TtoEM trigger inconsistency
Bad event
TtoEM trigger inconsistency
TtoEM trigger inconsistency
Processed   230000/  855500 entries, 26.88% (elapsed time  6319.7s, curr speed    0.037 kHz, avg speed    0.036 kHz), accepted     1136/  230001 events ( 0.49%)
TtoEM trigger inconsistency
TtoEM trigger inconsistency
TtoEM trigger inconsistency
TtoEM trigger inconsistency
TtoEM trigger inconsistency
TtoEM trigger inconsistency
TtoEM trigger inconsistency
TtoEM trigger inconsistency
TtoEM trigger inconsistency
Processed   240000/  855500 entries, 28.05% (elapsed time  6595.2s, curr speed    0.036 kHz, avg speed    0.036 kHz), accepted     1184/  240001 events ( 0.49%)
TtoEM trigger inconsistency
TtoEM trigger inconsistency
TtoEM trigger inconsistency
Processed   250000/  855500 entries, 29.22% (elapsed time  6869.7s, curr speed    0.036 kHz, avg speed    0.036 kHz), accepted     1240/  250001 events ( 0.50%)
TtoEM trigger inconsistency
TtoEM trigger inconsistency
Processed   260000/  855500 entries, 30.39% (elapsed time  7145.1s, curr speed    0.036 kHz, avg speed    0.036 kHz), accepted     1285/  260001 events ( 0.49%)
TtoEM trigger inconsistency
TtoEM trigger inconsistency
TtoEM trigger inconsistency
TtoEM trigger inconsistency
Processed   270000/  855500 entries, 31.56% (elapsed time  7417.1s, curr speed    0.037 kHz, avg speed    0.036 kHz), accepted     1327/  270001 events ( 0.49%)
TtoEM trigger inconsistency
TtoEM trigger inconsistency
TtoEM trigger inconsistency
TtoEM trigger inconsistency
TtoEM trigger inconsistency
TtoEM trigger inconsistency
Processed   280000/  855500 entries, 32.73% (elapsed time  7689.1s, curr speed    0.037 kHz, avg speed    0.036 kHz), accepted     1372/  280001 events ( 0.49%)
TtoEM trigger inconsistency
TtoEM trigger inconsistency
TtoEM trigger inconsistency
Processed   290000/  855500 entries, 33.90% (elapsed time  7965.3s, curr speed    0.036 kHz, avg speed    0.036 kHz), accepted     1413/  290001 events ( 0.49%)
TtoEM trigger inconsistency
TtoEM trigger inconsistency
TtoEM trigger inconsistency
TtoEM trigger inconsistency
TtoEM trigger inconsistency
TtoEM trigger inconsistency
TtoEM trigger inconsistency
Processed   300000/  855500 entries, 35.07% (elapsed time  8240.7s, curr speed    0.036 kHz, avg speed    0.036 kHz), accepted     1458/  300001 events ( 0.49%)
Processed   310000/  855500 entries, 36.24% (elapsed time  8519.0s, curr speed    0.036 kHz, avg speed    0.036 kHz), accepted     1523/  310001 events ( 0.49%)
TtoEM trigger inconsistency
TtoEM trigger inconsistency
TtoEM trigger inconsistency
Processed   320000/  855500 entries, 37.41% (elapsed time  8795.6s, curr speed    0.036 kHz, avg speed    0.036 kHz), accepted     1570/  320001 events ( 0.49%)
TtoEM trigger inconsistency
TtoEM trigger inconsistency
TtoEM trigger inconsistency
TtoEM trigger inconsistency
Processed   330000/  855500 entries, 38.57% (elapsed time  9073.0s, curr speed    0.036 kHz, avg speed    0.036 kHz), accepted     1623/  330001 events ( 0.49%)
TtoEM trigger inconsistency
TtoEM trigger inconsistency
TtoEM trigger inconsistency
TtoEM trigger inconsistency
TtoEM trigger inconsistency
Processed   340000/  855500 entries, 39.74% (elapsed time  9347.9s, curr speed    0.036 kHz, avg speed    0.036 kHz), accepted     1660/  340001 events ( 0.49%)
TtoEM trigger inconsistency
TtoEM trigger inconsistency
TtoEM trigger inconsistency
TtoEM trigger inconsistency
TtoEM trigger inconsistency
Processed   350000/  855500 entries, 40.91% (elapsed time  9624.5s, curr speed    0.036 kHz, avg speed    0.036 kHz), accepted     1717/  350001 events ( 0.49%)
TtoEM trigger inconsistency
TtoEM trigger inconsistency
Processed   360000/  855500 entries, 42.08% (elapsed time  9900.9s, curr speed    0.036 kHz, avg speed    0.036 kHz), accepted     1766/  360001 events ( 0.49%)
TtoEM trigger inconsistency
TtoEM trigger inconsistency
TtoEM trigger inconsistency
TtoEM trigger inconsistency
TtoEM trigger inconsistency
TtoEM trigger inconsistency
Processed   370000/  855500 entries, 43.25% (elapsed time 10174.7s, curr speed    0.037 kHz, avg speed    0.036 kHz), accepted     1801/  370001 events ( 0.49%)
TtoEM trigger inconsistency
TtoEM trigger inconsistency
TtoEM trigger inconsistency
TtoEM trigger inconsistency
TtoEM trigger inconsistency
Processed   380000/  855500 entries, 44.42% (elapsed time 10447.5s, curr speed    0.037 kHz, avg speed    0.036 kHz), accepted     1843/  380001 events ( 0.48%)
Bad event
TtoEM trigger inconsistency
TtoEM trigger inconsistency
TtoEM trigger inconsistency
TtoEM trigger inconsistency
TtoEM trigger inconsistency
TtoEM trigger inconsistency
Processed   390000/  855500 entries, 45.59% (elapsed time 10720.4s, curr speed    0.037 kHz, avg speed    0.036 kHz), accepted     1894/  390001 events ( 0.49%)
TtoEM trigger inconsistency
Bad event
TtoEM trigger inconsistency
TtoEM trigger inconsistency
TtoEM trigger inconsistency
TtoEM trigger inconsistency
Processed   400000/  855500 entries, 46.76% (elapsed time 10993.2s, curr speed    0.037 kHz, avg speed    0.036 kHz), accepted     1944/  400001 events ( 0.49%)
TtoEM trigger inconsistency
TtoEM trigger inconsistency
TtoEM trigger inconsistency
Processed   410000/  855500 entries, 47.93% (elapsed time 11265.0s, curr speed    0.037 kHz, avg speed    0.036 kHz), accepted     1994/  410001 events ( 0.49%)
TtoEM trigger inconsistency
TtoEM trigger inconsistency
TtoEM trigger inconsistency
TtoEM trigger inconsistency
TtoEM trigger inconsistency
TtoEM trigger inconsistency
Processed   420000/  855500 entries, 49.09% (elapsed time 11539.2s, curr speed    0.036 kHz, avg speed    0.036 kHz), accepted     2056/  420001 events ( 0.49%)
TtoEM trigger inconsistency
TtoEM trigger inconsistency
Processed   430000/  855500 entries, 50.26% (elapsed time 11813.9s, curr speed    0.036 kHz, avg speed    0.036 kHz), accepted     2108/  430001 events ( 0.49%)
TtoEM trigger inconsistency
TtoEM trigger inconsistency
TtoEM trigger inconsistency
TtoEM trigger inconsistency
Processed   440000/  855500 entries, 51.43% (elapsed time 12095.5s, curr speed    0.036 kHz, avg speed    0.036 kHz), accepted     2153/  440001 events ( 0.49%)
TtoEM trigger inconsistency
TtoEM trigger inconsistency
TtoEM trigger inconsistency
TtoEM trigger inconsistency
TtoEM trigger inconsistency
TtoEM trigger inconsistency
TtoEM trigger inconsistency
TtoEM trigger inconsistency
Processed   450000/  855500 entries, 52.60% (elapsed time 12386.2s, curr speed    0.034 kHz, avg speed    0.036 kHz), accepted     2198/  450001 events ( 0.49%)
TtoEM trigger inconsistency
TtoEM trigger inconsistency
TtoEM trigger inconsistency
TtoEM trigger inconsistency
TtoEM trigger inconsistency
Processed   460000/  855500 entries, 53.77% (elapsed time 12676.4s, curr speed    0.034 kHz, avg speed    0.036 kHz), accepted     2237/  460001 events ( 0.49%)
TtoEM trigger inconsistency
TtoEM trigger inconsistency
TtoEM trigger inconsistency
TtoEM trigger inconsistency
TtoEM trigger inconsistency
TtoEM trigger inconsistency
Processed   470000/  855500 entries, 54.94% (elapsed time 12965.5s, curr speed    0.035 kHz, avg speed    0.036 kHz), accepted     2285/  470001 events ( 0.49%)
TtoEM trigger inconsistency
TtoEM trigger inconsistency
TtoEM trigger inconsistency
Processed   480000/  855500 entries, 56.11% (elapsed time 13248.1s, curr speed    0.035 kHz, avg speed    0.036 kHz), accepted     2333/  480001 events ( 0.49%)
TtoEM trigger inconsistency
TtoEM trigger inconsistency
TtoEM trigger inconsistency
TtoEM trigger inconsistency
TtoEM trigger inconsistency
TtoEM trigger inconsistency
Processed   490000/  855500 entries, 57.28% (elapsed time 13546.4s, curr speed    0.034 kHz, avg speed    0.036 kHz), accepted     2383/  490001 events ( 0.49%)
TtoEM trigger inconsistency
Processed   500000/  855500 entries, 58.45% (elapsed time 13837.3s, curr speed    0.034 kHz, avg speed    0.036 kHz), accepted     2428/  500001 events ( 0.49%)
TtoEM trigger inconsistency
Bad event
TtoEM trigger inconsistency
Processed   510000/  855500 entries, 59.61% (elapsed time 14136.6s, curr speed    0.033 kHz, avg speed    0.036 kHz), accepted     2471/  510001 events ( 0.48%)
TtoEM trigger inconsistency
TtoEM trigger inconsistency
TtoEM trigger inconsistency
Processed   520000/  855500 entries, 60.78% (elapsed time 14434.2s, curr speed    0.034 kHz, avg speed    0.036 kHz), accepted     2514/  520001 events ( 0.48%)
TtoEM trigger inconsistency
TtoEM trigger inconsistency
TtoEM trigger inconsistency
TtoEM trigger inconsistency
TtoEM trigger inconsistency
TtoEM trigger inconsistency
TtoEM trigger inconsistency
TtoEM trigger inconsistency
TtoEM trigger inconsistency
TtoEM trigger inconsistency
Processed   530000/  855500 entries, 61.95% (elapsed time 14730.2s, curr speed    0.034 kHz, avg speed    0.036 kHz), accepted     2561/  530001 events ( 0.48%)
TtoEM trigger inconsistency
TtoEM trigger inconsistency
TtoEM trigger inconsistency
TtoEM trigger inconsistency
TtoEM trigger inconsistency
Processed   540000/  855500 entries, 63.12% (elapsed time 15025.8s, curr speed    0.034 kHz, avg speed    0.036 kHz), accepted     2608/  540001 events ( 0.48%)
TtoEM trigger inconsistency
TtoEM trigger inconsistency
Processed   550000/  855500 entries, 64.29% (elapsed time 15321.3s, curr speed    0.034 kHz, avg speed    0.036 kHz), accepted     2658/  550001 events ( 0.48%)
TtoEM trigger inconsistency
TtoEM trigger inconsistency
TtoEM trigger inconsistency
TtoEM trigger inconsistency
Processed   560000/  855500 entries, 65.46% (elapsed time 15615.9s, curr speed    0.034 kHz, avg speed    0.036 kHz), accepted     2708/  560001 events ( 0.48%)
TtoEM trigger inconsistency
TtoEM trigger inconsistency
TtoEM trigger inconsistency
TtoEM trigger inconsistency
Processed   570000/  855500 entries, 66.63% (elapsed time 15915.2s, curr speed    0.033 kHz, avg speed    0.036 kHz), accepted     2749/  570001 events ( 0.48%)
TtoEM trigger inconsistency
TtoEM trigger inconsistency
TtoEM trigger inconsistency
TtoEM trigger inconsistency
Processed   580000/  855500 entries, 67.80% (elapsed time 16208.8s, curr speed    0.034 kHz, avg speed    0.036 kHz), accepted     2802/  580001 events ( 0.48%)
TtoEM trigger inconsistency
TtoEM trigger inconsistency
TtoEM trigger inconsistency
TtoEM trigger inconsistency
Processed   590000/  855500 entries, 68.97% (elapsed time 16495.7s, curr speed    0.035 kHz, avg speed    0.036 kHz), accepted     2854/  590001 events ( 0.48%)
TtoEM trigger inconsistency
TtoEM trigger inconsistency
TtoEM trigger inconsistency
TtoEM trigger inconsistency
TtoEM trigger inconsistency
TtoEM trigger inconsistency
TtoEM trigger inconsistency
TtoEM trigger inconsistency
TtoEM trigger inconsistency
TtoEM trigger inconsistency
Processed   600000/  855500 entries, 70.13% (elapsed time 16787.8s, curr speed    0.034 kHz, avg speed    0.036 kHz), accepted     2899/  600001 events ( 0.48%)
TtoEM trigger inconsistency
TtoEM trigger inconsistency
TtoEM trigger inconsistency
TtoEM trigger inconsistency
TtoEM trigger inconsistency
Processed   610000/  855500 entries, 71.30% (elapsed time 17077.9s, curr speed    0.034 kHz, avg speed    0.036 kHz), accepted     2949/  610001 events ( 0.48%)
TtoEM trigger inconsistency
Processed   620000/  855500 entries, 72.47% (elapsed time 17373.0s, curr speed    0.034 kHz, avg speed    0.036 kHz), accepted     2998/  620001 events ( 0.48%)
TtoEM trigger inconsistency
TtoEM trigger inconsistency
TtoEM trigger inconsistency
TtoEM trigger inconsistency
TtoEM trigger inconsistency
TtoEM trigger inconsistency
Processed   630000/  855500 entries, 73.64% (elapsed time 17657.9s, curr speed    0.035 kHz, avg speed    0.036 kHz), accepted     3057/  630001 events ( 0.49%)
TtoEM trigger inconsistency
TtoEM trigger inconsistency
TtoEM trigger inconsistency
ZtoMM trigger inconsistency
Processed   640000/  855500 entries, 74.81% (elapsed time 17947.2s, curr speed    0.035 kHz, avg speed    0.036 kHz), accepted     3105/  640001 events ( 0.49%)
TtoEM trigger inconsistency
TtoEM trigger inconsistency
TtoEM trigger inconsistency
TtoEM trigger inconsistency
TtoEM trigger inconsistency
Processed   650000/  855500 entries, 75.98% (elapsed time 18240.6s, curr speed    0.034 kHz, avg speed    0.036 kHz), accepted     3163/  650001 events ( 0.49%)
TtoEM trigger inconsistency
TtoEM trigger inconsistency
Processed   660000/  855500 entries, 77.15% (elapsed time 18537.4s, curr speed    0.034 kHz, avg speed    0.036 kHz), accepted     3209/  660001 events ( 0.49%)
TtoEM trigger inconsistency
TtoEM trigger inconsistency
Processed   670000/  855500 entries, 78.32% (elapsed time 18829.3s, curr speed    0.034 kHz, avg speed    0.036 kHz), accepted     3246/  670001 events ( 0.48%)
TtoEM trigger inconsistency
TtoEM trigger inconsistency
ZtoMM trigger inconsistency
Processed   680000/  855500 entries, 79.49% (elapsed time 19113.6s, curr speed    0.035 kHz, avg speed    0.036 kHz), accepted     3295/  680001 events ( 0.48%)
Bad event
TtoEM trigger inconsistency
TtoEM trigger inconsistency
Processed   690000/  855500 entries, 80.65% (elapsed time 19390.7s, curr speed    0.036 kHz, avg speed    0.036 kHz), accepted     3347/  690001 events ( 0.49%)
Bad event
TtoEM trigger inconsistency
TtoEM trigger inconsistency
TtoEM trigger inconsistency
Processed   700000/  855500 entries, 81.82% (elapsed time 19666.3s, curr speed    0.036 kHz, avg speed    0.036 kHz), accepted     3404/  700001 events ( 0.49%)
TtoEM trigger inconsistency
TtoEM trigger inconsistency
TtoEM trigger inconsistency
TtoEM trigger inconsistency
Processed   710000/  855500 entries, 82.99% (elapsed time 19943.7s, curr speed    0.036 kHz, avg speed    0.036 kHz), accepted     3447/  710001 events ( 0.49%)
TtoEM trigger inconsistency
TtoEM trigger inconsistency
TtoEM trigger inconsistency
Processed   720000/  855500 entries, 84.16% (elapsed time 20223.8s, curr speed    0.036 kHz, avg speed    0.036 kHz), accepted     3491/  720001 events ( 0.48%)
TtoEM trigger inconsistency
TtoEM trigger inconsistency
TtoEM trigger inconsistency
TtoEM trigger inconsistency
TtoEM trigger inconsistency
Processed   730000/  855500 entries, 85.33% (elapsed time 20507.3s, curr speed    0.035 kHz, avg speed    0.036 kHz), accepted     3547/  730001 events ( 0.49%)
TtoEM trigger inconsistency
TtoEM trigger inconsistency
TtoEM trigger inconsistency
TtoEM trigger inconsistency
Bad event
TtoEM trigger inconsistency
Processed   740000/  855500 entries, 86.50% (elapsed time 20791.8s, curr speed    0.035 kHz, avg speed    0.036 kHz), accepted     3585/  740001 events ( 0.48%)
TtoEM trigger inconsistency
TtoEM trigger inconsistency
TtoEM trigger inconsistency
TtoEM trigger inconsistency
Processed   750000/  855500 entries, 87.67% (elapsed time 21074.9s, curr speed    0.035 kHz, avg speed    0.036 kHz), accepted     3639/  750001 events ( 0.49%)
TtoEM trigger inconsistency
TtoEM trigger inconsistency
TtoEM trigger inconsistency
Processed   760000/  855500 entries, 88.84% (elapsed time 21354.5s, curr speed    0.036 kHz, avg speed    0.036 kHz), accepted     3684/  760001 events ( 0.48%)
TtoEM trigger inconsistency
TtoEM trigger inconsistency
TtoEM trigger inconsistency
TtoEM trigger inconsistency
Processed   770000/  855500 entries, 90.01% (elapsed time 21632.1s, curr speed    0.036 kHz, avg speed    0.036 kHz), accepted     3724/  770001 events ( 0.48%)
TtoEM trigger inconsistency
TtoEM trigger inconsistency
Processed   780000/  855500 entries, 91.17% (elapsed time 21910.0s, curr speed    0.036 kHz, avg speed    0.036 kHz), accepted     3759/  780001 events ( 0.48%)
TtoEM trigger inconsistency
TtoEM trigger inconsistency
TtoEM trigger inconsistency
Processed   790000/  855500 entries, 92.34% (elapsed time 22185.9s, curr speed    0.036 kHz, avg speed    0.036 kHz), accepted     3811/  790001 events ( 0.48%)
TtoEM trigger inconsistency
TtoEM trigger inconsistency
TtoEM trigger inconsistency
TtoEM trigger inconsistency
TtoEM trigger inconsistency
TtoEM trigger inconsistency
TtoEM trigger inconsistency
TtoEM trigger inconsistency
TtoEM trigger inconsistency
Processed   800000/  855500 entries, 93.51% (elapsed time 22460.1s, curr speed    0.036 kHz, avg speed    0.036 kHz), accepted     3859/  800001 events ( 0.48%)
TtoEM trigger inconsistency
Processed   810000/  855500 entries, 94.68% (elapsed time 22734.5s, curr speed    0.036 kHz, avg speed    0.036 kHz), accepted     3909/  810001 events ( 0.48%)
TtoEM trigger inconsistency
TtoEM trigger inconsistency
TtoEM trigger inconsistency
TtoEM trigger inconsistency
TtoEM trigger inconsistency
TtoEM trigger inconsistency
TtoEM trigger inconsistency
TtoEM trigger inconsistency
Processed   820000/  855500 entries, 95.85% (elapsed time 23007.1s, curr speed    0.037 kHz, avg speed    0.036 kHz), accepted     3969/  820001 events ( 0.48%)
TtoEM trigger inconsistency
TtoEM trigger inconsistency
TtoEM trigger inconsistency
TtoEM trigger inconsistency
Processed   830000/  855500 entries, 97.02% (elapsed time 23285.2s, curr speed    0.036 kHz, avg speed    0.036 kHz), accepted     4021/  830001 events ( 0.48%)
TtoEM trigger inconsistency
TtoEM trigger inconsistency
TtoEM trigger inconsistency
Processed   840000/  855500 entries, 98.19% (elapsed time 23564.1s, curr speed    0.036 kHz, avg speed    0.036 kHz), accepted     4075/  840001 events ( 0.49%)
TtoEM trigger inconsistency
TtoEM trigger inconsistency
Bad event
TtoEM trigger inconsistency
WARNING: jet m = -0.0 !!
Processed   850000/  855500 entries, 99.36% (elapsed time 23842.1s, curr speed    0.036 kHz, avg speed    0.036 kHz), accepted     4127/  850001 events ( 0.49%)
TtoEM trigger inconsistency
TtoEM trigger inconsistency
Processed 855500 preselected entries from root://cms-xrd-global.cern.ch//store/mc/RunIIAutumn18NanoAODv6/WWTo2L2Nu_NNPDF31_TuneCP5_13TeV-powheg-pythia8/NANOAODSIM/Nano25Oct2019_102X_upgrade2018_realistic_v20-v1/40000/F98880A6-F9E7-A442-929A-49223AC8F3CC.root (855500 entries). Finally selected 4152 entries
Done /work/pbaertsc/heavy_resonance/output_2018/WWTo2L2Nu_NNPDF31_TuneCP5_13TeV-powheg-pythia8__RunIIAutumn18NanoAODv6-Nano25Oct2019_102X_upgrade2018_realistic_v20-v1__NANOAODSIM/F98880A6-F9E7-A442-929A-49223AC8F3CC.root
35.6192228056 Hz
deleting root file with name: /work/pbaertsc/heavy_resonance/output_2018/WWTo2L2Nu_NNPDF31_TuneCP5_13TeV-powheg-pythia8__RunIIAutumn18NanoAODv6-Nano25Oct2019_102X_upgrade2018_realistic_v20-v1__NANOAODSIM/F98880A6-F9E7-A442-929A-49223AC8F3CC.root
DONE
Complete at
Fri Jan 31 03:23:22 CET 2020
