job start at
Tue Jan 28 20:32:45 CET 2020
SLURM_JOB_ID: 422042
HOSTNAME: t3wn53
JOBLIST:joblist/joblist_ZZTo2Q2Nu_TuneCP5_13TeV_amcatnloFXFX_madspin_pythia8__RunIIAutumn18NanoAODv6-Nano25Oct2019_102X_upgrade2018_realistic_v20-v1__NANOAODSIM_ll.txt
Going to execute
python job.py -i root://cms-xrd-global.cern.ch//store/mc/RunIIAutumn18NanoAODv6/ZZTo2Q2Nu_TuneCP5_13TeV_amcatnloFXFX_madspin_pythia8/NANOAODSIM/Nano25Oct2019_102X_upgrade2018_realistic_v20-v1/230000/1E550B63-9DF3-B14F-A88F-9847C5B6DFD3.root -o /work/pbaertsc/heavy_resonance/output_2018/ZZTo2Q2Nu_TuneCP5_13TeV_amcatnloFXFX_madspin_pythia8__RunIIAutumn18NanoAODv6-Nano25Oct2019_102X_upgrade2018_realistic_v20-v1__NANOAODSIM -N ZZTo2Q2Nu_TuneCP5_13TeV_amcatnloFXFX_madspin_pythia8__RunIIAutumn18NanoAODv6-Nano25Oct2019_102X_upgrade2018_realistic_v20-v1__NANOAODSIM -n 29 -c ll -y 2018
TClass::Init:0: RuntimeWarning: no dictionary for class ROOT::TIOFeatures is available
/work/pbaertsc/heavy_resonance/CMSSW_9_4_6/python/PhysicsTools/NanoAODTools/postprocessing/framework/treeReaderArrayTools.py:69: RuntimeWarning: creating executor for unknown type "ULong64_t*"
  ret = _vr.Get()[0]
JEC= Autumn18_V19_MC 	 JER= Autumn18_V7_MC
MET branch= PuppiMET
JEC= Autumn18_V19_MC 	 JER= Autumn18_V7_MC
MET branch= PuppiMET
--------------------------------------------------------------------------------
input files  = ['root://cms-xrd-global.cern.ch//store/mc/RunIIAutumn18NanoAODv6/ZZTo2Q2Nu_TuneCP5_13TeV_amcatnloFXFX_madspin_pythia8/NANOAODSIM/Nano25Oct2019_102X_upgrade2018_realistic_v20-v1/230000/1E550B63-9DF3-B14F-A88F-9847C5B6DFD3.root']
output directory = /work/pbaertsc/heavy_resonance/output_2018/ZZTo2Q2Nu_TuneCP5_13TeV_amcatnloFXFX_madspin_pythia8__RunIIAutumn18NanoAODv6-Nano25Oct2019_102X_upgrade2018_realistic_v20-v1__NANOAODSIM
output file  = ZZTo2Q2Nu_TuneCP5_13TeV_amcatnloFXFX_madspin_pythia8__RunIIAutumn18NanoAODv6-Nano25Oct2019_102X_upgrade2018_realistic_v20-v1__NANOAODSIM_29_ll.root
chunck       = 29
channel      = ll
dataType     = mc
year         = 2018
tes          = 1.0
ltf          = 1.0
jtf          = 1.0
--------------------------------------------------------------------------------
job.py: creating PostProcessor...
TreeProducer is called /work/pbaertsc/heavy_resonance/output_2018/ZZTo2Q2Nu_TuneCP5_13TeV_amcatnloFXFX_madspin_pythia8__RunIIAutumn18NanoAODv6-Nano25Oct2019_102X_upgrade2018_realistic_v20-v1__NANOAODSIM/ZZTo2Q2Nu_TuneCP5_13TeV_amcatnloFXFX_madspin_pythia8__RunIIAutumn18NanoAODv6-Nano25Oct2019_102X_upgrade2018_realistic_v20-v1__NANOAODSIM_29_ll.root
job.py: going to run PostProcessor...
Will write selected trees to /work/pbaertsc/heavy_resonance/output_2018/ZZTo2Q2Nu_TuneCP5_13TeV_amcatnloFXFX_madspin_pythia8__RunIIAutumn18NanoAODv6-Nano25Oct2019_102X_upgrade2018_realistic_v20-v1__NANOAODSIM
Loading jet energy scale (JES) uncertainties from file '/tmp/tmpLeTje9/Autumn18_V19_MC_Uncertainty_AK4PFchs.txt'
Loading jet energy resolutions (JER) from file '/tmp/tmpB2X3dI/Autumn18_V7_MC_PtResolution_AK4PFchs.txt'
Loading JER scale factors and uncertainties from file '/tmp/tmpB2X3dI/Autumn18_V7_MC_SF_AK4PFchs.txt'
Loading jet energy scale (JES) uncertainties from file '/tmp/tmp9fFBRS/Autumn18_V19_MC_Uncertainty_AK8PFPuppi.txt'
Loading jet energy resolutions (JER) from file '/tmp/tmp0yTTrT/Autumn18_V7_MC_PtResolution_AK8PFPuppi.txt'
Loading JER scale factors and uncertainties from file '/tmp/tmp0yTTrT/Autumn18_V7_MC_SF_AK8PFPuppi.txt'
Pre-select 2248545 entries out of 2248545 (100.00%)
nanoAODv5? True
Processed    10000/ 2248545 entries,  0.44% (elapsed time   180.7s, curr speed    0.055 kHz, avg speed    0.055 kHz), accepted      136/   10001 events ( 1.36%)
Processed    20000/ 2248545 entries,  0.89% (elapsed time   348.6s, curr speed    0.060 kHz, avg speed    0.057 kHz), accepted      268/   20001 events ( 1.34%)
Processed    30000/ 2248545 entries,  1.33% (elapsed time   516.5s, curr speed    0.060 kHz, avg speed    0.058 kHz), accepted      407/   30001 events ( 1.36%)
Bad event
Processed    40000/ 2248545 entries,  1.78% (elapsed time   685.2s, curr speed    0.059 kHz, avg speed    0.058 kHz), accepted      542/   40001 events ( 1.35%)
Bad event
Processed    50000/ 2248545 entries,  2.22% (elapsed time   837.6s, curr speed    0.066 kHz, avg speed    0.060 kHz), accepted      690/   50001 events ( 1.38%)
Processed    60000/ 2248545 entries,  2.67% (elapsed time   996.8s, curr speed    0.063 kHz, avg speed    0.060 kHz), accepted      830/   60001 events ( 1.38%)
Processed    70000/ 2248545 entries,  3.11% (elapsed time  1153.2s, curr speed    0.064 kHz, avg speed    0.061 kHz), accepted      953/   70001 events ( 1.36%)
Processed    80000/ 2248545 entries,  3.56% (elapsed time  1307.2s, curr speed    0.065 kHz, avg speed    0.061 kHz), accepted     1062/   80001 events ( 1.33%)
Processed    90000/ 2248545 entries,  4.00% (elapsed time  1461.9s, curr speed    0.065 kHz, avg speed    0.062 kHz), accepted     1183/   90001 events ( 1.31%)
Bad event
Processed   100000/ 2248545 entries,  4.45% (elapsed time  1609.3s, curr speed    0.068 kHz, avg speed    0.062 kHz), accepted     1325/  100001 events ( 1.32%)
Processed   110000/ 2248545 entries,  4.89% (elapsed time  1762.9s, curr speed    0.065 kHz, avg speed    0.062 kHz), accepted     1463/  110001 events ( 1.33%)
Processed   120000/ 2248545 entries,  5.34% (elapsed time  1906.1s, curr speed    0.070 kHz, avg speed    0.063 kHz), accepted     1591/  120001 events ( 1.33%)
TtoEM trigger inconsistency
Processed   130000/ 2248545 entries,  5.78% (elapsed time  2056.0s, curr speed    0.067 kHz, avg speed    0.063 kHz), accepted     1700/  130001 events ( 1.31%)
Bad event
Processed   140000/ 2248545 entries,  6.23% (elapsed time  2212.5s, curr speed    0.064 kHz, avg speed    0.063 kHz), accepted     1845/  140001 events ( 1.32%)
Processed   150000/ 2248545 entries,  6.67% (elapsed time  2352.0s, curr speed    0.072 kHz, avg speed    0.064 kHz), accepted     1984/  150001 events ( 1.32%)
Processed   160000/ 2248545 entries,  7.12% (elapsed time  2503.8s, curr speed    0.066 kHz, avg speed    0.064 kHz), accepted     2111/  160001 events ( 1.32%)
Processed   170000/ 2248545 entries,  7.56% (elapsed time  2651.1s, curr speed    0.068 kHz, avg speed    0.064 kHz), accepted     2238/  170001 events ( 1.32%)
Processed   180000/ 2248545 entries,  8.01% (elapsed time  2806.6s, curr speed    0.064 kHz, avg speed    0.064 kHz), accepted     2362/  180001 events ( 1.31%)
Processed   190000/ 2248545 entries,  8.45% (elapsed time  2962.1s, curr speed    0.064 kHz, avg speed    0.064 kHz), accepted     2503/  190001 events ( 1.32%)
Processed   200000/ 2248545 entries,  8.89% (elapsed time  3099.9s, curr speed    0.073 kHz, avg speed    0.065 kHz), accepted     2655/  200001 events ( 1.33%)
Processed   210000/ 2248545 entries,  9.34% (elapsed time  3254.3s, curr speed    0.065 kHz, avg speed    0.065 kHz), accepted     2788/  210001 events ( 1.33%)
Processed   220000/ 2248545 entries,  9.78% (elapsed time  3396.4s, curr speed    0.070 kHz, avg speed    0.065 kHz), accepted     2916/  220001 events ( 1.33%)
Processed   230000/ 2248545 entries, 10.23% (elapsed time  3542.2s, curr speed    0.069 kHz, avg speed    0.065 kHz), accepted     3071/  230001 events ( 1.34%)
Processed   240000/ 2248545 entries, 10.67% (elapsed time  3690.0s, curr speed    0.068 kHz, avg speed    0.065 kHz), accepted     3197/  240001 events ( 1.33%)
Processed   250000/ 2248545 entries, 11.12% (elapsed time  3826.2s, curr speed    0.073 kHz, avg speed    0.065 kHz), accepted     3341/  250001 events ( 1.34%)
Processed   260000/ 2248545 entries, 11.56% (elapsed time  3979.6s, curr speed    0.065 kHz, avg speed    0.065 kHz), accepted     3471/  260001 events ( 1.33%)
Processed   270000/ 2248545 entries, 12.01% (elapsed time  4117.6s, curr speed    0.072 kHz, avg speed    0.066 kHz), accepted     3612/  270001 events ( 1.34%)
Processed   280000/ 2248545 entries, 12.45% (elapsed time  4264.2s, curr speed    0.068 kHz, avg speed    0.066 kHz), accepted     3747/  280001 events ( 1.34%)
Bad event
Processed   290000/ 2248545 entries, 12.90% (elapsed time  4417.6s, curr speed    0.065 kHz, avg speed    0.066 kHz), accepted     3905/  290001 events ( 1.35%)
Processed   300000/ 2248545 entries, 13.34% (elapsed time  4564.7s, curr speed    0.068 kHz, avg speed    0.066 kHz), accepted     4045/  300001 events ( 1.35%)
Processed   310000/ 2248545 entries, 13.79% (elapsed time  4723.2s, curr speed    0.063 kHz, avg speed    0.066 kHz), accepted     4180/  310001 events ( 1.35%)
Processed   320000/ 2248545 entries, 14.23% (elapsed time  4872.8s, curr speed    0.067 kHz, avg speed    0.066 kHz), accepted     4317/  320001 events ( 1.35%)
Bad event
Processed   330000/ 2248545 entries, 14.68% (elapsed time  5023.7s, curr speed    0.066 kHz, avg speed    0.066 kHz), accepted     4453/  330001 events ( 1.35%)
Bad event
Processed   340000/ 2248545 entries, 15.12% (elapsed time  5174.0s, curr speed    0.067 kHz, avg speed    0.066 kHz), accepted     4588/  340001 events ( 1.35%)
Processed   350000/ 2248545 entries, 15.57% (elapsed time  5316.2s, curr speed    0.070 kHz, avg speed    0.066 kHz), accepted     4726/  350001 events ( 1.35%)
Processed   360000/ 2248545 entries, 16.01% (elapsed time  5475.8s, curr speed    0.063 kHz, avg speed    0.066 kHz), accepted     4868/  360001 events ( 1.35%)
Processed   370000/ 2248545 entries, 16.46% (elapsed time  5638.2s, curr speed    0.062 kHz, avg speed    0.066 kHz), accepted     5002/  370001 events ( 1.35%)
Bad event
Processed   380000/ 2248545 entries, 16.90% (elapsed time  5796.8s, curr speed    0.063 kHz, avg speed    0.066 kHz), accepted     5134/  380001 events ( 1.35%)
Bad event
Processed   390000/ 2248545 entries, 17.34% (elapsed time  5961.0s, curr speed    0.061 kHz, avg speed    0.065 kHz), accepted     5267/  390001 events ( 1.35%)
Processed   400000/ 2248545 entries, 17.79% (elapsed time  6113.3s, curr speed    0.066 kHz, avg speed    0.065 kHz), accepted     5396/  400001 events ( 1.35%)
Processed   410000/ 2248545 entries, 18.23% (elapsed time  6270.8s, curr speed    0.063 kHz, avg speed    0.065 kHz), accepted     5513/  410001 events ( 1.34%)
Processed   420000/ 2248545 entries, 18.68% (elapsed time  6422.9s, curr speed    0.066 kHz, avg speed    0.065 kHz), accepted     5640/  420001 events ( 1.34%)
Processed   430000/ 2248545 entries, 19.12% (elapsed time  6564.3s, curr speed    0.071 kHz, avg speed    0.066 kHz), accepted     5793/  430001 events ( 1.35%)
Processed   440000/ 2248545 entries, 19.57% (elapsed time  6719.5s, curr speed    0.064 kHz, avg speed    0.065 kHz), accepted     5938/  440001 events ( 1.35%)
Processed   450000/ 2248545 entries, 20.01% (elapsed time  6857.8s, curr speed    0.072 kHz, avg speed    0.066 kHz), accepted     6081/  450001 events ( 1.35%)
Processed   460000/ 2248545 entries, 20.46% (elapsed time  6986.8s, curr speed    0.078 kHz, avg speed    0.066 kHz), accepted     6216/  460001 events ( 1.35%)
Processed   470000/ 2248545 entries, 20.90% (elapsed time  7122.8s, curr speed    0.074 kHz, avg speed    0.066 kHz), accepted     6369/  470001 events ( 1.36%)
Processed   480000/ 2248545 entries, 21.35% (elapsed time  7247.3s, curr speed    0.080 kHz, avg speed    0.066 kHz), accepted     6495/  480001 events ( 1.35%)
Processed   490000/ 2248545 entries, 21.79% (elapsed time  7370.2s, curr speed    0.081 kHz, avg speed    0.066 kHz), accepted     6648/  490001 events ( 1.36%)
Processed   500000/ 2248545 entries, 22.24% (elapsed time  7510.8s, curr speed    0.071 kHz, avg speed    0.067 kHz), accepted     6787/  500001 events ( 1.36%)
Processed   510000/ 2248545 entries, 22.68% (elapsed time  7630.0s, curr speed    0.084 kHz, avg speed    0.067 kHz), accepted     6924/  510001 events ( 1.36%)
Processed   520000/ 2248545 entries, 23.13% (elapsed time  7757.1s, curr speed    0.079 kHz, avg speed    0.067 kHz), accepted     7066/  520001 events ( 1.36%)
Processed   530000/ 2248545 entries, 23.57% (elapsed time  7874.6s, curr speed    0.085 kHz, avg speed    0.067 kHz), accepted     7213/  530001 events ( 1.36%)
Bad event
Processed   540000/ 2248545 entries, 24.02% (elapsed time  7986.1s, curr speed    0.090 kHz, avg speed    0.068 kHz), accepted     7352/  540001 events ( 1.36%)
Processed   550000/ 2248545 entries, 24.46% (elapsed time  8114.2s, curr speed    0.078 kHz, avg speed    0.068 kHz), accepted     7477/  550001 events ( 1.36%)
Processed   560000/ 2248545 entries, 24.90% (elapsed time  8228.5s, curr speed    0.087 kHz, avg speed    0.068 kHz), accepted     7609/  560001 events ( 1.36%)
Processed   570000/ 2248545 entries, 25.35% (elapsed time  8349.0s, curr speed    0.083 kHz, avg speed    0.068 kHz), accepted     7742/  570001 events ( 1.36%)
Processed   580000/ 2248545 entries, 25.79% (elapsed time  8479.9s, curr speed    0.076 kHz, avg speed    0.068 kHz), accepted     7903/  580001 events ( 1.36%)
Processed   590000/ 2248545 entries, 26.24% (elapsed time  8594.8s, curr speed    0.087 kHz, avg speed    0.069 kHz), accepted     8042/  590001 events ( 1.36%)
Processed   600000/ 2248545 entries, 26.68% (elapsed time  8720.3s, curr speed    0.080 kHz, avg speed    0.069 kHz), accepted     8169/  600001 events ( 1.36%)
Processed   610000/ 2248545 entries, 27.13% (elapsed time  8844.5s, curr speed    0.081 kHz, avg speed    0.069 kHz), accepted     8291/  610001 events ( 1.36%)
Processed   620000/ 2248545 entries, 27.57% (elapsed time  8964.1s, curr speed    0.084 kHz, avg speed    0.069 kHz), accepted     8417/  620001 events ( 1.36%)
Processed   630000/ 2248545 entries, 28.02% (elapsed time  9094.8s, curr speed    0.076 kHz, avg speed    0.069 kHz), accepted     8542/  630001 events ( 1.36%)
Processed   640000/ 2248545 entries, 28.46% (elapsed time  9207.6s, curr speed    0.089 kHz, avg speed    0.070 kHz), accepted     8659/  640001 events ( 1.35%)
Processed   650000/ 2248545 entries, 28.91% (elapsed time  9333.1s, curr speed    0.080 kHz, avg speed    0.070 kHz), accepted     8801/  650001 events ( 1.35%)
Bad event
Processed   660000/ 2248545 entries, 29.35% (elapsed time  9457.4s, curr speed    0.080 kHz, avg speed    0.070 kHz), accepted     8919/  660001 events ( 1.35%)
Processed   670000/ 2248545 entries, 29.80% (elapsed time  9580.8s, curr speed    0.081 kHz, avg speed    0.070 kHz), accepted     9046/  670001 events ( 1.35%)
Processed   680000/ 2248545 entries, 30.24% (elapsed time  9711.1s, curr speed    0.077 kHz, avg speed    0.070 kHz), accepted     9175/  680001 events ( 1.35%)
Processed   690000/ 2248545 entries, 30.69% (elapsed time  9825.6s, curr speed    0.087 kHz, avg speed    0.070 kHz), accepted     9302/  690001 events ( 1.35%)
Processed   700000/ 2248545 entries, 31.13% (elapsed time  9955.6s, curr speed    0.077 kHz, avg speed    0.070 kHz), accepted     9449/  700001 events ( 1.35%)
Processed   710000/ 2248545 entries, 31.58% (elapsed time 10084.4s, curr speed    0.078 kHz, avg speed    0.070 kHz), accepted     9573/  710001 events ( 1.35%)
Processed   720000/ 2248545 entries, 32.02% (elapsed time 10197.1s, curr speed    0.089 kHz, avg speed    0.071 kHz), accepted     9708/  720001 events ( 1.35%)
Processed   730000/ 2248545 entries, 32.47% (elapsed time 10319.2s, curr speed    0.082 kHz, avg speed    0.071 kHz), accepted     9827/  730001 events ( 1.35%)
Processed   740000/ 2248545 entries, 32.91% (elapsed time 10435.6s, curr speed    0.086 kHz, avg speed    0.071 kHz), accepted     9946/  740001 events ( 1.34%)
Processed   750000/ 2248545 entries, 33.35% (elapsed time 10548.5s, curr speed    0.089 kHz, avg speed    0.071 kHz), accepted    10092/  750001 events ( 1.35%)
Processed   760000/ 2248545 entries, 33.80% (elapsed time 10672.8s, curr speed    0.080 kHz, avg speed    0.071 kHz), accepted    10215/  760001 events ( 1.34%)
Processed   770000/ 2248545 entries, 34.24% (elapsed time 10791.2s, curr speed    0.084 kHz, avg speed    0.071 kHz), accepted    10324/  770001 events ( 1.34%)
Processed   780000/ 2248545 entries, 34.69% (elapsed time 10908.6s, curr speed    0.085 kHz, avg speed    0.072 kHz), accepted    10458/  780001 events ( 1.34%)
Bad event
Processed   790000/ 2248545 entries, 35.13% (elapsed time 11028.2s, curr speed    0.084 kHz, avg speed    0.072 kHz), accepted    10606/  790001 events ( 1.34%)
Processed   800000/ 2248545 entries, 35.58% (elapsed time 11144.6s, curr speed    0.086 kHz, avg speed    0.072 kHz), accepted    10749/  800001 events ( 1.34%)
Processed   810000/ 2248545 entries, 36.02% (elapsed time 11266.4s, curr speed    0.082 kHz, avg speed    0.072 kHz), accepted    10877/  810001 events ( 1.34%)
Processed   820000/ 2248545 entries, 36.47% (elapsed time 11379.3s, curr speed    0.089 kHz, avg speed    0.072 kHz), accepted    11017/  820001 events ( 1.34%)
Processed   830000/ 2248545 entries, 36.91% (elapsed time 11494.3s, curr speed    0.087 kHz, avg speed    0.072 kHz), accepted    11152/  830001 events ( 1.34%)
Processed   840000/ 2248545 entries, 37.36% (elapsed time 11609.1s, curr speed    0.087 kHz, avg speed    0.072 kHz), accepted    11276/  840001 events ( 1.34%)
Processed   850000/ 2248545 entries, 37.80% (elapsed time 11734.0s, curr speed    0.080 kHz, avg speed    0.072 kHz), accepted    11431/  850001 events ( 1.34%)
Processed   860000/ 2248545 entries, 38.25% (elapsed time 11854.1s, curr speed    0.083 kHz, avg speed    0.073 kHz), accepted    11567/  860001 events ( 1.34%)
Processed   870000/ 2248545 entries, 38.69% (elapsed time 11970.5s, curr speed    0.086 kHz, avg speed    0.073 kHz), accepted    11692/  870001 events ( 1.34%)
Processed   880000/ 2248545 entries, 39.14% (elapsed time 12087.8s, curr speed    0.085 kHz, avg speed    0.073 kHz), accepted    11817/  880001 events ( 1.34%)
%MSG-e SimpleJetCorrectionUncertainty: 
 bin variables out of range
%MSG
%MSG-e SimpleJetCorrectionUncertainty: 
 bin variables out of range
%MSG
Processed   890000/ 2248545 entries, 39.58% (elapsed time 12205.6s, curr speed    0.085 kHz, avg speed    0.073 kHz), accepted    11938/  890001 events ( 1.34%)
Processed   900000/ 2248545 entries, 40.03% (elapsed time 12324.2s, curr speed    0.084 kHz, avg speed    0.073 kHz), accepted    12072/  900001 events ( 1.34%)
Processed   910000/ 2248545 entries, 40.47% (elapsed time 12445.3s, curr speed    0.083 kHz, avg speed    0.073 kHz), accepted    12211/  910001 events ( 1.34%)
Bad event
Processed   920000/ 2248545 entries, 40.92% (elapsed time 12558.2s, curr speed    0.089 kHz, avg speed    0.073 kHz), accepted    12335/  920001 events ( 1.34%)
Bad event
Bad event
Processed   930000/ 2248545 entries, 41.36% (elapsed time 12678.4s, curr speed    0.083 kHz, avg speed    0.073 kHz), accepted    12474/  930001 events ( 1.34%)
Processed   940000/ 2248545 entries, 41.80% (elapsed time 12796.7s, curr speed    0.085 kHz, avg speed    0.073 kHz), accepted    12608/  940001 events ( 1.34%)
Processed   950000/ 2248545 entries, 42.25% (elapsed time 12913.1s, curr speed    0.086 kHz, avg speed    0.074 kHz), accepted    12721/  950001 events ( 1.34%)
Bad event
Processed   960000/ 2248545 entries, 42.69% (elapsed time 13037.2s, curr speed    0.081 kHz, avg speed    0.074 kHz), accepted    12877/  960001 events ( 1.34%)
Processed   970000/ 2248545 entries, 43.14% (elapsed time 13151.7s, curr speed    0.087 kHz, avg speed    0.074 kHz), accepted    13027/  970001 events ( 1.34%)
Processed   980000/ 2248545 entries, 43.58% (elapsed time 13279.0s, curr speed    0.079 kHz, avg speed    0.074 kHz), accepted    13154/  980001 events ( 1.34%)
Processed   990000/ 2248545 entries, 44.03% (elapsed time 13397.2s, curr speed    0.085 kHz, avg speed    0.074 kHz), accepted    13298/  990001 events ( 1.34%)
Processed  1000000/ 2248545 entries, 44.47% (elapsed time 13530.4s, curr speed    0.075 kHz, avg speed    0.074 kHz), accepted    13421/ 1000001 events ( 1.34%)
Bad event
Processed  1010000/ 2248545 entries, 44.92% (elapsed time 13650.5s, curr speed    0.083 kHz, avg speed    0.074 kHz), accepted    13569/ 1010001 events ( 1.34%)
Processed  1020000/ 2248545 entries, 45.36% (elapsed time 13771.1s, curr speed    0.083 kHz, avg speed    0.074 kHz), accepted    13717/ 1020001 events ( 1.34%)
Processed  1030000/ 2248545 entries, 45.81% (elapsed time 13900.2s, curr speed    0.077 kHz, avg speed    0.074 kHz), accepted    13843/ 1030001 events ( 1.34%)
Processed  1040000/ 2248545 entries, 46.25% (elapsed time 14015.9s, curr speed    0.086 kHz, avg speed    0.074 kHz), accepted    13968/ 1040001 events ( 1.34%)
Processed  1050000/ 2248545 entries, 46.70% (elapsed time 14147.1s, curr speed    0.076 kHz, avg speed    0.074 kHz), accepted    14115/ 1050001 events ( 1.34%)
Processed  1060000/ 2248545 entries, 47.14% (elapsed time 14265.6s, curr speed    0.084 kHz, avg speed    0.074 kHz), accepted    14262/ 1060001 events ( 1.35%)
Processed  1070000/ 2248545 entries, 47.59% (elapsed time 14388.6s, curr speed    0.081 kHz, avg speed    0.074 kHz), accepted    14398/ 1070001 events ( 1.35%)
Processed  1080000/ 2248545 entries, 48.03% (elapsed time 14517.5s, curr speed    0.078 kHz, avg speed    0.074 kHz), accepted    14551/ 1080001 events ( 1.35%)
Processed  1090000/ 2248545 entries, 48.48% (elapsed time 14632.8s, curr speed    0.087 kHz, avg speed    0.074 kHz), accepted    14697/ 1090001 events ( 1.35%)
Processed  1100000/ 2248545 entries, 48.92% (elapsed time 14764.7s, curr speed    0.076 kHz, avg speed    0.075 kHz), accepted    14849/ 1100001 events ( 1.35%)
Processed  1110000/ 2248545 entries, 49.37% (elapsed time 14882.9s, curr speed    0.085 kHz, avg speed    0.075 kHz), accepted    14966/ 1110001 events ( 1.35%)
Processed  1120000/ 2248545 entries, 49.81% (elapsed time 15007.1s, curr speed    0.081 kHz, avg speed    0.075 kHz), accepted    15127/ 1120001 events ( 1.35%)
Processed  1130000/ 2248545 entries, 50.25% (elapsed time 15132.1s, curr speed    0.080 kHz, avg speed    0.075 kHz), accepted    15271/ 1130001 events ( 1.35%)
Processed  1140000/ 2248545 entries, 50.70% (elapsed time 15249.1s, curr speed    0.085 kHz, avg speed    0.075 kHz), accepted    15414/ 1140001 events ( 1.35%)
Processed  1150000/ 2248545 entries, 51.14% (elapsed time 15378.6s, curr speed    0.077 kHz, avg speed    0.075 kHz), accepted    15542/ 1150001 events ( 1.35%)
Processed  1160000/ 2248545 entries, 51.59% (elapsed time 15497.4s, curr speed    0.084 kHz, avg speed    0.075 kHz), accepted    15678/ 1160001 events ( 1.35%)
Processed  1170000/ 2248545 entries, 52.03% (elapsed time 15618.7s, curr speed    0.082 kHz, avg speed    0.075 kHz), accepted    15802/ 1170001 events ( 1.35%)
Processed  1180000/ 2248545 entries, 52.48% (elapsed time 15741.6s, curr speed    0.081 kHz, avg speed    0.075 kHz), accepted    15937/ 1180001 events ( 1.35%)
Bad event
Processed  1190000/ 2248545 entries, 52.92% (elapsed time 15852.2s, curr speed    0.090 kHz, avg speed    0.075 kHz), accepted    16069/ 1190001 events ( 1.35%)
Processed  1200000/ 2248545 entries, 53.37% (elapsed time 15974.4s, curr speed    0.082 kHz, avg speed    0.075 kHz), accepted    16202/ 1200001 events ( 1.35%)
Bad event
Processed  1210000/ 2248545 entries, 53.81% (elapsed time 16092.5s, curr speed    0.085 kHz, avg speed    0.075 kHz), accepted    16333/ 1210001 events ( 1.35%)
Processed  1220000/ 2248545 entries, 54.26% (elapsed time 16214.5s, curr speed    0.082 kHz, avg speed    0.075 kHz), accepted    16443/ 1220001 events ( 1.35%)
Bad event
Processed  1230000/ 2248545 entries, 54.70% (elapsed time 16338.9s, curr speed    0.080 kHz, avg speed    0.075 kHz), accepted    16580/ 1230001 events ( 1.35%)
Bad event
Processed  1240000/ 2248545 entries, 55.15% (elapsed time 16452.6s, curr speed    0.088 kHz, avg speed    0.075 kHz), accepted    16720/ 1240001 events ( 1.35%)
Bad event
Processed  1250000/ 2248545 entries, 55.59% (elapsed time 16574.2s, curr speed    0.082 kHz, avg speed    0.075 kHz), accepted    16852/ 1250001 events ( 1.35%)
Processed  1260000/ 2248545 entries, 56.04% (elapsed time 16691.7s, curr speed    0.085 kHz, avg speed    0.075 kHz), accepted    17002/ 1260001 events ( 1.35%)
Bad event
Processed  1270000/ 2248545 entries, 56.48% (elapsed time 16801.0s, curr speed    0.091 kHz, avg speed    0.076 kHz), accepted    17126/ 1270001 events ( 1.35%)
Processed  1280000/ 2248545 entries, 56.93% (elapsed time 16916.9s, curr speed    0.086 kHz, avg speed    0.076 kHz), accepted    17258/ 1280001 events ( 1.35%)
Processed  1290000/ 2248545 entries, 57.37% (elapsed time 17030.1s, curr speed    0.088 kHz, avg speed    0.076 kHz), accepted    17405/ 1290001 events ( 1.35%)
Processed  1300000/ 2248545 entries, 57.82% (elapsed time 17137.3s, curr speed    0.093 kHz, avg speed    0.076 kHz), accepted    17521/ 1300001 events ( 1.35%)
Processed  1310000/ 2248545 entries, 58.26% (elapsed time 17247.5s, curr speed    0.091 kHz, avg speed    0.076 kHz), accepted    17649/ 1310001 events ( 1.35%)
Processed  1320000/ 2248545 entries, 58.70% (elapsed time 17354.6s, curr speed    0.093 kHz, avg speed    0.076 kHz), accepted    17801/ 1320001 events ( 1.35%)
Processed  1330000/ 2248545 entries, 59.15% (elapsed time 17464.4s, curr speed    0.091 kHz, avg speed    0.076 kHz), accepted    17929/ 1330001 events ( 1.35%)
Processed  1340000/ 2248545 entries, 59.59% (elapsed time 17573.5s, curr speed    0.092 kHz, avg speed    0.076 kHz), accepted    18050/ 1340001 events ( 1.35%)
Processed  1350000/ 2248545 entries, 60.04% (elapsed time 17679.5s, curr speed    0.094 kHz, avg speed    0.076 kHz), accepted    18183/ 1350001 events ( 1.35%)
Processed  1360000/ 2248545 entries, 60.48% (elapsed time 17792.0s, curr speed    0.089 kHz, avg speed    0.076 kHz), accepted    18315/ 1360001 events ( 1.35%)
Processed  1370000/ 2248545 entries, 60.93% (elapsed time 17897.1s, curr speed    0.095 kHz, avg speed    0.077 kHz), accepted    18449/ 1370001 events ( 1.35%)
Processed  1380000/ 2248545 entries, 61.37% (elapsed time 18006.5s, curr speed    0.091 kHz, avg speed    0.077 kHz), accepted    18581/ 1380001 events ( 1.35%)
Bad event
Processed  1390000/ 2248545 entries, 61.82% (elapsed time 18112.4s, curr speed    0.094 kHz, avg speed    0.077 kHz), accepted    18718/ 1390001 events ( 1.35%)
Processed  1400000/ 2248545 entries, 62.26% (elapsed time 18218.8s, curr speed    0.094 kHz, avg speed    0.077 kHz), accepted    18850/ 1400001 events ( 1.35%)
Processed  1410000/ 2248545 entries, 62.71% (elapsed time 18336.5s, curr speed    0.085 kHz, avg speed    0.077 kHz), accepted    18984/ 1410001 events ( 1.35%)
Processed  1420000/ 2248545 entries, 63.15% (elapsed time 18456.6s, curr speed    0.083 kHz, avg speed    0.077 kHz), accepted    19123/ 1420001 events ( 1.35%)
Processed  1430000/ 2248545 entries, 63.60% (elapsed time 18582.5s, curr speed    0.079 kHz, avg speed    0.077 kHz), accepted    19260/ 1430001 events ( 1.35%)
Processed  1440000/ 2248545 entries, 64.04% (elapsed time 18704.6s, curr speed    0.082 kHz, avg speed    0.077 kHz), accepted    19382/ 1440001 events ( 1.35%)
Processed  1450000/ 2248545 entries, 64.49% (elapsed time 18833.5s, curr speed    0.078 kHz, avg speed    0.077 kHz), accepted    19535/ 1450001 events ( 1.35%)
Bad event
Processed  1460000/ 2248545 entries, 64.93% (elapsed time 18960.3s, curr speed    0.079 kHz, avg speed    0.077 kHz), accepted    19673/ 1460001 events ( 1.35%)
Bad event
Processed  1470000/ 2248545 entries, 65.38% (elapsed time 19076.5s, curr speed    0.086 kHz, avg speed    0.077 kHz), accepted    19809/ 1470001 events ( 1.35%)
Processed  1480000/ 2248545 entries, 65.82% (elapsed time 19199.0s, curr speed    0.082 kHz, avg speed    0.077 kHz), accepted    19947/ 1480001 events ( 1.35%)
Processed  1490000/ 2248545 entries, 66.27% (elapsed time 19313.8s, curr speed    0.087 kHz, avg speed    0.077 kHz), accepted    20069/ 1490001 events ( 1.35%)
Processed  1500000/ 2248545 entries, 66.71% (elapsed time 19436.2s, curr speed    0.082 kHz, avg speed    0.077 kHz), accepted    20207/ 1500001 events ( 1.35%)
Processed  1510000/ 2248545 entries, 67.15% (elapsed time 19550.0s, curr speed    0.088 kHz, avg speed    0.077 kHz), accepted    20357/ 1510001 events ( 1.35%)
Processed  1520000/ 2248545 entries, 67.60% (elapsed time 19666.5s, curr speed    0.086 kHz, avg speed    0.077 kHz), accepted    20510/ 1520001 events ( 1.35%)
Bad event
Processed  1530000/ 2248545 entries, 68.04% (elapsed time 19800.6s, curr speed    0.075 kHz, avg speed    0.077 kHz), accepted    20654/ 1530001 events ( 1.35%)
Processed  1540000/ 2248545 entries, 68.49% (elapsed time 19926.6s, curr speed    0.079 kHz, avg speed    0.077 kHz), accepted    20772/ 1540001 events ( 1.35%)
Processed  1550000/ 2248545 entries, 68.93% (elapsed time 20054.9s, curr speed    0.078 kHz, avg speed    0.077 kHz), accepted    20905/ 1550001 events ( 1.35%)
Processed  1560000/ 2248545 entries, 69.38% (elapsed time 20182.7s, curr speed    0.078 kHz, avg speed    0.077 kHz), accepted    21039/ 1560001 events ( 1.35%)
Processed  1570000/ 2248545 entries, 69.82% (elapsed time 20303.5s, curr speed    0.083 kHz, avg speed    0.077 kHz), accepted    21190/ 1570001 events ( 1.35%)
Processed  1580000/ 2248545 entries, 70.27% (elapsed time 20440.2s, curr speed    0.073 kHz, avg speed    0.077 kHz), accepted    21330/ 1580001 events ( 1.35%)
Processed  1590000/ 2248545 entries, 70.71% (elapsed time 20573.6s, curr speed    0.075 kHz, avg speed    0.077 kHz), accepted    21469/ 1590001 events ( 1.35%)
Processed  1600000/ 2248545 entries, 71.16% (elapsed time 20712.7s, curr speed    0.072 kHz, avg speed    0.077 kHz), accepted    21596/ 1600001 events ( 1.35%)
Processed  1610000/ 2248545 entries, 71.60% (elapsed time 20856.7s, curr speed    0.069 kHz, avg speed    0.077 kHz), accepted    21722/ 1610001 events ( 1.35%)
Processed  1620000/ 2248545 entries, 72.05% (elapsed time 20988.3s, curr speed    0.076 kHz, avg speed    0.077 kHz), accepted    21852/ 1620001 events ( 1.35%)
Processed  1630000/ 2248545 entries, 72.49% (elapsed time 21115.1s, curr speed    0.079 kHz, avg speed    0.077 kHz), accepted    22000/ 1630001 events ( 1.35%)
Bad event
Processed  1640000/ 2248545 entries, 72.94% (elapsed time 21245.1s, curr speed    0.077 kHz, avg speed    0.077 kHz), accepted    22140/ 1640001 events ( 1.35%)
Processed  1650000/ 2248545 entries, 73.38% (elapsed time 21361.0s, curr speed    0.086 kHz, avg speed    0.077 kHz), accepted    22279/ 1650001 events ( 1.35%)
Processed  1660000/ 2248545 entries, 73.83% (elapsed time 21486.3s, curr speed    0.080 kHz, avg speed    0.077 kHz), accepted    22420/ 1660001 events ( 1.35%)
Processed  1670000/ 2248545 entries, 74.27% (elapsed time 21607.5s, curr speed    0.083 kHz, avg speed    0.077 kHz), accepted    22562/ 1670001 events ( 1.35%)
Processed  1680000/ 2248545 entries, 74.71% (elapsed time 21718.5s, curr speed    0.090 kHz, avg speed    0.077 kHz), accepted    22690/ 1680001 events ( 1.35%)
Processed  1690000/ 2248545 entries, 75.16% (elapsed time 21841.6s, curr speed    0.081 kHz, avg speed    0.077 kHz), accepted    22820/ 1690001 events ( 1.35%)
Processed  1700000/ 2248545 entries, 75.60% (elapsed time 21948.3s, curr speed    0.094 kHz, avg speed    0.077 kHz), accepted    22943/ 1700001 events ( 1.35%)
Processed  1710000/ 2248545 entries, 76.05% (elapsed time 22055.6s, curr speed    0.093 kHz, avg speed    0.078 kHz), accepted    23070/ 1710001 events ( 1.35%)
Processed  1720000/ 2248545 entries, 76.49% (elapsed time 22175.1s, curr speed    0.084 kHz, avg speed    0.078 kHz), accepted    23180/ 1720001 events ( 1.35%)
Processed  1730000/ 2248545 entries, 76.94% (elapsed time 22277.8s, curr speed    0.097 kHz, avg speed    0.078 kHz), accepted    23308/ 1730001 events ( 1.35%)
Processed  1740000/ 2248545 entries, 77.38% (elapsed time 22376.9s, curr speed    0.101 kHz, avg speed    0.078 kHz), accepted    23442/ 1740001 events ( 1.35%)
Processed  1750000/ 2248545 entries, 77.83% (elapsed time 22478.0s, curr speed    0.099 kHz, avg speed    0.078 kHz), accepted    23566/ 1750001 events ( 1.35%)
Processed  1760000/ 2248545 entries, 78.27% (elapsed time 22571.0s, curr speed    0.108 kHz, avg speed    0.078 kHz), accepted    23696/ 1760001 events ( 1.35%)
Bad event
Processed  1770000/ 2248545 entries, 78.72% (elapsed time 22678.6s, curr speed    0.093 kHz, avg speed    0.078 kHz), accepted    23824/ 1770001 events ( 1.35%)
Processed  1780000/ 2248545 entries, 79.16% (elapsed time 22770.7s, curr speed    0.109 kHz, avg speed    0.078 kHz), accepted    23958/ 1780001 events ( 1.35%)
Processed  1790000/ 2248545 entries, 79.61% (elapsed time 22867.3s, curr speed    0.103 kHz, avg speed    0.078 kHz), accepted    24091/ 1790001 events ( 1.35%)
Bad event
Processed  1800000/ 2248545 entries, 80.05% (elapsed time 22972.0s, curr speed    0.096 kHz, avg speed    0.078 kHz), accepted    24211/ 1800001 events ( 1.35%)
Processed  1810000/ 2248545 entries, 80.50% (elapsed time 23065.5s, curr speed    0.107 kHz, avg speed    0.078 kHz), accepted    24345/ 1810001 events ( 1.35%)
Processed  1820000/ 2248545 entries, 80.94% (elapsed time 23176.8s, curr speed    0.090 kHz, avg speed    0.079 kHz), accepted    24489/ 1820001 events ( 1.35%)
Processed  1830000/ 2248545 entries, 81.39% (elapsed time 23280.1s, curr speed    0.097 kHz, avg speed    0.079 kHz), accepted    24627/ 1830001 events ( 1.35%)
Processed  1840000/ 2248545 entries, 81.83% (elapsed time 23370.5s, curr speed    0.111 kHz, avg speed    0.079 kHz), accepted    24754/ 1840001 events ( 1.35%)
Processed  1850000/ 2248545 entries, 82.28% (elapsed time 23455.0s, curr speed    0.118 kHz, avg speed    0.079 kHz), accepted    24890/ 1850001 events ( 1.35%)
Bad event
Processed  1860000/ 2248545 entries, 82.72% (elapsed time 23537.5s, curr speed    0.121 kHz, avg speed    0.079 kHz), accepted    25027/ 1860001 events ( 1.35%)
Processed  1870000/ 2248545 entries, 83.16% (elapsed time 23622.6s, curr speed    0.117 kHz, avg speed    0.079 kHz), accepted    25161/ 1870001 events ( 1.35%)
Processed  1880000/ 2248545 entries, 83.61% (elapsed time 23705.9s, curr speed    0.120 kHz, avg speed    0.079 kHz), accepted    25290/ 1880001 events ( 1.35%)
Processed  1890000/ 2248545 entries, 84.05% (elapsed time 23791.0s, curr speed    0.117 kHz, avg speed    0.079 kHz), accepted    25409/ 1890001 events ( 1.34%)
Processed  1900000/ 2248545 entries, 84.50% (elapsed time 23876.3s, curr speed    0.117 kHz, avg speed    0.080 kHz), accepted    25556/ 1900001 events ( 1.35%)
Processed  1910000/ 2248545 entries, 84.94% (elapsed time 23957.2s, curr speed    0.124 kHz, avg speed    0.080 kHz), accepted    25705/ 1910001 events ( 1.35%)
Bad event
Processed  1920000/ 2248545 entries, 85.39% (elapsed time 24043.4s, curr speed    0.116 kHz, avg speed    0.080 kHz), accepted    25847/ 1920001 events ( 1.35%)
Bad event
Processed  1930000/ 2248545 entries, 85.83% (elapsed time 24124.2s, curr speed    0.124 kHz, avg speed    0.080 kHz), accepted    25973/ 1930001 events ( 1.35%)
Processed  1940000/ 2248545 entries, 86.28% (elapsed time 24204.7s, curr speed    0.124 kHz, avg speed    0.080 kHz), accepted    26110/ 1940001 events ( 1.35%)
Processed  1950000/ 2248545 entries, 86.72% (elapsed time 24284.0s, curr speed    0.126 kHz, avg speed    0.080 kHz), accepted    26242/ 1950001 events ( 1.35%)
Processed  1960000/ 2248545 entries, 87.17% (elapsed time 24362.4s, curr speed    0.128 kHz, avg speed    0.080 kHz), accepted    26373/ 1960001 events ( 1.35%)
Processed  1970000/ 2248545 entries, 87.61% (elapsed time 24476.1s, curr speed    0.088 kHz, avg speed    0.080 kHz), accepted    26496/ 1970001 events ( 1.34%)
Processed  1980000/ 2248545 entries, 88.06% (elapsed time 24583.5s, curr speed    0.093 kHz, avg speed    0.081 kHz), accepted    26635/ 1980001 events ( 1.35%)
Processed  1990000/ 2248545 entries, 88.50% (elapsed time 24684.4s, curr speed    0.099 kHz, avg speed    0.081 kHz), accepted    26775/ 1990001 events ( 1.35%)
Processed  2000000/ 2248545 entries, 88.95% (elapsed time 24768.1s, curr speed    0.120 kHz, avg speed    0.081 kHz), accepted    26908/ 2000001 events ( 1.35%)
Processed  2010000/ 2248545 entries, 89.39% (elapsed time 24850.0s, curr speed    0.122 kHz, avg speed    0.081 kHz), accepted    27021/ 2010001 events ( 1.34%)
Processed  2020000/ 2248545 entries, 89.84% (elapsed time 24945.2s, curr speed    0.105 kHz, avg speed    0.081 kHz), accepted    27144/ 2020001 events ( 1.34%)
Processed  2030000/ 2248545 entries, 90.28% (elapsed time 25036.1s, curr speed    0.110 kHz, avg speed    0.081 kHz), accepted    27275/ 2030001 events ( 1.34%)
Bad event
Processed  2040000/ 2248545 entries, 90.73% (elapsed time 25126.2s, curr speed    0.111 kHz, avg speed    0.081 kHz), accepted    27393/ 2040001 events ( 1.34%)
Processed  2050000/ 2248545 entries, 91.17% (elapsed time 25218.3s, curr speed    0.109 kHz, avg speed    0.081 kHz), accepted    27542/ 2050001 events ( 1.34%)
Processed  2060000/ 2248545 entries, 91.61% (elapsed time 25309.4s, curr speed    0.110 kHz, avg speed    0.081 kHz), accepted    27658/ 2060001 events ( 1.34%)
Processed  2070000/ 2248545 entries, 92.06% (elapsed time 25397.3s, curr speed    0.114 kHz, avg speed    0.082 kHz), accepted    27795/ 2070001 events ( 1.34%)
Bad event
Processed  2080000/ 2248545 entries, 92.50% (elapsed time 25475.7s, curr speed    0.127 kHz, avg speed    0.082 kHz), accepted    27919/ 2080001 events ( 1.34%)
Bad event
Processed  2090000/ 2248545 entries, 92.95% (elapsed time 25558.2s, curr speed    0.121 kHz, avg speed    0.082 kHz), accepted    28062/ 2090001 events ( 1.34%)
Processed  2100000/ 2248545 entries, 93.39% (elapsed time 25639.4s, curr speed    0.123 kHz, avg speed    0.082 kHz), accepted    28180/ 2100001 events ( 1.34%)
Processed  2110000/ 2248545 entries, 93.84% (elapsed time 25717.5s, curr speed    0.128 kHz, avg speed    0.082 kHz), accepted    28311/ 2110001 events ( 1.34%)
Bad event
Processed  2120000/ 2248545 entries, 94.28% (elapsed time 25800.7s, curr speed    0.120 kHz, avg speed    0.082 kHz), accepted    28435/ 2120001 events ( 1.34%)
Processed  2130000/ 2248545 entries, 94.73% (elapsed time 25879.5s, curr speed    0.127 kHz, avg speed    0.082 kHz), accepted    28567/ 2130001 events ( 1.34%)
Processed  2140000/ 2248545 entries, 95.17% (elapsed time 25959.6s, curr speed    0.125 kHz, avg speed    0.082 kHz), accepted    28699/ 2140001 events ( 1.34%)
Bad event
Processed  2150000/ 2248545 entries, 95.62% (elapsed time 26041.2s, curr speed    0.122 kHz, avg speed    0.083 kHz), accepted    28838/ 2150001 events ( 1.34%)
Processed  2160000/ 2248545 entries, 96.06% (elapsed time 26119.7s, curr speed    0.128 kHz, avg speed    0.083 kHz), accepted    28967/ 2160001 events ( 1.34%)
Processed  2170000/ 2248545 entries, 96.51% (elapsed time 26202.4s, curr speed    0.121 kHz, avg speed    0.083 kHz), accepted    29105/ 2170001 events ( 1.34%)
Processed  2180000/ 2248545 entries, 96.95% (elapsed time 26282.0s, curr speed    0.126 kHz, avg speed    0.083 kHz), accepted    29240/ 2180001 events ( 1.34%)
Bad event
Processed  2190000/ 2248545 entries, 97.40% (elapsed time 26362.1s, curr speed    0.125 kHz, avg speed    0.083 kHz), accepted    29355/ 2190001 events ( 1.34%)
Processed  2200000/ 2248545 entries, 97.84% (elapsed time 26443.0s, curr speed    0.124 kHz, avg speed    0.083 kHz), accepted    29469/ 2200001 events ( 1.34%)
Processed  2210000/ 2248545 entries, 98.29% (elapsed time 26522.0s, curr speed    0.127 kHz, avg speed    0.083 kHz), accepted    29622/ 2210001 events ( 1.34%)
Processed  2220000/ 2248545 entries, 98.73% (elapsed time 26604.0s, curr speed    0.122 kHz, avg speed    0.083 kHz), accepted    29768/ 2220001 events ( 1.34%)
Processed  2230000/ 2248545 entries, 99.18% (elapsed time 26682.1s, curr speed    0.128 kHz, avg speed    0.084 kHz), accepted    29924/ 2230001 events ( 1.34%)
Processed  2240000/ 2248545 entries, 99.62% (elapsed time 26762.1s, curr speed    0.125 kHz, avg speed    0.084 kHz), accepted    30065/ 2240001 events ( 1.34%)
Processed 2248545 preselected entries from root://cms-xrd-global.cern.ch//store/mc/RunIIAutumn18NanoAODv6/ZZTo2Q2Nu_TuneCP5_13TeV_amcatnloFXFX_madspin_pythia8/NANOAODSIM/Nano25Oct2019_102X_upgrade2018_realistic_v20-v1/230000/1E550B63-9DF3-B14F-A88F-9847C5B6DFD3.root (2248545 entries). Finally selected 30190 entries
Done /work/pbaertsc/heavy_resonance/output_2018/ZZTo2Q2Nu_TuneCP5_13TeV_amcatnloFXFX_madspin_pythia8__RunIIAutumn18NanoAODv6-Nano25Oct2019_102X_upgrade2018_realistic_v20-v1__NANOAODSIM/1E550B63-9DF3-B14F-A88F-9847C5B6DFD3.root
83.649609457 Hz
deleting root file with name: /work/pbaertsc/heavy_resonance/output_2018/ZZTo2Q2Nu_TuneCP5_13TeV_amcatnloFXFX_madspin_pythia8__RunIIAutumn18NanoAODv6-Nano25Oct2019_102X_upgrade2018_realistic_v20-v1__NANOAODSIM/1E550B63-9DF3-B14F-A88F-9847C5B6DFD3.root
DONE
Complete at
Wed Jan 29 11:10:37 CET 2020
