job start at
Tue Jan 28 22:34:38 CET 2020
SLURM_JOB_ID: 422469
HOSTNAME: t3wn42
JOBLIST:joblist/joblist_ZZTo4L_13TeV_powheg_pythia8_ext1__RunIISummer16NanoAODv6-PUMoriond17_Nano25Oct2019_102X_mcRun2_asymptotic_v7-v1__NANOAODSIM_ll.txt
Going to execute
python job.py -i root://cms-xrd-global.cern.ch//store/mc/RunIISummer16NanoAODv6/ZZTo4L_13TeV_powheg_pythia8_ext1/NANOAODSIM/PUMoriond17_Nano25Oct2019_102X_mcRun2_asymptotic_v7-v1/100000/DBAAC379-DCE1-804B-AF76-0D12CCC73A11.root -o /work/pbaertsc/heavy_resonance/output_2016/ZZTo4L_13TeV_powheg_pythia8_ext1__RunIISummer16NanoAODv6-PUMoriond17_Nano25Oct2019_102X_mcRun2_asymptotic_v7-v1__NANOAODSIM -N ZZTo4L_13TeV_powheg_pythia8_ext1__RunIISummer16NanoAODv6-PUMoriond17_Nano25Oct2019_102X_mcRun2_asymptotic_v7-v1__NANOAODSIM -n 60 -c ll -y 2016
TClass::Init:0: RuntimeWarning: no dictionary for class ROOT::TIOFeatures is available
/work/pbaertsc/heavy_resonance/CMSSW_9_4_6/python/PhysicsTools/NanoAODTools/postprocessing/framework/treeReaderArrayTools.py:69: RuntimeWarning: creating executor for unknown type "ULong64_t*"
  ret = _vr.Get()[0]
JEC= Summer16_07Aug2017_V11_MC 	 JER= Summer16_25nsV1_MC
MET branch= PuppiMET
JEC= Summer16_07Aug2017_V11_MC 	 JER= Summer16_25nsV1_MC
MET branch= PuppiMET
--------------------------------------------------------------------------------
input files  = ['root://cms-xrd-global.cern.ch//store/mc/RunIISummer16NanoAODv6/ZZTo4L_13TeV_powheg_pythia8_ext1/NANOAODSIM/PUMoriond17_Nano25Oct2019_102X_mcRun2_asymptotic_v7-v1/100000/DBAAC379-DCE1-804B-AF76-0D12CCC73A11.root']
output directory = /work/pbaertsc/heavy_resonance/output_2016/ZZTo4L_13TeV_powheg_pythia8_ext1__RunIISummer16NanoAODv6-PUMoriond17_Nano25Oct2019_102X_mcRun2_asymptotic_v7-v1__NANOAODSIM
output file  = ZZTo4L_13TeV_powheg_pythia8_ext1__RunIISummer16NanoAODv6-PUMoriond17_Nano25Oct2019_102X_mcRun2_asymptotic_v7-v1__NANOAODSIM_60_ll.root
chunck       = 60
channel      = ll
dataType     = mc
year         = 2016
tes          = 1.0
ltf          = 1.0
jtf          = 1.0
--------------------------------------------------------------------------------
job.py: creating PostProcessor...
TreeProducer is called /work/pbaertsc/heavy_resonance/output_2016/ZZTo4L_13TeV_powheg_pythia8_ext1__RunIISummer16NanoAODv6-PUMoriond17_Nano25Oct2019_102X_mcRun2_asymptotic_v7-v1__NANOAODSIM/ZZTo4L_13TeV_powheg_pythia8_ext1__RunIISummer16NanoAODv6-PUMoriond17_Nano25Oct2019_102X_mcRun2_asymptotic_v7-v1__NANOAODSIM_60_ll.root
job.py: going to run PostProcessor...
Will write selected trees to /work/pbaertsc/heavy_resonance/output_2016/ZZTo4L_13TeV_powheg_pythia8_ext1__RunIISummer16NanoAODv6-PUMoriond17_Nano25Oct2019_102X_mcRun2_asymptotic_v7-v1__NANOAODSIM
Loading jet energy scale (JES) uncertainties from file '/tmp/tmpxgITdD/Summer16_07Aug2017_V11_MC_Uncertainty_AK4PFchs.txt'
Loading jet energy resolutions (JER) from file '/tmp/tmp8c7WNu/Summer16_25nsV1_MC_PtResolution_AK4PFchs.txt'
Loading JER scale factors and uncertainties from file '/tmp/tmp8c7WNu/Summer16_25nsV1_MC_SF_AK4PFchs.txt'
Loading jet energy scale (JES) uncertainties from file '/tmp/tmpAXraf_/Summer16_07Aug2017_V11_MC_Uncertainty_AK8PFPuppi.txt'
Loading jet energy resolutions (JER) from file '/tmp/tmp8jHo3D/Summer16_25nsV1_MC_PtResolution_AK8PFPuppi.txt'
Loading JER scale factors and uncertainties from file '/tmp/tmp8jHo3D/Summer16_25nsV1_MC_SF_AK8PFPuppi.txt'
Pre-select 1077316 entries out of 1077316 (100.00%)
nanoAODv5? True
ZtoMM trigger inconsistency
Processed    10000/ 1077316 entries,  0.93% (elapsed time   216.6s, curr speed    0.046 kHz, avg speed    0.046 kHz), accepted       14/   10001 events ( 0.14%)
TtoEM trigger inconsistency
Processed    20000/ 1077316 entries,  1.86% (elapsed time   424.4s, curr speed    0.048 kHz, avg speed    0.047 kHz), accepted       27/   20001 events ( 0.13%)
ZtoMM trigger inconsistency
Processed    30000/ 1077316 entries,  2.78% (elapsed time   626.2s, curr speed    0.050 kHz, avg speed    0.048 kHz), accepted       36/   30001 events ( 0.12%)
ZtoMM trigger inconsistency
%MSG-e SimpleJetCorrectionUncertainty: 
 bin variables out of range
%MSG
%MSG-e SimpleJetCorrectionUncertainty: 
 bin variables out of range
%MSG
ZtoMM trigger inconsistency
Processed    40000/ 1077316 entries,  3.71% (elapsed time   826.2s, curr speed    0.050 kHz, avg speed    0.048 kHz), accepted       51/   40001 events ( 0.13%)
Processed    50000/ 1077316 entries,  4.64% (elapsed time  1022.5s, curr speed    0.051 kHz, avg speed    0.049 kHz), accepted       64/   50001 events ( 0.13%)
Processed    60000/ 1077316 entries,  5.57% (elapsed time  1224.1s, curr speed    0.050 kHz, avg speed    0.049 kHz), accepted       79/   60001 events ( 0.13%)
TtoEM trigger inconsistency
Processed    70000/ 1077316 entries,  6.50% (elapsed time  1420.3s, curr speed    0.051 kHz, avg speed    0.049 kHz), accepted      100/   70001 events ( 0.14%)
Processed    80000/ 1077316 entries,  7.43% (elapsed time  1621.2s, curr speed    0.050 kHz, avg speed    0.049 kHz), accepted      113/   80001 events ( 0.14%)
TtoEM trigger inconsistency
Processed    90000/ 1077316 entries,  8.35% (elapsed time  1830.1s, curr speed    0.048 kHz, avg speed    0.049 kHz), accepted      131/   90001 events ( 0.15%)
ZtoMM trigger inconsistency
Processed   100000/ 1077316 entries,  9.28% (elapsed time  2055.8s, curr speed    0.044 kHz, avg speed    0.049 kHz), accepted      147/  100001 events ( 0.15%)
ZtoMM trigger inconsistency
Processed   110000/ 1077316 entries, 10.21% (elapsed time  2274.7s, curr speed    0.046 kHz, avg speed    0.048 kHz), accepted      160/  110001 events ( 0.15%)
Processed   120000/ 1077316 entries, 11.14% (elapsed time  2476.8s, curr speed    0.049 kHz, avg speed    0.048 kHz), accepted      176/  120001 events ( 0.15%)
ZtoEE trigger inconsistency
Processed   130000/ 1077316 entries, 12.07% (elapsed time  2683.6s, curr speed    0.048 kHz, avg speed    0.048 kHz), accepted      191/  130001 events ( 0.15%)
ZtoMM trigger inconsistency
ZtoMM trigger inconsistency
ZtoMM trigger inconsistency
Processed   140000/ 1077316 entries, 13.00% (elapsed time  2882.0s, curr speed    0.050 kHz, avg speed    0.049 kHz), accepted      208/  140001 events ( 0.15%)
Processed   150000/ 1077316 entries, 13.92% (elapsed time  3074.7s, curr speed    0.052 kHz, avg speed    0.049 kHz), accepted      222/  150001 events ( 0.15%)
Processed   160000/ 1077316 entries, 14.85% (elapsed time  3269.4s, curr speed    0.051 kHz, avg speed    0.049 kHz), accepted      234/  160001 events ( 0.15%)
TtoEM trigger inconsistency
Processed   170000/ 1077316 entries, 15.78% (elapsed time  3463.7s, curr speed    0.051 kHz, avg speed    0.049 kHz), accepted      246/  170001 events ( 0.14%)
Processed   180000/ 1077316 entries, 16.71% (elapsed time  3658.8s, curr speed    0.051 kHz, avg speed    0.049 kHz), accepted      257/  180001 events ( 0.14%)
ZtoMM trigger inconsistency
Processed   190000/ 1077316 entries, 17.64% (elapsed time  3864.3s, curr speed    0.049 kHz, avg speed    0.049 kHz), accepted      268/  190001 events ( 0.14%)
ZtoMM trigger inconsistency
Processed   200000/ 1077316 entries, 18.56% (elapsed time  4070.9s, curr speed    0.048 kHz, avg speed    0.049 kHz), accepted      290/  200001 events ( 0.14%)
Processed   210000/ 1077316 entries, 19.49% (elapsed time  4266.9s, curr speed    0.051 kHz, avg speed    0.049 kHz), accepted      308/  210001 events ( 0.15%)
Processed   220000/ 1077316 entries, 20.42% (elapsed time  4468.0s, curr speed    0.050 kHz, avg speed    0.049 kHz), accepted      318/  220001 events ( 0.14%)
Processed   230000/ 1077316 entries, 21.35% (elapsed time  4662.0s, curr speed    0.052 kHz, avg speed    0.049 kHz), accepted      327/  230001 events ( 0.14%)
Processed   240000/ 1077316 entries, 22.28% (elapsed time  4868.5s, curr speed    0.048 kHz, avg speed    0.049 kHz), accepted      341/  240001 events ( 0.14%)
Processed   250000/ 1077316 entries, 23.21% (elapsed time  5067.2s, curr speed    0.050 kHz, avg speed    0.049 kHz), accepted      355/  250001 events ( 0.14%)
Processed   260000/ 1077316 entries, 24.13% (elapsed time  5266.7s, curr speed    0.050 kHz, avg speed    0.049 kHz), accepted      371/  260001 events ( 0.14%)
Processed   270000/ 1077316 entries, 25.06% (elapsed time  5466.5s, curr speed    0.050 kHz, avg speed    0.049 kHz), accepted      383/  270001 events ( 0.14%)
ZtoMM trigger inconsistency
Processed   280000/ 1077316 entries, 25.99% (elapsed time  5659.2s, curr speed    0.052 kHz, avg speed    0.049 kHz), accepted      400/  280001 events ( 0.14%)
Processed   290000/ 1077316 entries, 26.92% (elapsed time  5852.0s, curr speed    0.052 kHz, avg speed    0.050 kHz), accepted      410/  290001 events ( 0.14%)
TtoEM trigger inconsistency
Processed   300000/ 1077316 entries, 27.85% (elapsed time  6050.6s, curr speed    0.050 kHz, avg speed    0.050 kHz), accepted      426/  300001 events ( 0.14%)
TtoEM trigger inconsistency
ZtoMM trigger inconsistency
Processed   310000/ 1077316 entries, 28.78% (elapsed time  6249.3s, curr speed    0.050 kHz, avg speed    0.050 kHz), accepted      437/  310001 events ( 0.14%)
ZtoMM trigger inconsistency
Processed   320000/ 1077316 entries, 29.70% (elapsed time  6443.6s, curr speed    0.051 kHz, avg speed    0.050 kHz), accepted      451/  320001 events ( 0.14%)
Processed   330000/ 1077316 entries, 30.63% (elapsed time  6636.7s, curr speed    0.052 kHz, avg speed    0.050 kHz), accepted      466/  330001 events ( 0.14%)
Processed   340000/ 1077316 entries, 31.56% (elapsed time  6841.8s, curr speed    0.049 kHz, avg speed    0.050 kHz), accepted      481/  340001 events ( 0.14%)
ZtoEE trigger inconsistency
Processed   350000/ 1077316 entries, 32.49% (elapsed time  7045.6s, curr speed    0.049 kHz, avg speed    0.050 kHz), accepted      497/  350001 events ( 0.14%)
ZtoMM trigger inconsistency
Processed   360000/ 1077316 entries, 33.42% (elapsed time  7238.7s, curr speed    0.052 kHz, avg speed    0.050 kHz), accepted      509/  360001 events ( 0.14%)
ZtoMM trigger inconsistency
Processed   370000/ 1077316 entries, 34.34% (elapsed time  7436.4s, curr speed    0.051 kHz, avg speed    0.050 kHz), accepted      526/  370001 events ( 0.14%)
Processed   380000/ 1077316 entries, 35.27% (elapsed time  7629.3s, curr speed    0.052 kHz, avg speed    0.050 kHz), accepted      550/  380001 events ( 0.14%)
ZtoMM trigger inconsistency
Processed   390000/ 1077316 entries, 36.20% (elapsed time  7817.2s, curr speed    0.053 kHz, avg speed    0.050 kHz), accepted      571/  390001 events ( 0.15%)
Processed   400000/ 1077316 entries, 37.13% (elapsed time  8008.6s, curr speed    0.052 kHz, avg speed    0.050 kHz), accepted      587/  400001 events ( 0.15%)
Processed   410000/ 1077316 entries, 38.06% (elapsed time  8201.4s, curr speed    0.052 kHz, avg speed    0.050 kHz), accepted      603/  410001 events ( 0.15%)
ZtoEE trigger inconsistency
Processed   420000/ 1077316 entries, 38.99% (elapsed time  8401.6s, curr speed    0.050 kHz, avg speed    0.050 kHz), accepted      621/  420001 events ( 0.15%)
ZtoMM trigger inconsistency
Processed   430000/ 1077316 entries, 39.91% (elapsed time  8591.1s, curr speed    0.053 kHz, avg speed    0.050 kHz), accepted      634/  430001 events ( 0.15%)
Processed   440000/ 1077316 entries, 40.84% (elapsed time  8778.3s, curr speed    0.053 kHz, avg speed    0.050 kHz), accepted      655/  440001 events ( 0.15%)
ZtoMM trigger inconsistency
Processed   450000/ 1077316 entries, 41.77% (elapsed time  8975.3s, curr speed    0.051 kHz, avg speed    0.050 kHz), accepted      675/  450001 events ( 0.15%)
Processed   460000/ 1077316 entries, 42.70% (elapsed time  9159.1s, curr speed    0.054 kHz, avg speed    0.050 kHz), accepted      689/  460001 events ( 0.15%)
Processed   470000/ 1077316 entries, 43.63% (elapsed time  9349.5s, curr speed    0.053 kHz, avg speed    0.050 kHz), accepted      706/  470001 events ( 0.15%)
ZtoMM trigger inconsistency
Processed   480000/ 1077316 entries, 44.56% (elapsed time  9552.0s, curr speed    0.049 kHz, avg speed    0.050 kHz), accepted      717/  480001 events ( 0.15%)
ZtoMM trigger inconsistency
Processed   490000/ 1077316 entries, 45.48% (elapsed time  9744.3s, curr speed    0.052 kHz, avg speed    0.050 kHz), accepted      726/  490001 events ( 0.15%)
ZtoMM trigger inconsistency
Processed   500000/ 1077316 entries, 46.41% (elapsed time  9931.6s, curr speed    0.053 kHz, avg speed    0.050 kHz), accepted      742/  500001 events ( 0.15%)
Processed   510000/ 1077316 entries, 47.34% (elapsed time 10131.8s, curr speed    0.050 kHz, avg speed    0.050 kHz), accepted      753/  510001 events ( 0.15%)
Processed   520000/ 1077316 entries, 48.27% (elapsed time 10338.5s, curr speed    0.048 kHz, avg speed    0.050 kHz), accepted      766/  520001 events ( 0.15%)
ZtoMM trigger inconsistency
Processed   530000/ 1077316 entries, 49.20% (elapsed time 10533.5s, curr speed    0.051 kHz, avg speed    0.050 kHz), accepted      780/  530001 events ( 0.15%)
Processed   540000/ 1077316 entries, 50.12% (elapsed time 10729.4s, curr speed    0.051 kHz, avg speed    0.050 kHz), accepted      796/  540001 events ( 0.15%)
ZtoMM trigger inconsistency
Processed   550000/ 1077316 entries, 51.05% (elapsed time 10934.6s, curr speed    0.049 kHz, avg speed    0.050 kHz), accepted      811/  550001 events ( 0.15%)
ZtoMM trigger inconsistency
Processed   560000/ 1077316 entries, 51.98% (elapsed time 11133.4s, curr speed    0.050 kHz, avg speed    0.050 kHz), accepted      829/  560001 events ( 0.15%)
ZtoMM trigger inconsistency
Processed   570000/ 1077316 entries, 52.91% (elapsed time 11331.7s, curr speed    0.050 kHz, avg speed    0.050 kHz), accepted      842/  570001 events ( 0.15%)
Processed   580000/ 1077316 entries, 53.84% (elapsed time 11532.9s, curr speed    0.050 kHz, avg speed    0.050 kHz), accepted      864/  580001 events ( 0.15%)
ZtoMM trigger inconsistency
Processed   590000/ 1077316 entries, 54.77% (elapsed time 11737.5s, curr speed    0.049 kHz, avg speed    0.050 kHz), accepted      879/  590001 events ( 0.15%)
Processed   600000/ 1077316 entries, 55.69% (elapsed time 11931.7s, curr speed    0.051 kHz, avg speed    0.050 kHz), accepted      902/  600001 events ( 0.15%)
Processed   610000/ 1077316 entries, 56.62% (elapsed time 12127.2s, curr speed    0.051 kHz, avg speed    0.050 kHz), accepted      919/  610001 events ( 0.15%)
Processed   620000/ 1077316 entries, 57.55% (elapsed time 12326.3s, curr speed    0.050 kHz, avg speed    0.050 kHz), accepted      930/  620001 events ( 0.15%)
ZtoMM trigger inconsistency
Processed   630000/ 1077316 entries, 58.48% (elapsed time 12527.9s, curr speed    0.050 kHz, avg speed    0.050 kHz), accepted      954/  630001 events ( 0.15%)
Processed   640000/ 1077316 entries, 59.41% (elapsed time 12723.8s, curr speed    0.051 kHz, avg speed    0.050 kHz), accepted      975/  640001 events ( 0.15%)
Processed   650000/ 1077316 entries, 60.34% (elapsed time 12926.0s, curr speed    0.049 kHz, avg speed    0.050 kHz), accepted      995/  650001 events ( 0.15%)
ZtoMM trigger inconsistency
Processed   660000/ 1077316 entries, 61.26% (elapsed time 13121.5s, curr speed    0.051 kHz, avg speed    0.050 kHz), accepted     1009/  660001 events ( 0.15%)
Processed   670000/ 1077316 entries, 62.19% (elapsed time 13310.2s, curr speed    0.053 kHz, avg speed    0.050 kHz), accepted     1021/  670001 events ( 0.15%)
ZtoMM trigger inconsistency
TtoEM trigger inconsistency
Processed   680000/ 1077316 entries, 63.12% (elapsed time 13502.0s, curr speed    0.052 kHz, avg speed    0.050 kHz), accepted     1041/  680001 events ( 0.15%)
Processed   690000/ 1077316 entries, 64.05% (elapsed time 13692.3s, curr speed    0.053 kHz, avg speed    0.050 kHz), accepted     1063/  690001 events ( 0.15%)
Processed   700000/ 1077316 entries, 64.98% (elapsed time 13887.2s, curr speed    0.051 kHz, avg speed    0.050 kHz), accepted     1078/  700001 events ( 0.15%)
Processed   710000/ 1077316 entries, 65.90% (elapsed time 14085.7s, curr speed    0.050 kHz, avg speed    0.050 kHz), accepted     1089/  710001 events ( 0.15%)
ZtoMM trigger inconsistency
TtoEM trigger inconsistency
Processed   720000/ 1077316 entries, 66.83% (elapsed time 14275.5s, curr speed    0.053 kHz, avg speed    0.050 kHz), accepted     1103/  720001 events ( 0.15%)
Processed   730000/ 1077316 entries, 67.76% (elapsed time 14461.2s, curr speed    0.054 kHz, avg speed    0.050 kHz), accepted     1124/  730001 events ( 0.15%)
Processed   740000/ 1077316 entries, 68.69% (elapsed time 14652.9s, curr speed    0.052 kHz, avg speed    0.051 kHz), accepted     1143/  740001 events ( 0.15%)
Processed   750000/ 1077316 entries, 69.62% (elapsed time 14841.7s, curr speed    0.053 kHz, avg speed    0.051 kHz), accepted     1158/  750001 events ( 0.15%)
ZtoMM trigger inconsistency
Processed   760000/ 1077316 entries, 70.55% (elapsed time 15036.9s, curr speed    0.051 kHz, avg speed    0.051 kHz), accepted     1174/  760001 events ( 0.15%)
ZtoMM trigger inconsistency
Processed   770000/ 1077316 entries, 71.47% (elapsed time 15229.9s, curr speed    0.052 kHz, avg speed    0.051 kHz), accepted     1183/  770001 events ( 0.15%)
TtoEM trigger inconsistency
Processed   780000/ 1077316 entries, 72.40% (elapsed time 15430.8s, curr speed    0.050 kHz, avg speed    0.051 kHz), accepted     1190/  780001 events ( 0.15%)
Processed   790000/ 1077316 entries, 73.33% (elapsed time 15625.9s, curr speed    0.051 kHz, avg speed    0.051 kHz), accepted     1205/  790001 events ( 0.15%)
ZtoMM trigger inconsistency
Processed   800000/ 1077316 entries, 74.26% (elapsed time 15824.2s, curr speed    0.050 kHz, avg speed    0.051 kHz), accepted     1216/  800001 events ( 0.15%)
ZtoMM trigger inconsistency
Processed   810000/ 1077316 entries, 75.19% (elapsed time 16016.6s, curr speed    0.052 kHz, avg speed    0.051 kHz), accepted     1234/  810001 events ( 0.15%)
ZtoMM trigger inconsistency
ZtoMM trigger inconsistency
Processed   820000/ 1077316 entries, 76.12% (elapsed time 16203.1s, curr speed    0.054 kHz, avg speed    0.051 kHz), accepted     1247/  820001 events ( 0.15%)
Processed   830000/ 1077316 entries, 77.04% (elapsed time 16396.0s, curr speed    0.052 kHz, avg speed    0.051 kHz), accepted     1262/  830001 events ( 0.15%)
ZtoMM trigger inconsistency
Processed   840000/ 1077316 entries, 77.97% (elapsed time 16586.3s, curr speed    0.053 kHz, avg speed    0.051 kHz), accepted     1274/  840001 events ( 0.15%)
Processed   850000/ 1077316 entries, 78.90% (elapsed time 16781.4s, curr speed    0.051 kHz, avg speed    0.051 kHz), accepted     1290/  850001 events ( 0.15%)
Processed   860000/ 1077316 entries, 79.83% (elapsed time 16973.0s, curr speed    0.052 kHz, avg speed    0.051 kHz), accepted     1306/  860001 events ( 0.15%)
ZtoEE trigger inconsistency
Processed   870000/ 1077316 entries, 80.76% (elapsed time 17173.5s, curr speed    0.050 kHz, avg speed    0.051 kHz), accepted     1319/  870001 events ( 0.15%)
Processed   880000/ 1077316 entries, 81.68% (elapsed time 17369.7s, curr speed    0.051 kHz, avg speed    0.051 kHz), accepted     1335/  880001 events ( 0.15%)
TtoEM trigger inconsistency
Processed   890000/ 1077316 entries, 82.61% (elapsed time 17557.8s, curr speed    0.053 kHz, avg speed    0.051 kHz), accepted     1347/  890001 events ( 0.15%)
ZtoMM trigger inconsistency
ZtoMM trigger inconsistency
Processed   900000/ 1077316 entries, 83.54% (elapsed time 17744.4s, curr speed    0.054 kHz, avg speed    0.051 kHz), accepted     1359/  900001 events ( 0.15%)
Processed   910000/ 1077316 entries, 84.47% (elapsed time 17945.6s, curr speed    0.050 kHz, avg speed    0.051 kHz), accepted     1372/  910001 events ( 0.15%)
ZtoMM trigger inconsistency
Processed   920000/ 1077316 entries, 85.40% (elapsed time 18136.1s, curr speed    0.052 kHz, avg speed    0.051 kHz), accepted     1382/  920001 events ( 0.15%)
ZtoMM trigger inconsistency
Processed   930000/ 1077316 entries, 86.33% (elapsed time 18316.4s, curr speed    0.055 kHz, avg speed    0.051 kHz), accepted     1395/  930001 events ( 0.15%)
ZtoMM trigger inconsistency
ZtoMM trigger inconsistency
Processed   940000/ 1077316 entries, 87.25% (elapsed time 18518.7s, curr speed    0.049 kHz, avg speed    0.051 kHz), accepted     1412/  940001 events ( 0.15%)
Processed   950000/ 1077316 entries, 88.18% (elapsed time 18730.7s, curr speed    0.047 kHz, avg speed    0.051 kHz), accepted     1426/  950001 events ( 0.15%)
ZtoMM trigger inconsistency
Processed   960000/ 1077316 entries, 89.11% (elapsed time 18944.2s, curr speed    0.047 kHz, avg speed    0.051 kHz), accepted     1446/  960001 events ( 0.15%)
Processed   970000/ 1077316 entries, 90.04% (elapsed time 19154.2s, curr speed    0.048 kHz, avg speed    0.051 kHz), accepted     1462/  970001 events ( 0.15%)
Processed   980000/ 1077316 entries, 90.97% (elapsed time 19361.3s, curr speed    0.048 kHz, avg speed    0.051 kHz), accepted     1474/  980001 events ( 0.15%)
Processed   990000/ 1077316 entries, 91.90% (elapsed time 19568.3s, curr speed    0.048 kHz, avg speed    0.051 kHz), accepted     1487/  990001 events ( 0.15%)
Processed  1000000/ 1077316 entries, 92.82% (elapsed time 19739.6s, curr speed    0.058 kHz, avg speed    0.051 kHz), accepted     1506/ 1000001 events ( 0.15%)
ZtoMM trigger inconsistency
Processed  1010000/ 1077316 entries, 93.75% (elapsed time 19939.1s, curr speed    0.050 kHz, avg speed    0.051 kHz), accepted     1520/ 1010001 events ( 0.15%)
Processed  1020000/ 1077316 entries, 94.68% (elapsed time 20133.6s, curr speed    0.051 kHz, avg speed    0.051 kHz), accepted     1531/ 1020001 events ( 0.15%)
TtoEM trigger inconsistency
Processed  1030000/ 1077316 entries, 95.61% (elapsed time 20346.9s, curr speed    0.047 kHz, avg speed    0.051 kHz), accepted     1544/ 1030001 events ( 0.15%)
ZtoMM trigger inconsistency
Processed  1040000/ 1077316 entries, 96.54% (elapsed time 20549.0s, curr speed    0.049 kHz, avg speed    0.051 kHz), accepted     1556/ 1040001 events ( 0.15%)
ZtoEE trigger inconsistency
Processed  1050000/ 1077316 entries, 97.46% (elapsed time 20743.1s, curr speed    0.052 kHz, avg speed    0.051 kHz), accepted     1569/ 1050001 events ( 0.15%)
Processed  1060000/ 1077316 entries, 98.39% (elapsed time 20949.5s, curr speed    0.048 kHz, avg speed    0.051 kHz), accepted     1587/ 1060001 events ( 0.15%)
ZtoMM trigger inconsistency
TtoEM trigger inconsistency
Processed  1070000/ 1077316 entries, 99.32% (elapsed time 21115.9s, curr speed    0.060 kHz, avg speed    0.051 kHz), accepted     1595/ 1070001 events ( 0.15%)
Processed 1077316 preselected entries from root://cms-xrd-global.cern.ch//store/mc/RunIISummer16NanoAODv6/ZZTo4L_13TeV_powheg_pythia8_ext1/NANOAODSIM/PUMoriond17_Nano25Oct2019_102X_mcRun2_asymptotic_v7-v1/100000/DBAAC379-DCE1-804B-AF76-0D12CCC73A11.root (1077316 entries). Finally selected 1601 entries
Done /work/pbaertsc/heavy_resonance/output_2016/ZZTo4L_13TeV_powheg_pythia8_ext1__RunIISummer16NanoAODv6-PUMoriond17_Nano25Oct2019_102X_mcRun2_asymptotic_v7-v1__NANOAODSIM/DBAAC379-DCE1-804B-AF76-0D12CCC73A11.root
50.7033556529 Hz
deleting root file with name: /work/pbaertsc/heavy_resonance/output_2016/ZZTo4L_13TeV_powheg_pythia8_ext1__RunIISummer16NanoAODv6-PUMoriond17_Nano25Oct2019_102X_mcRun2_asymptotic_v7-v1__NANOAODSIM/DBAAC379-DCE1-804B-AF76-0D12CCC73A11.root
DONE
Complete at
Wed Jan 29 12:47:09 CET 2020
