job start at
Tue Jan 28 20:32:31 CET 2020
SLURM_JOB_ID: 422000
HOSTNAME: t3wn51
JOBLIST:joblist/joblist_WZTo2L2Q_13TeV_amcatnloFXFX_madspin_pythia8__RunIIAutumn18NanoAODv6-Nano25Oct2019_102X_upgrade2018_realistic_v20-v1__NANOAODSIM_ll.txt
Going to execute
python job.py -i root://cms-xrd-global.cern.ch//store/mc/RunIIAutumn18NanoAODv6/WZTo2L2Q_13TeV_amcatnloFXFX_madspin_pythia8/NANOAODSIM/Nano25Oct2019_102X_upgrade2018_realistic_v20-v1/240000/D2D0A7C7-7BA4-0D42-A9D4-E8F44F14CA95.root -o /work/pbaertsc/heavy_resonance/output_2018/WZTo2L2Q_13TeV_amcatnloFXFX_madspin_pythia8__RunIIAutumn18NanoAODv6-Nano25Oct2019_102X_upgrade2018_realistic_v20-v1__NANOAODSIM -N WZTo2L2Q_13TeV_amcatnloFXFX_madspin_pythia8__RunIIAutumn18NanoAODv6-Nano25Oct2019_102X_upgrade2018_realistic_v20-v1__NANOAODSIM -n 13 -c ll -y 2018
TClass::Init:0: RuntimeWarning: no dictionary for class ROOT::TIOFeatures is available
/work/pbaertsc/heavy_resonance/CMSSW_9_4_6/python/PhysicsTools/NanoAODTools/postprocessing/framework/treeReaderArrayTools.py:69: RuntimeWarning: creating executor for unknown type "ULong64_t*"
  ret = _vr.Get()[0]
JEC= Autumn18_V19_MC 	 JER= Autumn18_V7_MC
MET branch= PuppiMET
JEC= Autumn18_V19_MC 	 JER= Autumn18_V7_MC
MET branch= PuppiMET
--------------------------------------------------------------------------------
input files  = ['root://cms-xrd-global.cern.ch//store/mc/RunIIAutumn18NanoAODv6/WZTo2L2Q_13TeV_amcatnloFXFX_madspin_pythia8/NANOAODSIM/Nano25Oct2019_102X_upgrade2018_realistic_v20-v1/240000/D2D0A7C7-7BA4-0D42-A9D4-E8F44F14CA95.root']
output directory = /work/pbaertsc/heavy_resonance/output_2018/WZTo2L2Q_13TeV_amcatnloFXFX_madspin_pythia8__RunIIAutumn18NanoAODv6-Nano25Oct2019_102X_upgrade2018_realistic_v20-v1__NANOAODSIM
output file  = WZTo2L2Q_13TeV_amcatnloFXFX_madspin_pythia8__RunIIAutumn18NanoAODv6-Nano25Oct2019_102X_upgrade2018_realistic_v20-v1__NANOAODSIM_13_ll.root
chunck       = 13
channel      = ll
dataType     = mc
year         = 2018
tes          = 1.0
ltf          = 1.0
jtf          = 1.0
--------------------------------------------------------------------------------
job.py: creating PostProcessor...
TreeProducer is called /work/pbaertsc/heavy_resonance/output_2018/WZTo2L2Q_13TeV_amcatnloFXFX_madspin_pythia8__RunIIAutumn18NanoAODv6-Nano25Oct2019_102X_upgrade2018_realistic_v20-v1__NANOAODSIM/WZTo2L2Q_13TeV_amcatnloFXFX_madspin_pythia8__RunIIAutumn18NanoAODv6-Nano25Oct2019_102X_upgrade2018_realistic_v20-v1__NANOAODSIM_13_ll.root
job.py: going to run PostProcessor...
Will write selected trees to /work/pbaertsc/heavy_resonance/output_2018/WZTo2L2Q_13TeV_amcatnloFXFX_madspin_pythia8__RunIIAutumn18NanoAODv6-Nano25Oct2019_102X_upgrade2018_realistic_v20-v1__NANOAODSIM
Loading jet energy scale (JES) uncertainties from file '/tmp/tmpSBPV8S/Autumn18_V19_MC_Uncertainty_AK4PFchs.txt'
Loading jet energy resolutions (JER) from file '/tmp/tmplH_tF3/Autumn18_V7_MC_PtResolution_AK4PFchs.txt'
Loading JER scale factors and uncertainties from file '/tmp/tmplH_tF3/Autumn18_V7_MC_SF_AK4PFchs.txt'
Loading jet energy scale (JES) uncertainties from file '/tmp/tmpDsW7G8/Autumn18_V19_MC_Uncertainty_AK8PFPuppi.txt'
Loading jet energy resolutions (JER) from file '/tmp/tmpjaZRRq/Autumn18_V7_MC_PtResolution_AK8PFPuppi.txt'
Loading JER scale factors and uncertainties from file '/tmp/tmpjaZRRq/Autumn18_V7_MC_SF_AK8PFPuppi.txt'
Pre-select 1831065 entries out of 1831065 (100.00%)
nanoAODv5? True
TtoEM trigger inconsistency
Processed    10000/ 1831065 entries,  0.55% (elapsed time   232.5s, curr speed    0.043 kHz, avg speed    0.043 kHz), accepted       71/   10001 events ( 0.71%)
ZtoMM trigger inconsistency
ZtoMM trigger inconsistency
ZtoMM trigger inconsistency
Processed    20000/ 1831065 entries,  1.09% (elapsed time   447.1s, curr speed    0.047 kHz, avg speed    0.045 kHz), accepted      142/   20001 events ( 0.71%)
Processed    30000/ 1831065 entries,  1.64% (elapsed time   663.6s, curr speed    0.046 kHz, avg speed    0.045 kHz), accepted      228/   30001 events ( 0.76%)
ZtoMM trigger inconsistency
Processed    40000/ 1831065 entries,  2.18% (elapsed time   879.8s, curr speed    0.046 kHz, avg speed    0.045 kHz), accepted      292/   40001 events ( 0.73%)
TtoEM trigger inconsistency
ZtoMM trigger inconsistency
Processed    50000/ 1831065 entries,  2.73% (elapsed time  1097.4s, curr speed    0.046 kHz, avg speed    0.046 kHz), accepted      372/   50001 events ( 0.74%)
ZtoMM trigger inconsistency
ZtoMM trigger inconsistency
ZtoMM trigger inconsistency
Processed    60000/ 1831065 entries,  3.28% (elapsed time  1304.0s, curr speed    0.048 kHz, avg speed    0.046 kHz), accepted      460/   60001 events ( 0.77%)
ZtoMM trigger inconsistency
Processed    70000/ 1831065 entries,  3.82% (elapsed time  1499.3s, curr speed    0.051 kHz, avg speed    0.047 kHz), accepted      515/   70001 events ( 0.74%)
ZtoMM trigger inconsistency
ZtoEE trigger inconsistency
WARNING: jet m = -0.0 !!
ZtoMM trigger inconsistency
ZtoMM trigger inconsistency
Processed    80000/ 1831065 entries,  4.37% (elapsed time  1697.9s, curr speed    0.050 kHz, avg speed    0.047 kHz), accepted      591/   80001 events ( 0.74%)
ZtoMM trigger inconsistency
Processed    90000/ 1831065 entries,  4.92% (elapsed time  1896.7s, curr speed    0.050 kHz, avg speed    0.047 kHz), accepted      657/   90001 events ( 0.73%)
ZtoMM trigger inconsistency
ZtoMM trigger inconsistency
ZtoMM trigger inconsistency
ZtoMM trigger inconsistency
TtoEM trigger inconsistency
TtoEM trigger inconsistency
Processed   100000/ 1831065 entries,  5.46% (elapsed time  2102.2s, curr speed    0.049 kHz, avg speed    0.048 kHz), accepted      710/  100001 events ( 0.71%)
ZtoMM trigger inconsistency
ZtoMM trigger inconsistency
TtoEM trigger inconsistency
Processed   110000/ 1831065 entries,  6.01% (elapsed time  2300.5s, curr speed    0.050 kHz, avg speed    0.048 kHz), accepted      772/  110001 events ( 0.70%)
ZtoMM trigger inconsistency
ZtoMM trigger inconsistency
ZtoMM trigger inconsistency
Processed   120000/ 1831065 entries,  6.55% (elapsed time  2496.3s, curr speed    0.051 kHz, avg speed    0.048 kHz), accepted      850/  120001 events ( 0.71%)
Processed   130000/ 1831065 entries,  7.10% (elapsed time  2691.9s, curr speed    0.051 kHz, avg speed    0.048 kHz), accepted      933/  130001 events ( 0.72%)
ZtoMM trigger inconsistency
Processed   140000/ 1831065 entries,  7.65% (elapsed time  2893.2s, curr speed    0.050 kHz, avg speed    0.048 kHz), accepted     1016/  140001 events ( 0.73%)
Bad event
ZtoMM trigger inconsistency
Processed   150000/ 1831065 entries,  8.19% (elapsed time  3096.8s, curr speed    0.049 kHz, avg speed    0.048 kHz), accepted     1103/  150001 events ( 0.74%)
ZtoMM trigger inconsistency
ZtoMM trigger inconsistency
ZtoMM trigger inconsistency
Processed   160000/ 1831065 entries,  8.74% (elapsed time  3294.5s, curr speed    0.051 kHz, avg speed    0.049 kHz), accepted     1212/  160001 events ( 0.76%)
ZtoMM trigger inconsistency
ZtoMM trigger inconsistency
ZtoMM trigger inconsistency
Processed   170000/ 1831065 entries,  9.28% (elapsed time  3487.8s, curr speed    0.052 kHz, avg speed    0.049 kHz), accepted     1286/  170001 events ( 0.76%)
Processed   180000/ 1831065 entries,  9.83% (elapsed time  3678.1s, curr speed    0.053 kHz, avg speed    0.049 kHz), accepted     1362/  180001 events ( 0.76%)
ZtoMM trigger inconsistency
Processed   190000/ 1831065 entries, 10.38% (elapsed time  3876.6s, curr speed    0.050 kHz, avg speed    0.049 kHz), accepted     1432/  190001 events ( 0.75%)
ZtoMM trigger inconsistency
Processed   200000/ 1831065 entries, 10.92% (elapsed time  4075.9s, curr speed    0.050 kHz, avg speed    0.049 kHz), accepted     1514/  200001 events ( 0.76%)
ZtoMM trigger inconsistency
Processed   210000/ 1831065 entries, 11.47% (elapsed time  4266.5s, curr speed    0.052 kHz, avg speed    0.049 kHz), accepted     1583/  210001 events ( 0.75%)
ZtoMM trigger inconsistency
Processed   220000/ 1831065 entries, 12.01% (elapsed time  4491.2s, curr speed    0.044 kHz, avg speed    0.049 kHz), accepted     1658/  220001 events ( 0.75%)
ZtoMM trigger inconsistency
ZtoMM trigger inconsistency
ZtoMM trigger inconsistency
Processed   230000/ 1831065 entries, 12.56% (elapsed time  4708.7s, curr speed    0.046 kHz, avg speed    0.049 kHz), accepted     1720/  230001 events ( 0.75%)
ZtoMM trigger inconsistency
ZtoMM trigger inconsistency
ZtoMM trigger inconsistency
Processed   240000/ 1831065 entries, 13.11% (elapsed time  4921.1s, curr speed    0.047 kHz, avg speed    0.049 kHz), accepted     1803/  240001 events ( 0.75%)
Processed   250000/ 1831065 entries, 13.65% (elapsed time  5133.3s, curr speed    0.047 kHz, avg speed    0.049 kHz), accepted     1884/  250001 events ( 0.75%)
ZtoMM trigger inconsistency
Bad event
Processed   260000/ 1831065 entries, 14.20% (elapsed time  5344.0s, curr speed    0.047 kHz, avg speed    0.049 kHz), accepted     1951/  260001 events ( 0.75%)
ZtoMM trigger inconsistency
ZtoMM trigger inconsistency
Processed   270000/ 1831065 entries, 14.75% (elapsed time  5558.1s, curr speed    0.047 kHz, avg speed    0.049 kHz), accepted     2015/  270001 events ( 0.75%)
TtoEM trigger inconsistency
Processed   280000/ 1831065 entries, 15.29% (elapsed time  5772.1s, curr speed    0.047 kHz, avg speed    0.049 kHz), accepted     2092/  280001 events ( 0.75%)
ZtoMM trigger inconsistency
Processed   290000/ 1831065 entries, 15.84% (elapsed time  5989.0s, curr speed    0.046 kHz, avg speed    0.048 kHz), accepted     2159/  290001 events ( 0.74%)
ZtoMM trigger inconsistency
ZtoMM trigger inconsistency
Processed   300000/ 1831065 entries, 16.38% (elapsed time  6210.0s, curr speed    0.045 kHz, avg speed    0.048 kHz), accepted     2235/  300001 events ( 0.74%)
TtoEM trigger inconsistency
ZtoMM trigger inconsistency
ZtoMM trigger inconsistency
Processed   310000/ 1831065 entries, 16.93% (elapsed time  6422.4s, curr speed    0.047 kHz, avg speed    0.048 kHz), accepted     2306/  310001 events ( 0.74%)
ZtoEE trigger inconsistency
Bad event
Processed   320000/ 1831065 entries, 17.48% (elapsed time  6640.3s, curr speed    0.046 kHz, avg speed    0.048 kHz), accepted     2390/  320001 events ( 0.75%)
ZtoEE trigger inconsistency
TtoEM trigger inconsistency
ZtoEE trigger inconsistency
ZtoEE trigger inconsistency
Processed   330000/ 1831065 entries, 18.02% (elapsed time  6852.6s, curr speed    0.047 kHz, avg speed    0.048 kHz), accepted     2461/  330001 events ( 0.75%)
ZtoMM trigger inconsistency
TtoEM trigger inconsistency
Processed   340000/ 1831065 entries, 18.57% (elapsed time  7059.4s, curr speed    0.048 kHz, avg speed    0.048 kHz), accepted     2539/  340001 events ( 0.75%)
ZtoMM trigger inconsistency
ZtoMM trigger inconsistency
ZtoMM trigger inconsistency
Processed   350000/ 1831065 entries, 19.11% (elapsed time  7262.4s, curr speed    0.049 kHz, avg speed    0.048 kHz), accepted     2611/  350001 events ( 0.75%)
ZtoMM trigger inconsistency
ZtoMM trigger inconsistency
ZtoMM trigger inconsistency
Processed   360000/ 1831065 entries, 19.66% (elapsed time  7473.6s, curr speed    0.047 kHz, avg speed    0.048 kHz), accepted     2684/  360001 events ( 0.75%)
TtoEM trigger inconsistency
Processed   370000/ 1831065 entries, 20.21% (elapsed time  7684.3s, curr speed    0.047 kHz, avg speed    0.048 kHz), accepted     2759/  370001 events ( 0.75%)
ZtoMM trigger inconsistency
ZtoEE trigger inconsistency
TtoEM trigger inconsistency
Processed   380000/ 1831065 entries, 20.75% (elapsed time  7884.2s, curr speed    0.050 kHz, avg speed    0.048 kHz), accepted     2835/  380001 events ( 0.75%)
WARNING: jet m = -0.0 !!
ZtoMM trigger inconsistency
ZtoMM trigger inconsistency
Processed   390000/ 1831065 entries, 21.30% (elapsed time  8086.4s, curr speed    0.049 kHz, avg speed    0.048 kHz), accepted     2914/  390001 events ( 0.75%)
Processed   400000/ 1831065 entries, 21.85% (elapsed time  8287.6s, curr speed    0.050 kHz, avg speed    0.048 kHz), accepted     2980/  400001 events ( 0.74%)
ZtoMM trigger inconsistency
ZtoMM trigger inconsistency
TtoEM trigger inconsistency
Processed   410000/ 1831065 entries, 22.39% (elapsed time  8491.4s, curr speed    0.049 kHz, avg speed    0.048 kHz), accepted     3046/  410001 events ( 0.74%)
ZtoMM trigger inconsistency
Processed   420000/ 1831065 entries, 22.94% (elapsed time  8694.7s, curr speed    0.049 kHz, avg speed    0.048 kHz), accepted     3108/  420001 events ( 0.74%)
ZtoMM trigger inconsistency
Processed   430000/ 1831065 entries, 23.48% (elapsed time  8885.3s, curr speed    0.052 kHz, avg speed    0.048 kHz), accepted     3181/  430001 events ( 0.74%)
ZtoMM trigger inconsistency
TtoEM trigger inconsistency
ZtoMM trigger inconsistency
Processed   440000/ 1831065 entries, 24.03% (elapsed time  9074.2s, curr speed    0.053 kHz, avg speed    0.048 kHz), accepted     3267/  440001 events ( 0.74%)
ZtoMM trigger inconsistency
Processed   450000/ 1831065 entries, 24.58% (elapsed time  9262.6s, curr speed    0.053 kHz, avg speed    0.049 kHz), accepted     3337/  450001 events ( 0.74%)
ZtoMM trigger inconsistency
ZtoMM trigger inconsistency
TtoEM trigger inconsistency
Processed   460000/ 1831065 entries, 25.12% (elapsed time  9461.8s, curr speed    0.050 kHz, avg speed    0.049 kHz), accepted     3411/  460001 events ( 0.74%)
Processed   470000/ 1831065 entries, 25.67% (elapsed time  9647.5s, curr speed    0.054 kHz, avg speed    0.049 kHz), accepted     3495/  470001 events ( 0.74%)
ZtoMM trigger inconsistency
Processed   480000/ 1831065 entries, 26.21% (elapsed time  9828.7s, curr speed    0.055 kHz, avg speed    0.049 kHz), accepted     3579/  480001 events ( 0.75%)
ZtoMM trigger inconsistency
TtoEM trigger inconsistency
ZtoMM trigger inconsistency
ZtoMM trigger inconsistency
Processed   490000/ 1831065 entries, 26.76% (elapsed time 10009.8s, curr speed    0.055 kHz, avg speed    0.049 kHz), accepted     3655/  490001 events ( 0.75%)
ZtoMM trigger inconsistency
ZtoEE trigger inconsistency
Processed   500000/ 1831065 entries, 27.31% (elapsed time 10198.6s, curr speed    0.053 kHz, avg speed    0.049 kHz), accepted     3737/  500001 events ( 0.75%)
ZtoMM trigger inconsistency
ZtoMM trigger inconsistency
Processed   510000/ 1831065 entries, 27.85% (elapsed time 10381.3s, curr speed    0.055 kHz, avg speed    0.049 kHz), accepted     3810/  510001 events ( 0.75%)
TtoEM trigger inconsistency
Processed   520000/ 1831065 entries, 28.40% (elapsed time 10564.4s, curr speed    0.055 kHz, avg speed    0.049 kHz), accepted     3886/  520001 events ( 0.75%)
ZtoEE trigger inconsistency
Processed   530000/ 1831065 entries, 28.94% (elapsed time 10743.1s, curr speed    0.056 kHz, avg speed    0.049 kHz), accepted     3962/  530001 events ( 0.75%)
ZtoMM trigger inconsistency
Processed   540000/ 1831065 entries, 29.49% (elapsed time 10932.0s, curr speed    0.053 kHz, avg speed    0.049 kHz), accepted     4043/  540001 events ( 0.75%)
ZtoMM trigger inconsistency
ZtoMM trigger inconsistency
Processed   550000/ 1831065 entries, 30.04% (elapsed time 11121.2s, curr speed    0.053 kHz, avg speed    0.049 kHz), accepted     4104/  550001 events ( 0.75%)
Bad event
TtoEM trigger inconsistency
TtoEM trigger inconsistency
TtoEM trigger inconsistency
Processed   560000/ 1831065 entries, 30.58% (elapsed time 11315.7s, curr speed    0.051 kHz, avg speed    0.049 kHz), accepted     4183/  560001 events ( 0.75%)
TtoEM trigger inconsistency
Processed   570000/ 1831065 entries, 31.13% (elapsed time 11504.9s, curr speed    0.053 kHz, avg speed    0.050 kHz), accepted     4265/  570001 events ( 0.75%)
TtoEM trigger inconsistency
ZtoMM trigger inconsistency
ZtoMM trigger inconsistency
ZtoMM trigger inconsistency
ZtoMM trigger inconsistency
Processed   580000/ 1831065 entries, 31.68% (elapsed time 11696.3s, curr speed    0.052 kHz, avg speed    0.050 kHz), accepted     4328/  580001 events ( 0.75%)
Processed   590000/ 1831065 entries, 32.22% (elapsed time 11890.4s, curr speed    0.052 kHz, avg speed    0.050 kHz), accepted     4393/  590001 events ( 0.74%)
ZtoMM trigger inconsistency
ZtoMM trigger inconsistency
ZtoMM trigger inconsistency
Processed   600000/ 1831065 entries, 32.77% (elapsed time 12087.2s, curr speed    0.051 kHz, avg speed    0.050 kHz), accepted     4486/  600001 events ( 0.75%)
Processed   610000/ 1831065 entries, 33.31% (elapsed time 12280.0s, curr speed    0.052 kHz, avg speed    0.050 kHz), accepted     4572/  610001 events ( 0.75%)
Processed   620000/ 1831065 entries, 33.86% (elapsed time 12473.1s, curr speed    0.052 kHz, avg speed    0.050 kHz), accepted     4656/  620001 events ( 0.75%)
TtoEM trigger inconsistency
Processed   630000/ 1831065 entries, 34.41% (elapsed time 12668.5s, curr speed    0.051 kHz, avg speed    0.050 kHz), accepted     4739/  630001 events ( 0.75%)
Processed   640000/ 1831065 entries, 34.95% (elapsed time 12870.9s, curr speed    0.049 kHz, avg speed    0.050 kHz), accepted     4810/  640001 events ( 0.75%)
ZtoMM trigger inconsistency
Processed   650000/ 1831065 entries, 35.50% (elapsed time 13075.6s, curr speed    0.049 kHz, avg speed    0.050 kHz), accepted     4878/  650001 events ( 0.75%)
TtoEM trigger inconsistency
Processed   660000/ 1831065 entries, 36.04% (elapsed time 13278.2s, curr speed    0.049 kHz, avg speed    0.050 kHz), accepted     4955/  660001 events ( 0.75%)
Bad event
TtoEM trigger inconsistency
Processed   670000/ 1831065 entries, 36.59% (elapsed time 13482.4s, curr speed    0.049 kHz, avg speed    0.050 kHz), accepted     5030/  670001 events ( 0.75%)
ZtoMM trigger inconsistency
ZtoMM trigger inconsistency
Processed   680000/ 1831065 entries, 37.14% (elapsed time 13682.8s, curr speed    0.050 kHz, avg speed    0.050 kHz), accepted     5104/  680001 events ( 0.75%)
ZtoEE trigger inconsistency
Processed   690000/ 1831065 entries, 37.68% (elapsed time 13902.0s, curr speed    0.046 kHz, avg speed    0.050 kHz), accepted     5176/  690001 events ( 0.75%)
ZtoMM trigger inconsistency
Processed   700000/ 1831065 entries, 38.23% (elapsed time 14117.5s, curr speed    0.046 kHz, avg speed    0.050 kHz), accepted     5251/  700001 events ( 0.75%)
TtoEM trigger inconsistency
ZtoMM trigger inconsistency
Processed   710000/ 1831065 entries, 38.78% (elapsed time 14344.5s, curr speed    0.044 kHz, avg speed    0.049 kHz), accepted     5318/  710001 events ( 0.75%)
TtoEM trigger inconsistency
Processed   720000/ 1831065 entries, 39.32% (elapsed time 14553.4s, curr speed    0.048 kHz, avg speed    0.049 kHz), accepted     5409/  720001 events ( 0.75%)
ZtoMM trigger inconsistency
ZtoMM trigger inconsistency
Processed   730000/ 1831065 entries, 39.87% (elapsed time 14758.2s, curr speed    0.049 kHz, avg speed    0.049 kHz), accepted     5474/  730001 events ( 0.75%)
ZtoEE trigger inconsistency
ZtoMM trigger inconsistency
Processed   740000/ 1831065 entries, 40.41% (elapsed time 14957.4s, curr speed    0.050 kHz, avg speed    0.049 kHz), accepted     5555/  740001 events ( 0.75%)
Processed   750000/ 1831065 entries, 40.96% (elapsed time 15153.7s, curr speed    0.051 kHz, avg speed    0.049 kHz), accepted     5645/  750001 events ( 0.75%)
ZtoMM trigger inconsistency
ZtoMM trigger inconsistency
Processed   760000/ 1831065 entries, 41.51% (elapsed time 15355.5s, curr speed    0.050 kHz, avg speed    0.049 kHz), accepted     5728/  760001 events ( 0.75%)
ZtoMM trigger inconsistency
Processed   770000/ 1831065 entries, 42.05% (elapsed time 15551.0s, curr speed    0.051 kHz, avg speed    0.050 kHz), accepted     5804/  770001 events ( 0.75%)
TtoEM trigger inconsistency
Processed   780000/ 1831065 entries, 42.60% (elapsed time 15745.3s, curr speed    0.051 kHz, avg speed    0.050 kHz), accepted     5890/  780001 events ( 0.76%)
ZtoMM trigger inconsistency
Processed   790000/ 1831065 entries, 43.14% (elapsed time 15933.4s, curr speed    0.053 kHz, avg speed    0.050 kHz), accepted     5982/  790001 events ( 0.76%)
ZtoMM trigger inconsistency
Processed   800000/ 1831065 entries, 43.69% (elapsed time 16118.1s, curr speed    0.054 kHz, avg speed    0.050 kHz), accepted     6054/  800001 events ( 0.76%)
ZtoMM trigger inconsistency
Processed   810000/ 1831065 entries, 44.24% (elapsed time 16296.0s, curr speed    0.056 kHz, avg speed    0.050 kHz), accepted     6125/  810001 events ( 0.76%)
Processed   820000/ 1831065 entries, 44.78% (elapsed time 16484.8s, curr speed    0.053 kHz, avg speed    0.050 kHz), accepted     6198/  820001 events ( 0.76%)
%MSG-e SimpleJetCorrectionUncertainty: 
 bin variables out of range
%MSG
%MSG-e SimpleJetCorrectionUncertainty: 
 bin variables out of range
%MSG
ZtoMM trigger inconsistency
Processed   830000/ 1831065 entries, 45.33% (elapsed time 16670.6s, curr speed    0.054 kHz, avg speed    0.050 kHz), accepted     6275/  830001 events ( 0.76%)
ZtoMM trigger inconsistency
Processed   840000/ 1831065 entries, 45.87% (elapsed time 16850.3s, curr speed    0.056 kHz, avg speed    0.050 kHz), accepted     6349/  840001 events ( 0.76%)
Processed   850000/ 1831065 entries, 46.42% (elapsed time 17023.4s, curr speed    0.058 kHz, avg speed    0.050 kHz), accepted     6420/  850001 events ( 0.76%)
ZtoMM trigger inconsistency
ZtoMM trigger inconsistency
ZtoMM trigger inconsistency
Processed   860000/ 1831065 entries, 46.97% (elapsed time 17195.2s, curr speed    0.058 kHz, avg speed    0.050 kHz), accepted     6492/  860001 events ( 0.75%)
ZtoMM trigger inconsistency
ZtoEE trigger inconsistency
Processed   870000/ 1831065 entries, 47.51% (elapsed time 17379.7s, curr speed    0.054 kHz, avg speed    0.050 kHz), accepted     6565/  870001 events ( 0.75%)
Processed   880000/ 1831065 entries, 48.06% (elapsed time 17556.9s, curr speed    0.056 kHz, avg speed    0.050 kHz), accepted     6641/  880001 events ( 0.75%)
TtoEM trigger inconsistency
ZtoEE trigger inconsistency
Processed   890000/ 1831065 entries, 48.61% (elapsed time 17727.4s, curr speed    0.059 kHz, avg speed    0.050 kHz), accepted     6715/  890001 events ( 0.75%)
ZtoMM trigger inconsistency
ZtoMM trigger inconsistency
ZtoMM trigger inconsistency
Processed   900000/ 1831065 entries, 49.15% (elapsed time 17900.7s, curr speed    0.058 kHz, avg speed    0.050 kHz), accepted     6806/  900001 events ( 0.76%)
Processed   910000/ 1831065 entries, 49.70% (elapsed time 18083.6s, curr speed    0.055 kHz, avg speed    0.050 kHz), accepted     6879/  910001 events ( 0.76%)
TtoEM trigger inconsistency
ZtoMM trigger inconsistency
ZtoMM trigger inconsistency
Processed   920000/ 1831065 entries, 50.24% (elapsed time 18264.9s, curr speed    0.055 kHz, avg speed    0.050 kHz), accepted     6959/  920001 events ( 0.76%)
ZtoMM trigger inconsistency
ZtoMM trigger inconsistency
Processed   930000/ 1831065 entries, 50.79% (elapsed time 18447.4s, curr speed    0.055 kHz, avg speed    0.050 kHz), accepted     7034/  930001 events ( 0.76%)
ZtoMM trigger inconsistency
ZtoMM trigger inconsistency
Processed   940000/ 1831065 entries, 51.34% (elapsed time 18624.9s, curr speed    0.056 kHz, avg speed    0.050 kHz), accepted     7123/  940001 events ( 0.76%)
ZtoMM trigger inconsistency
Processed   950000/ 1831065 entries, 51.88% (elapsed time 18805.6s, curr speed    0.055 kHz, avg speed    0.051 kHz), accepted     7196/  950001 events ( 0.76%)
ZtoMM trigger inconsistency
ZtoMM trigger inconsistency
Processed   960000/ 1831065 entries, 52.43% (elapsed time 18990.3s, curr speed    0.054 kHz, avg speed    0.051 kHz), accepted     7262/  960001 events ( 0.76%)
Processed   970000/ 1831065 entries, 52.97% (elapsed time 19174.0s, curr speed    0.054 kHz, avg speed    0.051 kHz), accepted     7326/  970001 events ( 0.76%)
Processed   980000/ 1831065 entries, 53.52% (elapsed time 19364.6s, curr speed    0.052 kHz, avg speed    0.051 kHz), accepted     7387/  980001 events ( 0.75%)
ZtoMM trigger inconsistency
ZtoEE trigger inconsistency
ZtoEE trigger inconsistency
ZtoMM trigger inconsistency
ZtoMM trigger inconsistency
Processed   990000/ 1831065 entries, 54.07% (elapsed time 19547.1s, curr speed    0.055 kHz, avg speed    0.051 kHz), accepted     7461/  990001 events ( 0.75%)
Processed  1000000/ 1831065 entries, 54.61% (elapsed time 19726.6s, curr speed    0.056 kHz, avg speed    0.051 kHz), accepted     7540/ 1000001 events ( 0.75%)
ZtoMM trigger inconsistency
Processed  1010000/ 1831065 entries, 55.16% (elapsed time 19916.8s, curr speed    0.053 kHz, avg speed    0.051 kHz), accepted     7627/ 1010001 events ( 0.76%)
TtoEM trigger inconsistency
ZtoMM trigger inconsistency
ZtoMM trigger inconsistency
Processed  1020000/ 1831065 entries, 55.71% (elapsed time 20108.9s, curr speed    0.052 kHz, avg speed    0.051 kHz), accepted     7708/ 1020001 events ( 0.76%)
ZtoMM trigger inconsistency
ZtoMM trigger inconsistency
Processed  1030000/ 1831065 entries, 56.25% (elapsed time 20298.6s, curr speed    0.053 kHz, avg speed    0.051 kHz), accepted     7798/ 1030001 events ( 0.76%)
TtoEM trigger inconsistency
Processed  1040000/ 1831065 entries, 56.80% (elapsed time 20483.8s, curr speed    0.054 kHz, avg speed    0.051 kHz), accepted     7872/ 1040001 events ( 0.76%)
ZtoMM trigger inconsistency
TtoEM trigger inconsistency
ZtoMM trigger inconsistency
Processed  1050000/ 1831065 entries, 57.34% (elapsed time 20672.6s, curr speed    0.053 kHz, avg speed    0.051 kHz), accepted     7944/ 1050001 events ( 0.76%)
Processed  1060000/ 1831065 entries, 57.89% (elapsed time 20864.0s, curr speed    0.052 kHz, avg speed    0.051 kHz), accepted     8033/ 1060001 events ( 0.76%)
ZtoMM trigger inconsistency
Bad event
ZtoMM trigger inconsistency
Processed  1070000/ 1831065 entries, 58.44% (elapsed time 21057.6s, curr speed    0.052 kHz, avg speed    0.051 kHz), accepted     8107/ 1070001 events ( 0.76%)
TtoEM trigger inconsistency
TtoEM trigger inconsistency
Processed  1080000/ 1831065 entries, 58.98% (elapsed time 21245.0s, curr speed    0.053 kHz, avg speed    0.051 kHz), accepted     8171/ 1080001 events ( 0.76%)
TtoEM trigger inconsistency
ZtoMM trigger inconsistency
ZtoMM trigger inconsistency
ZtoMM trigger inconsistency
ZtoMM trigger inconsistency
WARNING: jet m = -0.0 !!
Processed  1090000/ 1831065 entries, 59.53% (elapsed time 21435.8s, curr speed    0.052 kHz, avg speed    0.051 kHz), accepted     8244/ 1090001 events ( 0.76%)
ZtoEE trigger inconsistency
ZtoEE trigger inconsistency
Processed  1100000/ 1831065 entries, 60.07% (elapsed time 21616.4s, curr speed    0.055 kHz, avg speed    0.051 kHz), accepted     8318/ 1100001 events ( 0.76%)
ZtoMM trigger inconsistency
Processed  1110000/ 1831065 entries, 60.62% (elapsed time 21809.4s, curr speed    0.052 kHz, avg speed    0.051 kHz), accepted     8392/ 1110001 events ( 0.76%)
Processed  1120000/ 1831065 entries, 61.17% (elapsed time 22001.8s, curr speed    0.052 kHz, avg speed    0.051 kHz), accepted     8460/ 1120001 events ( 0.76%)
TtoEM trigger inconsistency
Processed  1130000/ 1831065 entries, 61.71% (elapsed time 22193.7s, curr speed    0.052 kHz, avg speed    0.051 kHz), accepted     8526/ 1130001 events ( 0.75%)
ZtoMM trigger inconsistency
Processed  1140000/ 1831065 entries, 62.26% (elapsed time 22386.9s, curr speed    0.052 kHz, avg speed    0.051 kHz), accepted     8600/ 1140001 events ( 0.75%)
ZtoEE trigger inconsistency
ZtoMM trigger inconsistency
Processed  1150000/ 1831065 entries, 62.80% (elapsed time 22579.1s, curr speed    0.052 kHz, avg speed    0.051 kHz), accepted     8676/ 1150001 events ( 0.75%)
ZtoMM trigger inconsistency
ZtoMM trigger inconsistency
Processed  1160000/ 1831065 entries, 63.35% (elapsed time 22768.3s, curr speed    0.053 kHz, avg speed    0.051 kHz), accepted     8751/ 1160001 events ( 0.75%)
Processed  1170000/ 1831065 entries, 63.90% (elapsed time 22944.9s, curr speed    0.057 kHz, avg speed    0.051 kHz), accepted     8823/ 1170001 events ( 0.75%)
Processed  1180000/ 1831065 entries, 64.44% (elapsed time 23120.3s, curr speed    0.057 kHz, avg speed    0.051 kHz), accepted     8888/ 1180001 events ( 0.75%)
Bad event
ZtoMM trigger inconsistency
Processed  1190000/ 1831065 entries, 64.99% (elapsed time 23295.8s, curr speed    0.057 kHz, avg speed    0.051 kHz), accepted     8974/ 1190001 events ( 0.75%)
ZtoMM trigger inconsistency
ZtoMM trigger inconsistency
Processed  1200000/ 1831065 entries, 65.54% (elapsed time 23471.5s, curr speed    0.057 kHz, avg speed    0.051 kHz), accepted     9057/ 1200001 events ( 0.75%)
ZtoMM trigger inconsistency
Processed  1210000/ 1831065 entries, 66.08% (elapsed time 23655.5s, curr speed    0.054 kHz, avg speed    0.051 kHz), accepted     9124/ 1210001 events ( 0.75%)
ZtoMM trigger inconsistency
TtoEM trigger inconsistency
ZtoMM trigger inconsistency
ZtoMM trigger inconsistency
Processed  1220000/ 1831065 entries, 66.63% (elapsed time 23826.6s, curr speed    0.058 kHz, avg speed    0.051 kHz), accepted     9189/ 1220001 events ( 0.75%)
TtoEM trigger inconsistency
Processed  1230000/ 1831065 entries, 67.17% (elapsed time 23997.0s, curr speed    0.059 kHz, avg speed    0.051 kHz), accepted     9270/ 1230001 events ( 0.75%)
ZtoMM trigger inconsistency
ZtoEE trigger inconsistency
ZtoMM trigger inconsistency
Processed  1240000/ 1831065 entries, 67.72% (elapsed time 24158.9s, curr speed    0.062 kHz, avg speed    0.051 kHz), accepted     9346/ 1240001 events ( 0.75%)
ZtoMM trigger inconsistency
TtoEM trigger inconsistency
Processed  1250000/ 1831065 entries, 68.27% (elapsed time 24325.7s, curr speed    0.060 kHz, avg speed    0.051 kHz), accepted     9425/ 1250001 events ( 0.75%)
ZtoMM trigger inconsistency
ZtoMM trigger inconsistency
Processed  1260000/ 1831065 entries, 68.81% (elapsed time 24493.5s, curr speed    0.060 kHz, avg speed    0.051 kHz), accepted     9491/ 1260001 events ( 0.75%)
ZtoEE trigger inconsistency
ZtoMM trigger inconsistency
Processed  1270000/ 1831065 entries, 69.36% (elapsed time 24649.1s, curr speed    0.064 kHz, avg speed    0.052 kHz), accepted     9564/ 1270001 events ( 0.75%)
WARNING: jet m = -0.0 !!
WARNING: jet m = -0.0 !!
ZtoMM trigger inconsistency
Processed  1280000/ 1831065 entries, 69.90% (elapsed time 24801.5s, curr speed    0.066 kHz, avg speed    0.052 kHz), accepted     9622/ 1280001 events ( 0.75%)
WARNING: jet m = -0.0 !!
Processed  1290000/ 1831065 entries, 70.45% (elapsed time 24955.2s, curr speed    0.065 kHz, avg speed    0.052 kHz), accepted     9689/ 1290001 events ( 0.75%)
TtoEM trigger inconsistency
ZtoMM trigger inconsistency
Bad event
ZtoEE trigger inconsistency
Processed  1300000/ 1831065 entries, 71.00% (elapsed time 25113.6s, curr speed    0.063 kHz, avg speed    0.052 kHz), accepted     9763/ 1300001 events ( 0.75%)
TtoEM trigger inconsistency
ZtoMM trigger inconsistency
WARNING: jet m = -0.0 !!
ZtoMM trigger inconsistency
Processed  1310000/ 1831065 entries, 71.54% (elapsed time 25268.1s, curr speed    0.065 kHz, avg speed    0.052 kHz), accepted     9843/ 1310001 events ( 0.75%)
TtoEM trigger inconsistency
TtoEM trigger inconsistency
Processed  1320000/ 1831065 entries, 72.09% (elapsed time 25412.8s, curr speed    0.069 kHz, avg speed    0.052 kHz), accepted     9913/ 1320001 events ( 0.75%)
ZtoMM trigger inconsistency
Processed  1330000/ 1831065 entries, 72.64% (elapsed time 25554.4s, curr speed    0.071 kHz, avg speed    0.052 kHz), accepted     9978/ 1330001 events ( 0.75%)
ZtoMM trigger inconsistency
Processed  1340000/ 1831065 entries, 73.18% (elapsed time 25708.3s, curr speed    0.065 kHz, avg speed    0.052 kHz), accepted    10047/ 1340001 events ( 0.75%)
TtoEM trigger inconsistency
Processed  1350000/ 1831065 entries, 73.73% (elapsed time 25853.5s, curr speed    0.069 kHz, avg speed    0.052 kHz), accepted    10130/ 1350001 events ( 0.75%)
ZtoMM trigger inconsistency
Processed  1360000/ 1831065 entries, 74.27% (elapsed time 26004.2s, curr speed    0.066 kHz, avg speed    0.052 kHz), accepted    10206/ 1360001 events ( 0.75%)
Bad event
ZtoMM trigger inconsistency
ZtoMM trigger inconsistency
Processed  1370000/ 1831065 entries, 74.82% (elapsed time 26150.3s, curr speed    0.068 kHz, avg speed    0.052 kHz), accepted    10282/ 1370001 events ( 0.75%)
Processed  1380000/ 1831065 entries, 75.37% (elapsed time 26302.8s, curr speed    0.066 kHz, avg speed    0.052 kHz), accepted    10358/ 1380001 events ( 0.75%)
Bad event
ZtoMM trigger inconsistency
Processed  1390000/ 1831065 entries, 75.91% (elapsed time 26459.6s, curr speed    0.064 kHz, avg speed    0.053 kHz), accepted    10438/ 1390001 events ( 0.75%)
Processed  1400000/ 1831065 entries, 76.46% (elapsed time 26611.7s, curr speed    0.066 kHz, avg speed    0.053 kHz), accepted    10513/ 1400001 events ( 0.75%)
ZtoMM trigger inconsistency
Processed  1410000/ 1831065 entries, 77.00% (elapsed time 26768.0s, curr speed    0.064 kHz, avg speed    0.053 kHz), accepted    10602/ 1410001 events ( 0.75%)
%MSG-e SimpleJetCorrectionUncertainty: 
 bin variables out of range
%MSG
%MSG-e SimpleJetCorrectionUncertainty: 
 bin variables out of range
%MSG
Processed  1420000/ 1831065 entries, 77.55% (elapsed time 26915.8s, curr speed    0.068 kHz, avg speed    0.053 kHz), accepted    10681/ 1420001 events ( 0.75%)
ZtoMM trigger inconsistency
TtoEM trigger inconsistency
ZtoMM trigger inconsistency
Processed  1430000/ 1831065 entries, 78.10% (elapsed time 27069.9s, curr speed    0.065 kHz, avg speed    0.053 kHz), accepted    10747/ 1430001 events ( 0.75%)
ZtoMM trigger inconsistency
ZtoMM trigger inconsistency
ZtoMM trigger inconsistency
TtoEM trigger inconsistency
ZtoMM trigger inconsistency
Processed  1440000/ 1831065 entries, 78.64% (elapsed time 27224.6s, curr speed    0.065 kHz, avg speed    0.053 kHz), accepted    10808/ 1440001 events ( 0.75%)
ZtoMM trigger inconsistency
Bad event
Processed  1450000/ 1831065 entries, 79.19% (elapsed time 27378.3s, curr speed    0.065 kHz, avg speed    0.053 kHz), accepted    10872/ 1450001 events ( 0.75%)
Processed  1460000/ 1831065 entries, 79.74% (elapsed time 27529.8s, curr speed    0.066 kHz, avg speed    0.053 kHz), accepted    10951/ 1460001 events ( 0.75%)
ZtoMM trigger inconsistency
ZtoMM trigger inconsistency
Processed  1470000/ 1831065 entries, 80.28% (elapsed time 27679.9s, curr speed    0.067 kHz, avg speed    0.053 kHz), accepted    11026/ 1470001 events ( 0.75%)
ZtoMM trigger inconsistency
ZtoMM trigger inconsistency
Processed  1480000/ 1831065 entries, 80.83% (elapsed time 27827.3s, curr speed    0.068 kHz, avg speed    0.053 kHz), accepted    11107/ 1480001 events ( 0.75%)
ZtoEE trigger inconsistency
ZtoMM trigger inconsistency
Processed  1490000/ 1831065 entries, 81.37% (elapsed time 27984.2s, curr speed    0.064 kHz, avg speed    0.053 kHz), accepted    11182/ 1490001 events ( 0.75%)
ZtoMM trigger inconsistency
ZtoMM trigger inconsistency
Processed  1500000/ 1831065 entries, 81.92% (elapsed time 28130.0s, curr speed    0.069 kHz, avg speed    0.053 kHz), accepted    11230/ 1500001 events ( 0.75%)
ZtoMM trigger inconsistency
ZtoMM trigger inconsistency
ZtoMM trigger inconsistency
ZtoMM trigger inconsistency
ZtoMM trigger inconsistency
Processed  1510000/ 1831065 entries, 82.47% (elapsed time 28280.7s, curr speed    0.066 kHz, avg speed    0.053 kHz), accepted    11290/ 1510001 events ( 0.75%)
Processed  1520000/ 1831065 entries, 83.01% (elapsed time 28427.9s, curr speed    0.068 kHz, avg speed    0.053 kHz), accepted    11370/ 1520001 events ( 0.75%)
Processed  1530000/ 1831065 entries, 83.56% (elapsed time 28575.3s, curr speed    0.068 kHz, avg speed    0.054 kHz), accepted    11432/ 1530001 events ( 0.75%)
ZtoMM trigger inconsistency
ZtoMM trigger inconsistency
Processed  1540000/ 1831065 entries, 84.10% (elapsed time 28728.8s, curr speed    0.065 kHz, avg speed    0.054 kHz), accepted    11494/ 1540001 events ( 0.75%)
ZtoEE trigger inconsistency
Processed  1550000/ 1831065 entries, 84.65% (elapsed time 28880.4s, curr speed    0.066 kHz, avg speed    0.054 kHz), accepted    11568/ 1550001 events ( 0.75%)
ZtoEE trigger inconsistency
TtoEM trigger inconsistency
Processed  1560000/ 1831065 entries, 85.20% (elapsed time 29033.9s, curr speed    0.065 kHz, avg speed    0.054 kHz), accepted    11649/ 1560001 events ( 0.75%)
Processed  1570000/ 1831065 entries, 85.74% (elapsed time 29204.5s, curr speed    0.059 kHz, avg speed    0.054 kHz), accepted    11714/ 1570001 events ( 0.75%)
ZtoMM trigger inconsistency
ZtoMM trigger inconsistency
ZtoEE trigger inconsistency
Processed  1580000/ 1831065 entries, 86.29% (elapsed time 29366.7s, curr speed    0.062 kHz, avg speed    0.054 kHz), accepted    11776/ 1580001 events ( 0.75%)
Processed  1590000/ 1831065 entries, 86.83% (elapsed time 29519.0s, curr speed    0.066 kHz, avg speed    0.054 kHz), accepted    11847/ 1590001 events ( 0.75%)
ZtoMM trigger inconsistency
Processed  1600000/ 1831065 entries, 87.38% (elapsed time 29667.4s, curr speed    0.067 kHz, avg speed    0.054 kHz), accepted    11938/ 1600001 events ( 0.75%)
ZtoMM trigger inconsistency
Processed  1610000/ 1831065 entries, 87.93% (elapsed time 29820.8s, curr speed    0.065 kHz, avg speed    0.054 kHz), accepted    12024/ 1610001 events ( 0.75%)
WARNING: jet m = 0.0 !!
Processed  1620000/ 1831065 entries, 88.47% (elapsed time 29977.3s, curr speed    0.064 kHz, avg speed    0.054 kHz), accepted    12124/ 1620001 events ( 0.75%)
Processed  1630000/ 1831065 entries, 89.02% (elapsed time 30124.2s, curr speed    0.068 kHz, avg speed    0.054 kHz), accepted    12208/ 1630001 events ( 0.75%)
ZtoEE trigger inconsistency
ZtoMM trigger inconsistency
ZtoEE trigger inconsistency
Processed  1640000/ 1831065 entries, 89.57% (elapsed time 30261.4s, curr speed    0.073 kHz, avg speed    0.054 kHz), accepted    12276/ 1640001 events ( 0.75%)
ZtoMM trigger inconsistency
ZtoMM trigger inconsistency
Processed  1650000/ 1831065 entries, 90.11% (elapsed time 30400.8s, curr speed    0.072 kHz, avg speed    0.054 kHz), accepted    12346/ 1650001 events ( 0.75%)
ZtoMM trigger inconsistency
ZtoMM trigger inconsistency
Processed  1660000/ 1831065 entries, 90.66% (elapsed time 30546.6s, curr speed    0.069 kHz, avg speed    0.054 kHz), accepted    12419/ 1660001 events ( 0.75%)
Processed  1670000/ 1831065 entries, 91.20% (elapsed time 30684.0s, curr speed    0.073 kHz, avg speed    0.054 kHz), accepted    12491/ 1670001 events ( 0.75%)
ZtoMM trigger inconsistency
ZtoMM trigger inconsistency
ZtoMM trigger inconsistency
Processed  1680000/ 1831065 entries, 91.75% (elapsed time 30824.0s, curr speed    0.071 kHz, avg speed    0.055 kHz), accepted    12558/ 1680001 events ( 0.75%)
Processed  1690000/ 1831065 entries, 92.30% (elapsed time 30957.2s, curr speed    0.075 kHz, avg speed    0.055 kHz), accepted    12633/ 1690001 events ( 0.75%)
ZtoMM trigger inconsistency
ZtoMM trigger inconsistency
WARNING: jet m = 0.0 !!
Processed  1700000/ 1831065 entries, 92.84% (elapsed time 31098.0s, curr speed    0.071 kHz, avg speed    0.055 kHz), accepted    12712/ 1700001 events ( 0.75%)
Processed  1710000/ 1831065 entries, 93.39% (elapsed time 31243.6s, curr speed    0.069 kHz, avg speed    0.055 kHz), accepted    12782/ 1710001 events ( 0.75%)
Bad event
ZtoMM trigger inconsistency
Processed  1720000/ 1831065 entries, 93.93% (elapsed time 31385.8s, curr speed    0.070 kHz, avg speed    0.055 kHz), accepted    12860/ 1720001 events ( 0.75%)
ZtoMM trigger inconsistency
ZtoMM trigger inconsistency
Processed  1730000/ 1831065 entries, 94.48% (elapsed time 31526.8s, curr speed    0.071 kHz, avg speed    0.055 kHz), accepted    12923/ 1730001 events ( 0.75%)
ZtoMM trigger inconsistency
ZtoMM trigger inconsistency
ZtoMM trigger inconsistency
ZtoMM trigger inconsistency
ZtoMM trigger inconsistency
Processed  1740000/ 1831065 entries, 95.03% (elapsed time 31668.4s, curr speed    0.071 kHz, avg speed    0.055 kHz), accepted    12998/ 1740001 events ( 0.75%)
Processed  1750000/ 1831065 entries, 95.57% (elapsed time 31813.6s, curr speed    0.069 kHz, avg speed    0.055 kHz), accepted    13064/ 1750001 events ( 0.75%)
Processed  1760000/ 1831065 entries, 96.12% (elapsed time 31959.2s, curr speed    0.069 kHz, avg speed    0.055 kHz), accepted    13141/ 1760001 events ( 0.75%)
ZtoMM trigger inconsistency
ZtoMM trigger inconsistency
ZtoMM trigger inconsistency
Processed  1770000/ 1831065 entries, 96.67% (elapsed time 32106.0s, curr speed    0.068 kHz, avg speed    0.055 kHz), accepted    13223/ 1770001 events ( 0.75%)
TtoEM trigger inconsistency
Bad event
Processed  1780000/ 1831065 entries, 97.21% (elapsed time 32250.3s, curr speed    0.069 kHz, avg speed    0.055 kHz), accepted    13321/ 1780001 events ( 0.75%)
ZtoMM trigger inconsistency
Processed  1790000/ 1831065 entries, 97.76% (elapsed time 32389.1s, curr speed    0.072 kHz, avg speed    0.055 kHz), accepted    13390/ 1790001 events ( 0.75%)
ZtoMM trigger inconsistency
Processed  1800000/ 1831065 entries, 98.30% (elapsed time 32536.6s, curr speed    0.068 kHz, avg speed    0.055 kHz), accepted    13475/ 1800001 events ( 0.75%)
Processed  1810000/ 1831065 entries, 98.85% (elapsed time 32682.1s, curr speed    0.069 kHz, avg speed    0.055 kHz), accepted    13539/ 1810001 events ( 0.75%)
ZtoMM trigger inconsistency
Processed  1820000/ 1831065 entries, 99.40% (elapsed time 32825.4s, curr speed    0.070 kHz, avg speed    0.055 kHz), accepted    13602/ 1820001 events ( 0.75%)
Processed  1830000/ 1831065 entries, 99.94% (elapsed time 32973.0s, curr speed    0.068 kHz, avg speed    0.055 kHz), accepted    13681/ 1830001 events ( 0.75%)
Processed 1831065 preselected entries from root://cms-xrd-global.cern.ch//store/mc/RunIIAutumn18NanoAODv6/WZTo2L2Q_13TeV_amcatnloFXFX_madspin_pythia8/NANOAODSIM/Nano25Oct2019_102X_upgrade2018_realistic_v20-v1/240000/D2D0A7C7-7BA4-0D42-A9D4-E8F44F14CA95.root (1831065 entries). Finally selected 13693 entries
Done /work/pbaertsc/heavy_resonance/output_2018/WZTo2L2Q_13TeV_amcatnloFXFX_madspin_pythia8__RunIIAutumn18NanoAODv6-Nano25Oct2019_102X_upgrade2018_realistic_v20-v1__NANOAODSIM/D2D0A7C7-7BA4-0D42-A9D4-E8F44F14CA95.root
55.4404833778 Hz
deleting root file with name: /work/pbaertsc/heavy_resonance/output_2018/WZTo2L2Q_13TeV_amcatnloFXFX_madspin_pythia8__RunIIAutumn18NanoAODv6-Nano25Oct2019_102X_upgrade2018_realistic_v20-v1__NANOAODSIM/D2D0A7C7-7BA4-0D42-A9D4-E8F44F14CA95.root
DONE
Complete at
Wed Jan 29 08:34:46 CET 2020
