job start at
Tue Jan 28 20:40:10 CET 2020
SLURM_JOB_ID: 422180
HOSTNAME: t3wn35
JOBLIST:joblist/joblist_WZTo1L1Nu2Q_13TeV_amcatnloFXFX_madspin_pythia8__RunIIFall17NanoAODv6-PU2017_12Apr2018_Nano25Oct2019_102X_mc2017_realistic_v7-v1__NANOAODSIM_ll.txt
Going to execute
python job.py -i root://cms-xrd-global.cern.ch//store/mc/RunIIFall17NanoAODv6/WZTo1L1Nu2Q_13TeV_amcatnloFXFX_madspin_pythia8/NANOAODSIM/PU2017_12Apr2018_Nano25Oct2019_102X_mc2017_realistic_v7-v1/280000/8B4ABEE7-6306-0C4E-8176-57073D2E7D95.root -o /work/pbaertsc/heavy_resonance/output_2017/WZTo1L1Nu2Q_13TeV_amcatnloFXFX_madspin_pythia8__RunIIFall17NanoAODv6-PU2017_12Apr2018_Nano25Oct2019_102X_mc2017_realistic_v7-v1__NANOAODSIM -N WZTo1L1Nu2Q_13TeV_amcatnloFXFX_madspin_pythia8__RunIIFall17NanoAODv6-PU2017_12Apr2018_Nano25Oct2019_102X_mc2017_realistic_v7-v1__NANOAODSIM -n 6 -c ll -y 2017
TClass::Init:0: RuntimeWarning: no dictionary for class ROOT::TIOFeatures is available
/work/pbaertsc/heavy_resonance/CMSSW_9_4_6/python/PhysicsTools/NanoAODTools/postprocessing/framework/treeReaderArrayTools.py:69: RuntimeWarning: creating executor for unknown type "ULong64_t*"
  ret = _vr.Get()[0]
JEC= Fall17_17Nov2017_V32_MC 	 JER= Fall17_V3_MC
MET branch= PuppiMET
JEC= Fall17_17Nov2017_V32_MC 	 JER= Fall17_V3_MC
MET branch= PuppiMET
--------------------------------------------------------------------------------
input files  = ['root://cms-xrd-global.cern.ch//store/mc/RunIIFall17NanoAODv6/WZTo1L1Nu2Q_13TeV_amcatnloFXFX_madspin_pythia8/NANOAODSIM/PU2017_12Apr2018_Nano25Oct2019_102X_mc2017_realistic_v7-v1/280000/8B4ABEE7-6306-0C4E-8176-57073D2E7D95.root']
output directory = /work/pbaertsc/heavy_resonance/output_2017/WZTo1L1Nu2Q_13TeV_amcatnloFXFX_madspin_pythia8__RunIIFall17NanoAODv6-PU2017_12Apr2018_Nano25Oct2019_102X_mc2017_realistic_v7-v1__NANOAODSIM
output file  = WZTo1L1Nu2Q_13TeV_amcatnloFXFX_madspin_pythia8__RunIIFall17NanoAODv6-PU2017_12Apr2018_Nano25Oct2019_102X_mc2017_realistic_v7-v1__NANOAODSIM_6_ll.root
chunck       = 6
channel      = ll
dataType     = mc
year         = 2017
tes          = 1.0
ltf          = 1.0
jtf          = 1.0
--------------------------------------------------------------------------------
job.py: creating PostProcessor...
TreeProducer is called /work/pbaertsc/heavy_resonance/output_2017/WZTo1L1Nu2Q_13TeV_amcatnloFXFX_madspin_pythia8__RunIIFall17NanoAODv6-PU2017_12Apr2018_Nano25Oct2019_102X_mc2017_realistic_v7-v1__NANOAODSIM/WZTo1L1Nu2Q_13TeV_amcatnloFXFX_madspin_pythia8__RunIIFall17NanoAODv6-PU2017_12Apr2018_Nano25Oct2019_102X_mc2017_realistic_v7-v1__NANOAODSIM_6_ll.root
job.py: going to run PostProcessor...
Will write selected trees to /work/pbaertsc/heavy_resonance/output_2017/WZTo1L1Nu2Q_13TeV_amcatnloFXFX_madspin_pythia8__RunIIFall17NanoAODv6-PU2017_12Apr2018_Nano25Oct2019_102X_mc2017_realistic_v7-v1__NANOAODSIM
Loading jet energy scale (JES) uncertainties from file '/tmp/tmp5UzPhx/Fall17_17Nov2017_V32_MC_Uncertainty_AK4PFchs.txt'
Loading jet energy resolutions (JER) from file '/tmp/tmpwqQYHp/Fall17_V3_MC_PtResolution_AK4PFchs.txt'
Loading JER scale factors and uncertainties from file '/tmp/tmpwqQYHp/Fall17_V3_MC_SF_AK4PFchs.txt'
Loading jet energy scale (JES) uncertainties from file '/tmp/tmpVSo09Y/Fall17_17Nov2017_V32_MC_Uncertainty_AK8PFPuppi.txt'
Loading jet energy resolutions (JER) from file '/tmp/tmpDkOhG7/Fall17_V3_MC_PtResolution_AK8PFPuppi.txt'
Loading JER scale factors and uncertainties from file '/tmp/tmpDkOhG7/Fall17_V3_MC_SF_AK8PFPuppi.txt'
Pre-select 1626459 entries out of 1626459 (100.00%)
nanoAODv5? True
Processed    10000/ 1626459 entries,  0.61% (elapsed time   129.8s, curr speed    0.077 kHz, avg speed    0.077 kHz), accepted       41/   10001 events ( 0.41%)
Processed    20000/ 1626459 entries,  1.23% (elapsed time   256.6s, curr speed    0.079 kHz, avg speed    0.078 kHz), accepted       78/   20001 events ( 0.39%)
Processed    30000/ 1626459 entries,  1.84% (elapsed time   388.5s, curr speed    0.076 kHz, avg speed    0.077 kHz), accepted      123/   30001 events ( 0.41%)
Bad event
Processed    40000/ 1626459 entries,  2.46% (elapsed time   516.3s, curr speed    0.078 kHz, avg speed    0.077 kHz), accepted      163/   40001 events ( 0.41%)
Processed    50000/ 1626459 entries,  3.07% (elapsed time   644.2s, curr speed    0.078 kHz, avg speed    0.078 kHz), accepted      204/   50001 events ( 0.41%)
Bad event
Processed    60000/ 1626459 entries,  3.69% (elapsed time   770.4s, curr speed    0.079 kHz, avg speed    0.078 kHz), accepted      252/   60001 events ( 0.42%)
Bad event
Processed    70000/ 1626459 entries,  4.30% (elapsed time   899.8s, curr speed    0.077 kHz, avg speed    0.078 kHz), accepted      298/   70001 events ( 0.43%)
Processed    80000/ 1626459 entries,  4.92% (elapsed time  1028.9s, curr speed    0.077 kHz, avg speed    0.078 kHz), accepted      352/   80001 events ( 0.44%)
TtoEM trigger inconsistency
Processed    90000/ 1626459 entries,  5.53% (elapsed time  1156.8s, curr speed    0.078 kHz, avg speed    0.078 kHz), accepted      387/   90001 events ( 0.43%)
Processed   100000/ 1626459 entries,  6.15% (elapsed time  1284.0s, curr speed    0.079 kHz, avg speed    0.078 kHz), accepted      422/  100001 events ( 0.42%)
Processed   110000/ 1626459 entries,  6.76% (elapsed time  1410.0s, curr speed    0.079 kHz, avg speed    0.078 kHz), accepted      452/  110001 events ( 0.41%)
Bad event
Processed   120000/ 1626459 entries,  7.38% (elapsed time  1537.1s, curr speed    0.079 kHz, avg speed    0.078 kHz), accepted      495/  120001 events ( 0.41%)
Processed   130000/ 1626459 entries,  7.99% (elapsed time  1664.5s, curr speed    0.078 kHz, avg speed    0.078 kHz), accepted      528/  130001 events ( 0.41%)
Processed   140000/ 1626459 entries,  8.61% (elapsed time  1791.9s, curr speed    0.078 kHz, avg speed    0.078 kHz), accepted      567/  140001 events ( 0.40%)
Processed   150000/ 1626459 entries,  9.22% (elapsed time  1918.8s, curr speed    0.079 kHz, avg speed    0.078 kHz), accepted      599/  150001 events ( 0.40%)
Processed   160000/ 1626459 entries,  9.84% (elapsed time  2045.8s, curr speed    0.079 kHz, avg speed    0.078 kHz), accepted      640/  160001 events ( 0.40%)
Processed   170000/ 1626459 entries, 10.45% (elapsed time  2172.0s, curr speed    0.079 kHz, avg speed    0.078 kHz), accepted      689/  170001 events ( 0.41%)
Bad event
Bad event
Processed   180000/ 1626459 entries, 11.07% (elapsed time  2299.8s, curr speed    0.078 kHz, avg speed    0.078 kHz), accepted      722/  180001 events ( 0.40%)
Processed   190000/ 1626459 entries, 11.68% (elapsed time  2426.9s, curr speed    0.079 kHz, avg speed    0.078 kHz), accepted      767/  190001 events ( 0.40%)
Bad event
Processed   200000/ 1626459 entries, 12.30% (elapsed time  2553.8s, curr speed    0.079 kHz, avg speed    0.078 kHz), accepted      799/  200001 events ( 0.40%)
Processed   210000/ 1626459 entries, 12.91% (elapsed time  2680.6s, curr speed    0.079 kHz, avg speed    0.078 kHz), accepted      832/  210001 events ( 0.40%)
Processed   220000/ 1626459 entries, 13.53% (elapsed time  2807.5s, curr speed    0.079 kHz, avg speed    0.078 kHz), accepted      866/  220001 events ( 0.39%)
Processed   230000/ 1626459 entries, 14.14% (elapsed time  2933.4s, curr speed    0.079 kHz, avg speed    0.078 kHz), accepted      913/  230001 events ( 0.40%)
Processed   240000/ 1626459 entries, 14.76% (elapsed time  3060.2s, curr speed    0.079 kHz, avg speed    0.078 kHz), accepted      952/  240001 events ( 0.40%)
Bad event
Bad event
Processed   250000/ 1626459 entries, 15.37% (elapsed time  3187.2s, curr speed    0.079 kHz, avg speed    0.078 kHz), accepted      991/  250001 events ( 0.40%)
TtoEM trigger inconsistency
TtoEM trigger inconsistency
TtoEM trigger inconsistency
Processed   260000/ 1626459 entries, 15.99% (elapsed time  3314.4s, curr speed    0.079 kHz, avg speed    0.078 kHz), accepted     1018/  260001 events ( 0.39%)
Processed   270000/ 1626459 entries, 16.60% (elapsed time  3441.8s, curr speed    0.078 kHz, avg speed    0.078 kHz), accepted     1063/  270001 events ( 0.39%)
Processed   280000/ 1626459 entries, 17.22% (elapsed time  3568.8s, curr speed    0.079 kHz, avg speed    0.078 kHz), accepted     1100/  280001 events ( 0.39%)
Bad event
Processed   290000/ 1626459 entries, 17.83% (elapsed time  3695.1s, curr speed    0.079 kHz, avg speed    0.078 kHz), accepted     1139/  290001 events ( 0.39%)
TtoEM trigger inconsistency
TtoEM trigger inconsistency
Processed   300000/ 1626459 entries, 18.44% (elapsed time  3819.9s, curr speed    0.080 kHz, avg speed    0.079 kHz), accepted     1179/  300001 events ( 0.39%)
Processed   310000/ 1626459 entries, 19.06% (elapsed time  3945.9s, curr speed    0.079 kHz, avg speed    0.079 kHz), accepted     1224/  310001 events ( 0.39%)
Bad event
Bad event
Processed   320000/ 1626459 entries, 19.67% (elapsed time  4071.7s, curr speed    0.079 kHz, avg speed    0.079 kHz), accepted     1265/  320001 events ( 0.40%)
Processed   330000/ 1626459 entries, 20.29% (elapsed time  4197.2s, curr speed    0.080 kHz, avg speed    0.079 kHz), accepted     1304/  330001 events ( 0.40%)
Bad event
Processed   340000/ 1626459 entries, 20.90% (elapsed time  4321.6s, curr speed    0.080 kHz, avg speed    0.079 kHz), accepted     1337/  340001 events ( 0.39%)
TtoEM trigger inconsistency
Bad event
Processed   350000/ 1626459 entries, 21.52% (elapsed time  4443.9s, curr speed    0.082 kHz, avg speed    0.079 kHz), accepted     1376/  350001 events ( 0.39%)
Processed   360000/ 1626459 entries, 22.13% (elapsed time  4565.8s, curr speed    0.082 kHz, avg speed    0.079 kHz), accepted     1416/  360001 events ( 0.39%)
Processed   370000/ 1626459 entries, 22.75% (elapsed time  4687.3s, curr speed    0.082 kHz, avg speed    0.079 kHz), accepted     1461/  370001 events ( 0.39%)
Bad event
Processed   380000/ 1626459 entries, 23.36% (elapsed time  4808.0s, curr speed    0.083 kHz, avg speed    0.079 kHz), accepted     1496/  380001 events ( 0.39%)
Processed   390000/ 1626459 entries, 23.98% (elapsed time  4930.4s, curr speed    0.082 kHz, avg speed    0.079 kHz), accepted     1532/  390001 events ( 0.39%)
Bad event
Bad event
Bad event
Bad event
Processed   400000/ 1626459 entries, 24.59% (elapsed time  5052.0s, curr speed    0.082 kHz, avg speed    0.079 kHz), accepted     1573/  400001 events ( 0.39%)
Processed   410000/ 1626459 entries, 25.21% (elapsed time  5174.1s, curr speed    0.082 kHz, avg speed    0.079 kHz), accepted     1602/  410001 events ( 0.39%)
Processed   420000/ 1626459 entries, 25.82% (elapsed time  5296.1s, curr speed    0.082 kHz, avg speed    0.079 kHz), accepted     1645/  420001 events ( 0.39%)
Bad event
Processed   430000/ 1626459 entries, 26.44% (elapsed time  5417.8s, curr speed    0.082 kHz, avg speed    0.079 kHz), accepted     1677/  430001 events ( 0.39%)
Processed   440000/ 1626459 entries, 27.05% (elapsed time  5539.4s, curr speed    0.082 kHz, avg speed    0.079 kHz), accepted     1714/  440001 events ( 0.39%)
Processed   450000/ 1626459 entries, 27.67% (elapsed time  5660.5s, curr speed    0.083 kHz, avg speed    0.079 kHz), accepted     1748/  450001 events ( 0.39%)
Bad event
Processed   460000/ 1626459 entries, 28.28% (elapsed time  5780.5s, curr speed    0.083 kHz, avg speed    0.080 kHz), accepted     1783/  460001 events ( 0.39%)
Processed   470000/ 1626459 entries, 28.90% (elapsed time  5900.4s, curr speed    0.083 kHz, avg speed    0.080 kHz), accepted     1828/  470001 events ( 0.39%)
Processed   480000/ 1626459 entries, 29.51% (elapsed time  6020.8s, curr speed    0.083 kHz, avg speed    0.080 kHz), accepted     1861/  480001 events ( 0.39%)
Bad event
Processed   490000/ 1626459 entries, 30.13% (elapsed time  6141.0s, curr speed    0.083 kHz, avg speed    0.080 kHz), accepted     1895/  490001 events ( 0.39%)
Processed   500000/ 1626459 entries, 30.74% (elapsed time  6260.7s, curr speed    0.084 kHz, avg speed    0.080 kHz), accepted     1930/  500001 events ( 0.39%)
Processed   510000/ 1626459 entries, 31.36% (elapsed time  6388.8s, curr speed    0.078 kHz, avg speed    0.080 kHz), accepted     1981/  510001 events ( 0.39%)
Bad event
TtoEM trigger inconsistency
Processed   520000/ 1626459 entries, 31.97% (elapsed time  6509.1s, curr speed    0.083 kHz, avg speed    0.080 kHz), accepted     2013/  520001 events ( 0.39%)
Bad event
Processed   530000/ 1626459 entries, 32.59% (elapsed time  6629.2s, curr speed    0.083 kHz, avg speed    0.080 kHz), accepted     2050/  530001 events ( 0.39%)
Processed   540000/ 1626459 entries, 33.20% (elapsed time  6757.8s, curr speed    0.078 kHz, avg speed    0.080 kHz), accepted     2094/  540001 events ( 0.39%)
Bad event
TtoEM trigger inconsistency
Processed   550000/ 1626459 entries, 33.82% (elapsed time  6886.0s, curr speed    0.078 kHz, avg speed    0.080 kHz), accepted     2135/  550001 events ( 0.39%)
Processed   560000/ 1626459 entries, 34.43% (elapsed time  7007.5s, curr speed    0.082 kHz, avg speed    0.080 kHz), accepted     2175/  560001 events ( 0.39%)
Processed   570000/ 1626459 entries, 35.05% (elapsed time  7128.1s, curr speed    0.083 kHz, avg speed    0.080 kHz), accepted     2223/  570001 events ( 0.39%)
Processed   580000/ 1626459 entries, 35.66% (elapsed time  7248.0s, curr speed    0.083 kHz, avg speed    0.080 kHz), accepted     2256/  580001 events ( 0.39%)
Processed   590000/ 1626459 entries, 36.28% (elapsed time  7368.6s, curr speed    0.083 kHz, avg speed    0.080 kHz), accepted     2293/  590001 events ( 0.39%)
Processed   600000/ 1626459 entries, 36.89% (elapsed time  7488.5s, curr speed    0.083 kHz, avg speed    0.080 kHz), accepted     2339/  600001 events ( 0.39%)
Processed   610000/ 1626459 entries, 37.50% (elapsed time  7607.2s, curr speed    0.084 kHz, avg speed    0.080 kHz), accepted     2385/  610001 events ( 0.39%)
TtoEM trigger inconsistency
TtoEM trigger inconsistency
Processed   620000/ 1626459 entries, 38.12% (elapsed time  7726.6s, curr speed    0.084 kHz, avg speed    0.080 kHz), accepted     2422/  620001 events ( 0.39%)
Processed   630000/ 1626459 entries, 38.73% (elapsed time  7846.9s, curr speed    0.083 kHz, avg speed    0.080 kHz), accepted     2485/  630001 events ( 0.39%)
TtoEM trigger inconsistency
TtoEM trigger inconsistency
Processed   640000/ 1626459 entries, 39.35% (elapsed time  7966.1s, curr speed    0.084 kHz, avg speed    0.080 kHz), accepted     2520/  640001 events ( 0.39%)
Processed   650000/ 1626459 entries, 39.96% (elapsed time  8084.8s, curr speed    0.084 kHz, avg speed    0.080 kHz), accepted     2552/  650001 events ( 0.39%)
Processed   660000/ 1626459 entries, 40.58% (elapsed time  8205.0s, curr speed    0.083 kHz, avg speed    0.080 kHz), accepted     2590/  660001 events ( 0.39%)
Processed   670000/ 1626459 entries, 41.19% (elapsed time  8324.1s, curr speed    0.084 kHz, avg speed    0.080 kHz), accepted     2626/  670001 events ( 0.39%)
Processed   680000/ 1626459 entries, 41.81% (elapsed time  8443.8s, curr speed    0.084 kHz, avg speed    0.081 kHz), accepted     2667/  680001 events ( 0.39%)
TtoEM trigger inconsistency
Processed   690000/ 1626459 entries, 42.42% (elapsed time  8563.6s, curr speed    0.083 kHz, avg speed    0.081 kHz), accepted     2703/  690001 events ( 0.39%)
Bad event
Processed   700000/ 1626459 entries, 43.04% (elapsed time  8683.0s, curr speed    0.084 kHz, avg speed    0.081 kHz), accepted     2745/  700001 events ( 0.39%)
Bad event
Processed   710000/ 1626459 entries, 43.65% (elapsed time  8803.0s, curr speed    0.083 kHz, avg speed    0.081 kHz), accepted     2784/  710001 events ( 0.39%)
Processed   720000/ 1626459 entries, 44.27% (elapsed time  8921.9s, curr speed    0.084 kHz, avg speed    0.081 kHz), accepted     2832/  720001 events ( 0.39%)
TtoEM trigger inconsistency
Processed   730000/ 1626459 entries, 44.88% (elapsed time  9041.4s, curr speed    0.084 kHz, avg speed    0.081 kHz), accepted     2886/  730001 events ( 0.40%)
Processed   740000/ 1626459 entries, 45.50% (elapsed time  9157.3s, curr speed    0.086 kHz, avg speed    0.081 kHz), accepted     2923/  740001 events ( 0.39%)
Processed   750000/ 1626459 entries, 46.11% (elapsed time  9274.6s, curr speed    0.085 kHz, avg speed    0.081 kHz), accepted     2972/  750001 events ( 0.40%)
Processed   760000/ 1626459 entries, 46.73% (elapsed time  9391.6s, curr speed    0.085 kHz, avg speed    0.081 kHz), accepted     3019/  760001 events ( 0.40%)
Processed   770000/ 1626459 entries, 47.34% (elapsed time  9508.2s, curr speed    0.086 kHz, avg speed    0.081 kHz), accepted     3054/  770001 events ( 0.40%)
Processed   780000/ 1626459 entries, 47.96% (elapsed time  9628.7s, curr speed    0.083 kHz, avg speed    0.081 kHz), accepted     3093/  780001 events ( 0.40%)
TtoEM trigger inconsistency
Processed   790000/ 1626459 entries, 48.57% (elapsed time  9750.8s, curr speed    0.082 kHz, avg speed    0.081 kHz), accepted     3133/  790001 events ( 0.40%)
Processed   800000/ 1626459 entries, 49.19% (elapsed time  9872.9s, curr speed    0.082 kHz, avg speed    0.081 kHz), accepted     3174/  800001 events ( 0.40%)
Processed   810000/ 1626459 entries, 49.80% (elapsed time  9994.6s, curr speed    0.082 kHz, avg speed    0.081 kHz), accepted     3216/  810001 events ( 0.40%)
Bad event
TtoEM trigger inconsistency
Processed   820000/ 1626459 entries, 50.42% (elapsed time 10117.3s, curr speed    0.081 kHz, avg speed    0.081 kHz), accepted     3250/  820001 events ( 0.40%)
Processed   830000/ 1626459 entries, 51.03% (elapsed time 10238.2s, curr speed    0.083 kHz, avg speed    0.081 kHz), accepted     3288/  830001 events ( 0.40%)
Processed   840000/ 1626459 entries, 51.65% (elapsed time 10359.0s, curr speed    0.083 kHz, avg speed    0.081 kHz), accepted     3334/  840001 events ( 0.40%)
Processed   850000/ 1626459 entries, 52.26% (elapsed time 10481.8s, curr speed    0.081 kHz, avg speed    0.081 kHz), accepted     3375/  850001 events ( 0.40%)
Processed   860000/ 1626459 entries, 52.88% (elapsed time 10603.4s, curr speed    0.082 kHz, avg speed    0.081 kHz), accepted     3407/  860001 events ( 0.40%)
Processed   870000/ 1626459 entries, 53.49% (elapsed time 10725.2s, curr speed    0.082 kHz, avg speed    0.081 kHz), accepted     3447/  870001 events ( 0.40%)
Processed   880000/ 1626459 entries, 54.11% (elapsed time 10847.3s, curr speed    0.082 kHz, avg speed    0.081 kHz), accepted     3492/  880001 events ( 0.40%)
Bad event
TtoEM trigger inconsistency
Processed   890000/ 1626459 entries, 54.72% (elapsed time 10968.0s, curr speed    0.083 kHz, avg speed    0.081 kHz), accepted     3537/  890001 events ( 0.40%)
Processed   900000/ 1626459 entries, 55.33% (elapsed time 11089.7s, curr speed    0.082 kHz, avg speed    0.081 kHz), accepted     3579/  900001 events ( 0.40%)
Bad event
Processed   910000/ 1626459 entries, 55.95% (elapsed time 11211.7s, curr speed    0.082 kHz, avg speed    0.081 kHz), accepted     3618/  910001 events ( 0.40%)
Processed   920000/ 1626459 entries, 56.56% (elapsed time 11333.4s, curr speed    0.082 kHz, avg speed    0.081 kHz), accepted     3658/  920001 events ( 0.40%)
Processed   930000/ 1626459 entries, 57.18% (elapsed time 11456.4s, curr speed    0.081 kHz, avg speed    0.081 kHz), accepted     3696/  930001 events ( 0.40%)
Processed   940000/ 1626459 entries, 57.79% (elapsed time 11577.4s, curr speed    0.083 kHz, avg speed    0.081 kHz), accepted     3729/  940001 events ( 0.40%)
Processed   950000/ 1626459 entries, 58.41% (elapsed time 11698.1s, curr speed    0.083 kHz, avg speed    0.081 kHz), accepted     3780/  950001 events ( 0.40%)
TtoEM trigger inconsistency
Processed   960000/ 1626459 entries, 59.02% (elapsed time 11820.9s, curr speed    0.081 kHz, avg speed    0.081 kHz), accepted     3823/  960001 events ( 0.40%)
Processed   970000/ 1626459 entries, 59.64% (elapsed time 11943.3s, curr speed    0.082 kHz, avg speed    0.081 kHz), accepted     3869/  970001 events ( 0.40%)
Bad event
Processed   980000/ 1626459 entries, 60.25% (elapsed time 12065.1s, curr speed    0.082 kHz, avg speed    0.081 kHz), accepted     3917/  980001 events ( 0.40%)
Processed   990000/ 1626459 entries, 60.87% (elapsed time 12186.4s, curr speed    0.082 kHz, avg speed    0.081 kHz), accepted     3958/  990001 events ( 0.40%)
Processed  1000000/ 1626459 entries, 61.48% (elapsed time 12306.8s, curr speed    0.083 kHz, avg speed    0.081 kHz), accepted     3987/ 1000001 events ( 0.40%)
Bad event
Processed  1010000/ 1626459 entries, 62.10% (elapsed time 12427.8s, curr speed    0.083 kHz, avg speed    0.081 kHz), accepted     4018/ 1010001 events ( 0.40%)
Processed  1020000/ 1626459 entries, 62.71% (elapsed time 12549.6s, curr speed    0.082 kHz, avg speed    0.081 kHz), accepted     4064/ 1020001 events ( 0.40%)
Processed  1030000/ 1626459 entries, 63.33% (elapsed time 12671.2s, curr speed    0.082 kHz, avg speed    0.081 kHz), accepted     4099/ 1030001 events ( 0.40%)
%MSG-e SimpleJetCorrectionUncertainty: 
 bin variables out of range
%MSG
%MSG-e SimpleJetCorrectionUncertainty: 
 bin variables out of range
%MSG
Processed  1040000/ 1626459 entries, 63.94% (elapsed time 12793.0s, curr speed    0.082 kHz, avg speed    0.081 kHz), accepted     4143/ 1040001 events ( 0.40%)
Bad event
Bad event
Processed  1050000/ 1626459 entries, 64.56% (elapsed time 12914.7s, curr speed    0.082 kHz, avg speed    0.081 kHz), accepted     4192/ 1050001 events ( 0.40%)
Processed  1060000/ 1626459 entries, 65.17% (elapsed time 13034.7s, curr speed    0.083 kHz, avg speed    0.081 kHz), accepted     4237/ 1060001 events ( 0.40%)
Bad event
Processed  1070000/ 1626459 entries, 65.79% (elapsed time 13157.0s, curr speed    0.082 kHz, avg speed    0.081 kHz), accepted     4269/ 1070001 events ( 0.40%)
Processed  1080000/ 1626459 entries, 66.40% (elapsed time 13278.5s, curr speed    0.082 kHz, avg speed    0.081 kHz), accepted     4294/ 1080001 events ( 0.40%)
Processed  1090000/ 1626459 entries, 67.02% (elapsed time 13400.3s, curr speed    0.082 kHz, avg speed    0.081 kHz), accepted     4329/ 1090001 events ( 0.40%)
Bad event
Processed  1100000/ 1626459 entries, 67.63% (elapsed time 13523.0s, curr speed    0.082 kHz, avg speed    0.081 kHz), accepted     4371/ 1100001 events ( 0.40%)
Bad event
Processed  1110000/ 1626459 entries, 68.25% (elapsed time 13643.2s, curr speed    0.083 kHz, avg speed    0.081 kHz), accepted     4407/ 1110001 events ( 0.40%)
Processed  1120000/ 1626459 entries, 68.86% (elapsed time 13764.3s, curr speed    0.083 kHz, avg speed    0.081 kHz), accepted     4456/ 1120001 events ( 0.40%)
Processed  1130000/ 1626459 entries, 69.48% (elapsed time 13886.7s, curr speed    0.082 kHz, avg speed    0.081 kHz), accepted     4499/ 1130001 events ( 0.40%)
Bad event
Processed  1140000/ 1626459 entries, 70.09% (elapsed time 14008.8s, curr speed    0.082 kHz, avg speed    0.081 kHz), accepted     4533/ 1140001 events ( 0.40%)
Processed  1150000/ 1626459 entries, 70.71% (elapsed time 14131.9s, curr speed    0.081 kHz, avg speed    0.081 kHz), accepted     4580/ 1150001 events ( 0.40%)
Processed  1160000/ 1626459 entries, 71.32% (elapsed time 14253.7s, curr speed    0.082 kHz, avg speed    0.081 kHz), accepted     4626/ 1160001 events ( 0.40%)
Bad event
Processed  1170000/ 1626459 entries, 71.94% (elapsed time 14374.7s, curr speed    0.083 kHz, avg speed    0.081 kHz), accepted     4663/ 1170001 events ( 0.40%)
Processed  1180000/ 1626459 entries, 72.55% (elapsed time 14495.8s, curr speed    0.083 kHz, avg speed    0.081 kHz), accepted     4702/ 1180001 events ( 0.40%)
TtoEM trigger inconsistency
Processed  1190000/ 1626459 entries, 73.17% (elapsed time 14617.3s, curr speed    0.082 kHz, avg speed    0.081 kHz), accepted     4738/ 1190001 events ( 0.40%)
Processed  1200000/ 1626459 entries, 73.78% (elapsed time 14739.5s, curr speed    0.082 kHz, avg speed    0.081 kHz), accepted     4769/ 1200001 events ( 0.40%)
Processed  1210000/ 1626459 entries, 74.39% (elapsed time 14862.0s, curr speed    0.082 kHz, avg speed    0.081 kHz), accepted     4806/ 1210001 events ( 0.40%)
Processed  1220000/ 1626459 entries, 75.01% (elapsed time 14982.1s, curr speed    0.083 kHz, avg speed    0.081 kHz), accepted     4847/ 1220001 events ( 0.40%)
Processed  1230000/ 1626459 entries, 75.62% (elapsed time 15103.9s, curr speed    0.082 kHz, avg speed    0.081 kHz), accepted     4893/ 1230001 events ( 0.40%)
Bad event
Processed  1240000/ 1626459 entries, 76.24% (elapsed time 15226.4s, curr speed    0.082 kHz, avg speed    0.081 kHz), accepted     4932/ 1240001 events ( 0.40%)
Processed  1250000/ 1626459 entries, 76.85% (elapsed time 15348.9s, curr speed    0.082 kHz, avg speed    0.081 kHz), accepted     4976/ 1250001 events ( 0.40%)
TtoEM trigger inconsistency
Processed  1260000/ 1626459 entries, 77.47% (elapsed time 15471.0s, curr speed    0.082 kHz, avg speed    0.081 kHz), accepted     5016/ 1260001 events ( 0.40%)
Processed  1270000/ 1626459 entries, 78.08% (elapsed time 15592.5s, curr speed    0.082 kHz, avg speed    0.081 kHz), accepted     5066/ 1270001 events ( 0.40%)
Processed  1280000/ 1626459 entries, 78.70% (elapsed time 15713.1s, curr speed    0.083 kHz, avg speed    0.081 kHz), accepted     5105/ 1280001 events ( 0.40%)
TtoEM trigger inconsistency
Processed  1290000/ 1626459 entries, 79.31% (elapsed time 15835.0s, curr speed    0.082 kHz, avg speed    0.081 kHz), accepted     5144/ 1290001 events ( 0.40%)
Bad event
Bad event
Processed  1300000/ 1626459 entries, 79.93% (elapsed time 15957.7s, curr speed    0.082 kHz, avg speed    0.081 kHz), accepted     5189/ 1300001 events ( 0.40%)
TtoEM trigger inconsistency
TtoEM trigger inconsistency
Bad event
Processed  1310000/ 1626459 entries, 80.54% (elapsed time 16079.0s, curr speed    0.082 kHz, avg speed    0.081 kHz), accepted     5229/ 1310001 events ( 0.40%)
Bad event
Processed  1320000/ 1626459 entries, 81.16% (elapsed time 16200.8s, curr speed    0.082 kHz, avg speed    0.081 kHz), accepted     5268/ 1320001 events ( 0.40%)
Processed  1330000/ 1626459 entries, 81.77% (elapsed time 16321.9s, curr speed    0.083 kHz, avg speed    0.081 kHz), accepted     5308/ 1330001 events ( 0.40%)
Processed  1340000/ 1626459 entries, 82.39% (elapsed time 16442.3s, curr speed    0.083 kHz, avg speed    0.081 kHz), accepted     5343/ 1340001 events ( 0.40%)
Processed  1350000/ 1626459 entries, 83.00% (elapsed time 16564.3s, curr speed    0.082 kHz, avg speed    0.082 kHz), accepted     5378/ 1350001 events ( 0.40%)
Processed  1360000/ 1626459 entries, 83.62% (elapsed time 16687.6s, curr speed    0.081 kHz, avg speed    0.081 kHz), accepted     5418/ 1360001 events ( 0.40%)
Processed  1370000/ 1626459 entries, 84.23% (elapsed time 16817.1s, curr speed    0.077 kHz, avg speed    0.081 kHz), accepted     5452/ 1370001 events ( 0.40%)
Bad event
Processed  1380000/ 1626459 entries, 84.85% (elapsed time 16941.8s, curr speed    0.080 kHz, avg speed    0.081 kHz), accepted     5489/ 1380001 events ( 0.40%)
Processed  1390000/ 1626459 entries, 85.46% (elapsed time 17062.3s, curr speed    0.083 kHz, avg speed    0.081 kHz), accepted     5525/ 1390001 events ( 0.40%)
Bad event
Processed  1400000/ 1626459 entries, 86.08% (elapsed time 17183.5s, curr speed    0.083 kHz, avg speed    0.081 kHz), accepted     5558/ 1400001 events ( 0.40%)
Processed  1410000/ 1626459 entries, 86.69% (elapsed time 17305.6s, curr speed    0.082 kHz, avg speed    0.081 kHz), accepted     5602/ 1410001 events ( 0.40%)
Processed  1420000/ 1626459 entries, 87.31% (elapsed time 17427.6s, curr speed    0.082 kHz, avg speed    0.081 kHz), accepted     5642/ 1420001 events ( 0.40%)
Bad event
TtoEM trigger inconsistency
Processed  1430000/ 1626459 entries, 87.92% (elapsed time 17550.3s, curr speed    0.081 kHz, avg speed    0.081 kHz), accepted     5678/ 1430001 events ( 0.40%)
Bad event
Processed  1440000/ 1626459 entries, 88.54% (elapsed time 17671.1s, curr speed    0.083 kHz, avg speed    0.081 kHz), accepted     5713/ 1440001 events ( 0.40%)
Processed  1450000/ 1626459 entries, 89.15% (elapsed time 17800.3s, curr speed    0.077 kHz, avg speed    0.081 kHz), accepted     5746/ 1450001 events ( 0.40%)
Processed  1460000/ 1626459 entries, 89.77% (elapsed time 17928.9s, curr speed    0.078 kHz, avg speed    0.081 kHz), accepted     5771/ 1460001 events ( 0.40%)
Processed  1470000/ 1626459 entries, 90.38% (elapsed time 18058.4s, curr speed    0.077 kHz, avg speed    0.081 kHz), accepted     5802/ 1470001 events ( 0.39%)
Bad event
Processed  1480000/ 1626459 entries, 91.00% (elapsed time 18180.9s, curr speed    0.082 kHz, avg speed    0.081 kHz), accepted     5830/ 1480001 events ( 0.39%)
Processed  1490000/ 1626459 entries, 91.61% (elapsed time 18301.8s, curr speed    0.083 kHz, avg speed    0.081 kHz), accepted     5876/ 1490001 events ( 0.39%)
TtoEM trigger inconsistency
Processed  1500000/ 1626459 entries, 92.22% (elapsed time 18421.8s, curr speed    0.083 kHz, avg speed    0.081 kHz), accepted     5919/ 1500001 events ( 0.39%)
Bad event
Processed  1510000/ 1626459 entries, 92.84% (elapsed time 18543.8s, curr speed    0.082 kHz, avg speed    0.081 kHz), accepted     5961/ 1510001 events ( 0.39%)
Bad event
Processed  1520000/ 1626459 entries, 93.45% (elapsed time 18665.8s, curr speed    0.082 kHz, avg speed    0.081 kHz), accepted     6009/ 1520001 events ( 0.40%)
TtoEM trigger inconsistency
Processed  1530000/ 1626459 entries, 94.07% (elapsed time 18787.5s, curr speed    0.082 kHz, avg speed    0.081 kHz), accepted     6042/ 1530001 events ( 0.39%)
Bad event
Processed  1540000/ 1626459 entries, 94.68% (elapsed time 18910.1s, curr speed    0.082 kHz, avg speed    0.081 kHz), accepted     6078/ 1540001 events ( 0.39%)
Bad event
Processed  1550000/ 1626459 entries, 95.30% (elapsed time 19031.1s, curr speed    0.083 kHz, avg speed    0.081 kHz), accepted     6109/ 1550001 events ( 0.39%)
Processed  1560000/ 1626459 entries, 95.91% (elapsed time 19163.3s, curr speed    0.076 kHz, avg speed    0.081 kHz), accepted     6148/ 1560001 events ( 0.39%)
TtoEM trigger inconsistency
Processed  1570000/ 1626459 entries, 96.53% (elapsed time 19291.6s, curr speed    0.078 kHz, avg speed    0.081 kHz), accepted     6184/ 1570001 events ( 0.39%)
Processed  1580000/ 1626459 entries, 97.14% (elapsed time 19423.3s, curr speed    0.076 kHz, avg speed    0.081 kHz), accepted     6223/ 1580001 events ( 0.39%)
Bad event
Processed  1590000/ 1626459 entries, 97.76% (elapsed time 19548.9s, curr speed    0.080 kHz, avg speed    0.081 kHz), accepted     6264/ 1590001 events ( 0.39%)
Bad event
Processed  1600000/ 1626459 entries, 98.37% (elapsed time 19684.4s, curr speed    0.074 kHz, avg speed    0.081 kHz), accepted     6294/ 1600001 events ( 0.39%)
Processed  1610000/ 1626459 entries, 98.99% (elapsed time 19803.6s, curr speed    0.084 kHz, avg speed    0.081 kHz), accepted     6338/ 1610001 events ( 0.39%)
Processed  1620000/ 1626459 entries, 99.60% (elapsed time 19925.0s, curr speed    0.082 kHz, avg speed    0.081 kHz), accepted     6371/ 1620001 events ( 0.39%)
Processed 1626459 preselected entries from root://cms-xrd-global.cern.ch//store/mc/RunIIFall17NanoAODv6/WZTo1L1Nu2Q_13TeV_amcatnloFXFX_madspin_pythia8/NANOAODSIM/PU2017_12Apr2018_Nano25Oct2019_102X_mc2017_realistic_v7-v1/280000/8B4ABEE7-6306-0C4E-8176-57073D2E7D95.root (1626459 entries). Finally selected 6402 entries
Done /work/pbaertsc/heavy_resonance/output_2017/WZTo1L1Nu2Q_13TeV_amcatnloFXFX_madspin_pythia8__RunIIFall17NanoAODv6-PU2017_12Apr2018_Nano25Oct2019_102X_mc2017_realistic_v7-v1__NANOAODSIM/8B4ABEE7-6306-0C4E-8176-57073D2E7D95.root
81.2428445553 Hz
deleting root file with name: /work/pbaertsc/heavy_resonance/output_2017/WZTo1L1Nu2Q_13TeV_amcatnloFXFX_madspin_pythia8__RunIIFall17NanoAODv6-PU2017_12Apr2018_Nano25Oct2019_102X_mc2017_realistic_v7-v1__NANOAODSIM/8B4ABEE7-6306-0C4E-8176-57073D2E7D95.root
DONE
Complete at
Wed Jan 29 12:18:53 CET 2020
