job start at
Thu Jan 30 19:15:03 CET 2020
SLURM_JOB_ID: 437601
HOSTNAME: t3wn51
JOBLIST:joblist/joblist_ZZTo2Q2Nu_TuneCP5_13TeV_amcatnloFXFX_madspin_pythia8__RunIIFall17NanoAODv6-PU2017_12Apr2018_Nano25Oct2019_102X_mc2017_realistic_v7-v1__NANOAODSIM_ll.txt
Going to execute
python job.py -i root://cms-xrd-global.cern.ch//store/mc/RunIIFall17NanoAODv6/ZZTo2Q2Nu_TuneCP5_13TeV_amcatnloFXFX_madspin_pythia8/NANOAODSIM/PU2017_12Apr2018_Nano25Oct2019_102X_mc2017_realistic_v7-v1/270000/DA5D44E5-9ABB-7F48-AF5F-28FE86FE9B13.root -o /work/pbaertsc/heavy_resonance/output_2017/ZZTo2Q2Nu_TuneCP5_13TeV_amcatnloFXFX_madspin_pythia8__RunIIFall17NanoAODv6-PU2017_12Apr2018_Nano25Oct2019_102X_mc2017_realistic_v7-v1__NANOAODSIM -N ZZTo2Q2Nu_TuneCP5_13TeV_amcatnloFXFX_madspin_pythia8__RunIIFall17NanoAODv6-PU2017_12Apr2018_Nano25Oct2019_102X_mc2017_realistic_v7-v1__NANOAODSIM -n 1 -c ll -y 2017
TClass::Init:0: RuntimeWarning: no dictionary for class ROOT::TIOFeatures is available
/work/pbaertsc/heavy_resonance/CMSSW_9_4_6/python/PhysicsTools/NanoAODTools/postprocessing/framework/treeReaderArrayTools.py:69: RuntimeWarning: creating executor for unknown type "ULong64_t*"
  ret = _vr.Get()[0]
JEC= Fall17_17Nov2017_V32_MC 	 JER= Fall17_V3_MC
MET branch= PuppiMET
JEC= Fall17_17Nov2017_V32_MC 	 JER= Fall17_V3_MC
MET branch= PuppiMET
--------------------------------------------------------------------------------
input files  = ['root://cms-xrd-global.cern.ch//store/mc/RunIIFall17NanoAODv6/ZZTo2Q2Nu_TuneCP5_13TeV_amcatnloFXFX_madspin_pythia8/NANOAODSIM/PU2017_12Apr2018_Nano25Oct2019_102X_mc2017_realistic_v7-v1/270000/DA5D44E5-9ABB-7F48-AF5F-28FE86FE9B13.root']
output directory = /work/pbaertsc/heavy_resonance/output_2017/ZZTo2Q2Nu_TuneCP5_13TeV_amcatnloFXFX_madspin_pythia8__RunIIFall17NanoAODv6-PU2017_12Apr2018_Nano25Oct2019_102X_mc2017_realistic_v7-v1__NANOAODSIM
output file  = ZZTo2Q2Nu_TuneCP5_13TeV_amcatnloFXFX_madspin_pythia8__RunIIFall17NanoAODv6-PU2017_12Apr2018_Nano25Oct2019_102X_mc2017_realistic_v7-v1__NANOAODSIM_1_ll.root
chunck       = 1
channel      = ll
dataType     = mc
year         = 2017
tes          = 1.0
ltf          = 1.0
jtf          = 1.0
--------------------------------------------------------------------------------
job.py: creating PostProcessor...
TreeProducer is called /work/pbaertsc/heavy_resonance/output_2017/ZZTo2Q2Nu_TuneCP5_13TeV_amcatnloFXFX_madspin_pythia8__RunIIFall17NanoAODv6-PU2017_12Apr2018_Nano25Oct2019_102X_mc2017_realistic_v7-v1__NANOAODSIM/ZZTo2Q2Nu_TuneCP5_13TeV_amcatnloFXFX_madspin_pythia8__RunIIFall17NanoAODv6-PU2017_12Apr2018_Nano25Oct2019_102X_mc2017_realistic_v7-v1__NANOAODSIM_1_ll.root
job.py: going to run PostProcessor...
Will write selected trees to /work/pbaertsc/heavy_resonance/output_2017/ZZTo2Q2Nu_TuneCP5_13TeV_amcatnloFXFX_madspin_pythia8__RunIIFall17NanoAODv6-PU2017_12Apr2018_Nano25Oct2019_102X_mc2017_realistic_v7-v1__NANOAODSIM
Loading jet energy scale (JES) uncertainties from file '/tmp/tmpYBdXh9/Fall17_17Nov2017_V32_MC_Uncertainty_AK4PFchs.txt'
Loading jet energy resolutions (JER) from file '/tmp/tmpdbzOV2/Fall17_V3_MC_PtResolution_AK4PFchs.txt'
Loading JER scale factors and uncertainties from file '/tmp/tmpdbzOV2/Fall17_V3_MC_SF_AK4PFchs.txt'
Loading jet energy scale (JES) uncertainties from file '/tmp/tmphmNr3d/Fall17_17Nov2017_V32_MC_Uncertainty_AK8PFPuppi.txt'
Loading jet energy resolutions (JER) from file '/tmp/tmpL4XOIh/Fall17_V3_MC_PtResolution_AK8PFPuppi.txt'
Loading JER scale factors and uncertainties from file '/tmp/tmpL4XOIh/Fall17_V3_MC_SF_AK8PFPuppi.txt'
Pre-select 602963 entries out of 602963 (100.00%)
nanoAODv5? True
Processed    10000/  602963 entries,  1.66% (elapsed time   158.2s, curr speed    0.063 kHz, avg speed    0.063 kHz), accepted      143/   10001 events ( 1.43%)
Processed    20000/  602963 entries,  3.32% (elapsed time   315.4s, curr speed    0.064 kHz, avg speed    0.063 kHz), accepted      275/   20001 events ( 1.37%)
Processed    30000/  602963 entries,  4.98% (elapsed time   468.4s, curr speed    0.065 kHz, avg speed    0.064 kHz), accepted      392/   30001 events ( 1.31%)
Processed    40000/  602963 entries,  6.63% (elapsed time   622.5s, curr speed    0.065 kHz, avg speed    0.064 kHz), accepted      518/   40001 events ( 1.29%)
Bad event
Processed    50000/  602963 entries,  8.29% (elapsed time   772.7s, curr speed    0.067 kHz, avg speed    0.065 kHz), accepted      648/   50001 events ( 1.30%)
Processed    60000/  602963 entries,  9.95% (elapsed time   926.9s, curr speed    0.065 kHz, avg speed    0.065 kHz), accepted      783/   60001 events ( 1.30%)
Processed    70000/  602963 entries, 11.61% (elapsed time  1077.2s, curr speed    0.067 kHz, avg speed    0.065 kHz), accepted      958/   70001 events ( 1.37%)
Processed    80000/  602963 entries, 13.27% (elapsed time  1225.8s, curr speed    0.067 kHz, avg speed    0.065 kHz), accepted     1072/   80001 events ( 1.34%)
Processed    90000/  602963 entries, 14.93% (elapsed time  1375.4s, curr speed    0.067 kHz, avg speed    0.065 kHz), accepted     1186/   90001 events ( 1.32%)
Processed   100000/  602963 entries, 16.58% (elapsed time  1511.1s, curr speed    0.074 kHz, avg speed    0.066 kHz), accepted     1325/  100001 events ( 1.32%)
Processed   110000/  602963 entries, 18.24% (elapsed time  1661.1s, curr speed    0.067 kHz, avg speed    0.066 kHz), accepted     1461/  110001 events ( 1.33%)
Processed   120000/  602963 entries, 19.90% (elapsed time  1805.3s, curr speed    0.069 kHz, avg speed    0.066 kHz), accepted     1597/  120001 events ( 1.33%)
Processed   130000/  602963 entries, 21.56% (elapsed time  1942.1s, curr speed    0.073 kHz, avg speed    0.067 kHz), accepted     1736/  130001 events ( 1.34%)
Processed   140000/  602963 entries, 23.22% (elapsed time  2090.2s, curr speed    0.068 kHz, avg speed    0.067 kHz), accepted     1867/  140001 events ( 1.33%)
Processed   150000/  602963 entries, 24.88% (elapsed time  2224.5s, curr speed    0.074 kHz, avg speed    0.067 kHz), accepted     1996/  150001 events ( 1.33%)
Bad event
Processed   160000/  602963 entries, 26.54% (elapsed time  2372.7s, curr speed    0.068 kHz, avg speed    0.067 kHz), accepted     2125/  160001 events ( 1.33%)
Processed   170000/  602963 entries, 28.19% (elapsed time  2520.6s, curr speed    0.068 kHz, avg speed    0.067 kHz), accepted     2263/  170001 events ( 1.33%)
Processed   180000/  602963 entries, 29.85% (elapsed time  2658.5s, curr speed    0.073 kHz, avg speed    0.068 kHz), accepted     2381/  180001 events ( 1.32%)
Processed   190000/  602963 entries, 31.51% (elapsed time  2805.1s, curr speed    0.068 kHz, avg speed    0.068 kHz), accepted     2494/  190001 events ( 1.31%)
Processed   200000/  602963 entries, 33.17% (elapsed time  2944.8s, curr speed    0.072 kHz, avg speed    0.068 kHz), accepted     2608/  200001 events ( 1.30%)
Processed   210000/  602963 entries, 34.83% (elapsed time  3086.5s, curr speed    0.071 kHz, avg speed    0.068 kHz), accepted     2758/  210001 events ( 1.31%)
Processed   220000/  602963 entries, 36.49% (elapsed time  3231.5s, curr speed    0.069 kHz, avg speed    0.068 kHz), accepted     2883/  220001 events ( 1.31%)
Processed   230000/  602963 entries, 38.14% (elapsed time  3362.1s, curr speed    0.077 kHz, avg speed    0.068 kHz), accepted     3014/  230001 events ( 1.31%)
Processed   240000/  602963 entries, 39.80% (elapsed time  3505.2s, curr speed    0.070 kHz, avg speed    0.068 kHz), accepted     3151/  240001 events ( 1.31%)
Processed   250000/  602963 entries, 41.46% (elapsed time  3642.8s, curr speed    0.073 kHz, avg speed    0.069 kHz), accepted     3274/  250001 events ( 1.31%)
Bad event
Processed   260000/  602963 entries, 43.12% (elapsed time  3776.2s, curr speed    0.075 kHz, avg speed    0.069 kHz), accepted     3392/  260001 events ( 1.30%)
Processed   270000/  602963 entries, 44.78% (elapsed time  3920.8s, curr speed    0.069 kHz, avg speed    0.069 kHz), accepted     3524/  270001 events ( 1.31%)
Processed   280000/  602963 entries, 46.44% (elapsed time  4062.9s, curr speed    0.070 kHz, avg speed    0.069 kHz), accepted     3645/  280001 events ( 1.30%)
Processed   290000/  602963 entries, 48.10% (elapsed time  4209.6s, curr speed    0.068 kHz, avg speed    0.069 kHz), accepted     3779/  290001 events ( 1.30%)
Processed   300000/  602963 entries, 49.75% (elapsed time  4353.1s, curr speed    0.070 kHz, avg speed    0.069 kHz), accepted     3907/  300001 events ( 1.30%)
Bad event
Processed   310000/  602963 entries, 51.41% (elapsed time  4492.9s, curr speed    0.072 kHz, avg speed    0.069 kHz), accepted     4032/  310001 events ( 1.30%)
Processed   320000/  602963 entries, 53.07% (elapsed time  4638.1s, curr speed    0.069 kHz, avg speed    0.069 kHz), accepted     4164/  320001 events ( 1.30%)
Processed   330000/  602963 entries, 54.73% (elapsed time  4779.6s, curr speed    0.071 kHz, avg speed    0.069 kHz), accepted     4291/  330001 events ( 1.30%)
Processed   340000/  602963 entries, 56.39% (elapsed time  4923.0s, curr speed    0.070 kHz, avg speed    0.069 kHz), accepted     4402/  340001 events ( 1.29%)
Processed   350000/  602963 entries, 58.05% (elapsed time  5065.1s, curr speed    0.070 kHz, avg speed    0.069 kHz), accepted     4540/  350001 events ( 1.30%)
Bad event
Processed   360000/  602963 entries, 59.71% (elapsed time  5204.1s, curr speed    0.072 kHz, avg speed    0.069 kHz), accepted     4628/  360001 events ( 1.29%)
Bad event
Processed   370000/  602963 entries, 61.36% (elapsed time  5352.3s, curr speed    0.068 kHz, avg speed    0.069 kHz), accepted     4766/  370001 events ( 1.29%)
Processed   380000/  602963 entries, 63.02% (elapsed time  5494.2s, curr speed    0.070 kHz, avg speed    0.069 kHz), accepted     4890/  380001 events ( 1.29%)
Bad event
Processed   390000/  602963 entries, 64.68% (elapsed time  5643.9s, curr speed    0.067 kHz, avg speed    0.069 kHz), accepted     5009/  390001 events ( 1.28%)
Processed   400000/  602963 entries, 66.34% (elapsed time  5802.2s, curr speed    0.063 kHz, avg speed    0.069 kHz), accepted     5141/  400001 events ( 1.29%)
Processed   410000/  602963 entries, 68.00% (elapsed time  5959.6s, curr speed    0.064 kHz, avg speed    0.069 kHz), accepted     5256/  410001 events ( 1.28%)
Processed   420000/  602963 entries, 69.66% (elapsed time  6119.4s, curr speed    0.063 kHz, avg speed    0.069 kHz), accepted     5391/  420001 events ( 1.28%)
Processed   430000/  602963 entries, 71.31% (elapsed time  6273.6s, curr speed    0.065 kHz, avg speed    0.069 kHz), accepted     5535/  430001 events ( 1.29%)
Processed   440000/  602963 entries, 72.97% (elapsed time  6433.6s, curr speed    0.063 kHz, avg speed    0.068 kHz), accepted     5651/  440001 events ( 1.28%)
Processed   450000/  602963 entries, 74.63% (elapsed time  6585.9s, curr speed    0.066 kHz, avg speed    0.068 kHz), accepted     5780/  450001 events ( 1.28%)
Processed   460000/  602963 entries, 76.29% (elapsed time  6731.5s, curr speed    0.069 kHz, avg speed    0.068 kHz), accepted     5913/  460001 events ( 1.29%)
Processed   470000/  602963 entries, 77.95% (elapsed time  6883.0s, curr speed    0.066 kHz, avg speed    0.068 kHz), accepted     6054/  470001 events ( 1.29%)
Processed   480000/  602963 entries, 79.61% (elapsed time  7022.1s, curr speed    0.072 kHz, avg speed    0.068 kHz), accepted     6181/  480001 events ( 1.29%)
Processed   490000/  602963 entries, 81.27% (elapsed time  7166.2s, curr speed    0.069 kHz, avg speed    0.068 kHz), accepted     6307/  490001 events ( 1.29%)
Processed   500000/  602963 entries, 82.92% (elapsed time  7313.6s, curr speed    0.068 kHz, avg speed    0.068 kHz), accepted     6438/  500001 events ( 1.29%)
Processed   510000/  602963 entries, 84.58% (elapsed time  7446.6s, curr speed    0.075 kHz, avg speed    0.068 kHz), accepted     6584/  510001 events ( 1.29%)
Bad event
Processed   520000/  602963 entries, 86.24% (elapsed time  7594.7s, curr speed    0.067 kHz, avg speed    0.068 kHz), accepted     6705/  520001 events ( 1.29%)
Bad event
Processed   530000/  602963 entries, 87.90% (elapsed time  7738.9s, curr speed    0.069 kHz, avg speed    0.068 kHz), accepted     6861/  530001 events ( 1.29%)
Processed   540000/  602963 entries, 89.56% (elapsed time  7883.1s, curr speed    0.069 kHz, avg speed    0.069 kHz), accepted     6981/  540001 events ( 1.29%)
Processed   550000/  602963 entries, 91.22% (elapsed time  8033.6s, curr speed    0.066 kHz, avg speed    0.068 kHz), accepted     7101/  550001 events ( 1.29%)
Bad event
Processed   560000/  602963 entries, 92.87% (elapsed time  8172.7s, curr speed    0.072 kHz, avg speed    0.069 kHz), accepted     7216/  560001 events ( 1.29%)
Processed   570000/  602963 entries, 94.53% (elapsed time  8320.2s, curr speed    0.068 kHz, avg speed    0.069 kHz), accepted     7338/  570001 events ( 1.29%)
Processed   580000/  602963 entries, 96.19% (elapsed time  8463.1s, curr speed    0.070 kHz, avg speed    0.069 kHz), accepted     7466/  580001 events ( 1.29%)
Processed   590000/  602963 entries, 97.85% (elapsed time  8603.1s, curr speed    0.071 kHz, avg speed    0.069 kHz), accepted     7586/  590001 events ( 1.29%)
Processed   600000/  602963 entries, 99.51% (elapsed time  8747.8s, curr speed    0.069 kHz, avg speed    0.069 kHz), accepted     7721/  600001 events ( 1.29%)
Processed 602963 preselected entries from root://cms-xrd-global.cern.ch//store/mc/RunIIFall17NanoAODv6/ZZTo2Q2Nu_TuneCP5_13TeV_amcatnloFXFX_madspin_pythia8/NANOAODSIM/PU2017_12Apr2018_Nano25Oct2019_102X_mc2017_realistic_v7-v1/270000/DA5D44E5-9ABB-7F48-AF5F-28FE86FE9B13.root (602963 entries). Finally selected 7761 entries
Done /work/pbaertsc/heavy_resonance/output_2017/ZZTo2Q2Nu_TuneCP5_13TeV_amcatnloFXFX_madspin_pythia8__RunIIFall17NanoAODv6-PU2017_12Apr2018_Nano25Oct2019_102X_mc2017_realistic_v7-v1__NANOAODSIM/DA5D44E5-9ABB-7F48-AF5F-28FE86FE9B13.root
68.4252932652 Hz
deleting root file with name: /work/pbaertsc/heavy_resonance/output_2017/ZZTo2Q2Nu_TuneCP5_13TeV_amcatnloFXFX_madspin_pythia8__RunIIFall17NanoAODv6-PU2017_12Apr2018_Nano25Oct2019_102X_mc2017_realistic_v7-v1__NANOAODSIM/DA5D44E5-9ABB-7F48-AF5F-28FE86FE9B13.root
DONE
Complete at
Thu Jan 30 22:19:00 CET 2020
