job start at
Thu Jan 30 19:15:50 CET 2020
SLURM_JOB_ID: 437760
HOSTNAME: t3wn53
JOBLIST:joblist/joblist_ZZTo2L2Nu_13TeV_powheg_pythia8_ext1__RunIISummer16NanoAODv6-PUMoriond17_Nano25Oct2019_102X_mcRun2_asymptotic_v7-v1__NANOAODSIM_ll.txt
Going to execute
python job.py -i root://cms-xrd-global.cern.ch//store/mc/RunIISummer16NanoAODv6/ZZTo2L2Nu_13TeV_powheg_pythia8_ext1/NANOAODSIM/PUMoriond17_Nano25Oct2019_102X_mcRun2_asymptotic_v7-v1/70000/BC7FFC9B-2327-FD40-AA77-C6D84FE8D272.root -o /work/pbaertsc/heavy_resonance/output_2016/ZZTo2L2Nu_13TeV_powheg_pythia8_ext1__RunIISummer16NanoAODv6-PUMoriond17_Nano25Oct2019_102X_mcRun2_asymptotic_v7-v1__NANOAODSIM -N ZZTo2L2Nu_13TeV_powheg_pythia8_ext1__RunIISummer16NanoAODv6-PUMoriond17_Nano25Oct2019_102X_mcRun2_asymptotic_v7-v1__NANOAODSIM -n 4 -c ll -y 2016
TClass::Init:0: RuntimeWarning: no dictionary for class ROOT::TIOFeatures is available
/work/pbaertsc/heavy_resonance/CMSSW_9_4_6/python/PhysicsTools/NanoAODTools/postprocessing/framework/treeReaderArrayTools.py:69: RuntimeWarning: creating executor for unknown type "ULong64_t*"
  ret = _vr.Get()[0]
JEC= Summer16_07Aug2017_V11_MC 	 JER= Summer16_25nsV1_MC
MET branch= PuppiMET
JEC= Summer16_07Aug2017_V11_MC 	 JER= Summer16_25nsV1_MC
MET branch= PuppiMET
--------------------------------------------------------------------------------
input files  = ['root://cms-xrd-global.cern.ch//store/mc/RunIISummer16NanoAODv6/ZZTo2L2Nu_13TeV_powheg_pythia8_ext1/NANOAODSIM/PUMoriond17_Nano25Oct2019_102X_mcRun2_asymptotic_v7-v1/70000/BC7FFC9B-2327-FD40-AA77-C6D84FE8D272.root']
output directory = /work/pbaertsc/heavy_resonance/output_2016/ZZTo2L2Nu_13TeV_powheg_pythia8_ext1__RunIISummer16NanoAODv6-PUMoriond17_Nano25Oct2019_102X_mcRun2_asymptotic_v7-v1__NANOAODSIM
output file  = ZZTo2L2Nu_13TeV_powheg_pythia8_ext1__RunIISummer16NanoAODv6-PUMoriond17_Nano25Oct2019_102X_mcRun2_asymptotic_v7-v1__NANOAODSIM_4_ll.root
chunck       = 4
channel      = ll
dataType     = mc
year         = 2016
tes          = 1.0
ltf          = 1.0
jtf          = 1.0
--------------------------------------------------------------------------------
job.py: creating PostProcessor...
TreeProducer is called /work/pbaertsc/heavy_resonance/output_2016/ZZTo2L2Nu_13TeV_powheg_pythia8_ext1__RunIISummer16NanoAODv6-PUMoriond17_Nano25Oct2019_102X_mcRun2_asymptotic_v7-v1__NANOAODSIM/ZZTo2L2Nu_13TeV_powheg_pythia8_ext1__RunIISummer16NanoAODv6-PUMoriond17_Nano25Oct2019_102X_mcRun2_asymptotic_v7-v1__NANOAODSIM_4_ll.root
job.py: going to run PostProcessor...
Will write selected trees to /work/pbaertsc/heavy_resonance/output_2016/ZZTo2L2Nu_13TeV_powheg_pythia8_ext1__RunIISummer16NanoAODv6-PUMoriond17_Nano25Oct2019_102X_mcRun2_asymptotic_v7-v1__NANOAODSIM
Loading jet energy scale (JES) uncertainties from file '/tmp/tmp3CBtcY/Summer16_07Aug2017_V11_MC_Uncertainty_AK4PFchs.txt'
Loading jet energy resolutions (JER) from file '/tmp/tmpHv8Drk/Summer16_25nsV1_MC_PtResolution_AK4PFchs.txt'
Loading JER scale factors and uncertainties from file '/tmp/tmpHv8Drk/Summer16_25nsV1_MC_SF_AK4PFchs.txt'
Loading jet energy scale (JES) uncertainties from file '/tmp/tmpxB_60b/Summer16_07Aug2017_V11_MC_Uncertainty_AK8PFPuppi.txt'
Loading jet energy resolutions (JER) from file '/tmp/tmpyRS5IG/Summer16_25nsV1_MC_PtResolution_AK8PFPuppi.txt'
Loading JER scale factors and uncertainties from file '/tmp/tmpyRS5IG/Summer16_25nsV1_MC_SF_AK8PFPuppi.txt'
Pre-select 1438584 entries out of 1438584 (100.00%)
nanoAODv5? True
ZtoMM trigger inconsistency
ZtoMM trigger inconsistency
ZtoMM trigger inconsistency
Processed    10000/ 1438584 entries,  0.70% (elapsed time   150.1s, curr speed    0.067 kHz, avg speed    0.067 kHz), accepted       34/   10001 events ( 0.34%)
ZtoMM trigger inconsistency
ZtoMM trigger inconsistency
Processed    20000/ 1438584 entries,  1.39% (elapsed time   300.9s, curr speed    0.066 kHz, avg speed    0.066 kHz), accepted       81/   20001 events ( 0.40%)
ZtoMM trigger inconsistency
Processed    30000/ 1438584 entries,  2.09% (elapsed time   450.7s, curr speed    0.067 kHz, avg speed    0.067 kHz), accepted      116/   30001 events ( 0.39%)
ZtoMM trigger inconsistency
ZtoMM trigger inconsistency
Processed    40000/ 1438584 entries,  2.78% (elapsed time   602.9s, curr speed    0.066 kHz, avg speed    0.066 kHz), accepted      163/   40001 events ( 0.41%)
ZtoMM trigger inconsistency
ZtoMM trigger inconsistency
ZtoMM trigger inconsistency
Processed    50000/ 1438584 entries,  3.48% (elapsed time   753.8s, curr speed    0.066 kHz, avg speed    0.066 kHz), accepted      205/   50001 events ( 0.41%)
ZtoMM trigger inconsistency
Processed    60000/ 1438584 entries,  4.17% (elapsed time   900.9s, curr speed    0.068 kHz, avg speed    0.067 kHz), accepted      239/   60001 events ( 0.40%)
ZtoMM trigger inconsistency
ZtoMM trigger inconsistency
ZtoMM trigger inconsistency
ZtoMM trigger inconsistency
Processed    70000/ 1438584 entries,  4.87% (elapsed time  1044.8s, curr speed    0.069 kHz, avg speed    0.067 kHz), accepted      287/   70001 events ( 0.41%)
ZtoMM trigger inconsistency
Processed    80000/ 1438584 entries,  5.56% (elapsed time  1195.5s, curr speed    0.066 kHz, avg speed    0.067 kHz), accepted      332/   80001 events ( 0.41%)
ZtoMM trigger inconsistency
ZtoMM trigger inconsistency
Processed    90000/ 1438584 entries,  6.26% (elapsed time  1344.8s, curr speed    0.067 kHz, avg speed    0.067 kHz), accepted      378/   90001 events ( 0.42%)
TtoEM trigger inconsistency
ZtoMM trigger inconsistency
ZtoMM trigger inconsistency
Processed   100000/ 1438584 entries,  6.95% (elapsed time  1490.3s, curr speed    0.069 kHz, avg speed    0.067 kHz), accepted      428/  100001 events ( 0.43%)
ZtoMM trigger inconsistency
Processed   110000/ 1438584 entries,  7.65% (elapsed time  1633.3s, curr speed    0.070 kHz, avg speed    0.067 kHz), accepted      469/  110001 events ( 0.43%)
ZtoMM trigger inconsistency
ZtoMM trigger inconsistency
TtoEM trigger inconsistency
ZtoMM trigger inconsistency
ZtoMM trigger inconsistency
Processed   120000/ 1438584 entries,  8.34% (elapsed time  1782.5s, curr speed    0.067 kHz, avg speed    0.067 kHz), accepted      506/  120001 events ( 0.42%)
Processed   130000/ 1438584 entries,  9.04% (elapsed time  1934.3s, curr speed    0.066 kHz, avg speed    0.067 kHz), accepted      546/  130001 events ( 0.42%)
Processed   140000/ 1438584 entries,  9.73% (elapsed time  2082.7s, curr speed    0.067 kHz, avg speed    0.067 kHz), accepted      582/  140001 events ( 0.42%)
ZtoEE trigger inconsistency
ZtoMM trigger inconsistency
Processed   150000/ 1438584 entries, 10.43% (elapsed time  2237.2s, curr speed    0.065 kHz, avg speed    0.067 kHz), accepted      632/  150001 events ( 0.42%)
ZtoMM trigger inconsistency
ZtoMM trigger inconsistency
Processed   160000/ 1438584 entries, 11.12% (elapsed time  2388.9s, curr speed    0.066 kHz, avg speed    0.067 kHz), accepted      676/  160001 events ( 0.42%)
ZtoMM trigger inconsistency
Processed   170000/ 1438584 entries, 11.82% (elapsed time  2535.0s, curr speed    0.068 kHz, avg speed    0.067 kHz), accepted      710/  170001 events ( 0.42%)
ZtoMM trigger inconsistency
Processed   180000/ 1438584 entries, 12.51% (elapsed time  2683.1s, curr speed    0.067 kHz, avg speed    0.067 kHz), accepted      733/  180001 events ( 0.41%)
ZtoMM trigger inconsistency
TtoEM trigger inconsistency
ZtoMM trigger inconsistency
Processed   190000/ 1438584 entries, 13.21% (elapsed time  2832.0s, curr speed    0.067 kHz, avg speed    0.067 kHz), accepted      771/  190001 events ( 0.41%)
ZtoMM trigger inconsistency
Processed   200000/ 1438584 entries, 13.90% (elapsed time  2980.1s, curr speed    0.068 kHz, avg speed    0.067 kHz), accepted      804/  200001 events ( 0.40%)
Bad event
ZtoMM trigger inconsistency
ZtoMM trigger inconsistency
ZtoMM trigger inconsistency
Processed   210000/ 1438584 entries, 14.60% (elapsed time  3133.6s, curr speed    0.065 kHz, avg speed    0.067 kHz), accepted      848/  210001 events ( 0.40%)
ZtoMM trigger inconsistency
ZtoMM trigger inconsistency
ZtoMM trigger inconsistency
Processed   220000/ 1438584 entries, 15.29% (elapsed time  3288.5s, curr speed    0.065 kHz, avg speed    0.067 kHz), accepted      885/  220001 events ( 0.40%)
Processed   230000/ 1438584 entries, 15.99% (elapsed time  3443.6s, curr speed    0.064 kHz, avg speed    0.067 kHz), accepted      917/  230001 events ( 0.40%)
ZtoMM trigger inconsistency
ZtoMM trigger inconsistency
TtoEM trigger inconsistency
TtoEM trigger inconsistency
Processed   240000/ 1438584 entries, 16.68% (elapsed time  3600.4s, curr speed    0.064 kHz, avg speed    0.067 kHz), accepted      960/  240001 events ( 0.40%)
ZtoMM trigger inconsistency
ZtoMM trigger inconsistency
Processed   250000/ 1438584 entries, 17.38% (elapsed time  3753.7s, curr speed    0.065 kHz, avg speed    0.067 kHz), accepted     1005/  250001 events ( 0.40%)
TtoEM trigger inconsistency
ZtoMM trigger inconsistency
TtoEM trigger inconsistency
Processed   260000/ 1438584 entries, 18.07% (elapsed time  3902.7s, curr speed    0.067 kHz, avg speed    0.067 kHz), accepted     1042/  260001 events ( 0.40%)
ZtoEE trigger inconsistency
ZtoMM trigger inconsistency
ZtoMM trigger inconsistency
ZtoMM trigger inconsistency
ZtoMM trigger inconsistency
Processed   270000/ 1438584 entries, 18.77% (elapsed time  4057.1s, curr speed    0.065 kHz, avg speed    0.067 kHz), accepted     1087/  270001 events ( 0.40%)
Processed   280000/ 1438584 entries, 19.46% (elapsed time  4205.5s, curr speed    0.067 kHz, avg speed    0.067 kHz), accepted     1129/  280001 events ( 0.40%)
ZtoMM trigger inconsistency
ZtoMM trigger inconsistency
Processed   290000/ 1438584 entries, 20.16% (elapsed time  4352.1s, curr speed    0.068 kHz, avg speed    0.067 kHz), accepted     1172/  290001 events ( 0.40%)
Processed   300000/ 1438584 entries, 20.85% (elapsed time  4497.2s, curr speed    0.069 kHz, avg speed    0.067 kHz), accepted     1207/  300001 events ( 0.40%)
ZtoMM trigger inconsistency
ZtoEE trigger inconsistency
ZtoEE trigger inconsistency
Processed   310000/ 1438584 entries, 21.55% (elapsed time  4650.0s, curr speed    0.065 kHz, avg speed    0.067 kHz), accepted     1241/  310001 events ( 0.40%)
ZtoMM trigger inconsistency
ZtoMM trigger inconsistency
ZtoMM trigger inconsistency
Processed   320000/ 1438584 entries, 22.24% (elapsed time  4803.1s, curr speed    0.065 kHz, avg speed    0.067 kHz), accepted     1288/  320001 events ( 0.40%)
ZtoEE trigger inconsistency
Processed   330000/ 1438584 entries, 22.94% (elapsed time  4951.9s, curr speed    0.067 kHz, avg speed    0.067 kHz), accepted     1307/  330001 events ( 0.40%)
ZtoMM trigger inconsistency
Processed   340000/ 1438584 entries, 23.63% (elapsed time  5102.6s, curr speed    0.066 kHz, avg speed    0.067 kHz), accepted     1354/  340001 events ( 0.40%)
ZtoMM trigger inconsistency
Processed   350000/ 1438584 entries, 24.33% (elapsed time  5246.8s, curr speed    0.069 kHz, avg speed    0.067 kHz), accepted     1391/  350001 events ( 0.40%)
ZtoMM trigger inconsistency
Processed   360000/ 1438584 entries, 25.02% (elapsed time  5390.2s, curr speed    0.070 kHz, avg speed    0.067 kHz), accepted     1421/  360001 events ( 0.39%)
ZtoMM trigger inconsistency
Processed   370000/ 1438584 entries, 25.72% (elapsed time  5537.4s, curr speed    0.068 kHz, avg speed    0.067 kHz), accepted     1455/  370001 events ( 0.39%)
ZtoMM trigger inconsistency
ZtoMM trigger inconsistency
Processed   380000/ 1438584 entries, 26.41% (elapsed time  5685.8s, curr speed    0.067 kHz, avg speed    0.067 kHz), accepted     1494/  380001 events ( 0.39%)
ZtoMM trigger inconsistency
ZtoMM trigger inconsistency
ZtoMM trigger inconsistency
ZtoMM trigger inconsistency
ZtoMM trigger inconsistency
ZtoMM trigger inconsistency
ZtoMM trigger inconsistency
Processed   390000/ 1438584 entries, 27.11% (elapsed time  5830.0s, curr speed    0.069 kHz, avg speed    0.067 kHz), accepted     1519/  390001 events ( 0.39%)
ZtoMM trigger inconsistency
ZtoMM trigger inconsistency
Processed   400000/ 1438584 entries, 27.81% (elapsed time  5976.1s, curr speed    0.068 kHz, avg speed    0.067 kHz), accepted     1573/  400001 events ( 0.39%)
ZtoMM trigger inconsistency
ZtoMM trigger inconsistency
Processed   410000/ 1438584 entries, 28.50% (elapsed time  6127.1s, curr speed    0.066 kHz, avg speed    0.067 kHz), accepted     1614/  410001 events ( 0.39%)
ZtoMM trigger inconsistency
%MSG-e SimpleJetCorrectionUncertainty: 
 bin variables out of range
%MSG
%MSG-e SimpleJetCorrectionUncertainty: 
 bin variables out of range
%MSG
Processed   420000/ 1438584 entries, 29.20% (elapsed time  6278.1s, curr speed    0.066 kHz, avg speed    0.067 kHz), accepted     1654/  420001 events ( 0.39%)
ZtoMM trigger inconsistency
ZtoEE trigger inconsistency
Processed   430000/ 1438584 entries, 29.89% (elapsed time  6425.4s, curr speed    0.068 kHz, avg speed    0.067 kHz), accepted     1691/  430001 events ( 0.39%)
ZtoMM trigger inconsistency
ZtoMM trigger inconsistency
Processed   440000/ 1438584 entries, 30.59% (elapsed time  6569.2s, curr speed    0.070 kHz, avg speed    0.067 kHz), accepted     1729/  440001 events ( 0.39%)
ZtoMM trigger inconsistency
ZtoMM trigger inconsistency
Processed   450000/ 1438584 entries, 31.28% (elapsed time  6721.4s, curr speed    0.066 kHz, avg speed    0.067 kHz), accepted     1770/  450001 events ( 0.39%)
ZtoMM trigger inconsistency
ZtoMM trigger inconsistency
ZtoMM trigger inconsistency
Processed   460000/ 1438584 entries, 31.98% (elapsed time  6869.2s, curr speed    0.068 kHz, avg speed    0.067 kHz), accepted     1805/  460001 events ( 0.39%)
TtoEM trigger inconsistency
Processed   470000/ 1438584 entries, 32.67% (elapsed time  7017.4s, curr speed    0.067 kHz, avg speed    0.067 kHz), accepted     1843/  470001 events ( 0.39%)
ZtoMM trigger inconsistency
ZtoMM trigger inconsistency
Bad event
ZtoMM trigger inconsistency
Processed   480000/ 1438584 entries, 33.37% (elapsed time  7169.3s, curr speed    0.066 kHz, avg speed    0.067 kHz), accepted     1875/  480001 events ( 0.39%)
ZtoMM trigger inconsistency
ZtoMM trigger inconsistency
Processed   490000/ 1438584 entries, 34.06% (elapsed time  7323.8s, curr speed    0.065 kHz, avg speed    0.067 kHz), accepted     1914/  490001 events ( 0.39%)
ZtoMM trigger inconsistency
Processed   500000/ 1438584 entries, 34.76% (elapsed time  7475.3s, curr speed    0.066 kHz, avg speed    0.067 kHz), accepted     1959/  500001 events ( 0.39%)
ZtoEE trigger inconsistency
ZtoEE trigger inconsistency
Processed   510000/ 1438584 entries, 35.45% (elapsed time  7630.5s, curr speed    0.064 kHz, avg speed    0.067 kHz), accepted     1988/  510001 events ( 0.39%)
ZtoMM trigger inconsistency
Processed   520000/ 1438584 entries, 36.15% (elapsed time  7786.1s, curr speed    0.064 kHz, avg speed    0.067 kHz), accepted     2031/  520001 events ( 0.39%)
TtoEM trigger inconsistency
ZtoMM trigger inconsistency
Processed   530000/ 1438584 entries, 36.84% (elapsed time  7946.6s, curr speed    0.062 kHz, avg speed    0.067 kHz), accepted     2065/  530001 events ( 0.39%)
ZtoMM trigger inconsistency
Bad event
Processed   540000/ 1438584 entries, 37.54% (elapsed time  8102.4s, curr speed    0.064 kHz, avg speed    0.067 kHz), accepted     2116/  540001 events ( 0.39%)
ZtoMM trigger inconsistency
ZtoMM trigger inconsistency
ZtoMM trigger inconsistency
ZtoMM trigger inconsistency
ZtoMM trigger inconsistency
Processed   550000/ 1438584 entries, 38.23% (elapsed time  8258.1s, curr speed    0.064 kHz, avg speed    0.067 kHz), accepted     2148/  550001 events ( 0.39%)
TtoEM trigger inconsistency
ZtoMM trigger inconsistency
ZtoMM trigger inconsistency
ZtoMM trigger inconsistency
Processed   560000/ 1438584 entries, 38.93% (elapsed time  8415.2s, curr speed    0.064 kHz, avg speed    0.067 kHz), accepted     2187/  560001 events ( 0.39%)
Processed   570000/ 1438584 entries, 39.62% (elapsed time  8569.1s, curr speed    0.065 kHz, avg speed    0.067 kHz), accepted     2232/  570001 events ( 0.39%)
ZtoEE trigger inconsistency
Processed   580000/ 1438584 entries, 40.32% (elapsed time  8719.9s, curr speed    0.066 kHz, avg speed    0.067 kHz), accepted     2268/  580001 events ( 0.39%)
ZtoMM trigger inconsistency
Bad event
Processed   590000/ 1438584 entries, 41.01% (elapsed time  8871.7s, curr speed    0.066 kHz, avg speed    0.067 kHz), accepted     2322/  590001 events ( 0.39%)
Processed   600000/ 1438584 entries, 41.71% (elapsed time  9023.9s, curr speed    0.066 kHz, avg speed    0.066 kHz), accepted     2353/  600001 events ( 0.39%)
Bad event
ZtoMM trigger inconsistency
Processed   610000/ 1438584 entries, 42.40% (elapsed time  9172.9s, curr speed    0.067 kHz, avg speed    0.067 kHz), accepted     2395/  610001 events ( 0.39%)
ZtoMM trigger inconsistency
ZtoMM trigger inconsistency
%MSG-e SimpleJetCorrectionUncertainty: 
 bin variables out of range
%MSG
%MSG-e SimpleJetCorrectionUncertainty: 
 bin variables out of range
%MSG
Processed   620000/ 1438584 entries, 43.10% (elapsed time  9319.1s, curr speed    0.068 kHz, avg speed    0.067 kHz), accepted     2437/  620001 events ( 0.39%)
ZtoMM trigger inconsistency
ZtoMM trigger inconsistency
ZtoMM trigger inconsistency
ZtoMM trigger inconsistency
ZtoEE trigger inconsistency
Processed   630000/ 1438584 entries, 43.79% (elapsed time  9473.2s, curr speed    0.065 kHz, avg speed    0.067 kHz), accepted     2475/  630001 events ( 0.39%)
Bad event
Processed   640000/ 1438584 entries, 44.49% (elapsed time  9621.5s, curr speed    0.067 kHz, avg speed    0.067 kHz), accepted     2499/  640001 events ( 0.39%)
ZtoMM trigger inconsistency
Processed   650000/ 1438584 entries, 45.18% (elapsed time  9766.6s, curr speed    0.069 kHz, avg speed    0.067 kHz), accepted     2527/  650001 events ( 0.39%)
ZtoMM trigger inconsistency
ZtoMM trigger inconsistency
Processed   660000/ 1438584 entries, 45.88% (elapsed time  9916.3s, curr speed    0.067 kHz, avg speed    0.067 kHz), accepted     2556/  660001 events ( 0.39%)
Processed   670000/ 1438584 entries, 46.57% (elapsed time 10066.7s, curr speed    0.067 kHz, avg speed    0.067 kHz), accepted     2589/  670001 events ( 0.39%)
ZtoMM trigger inconsistency
Processed   680000/ 1438584 entries, 47.27% (elapsed time 10212.5s, curr speed    0.069 kHz, avg speed    0.067 kHz), accepted     2636/  680001 events ( 0.39%)
ZtoMM trigger inconsistency
ZtoMM trigger inconsistency
ZtoMM trigger inconsistency
Processed   690000/ 1438584 entries, 47.96% (elapsed time 10358.2s, curr speed    0.069 kHz, avg speed    0.067 kHz), accepted     2662/  690001 events ( 0.39%)
ZtoMM trigger inconsistency
Processed   700000/ 1438584 entries, 48.66% (elapsed time 10510.8s, curr speed    0.066 kHz, avg speed    0.067 kHz), accepted     2700/  700001 events ( 0.39%)
ZtoMM trigger inconsistency
Processed   710000/ 1438584 entries, 49.35% (elapsed time 10659.4s, curr speed    0.067 kHz, avg speed    0.067 kHz), accepted     2741/  710001 events ( 0.39%)
ZtoMM trigger inconsistency
Processed   720000/ 1438584 entries, 50.05% (elapsed time 10807.2s, curr speed    0.068 kHz, avg speed    0.067 kHz), accepted     2779/  720001 events ( 0.39%)
ZtoMM trigger inconsistency
Processed   730000/ 1438584 entries, 50.74% (elapsed time 10959.6s, curr speed    0.066 kHz, avg speed    0.067 kHz), accepted     2823/  730001 events ( 0.39%)
ZtoMM trigger inconsistency
ZtoMM trigger inconsistency
ZtoMM trigger inconsistency
ZtoMM trigger inconsistency
ZtoMM trigger inconsistency
ZtoMM trigger inconsistency
ZtoMM trigger inconsistency
Processed   740000/ 1438584 entries, 51.44% (elapsed time 11111.9s, curr speed    0.066 kHz, avg speed    0.067 kHz), accepted     2864/  740001 events ( 0.39%)
TtoEM trigger inconsistency
ZtoMM trigger inconsistency
Processed   750000/ 1438584 entries, 52.13% (elapsed time 11259.8s, curr speed    0.068 kHz, avg speed    0.067 kHz), accepted     2908/  750001 events ( 0.39%)
ZtoMM trigger inconsistency
Processed   760000/ 1438584 entries, 52.83% (elapsed time 11408.7s, curr speed    0.067 kHz, avg speed    0.067 kHz), accepted     2938/  760001 events ( 0.39%)
ZtoEE trigger inconsistency
Processed   770000/ 1438584 entries, 53.52% (elapsed time 11562.0s, curr speed    0.065 kHz, avg speed    0.067 kHz), accepted     2981/  770001 events ( 0.39%)
TtoEM trigger inconsistency
ZtoMM trigger inconsistency
Processed   780000/ 1438584 entries, 54.22% (elapsed time 11719.1s, curr speed    0.064 kHz, avg speed    0.067 kHz), accepted     3015/  780001 events ( 0.39%)
ZtoMM trigger inconsistency
Processed   790000/ 1438584 entries, 54.92% (elapsed time 11870.8s, curr speed    0.066 kHz, avg speed    0.067 kHz), accepted     3048/  790001 events ( 0.39%)
TtoEM trigger inconsistency
ZtoMM trigger inconsistency
ZtoMM trigger inconsistency
Processed   800000/ 1438584 entries, 55.61% (elapsed time 12019.7s, curr speed    0.067 kHz, avg speed    0.067 kHz), accepted     3092/  800001 events ( 0.39%)
ZtoMM trigger inconsistency
ZtoMM trigger inconsistency
Processed   810000/ 1438584 entries, 56.31% (elapsed time 12180.6s, curr speed    0.062 kHz, avg speed    0.066 kHz), accepted     3129/  810001 events ( 0.39%)
TtoEM trigger inconsistency
Processed   820000/ 1438584 entries, 57.00% (elapsed time 12342.5s, curr speed    0.062 kHz, avg speed    0.066 kHz), accepted     3170/  820001 events ( 0.39%)
ZtoEE trigger inconsistency
ZtoEE trigger inconsistency
ZtoMM trigger inconsistency
Bad event
Processed   830000/ 1438584 entries, 57.70% (elapsed time 12502.8s, curr speed    0.062 kHz, avg speed    0.066 kHz), accepted     3202/  830001 events ( 0.39%)
ZtoMM trigger inconsistency
ZtoMM trigger inconsistency
ZtoMM trigger inconsistency
ZtoMM trigger inconsistency
ZtoMM trigger inconsistency
Processed   840000/ 1438584 entries, 58.39% (elapsed time 12659.6s, curr speed    0.064 kHz, avg speed    0.066 kHz), accepted     3247/  840001 events ( 0.39%)
Processed   850000/ 1438584 entries, 59.09% (elapsed time 12818.9s, curr speed    0.063 kHz, avg speed    0.066 kHz), accepted     3285/  850001 events ( 0.39%)
ZtoMM trigger inconsistency
ZtoMM trigger inconsistency
ZtoMM trigger inconsistency
Processed   860000/ 1438584 entries, 59.78% (elapsed time 12975.5s, curr speed    0.064 kHz, avg speed    0.066 kHz), accepted     3325/  860001 events ( 0.39%)
TtoEM trigger inconsistency
ZtoMM trigger inconsistency
ZtoMM trigger inconsistency
Processed   870000/ 1438584 entries, 60.48% (elapsed time 13129.8s, curr speed    0.065 kHz, avg speed    0.066 kHz), accepted     3369/  870001 events ( 0.39%)
ZtoMM trigger inconsistency
ZtoMM trigger inconsistency
ZtoMM trigger inconsistency
Processed   880000/ 1438584 entries, 61.17% (elapsed time 13281.3s, curr speed    0.066 kHz, avg speed    0.066 kHz), accepted     3417/  880001 events ( 0.39%)
ZtoMM trigger inconsistency
ZtoMM trigger inconsistency
Processed   890000/ 1438584 entries, 61.87% (elapsed time 13434.9s, curr speed    0.065 kHz, avg speed    0.066 kHz), accepted     3445/  890001 events ( 0.39%)
ZtoMM trigger inconsistency
Processed   900000/ 1438584 entries, 62.56% (elapsed time 13587.5s, curr speed    0.066 kHz, avg speed    0.066 kHz), accepted     3481/  900001 events ( 0.39%)
ZtoEE trigger inconsistency
Processed   910000/ 1438584 entries, 63.26% (elapsed time 13739.5s, curr speed    0.066 kHz, avg speed    0.066 kHz), accepted     3522/  910001 events ( 0.39%)
ZtoMM trigger inconsistency
ZtoMM trigger inconsistency
ZtoEE trigger inconsistency
Processed   920000/ 1438584 entries, 63.95% (elapsed time 13890.9s, curr speed    0.066 kHz, avg speed    0.066 kHz), accepted     3568/  920001 events ( 0.39%)
ZtoMM trigger inconsistency
ZtoMM trigger inconsistency
ZtoMM trigger inconsistency
Processed   930000/ 1438584 entries, 64.65% (elapsed time 14040.4s, curr speed    0.067 kHz, avg speed    0.066 kHz), accepted     3610/  930001 events ( 0.39%)
ZtoEE trigger inconsistency
ZtoMM trigger inconsistency
ZtoMM trigger inconsistency
ZtoEE trigger inconsistency
ZtoMM trigger inconsistency
Processed   940000/ 1438584 entries, 65.34% (elapsed time 14189.3s, curr speed    0.067 kHz, avg speed    0.066 kHz), accepted     3647/  940001 events ( 0.39%)
ZtoMM trigger inconsistency
Processed   950000/ 1438584 entries, 66.04% (elapsed time 14339.5s, curr speed    0.067 kHz, avg speed    0.066 kHz), accepted     3688/  950001 events ( 0.39%)
ZtoMM trigger inconsistency
Processed   960000/ 1438584 entries, 66.73% (elapsed time 14496.8s, curr speed    0.064 kHz, avg speed    0.066 kHz), accepted     3732/  960001 events ( 0.39%)
ZtoMM trigger inconsistency
ZtoMM trigger inconsistency
ZtoEE trigger inconsistency
ZtoMM trigger inconsistency
Processed   970000/ 1438584 entries, 67.43% (elapsed time 14650.4s, curr speed    0.065 kHz, avg speed    0.066 kHz), accepted     3770/  970001 events ( 0.39%)
TtoEM trigger inconsistency
ZtoMM trigger inconsistency
Processed   980000/ 1438584 entries, 68.12% (elapsed time 14798.2s, curr speed    0.068 kHz, avg speed    0.066 kHz), accepted     3817/  980001 events ( 0.39%)
ZtoMM trigger inconsistency
Processed   990000/ 1438584 entries, 68.82% (elapsed time 14950.3s, curr speed    0.066 kHz, avg speed    0.066 kHz), accepted     3856/  990001 events ( 0.39%)
ZtoMM trigger inconsistency
ZtoMM trigger inconsistency
ZtoMM trigger inconsistency
Processed  1000000/ 1438584 entries, 69.51% (elapsed time 15109.8s, curr speed    0.063 kHz, avg speed    0.066 kHz), accepted     3908/ 1000001 events ( 0.39%)
ZtoMM trigger inconsistency
ZtoMM trigger inconsistency
Processed  1010000/ 1438584 entries, 70.21% (elapsed time 15262.7s, curr speed    0.065 kHz, avg speed    0.066 kHz), accepted     3946/ 1010001 events ( 0.39%)
ZtoMM trigger inconsistency
ZtoMM trigger inconsistency
Processed  1020000/ 1438584 entries, 70.90% (elapsed time 15415.3s, curr speed    0.066 kHz, avg speed    0.066 kHz), accepted     3982/ 1020001 events ( 0.39%)
Processed  1030000/ 1438584 entries, 71.60% (elapsed time 15570.8s, curr speed    0.064 kHz, avg speed    0.066 kHz), accepted     4017/ 1030001 events ( 0.39%)
ZtoMM trigger inconsistency
ZtoMM trigger inconsistency
Processed  1040000/ 1438584 entries, 72.29% (elapsed time 15727.0s, curr speed    0.064 kHz, avg speed    0.066 kHz), accepted     4055/ 1040001 events ( 0.39%)
ZtoMM trigger inconsistency
ZtoMM trigger inconsistency
Processed  1050000/ 1438584 entries, 72.99% (elapsed time 15884.5s, curr speed    0.063 kHz, avg speed    0.066 kHz), accepted     4095/ 1050001 events ( 0.39%)
TtoEM trigger inconsistency
Processed  1060000/ 1438584 entries, 73.68% (elapsed time 16042.6s, curr speed    0.063 kHz, avg speed    0.066 kHz), accepted     4142/ 1060001 events ( 0.39%)
TtoEM trigger inconsistency
Processed  1070000/ 1438584 entries, 74.38% (elapsed time 16203.5s, curr speed    0.062 kHz, avg speed    0.066 kHz), accepted     4183/ 1070001 events ( 0.39%)
ZtoMM trigger inconsistency
Processed  1080000/ 1438584 entries, 75.07% (elapsed time 16369.3s, curr speed    0.060 kHz, avg speed    0.066 kHz), accepted     4227/ 1080001 events ( 0.39%)
ZtoMM trigger inconsistency
ZtoMM trigger inconsistency
Processed  1090000/ 1438584 entries, 75.77% (elapsed time 16535.0s, curr speed    0.060 kHz, avg speed    0.066 kHz), accepted     4274/ 1090001 events ( 0.39%)
ZtoMM trigger inconsistency
Processed  1100000/ 1438584 entries, 76.46% (elapsed time 16696.3s, curr speed    0.062 kHz, avg speed    0.066 kHz), accepted     4302/ 1100001 events ( 0.39%)
ZtoMM trigger inconsistency
ZtoMM trigger inconsistency
Processed  1110000/ 1438584 entries, 77.16% (elapsed time 16863.1s, curr speed    0.060 kHz, avg speed    0.066 kHz), accepted     4348/ 1110001 events ( 0.39%)
ZtoMM trigger inconsistency
Processed  1120000/ 1438584 entries, 77.85% (elapsed time 17028.0s, curr speed    0.061 kHz, avg speed    0.066 kHz), accepted     4390/ 1120001 events ( 0.39%)
TtoEM trigger inconsistency
ZtoMM trigger inconsistency
ZtoMM trigger inconsistency
ZtoMM trigger inconsistency
Processed  1130000/ 1438584 entries, 78.55% (elapsed time 17192.4s, curr speed    0.061 kHz, avg speed    0.066 kHz), accepted     4440/ 1130001 events ( 0.39%)
ZtoEE trigger inconsistency
ZtoEE trigger inconsistency
ZtoMM trigger inconsistency
ZtoEE trigger inconsistency
Processed  1140000/ 1438584 entries, 79.24% (elapsed time 17356.4s, curr speed    0.061 kHz, avg speed    0.066 kHz), accepted     4488/ 1140001 events ( 0.39%)
ZtoMM trigger inconsistency
ZtoMM trigger inconsistency
Processed  1150000/ 1438584 entries, 79.94% (elapsed time 17524.0s, curr speed    0.060 kHz, avg speed    0.066 kHz), accepted     4535/ 1150001 events ( 0.39%)
ZtoMM trigger inconsistency
Processed  1160000/ 1438584 entries, 80.63% (elapsed time 17687.5s, curr speed    0.061 kHz, avg speed    0.066 kHz), accepted     4573/ 1160001 events ( 0.39%)
TtoEM trigger inconsistency
ZtoMM trigger inconsistency
ZtoEE trigger inconsistency
Processed  1170000/ 1438584 entries, 81.33% (elapsed time 17848.6s, curr speed    0.062 kHz, avg speed    0.066 kHz), accepted     4608/ 1170001 events ( 0.39%)
Processed  1180000/ 1438584 entries, 82.03% (elapsed time 18013.0s, curr speed    0.061 kHz, avg speed    0.066 kHz), accepted     4658/ 1180001 events ( 0.39%)
ZtoMM trigger inconsistency
ZtoMM trigger inconsistency
ZtoMM trigger inconsistency
Processed  1190000/ 1438584 entries, 82.72% (elapsed time 18176.6s, curr speed    0.061 kHz, avg speed    0.065 kHz), accepted     4699/ 1190001 events ( 0.39%)
ZtoMM trigger inconsistency
Processed  1200000/ 1438584 entries, 83.42% (elapsed time 18336.4s, curr speed    0.063 kHz, avg speed    0.065 kHz), accepted     4738/ 1200001 events ( 0.39%)
ZtoMM trigger inconsistency
Processed  1210000/ 1438584 entries, 84.11% (elapsed time 18493.3s, curr speed    0.064 kHz, avg speed    0.065 kHz), accepted     4772/ 1210001 events ( 0.39%)
ZtoMM trigger inconsistency
Processed  1220000/ 1438584 entries, 84.81% (elapsed time 18662.1s, curr speed    0.059 kHz, avg speed    0.065 kHz), accepted     4815/ 1220001 events ( 0.39%)
Processed  1230000/ 1438584 entries, 85.50% (elapsed time 18829.7s, curr speed    0.060 kHz, avg speed    0.065 kHz), accepted     4855/ 1230001 events ( 0.39%)
ZtoMM trigger inconsistency
ZtoEE trigger inconsistency
Processed  1240000/ 1438584 entries, 86.20% (elapsed time 18995.2s, curr speed    0.060 kHz, avg speed    0.065 kHz), accepted     4900/ 1240001 events ( 0.40%)
ZtoMM trigger inconsistency
ZtoMM trigger inconsistency
ZtoMM trigger inconsistency
ZtoMM trigger inconsistency
ZtoMM trigger inconsistency
ZtoMM trigger inconsistency
Bad event
Processed  1250000/ 1438584 entries, 86.89% (elapsed time 19159.4s, curr speed    0.061 kHz, avg speed    0.065 kHz), accepted     4945/ 1250001 events ( 0.40%)
ZtoMM trigger inconsistency
ZtoMM trigger inconsistency
ZtoEE trigger inconsistency
Processed  1260000/ 1438584 entries, 87.59% (elapsed time 19328.1s, curr speed    0.059 kHz, avg speed    0.065 kHz), accepted     4992/ 1260001 events ( 0.40%)
ZtoMM trigger inconsistency
ZtoMM trigger inconsistency
ZtoMM trigger inconsistency
ZtoMM trigger inconsistency
Processed  1270000/ 1438584 entries, 88.28% (elapsed time 19491.5s, curr speed    0.061 kHz, avg speed    0.065 kHz), accepted     5027/ 1270001 events ( 0.40%)
ZtoMM trigger inconsistency
ZtoMM trigger inconsistency
ZtoMM trigger inconsistency
Processed  1280000/ 1438584 entries, 88.98% (elapsed time 19658.0s, curr speed    0.060 kHz, avg speed    0.065 kHz), accepted     5077/ 1280001 events ( 0.40%)
ZtoMM trigger inconsistency
ZtoMM trigger inconsistency
Processed  1290000/ 1438584 entries, 89.67% (elapsed time 19827.5s, curr speed    0.059 kHz, avg speed    0.065 kHz), accepted     5133/ 1290001 events ( 0.40%)
ZtoMM trigger inconsistency
ZtoMM trigger inconsistency
Processed  1300000/ 1438584 entries, 90.37% (elapsed time 19993.4s, curr speed    0.060 kHz, avg speed    0.065 kHz), accepted     5157/ 1300001 events ( 0.40%)
ZtoMM trigger inconsistency
Processed  1310000/ 1438584 entries, 91.06% (elapsed time 20157.0s, curr speed    0.061 kHz, avg speed    0.065 kHz), accepted     5198/ 1310001 events ( 0.40%)
ZtoMM trigger inconsistency
ZtoEE trigger inconsistency
ZtoMM trigger inconsistency
Processed  1320000/ 1438584 entries, 91.76% (elapsed time 20324.8s, curr speed    0.060 kHz, avg speed    0.065 kHz), accepted     5240/ 1320001 events ( 0.40%)
ZtoEE trigger inconsistency
Processed  1330000/ 1438584 entries, 92.45% (elapsed time 20497.3s, curr speed    0.058 kHz, avg speed    0.065 kHz), accepted     5278/ 1330001 events ( 0.40%)
ZtoMM trigger inconsistency
ZtoMM trigger inconsistency
Processed  1340000/ 1438584 entries, 93.15% (elapsed time 20662.6s, curr speed    0.061 kHz, avg speed    0.065 kHz), accepted     5328/ 1340001 events ( 0.40%)
ZtoMM trigger inconsistency
Processed  1350000/ 1438584 entries, 93.84% (elapsed time 20830.5s, curr speed    0.060 kHz, avg speed    0.065 kHz), accepted     5372/ 1350001 events ( 0.40%)
ZtoMM trigger inconsistency
Processed  1360000/ 1438584 entries, 94.54% (elapsed time 21003.9s, curr speed    0.058 kHz, avg speed    0.065 kHz), accepted     5408/ 1360001 events ( 0.40%)
ZtoMM trigger inconsistency
Processed  1370000/ 1438584 entries, 95.23% (elapsed time 21175.3s, curr speed    0.058 kHz, avg speed    0.065 kHz), accepted     5451/ 1370001 events ( 0.40%)
ZtoEE trigger inconsistency
ZtoMM trigger inconsistency
Processed  1380000/ 1438584 entries, 95.93% (elapsed time 21345.1s, curr speed    0.059 kHz, avg speed    0.065 kHz), accepted     5486/ 1380001 events ( 0.40%)
ZtoMM trigger inconsistency
ZtoEE trigger inconsistency
Processed  1390000/ 1438584 entries, 96.62% (elapsed time 21516.5s, curr speed    0.058 kHz, avg speed    0.065 kHz), accepted     5532/ 1390001 events ( 0.40%)
ZtoMM trigger inconsistency
ZtoMM trigger inconsistency
ZtoMM trigger inconsistency
Bad event
ZtoMM trigger inconsistency
Processed  1400000/ 1438584 entries, 97.32% (elapsed time 21689.8s, curr speed    0.058 kHz, avg speed    0.065 kHz), accepted     5576/ 1400001 events ( 0.40%)
ZtoMM trigger inconsistency
ZtoMM trigger inconsistency
Processed  1410000/ 1438584 entries, 98.01% (elapsed time 21862.7s, curr speed    0.058 kHz, avg speed    0.064 kHz), accepted     5619/ 1410001 events ( 0.40%)
ZtoMM trigger inconsistency
ZtoMM trigger inconsistency
Processed  1420000/ 1438584 entries, 98.71% (elapsed time 22029.2s, curr speed    0.060 kHz, avg speed    0.064 kHz), accepted     5668/ 1420001 events ( 0.40%)
ZtoMM trigger inconsistency
Processed  1430000/ 1438584 entries, 99.40% (elapsed time 22198.3s, curr speed    0.059 kHz, avg speed    0.064 kHz), accepted     5717/ 1430001 events ( 0.40%)
ZtoEE trigger inconsistency
Processed 1438584 preselected entries from root://cms-xrd-global.cern.ch//store/mc/RunIISummer16NanoAODv6/ZZTo2L2Nu_13TeV_powheg_pythia8_ext1/NANOAODSIM/PUMoriond17_Nano25Oct2019_102X_mcRun2_asymptotic_v7-v1/70000/BC7FFC9B-2327-FD40-AA77-C6D84FE8D272.root (1438584 entries). Finally selected 5758 entries
Done /work/pbaertsc/heavy_resonance/output_2016/ZZTo2L2Nu_13TeV_powheg_pythia8_ext1__RunIISummer16NanoAODv6-PUMoriond17_Nano25Oct2019_102X_mcRun2_asymptotic_v7-v1__NANOAODSIM/BC7FFC9B-2327-FD40-AA77-C6D84FE8D272.root
64.323148498 Hz
deleting root file with name: /work/pbaertsc/heavy_resonance/output_2016/ZZTo2L2Nu_13TeV_powheg_pythia8_ext1__RunIISummer16NanoAODv6-PUMoriond17_Nano25Oct2019_102X_mcRun2_asymptotic_v7-v1__NANOAODSIM/BC7FFC9B-2327-FD40-AA77-C6D84FE8D272.root
DONE
Complete at
Fri Jan 31 02:35:01 CET 2020
