job start at
Tue Jan 28 20:32:47 CET 2020
SLURM_JOB_ID: 422036
HOSTNAME: t3wn53
JOBLIST:joblist/joblist_ZZTo2Q2Nu_TuneCP5_13TeV_amcatnloFXFX_madspin_pythia8__RunIIAutumn18NanoAODv6-Nano25Oct2019_102X_upgrade2018_realistic_v20-v1__NANOAODSIM_ll.txt
Going to execute
python job.py -i root://cms-xrd-global.cern.ch//store/mc/RunIIAutumn18NanoAODv6/ZZTo2Q2Nu_TuneCP5_13TeV_amcatnloFXFX_madspin_pythia8/NANOAODSIM/Nano25Oct2019_102X_upgrade2018_realistic_v20-v1/230000/05571C56-F6C0-0347-8F33-C17E21E01FD3.root -o /work/pbaertsc/heavy_resonance/output_2018/ZZTo2Q2Nu_TuneCP5_13TeV_amcatnloFXFX_madspin_pythia8__RunIIAutumn18NanoAODv6-Nano25Oct2019_102X_upgrade2018_realistic_v20-v1__NANOAODSIM -N ZZTo2Q2Nu_TuneCP5_13TeV_amcatnloFXFX_madspin_pythia8__RunIIAutumn18NanoAODv6-Nano25Oct2019_102X_upgrade2018_realistic_v20-v1__NANOAODSIM -n 23 -c ll -y 2018
TClass::Init:0: RuntimeWarning: no dictionary for class ROOT::TIOFeatures is available
/work/pbaertsc/heavy_resonance/CMSSW_9_4_6/python/PhysicsTools/NanoAODTools/postprocessing/framework/treeReaderArrayTools.py:69: RuntimeWarning: creating executor for unknown type "ULong64_t*"
  ret = _vr.Get()[0]
JEC= Autumn18_V19_MC 	 JER= Autumn18_V7_MC
MET branch= PuppiMET
JEC= Autumn18_V19_MC 	 JER= Autumn18_V7_MC
MET branch= PuppiMET
--------------------------------------------------------------------------------
input files  = ['root://cms-xrd-global.cern.ch//store/mc/RunIIAutumn18NanoAODv6/ZZTo2Q2Nu_TuneCP5_13TeV_amcatnloFXFX_madspin_pythia8/NANOAODSIM/Nano25Oct2019_102X_upgrade2018_realistic_v20-v1/230000/05571C56-F6C0-0347-8F33-C17E21E01FD3.root']
output directory = /work/pbaertsc/heavy_resonance/output_2018/ZZTo2Q2Nu_TuneCP5_13TeV_amcatnloFXFX_madspin_pythia8__RunIIAutumn18NanoAODv6-Nano25Oct2019_102X_upgrade2018_realistic_v20-v1__NANOAODSIM
output file  = ZZTo2Q2Nu_TuneCP5_13TeV_amcatnloFXFX_madspin_pythia8__RunIIAutumn18NanoAODv6-Nano25Oct2019_102X_upgrade2018_realistic_v20-v1__NANOAODSIM_23_ll.root
chunck       = 23
channel      = ll
dataType     = mc
year         = 2018
tes          = 1.0
ltf          = 1.0
jtf          = 1.0
--------------------------------------------------------------------------------
job.py: creating PostProcessor...
TreeProducer is called /work/pbaertsc/heavy_resonance/output_2018/ZZTo2Q2Nu_TuneCP5_13TeV_amcatnloFXFX_madspin_pythia8__RunIIAutumn18NanoAODv6-Nano25Oct2019_102X_upgrade2018_realistic_v20-v1__NANOAODSIM/ZZTo2Q2Nu_TuneCP5_13TeV_amcatnloFXFX_madspin_pythia8__RunIIAutumn18NanoAODv6-Nano25Oct2019_102X_upgrade2018_realistic_v20-v1__NANOAODSIM_23_ll.root
job.py: going to run PostProcessor...
Will write selected trees to /work/pbaertsc/heavy_resonance/output_2018/ZZTo2Q2Nu_TuneCP5_13TeV_amcatnloFXFX_madspin_pythia8__RunIIAutumn18NanoAODv6-Nano25Oct2019_102X_upgrade2018_realistic_v20-v1__NANOAODSIM
Loading jet energy scale (JES) uncertainties from file '/tmp/tmpWTaYxN/Autumn18_V19_MC_Uncertainty_AK4PFchs.txt'
Loading jet energy resolutions (JER) from file '/tmp/tmpWwlUak/Autumn18_V7_MC_PtResolution_AK4PFchs.txt'
Loading JER scale factors and uncertainties from file '/tmp/tmpWwlUak/Autumn18_V7_MC_SF_AK4PFchs.txt'
Loading jet energy scale (JES) uncertainties from file '/tmp/tmpu0xgy9/Autumn18_V19_MC_Uncertainty_AK8PFPuppi.txt'
Loading jet energy resolutions (JER) from file '/tmp/tmp88mN7f/Autumn18_V7_MC_PtResolution_AK8PFPuppi.txt'
Loading JER scale factors and uncertainties from file '/tmp/tmp88mN7f/Autumn18_V7_MC_SF_AK8PFPuppi.txt'
Pre-select 1085733 entries out of 1085733 (100.00%)
nanoAODv5? True
Processed    10000/ 1085733 entries,  0.92% (elapsed time   176.1s, curr speed    0.057 kHz, avg speed    0.057 kHz), accepted      134/   10001 events ( 1.34%)
Processed    20000/ 1085733 entries,  1.84% (elapsed time   339.6s, curr speed    0.061 kHz, avg speed    0.059 kHz), accepted      254/   20001 events ( 1.27%)
Processed    30000/ 1085733 entries,  2.76% (elapsed time   491.6s, curr speed    0.066 kHz, avg speed    0.061 kHz), accepted      397/   30001 events ( 1.32%)
Processed    40000/ 1085733 entries,  3.68% (elapsed time   638.2s, curr speed    0.068 kHz, avg speed    0.063 kHz), accepted      512/   40001 events ( 1.28%)
Processed    50000/ 1085733 entries,  4.61% (elapsed time   770.5s, curr speed    0.076 kHz, avg speed    0.065 kHz), accepted      652/   50001 events ( 1.30%)
Processed    60000/ 1085733 entries,  5.53% (elapsed time   906.1s, curr speed    0.074 kHz, avg speed    0.066 kHz), accepted      777/   60001 events ( 1.29%)
Processed    70000/ 1085733 entries,  6.45% (elapsed time  1030.6s, curr speed    0.080 kHz, avg speed    0.068 kHz), accepted      901/   70001 events ( 1.29%)
Processed    80000/ 1085733 entries,  7.37% (elapsed time  1156.6s, curr speed    0.079 kHz, avg speed    0.069 kHz), accepted     1035/   80001 events ( 1.29%)
Bad event
Processed    90000/ 1085733 entries,  8.29% (elapsed time  1286.8s, curr speed    0.077 kHz, avg speed    0.070 kHz), accepted     1177/   90001 events ( 1.31%)
Processed   100000/ 1085733 entries,  9.21% (elapsed time  1411.9s, curr speed    0.080 kHz, avg speed    0.071 kHz), accepted     1315/  100001 events ( 1.31%)
Processed   110000/ 1085733 entries, 10.13% (elapsed time  1524.9s, curr speed    0.088 kHz, avg speed    0.072 kHz), accepted     1432/  110001 events ( 1.30%)
Processed   120000/ 1085733 entries, 11.05% (elapsed time  1643.8s, curr speed    0.084 kHz, avg speed    0.073 kHz), accepted     1573/  120001 events ( 1.31%)
Processed   130000/ 1085733 entries, 11.97% (elapsed time  1753.2s, curr speed    0.091 kHz, avg speed    0.074 kHz), accepted     1700/  130001 events ( 1.31%)
Processed   140000/ 1085733 entries, 12.89% (elapsed time  1876.2s, curr speed    0.081 kHz, avg speed    0.075 kHz), accepted     1816/  140001 events ( 1.30%)
Processed   150000/ 1085733 entries, 13.82% (elapsed time  1988.8s, curr speed    0.089 kHz, avg speed    0.075 kHz), accepted     1931/  150001 events ( 1.29%)
Processed   160000/ 1085733 entries, 14.74% (elapsed time  2115.1s, curr speed    0.079 kHz, avg speed    0.076 kHz), accepted     2068/  160001 events ( 1.29%)
Processed   170000/ 1085733 entries, 15.66% (elapsed time  2238.3s, curr speed    0.081 kHz, avg speed    0.076 kHz), accepted     2202/  170001 events ( 1.30%)
Processed   180000/ 1085733 entries, 16.58% (elapsed time  2359.1s, curr speed    0.083 kHz, avg speed    0.076 kHz), accepted     2341/  180001 events ( 1.30%)
Processed   190000/ 1085733 entries, 17.50% (elapsed time  2487.8s, curr speed    0.078 kHz, avg speed    0.076 kHz), accepted     2475/  190001 events ( 1.30%)
Processed   200000/ 1085733 entries, 18.42% (elapsed time  2600.5s, curr speed    0.089 kHz, avg speed    0.077 kHz), accepted     2603/  200001 events ( 1.30%)
Processed   210000/ 1085733 entries, 19.34% (elapsed time  2728.3s, curr speed    0.078 kHz, avg speed    0.077 kHz), accepted     2757/  210001 events ( 1.31%)
Processed   220000/ 1085733 entries, 20.26% (elapsed time  2840.6s, curr speed    0.089 kHz, avg speed    0.077 kHz), accepted     2874/  220001 events ( 1.31%)
Processed   230000/ 1085733 entries, 21.18% (elapsed time  2954.3s, curr speed    0.088 kHz, avg speed    0.078 kHz), accepted     3010/  230001 events ( 1.31%)
Processed   240000/ 1085733 entries, 22.10% (elapsed time  3071.7s, curr speed    0.085 kHz, avg speed    0.078 kHz), accepted     3151/  240001 events ( 1.31%)
Processed   250000/ 1085733 entries, 23.03% (elapsed time  3178.6s, curr speed    0.094 kHz, avg speed    0.079 kHz), accepted     3292/  250001 events ( 1.32%)
Processed   260000/ 1085733 entries, 23.95% (elapsed time  3301.4s, curr speed    0.081 kHz, avg speed    0.079 kHz), accepted     3429/  260001 events ( 1.32%)
Processed   270000/ 1085733 entries, 24.87% (elapsed time  3415.1s, curr speed    0.088 kHz, avg speed    0.079 kHz), accepted     3554/  270001 events ( 1.32%)
Processed   280000/ 1085733 entries, 25.79% (elapsed time  3533.9s, curr speed    0.084 kHz, avg speed    0.079 kHz), accepted     3693/  280001 events ( 1.32%)
Processed   290000/ 1085733 entries, 26.71% (elapsed time  3665.2s, curr speed    0.076 kHz, avg speed    0.079 kHz), accepted     3814/  290001 events ( 1.32%)
Processed   300000/ 1085733 entries, 27.63% (elapsed time  3788.2s, curr speed    0.081 kHz, avg speed    0.079 kHz), accepted     3966/  300001 events ( 1.32%)
Processed   310000/ 1085733 entries, 28.55% (elapsed time  3926.3s, curr speed    0.072 kHz, avg speed    0.079 kHz), accepted     4100/  310001 events ( 1.32%)
Processed   320000/ 1085733 entries, 29.47% (elapsed time  4048.1s, curr speed    0.082 kHz, avg speed    0.079 kHz), accepted     4230/  320001 events ( 1.32%)
Processed   330000/ 1085733 entries, 30.39% (elapsed time  4191.3s, curr speed    0.070 kHz, avg speed    0.079 kHz), accepted     4354/  330001 events ( 1.32%)
Processed   340000/ 1085733 entries, 31.32% (elapsed time  4333.0s, curr speed    0.071 kHz, avg speed    0.078 kHz), accepted     4506/  340001 events ( 1.33%)
Processed   350000/ 1085733 entries, 32.24% (elapsed time  4484.6s, curr speed    0.066 kHz, avg speed    0.078 kHz), accepted     4621/  350001 events ( 1.32%)
Processed   360000/ 1085733 entries, 33.16% (elapsed time  4642.4s, curr speed    0.063 kHz, avg speed    0.078 kHz), accepted     4747/  360001 events ( 1.32%)
Processed   370000/ 1085733 entries, 34.08% (elapsed time  4802.0s, curr speed    0.063 kHz, avg speed    0.077 kHz), accepted     4873/  370001 events ( 1.32%)
Processed   380000/ 1085733 entries, 35.00% (elapsed time  4961.5s, curr speed    0.063 kHz, avg speed    0.077 kHz), accepted     5004/  380001 events ( 1.32%)
Processed   390000/ 1085733 entries, 35.92% (elapsed time  5100.5s, curr speed    0.072 kHz, avg speed    0.076 kHz), accepted     5139/  390001 events ( 1.32%)
Processed   400000/ 1085733 entries, 36.84% (elapsed time  5246.9s, curr speed    0.068 kHz, avg speed    0.076 kHz), accepted     5286/  400001 events ( 1.32%)
Bad event
Processed   410000/ 1085733 entries, 37.76% (elapsed time  5380.6s, curr speed    0.075 kHz, avg speed    0.076 kHz), accepted     5418/  410001 events ( 1.32%)
Bad event
Processed   420000/ 1085733 entries, 38.68% (elapsed time  5509.4s, curr speed    0.078 kHz, avg speed    0.076 kHz), accepted     5545/  420001 events ( 1.32%)
Bad event
Processed   430000/ 1085733 entries, 39.60% (elapsed time  5640.5s, curr speed    0.076 kHz, avg speed    0.076 kHz), accepted     5678/  430001 events ( 1.32%)
Processed   440000/ 1085733 entries, 40.53% (elapsed time  5765.6s, curr speed    0.080 kHz, avg speed    0.076 kHz), accepted     5800/  440001 events ( 1.32%)
Processed   450000/ 1085733 entries, 41.45% (elapsed time  5898.8s, curr speed    0.075 kHz, avg speed    0.076 kHz), accepted     5927/  450001 events ( 1.32%)
Bad event
Processed   460000/ 1085733 entries, 42.37% (elapsed time  6023.3s, curr speed    0.080 kHz, avg speed    0.076 kHz), accepted     6058/  460001 events ( 1.32%)
Processed   470000/ 1085733 entries, 43.29% (elapsed time  6147.1s, curr speed    0.081 kHz, avg speed    0.076 kHz), accepted     6196/  470001 events ( 1.32%)
Bad event
Processed   480000/ 1085733 entries, 44.21% (elapsed time  6276.6s, curr speed    0.077 kHz, avg speed    0.076 kHz), accepted     6312/  480001 events ( 1.31%)
Processed   490000/ 1085733 entries, 45.13% (elapsed time  6402.5s, curr speed    0.079 kHz, avg speed    0.077 kHz), accepted     6472/  490001 events ( 1.32%)
Processed   500000/ 1085733 entries, 46.05% (elapsed time  6517.6s, curr speed    0.087 kHz, avg speed    0.077 kHz), accepted     6601/  500001 events ( 1.32%)
Processed   510000/ 1085733 entries, 46.97% (elapsed time  6634.9s, curr speed    0.085 kHz, avg speed    0.077 kHz), accepted     6731/  510001 events ( 1.32%)
Processed   520000/ 1085733 entries, 47.89% (elapsed time  6747.2s, curr speed    0.089 kHz, avg speed    0.077 kHz), accepted     6845/  520001 events ( 1.32%)
Processed   530000/ 1085733 entries, 48.81% (elapsed time  6873.9s, curr speed    0.079 kHz, avg speed    0.077 kHz), accepted     7000/  530001 events ( 1.32%)
Bad event
Processed   540000/ 1085733 entries, 49.74% (elapsed time  6989.2s, curr speed    0.087 kHz, avg speed    0.077 kHz), accepted     7141/  540001 events ( 1.32%)
Processed   550000/ 1085733 entries, 50.66% (elapsed time  7120.7s, curr speed    0.076 kHz, avg speed    0.077 kHz), accepted     7265/  550001 events ( 1.32%)
Processed   560000/ 1085733 entries, 51.58% (elapsed time  7241.9s, curr speed    0.083 kHz, avg speed    0.077 kHz), accepted     7384/  560001 events ( 1.32%)
Processed   570000/ 1085733 entries, 52.50% (elapsed time  7358.0s, curr speed    0.086 kHz, avg speed    0.077 kHz), accepted     7529/  570001 events ( 1.32%)
Processed   580000/ 1085733 entries, 53.42% (elapsed time  7473.4s, curr speed    0.087 kHz, avg speed    0.078 kHz), accepted     7680/  580001 events ( 1.32%)
Processed   590000/ 1085733 entries, 54.34% (elapsed time  7582.7s, curr speed    0.092 kHz, avg speed    0.078 kHz), accepted     7828/  590001 events ( 1.33%)
Processed   600000/ 1085733 entries, 55.26% (elapsed time  7707.6s, curr speed    0.080 kHz, avg speed    0.078 kHz), accepted     7967/  600001 events ( 1.33%)
Processed   610000/ 1085733 entries, 56.18% (elapsed time  7817.2s, curr speed    0.091 kHz, avg speed    0.078 kHz), accepted     8087/  610001 events ( 1.33%)
Processed   620000/ 1085733 entries, 57.10% (elapsed time  7933.8s, curr speed    0.086 kHz, avg speed    0.078 kHz), accepted     8223/  620001 events ( 1.33%)
Processed   630000/ 1085733 entries, 58.03% (elapsed time  8057.9s, curr speed    0.081 kHz, avg speed    0.078 kHz), accepted     8354/  630001 events ( 1.33%)
Processed   640000/ 1085733 entries, 58.95% (elapsed time  8177.6s, curr speed    0.084 kHz, avg speed    0.078 kHz), accepted     8481/  640001 events ( 1.33%)
Bad event
Processed   650000/ 1085733 entries, 59.87% (elapsed time  8310.9s, curr speed    0.075 kHz, avg speed    0.078 kHz), accepted     8616/  650001 events ( 1.33%)
Bad event
Processed   660000/ 1085733 entries, 60.79% (elapsed time  8432.5s, curr speed    0.082 kHz, avg speed    0.078 kHz), accepted     8763/  660001 events ( 1.33%)
Processed   670000/ 1085733 entries, 61.71% (elapsed time  8570.7s, curr speed    0.072 kHz, avg speed    0.078 kHz), accepted     8903/  670001 events ( 1.33%)
Processed   680000/ 1085733 entries, 62.63% (elapsed time  8700.0s, curr speed    0.077 kHz, avg speed    0.078 kHz), accepted     9051/  680001 events ( 1.33%)
%MSG-e SimpleJetCorrectionUncertainty: 
 bin variables out of range
%MSG
%MSG-e SimpleJetCorrectionUncertainty: 
 bin variables out of range
%MSG
Processed   690000/ 1085733 entries, 63.55% (elapsed time  8823.3s, curr speed    0.081 kHz, avg speed    0.078 kHz), accepted     9179/  690001 events ( 1.33%)
%MSG-e SimpleJetCorrectionUncertainty: 
 bin variables out of range
%MSG
%MSG-e SimpleJetCorrectionUncertainty: 
 bin variables out of range
%MSG
Processed   700000/ 1085733 entries, 64.47% (elapsed time  8959.7s, curr speed    0.073 kHz, avg speed    0.078 kHz), accepted     9321/  700001 events ( 1.33%)
Bad event
Processed   710000/ 1085733 entries, 65.39% (elapsed time  9080.2s, curr speed    0.083 kHz, avg speed    0.078 kHz), accepted     9485/  710001 events ( 1.34%)
Processed   720000/ 1085733 entries, 66.31% (elapsed time  9217.8s, curr speed    0.073 kHz, avg speed    0.078 kHz), accepted     9611/  720001 events ( 1.33%)
Processed   730000/ 1085733 entries, 67.24% (elapsed time  9355.9s, curr speed    0.072 kHz, avg speed    0.078 kHz), accepted     9739/  730001 events ( 1.33%)
Processed   740000/ 1085733 entries, 68.16% (elapsed time  9493.8s, curr speed    0.073 kHz, avg speed    0.078 kHz), accepted     9877/  740001 events ( 1.33%)
Processed   750000/ 1085733 entries, 69.08% (elapsed time  9660.2s, curr speed    0.060 kHz, avg speed    0.078 kHz), accepted    10007/  750001 events ( 1.33%)
Bad event
Processed   760000/ 1085733 entries, 70.00% (elapsed time  9818.3s, curr speed    0.063 kHz, avg speed    0.077 kHz), accepted    10126/  760001 events ( 1.33%)
Processed   770000/ 1085733 entries, 70.92% (elapsed time  9972.0s, curr speed    0.065 kHz, avg speed    0.077 kHz), accepted    10282/  770001 events ( 1.34%)
Processed   780000/ 1085733 entries, 71.84% (elapsed time 10110.9s, curr speed    0.072 kHz, avg speed    0.077 kHz), accepted    10409/  780001 events ( 1.33%)
Bad event
Processed   790000/ 1085733 entries, 72.76% (elapsed time 10259.0s, curr speed    0.068 kHz, avg speed    0.077 kHz), accepted    10543/  790001 events ( 1.33%)
Processed   800000/ 1085733 entries, 73.68% (elapsed time 10404.6s, curr speed    0.069 kHz, avg speed    0.077 kHz), accepted    10664/  800001 events ( 1.33%)
Processed   810000/ 1085733 entries, 74.60% (elapsed time 10547.9s, curr speed    0.070 kHz, avg speed    0.077 kHz), accepted    10808/  810001 events ( 1.33%)
Processed   820000/ 1085733 entries, 75.53% (elapsed time 10691.4s, curr speed    0.070 kHz, avg speed    0.077 kHz), accepted    10942/  820001 events ( 1.33%)
Processed   830000/ 1085733 entries, 76.45% (elapsed time 10820.8s, curr speed    0.077 kHz, avg speed    0.077 kHz), accepted    11061/  830001 events ( 1.33%)
Processed   840000/ 1085733 entries, 77.37% (elapsed time 10949.9s, curr speed    0.077 kHz, avg speed    0.077 kHz), accepted    11179/  840001 events ( 1.33%)
Processed   850000/ 1085733 entries, 78.29% (elapsed time 11072.6s, curr speed    0.082 kHz, avg speed    0.077 kHz), accepted    11327/  850001 events ( 1.33%)
Processed   860000/ 1085733 entries, 79.21% (elapsed time 11189.9s, curr speed    0.085 kHz, avg speed    0.077 kHz), accepted    11449/  860001 events ( 1.33%)
Processed   870000/ 1085733 entries, 80.13% (elapsed time 11302.9s, curr speed    0.088 kHz, avg speed    0.077 kHz), accepted    11601/  870001 events ( 1.33%)
Processed   880000/ 1085733 entries, 81.05% (elapsed time 11415.1s, curr speed    0.089 kHz, avg speed    0.077 kHz), accepted    11743/  880001 events ( 1.33%)
Processed   890000/ 1085733 entries, 81.97% (elapsed time 11535.3s, curr speed    0.083 kHz, avg speed    0.077 kHz), accepted    11880/  890001 events ( 1.33%)
Processed   900000/ 1085733 entries, 82.89% (elapsed time 11656.4s, curr speed    0.083 kHz, avg speed    0.077 kHz), accepted    12003/  900001 events ( 1.33%)
Processed   910000/ 1085733 entries, 83.81% (elapsed time 11777.8s, curr speed    0.082 kHz, avg speed    0.077 kHz), accepted    12143/  910001 events ( 1.33%)
Processed   920000/ 1085733 entries, 84.74% (elapsed time 11902.6s, curr speed    0.080 kHz, avg speed    0.077 kHz), accepted    12258/  920001 events ( 1.33%)
Processed   930000/ 1085733 entries, 85.66% (elapsed time 12005.9s, curr speed    0.097 kHz, avg speed    0.077 kHz), accepted    12407/  930001 events ( 1.33%)
Processed   940000/ 1085733 entries, 86.58% (elapsed time 12134.4s, curr speed    0.078 kHz, avg speed    0.077 kHz), accepted    12521/  940001 events ( 1.33%)
Bad event
Processed   950000/ 1085733 entries, 87.50% (elapsed time 12258.9s, curr speed    0.080 kHz, avg speed    0.077 kHz), accepted    12626/  950001 events ( 1.33%)
Processed   960000/ 1085733 entries, 88.42% (elapsed time 12406.9s, curr speed    0.068 kHz, avg speed    0.077 kHz), accepted    12760/  960001 events ( 1.33%)
Processed   970000/ 1085733 entries, 89.34% (elapsed time 12567.3s, curr speed    0.062 kHz, avg speed    0.077 kHz), accepted    12888/  970001 events ( 1.33%)
Processed   980000/ 1085733 entries, 90.26% (elapsed time 12720.9s, curr speed    0.065 kHz, avg speed    0.077 kHz), accepted    13028/  980001 events ( 1.33%)
Processed   990000/ 1085733 entries, 91.18% (elapsed time 12869.3s, curr speed    0.067 kHz, avg speed    0.077 kHz), accepted    13143/  990001 events ( 1.33%)
Processed  1000000/ 1085733 entries, 92.10% (elapsed time 13029.0s, curr speed    0.063 kHz, avg speed    0.077 kHz), accepted    13272/ 1000001 events ( 1.33%)
Processed  1010000/ 1085733 entries, 93.02% (elapsed time 13180.6s, curr speed    0.066 kHz, avg speed    0.077 kHz), accepted    13397/ 1010001 events ( 1.33%)
Processed  1020000/ 1085733 entries, 93.95% (elapsed time 13330.9s, curr speed    0.067 kHz, avg speed    0.077 kHz), accepted    13521/ 1020001 events ( 1.33%)
Processed  1030000/ 1085733 entries, 94.87% (elapsed time 13488.2s, curr speed    0.064 kHz, avg speed    0.076 kHz), accepted    13658/ 1030001 events ( 1.33%)
Processed  1040000/ 1085733 entries, 95.79% (elapsed time 13640.9s, curr speed    0.065 kHz, avg speed    0.076 kHz), accepted    13795/ 1040001 events ( 1.33%)
Processed  1050000/ 1085733 entries, 96.71% (elapsed time 13799.7s, curr speed    0.063 kHz, avg speed    0.076 kHz), accepted    13944/ 1050001 events ( 1.33%)
Processed  1060000/ 1085733 entries, 97.63% (elapsed time 13952.8s, curr speed    0.065 kHz, avg speed    0.076 kHz), accepted    14079/ 1060001 events ( 1.33%)
Processed  1070000/ 1085733 entries, 98.55% (elapsed time 14102.0s, curr speed    0.067 kHz, avg speed    0.076 kHz), accepted    14216/ 1070001 events ( 1.33%)
Processed  1080000/ 1085733 entries, 99.47% (elapsed time 14263.5s, curr speed    0.062 kHz, avg speed    0.076 kHz), accepted    14353/ 1080001 events ( 1.33%)
Processed 1085733 preselected entries from root://cms-xrd-global.cern.ch//store/mc/RunIIAutumn18NanoAODv6/ZZTo2Q2Nu_TuneCP5_13TeV_amcatnloFXFX_madspin_pythia8/NANOAODSIM/Nano25Oct2019_102X_upgrade2018_realistic_v20-v1/230000/05571C56-F6C0-0347-8F33-C17E21E01FD3.root (1085733 entries). Finally selected 14428 entries
Done /work/pbaertsc/heavy_resonance/output_2018/ZZTo2Q2Nu_TuneCP5_13TeV_amcatnloFXFX_madspin_pythia8__RunIIAutumn18NanoAODv6-Nano25Oct2019_102X_upgrade2018_realistic_v20-v1__NANOAODSIM/05571C56-F6C0-0347-8F33-C17E21E01FD3.root
75.4073938255 Hz
deleting root file with name: /work/pbaertsc/heavy_resonance/output_2018/ZZTo2Q2Nu_TuneCP5_13TeV_amcatnloFXFX_madspin_pythia8__RunIIAutumn18NanoAODv6-Nano25Oct2019_102X_upgrade2018_realistic_v20-v1__NANOAODSIM/05571C56-F6C0-0347-8F33-C17E21E01FD3.root
DONE
Complete at
Wed Jan 29 04:02:56 CET 2020
