job start at
Thu Jan 30 20:16:41 CET 2020
SLURM_JOB_ID: 441216
HOSTNAME: t3wn63
JOBLIST:joblist/joblist_WminusH_HToBB_WToLNu_M125_13TeV_powheg_pythia8__RunIISummer16NanoAODv6-PUMoriond17_Nano25Oct2019_102X_mcRun2_asymptotic_v7_ext1-v1__NANOAODSIM_ll.txt
Going to execute
python job.py -i root://cms-xrd-global.cern.ch//store/mc/RunIISummer16NanoAODv6/WminusH_HToBB_WToLNu_M125_13TeV_powheg_pythia8/NANOAODSIM/PUMoriond17_Nano25Oct2019_102X_mcRun2_asymptotic_v7_ext1-v1/270000/1A582BC1-75A7-6E44-8963-5F35F13A479A.root -o /work/pbaertsc/heavy_resonance/output_2016/WminusH_HToBB_WToLNu_M125_13TeV_powheg_pythia8__RunIISummer16NanoAODv6-PUMoriond17_Nano25Oct2019_102X_mcRun2_asymptotic_v7_ext1-v1__NANOAODSIM -N WminusH_HToBB_WToLNu_M125_13TeV_powheg_pythia8__RunIISummer16NanoAODv6-PUMoriond17_Nano25Oct2019_102X_mcRun2_asymptotic_v7_ext1-v1__NANOAODSIM -n 0 -c ll -y 2016
TClass::Init:0: RuntimeWarning: no dictionary for class ROOT::TIOFeatures is available
/work/pbaertsc/heavy_resonance/CMSSW_9_4_6/python/PhysicsTools/NanoAODTools/postprocessing/framework/treeReaderArrayTools.py:69: RuntimeWarning: creating executor for unknown type "ULong64_t*"
  ret = _vr.Get()[0]
JEC= Summer16_07Aug2017_V11_MC 	 JER= Summer16_25nsV1_MC
MET branch= PuppiMET
JEC= Summer16_07Aug2017_V11_MC 	 JER= Summer16_25nsV1_MC
MET branch= PuppiMET
--------------------------------------------------------------------------------
input files  = ['root://cms-xrd-global.cern.ch//store/mc/RunIISummer16NanoAODv6/WminusH_HToBB_WToLNu_M125_13TeV_powheg_pythia8/NANOAODSIM/PUMoriond17_Nano25Oct2019_102X_mcRun2_asymptotic_v7_ext1-v1/270000/1A582BC1-75A7-6E44-8963-5F35F13A479A.root']
output directory = /work/pbaertsc/heavy_resonance/output_2016/WminusH_HToBB_WToLNu_M125_13TeV_powheg_pythia8__RunIISummer16NanoAODv6-PUMoriond17_Nano25Oct2019_102X_mcRun2_asymptotic_v7_ext1-v1__NANOAODSIM
output file  = WminusH_HToBB_WToLNu_M125_13TeV_powheg_pythia8__RunIISummer16NanoAODv6-PUMoriond17_Nano25Oct2019_102X_mcRun2_asymptotic_v7_ext1-v1__NANOAODSIM_0_ll.root
chunck       = 0
channel      = ll
dataType     = mc
year         = 2016
tes          = 1.0
ltf          = 1.0
jtf          = 1.0
--------------------------------------------------------------------------------
job.py: creating PostProcessor...
TreeProducer is called /work/pbaertsc/heavy_resonance/output_2016/WminusH_HToBB_WToLNu_M125_13TeV_powheg_pythia8__RunIISummer16NanoAODv6-PUMoriond17_Nano25Oct2019_102X_mcRun2_asymptotic_v7_ext1-v1__NANOAODSIM/WminusH_HToBB_WToLNu_M125_13TeV_powheg_pythia8__RunIISummer16NanoAODv6-PUMoriond17_Nano25Oct2019_102X_mcRun2_asymptotic_v7_ext1-v1__NANOAODSIM_0_ll.root
job.py: going to run PostProcessor...
Will write selected trees to /work/pbaertsc/heavy_resonance/output_2016/WminusH_HToBB_WToLNu_M125_13TeV_powheg_pythia8__RunIISummer16NanoAODv6-PUMoriond17_Nano25Oct2019_102X_mcRun2_asymptotic_v7_ext1-v1__NANOAODSIM
Loading jet energy scale (JES) uncertainties from file '/tmp/tmpB4KpDb/Summer16_07Aug2017_V11_MC_Uncertainty_AK4PFchs.txt'
Loading jet energy resolutions (JER) from file '/tmp/tmpNjvibj/Summer16_25nsV1_MC_PtResolution_AK4PFchs.txt'
Loading JER scale factors and uncertainties from file '/tmp/tmpNjvibj/Summer16_25nsV1_MC_SF_AK4PFchs.txt'
Loading jet energy scale (JES) uncertainties from file '/tmp/tmpjVm5ph/Summer16_07Aug2017_V11_MC_Uncertainty_AK8PFPuppi.txt'
Loading jet energy resolutions (JER) from file '/tmp/tmpaa8llQ/Summer16_25nsV1_MC_PtResolution_AK8PFPuppi.txt'
Loading JER scale factors and uncertainties from file '/tmp/tmpaa8llQ/Summer16_25nsV1_MC_SF_AK8PFPuppi.txt'
Pre-select 503600 entries out of 503600 (100.00%)
nanoAODv5? True
Processed    10000/  503600 entries,  1.99% (elapsed time    72.8s, curr speed    0.137 kHz, avg speed    0.137 kHz), accepted       23/   10001 events ( 0.23%)
Processed    20000/  503600 entries,  3.97% (elapsed time   141.7s, curr speed    0.145 kHz, avg speed    0.141 kHz), accepted       47/   20001 events ( 0.23%)
Processed    30000/  503600 entries,  5.96% (elapsed time   210.5s, curr speed    0.145 kHz, avg speed    0.143 kHz), accepted       79/   30001 events ( 0.26%)
Processed    40000/  503600 entries,  7.94% (elapsed time   279.4s, curr speed    0.145 kHz, avg speed    0.143 kHz), accepted      111/   40001 events ( 0.28%)
Processed    50000/  503600 entries,  9.93% (elapsed time   369.8s, curr speed    0.111 kHz, avg speed    0.135 kHz), accepted      140/   50001 events ( 0.28%)
Processed    60000/  503600 entries, 11.91% (elapsed time   438.3s, curr speed    0.146 kHz, avg speed    0.137 kHz), accepted      161/   60001 events ( 0.27%)
Processed    70000/  503600 entries, 13.90% (elapsed time   506.8s, curr speed    0.146 kHz, avg speed    0.138 kHz), accepted      188/   70001 events ( 0.27%)
Processed    80000/  503600 entries, 15.89% (elapsed time   574.6s, curr speed    0.147 kHz, avg speed    0.139 kHz), accepted      224/   80001 events ( 0.28%)
Processed    90000/  503600 entries, 17.87% (elapsed time   642.3s, curr speed    0.148 kHz, avg speed    0.140 kHz), accepted      254/   90001 events ( 0.28%)
Processed   100000/  503600 entries, 19.86% (elapsed time   709.9s, curr speed    0.148 kHz, avg speed    0.141 kHz), accepted      278/  100001 events ( 0.28%)
Processed   110000/  503600 entries, 21.84% (elapsed time   776.8s, curr speed    0.149 kHz, avg speed    0.142 kHz), accepted      304/  110001 events ( 0.28%)
Processed   120000/  503600 entries, 23.83% (elapsed time   843.1s, curr speed    0.151 kHz, avg speed    0.142 kHz), accepted      331/  120001 events ( 0.28%)
Bad event
Processed   130000/  503600 entries, 25.81% (elapsed time   909.6s, curr speed    0.150 kHz, avg speed    0.143 kHz), accepted      365/  130001 events ( 0.28%)
Bad event
Processed   140000/  503600 entries, 27.80% (elapsed time   977.1s, curr speed    0.148 kHz, avg speed    0.143 kHz), accepted      390/  140001 events ( 0.28%)
Processed   150000/  503600 entries, 29.79% (elapsed time  1043.8s, curr speed    0.150 kHz, avg speed    0.144 kHz), accepted      424/  150001 events ( 0.28%)
Bad event
Processed   160000/  503600 entries, 31.77% (elapsed time  1109.8s, curr speed    0.151 kHz, avg speed    0.144 kHz), accepted      447/  160001 events ( 0.28%)
Processed   170000/  503600 entries, 33.76% (elapsed time  1176.0s, curr speed    0.151 kHz, avg speed    0.145 kHz), accepted      473/  170001 events ( 0.28%)
Processed   180000/  503600 entries, 35.74% (elapsed time  1241.3s, curr speed    0.153 kHz, avg speed    0.145 kHz), accepted      492/  180001 events ( 0.27%)
Processed   190000/  503600 entries, 37.73% (elapsed time  1306.9s, curr speed    0.152 kHz, avg speed    0.145 kHz), accepted      517/  190001 events ( 0.27%)
Processed   200000/  503600 entries, 39.71% (elapsed time  1372.5s, curr speed    0.152 kHz, avg speed    0.146 kHz), accepted      539/  200001 events ( 0.27%)
Bad event
Processed   210000/  503600 entries, 41.70% (elapsed time  1438.9s, curr speed    0.151 kHz, avg speed    0.146 kHz), accepted      569/  210001 events ( 0.27%)
Processed   220000/  503600 entries, 43.69% (elapsed time  1505.2s, curr speed    0.151 kHz, avg speed    0.146 kHz), accepted      591/  220001 events ( 0.27%)
Bad event
Processed   230000/  503600 entries, 45.67% (elapsed time  1571.0s, curr speed    0.152 kHz, avg speed    0.146 kHz), accepted      617/  230001 events ( 0.27%)
Processed   240000/  503600 entries, 47.66% (elapsed time  1636.8s, curr speed    0.152 kHz, avg speed    0.147 kHz), accepted      640/  240001 events ( 0.27%)
Processed   250000/  503600 entries, 49.64% (elapsed time  1702.7s, curr speed    0.152 kHz, avg speed    0.147 kHz), accepted      666/  250001 events ( 0.27%)
Processed   260000/  503600 entries, 51.63% (elapsed time  1769.1s, curr speed    0.151 kHz, avg speed    0.147 kHz), accepted      700/  260001 events ( 0.27%)
Processed   270000/  503600 entries, 53.61% (elapsed time  1834.5s, curr speed    0.153 kHz, avg speed    0.147 kHz), accepted      725/  270001 events ( 0.27%)
Bad event
Processed   280000/  503600 entries, 55.60% (elapsed time  1899.5s, curr speed    0.154 kHz, avg speed    0.147 kHz), accepted      750/  280001 events ( 0.27%)
Bad event
Processed   290000/  503600 entries, 57.59% (elapsed time  1964.7s, curr speed    0.153 kHz, avg speed    0.148 kHz), accepted      778/  290001 events ( 0.27%)
TtoEM trigger inconsistency
Processed   300000/  503600 entries, 59.57% (elapsed time  2030.3s, curr speed    0.153 kHz, avg speed    0.148 kHz), accepted      810/  300001 events ( 0.27%)
Processed   310000/  503600 entries, 61.56% (elapsed time  2095.1s, curr speed    0.154 kHz, avg speed    0.148 kHz), accepted      833/  310001 events ( 0.27%)
Bad event
Processed   320000/  503600 entries, 63.54% (elapsed time  2161.0s, curr speed    0.152 kHz, avg speed    0.148 kHz), accepted      866/  320001 events ( 0.27%)
Processed   330000/  503600 entries, 65.53% (elapsed time  2227.5s, curr speed    0.150 kHz, avg speed    0.148 kHz), accepted      892/  330001 events ( 0.27%)
TtoEM trigger inconsistency
TtoEM trigger inconsistency
Processed   340000/  503600 entries, 67.51% (elapsed time  2292.9s, curr speed    0.153 kHz, avg speed    0.148 kHz), accepted      918/  340001 events ( 0.27%)
Bad event
Processed   350000/  503600 entries, 69.50% (elapsed time  2357.7s, curr speed    0.154 kHz, avg speed    0.148 kHz), accepted      945/  350001 events ( 0.27%)
Bad event
Processed   360000/  503600 entries, 71.49% (elapsed time  2421.8s, curr speed    0.156 kHz, avg speed    0.149 kHz), accepted      971/  360001 events ( 0.27%)
Processed   370000/  503600 entries, 73.47% (elapsed time  2486.8s, curr speed    0.154 kHz, avg speed    0.149 kHz), accepted     1004/  370001 events ( 0.27%)
Processed   380000/  503600 entries, 75.46% (elapsed time  2551.8s, curr speed    0.154 kHz, avg speed    0.149 kHz), accepted     1033/  380001 events ( 0.27%)
Bad event
Processed   390000/  503600 entries, 77.44% (elapsed time  2616.8s, curr speed    0.154 kHz, avg speed    0.149 kHz), accepted     1059/  390001 events ( 0.27%)
Processed   400000/  503600 entries, 79.43% (elapsed time  2681.4s, curr speed    0.155 kHz, avg speed    0.149 kHz), accepted     1083/  400001 events ( 0.27%)
Processed   410000/  503600 entries, 81.41% (elapsed time  2747.1s, curr speed    0.152 kHz, avg speed    0.149 kHz), accepted     1106/  410001 events ( 0.27%)
Processed   420000/  503600 entries, 83.40% (elapsed time  2812.2s, curr speed    0.154 kHz, avg speed    0.149 kHz), accepted     1129/  420001 events ( 0.27%)
Processed   430000/  503600 entries, 85.39% (elapsed time  2877.0s, curr speed    0.154 kHz, avg speed    0.149 kHz), accepted     1158/  430001 events ( 0.27%)
Processed   440000/  503600 entries, 87.37% (elapsed time  2941.5s, curr speed    0.155 kHz, avg speed    0.150 kHz), accepted     1177/  440001 events ( 0.27%)
Processed   450000/  503600 entries, 89.36% (elapsed time  3006.3s, curr speed    0.154 kHz, avg speed    0.150 kHz), accepted     1207/  450001 events ( 0.27%)
Processed   460000/  503600 entries, 91.34% (elapsed time  3071.4s, curr speed    0.154 kHz, avg speed    0.150 kHz), accepted     1235/  460001 events ( 0.27%)
Processed   470000/  503600 entries, 93.33% (elapsed time  3135.6s, curr speed    0.156 kHz, avg speed    0.150 kHz), accepted     1264/  470001 events ( 0.27%)
Processed   480000/  503600 entries, 95.31% (elapsed time  3200.2s, curr speed    0.155 kHz, avg speed    0.150 kHz), accepted     1302/  480001 events ( 0.27%)
TtoEM trigger inconsistency
Processed   490000/  503600 entries, 97.30% (elapsed time  3264.9s, curr speed    0.155 kHz, avg speed    0.150 kHz), accepted     1328/  490001 events ( 0.27%)
Bad event
Processed   500000/  503600 entries, 99.29% (elapsed time  3329.9s, curr speed    0.154 kHz, avg speed    0.150 kHz), accepted     1351/  500001 events ( 0.27%)
Processed 503600 preselected entries from root://cms-xrd-global.cern.ch//store/mc/RunIISummer16NanoAODv6/WminusH_HToBB_WToLNu_M125_13TeV_powheg_pythia8/NANOAODSIM/PUMoriond17_Nano25Oct2019_102X_mcRun2_asymptotic_v7_ext1-v1/270000/1A582BC1-75A7-6E44-8963-5F35F13A479A.root (503600 entries). Finally selected 1356 entries
Done /work/pbaertsc/heavy_resonance/output_2016/WminusH_HToBB_WToLNu_M125_13TeV_powheg_pythia8__RunIISummer16NanoAODv6-PUMoriond17_Nano25Oct2019_102X_mcRun2_asymptotic_v7_ext1-v1__NANOAODSIM/1A582BC1-75A7-6E44-8963-5F35F13A479A.root
150.070774045 Hz
deleting root file with name: /work/pbaertsc/heavy_resonance/output_2016/WminusH_HToBB_WToLNu_M125_13TeV_powheg_pythia8__RunIISummer16NanoAODv6-PUMoriond17_Nano25Oct2019_102X_mcRun2_asymptotic_v7_ext1-v1__NANOAODSIM/1A582BC1-75A7-6E44-8963-5F35F13A479A.root
DONE
Complete at
Thu Jan 30 23:20:08 CET 2020
