job start at
Tue Jan 28 21:06:08 CET 2020
SLURM_JOB_ID: 422276
HOSTNAME: t3wn52
JOBLIST:joblist/joblist_ZZTo2Q2Nu_TuneCP5_13TeV_amcatnloFXFX_madspin_pythia8__RunIIFall17NanoAODv6-PU2017_12Apr2018_Nano25Oct2019_102X_mc2017_realistic_v7-v1__NANOAODSIM_ll.txt
Going to execute
python job.py -i root://cms-xrd-global.cern.ch//store/mc/RunIIFall17NanoAODv6/ZZTo2Q2Nu_TuneCP5_13TeV_amcatnloFXFX_madspin_pythia8/NANOAODSIM/PU2017_12Apr2018_Nano25Oct2019_102X_mc2017_realistic_v7-v1/70000/549771F0-51D6-1741-A8BC-020493E63709.root -o /work/pbaertsc/heavy_resonance/output_2017/ZZTo2Q2Nu_TuneCP5_13TeV_amcatnloFXFX_madspin_pythia8__RunIIFall17NanoAODv6-PU2017_12Apr2018_Nano25Oct2019_102X_mc2017_realistic_v7-v1__NANOAODSIM -N ZZTo2Q2Nu_TuneCP5_13TeV_amcatnloFXFX_madspin_pythia8__RunIIFall17NanoAODv6-PU2017_12Apr2018_Nano25Oct2019_102X_mc2017_realistic_v7-v1__NANOAODSIM -n 42 -c ll -y 2017
TClass::Init:0: RuntimeWarning: no dictionary for class ROOT::TIOFeatures is available
/work/pbaertsc/heavy_resonance/CMSSW_9_4_6/python/PhysicsTools/NanoAODTools/postprocessing/framework/treeReaderArrayTools.py:69: RuntimeWarning: creating executor for unknown type "ULong64_t*"
  ret = _vr.Get()[0]
JEC= Fall17_17Nov2017_V32_MC 	 JER= Fall17_V3_MC
MET branch= PuppiMET
JEC= Fall17_17Nov2017_V32_MC 	 JER= Fall17_V3_MC
MET branch= PuppiMET
--------------------------------------------------------------------------------
input files  = ['root://cms-xrd-global.cern.ch//store/mc/RunIIFall17NanoAODv6/ZZTo2Q2Nu_TuneCP5_13TeV_amcatnloFXFX_madspin_pythia8/NANOAODSIM/PU2017_12Apr2018_Nano25Oct2019_102X_mc2017_realistic_v7-v1/70000/549771F0-51D6-1741-A8BC-020493E63709.root']
output directory = /work/pbaertsc/heavy_resonance/output_2017/ZZTo2Q2Nu_TuneCP5_13TeV_amcatnloFXFX_madspin_pythia8__RunIIFall17NanoAODv6-PU2017_12Apr2018_Nano25Oct2019_102X_mc2017_realistic_v7-v1__NANOAODSIM
output file  = ZZTo2Q2Nu_TuneCP5_13TeV_amcatnloFXFX_madspin_pythia8__RunIIFall17NanoAODv6-PU2017_12Apr2018_Nano25Oct2019_102X_mc2017_realistic_v7-v1__NANOAODSIM_42_ll.root
chunck       = 42
channel      = ll
dataType     = mc
year         = 2017
tes          = 1.0
ltf          = 1.0
jtf          = 1.0
--------------------------------------------------------------------------------
job.py: creating PostProcessor...
TreeProducer is called /work/pbaertsc/heavy_resonance/output_2017/ZZTo2Q2Nu_TuneCP5_13TeV_amcatnloFXFX_madspin_pythia8__RunIIFall17NanoAODv6-PU2017_12Apr2018_Nano25Oct2019_102X_mc2017_realistic_v7-v1__NANOAODSIM/ZZTo2Q2Nu_TuneCP5_13TeV_amcatnloFXFX_madspin_pythia8__RunIIFall17NanoAODv6-PU2017_12Apr2018_Nano25Oct2019_102X_mc2017_realistic_v7-v1__NANOAODSIM_42_ll.root
job.py: going to run PostProcessor...
Will write selected trees to /work/pbaertsc/heavy_resonance/output_2017/ZZTo2Q2Nu_TuneCP5_13TeV_amcatnloFXFX_madspin_pythia8__RunIIFall17NanoAODv6-PU2017_12Apr2018_Nano25Oct2019_102X_mc2017_realistic_v7-v1__NANOAODSIM
Loading jet energy scale (JES) uncertainties from file '/tmp/tmphw3Cft/Fall17_17Nov2017_V32_MC_Uncertainty_AK4PFchs.txt'
Loading jet energy resolutions (JER) from file '/tmp/tmpw4i_PO/Fall17_V3_MC_PtResolution_AK4PFchs.txt'
Loading JER scale factors and uncertainties from file '/tmp/tmpw4i_PO/Fall17_V3_MC_SF_AK4PFchs.txt'
Loading jet energy scale (JES) uncertainties from file '/tmp/tmpCZEoJw/Fall17_17Nov2017_V32_MC_Uncertainty_AK8PFPuppi.txt'
Loading jet energy resolutions (JER) from file '/tmp/tmpYITArK/Fall17_V3_MC_PtResolution_AK8PFPuppi.txt'
Loading JER scale factors and uncertainties from file '/tmp/tmpYITArK/Fall17_V3_MC_SF_AK8PFPuppi.txt'
Pre-select 1139024 entries out of 1139024 (100.00%)
nanoAODv5? True
Processed    10000/ 1139024 entries,  0.88% (elapsed time   143.5s, curr speed    0.070 kHz, avg speed    0.070 kHz), accepted      115/   10001 events ( 1.15%)
Processed    20000/ 1139024 entries,  1.76% (elapsed time   282.8s, curr speed    0.072 kHz, avg speed    0.071 kHz), accepted      232/   20001 events ( 1.16%)
Processed    30000/ 1139024 entries,  2.63% (elapsed time   424.1s, curr speed    0.071 kHz, avg speed    0.071 kHz), accepted      382/   30001 events ( 1.27%)
Processed    40000/ 1139024 entries,  3.51% (elapsed time   558.3s, curr speed    0.074 kHz, avg speed    0.072 kHz), accepted      527/   40001 events ( 1.32%)
Processed    50000/ 1139024 entries,  4.39% (elapsed time   704.6s, curr speed    0.068 kHz, avg speed    0.071 kHz), accepted      646/   50001 events ( 1.29%)
Bad event
Processed    60000/ 1139024 entries,  5.27% (elapsed time   835.0s, curr speed    0.077 kHz, avg speed    0.072 kHz), accepted      780/   60001 events ( 1.30%)
Processed    70000/ 1139024 entries,  6.15% (elapsed time   981.2s, curr speed    0.068 kHz, avg speed    0.071 kHz), accepted      905/   70001 events ( 1.29%)
Bad event
Processed    80000/ 1139024 entries,  7.02% (elapsed time  1116.1s, curr speed    0.074 kHz, avg speed    0.072 kHz), accepted     1017/   80001 events ( 1.27%)
Bad event
Processed    90000/ 1139024 entries,  7.90% (elapsed time  1262.5s, curr speed    0.068 kHz, avg speed    0.071 kHz), accepted     1170/   90001 events ( 1.30%)
Processed   100000/ 1139024 entries,  8.78% (elapsed time  1398.3s, curr speed    0.074 kHz, avg speed    0.072 kHz), accepted     1286/  100001 events ( 1.29%)
Processed   110000/ 1139024 entries,  9.66% (elapsed time  1544.4s, curr speed    0.068 kHz, avg speed    0.071 kHz), accepted     1386/  110001 events ( 1.26%)
Processed   120000/ 1139024 entries, 10.54% (elapsed time  1681.1s, curr speed    0.073 kHz, avg speed    0.071 kHz), accepted     1521/  120001 events ( 1.27%)
Processed   130000/ 1139024 entries, 11.41% (elapsed time  1830.3s, curr speed    0.067 kHz, avg speed    0.071 kHz), accepted     1644/  130001 events ( 1.26%)
Bad event
Processed   140000/ 1139024 entries, 12.29% (elapsed time  1967.5s, curr speed    0.073 kHz, avg speed    0.071 kHz), accepted     1777/  140001 events ( 1.27%)
Bad event
Processed   150000/ 1139024 entries, 13.17% (elapsed time  2109.2s, curr speed    0.071 kHz, avg speed    0.071 kHz), accepted     1921/  150001 events ( 1.28%)
Bad event
Processed   160000/ 1139024 entries, 14.05% (elapsed time  2243.1s, curr speed    0.075 kHz, avg speed    0.071 kHz), accepted     2040/  160001 events ( 1.27%)
Processed   170000/ 1139024 entries, 14.93% (elapsed time  2389.4s, curr speed    0.068 kHz, avg speed    0.071 kHz), accepted     2172/  170001 events ( 1.28%)
Processed   180000/ 1139024 entries, 15.80% (elapsed time  2523.2s, curr speed    0.075 kHz, avg speed    0.071 kHz), accepted     2317/  180001 events ( 1.29%)
Processed   190000/ 1139024 entries, 16.68% (elapsed time  2665.2s, curr speed    0.070 kHz, avg speed    0.071 kHz), accepted     2469/  190001 events ( 1.30%)
Processed   200000/ 1139024 entries, 17.56% (elapsed time  2802.1s, curr speed    0.073 kHz, avg speed    0.071 kHz), accepted     2608/  200001 events ( 1.30%)
Bad event
Processed   210000/ 1139024 entries, 18.44% (elapsed time  2944.3s, curr speed    0.070 kHz, avg speed    0.071 kHz), accepted     2734/  210001 events ( 1.30%)
Processed   220000/ 1139024 entries, 19.31% (elapsed time  3087.7s, curr speed    0.070 kHz, avg speed    0.071 kHz), accepted     2879/  220001 events ( 1.31%)
Bad event
Processed   230000/ 1139024 entries, 20.19% (elapsed time  3220.6s, curr speed    0.075 kHz, avg speed    0.071 kHz), accepted     2985/  230001 events ( 1.30%)
Processed   240000/ 1139024 entries, 21.07% (elapsed time  3364.4s, curr speed    0.070 kHz, avg speed    0.071 kHz), accepted     3110/  240001 events ( 1.30%)
Bad event
Processed   250000/ 1139024 entries, 21.95% (elapsed time  3496.6s, curr speed    0.076 kHz, avg speed    0.071 kHz), accepted     3232/  250001 events ( 1.29%)
Processed   260000/ 1139024 entries, 22.83% (elapsed time  3636.8s, curr speed    0.071 kHz, avg speed    0.071 kHz), accepted     3364/  260001 events ( 1.29%)
Processed   270000/ 1139024 entries, 23.70% (elapsed time  3769.4s, curr speed    0.075 kHz, avg speed    0.072 kHz), accepted     3495/  270001 events ( 1.29%)
Processed   280000/ 1139024 entries, 24.58% (elapsed time  3915.2s, curr speed    0.069 kHz, avg speed    0.072 kHz), accepted     3636/  280001 events ( 1.30%)
Processed   290000/ 1139024 entries, 25.46% (elapsed time  4046.1s, curr speed    0.076 kHz, avg speed    0.072 kHz), accepted     3782/  290001 events ( 1.30%)
Processed   300000/ 1139024 entries, 26.34% (elapsed time  4193.2s, curr speed    0.068 kHz, avg speed    0.072 kHz), accepted     3917/  300001 events ( 1.31%)
Processed   310000/ 1139024 entries, 27.22% (elapsed time  4330.4s, curr speed    0.073 kHz, avg speed    0.072 kHz), accepted     4030/  310001 events ( 1.30%)
Processed   320000/ 1139024 entries, 28.09% (elapsed time  4474.2s, curr speed    0.070 kHz, avg speed    0.072 kHz), accepted     4141/  320001 events ( 1.29%)
Bad event
Processed   330000/ 1139024 entries, 28.97% (elapsed time  4616.7s, curr speed    0.070 kHz, avg speed    0.071 kHz), accepted     4256/  330001 events ( 1.29%)
Processed   340000/ 1139024 entries, 29.85% (elapsed time  4754.3s, curr speed    0.073 kHz, avg speed    0.072 kHz), accepted     4371/  340001 events ( 1.29%)
Bad event
Processed   350000/ 1139024 entries, 30.73% (elapsed time  4900.6s, curr speed    0.068 kHz, avg speed    0.071 kHz), accepted     4513/  350001 events ( 1.29%)
Processed   360000/ 1139024 entries, 31.61% (elapsed time  5034.1s, curr speed    0.075 kHz, avg speed    0.072 kHz), accepted     4642/  360001 events ( 1.29%)
Processed   370000/ 1139024 entries, 32.48% (elapsed time  5178.8s, curr speed    0.069 kHz, avg speed    0.071 kHz), accepted     4771/  370001 events ( 1.29%)
Processed   380000/ 1139024 entries, 33.36% (elapsed time  5315.4s, curr speed    0.073 kHz, avg speed    0.071 kHz), accepted     4899/  380001 events ( 1.29%)
Bad event
Processed   390000/ 1139024 entries, 34.24% (elapsed time  5467.2s, curr speed    0.066 kHz, avg speed    0.071 kHz), accepted     5060/  390001 events ( 1.30%)
Processed   400000/ 1139024 entries, 35.12% (elapsed time  5604.4s, curr speed    0.073 kHz, avg speed    0.071 kHz), accepted     5207/  400001 events ( 1.30%)
Processed   410000/ 1139024 entries, 36.00% (elapsed time  5752.7s, curr speed    0.067 kHz, avg speed    0.071 kHz), accepted     5327/  410001 events ( 1.30%)
Processed   420000/ 1139024 entries, 36.87% (elapsed time  5891.2s, curr speed    0.072 kHz, avg speed    0.071 kHz), accepted     5480/  420001 events ( 1.30%)
Processed   430000/ 1139024 entries, 37.75% (elapsed time  6029.8s, curr speed    0.072 kHz, avg speed    0.071 kHz), accepted     5611/  430001 events ( 1.30%)
Processed   440000/ 1139024 entries, 38.63% (elapsed time  6171.4s, curr speed    0.071 kHz, avg speed    0.071 kHz), accepted     5721/  440001 events ( 1.30%)
Processed   450000/ 1139024 entries, 39.51% (elapsed time  6313.3s, curr speed    0.070 kHz, avg speed    0.071 kHz), accepted     5840/  450001 events ( 1.30%)
Bad event
Processed   460000/ 1139024 entries, 40.39% (elapsed time  6452.4s, curr speed    0.072 kHz, avg speed    0.071 kHz), accepted     5952/  460001 events ( 1.29%)
Processed   470000/ 1139024 entries, 41.26% (elapsed time  6587.6s, curr speed    0.074 kHz, avg speed    0.071 kHz), accepted     6079/  470001 events ( 1.29%)
Bad event
Processed   480000/ 1139024 entries, 42.14% (elapsed time  6738.1s, curr speed    0.066 kHz, avg speed    0.071 kHz), accepted     6193/  480001 events ( 1.29%)
Processed   490000/ 1139024 entries, 43.02% (elapsed time  6871.9s, curr speed    0.075 kHz, avg speed    0.071 kHz), accepted     6311/  490001 events ( 1.29%)
Processed   500000/ 1139024 entries, 43.90% (elapsed time  7018.8s, curr speed    0.068 kHz, avg speed    0.071 kHz), accepted     6442/  500001 events ( 1.29%)
Processed   510000/ 1139024 entries, 44.78% (elapsed time  7156.8s, curr speed    0.072 kHz, avg speed    0.071 kHz), accepted     6564/  510001 events ( 1.29%)
Processed   520000/ 1139024 entries, 45.65% (elapsed time  7301.4s, curr speed    0.069 kHz, avg speed    0.071 kHz), accepted     6699/  520001 events ( 1.29%)
Processed   530000/ 1139024 entries, 46.53% (elapsed time  7432.2s, curr speed    0.076 kHz, avg speed    0.071 kHz), accepted     6817/  530001 events ( 1.29%)
Processed   540000/ 1139024 entries, 47.41% (elapsed time  7580.7s, curr speed    0.067 kHz, avg speed    0.071 kHz), accepted     6970/  540001 events ( 1.29%)
Processed   550000/ 1139024 entries, 48.29% (elapsed time  7716.0s, curr speed    0.074 kHz, avg speed    0.071 kHz), accepted     7089/  550001 events ( 1.29%)
Bad event
Processed   560000/ 1139024 entries, 49.16% (elapsed time  7855.0s, curr speed    0.072 kHz, avg speed    0.071 kHz), accepted     7202/  560001 events ( 1.29%)
Processed   570000/ 1139024 entries, 50.04% (elapsed time  8001.1s, curr speed    0.068 kHz, avg speed    0.071 kHz), accepted     7340/  570001 events ( 1.29%)
Processed   580000/ 1139024 entries, 50.92% (elapsed time  8136.2s, curr speed    0.074 kHz, avg speed    0.071 kHz), accepted     7462/  580001 events ( 1.29%)
Bad event
Processed   590000/ 1139024 entries, 51.80% (elapsed time  8280.3s, curr speed    0.069 kHz, avg speed    0.071 kHz), accepted     7599/  590001 events ( 1.29%)
Bad event
Bad event
Processed   600000/ 1139024 entries, 52.68% (elapsed time  8414.6s, curr speed    0.074 kHz, avg speed    0.071 kHz), accepted     7706/  600001 events ( 1.28%)
Processed   610000/ 1139024 entries, 53.55% (elapsed time  8558.9s, curr speed    0.069 kHz, avg speed    0.071 kHz), accepted     7831/  610001 events ( 1.28%)
Processed   620000/ 1139024 entries, 54.43% (elapsed time  8695.3s, curr speed    0.073 kHz, avg speed    0.071 kHz), accepted     7965/  620001 events ( 1.28%)
Bad event
Processed   630000/ 1139024 entries, 55.31% (elapsed time  8840.2s, curr speed    0.069 kHz, avg speed    0.071 kHz), accepted     8105/  630001 events ( 1.29%)
Processed   640000/ 1139024 entries, 56.19% (elapsed time  8977.8s, curr speed    0.073 kHz, avg speed    0.071 kHz), accepted     8244/  640001 events ( 1.29%)
Processed   650000/ 1139024 entries, 57.07% (elapsed time  9120.7s, curr speed    0.070 kHz, avg speed    0.071 kHz), accepted     8370/  650001 events ( 1.29%)
Processed   660000/ 1139024 entries, 57.94% (elapsed time  9265.6s, curr speed    0.069 kHz, avg speed    0.071 kHz), accepted     8513/  660001 events ( 1.29%)
Bad event
Processed   670000/ 1139024 entries, 58.82% (elapsed time  9399.8s, curr speed    0.074 kHz, avg speed    0.071 kHz), accepted     8635/  670001 events ( 1.29%)
Processed   680000/ 1139024 entries, 59.70% (elapsed time  9541.7s, curr speed    0.070 kHz, avg speed    0.071 kHz), accepted     8787/  680001 events ( 1.29%)
Processed   690000/ 1139024 entries, 60.58% (elapsed time  9675.1s, curr speed    0.075 kHz, avg speed    0.071 kHz), accepted     8901/  690001 events ( 1.29%)
Processed   700000/ 1139024 entries, 61.46% (elapsed time  9820.1s, curr speed    0.069 kHz, avg speed    0.071 kHz), accepted     9019/  700001 events ( 1.29%)
Processed   710000/ 1139024 entries, 62.33% (elapsed time  9949.8s, curr speed    0.077 kHz, avg speed    0.071 kHz), accepted     9149/  710001 events ( 1.29%)
Processed   720000/ 1139024 entries, 63.21% (elapsed time 10092.0s, curr speed    0.070 kHz, avg speed    0.071 kHz), accepted     9265/  720001 events ( 1.29%)
Processed   730000/ 1139024 entries, 64.09% (elapsed time 10232.3s, curr speed    0.071 kHz, avg speed    0.071 kHz), accepted     9378/  730001 events ( 1.28%)
Processed   740000/ 1139024 entries, 64.97% (elapsed time 10369.5s, curr speed    0.073 kHz, avg speed    0.071 kHz), accepted     9516/  740001 events ( 1.29%)
Processed   750000/ 1139024 entries, 65.85% (elapsed time 10513.8s, curr speed    0.069 kHz, avg speed    0.071 kHz), accepted     9646/  750001 events ( 1.29%)
Bad event
Processed   760000/ 1139024 entries, 66.72% (elapsed time 10648.2s, curr speed    0.074 kHz, avg speed    0.071 kHz), accepted     9768/  760001 events ( 1.29%)
Bad event
Processed   770000/ 1139024 entries, 67.60% (elapsed time 10795.7s, curr speed    0.068 kHz, avg speed    0.071 kHz), accepted     9911/  770001 events ( 1.29%)
Processed   780000/ 1139024 entries, 68.48% (elapsed time 10928.9s, curr speed    0.075 kHz, avg speed    0.071 kHz), accepted    10048/  780001 events ( 1.29%)
Processed   790000/ 1139024 entries, 69.36% (elapsed time 11074.2s, curr speed    0.069 kHz, avg speed    0.071 kHz), accepted    10172/  790001 events ( 1.29%)
Bad event
Processed   800000/ 1139024 entries, 70.24% (elapsed time 11203.4s, curr speed    0.077 kHz, avg speed    0.071 kHz), accepted    10313/  800001 events ( 1.29%)
Processed   810000/ 1139024 entries, 71.11% (elapsed time 11352.3s, curr speed    0.067 kHz, avg speed    0.071 kHz), accepted    10428/  810001 events ( 1.29%)
Processed   820000/ 1139024 entries, 71.99% (elapsed time 11487.8s, curr speed    0.074 kHz, avg speed    0.071 kHz), accepted    10555/  820001 events ( 1.29%)
Processed   830000/ 1139024 entries, 72.87% (elapsed time 11632.1s, curr speed    0.069 kHz, avg speed    0.071 kHz), accepted    10702/  830001 events ( 1.29%)
Processed   840000/ 1139024 entries, 73.75% (elapsed time 11770.0s, curr speed    0.072 kHz, avg speed    0.071 kHz), accepted    10840/  840001 events ( 1.29%)
Processed   850000/ 1139024 entries, 74.63% (elapsed time 11909.9s, curr speed    0.071 kHz, avg speed    0.071 kHz), accepted    10983/  850001 events ( 1.29%)
Bad event
Processed   860000/ 1139024 entries, 75.50% (elapsed time 12050.7s, curr speed    0.071 kHz, avg speed    0.071 kHz), accepted    11125/  860001 events ( 1.29%)
Processed   870000/ 1139024 entries, 76.38% (elapsed time 12200.9s, curr speed    0.067 kHz, avg speed    0.071 kHz), accepted    11248/  870001 events ( 1.29%)
Processed   880000/ 1139024 entries, 77.26% (elapsed time 12350.3s, curr speed    0.067 kHz, avg speed    0.071 kHz), accepted    11388/  880001 events ( 1.29%)
Processed   890000/ 1139024 entries, 78.14% (elapsed time 12491.0s, curr speed    0.071 kHz, avg speed    0.071 kHz), accepted    11521/  890001 events ( 1.29%)
Bad event
Processed   900000/ 1139024 entries, 79.02% (elapsed time 12625.8s, curr speed    0.074 kHz, avg speed    0.071 kHz), accepted    11637/  900001 events ( 1.29%)
Processed   910000/ 1139024 entries, 79.89% (elapsed time 12739.1s, curr speed    0.088 kHz, avg speed    0.071 kHz), accepted    11767/  910001 events ( 1.29%)
Bad event
Processed   920000/ 1139024 entries, 80.77% (elapsed time 12823.4s, curr speed    0.119 kHz, avg speed    0.072 kHz), accepted    11860/  920001 events ( 1.29%)
Processed   930000/ 1139024 entries, 81.65% (elapsed time 12956.9s, curr speed    0.075 kHz, avg speed    0.072 kHz), accepted    11995/  930001 events ( 1.29%)
Processed   940000/ 1139024 entries, 82.53% (elapsed time 13116.1s, curr speed    0.063 kHz, avg speed    0.072 kHz), accepted    12134/  940001 events ( 1.29%)
Processed   950000/ 1139024 entries, 83.40% (elapsed time 13273.5s, curr speed    0.064 kHz, avg speed    0.072 kHz), accepted    12275/  950001 events ( 1.29%)
Processed   960000/ 1139024 entries, 84.28% (elapsed time 13429.9s, curr speed    0.064 kHz, avg speed    0.071 kHz), accepted    12411/  960001 events ( 1.29%)
Processed   970000/ 1139024 entries, 85.16% (elapsed time 13584.4s, curr speed    0.065 kHz, avg speed    0.071 kHz), accepted    12559/  970001 events ( 1.29%)
Bad event
Processed   980000/ 1139024 entries, 86.04% (elapsed time 13738.8s, curr speed    0.065 kHz, avg speed    0.071 kHz), accepted    12687/  980001 events ( 1.29%)
Processed   990000/ 1139024 entries, 86.92% (elapsed time 13893.3s, curr speed    0.065 kHz, avg speed    0.071 kHz), accepted    12829/  990001 events ( 1.30%)
Processed  1000000/ 1139024 entries, 87.79% (elapsed time 14048.0s, curr speed    0.065 kHz, avg speed    0.071 kHz), accepted    12974/ 1000001 events ( 1.30%)
Processed  1010000/ 1139024 entries, 88.67% (elapsed time 14201.7s, curr speed    0.065 kHz, avg speed    0.071 kHz), accepted    13087/ 1010001 events ( 1.30%)
Processed  1020000/ 1139024 entries, 89.55% (elapsed time 14293.1s, curr speed    0.109 kHz, avg speed    0.071 kHz), accepted    13211/ 1020001 events ( 1.30%)
Bad event
Processed  1030000/ 1139024 entries, 90.43% (elapsed time 14379.5s, curr speed    0.116 kHz, avg speed    0.072 kHz), accepted    13334/ 1030001 events ( 1.29%)
Processed  1040000/ 1139024 entries, 91.31% (elapsed time 14465.6s, curr speed    0.116 kHz, avg speed    0.072 kHz), accepted    13465/ 1040001 events ( 1.29%)
Processed  1050000/ 1139024 entries, 92.18% (elapsed time 14551.6s, curr speed    0.116 kHz, avg speed    0.072 kHz), accepted    13598/ 1050001 events ( 1.30%)
Bad event
Processed  1060000/ 1139024 entries, 93.06% (elapsed time 14637.7s, curr speed    0.116 kHz, avg speed    0.072 kHz), accepted    13744/ 1060001 events ( 1.30%)
Processed  1070000/ 1139024 entries, 93.94% (elapsed time 14726.1s, curr speed    0.113 kHz, avg speed    0.073 kHz), accepted    13890/ 1070001 events ( 1.30%)
Processed  1080000/ 1139024 entries, 94.82% (elapsed time 14811.1s, curr speed    0.118 kHz, avg speed    0.073 kHz), accepted    14015/ 1080001 events ( 1.30%)
Processed  1090000/ 1139024 entries, 95.70% (elapsed time 14899.1s, curr speed    0.114 kHz, avg speed    0.073 kHz), accepted    14150/ 1090001 events ( 1.30%)
Processed  1100000/ 1139024 entries, 96.57% (elapsed time 14984.3s, curr speed    0.117 kHz, avg speed    0.073 kHz), accepted    14281/ 1100001 events ( 1.30%)
Processed  1110000/ 1139024 entries, 97.45% (elapsed time 15069.1s, curr speed    0.118 kHz, avg speed    0.074 kHz), accepted    14409/ 1110001 events ( 1.30%)
Processed  1120000/ 1139024 entries, 98.33% (elapsed time 15155.1s, curr speed    0.116 kHz, avg speed    0.074 kHz), accepted    14527/ 1120001 events ( 1.30%)
Processed  1130000/ 1139024 entries, 99.21% (elapsed time 15239.7s, curr speed    0.118 kHz, avg speed    0.074 kHz), accepted    14663/ 1130001 events ( 1.30%)
Processed 1139024 preselected entries from root://cms-xrd-global.cern.ch//store/mc/RunIIFall17NanoAODv6/ZZTo2Q2Nu_TuneCP5_13TeV_amcatnloFXFX_madspin_pythia8/NANOAODSIM/PU2017_12Apr2018_Nano25Oct2019_102X_mc2017_realistic_v7-v1/70000/549771F0-51D6-1741-A8BC-020493E63709.root (1139024 entries). Finally selected 14799 entries
Done /work/pbaertsc/heavy_resonance/output_2017/ZZTo2Q2Nu_TuneCP5_13TeV_amcatnloFXFX_madspin_pythia8__RunIIFall17NanoAODv6-PU2017_12Apr2018_Nano25Oct2019_102X_mc2017_realistic_v7-v1__NANOAODSIM/549771F0-51D6-1741-A8BC-020493E63709.root
74.2086907687 Hz
deleting root file with name: /work/pbaertsc/heavy_resonance/output_2017/ZZTo2Q2Nu_TuneCP5_13TeV_amcatnloFXFX_madspin_pythia8__RunIIFall17NanoAODv6-PU2017_12Apr2018_Nano25Oct2019_102X_mc2017_realistic_v7-v1__NANOAODSIM/549771F0-51D6-1741-A8BC-020493E63709.root
DONE
Complete at
Wed Jan 29 02:51:09 CET 2020
