job start at
Tue Jan 28 22:31:01 CET 2020
SLURM_JOB_ID: 422463
HOSTNAME: t3wn42
JOBLIST:joblist/joblist_ZZTo4L_13TeV_powheg_pythia8_ext1__RunIISummer16NanoAODv6-PUMoriond17_Nano25Oct2019_102X_mcRun2_asymptotic_v7-v1__NANOAODSIM_ll.txt
Going to execute
python job.py -i root://cms-xrd-global.cern.ch//store/mc/RunIISummer16NanoAODv6/ZZTo4L_13TeV_powheg_pythia8_ext1/NANOAODSIM/PUMoriond17_Nano25Oct2019_102X_mcRun2_asymptotic_v7-v1/100000/09498C19-C8CD-004A-956B-44F756FBDAEF.root -o /work/pbaertsc/heavy_resonance/output_2016/ZZTo4L_13TeV_powheg_pythia8_ext1__RunIISummer16NanoAODv6-PUMoriond17_Nano25Oct2019_102X_mcRun2_asymptotic_v7-v1__NANOAODSIM -N ZZTo4L_13TeV_powheg_pythia8_ext1__RunIISummer16NanoAODv6-PUMoriond17_Nano25Oct2019_102X_mcRun2_asymptotic_v7-v1__NANOAODSIM -n 54 -c ll -y 2016
TClass::Init:0: RuntimeWarning: no dictionary for class ROOT::TIOFeatures is available
/work/pbaertsc/heavy_resonance/CMSSW_9_4_6/python/PhysicsTools/NanoAODTools/postprocessing/framework/treeReaderArrayTools.py:69: RuntimeWarning: creating executor for unknown type "ULong64_t*"
  ret = _vr.Get()[0]
JEC= Summer16_07Aug2017_V11_MC 	 JER= Summer16_25nsV1_MC
MET branch= PuppiMET
JEC= Summer16_07Aug2017_V11_MC 	 JER= Summer16_25nsV1_MC
MET branch= PuppiMET
--------------------------------------------------------------------------------
input files  = ['root://cms-xrd-global.cern.ch//store/mc/RunIISummer16NanoAODv6/ZZTo4L_13TeV_powheg_pythia8_ext1/NANOAODSIM/PUMoriond17_Nano25Oct2019_102X_mcRun2_asymptotic_v7-v1/100000/09498C19-C8CD-004A-956B-44F756FBDAEF.root']
output directory = /work/pbaertsc/heavy_resonance/output_2016/ZZTo4L_13TeV_powheg_pythia8_ext1__RunIISummer16NanoAODv6-PUMoriond17_Nano25Oct2019_102X_mcRun2_asymptotic_v7-v1__NANOAODSIM
output file  = ZZTo4L_13TeV_powheg_pythia8_ext1__RunIISummer16NanoAODv6-PUMoriond17_Nano25Oct2019_102X_mcRun2_asymptotic_v7-v1__NANOAODSIM_54_ll.root
chunck       = 54
channel      = ll
dataType     = mc
year         = 2016
tes          = 1.0
ltf          = 1.0
jtf          = 1.0
--------------------------------------------------------------------------------
job.py: creating PostProcessor...
TreeProducer is called /work/pbaertsc/heavy_resonance/output_2016/ZZTo4L_13TeV_powheg_pythia8_ext1__RunIISummer16NanoAODv6-PUMoriond17_Nano25Oct2019_102X_mcRun2_asymptotic_v7-v1__NANOAODSIM/ZZTo4L_13TeV_powheg_pythia8_ext1__RunIISummer16NanoAODv6-PUMoriond17_Nano25Oct2019_102X_mcRun2_asymptotic_v7-v1__NANOAODSIM_54_ll.root
job.py: going to run PostProcessor...
Will write selected trees to /work/pbaertsc/heavy_resonance/output_2016/ZZTo4L_13TeV_powheg_pythia8_ext1__RunIISummer16NanoAODv6-PUMoriond17_Nano25Oct2019_102X_mcRun2_asymptotic_v7-v1__NANOAODSIM
Loading jet energy scale (JES) uncertainties from file '/tmp/tmpSgG7KZ/Summer16_07Aug2017_V11_MC_Uncertainty_AK4PFchs.txt'
Loading jet energy resolutions (JER) from file '/tmp/tmp_OtCrg/Summer16_25nsV1_MC_PtResolution_AK4PFchs.txt'
Loading JER scale factors and uncertainties from file '/tmp/tmp_OtCrg/Summer16_25nsV1_MC_SF_AK4PFchs.txt'
Loading jet energy scale (JES) uncertainties from file '/tmp/tmpHNupoC/Summer16_07Aug2017_V11_MC_Uncertainty_AK8PFPuppi.txt'
Loading jet energy resolutions (JER) from file '/tmp/tmpAMQfYa/Summer16_25nsV1_MC_PtResolution_AK8PFPuppi.txt'
Loading JER scale factors and uncertainties from file '/tmp/tmpAMQfYa/Summer16_25nsV1_MC_SF_AK8PFPuppi.txt'
Pre-select 1149498 entries out of 1149498 (100.00%)
nanoAODv5? True
TtoEM trigger inconsistency
TtoEM trigger inconsistency
Processed    10000/ 1149498 entries,  0.87% (elapsed time   209.2s, curr speed    0.048 kHz, avg speed    0.048 kHz), accepted       22/   10001 events ( 0.22%)
ZtoMM trigger inconsistency
ZtoMM trigger inconsistency
Processed    20000/ 1149498 entries,  1.74% (elapsed time   415.9s, curr speed    0.048 kHz, avg speed    0.048 kHz), accepted       43/   20001 events ( 0.21%)
Processed    30000/ 1149498 entries,  2.61% (elapsed time   617.6s, curr speed    0.050 kHz, avg speed    0.049 kHz), accepted       56/   30001 events ( 0.19%)
Processed    40000/ 1149498 entries,  3.48% (elapsed time   812.5s, curr speed    0.051 kHz, avg speed    0.049 kHz), accepted       72/   40001 events ( 0.18%)
Processed    50000/ 1149498 entries,  4.35% (elapsed time  1012.2s, curr speed    0.050 kHz, avg speed    0.049 kHz), accepted       85/   50001 events ( 0.17%)
TtoEM trigger inconsistency
Processed    60000/ 1149498 entries,  5.22% (elapsed time  1206.6s, curr speed    0.051 kHz, avg speed    0.050 kHz), accepted      105/   60001 events ( 0.17%)
Processed    70000/ 1149498 entries,  6.09% (elapsed time  1401.7s, curr speed    0.051 kHz, avg speed    0.050 kHz), accepted      123/   70001 events ( 0.18%)
ZtoMM trigger inconsistency
Processed    80000/ 1149498 entries,  6.96% (elapsed time  1590.1s, curr speed    0.053 kHz, avg speed    0.050 kHz), accepted      137/   80001 events ( 0.17%)
Processed    90000/ 1149498 entries,  7.83% (elapsed time  1792.6s, curr speed    0.049 kHz, avg speed    0.050 kHz), accepted      146/   90001 events ( 0.16%)
Processed   100000/ 1149498 entries,  8.70% (elapsed time  1993.5s, curr speed    0.050 kHz, avg speed    0.050 kHz), accepted      160/  100001 events ( 0.16%)
ZtoMM trigger inconsistency
Processed   110000/ 1149498 entries,  9.57% (elapsed time  2209.9s, curr speed    0.046 kHz, avg speed    0.050 kHz), accepted      178/  110001 events ( 0.16%)
Processed   120000/ 1149498 entries, 10.44% (elapsed time  2416.9s, curr speed    0.048 kHz, avg speed    0.050 kHz), accepted      189/  120001 events ( 0.16%)
Processed   130000/ 1149498 entries, 11.31% (elapsed time  2626.3s, curr speed    0.048 kHz, avg speed    0.050 kHz), accepted      202/  130001 events ( 0.16%)
Processed   140000/ 1149498 entries, 12.18% (elapsed time  2829.9s, curr speed    0.049 kHz, avg speed    0.049 kHz), accepted      220/  140001 events ( 0.16%)
TtoEM trigger inconsistency
Processed   150000/ 1149498 entries, 13.05% (elapsed time  3027.5s, curr speed    0.051 kHz, avg speed    0.050 kHz), accepted      233/  150001 events ( 0.16%)
ZtoMM trigger inconsistency
Processed   160000/ 1149498 entries, 13.92% (elapsed time  3213.2s, curr speed    0.054 kHz, avg speed    0.050 kHz), accepted      243/  160001 events ( 0.15%)
ZtoMM trigger inconsistency
Processed   170000/ 1149498 entries, 14.79% (elapsed time  3406.3s, curr speed    0.052 kHz, avg speed    0.050 kHz), accepted      260/  170001 events ( 0.15%)
Processed   180000/ 1149498 entries, 15.66% (elapsed time  3603.5s, curr speed    0.051 kHz, avg speed    0.050 kHz), accepted      276/  180001 events ( 0.15%)
ZtoEE trigger inconsistency
Processed   190000/ 1149498 entries, 16.53% (elapsed time  3790.8s, curr speed    0.053 kHz, avg speed    0.050 kHz), accepted      293/  190001 events ( 0.15%)
Processed   200000/ 1149498 entries, 17.40% (elapsed time  3992.6s, curr speed    0.050 kHz, avg speed    0.050 kHz), accepted      310/  200001 events ( 0.15%)
Processed   210000/ 1149498 entries, 18.27% (elapsed time  4194.8s, curr speed    0.049 kHz, avg speed    0.050 kHz), accepted      324/  210001 events ( 0.15%)
Processed   220000/ 1149498 entries, 19.14% (elapsed time  4392.6s, curr speed    0.051 kHz, avg speed    0.050 kHz), accepted      335/  220001 events ( 0.15%)
Processed   230000/ 1149498 entries, 20.01% (elapsed time  4585.9s, curr speed    0.052 kHz, avg speed    0.050 kHz), accepted      351/  230001 events ( 0.15%)
Processed   240000/ 1149498 entries, 20.88% (elapsed time  4786.6s, curr speed    0.050 kHz, avg speed    0.050 kHz), accepted      365/  240001 events ( 0.15%)
ZtoMM trigger inconsistency
ZtoMM trigger inconsistency
Processed   250000/ 1149498 entries, 21.75% (elapsed time  4985.0s, curr speed    0.050 kHz, avg speed    0.050 kHz), accepted      382/  250001 events ( 0.15%)
Processed   260000/ 1149498 entries, 22.62% (elapsed time  5177.8s, curr speed    0.052 kHz, avg speed    0.050 kHz), accepted      400/  260001 events ( 0.15%)
TtoEM trigger inconsistency
ZtoMM trigger inconsistency
ZtoMM trigger inconsistency
Processed   270000/ 1149498 entries, 23.49% (elapsed time  5375.9s, curr speed    0.050 kHz, avg speed    0.050 kHz), accepted      411/  270001 events ( 0.15%)
TtoEM trigger inconsistency
Processed   280000/ 1149498 entries, 24.36% (elapsed time  5573.1s, curr speed    0.051 kHz, avg speed    0.050 kHz), accepted      425/  280001 events ( 0.15%)
Processed   290000/ 1149498 entries, 25.23% (elapsed time  5761.6s, curr speed    0.053 kHz, avg speed    0.050 kHz), accepted      439/  290001 events ( 0.15%)
ZtoMM trigger inconsistency
Processed   300000/ 1149498 entries, 26.10% (elapsed time  5955.5s, curr speed    0.052 kHz, avg speed    0.050 kHz), accepted      453/  300001 events ( 0.15%)
Processed   310000/ 1149498 entries, 26.97% (elapsed time  6148.2s, curr speed    0.052 kHz, avg speed    0.050 kHz), accepted      467/  310001 events ( 0.15%)
ZtoMM trigger inconsistency
Processed   320000/ 1149498 entries, 27.84% (elapsed time  6340.3s, curr speed    0.052 kHz, avg speed    0.050 kHz), accepted      491/  320001 events ( 0.15%)
ZtoMM trigger inconsistency
Processed   330000/ 1149498 entries, 28.71% (elapsed time  6537.5s, curr speed    0.051 kHz, avg speed    0.050 kHz), accepted      507/  330001 events ( 0.15%)
Processed   340000/ 1149498 entries, 29.58% (elapsed time  6726.8s, curr speed    0.053 kHz, avg speed    0.051 kHz), accepted      526/  340001 events ( 0.15%)
Processed   350000/ 1149498 entries, 30.45% (elapsed time  6927.9s, curr speed    0.050 kHz, avg speed    0.051 kHz), accepted      545/  350001 events ( 0.16%)
ZtoMM trigger inconsistency
ZtoMM trigger inconsistency
ZtoMM trigger inconsistency
Processed   360000/ 1149498 entries, 31.32% (elapsed time  7126.2s, curr speed    0.050 kHz, avg speed    0.051 kHz), accepted      554/  360001 events ( 0.15%)
ZtoMM trigger inconsistency
Processed   370000/ 1149498 entries, 32.19% (elapsed time  7323.7s, curr speed    0.051 kHz, avg speed    0.051 kHz), accepted      570/  370001 events ( 0.15%)
ZtoMM trigger inconsistency
Processed   380000/ 1149498 entries, 33.06% (elapsed time  7512.5s, curr speed    0.053 kHz, avg speed    0.051 kHz), accepted      585/  380001 events ( 0.15%)
Processed   390000/ 1149498 entries, 33.93% (elapsed time  7696.7s, curr speed    0.054 kHz, avg speed    0.051 kHz), accepted      603/  390001 events ( 0.15%)
ZtoMM trigger inconsistency
Processed   400000/ 1149498 entries, 34.80% (elapsed time  7882.1s, curr speed    0.054 kHz, avg speed    0.051 kHz), accepted      618/  400001 events ( 0.15%)
Processed   410000/ 1149498 entries, 35.67% (elapsed time  8070.7s, curr speed    0.053 kHz, avg speed    0.051 kHz), accepted      629/  410001 events ( 0.15%)
TtoEM trigger inconsistency
TtoEM trigger inconsistency
ZtoEE trigger inconsistency
Processed   420000/ 1149498 entries, 36.54% (elapsed time  8256.5s, curr speed    0.054 kHz, avg speed    0.051 kHz), accepted      642/  420001 events ( 0.15%)
Processed   430000/ 1149498 entries, 37.41% (elapsed time  8447.3s, curr speed    0.052 kHz, avg speed    0.051 kHz), accepted      652/  430001 events ( 0.15%)
ZtoMM trigger inconsistency
ZtoMM trigger inconsistency
Processed   440000/ 1149498 entries, 38.28% (elapsed time  8638.5s, curr speed    0.052 kHz, avg speed    0.051 kHz), accepted      664/  440001 events ( 0.15%)
Processed   450000/ 1149498 entries, 39.15% (elapsed time  8828.9s, curr speed    0.053 kHz, avg speed    0.051 kHz), accepted      681/  450001 events ( 0.15%)
TtoEM trigger inconsistency
ZtoMM trigger inconsistency
Processed   460000/ 1149498 entries, 40.02% (elapsed time  9008.9s, curr speed    0.056 kHz, avg speed    0.051 kHz), accepted      701/  460001 events ( 0.15%)
Processed   470000/ 1149498 entries, 40.89% (elapsed time  9196.0s, curr speed    0.053 kHz, avg speed    0.051 kHz), accepted      714/  470001 events ( 0.15%)
ZtoMM trigger inconsistency
Processed   480000/ 1149498 entries, 41.76% (elapsed time  9380.8s, curr speed    0.054 kHz, avg speed    0.051 kHz), accepted      726/  480001 events ( 0.15%)
Processed   490000/ 1149498 entries, 42.63% (elapsed time  9568.9s, curr speed    0.053 kHz, avg speed    0.051 kHz), accepted      737/  490001 events ( 0.15%)
ZtoMM trigger inconsistency
Processed   500000/ 1149498 entries, 43.50% (elapsed time  9763.3s, curr speed    0.051 kHz, avg speed    0.051 kHz), accepted      761/  500001 events ( 0.15%)
TtoEM trigger inconsistency
Processed   510000/ 1149498 entries, 44.37% (elapsed time  9948.9s, curr speed    0.054 kHz, avg speed    0.051 kHz), accepted      784/  510001 events ( 0.15%)
ZtoMM trigger inconsistency
Processed   520000/ 1149498 entries, 45.24% (elapsed time 10119.9s, curr speed    0.058 kHz, avg speed    0.051 kHz), accepted      796/  520001 events ( 0.15%)
Processed   530000/ 1149498 entries, 46.11% (elapsed time 10306.5s, curr speed    0.054 kHz, avg speed    0.051 kHz), accepted      809/  530001 events ( 0.15%)
Processed   540000/ 1149498 entries, 46.98% (elapsed time 10488.7s, curr speed    0.055 kHz, avg speed    0.051 kHz), accepted      825/  540001 events ( 0.15%)
ZtoMM trigger inconsistency
ZtoMM trigger inconsistency
Processed   550000/ 1149498 entries, 47.85% (elapsed time 10680.1s, curr speed    0.052 kHz, avg speed    0.051 kHz), accepted      836/  550001 events ( 0.15%)
TtoEM trigger inconsistency
ZtoMM trigger inconsistency
Processed   560000/ 1149498 entries, 48.72% (elapsed time 10871.5s, curr speed    0.052 kHz, avg speed    0.052 kHz), accepted      847/  560001 events ( 0.15%)
Processed   570000/ 1149498 entries, 49.59% (elapsed time 11059.9s, curr speed    0.053 kHz, avg speed    0.052 kHz), accepted      866/  570001 events ( 0.15%)
Processed   580000/ 1149498 entries, 50.46% (elapsed time 11246.3s, curr speed    0.054 kHz, avg speed    0.052 kHz), accepted      879/  580001 events ( 0.15%)
Processed   590000/ 1149498 entries, 51.33% (elapsed time 11434.4s, curr speed    0.053 kHz, avg speed    0.052 kHz), accepted      895/  590001 events ( 0.15%)
Processed   600000/ 1149498 entries, 52.20% (elapsed time 11617.7s, curr speed    0.055 kHz, avg speed    0.052 kHz), accepted      917/  600001 events ( 0.15%)
Processed   610000/ 1149498 entries, 53.07% (elapsed time 11804.1s, curr speed    0.054 kHz, avg speed    0.052 kHz), accepted      930/  610001 events ( 0.15%)
ZtoMM trigger inconsistency
ZtoMM trigger inconsistency
Processed   620000/ 1149498 entries, 53.94% (elapsed time 11981.5s, curr speed    0.056 kHz, avg speed    0.052 kHz), accepted      950/  620001 events ( 0.15%)
ZtoMM trigger inconsistency
ZtoMM trigger inconsistency
Processed   630000/ 1149498 entries, 54.81% (elapsed time 12167.7s, curr speed    0.054 kHz, avg speed    0.052 kHz), accepted      967/  630001 events ( 0.15%)
Processed   640000/ 1149498 entries, 55.68% (elapsed time 12354.7s, curr speed    0.053 kHz, avg speed    0.052 kHz), accepted      987/  640001 events ( 0.15%)
ZtoMM trigger inconsistency
Processed   650000/ 1149498 entries, 56.55% (elapsed time 12539.7s, curr speed    0.054 kHz, avg speed    0.052 kHz), accepted     1000/  650001 events ( 0.15%)
ZtoMM trigger inconsistency
Processed   660000/ 1149498 entries, 57.42% (elapsed time 12730.9s, curr speed    0.052 kHz, avg speed    0.052 kHz), accepted     1023/  660001 events ( 0.15%)
ZtoMM trigger inconsistency
Processed   670000/ 1149498 entries, 58.29% (elapsed time 12912.8s, curr speed    0.055 kHz, avg speed    0.052 kHz), accepted     1030/  670001 events ( 0.15%)
Processed   680000/ 1149498 entries, 59.16% (elapsed time 13102.9s, curr speed    0.053 kHz, avg speed    0.052 kHz), accepted     1048/  680001 events ( 0.15%)
ZtoMM trigger inconsistency
Processed   690000/ 1149498 entries, 60.03% (elapsed time 13283.9s, curr speed    0.055 kHz, avg speed    0.052 kHz), accepted     1065/  690001 events ( 0.15%)
ZtoEE trigger inconsistency
Processed   700000/ 1149498 entries, 60.90% (elapsed time 13472.9s, curr speed    0.053 kHz, avg speed    0.052 kHz), accepted     1076/  700001 events ( 0.15%)
ZtoMM trigger inconsistency
ZtoMM trigger inconsistency
Processed   710000/ 1149498 entries, 61.77% (elapsed time 13650.5s, curr speed    0.056 kHz, avg speed    0.052 kHz), accepted     1087/  710001 events ( 0.15%)
Processed   720000/ 1149498 entries, 62.64% (elapsed time 13837.3s, curr speed    0.054 kHz, avg speed    0.052 kHz), accepted     1099/  720001 events ( 0.15%)
Processed   730000/ 1149498 entries, 63.51% (elapsed time 14021.9s, curr speed    0.054 kHz, avg speed    0.052 kHz), accepted     1118/  730001 events ( 0.15%)
Processed   740000/ 1149498 entries, 64.38% (elapsed time 14205.1s, curr speed    0.055 kHz, avg speed    0.052 kHz), accepted     1138/  740001 events ( 0.15%)
ZtoMM trigger inconsistency
ZtoMM trigger inconsistency
Processed   750000/ 1149498 entries, 65.25% (elapsed time 14391.0s, curr speed    0.054 kHz, avg speed    0.052 kHz), accepted     1147/  750001 events ( 0.15%)
Processed   760000/ 1149498 entries, 66.12% (elapsed time 14579.3s, curr speed    0.053 kHz, avg speed    0.052 kHz), accepted     1161/  760001 events ( 0.15%)
Processed   770000/ 1149498 entries, 66.99% (elapsed time 14771.6s, curr speed    0.052 kHz, avg speed    0.052 kHz), accepted     1176/  770001 events ( 0.15%)
Processed   780000/ 1149498 entries, 67.86% (elapsed time 14949.5s, curr speed    0.056 kHz, avg speed    0.052 kHz), accepted     1190/  780001 events ( 0.15%)
ZtoMM trigger inconsistency
ZtoMM trigger inconsistency
ZtoMM trigger inconsistency
Processed   790000/ 1149498 entries, 68.73% (elapsed time 15137.4s, curr speed    0.053 kHz, avg speed    0.052 kHz), accepted     1214/  790001 events ( 0.15%)
Processed   800000/ 1149498 entries, 69.60% (elapsed time 15309.4s, curr speed    0.058 kHz, avg speed    0.052 kHz), accepted     1229/  800001 events ( 0.15%)
ZtoMM trigger inconsistency
Processed   810000/ 1149498 entries, 70.47% (elapsed time 15495.5s, curr speed    0.054 kHz, avg speed    0.052 kHz), accepted     1244/  810001 events ( 0.15%)
Processed   820000/ 1149498 entries, 71.34% (elapsed time 15672.4s, curr speed    0.057 kHz, avg speed    0.052 kHz), accepted     1260/  820001 events ( 0.15%)
ZtoMM trigger inconsistency
Processed   830000/ 1149498 entries, 72.21% (elapsed time 15856.6s, curr speed    0.054 kHz, avg speed    0.052 kHz), accepted     1278/  830001 events ( 0.15%)
ZtoMM trigger inconsistency
Processed   840000/ 1149498 entries, 73.08% (elapsed time 16043.8s, curr speed    0.053 kHz, avg speed    0.052 kHz), accepted     1288/  840001 events ( 0.15%)
Processed   850000/ 1149498 entries, 73.95% (elapsed time 16223.6s, curr speed    0.056 kHz, avg speed    0.052 kHz), accepted     1305/  850001 events ( 0.15%)
Processed   860000/ 1149498 entries, 74.82% (elapsed time 16400.0s, curr speed    0.057 kHz, avg speed    0.052 kHz), accepted     1320/  860001 events ( 0.15%)
TtoEM trigger inconsistency
ZtoMM trigger inconsistency
Processed   870000/ 1149498 entries, 75.69% (elapsed time 16575.4s, curr speed    0.057 kHz, avg speed    0.052 kHz), accepted     1338/  870001 events ( 0.15%)
Processed   880000/ 1149498 entries, 76.56% (elapsed time 16751.1s, curr speed    0.057 kHz, avg speed    0.053 kHz), accepted     1357/  880001 events ( 0.15%)
Processed   890000/ 1149498 entries, 77.43% (elapsed time 16930.3s, curr speed    0.056 kHz, avg speed    0.053 kHz), accepted     1377/  890001 events ( 0.15%)
Processed   900000/ 1149498 entries, 78.30% (elapsed time 17115.0s, curr speed    0.054 kHz, avg speed    0.053 kHz), accepted     1389/  900001 events ( 0.15%)
Processed   910000/ 1149498 entries, 79.16% (elapsed time 17298.2s, curr speed    0.055 kHz, avg speed    0.053 kHz), accepted     1403/  910001 events ( 0.15%)
Processed   920000/ 1149498 entries, 80.03% (elapsed time 17479.6s, curr speed    0.055 kHz, avg speed    0.053 kHz), accepted     1417/  920001 events ( 0.15%)
Processed   930000/ 1149498 entries, 80.90% (elapsed time 17666.3s, curr speed    0.054 kHz, avg speed    0.053 kHz), accepted     1426/  930001 events ( 0.15%)
Processed   940000/ 1149498 entries, 81.77% (elapsed time 17839.0s, curr speed    0.058 kHz, avg speed    0.053 kHz), accepted     1438/  940001 events ( 0.15%)
Processed   950000/ 1149498 entries, 82.64% (elapsed time 18025.0s, curr speed    0.054 kHz, avg speed    0.053 kHz), accepted     1454/  950001 events ( 0.15%)
ZtoMM trigger inconsistency
Processed   960000/ 1149498 entries, 83.51% (elapsed time 18209.2s, curr speed    0.054 kHz, avg speed    0.053 kHz), accepted     1468/  960001 events ( 0.15%)
Processed   970000/ 1149498 entries, 84.38% (elapsed time 18384.2s, curr speed    0.057 kHz, avg speed    0.053 kHz), accepted     1477/  970001 events ( 0.15%)
ZtoMM trigger inconsistency
Processed   980000/ 1149498 entries, 85.25% (elapsed time 18563.2s, curr speed    0.056 kHz, avg speed    0.053 kHz), accepted     1485/  980001 events ( 0.15%)
ZtoMM trigger inconsistency
Processed   990000/ 1149498 entries, 86.12% (elapsed time 18746.4s, curr speed    0.055 kHz, avg speed    0.053 kHz), accepted     1504/  990001 events ( 0.15%)
Processed  1000000/ 1149498 entries, 86.99% (elapsed time 18932.1s, curr speed    0.054 kHz, avg speed    0.053 kHz), accepted     1518/ 1000001 events ( 0.15%)
ZtoMM trigger inconsistency
Processed  1010000/ 1149498 entries, 87.86% (elapsed time 19112.5s, curr speed    0.055 kHz, avg speed    0.053 kHz), accepted     1543/ 1010001 events ( 0.15%)
Processed  1020000/ 1149498 entries, 88.73% (elapsed time 19285.4s, curr speed    0.058 kHz, avg speed    0.053 kHz), accepted     1554/ 1020001 events ( 0.15%)
TtoEM trigger inconsistency
Processed  1030000/ 1149498 entries, 89.60% (elapsed time 19469.5s, curr speed    0.054 kHz, avg speed    0.053 kHz), accepted     1561/ 1030001 events ( 0.15%)
ZtoMM trigger inconsistency
Processed  1040000/ 1149498 entries, 90.47% (elapsed time 19644.6s, curr speed    0.057 kHz, avg speed    0.053 kHz), accepted     1577/ 1040001 events ( 0.15%)
TtoEM trigger inconsistency
Processed  1050000/ 1149498 entries, 91.34% (elapsed time 19824.8s, curr speed    0.055 kHz, avg speed    0.053 kHz), accepted     1588/ 1050001 events ( 0.15%)
ZtoMM trigger inconsistency
Processed  1060000/ 1149498 entries, 92.21% (elapsed time 20015.1s, curr speed    0.053 kHz, avg speed    0.053 kHz), accepted     1595/ 1060001 events ( 0.15%)
ZtoMM trigger inconsistency
Processed  1070000/ 1149498 entries, 93.08% (elapsed time 20197.7s, curr speed    0.055 kHz, avg speed    0.053 kHz), accepted     1610/ 1070001 events ( 0.15%)
TtoEM trigger inconsistency
Processed  1080000/ 1149498 entries, 93.95% (elapsed time 20383.6s, curr speed    0.054 kHz, avg speed    0.053 kHz), accepted     1627/ 1080001 events ( 0.15%)
Processed  1090000/ 1149498 entries, 94.82% (elapsed time 20562.8s, curr speed    0.056 kHz, avg speed    0.053 kHz), accepted     1646/ 1090001 events ( 0.15%)
Processed  1100000/ 1149498 entries, 95.69% (elapsed time 20743.7s, curr speed    0.055 kHz, avg speed    0.053 kHz), accepted     1662/ 1100001 events ( 0.15%)
ZtoMM trigger inconsistency
TtoEM trigger inconsistency
ZtoMM trigger inconsistency
Processed  1110000/ 1149498 entries, 96.56% (elapsed time 20917.1s, curr speed    0.058 kHz, avg speed    0.053 kHz), accepted     1681/ 1110001 events ( 0.15%)
Processed  1120000/ 1149498 entries, 97.43% (elapsed time 21103.5s, curr speed    0.054 kHz, avg speed    0.053 kHz), accepted     1695/ 1120001 events ( 0.15%)
TtoEM trigger inconsistency
TtoEM trigger inconsistency
Processed  1130000/ 1149498 entries, 98.30% (elapsed time 21277.5s, curr speed    0.057 kHz, avg speed    0.053 kHz), accepted     1710/ 1130001 events ( 0.15%)
TtoEM trigger inconsistency
TtoEM trigger inconsistency
Processed  1140000/ 1149498 entries, 99.17% (elapsed time 21458.8s, curr speed    0.055 kHz, avg speed    0.053 kHz), accepted     1731/ 1140001 events ( 0.15%)
Processed 1149498 preselected entries from root://cms-xrd-global.cern.ch//store/mc/RunIISummer16NanoAODv6/ZZTo4L_13TeV_powheg_pythia8_ext1/NANOAODSIM/PUMoriond17_Nano25Oct2019_102X_mcRun2_asymptotic_v7-v1/100000/09498C19-C8CD-004A-956B-44F756FBDAEF.root (1149498 entries). Finally selected 1753 entries
Done /work/pbaertsc/heavy_resonance/output_2016/ZZTo4L_13TeV_powheg_pythia8_ext1__RunIISummer16NanoAODv6-PUMoriond17_Nano25Oct2019_102X_mcRun2_asymptotic_v7-v1__NANOAODSIM/09498C19-C8CD-004A-956B-44F756FBDAEF.root
53.1235745689 Hz
deleting root file with name: /work/pbaertsc/heavy_resonance/output_2016/ZZTo4L_13TeV_powheg_pythia8_ext1__RunIISummer16NanoAODv6-PUMoriond17_Nano25Oct2019_102X_mcRun2_asymptotic_v7-v1__NANOAODSIM/09498C19-C8CD-004A-956B-44F756FBDAEF.root
DONE
Complete at
Wed Jan 29 10:34:20 CET 2020
