job start at
Thu Jan 30 19:14:05 CET 2020
SLURM_JOB_ID: 437483
HOSTNAME: t3wn39
JOBLIST:joblist/joblist_ZZTo2L2Nu_TuneCP5_13TeV_powheg_pythia8__RunIIAutumn18NanoAODv6-Nano25Oct2019_102X_upgrade2018_realistic_v20_ext1-v1__NANOAODSIM_ll.txt
Going to execute
python job.py -i root://cms-xrd-global.cern.ch//store/mc/RunIIAutumn18NanoAODv6/ZZTo2L2Nu_TuneCP5_13TeV_powheg_pythia8/NANOAODSIM/Nano25Oct2019_102X_upgrade2018_realistic_v20_ext1-v1/40000/BF1D48D2-20FA-184E-A694-B35552F7E206.root -o /work/pbaertsc/heavy_resonance/output_2018/ZZTo2L2Nu_TuneCP5_13TeV_powheg_pythia8__RunIIAutumn18NanoAODv6-Nano25Oct2019_102X_upgrade2018_realistic_v20_ext1-v1__NANOAODSIM -N ZZTo2L2Nu_TuneCP5_13TeV_powheg_pythia8__RunIIAutumn18NanoAODv6-Nano25Oct2019_102X_upgrade2018_realistic_v20_ext1-v1__NANOAODSIM -n 9 -c ll -y 2018
TClass::Init:0: RuntimeWarning: no dictionary for class ROOT::TIOFeatures is available
/work/pbaertsc/heavy_resonance/CMSSW_9_4_6/python/PhysicsTools/NanoAODTools/postprocessing/framework/treeReaderArrayTools.py:69: RuntimeWarning: creating executor for unknown type "ULong64_t*"
  ret = _vr.Get()[0]
JEC= Autumn18_V19_MC 	 JER= Autumn18_V7_MC
MET branch= PuppiMET
JEC= Autumn18_V19_MC 	 JER= Autumn18_V7_MC
MET branch= PuppiMET
--------------------------------------------------------------------------------
input files  = ['root://cms-xrd-global.cern.ch//store/mc/RunIIAutumn18NanoAODv6/ZZTo2L2Nu_TuneCP5_13TeV_powheg_pythia8/NANOAODSIM/Nano25Oct2019_102X_upgrade2018_realistic_v20_ext1-v1/40000/BF1D48D2-20FA-184E-A694-B35552F7E206.root']
output directory = /work/pbaertsc/heavy_resonance/output_2018/ZZTo2L2Nu_TuneCP5_13TeV_powheg_pythia8__RunIIAutumn18NanoAODv6-Nano25Oct2019_102X_upgrade2018_realistic_v20_ext1-v1__NANOAODSIM
output file  = ZZTo2L2Nu_TuneCP5_13TeV_powheg_pythia8__RunIIAutumn18NanoAODv6-Nano25Oct2019_102X_upgrade2018_realistic_v20_ext1-v1__NANOAODSIM_9_ll.root
chunck       = 9
channel      = ll
dataType     = mc
year         = 2018
tes          = 1.0
ltf          = 1.0
jtf          = 1.0
--------------------------------------------------------------------------------
job.py: creating PostProcessor...
TreeProducer is called /work/pbaertsc/heavy_resonance/output_2018/ZZTo2L2Nu_TuneCP5_13TeV_powheg_pythia8__RunIIAutumn18NanoAODv6-Nano25Oct2019_102X_upgrade2018_realistic_v20_ext1-v1__NANOAODSIM/ZZTo2L2Nu_TuneCP5_13TeV_powheg_pythia8__RunIIAutumn18NanoAODv6-Nano25Oct2019_102X_upgrade2018_realistic_v20_ext1-v1__NANOAODSIM_9_ll.root
job.py: going to run PostProcessor...
Will write selected trees to /work/pbaertsc/heavy_resonance/output_2018/ZZTo2L2Nu_TuneCP5_13TeV_powheg_pythia8__RunIIAutumn18NanoAODv6-Nano25Oct2019_102X_upgrade2018_realistic_v20_ext1-v1__NANOAODSIM
Loading jet energy scale (JES) uncertainties from file '/tmp/tmpS8ct_8/Autumn18_V19_MC_Uncertainty_AK4PFchs.txt'
Loading jet energy resolutions (JER) from file '/tmp/tmpt9hoyU/Autumn18_V7_MC_PtResolution_AK4PFchs.txt'
Loading JER scale factors and uncertainties from file '/tmp/tmpt9hoyU/Autumn18_V7_MC_SF_AK4PFchs.txt'
Loading jet energy scale (JES) uncertainties from file '/tmp/tmpm_ZPhy/Autumn18_V19_MC_Uncertainty_AK8PFPuppi.txt'
Loading jet energy resolutions (JER) from file '/tmp/tmpYsAUAc/Autumn18_V7_MC_PtResolution_AK8PFPuppi.txt'
Loading JER scale factors and uncertainties from file '/tmp/tmpYsAUAc/Autumn18_V7_MC_SF_AK8PFPuppi.txt'
Pre-select 1118600 entries out of 1118600 (100.00%)
nanoAODv5? True
ZtoMM trigger inconsistency
Processed    10000/ 1118600 entries,  0.89% (elapsed time   110.6s, curr speed    0.090 kHz, avg speed    0.090 kHz), accepted       50/   10001 events ( 0.50%)
ZtoEE trigger inconsistency
Processed    20000/ 1118600 entries,  1.79% (elapsed time   216.8s, curr speed    0.094 kHz, avg speed    0.092 kHz), accepted       99/   20001 events ( 0.49%)
ZtoEE trigger inconsistency
ZtoMM trigger inconsistency
ZtoMM trigger inconsistency
Processed    30000/ 1118600 entries,  2.68% (elapsed time   322.8s, curr speed    0.094 kHz, avg speed    0.093 kHz), accepted      137/   30001 events ( 0.46%)
ZtoMM trigger inconsistency
ZtoMM trigger inconsistency
ZtoMM trigger inconsistency
ZtoMM trigger inconsistency
Processed    40000/ 1118600 entries,  3.58% (elapsed time   428.8s, curr speed    0.094 kHz, avg speed    0.093 kHz), accepted      176/   40001 events ( 0.44%)
Processed    50000/ 1118600 entries,  4.47% (elapsed time   533.9s, curr speed    0.095 kHz, avg speed    0.094 kHz), accepted      211/   50001 events ( 0.42%)
ZtoMM trigger inconsistency
ZtoMM trigger inconsistency
Processed    60000/ 1118600 entries,  5.36% (elapsed time   640.1s, curr speed    0.094 kHz, avg speed    0.094 kHz), accepted      253/   60001 events ( 0.42%)
ZtoMM trigger inconsistency
Processed    70000/ 1118600 entries,  6.26% (elapsed time   746.2s, curr speed    0.094 kHz, avg speed    0.094 kHz), accepted      290/   70001 events ( 0.41%)
Processed    80000/ 1118600 entries,  7.15% (elapsed time   851.9s, curr speed    0.095 kHz, avg speed    0.094 kHz), accepted      329/   80001 events ( 0.41%)
ZtoMM trigger inconsistency
TtoEM trigger inconsistency
Processed    90000/ 1118600 entries,  8.05% (elapsed time   958.3s, curr speed    0.094 kHz, avg speed    0.094 kHz), accepted      373/   90001 events ( 0.41%)
Bad event
TtoEM trigger inconsistency
ZtoMM trigger inconsistency
ZtoMM trigger inconsistency
Processed   100000/ 1118600 entries,  8.94% (elapsed time  1065.8s, curr speed    0.093 kHz, avg speed    0.094 kHz), accepted      420/  100001 events ( 0.42%)
ZtoEE trigger inconsistency
ZtoMM trigger inconsistency
Processed   110000/ 1118600 entries,  9.83% (elapsed time  1172.9s, curr speed    0.093 kHz, avg speed    0.094 kHz), accepted      463/  110001 events ( 0.42%)
ZtoMM trigger inconsistency
ZtoMM trigger inconsistency
Processed   120000/ 1118600 entries, 10.73% (elapsed time  1280.7s, curr speed    0.093 kHz, avg speed    0.094 kHz), accepted      506/  120001 events ( 0.42%)
ZtoMM trigger inconsistency
ZtoMM trigger inconsistency
ZtoMM trigger inconsistency
Processed   130000/ 1118600 entries, 11.62% (elapsed time  1386.6s, curr speed    0.094 kHz, avg speed    0.094 kHz), accepted      545/  130001 events ( 0.42%)
Processed   140000/ 1118600 entries, 12.52% (elapsed time  1493.9s, curr speed    0.093 kHz, avg speed    0.094 kHz), accepted      582/  140001 events ( 0.42%)
Processed   150000/ 1118600 entries, 13.41% (elapsed time  1600.6s, curr speed    0.094 kHz, avg speed    0.094 kHz), accepted      624/  150001 events ( 0.42%)
ZtoMM trigger inconsistency
Processed   160000/ 1118600 entries, 14.30% (elapsed time  1708.4s, curr speed    0.093 kHz, avg speed    0.094 kHz), accepted      661/  160001 events ( 0.41%)
ZtoMM trigger inconsistency
ZtoMM trigger inconsistency
ZtoMM trigger inconsistency
ZtoMM trigger inconsistency
Processed   170000/ 1118600 entries, 15.20% (elapsed time  1816.2s, curr speed    0.093 kHz, avg speed    0.094 kHz), accepted      694/  170001 events ( 0.41%)
TtoEM trigger inconsistency
ZtoMM trigger inconsistency
Processed   180000/ 1118600 entries, 16.09% (elapsed time  1922.6s, curr speed    0.094 kHz, avg speed    0.094 kHz), accepted      723/  180001 events ( 0.40%)
Processed   190000/ 1118600 entries, 16.99% (elapsed time  2030.2s, curr speed    0.093 kHz, avg speed    0.094 kHz), accepted      754/  190001 events ( 0.40%)
ZtoEE trigger inconsistency
ZtoMM trigger inconsistency
ZtoMM trigger inconsistency
Processed   200000/ 1118600 entries, 17.88% (elapsed time  2137.8s, curr speed    0.093 kHz, avg speed    0.094 kHz), accepted      792/  200001 events ( 0.40%)
Processed   210000/ 1118600 entries, 18.77% (elapsed time  2244.9s, curr speed    0.093 kHz, avg speed    0.094 kHz), accepted      826/  210001 events ( 0.39%)
ZtoMM trigger inconsistency
ZtoMM trigger inconsistency
Processed   220000/ 1118600 entries, 19.67% (elapsed time  2352.5s, curr speed    0.093 kHz, avg speed    0.094 kHz), accepted      871/  220001 events ( 0.40%)
ZtoMM trigger inconsistency
ZtoMM trigger inconsistency
Processed   230000/ 1118600 entries, 20.56% (elapsed time  2458.3s, curr speed    0.095 kHz, avg speed    0.094 kHz), accepted      902/  230001 events ( 0.39%)
ZtoEE trigger inconsistency
ZtoMM trigger inconsistency
Processed   240000/ 1118600 entries, 21.46% (elapsed time  2565.8s, curr speed    0.093 kHz, avg speed    0.094 kHz), accepted      932/  240001 events ( 0.39%)
ZtoEE trigger inconsistency
ZtoMM trigger inconsistency
Processed   250000/ 1118600 entries, 22.35% (elapsed time  2674.7s, curr speed    0.092 kHz, avg speed    0.093 kHz), accepted      971/  250001 events ( 0.39%)
ZtoMM trigger inconsistency
ZtoMM trigger inconsistency
ZtoMM trigger inconsistency
ZtoMM trigger inconsistency
Processed   260000/ 1118600 entries, 23.24% (elapsed time  2782.0s, curr speed    0.093 kHz, avg speed    0.093 kHz), accepted      998/  260001 events ( 0.38%)
ZtoMM trigger inconsistency
ZtoEE trigger inconsistency
Processed   270000/ 1118600 entries, 24.14% (elapsed time  2889.2s, curr speed    0.093 kHz, avg speed    0.093 kHz), accepted     1031/  270001 events ( 0.38%)
Bad event
ZtoMM trigger inconsistency
ZtoMM trigger inconsistency
Processed   280000/ 1118600 entries, 25.03% (elapsed time  2995.4s, curr speed    0.094 kHz, avg speed    0.093 kHz), accepted     1071/  280001 events ( 0.38%)
Bad event
ZtoMM trigger inconsistency
ZtoMM trigger inconsistency
Processed   290000/ 1118600 entries, 25.93% (elapsed time  3102.1s, curr speed    0.094 kHz, avg speed    0.093 kHz), accepted     1111/  290001 events ( 0.38%)
ZtoMM trigger inconsistency
Processed   300000/ 1118600 entries, 26.82% (elapsed time  3208.9s, curr speed    0.094 kHz, avg speed    0.093 kHz), accepted     1156/  300001 events ( 0.39%)
ZtoMM trigger inconsistency
Processed   310000/ 1118600 entries, 27.71% (elapsed time  3315.3s, curr speed    0.094 kHz, avg speed    0.094 kHz), accepted     1194/  310001 events ( 0.39%)
ZtoEE trigger inconsistency
ZtoMM trigger inconsistency
ZtoMM trigger inconsistency
Processed   320000/ 1118600 entries, 28.61% (elapsed time  3421.8s, curr speed    0.094 kHz, avg speed    0.094 kHz), accepted     1232/  320001 events ( 0.38%)
TtoEM trigger inconsistency
ZtoMM trigger inconsistency
TtoEM trigger inconsistency
ZtoMM trigger inconsistency
Processed   330000/ 1118600 entries, 29.50% (elapsed time  3526.5s, curr speed    0.096 kHz, avg speed    0.094 kHz), accepted     1259/  330001 events ( 0.38%)
ZtoMM trigger inconsistency
Processed   340000/ 1118600 entries, 30.40% (elapsed time  3633.2s, curr speed    0.094 kHz, avg speed    0.094 kHz), accepted     1289/  340001 events ( 0.38%)
ZtoMM trigger inconsistency
Processed   350000/ 1118600 entries, 31.29% (elapsed time  3739.7s, curr speed    0.094 kHz, avg speed    0.094 kHz), accepted     1331/  350001 events ( 0.38%)
WARNING: jet m = -0.0 !!
ZtoEE trigger inconsistency
ZtoMM trigger inconsistency
ZtoMM trigger inconsistency
Processed   360000/ 1118600 entries, 32.18% (elapsed time  3847.2s, curr speed    0.093 kHz, avg speed    0.094 kHz), accepted     1369/  360001 events ( 0.38%)
ZtoMM trigger inconsistency
Processed   370000/ 1118600 entries, 33.08% (elapsed time  3954.7s, curr speed    0.093 kHz, avg speed    0.094 kHz), accepted     1413/  370001 events ( 0.38%)
ZtoMM trigger inconsistency
Processed   380000/ 1118600 entries, 33.97% (elapsed time  4062.9s, curr speed    0.092 kHz, avg speed    0.094 kHz), accepted     1452/  380001 events ( 0.38%)
ZtoMM trigger inconsistency
Processed   390000/ 1118600 entries, 34.87% (elapsed time  4170.3s, curr speed    0.093 kHz, avg speed    0.094 kHz), accepted     1488/  390001 events ( 0.38%)
ZtoMM trigger inconsistency
ZtoMM trigger inconsistency
Processed   400000/ 1118600 entries, 35.76% (elapsed time  4277.2s, curr speed    0.093 kHz, avg speed    0.094 kHz), accepted     1528/  400001 events ( 0.38%)
Processed   410000/ 1118600 entries, 36.65% (elapsed time  4384.7s, curr speed    0.093 kHz, avg speed    0.094 kHz), accepted     1569/  410001 events ( 0.38%)
ZtoMM trigger inconsistency
Processed   420000/ 1118600 entries, 37.55% (elapsed time  4491.9s, curr speed    0.093 kHz, avg speed    0.094 kHz), accepted     1608/  420001 events ( 0.38%)
ZtoMM trigger inconsistency
ZtoMM trigger inconsistency
ZtoMM trigger inconsistency
Processed   430000/ 1118600 entries, 38.44% (elapsed time  4598.4s, curr speed    0.094 kHz, avg speed    0.094 kHz), accepted     1650/  430001 events ( 0.38%)
ZtoMM trigger inconsistency
Processed   440000/ 1118600 entries, 39.33% (elapsed time  4705.0s, curr speed    0.094 kHz, avg speed    0.094 kHz), accepted     1687/  440001 events ( 0.38%)
Processed   450000/ 1118600 entries, 40.23% (elapsed time  4812.1s, curr speed    0.093 kHz, avg speed    0.094 kHz), accepted     1722/  450001 events ( 0.38%)
Processed   460000/ 1118600 entries, 41.12% (elapsed time  4919.8s, curr speed    0.093 kHz, avg speed    0.094 kHz), accepted     1758/  460001 events ( 0.38%)
ZtoMM trigger inconsistency
TtoEM trigger inconsistency
ZtoMM trigger inconsistency
TtoEM trigger inconsistency
Processed   470000/ 1118600 entries, 42.02% (elapsed time  5027.7s, curr speed    0.093 kHz, avg speed    0.093 kHz), accepted     1791/  470001 events ( 0.38%)
ZtoEE trigger inconsistency
Processed   480000/ 1118600 entries, 42.91% (elapsed time  5135.2s, curr speed    0.093 kHz, avg speed    0.093 kHz), accepted     1834/  480001 events ( 0.38%)
ZtoMM trigger inconsistency
ZtoMM trigger inconsistency
ZtoMM trigger inconsistency
ZtoMM trigger inconsistency
Processed   490000/ 1118600 entries, 43.80% (elapsed time  5241.6s, curr speed    0.094 kHz, avg speed    0.093 kHz), accepted     1878/  490001 events ( 0.38%)
ZtoMM trigger inconsistency
Processed   500000/ 1118600 entries, 44.70% (elapsed time  5348.6s, curr speed    0.093 kHz, avg speed    0.093 kHz), accepted     1898/  500001 events ( 0.38%)
ZtoEE trigger inconsistency
Processed   510000/ 1118600 entries, 45.59% (elapsed time  5456.2s, curr speed    0.093 kHz, avg speed    0.093 kHz), accepted     1941/  510001 events ( 0.38%)
ZtoMM trigger inconsistency
Processed   520000/ 1118600 entries, 46.49% (elapsed time  5563.8s, curr speed    0.093 kHz, avg speed    0.093 kHz), accepted     1980/  520001 events ( 0.38%)
ZtoMM trigger inconsistency
Processed   530000/ 1118600 entries, 47.38% (elapsed time  5672.1s, curr speed    0.092 kHz, avg speed    0.093 kHz), accepted     2014/  530001 events ( 0.38%)
Processed   540000/ 1118600 entries, 48.27% (elapsed time  5779.6s, curr speed    0.093 kHz, avg speed    0.093 kHz), accepted     2045/  540001 events ( 0.38%)
Bad event
ZtoMM trigger inconsistency
Processed   550000/ 1118600 entries, 49.17% (elapsed time  5886.5s, curr speed    0.094 kHz, avg speed    0.093 kHz), accepted     2077/  550001 events ( 0.38%)
ZtoMM trigger inconsistency
Processed   560000/ 1118600 entries, 50.06% (elapsed time  5992.5s, curr speed    0.094 kHz, avg speed    0.093 kHz), accepted     2119/  560001 events ( 0.38%)
Processed   570000/ 1118600 entries, 50.96% (elapsed time  6099.3s, curr speed    0.094 kHz, avg speed    0.093 kHz), accepted     2160/  570001 events ( 0.38%)
ZtoMM trigger inconsistency
Processed   580000/ 1118600 entries, 51.85% (elapsed time  6206.9s, curr speed    0.093 kHz, avg speed    0.093 kHz), accepted     2202/  580001 events ( 0.38%)
WARNING: jet m = -0.0 !!
Processed   590000/ 1118600 entries, 52.74% (elapsed time  6314.4s, curr speed    0.093 kHz, avg speed    0.093 kHz), accepted     2240/  590001 events ( 0.38%)
ZtoMM trigger inconsistency
ZtoMM trigger inconsistency
Processed   600000/ 1118600 entries, 53.64% (elapsed time  6421.7s, curr speed    0.093 kHz, avg speed    0.093 kHz), accepted     2276/  600001 events ( 0.38%)
ZtoMM trigger inconsistency
Bad event
Processed   610000/ 1118600 entries, 54.53% (elapsed time  6528.3s, curr speed    0.094 kHz, avg speed    0.093 kHz), accepted     2314/  610001 events ( 0.38%)
ZtoMM trigger inconsistency
ZtoMM trigger inconsistency
Processed   620000/ 1118600 entries, 55.43% (elapsed time  6636.2s, curr speed    0.093 kHz, avg speed    0.093 kHz), accepted     2354/  620001 events ( 0.38%)
ZtoMM trigger inconsistency
ZtoMM trigger inconsistency
Processed   630000/ 1118600 entries, 56.32% (elapsed time  6744.5s, curr speed    0.092 kHz, avg speed    0.093 kHz), accepted     2388/  630001 events ( 0.38%)
%MSG-e SimpleJetCorrectionUncertainty: 
 bin variables out of range
%MSG
%MSG-e SimpleJetCorrectionUncertainty: 
 bin variables out of range
%MSG
Processed   640000/ 1118600 entries, 57.21% (elapsed time  6852.7s, curr speed    0.092 kHz, avg speed    0.093 kHz), accepted     2419/  640001 events ( 0.38%)
ZtoMM trigger inconsistency
ZtoMM trigger inconsistency
Processed   650000/ 1118600 entries, 58.11% (elapsed time  6961.3s, curr speed    0.092 kHz, avg speed    0.093 kHz), accepted     2460/  650001 events ( 0.38%)
ZtoMM trigger inconsistency
TtoEM trigger inconsistency
ZtoMM trigger inconsistency
ZtoMM trigger inconsistency
Processed   660000/ 1118600 entries, 59.00% (elapsed time  7068.3s, curr speed    0.093 kHz, avg speed    0.093 kHz), accepted     2496/  660001 events ( 0.38%)
Bad event
ZtoMM trigger inconsistency
ZtoMM trigger inconsistency
Processed   670000/ 1118600 entries, 59.90% (elapsed time  7175.8s, curr speed    0.093 kHz, avg speed    0.093 kHz), accepted     2541/  670001 events ( 0.38%)
ZtoMM trigger inconsistency
Processed   680000/ 1118600 entries, 60.79% (elapsed time  7282.2s, curr speed    0.094 kHz, avg speed    0.093 kHz), accepted     2573/  680001 events ( 0.38%)
ZtoEE trigger inconsistency
ZtoMM trigger inconsistency
ZtoEE trigger inconsistency
ZtoMM trigger inconsistency
Processed   690000/ 1118600 entries, 61.68% (elapsed time  7389.8s, curr speed    0.093 kHz, avg speed    0.093 kHz), accepted     2614/  690001 events ( 0.38%)
ZtoEE trigger inconsistency
Processed   700000/ 1118600 entries, 62.58% (elapsed time  7497.9s, curr speed    0.092 kHz, avg speed    0.093 kHz), accepted     2653/  700001 events ( 0.38%)
ZtoMM trigger inconsistency
ZtoMM trigger inconsistency
Processed   710000/ 1118600 entries, 63.47% (elapsed time  7605.2s, curr speed    0.093 kHz, avg speed    0.093 kHz), accepted     2689/  710001 events ( 0.38%)
TtoEM trigger inconsistency
ZtoMM trigger inconsistency
Processed   720000/ 1118600 entries, 64.37% (elapsed time  7713.7s, curr speed    0.092 kHz, avg speed    0.093 kHz), accepted     2716/  720001 events ( 0.38%)
ZtoMM trigger inconsistency
ZtoMM trigger inconsistency
Processed   730000/ 1118600 entries, 65.26% (elapsed time  7821.5s, curr speed    0.093 kHz, avg speed    0.093 kHz), accepted     2763/  730001 events ( 0.38%)
ZtoMM trigger inconsistency
Processed   740000/ 1118600 entries, 66.15% (elapsed time  7930.5s, curr speed    0.092 kHz, avg speed    0.093 kHz), accepted     2807/  740001 events ( 0.38%)
Processed   750000/ 1118600 entries, 67.05% (elapsed time  8038.3s, curr speed    0.093 kHz, avg speed    0.093 kHz), accepted     2847/  750001 events ( 0.38%)
Processed   760000/ 1118600 entries, 67.94% (elapsed time  8144.9s, curr speed    0.094 kHz, avg speed    0.093 kHz), accepted     2882/  760001 events ( 0.38%)
TtoEM trigger inconsistency
Processed   770000/ 1118600 entries, 68.84% (elapsed time  8252.1s, curr speed    0.093 kHz, avg speed    0.093 kHz), accepted     2919/  770001 events ( 0.38%)
ZtoMM trigger inconsistency
ZtoEE trigger inconsistency
ZtoEE trigger inconsistency
ZtoMM trigger inconsistency
Processed   780000/ 1118600 entries, 69.73% (elapsed time  8358.0s, curr speed    0.094 kHz, avg speed    0.093 kHz), accepted     2957/  780001 events ( 0.38%)
ZtoMM trigger inconsistency
ZtoMM trigger inconsistency
ZtoMM trigger inconsistency
Processed   790000/ 1118600 entries, 70.62% (elapsed time  8464.9s, curr speed    0.094 kHz, avg speed    0.093 kHz), accepted     2993/  790001 events ( 0.38%)
Processed   800000/ 1118600 entries, 71.52% (elapsed time  8573.0s, curr speed    0.093 kHz, avg speed    0.093 kHz), accepted     3024/  800001 events ( 0.38%)
ZtoEE trigger inconsistency
Processed   810000/ 1118600 entries, 72.41% (elapsed time  8679.9s, curr speed    0.094 kHz, avg speed    0.093 kHz), accepted     3063/  810001 events ( 0.38%)
ZtoMM trigger inconsistency
Processed   820000/ 1118600 entries, 73.31% (elapsed time  8786.7s, curr speed    0.094 kHz, avg speed    0.093 kHz), accepted     3096/  820001 events ( 0.38%)
ZtoMM trigger inconsistency
Processed   830000/ 1118600 entries, 74.20% (elapsed time  8894.3s, curr speed    0.093 kHz, avg speed    0.093 kHz), accepted     3142/  830001 events ( 0.38%)
Processed   840000/ 1118600 entries, 75.09% (elapsed time  9002.9s, curr speed    0.092 kHz, avg speed    0.093 kHz), accepted     3175/  840001 events ( 0.38%)
ZtoEE trigger inconsistency
Processed   850000/ 1118600 entries, 75.99% (elapsed time  9111.4s, curr speed    0.092 kHz, avg speed    0.093 kHz), accepted     3207/  850001 events ( 0.38%)
ZtoMM trigger inconsistency
ZtoMM trigger inconsistency
ZtoMM trigger inconsistency
Processed   860000/ 1118600 entries, 76.88% (elapsed time  9219.5s, curr speed    0.093 kHz, avg speed    0.093 kHz), accepted     3235/  860001 events ( 0.38%)
ZtoMM trigger inconsistency
ZtoMM trigger inconsistency
Processed   870000/ 1118600 entries, 77.78% (elapsed time  9327.6s, curr speed    0.093 kHz, avg speed    0.093 kHz), accepted     3284/  870001 events ( 0.38%)
ZtoMM trigger inconsistency
ZtoMM trigger inconsistency
Processed   880000/ 1118600 entries, 78.67% (elapsed time  9436.2s, curr speed    0.092 kHz, avg speed    0.093 kHz), accepted     3325/  880001 events ( 0.38%)
TtoEM trigger inconsistency
Bad event
Processed   890000/ 1118600 entries, 79.56% (elapsed time  9545.8s, curr speed    0.091 kHz, avg speed    0.093 kHz), accepted     3358/  890001 events ( 0.38%)
ZtoMM trigger inconsistency
ZtoMM trigger inconsistency
ZtoMM trigger inconsistency
Processed   900000/ 1118600 entries, 80.46% (elapsed time  9655.8s, curr speed    0.091 kHz, avg speed    0.093 kHz), accepted     3391/  900001 events ( 0.38%)
Processed   910000/ 1118600 entries, 81.35% (elapsed time  9764.1s, curr speed    0.092 kHz, avg speed    0.093 kHz), accepted     3433/  910001 events ( 0.38%)
ZtoMM trigger inconsistency
Processed   920000/ 1118600 entries, 82.25% (elapsed time  9872.6s, curr speed    0.092 kHz, avg speed    0.093 kHz), accepted     3476/  920001 events ( 0.38%)
Processed   930000/ 1118600 entries, 83.14% (elapsed time  9980.1s, curr speed    0.093 kHz, avg speed    0.093 kHz), accepted     3515/  930001 events ( 0.38%)
ZtoMM trigger inconsistency
Processed   940000/ 1118600 entries, 84.03% (elapsed time 10088.2s, curr speed    0.093 kHz, avg speed    0.093 kHz), accepted     3545/  940001 events ( 0.38%)
ZtoMM trigger inconsistency
ZtoMM trigger inconsistency
ZtoMM trigger inconsistency
ZtoMM trigger inconsistency
TtoEM trigger inconsistency
ZtoMM trigger inconsistency
Processed   950000/ 1118600 entries, 84.93% (elapsed time 10195.6s, curr speed    0.093 kHz, avg speed    0.093 kHz), accepted     3580/  950001 events ( 0.38%)
ZtoMM trigger inconsistency
Processed   960000/ 1118600 entries, 85.82% (elapsed time 10304.4s, curr speed    0.092 kHz, avg speed    0.093 kHz), accepted     3619/  960001 events ( 0.38%)
ZtoMM trigger inconsistency
Processed   970000/ 1118600 entries, 86.72% (elapsed time 10413.3s, curr speed    0.092 kHz, avg speed    0.093 kHz), accepted     3655/  970001 events ( 0.38%)
TtoEM trigger inconsistency
ZtoMM trigger inconsistency
Processed   980000/ 1118600 entries, 87.61% (elapsed time 10521.0s, curr speed    0.093 kHz, avg speed    0.093 kHz), accepted     3680/  980001 events ( 0.38%)
ZtoMM trigger inconsistency
ZtoMM trigger inconsistency
ZtoMM trigger inconsistency
Processed   990000/ 1118600 entries, 88.50% (elapsed time 10628.8s, curr speed    0.093 kHz, avg speed    0.093 kHz), accepted     3718/  990001 events ( 0.38%)
ZtoMM trigger inconsistency
ZtoMM trigger inconsistency
TtoEM trigger inconsistency
Processed  1000000/ 1118600 entries, 89.40% (elapsed time 10736.6s, curr speed    0.093 kHz, avg speed    0.093 kHz), accepted     3752/ 1000001 events ( 0.38%)
%MSG-e SimpleJetCorrectionUncertainty: 
 bin variables out of range
%MSG
%MSG-e SimpleJetCorrectionUncertainty: 
 bin variables out of range
%MSG
Processed  1010000/ 1118600 entries, 90.29% (elapsed time 10845.2s, curr speed    0.092 kHz, avg speed    0.093 kHz), accepted     3789/ 1010001 events ( 0.38%)
Bad event
Processed  1020000/ 1118600 entries, 91.19% (elapsed time 10953.3s, curr speed    0.092 kHz, avg speed    0.093 kHz), accepted     3818/ 1020001 events ( 0.37%)
ZtoMM trigger inconsistency
ZtoMM trigger inconsistency
Processed  1030000/ 1118600 entries, 92.08% (elapsed time 11061.7s, curr speed    0.092 kHz, avg speed    0.093 kHz), accepted     3872/ 1030001 events ( 0.38%)
ZtoMM trigger inconsistency
ZtoMM trigger inconsistency
Processed  1040000/ 1118600 entries, 92.97% (elapsed time 11170.3s, curr speed    0.092 kHz, avg speed    0.093 kHz), accepted     3907/ 1040001 events ( 0.38%)
ZtoMM trigger inconsistency
ZtoMM trigger inconsistency
Processed  1050000/ 1118600 entries, 93.87% (elapsed time 11277.5s, curr speed    0.093 kHz, avg speed    0.093 kHz), accepted     3931/ 1050001 events ( 0.37%)
ZtoMM trigger inconsistency
Processed  1060000/ 1118600 entries, 94.76% (elapsed time 11386.2s, curr speed    0.092 kHz, avg speed    0.093 kHz), accepted     3966/ 1060001 events ( 0.37%)
Processed  1070000/ 1118600 entries, 95.66% (elapsed time 11495.6s, curr speed    0.091 kHz, avg speed    0.093 kHz), accepted     4004/ 1070001 events ( 0.37%)
ZtoMM trigger inconsistency
Processed  1080000/ 1118600 entries, 96.55% (elapsed time 11605.2s, curr speed    0.091 kHz, avg speed    0.093 kHz), accepted     4051/ 1080001 events ( 0.38%)
Processed  1090000/ 1118600 entries, 97.44% (elapsed time 11715.5s, curr speed    0.091 kHz, avg speed    0.093 kHz), accepted     4087/ 1090001 events ( 0.37%)
ZtoMM trigger inconsistency
ZtoMM trigger inconsistency
Processed  1100000/ 1118600 entries, 98.34% (elapsed time 11824.9s, curr speed    0.091 kHz, avg speed    0.093 kHz), accepted     4130/ 1100001 events ( 0.38%)
Processed  1110000/ 1118600 entries, 99.23% (elapsed time 11934.6s, curr speed    0.091 kHz, avg speed    0.093 kHz), accepted     4170/ 1110001 events ( 0.38%)
ZtoMM trigger inconsistency
Processed 1118600 preselected entries from root://cms-xrd-global.cern.ch//store/mc/RunIIAutumn18NanoAODv6/ZZTo2L2Nu_TuneCP5_13TeV_powheg_pythia8/NANOAODSIM/Nano25Oct2019_102X_upgrade2018_realistic_v20_ext1-v1/40000/BF1D48D2-20FA-184E-A694-B35552F7E206.root (1118600 entries). Finally selected 4199 entries
Done /work/pbaertsc/heavy_resonance/output_2018/ZZTo2L2Nu_TuneCP5_13TeV_powheg_pythia8__RunIIAutumn18NanoAODv6-Nano25Oct2019_102X_upgrade2018_realistic_v20_ext1-v1__NANOAODSIM/BF1D48D2-20FA-184E-A694-B35552F7E206.root
92.9100634573 Hz
deleting root file with name: /work/pbaertsc/heavy_resonance/output_2018/ZZTo2L2Nu_TuneCP5_13TeV_powheg_pythia8__RunIIAutumn18NanoAODv6-Nano25Oct2019_102X_upgrade2018_realistic_v20_ext1-v1__NANOAODSIM/BF1D48D2-20FA-184E-A694-B35552F7E206.root
DONE
Complete at
Fri Jan 31 00:22:17 CET 2020
