job start at
Sat Feb  1 14:53:11 CET 2020
SLURM_JOB_ID: 529054
HOSTNAME: t3wn57
JOBLIST:joblist/joblist_ZZTo2L2Q_13TeV_amcatnloFXFX_madspin_pythia8__RunIIAutumn18NanoAODv6-Nano25Oct2019_102X_upgrade2018_realistic_v20-v1__NANOAODSIM_ll.txt
Going to execute
python job.py -i root://cms-xrd-global.cern.ch//store/mc/RunIIAutumn18NanoAODv6/ZZTo2L2Q_13TeV_amcatnloFXFX_madspin_pythia8/NANOAODSIM/Nano25Oct2019_102X_upgrade2018_realistic_v20-v1/40000/76FCE2BC-257D-1B4C-BB6B-9D676A3A5022.root -o /work/pbaertsc/heavy_resonance/output_2018/ZZTo2L2Q_13TeV_amcatnloFXFX_madspin_pythia8__RunIIAutumn18NanoAODv6-Nano25Oct2019_102X_upgrade2018_realistic_v20-v1__NANOAODSIM -N ZZTo2L2Q_13TeV_amcatnloFXFX_madspin_pythia8__RunIIAutumn18NanoAODv6-Nano25Oct2019_102X_upgrade2018_realistic_v20-v1__NANOAODSIM -n 8 -c ll -y 2018
TClass::Init:0: RuntimeWarning: no dictionary for class ROOT::TIOFeatures is available
/work/pbaertsc/heavy_resonance/CMSSW_9_4_6/python/PhysicsTools/NanoAODTools/postprocessing/framework/treeReaderArrayTools.py:69: RuntimeWarning: creating executor for unknown type "ULong64_t*"
  ret = _vr.Get()[0]
JEC= Autumn18_V19_MC 	 JER= Autumn18_V7_MC
MET branch= PuppiMET
JEC= Autumn18_V19_MC 	 JER= Autumn18_V7_MC
MET branch= PuppiMET
--------------------------------------------------------------------------------
input files  = ['root://cms-xrd-global.cern.ch//store/mc/RunIIAutumn18NanoAODv6/ZZTo2L2Q_13TeV_amcatnloFXFX_madspin_pythia8/NANOAODSIM/Nano25Oct2019_102X_upgrade2018_realistic_v20-v1/40000/76FCE2BC-257D-1B4C-BB6B-9D676A3A5022.root']
output directory = /work/pbaertsc/heavy_resonance/output_2018/ZZTo2L2Q_13TeV_amcatnloFXFX_madspin_pythia8__RunIIAutumn18NanoAODv6-Nano25Oct2019_102X_upgrade2018_realistic_v20-v1__NANOAODSIM
output file  = ZZTo2L2Q_13TeV_amcatnloFXFX_madspin_pythia8__RunIIAutumn18NanoAODv6-Nano25Oct2019_102X_upgrade2018_realistic_v20-v1__NANOAODSIM_8_ll.root
chunck       = 8
channel      = ll
dataType     = mc
year         = 2018
tes          = 1.0
ltf          = 1.0
jtf          = 1.0
--------------------------------------------------------------------------------
job.py: creating PostProcessor...
TreeProducer is called /work/pbaertsc/heavy_resonance/output_2018/ZZTo2L2Q_13TeV_amcatnloFXFX_madspin_pythia8__RunIIAutumn18NanoAODv6-Nano25Oct2019_102X_upgrade2018_realistic_v20-v1__NANOAODSIM/ZZTo2L2Q_13TeV_amcatnloFXFX_madspin_pythia8__RunIIAutumn18NanoAODv6-Nano25Oct2019_102X_upgrade2018_realistic_v20-v1__NANOAODSIM_8_ll.root
job.py: going to run PostProcessor...
Will write selected trees to /work/pbaertsc/heavy_resonance/output_2018/ZZTo2L2Q_13TeV_amcatnloFXFX_madspin_pythia8__RunIIAutumn18NanoAODv6-Nano25Oct2019_102X_upgrade2018_realistic_v20-v1__NANOAODSIM
Loading jet energy scale (JES) uncertainties from file '/tmp/tmpmjhWGO/Autumn18_V19_MC_Uncertainty_AK4PFchs.txt'
Loading jet energy resolutions (JER) from file '/tmp/tmpv3hso5/Autumn18_V7_MC_PtResolution_AK4PFchs.txt'
Loading JER scale factors and uncertainties from file '/tmp/tmpv3hso5/Autumn18_V7_MC_SF_AK4PFchs.txt'
Loading jet energy scale (JES) uncertainties from file '/tmp/tmpa9P15A/Autumn18_V19_MC_Uncertainty_AK8PFPuppi.txt'
Loading jet energy resolutions (JER) from file '/tmp/tmpDFukQX/Autumn18_V7_MC_PtResolution_AK8PFPuppi.txt'
Loading JER scale factors and uncertainties from file '/tmp/tmpDFukQX/Autumn18_V7_MC_SF_AK8PFPuppi.txt'
Pre-select 1049879 entries out of 1049879 (100.00%)
nanoAODv5? True
ZtoMM trigger inconsistency
Processed    10000/ 1049879 entries,  0.95% (elapsed time   220.6s, curr speed    0.045 kHz, avg speed    0.045 kHz), accepted       64/   10001 events ( 0.64%)
ZtoMM trigger inconsistency
ZtoMM trigger inconsistency
Bad event
ZtoMM trigger inconsistency
ZtoMM trigger inconsistency
ZtoMM trigger inconsistency
ZtoMM trigger inconsistency
Processed    20000/ 1049879 entries,  1.90% (elapsed time   433.8s, curr speed    0.047 kHz, avg speed    0.046 kHz), accepted      120/   20001 events ( 0.60%)
ZtoEE trigger inconsistency
ZtoMM trigger inconsistency
Processed    30000/ 1049879 entries,  2.86% (elapsed time   632.9s, curr speed    0.050 kHz, avg speed    0.047 kHz), accepted      164/   30001 events ( 0.55%)
ZtoMM trigger inconsistency
ZtoMM trigger inconsistency
Processed    40000/ 1049879 entries,  3.81% (elapsed time   833.7s, curr speed    0.050 kHz, avg speed    0.048 kHz), accepted      216/   40001 events ( 0.54%)
ZtoMM trigger inconsistency
Processed    50000/ 1049879 entries,  4.76% (elapsed time  1035.7s, curr speed    0.050 kHz, avg speed    0.048 kHz), accepted      269/   50001 events ( 0.54%)
Processed    60000/ 1049879 entries,  5.71% (elapsed time  1239.3s, curr speed    0.049 kHz, avg speed    0.048 kHz), accepted      316/   60001 events ( 0.53%)
ZtoMM trigger inconsistency
ZtoMM trigger inconsistency
TtoEM trigger inconsistency
Processed    70000/ 1049879 entries,  6.67% (elapsed time  1444.7s, curr speed    0.049 kHz, avg speed    0.048 kHz), accepted      375/   70001 events ( 0.54%)
TtoEM trigger inconsistency
Processed    80000/ 1049879 entries,  7.62% (elapsed time  1648.0s, curr speed    0.049 kHz, avg speed    0.049 kHz), accepted      433/   80001 events ( 0.54%)
ZtoMM trigger inconsistency
ZtoMM trigger inconsistency
Processed    90000/ 1049879 entries,  8.57% (elapsed time  1842.0s, curr speed    0.052 kHz, avg speed    0.049 kHz), accepted      487/   90001 events ( 0.54%)
ZtoMM trigger inconsistency
Processed   100000/ 1049879 entries,  9.52% (elapsed time  2048.3s, curr speed    0.048 kHz, avg speed    0.049 kHz), accepted      555/  100001 events ( 0.55%)
ZtoMM trigger inconsistency
ZtoMM trigger inconsistency
ZtoMM trigger inconsistency
Processed   110000/ 1049879 entries, 10.48% (elapsed time  2260.9s, curr speed    0.047 kHz, avg speed    0.049 kHz), accepted      615/  110001 events ( 0.56%)
ZtoMM trigger inconsistency
ZtoMM trigger inconsistency
ZtoMM trigger inconsistency
ZtoEE trigger inconsistency
Processed   120000/ 1049879 entries, 11.43% (elapsed time  2452.9s, curr speed    0.052 kHz, avg speed    0.049 kHz), accepted      675/  120001 events ( 0.56%)
ZtoMM trigger inconsistency
Processed   130000/ 1049879 entries, 12.38% (elapsed time  2655.6s, curr speed    0.049 kHz, avg speed    0.049 kHz), accepted      718/  130001 events ( 0.55%)
ZtoMM trigger inconsistency
Processed   140000/ 1049879 entries, 13.33% (elapsed time  2862.2s, curr speed    0.048 kHz, avg speed    0.049 kHz), accepted      767/  140001 events ( 0.55%)
Processed   150000/ 1049879 entries, 14.29% (elapsed time  3071.9s, curr speed    0.048 kHz, avg speed    0.049 kHz), accepted      830/  150001 events ( 0.55%)
ZtoMM trigger inconsistency
Processed   160000/ 1049879 entries, 15.24% (elapsed time  3259.6s, curr speed    0.053 kHz, avg speed    0.049 kHz), accepted      898/  160001 events ( 0.56%)
Processed   170000/ 1049879 entries, 16.19% (elapsed time  3459.7s, curr speed    0.050 kHz, avg speed    0.049 kHz), accepted      954/  170001 events ( 0.56%)
ZtoMM trigger inconsistency
ZtoMM trigger inconsistency
Processed   180000/ 1049879 entries, 17.14% (elapsed time  3664.3s, curr speed    0.049 kHz, avg speed    0.049 kHz), accepted     1008/  180001 events ( 0.56%)
TtoEM trigger inconsistency
TtoEM trigger inconsistency
Processed   190000/ 1049879 entries, 18.10% (elapsed time  3856.4s, curr speed    0.052 kHz, avg speed    0.049 kHz), accepted     1077/  190001 events ( 0.57%)
WARNING: jet m = -0.0 !!
Processed   200000/ 1049879 entries, 19.05% (elapsed time  4056.9s, curr speed    0.050 kHz, avg speed    0.049 kHz), accepted     1135/  200001 events ( 0.57%)
ZtoMM trigger inconsistency
Processed   210000/ 1049879 entries, 20.00% (elapsed time  4266.4s, curr speed    0.048 kHz, avg speed    0.049 kHz), accepted     1206/  210001 events ( 0.57%)
ZtoMM trigger inconsistency
ZtoMM trigger inconsistency
ZtoEE trigger inconsistency
Processed   220000/ 1049879 entries, 20.95% (elapsed time  4466.6s, curr speed    0.050 kHz, avg speed    0.049 kHz), accepted     1264/  220001 events ( 0.57%)
ZtoMM trigger inconsistency
Processed   230000/ 1049879 entries, 21.91% (elapsed time  4650.2s, curr speed    0.054 kHz, avg speed    0.049 kHz), accepted     1314/  230001 events ( 0.57%)
ZtoMM trigger inconsistency
Processed   240000/ 1049879 entries, 22.86% (elapsed time  4842.3s, curr speed    0.052 kHz, avg speed    0.050 kHz), accepted     1363/  240001 events ( 0.57%)
ZtoMM trigger inconsistency
WARNING: jet m = -0.0 !!
ZtoEE trigger inconsistency
ZtoMM trigger inconsistency
ZtoMM trigger inconsistency
Processed   250000/ 1049879 entries, 23.81% (elapsed time  5045.4s, curr speed    0.049 kHz, avg speed    0.050 kHz), accepted     1419/  250001 events ( 0.57%)
TtoEM trigger inconsistency
ZtoMM trigger inconsistency
ZtoMM trigger inconsistency
Processed   260000/ 1049879 entries, 24.76% (elapsed time  5250.2s, curr speed    0.049 kHz, avg speed    0.050 kHz), accepted     1472/  260001 events ( 0.57%)
ZtoMM trigger inconsistency
ZtoMM trigger inconsistency
ZtoMM trigger inconsistency
ZtoMM trigger inconsistency
ZtoMM trigger inconsistency
Processed   270000/ 1049879 entries, 25.72% (elapsed time  5446.6s, curr speed    0.051 kHz, avg speed    0.050 kHz), accepted     1540/  270001 events ( 0.57%)
Processed   280000/ 1049879 entries, 26.67% (elapsed time  5630.3s, curr speed    0.054 kHz, avg speed    0.050 kHz), accepted     1593/  280001 events ( 0.57%)
Bad event
ZtoMM trigger inconsistency
TtoEM trigger inconsistency
ZtoEE trigger inconsistency
Processed   290000/ 1049879 entries, 27.62% (elapsed time  5831.8s, curr speed    0.050 kHz, avg speed    0.050 kHz), accepted     1653/  290001 events ( 0.57%)
ZtoMM trigger inconsistency
ZtoMM trigger inconsistency
ZtoMM trigger inconsistency
Processed   300000/ 1049879 entries, 28.57% (elapsed time  6044.9s, curr speed    0.047 kHz, avg speed    0.050 kHz), accepted     1694/  300001 events ( 0.56%)
ZtoMM trigger inconsistency
Processed   310000/ 1049879 entries, 29.53% (elapsed time  6243.6s, curr speed    0.050 kHz, avg speed    0.050 kHz), accepted     1745/  310001 events ( 0.56%)
ZtoMM trigger inconsistency
ZtoMM trigger inconsistency
%MSG-e SimpleJetCorrectionUncertainty: 
 bin variables out of range
%MSG
%MSG-e SimpleJetCorrectionUncertainty: 
 bin variables out of range
%MSG
Processed   320000/ 1049879 entries, 30.48% (elapsed time  6434.3s, curr speed    0.052 kHz, avg speed    0.050 kHz), accepted     1808/  320001 events ( 0.56%)
ZtoMM trigger inconsistency
TtoEM trigger inconsistency
Processed   330000/ 1049879 entries, 31.43% (elapsed time  6626.5s, curr speed    0.052 kHz, avg speed    0.050 kHz), accepted     1886/  330001 events ( 0.57%)
ZtoMM trigger inconsistency
ZtoMM trigger inconsistency
Processed   340000/ 1049879 entries, 32.38% (elapsed time  6832.8s, curr speed    0.048 kHz, avg speed    0.050 kHz), accepted     1932/  340001 events ( 0.57%)
ZtoMM trigger inconsistency
TtoEM trigger inconsistency
Processed   350000/ 1049879 entries, 33.34% (elapsed time  7039.9s, curr speed    0.048 kHz, avg speed    0.050 kHz), accepted     1984/  350001 events ( 0.57%)
Processed   360000/ 1049879 entries, 34.29% (elapsed time  7234.9s, curr speed    0.051 kHz, avg speed    0.050 kHz), accepted     2044/  360001 events ( 0.57%)
Processed   370000/ 1049879 entries, 35.24% (elapsed time  7423.9s, curr speed    0.053 kHz, avg speed    0.050 kHz), accepted     2100/  370001 events ( 0.57%)
ZtoMM trigger inconsistency
ZtoMM trigger inconsistency
Processed   380000/ 1049879 entries, 36.19% (elapsed time  7617.8s, curr speed    0.052 kHz, avg speed    0.050 kHz), accepted     2163/  380001 events ( 0.57%)
TtoEM trigger inconsistency
TtoEM trigger inconsistency
Processed   390000/ 1049879 entries, 37.15% (elapsed time  7831.3s, curr speed    0.047 kHz, avg speed    0.050 kHz), accepted     2210/  390001 events ( 0.57%)
Processed   400000/ 1049879 entries, 38.10% (elapsed time  8035.0s, curr speed    0.049 kHz, avg speed    0.050 kHz), accepted     2266/  400001 events ( 0.57%)
ZtoMM trigger inconsistency
ZtoEE trigger inconsistency
Processed   410000/ 1049879 entries, 39.05% (elapsed time  8229.8s, curr speed    0.051 kHz, avg speed    0.050 kHz), accepted     2312/  410001 events ( 0.56%)
ZtoMM trigger inconsistency
Processed   420000/ 1049879 entries, 40.00% (elapsed time  8418.8s, curr speed    0.053 kHz, avg speed    0.050 kHz), accepted     2378/  420001 events ( 0.57%)
ZtoMM trigger inconsistency
Bad event
Processed   430000/ 1049879 entries, 40.96% (elapsed time  8618.9s, curr speed    0.050 kHz, avg speed    0.050 kHz), accepted     2447/  430001 events ( 0.57%)
TtoEM trigger inconsistency
Processed   440000/ 1049879 entries, 41.91% (elapsed time  8825.1s, curr speed    0.048 kHz, avg speed    0.050 kHz), accepted     2506/  440001 events ( 0.57%)
ZtoMM trigger inconsistency
Processed   450000/ 1049879 entries, 42.86% (elapsed time  9027.3s, curr speed    0.049 kHz, avg speed    0.050 kHz), accepted     2558/  450001 events ( 0.57%)
ZtoMM trigger inconsistency
ZtoMM trigger inconsistency
Processed   460000/ 1049879 entries, 43.81% (elapsed time  9217.7s, curr speed    0.053 kHz, avg speed    0.050 kHz), accepted     2628/  460001 events ( 0.57%)
Processed   470000/ 1049879 entries, 44.77% (elapsed time  9408.6s, curr speed    0.052 kHz, avg speed    0.050 kHz), accepted     2692/  470001 events ( 0.57%)
Bad event
Bad event
Processed   480000/ 1049879 entries, 45.72% (elapsed time  9612.7s, curr speed    0.049 kHz, avg speed    0.050 kHz), accepted     2751/  480001 events ( 0.57%)
ZtoMM trigger inconsistency
Processed   490000/ 1049879 entries, 46.67% (elapsed time  9822.7s, curr speed    0.048 kHz, avg speed    0.050 kHz), accepted     2816/  490001 events ( 0.57%)
Processed   500000/ 1049879 entries, 47.62% (elapsed time 10017.0s, curr speed    0.051 kHz, avg speed    0.050 kHz), accepted     2870/  500001 events ( 0.57%)
ZtoMM trigger inconsistency
ZtoMM trigger inconsistency
Processed   510000/ 1049879 entries, 48.58% (elapsed time 10207.0s, curr speed    0.053 kHz, avg speed    0.050 kHz), accepted     2904/  510001 events ( 0.57%)
TtoEM trigger inconsistency
Processed   520000/ 1049879 entries, 49.53% (elapsed time 10402.0s, curr speed    0.051 kHz, avg speed    0.050 kHz), accepted     2968/  520001 events ( 0.57%)
ZtoMM trigger inconsistency
ZtoMM trigger inconsistency
ZtoMM trigger inconsistency
Processed   530000/ 1049879 entries, 50.48% (elapsed time 10612.5s, curr speed    0.048 kHz, avg speed    0.050 kHz), accepted     3027/  530001 events ( 0.57%)
Processed   540000/ 1049879 entries, 51.43% (elapsed time 10815.3s, curr speed    0.049 kHz, avg speed    0.050 kHz), accepted     3070/  540001 events ( 0.57%)
%MSG-e SimpleJetCorrectionUncertainty: 
 bin variables out of range
%MSG
%MSG-e SimpleJetCorrectionUncertainty: 
 bin variables out of range
%MSG
TtoEM trigger inconsistency
TtoEM trigger inconsistency
Processed   550000/ 1049879 entries, 52.39% (elapsed time 11007.4s, curr speed    0.052 kHz, avg speed    0.050 kHz), accepted     3140/  550001 events ( 0.57%)
TtoEM trigger inconsistency
ZtoMM trigger inconsistency
ZtoMM trigger inconsistency
ZtoMM trigger inconsistency
ZtoMM trigger inconsistency
Processed   560000/ 1049879 entries, 53.34% (elapsed time 11196.6s, curr speed    0.053 kHz, avg speed    0.050 kHz), accepted     3195/  560001 events ( 0.57%)
ZtoMM trigger inconsistency
ZtoMM trigger inconsistency
Processed   570000/ 1049879 entries, 54.29% (elapsed time 11396.9s, curr speed    0.050 kHz, avg speed    0.050 kHz), accepted     3254/  570001 events ( 0.57%)
Processed   580000/ 1049879 entries, 55.24% (elapsed time 11602.3s, curr speed    0.049 kHz, avg speed    0.050 kHz), accepted     3323/  580001 events ( 0.57%)
ZtoMM trigger inconsistency
ZtoMM trigger inconsistency
WARNING: jet m = -0.0 !!
Processed   590000/ 1049879 entries, 56.20% (elapsed time 11801.8s, curr speed    0.050 kHz, avg speed    0.050 kHz), accepted     3381/  590001 events ( 0.57%)
ZtoMM trigger inconsistency
ZtoMM trigger inconsistency
ZtoMM trigger inconsistency
Processed   600000/ 1049879 entries, 57.15% (elapsed time 11990.2s, curr speed    0.053 kHz, avg speed    0.050 kHz), accepted     3436/  600001 events ( 0.57%)
TtoEM trigger inconsistency
Processed   610000/ 1049879 entries, 58.10% (elapsed time 12186.2s, curr speed    0.051 kHz, avg speed    0.050 kHz), accepted     3490/  610001 events ( 0.57%)
ZtoMM trigger inconsistency
ZtoMM trigger inconsistency
Processed   620000/ 1049879 entries, 59.05% (elapsed time 12387.1s, curr speed    0.050 kHz, avg speed    0.050 kHz), accepted     3553/  620001 events ( 0.57%)
ZtoMM trigger inconsistency
ZtoMM trigger inconsistency
ZtoMM trigger inconsistency
Processed   630000/ 1049879 entries, 60.01% (elapsed time 12599.2s, curr speed    0.047 kHz, avg speed    0.050 kHz), accepted     3615/  630001 events ( 0.57%)
TtoEM trigger inconsistency
ZtoEE trigger inconsistency
Processed   640000/ 1049879 entries, 60.96% (elapsed time 12795.5s, curr speed    0.051 kHz, avg speed    0.050 kHz), accepted     3678/  640001 events ( 0.57%)
ZtoMM trigger inconsistency
ZtoMM trigger inconsistency
Processed   650000/ 1049879 entries, 61.91% (elapsed time 12982.6s, curr speed    0.053 kHz, avg speed    0.050 kHz), accepted     3742/  650001 events ( 0.58%)
ZtoMM trigger inconsistency
ZtoEE trigger inconsistency
Processed   660000/ 1049879 entries, 62.86% (elapsed time 13182.4s, curr speed    0.050 kHz, avg speed    0.050 kHz), accepted     3792/  660001 events ( 0.57%)
Processed   670000/ 1049879 entries, 63.82% (elapsed time 13394.3s, curr speed    0.047 kHz, avg speed    0.050 kHz), accepted     3849/  670001 events ( 0.57%)
Processed   680000/ 1049879 entries, 64.77% (elapsed time 13594.2s, curr speed    0.050 kHz, avg speed    0.050 kHz), accepted     3929/  680001 events ( 0.58%)
Processed   690000/ 1049879 entries, 65.72% (elapsed time 13783.2s, curr speed    0.053 kHz, avg speed    0.050 kHz), accepted     3987/  690001 events ( 0.58%)
TtoEM trigger inconsistency
ZtoEE trigger inconsistency
ZtoMM trigger inconsistency
Processed   700000/ 1049879 entries, 66.67% (elapsed time 13970.1s, curr speed    0.054 kHz, avg speed    0.050 kHz), accepted     4058/  700001 events ( 0.58%)
ZtoMM trigger inconsistency
Processed   710000/ 1049879 entries, 67.63% (elapsed time 14164.8s, curr speed    0.051 kHz, avg speed    0.050 kHz), accepted     4122/  710001 events ( 0.58%)
Processed   720000/ 1049879 entries, 68.58% (elapsed time 14371.5s, curr speed    0.048 kHz, avg speed    0.050 kHz), accepted     4184/  720001 events ( 0.58%)
TtoEM trigger inconsistency
Processed   730000/ 1049879 entries, 69.53% (elapsed time 14580.6s, curr speed    0.048 kHz, avg speed    0.050 kHz), accepted     4240/  730001 events ( 0.58%)
Processed   740000/ 1049879 entries, 70.48% (elapsed time 14773.4s, curr speed    0.052 kHz, avg speed    0.050 kHz), accepted     4311/  740001 events ( 0.58%)
ZtoMM trigger inconsistency
ZtoMM trigger inconsistency
Processed   750000/ 1049879 entries, 71.44% (elapsed time 14956.6s, curr speed    0.055 kHz, avg speed    0.050 kHz), accepted     4359/  750001 events ( 0.58%)
ZtoMM trigger inconsistency
ZtoMM trigger inconsistency
ZtoEE trigger inconsistency
ZtoMM trigger inconsistency
ZtoMM trigger inconsistency
ZtoMM trigger inconsistency
Processed   760000/ 1049879 entries, 72.39% (elapsed time 15161.9s, curr speed    0.049 kHz, avg speed    0.050 kHz), accepted     4417/  760001 events ( 0.58%)
Processed   770000/ 1049879 entries, 73.34% (elapsed time 15371.4s, curr speed    0.048 kHz, avg speed    0.050 kHz), accepted     4460/  770001 events ( 0.58%)
ZtoMM trigger inconsistency
TtoEM trigger inconsistency
ZtoMM trigger inconsistency
Processed   780000/ 1049879 entries, 74.29% (elapsed time 15571.2s, curr speed    0.050 kHz, avg speed    0.050 kHz), accepted     4506/  780001 events ( 0.58%)
%MSG-e SimpleJetCorrectionUncertainty: 
 bin variables out of range
%MSG
%MSG-e SimpleJetCorrectionUncertainty: 
 bin variables out of range
%MSG
Processed   790000/ 1049879 entries, 75.25% (elapsed time 15752.7s, curr speed    0.055 kHz, avg speed    0.050 kHz), accepted     4570/  790001 events ( 0.58%)
ZtoMM trigger inconsistency
ZtoEE trigger inconsistency
Processed   800000/ 1049879 entries, 76.20% (elapsed time 15943.7s, curr speed    0.052 kHz, avg speed    0.050 kHz), accepted     4637/  800001 events ( 0.58%)
ZtoMM trigger inconsistency
TtoEM trigger inconsistency
ZtoMM trigger inconsistency
Processed   810000/ 1049879 entries, 77.15% (elapsed time 16154.3s, curr speed    0.047 kHz, avg speed    0.050 kHz), accepted     4683/  810001 events ( 0.58%)
Bad event
TtoEM trigger inconsistency
Processed   820000/ 1049879 entries, 78.10% (elapsed time 16351.2s, curr speed    0.051 kHz, avg speed    0.050 kHz), accepted     4740/  820001 events ( 0.58%)
Processed   830000/ 1049879 entries, 79.06% (elapsed time 16535.0s, curr speed    0.054 kHz, avg speed    0.050 kHz), accepted     4794/  830001 events ( 0.58%)
ZtoMM trigger inconsistency
ZtoMM trigger inconsistency
Processed   840000/ 1049879 entries, 80.01% (elapsed time 16727.3s, curr speed    0.052 kHz, avg speed    0.050 kHz), accepted     4845/  840001 events ( 0.58%)
ZtoMM trigger inconsistency
ZtoEE trigger inconsistency
TtoEM trigger inconsistency
Processed   850000/ 1049879 entries, 80.96% (elapsed time 16929.4s, curr speed    0.049 kHz, avg speed    0.050 kHz), accepted     4911/  850001 events ( 0.58%)
ZtoMM trigger inconsistency
ZtoMM trigger inconsistency
Processed   860000/ 1049879 entries, 81.91% (elapsed time 17124.4s, curr speed    0.051 kHz, avg speed    0.050 kHz), accepted     4978/  860001 events ( 0.58%)
TtoEM trigger inconsistency
ZtoMM trigger inconsistency
ZtoMM trigger inconsistency
Processed   870000/ 1049879 entries, 82.87% (elapsed time 17308.5s, curr speed    0.054 kHz, avg speed    0.050 kHz), accepted     5039/  870001 events ( 0.58%)
ZtoMM trigger inconsistency
Bad event
Processed   880000/ 1049879 entries, 83.82% (elapsed time 17491.0s, curr speed    0.055 kHz, avg speed    0.050 kHz), accepted     5101/  880001 events ( 0.58%)
TtoEM trigger inconsistency
ZtoMM trigger inconsistency
ZtoMM trigger inconsistency
TtoEM trigger inconsistency
Processed   890000/ 1049879 entries, 84.77% (elapsed time 17681.0s, curr speed    0.053 kHz, avg speed    0.050 kHz), accepted     5160/  890001 events ( 0.58%)
Processed   900000/ 1049879 entries, 85.72% (elapsed time 17886.7s, curr speed    0.049 kHz, avg speed    0.050 kHz), accepted     5224/  900001 events ( 0.58%)
TtoEM trigger inconsistency
Processed   910000/ 1049879 entries, 86.68% (elapsed time 18069.5s, curr speed    0.055 kHz, avg speed    0.050 kHz), accepted     5290/  910001 events ( 0.58%)
ZtoMM trigger inconsistency
Processed   920000/ 1049879 entries, 87.63% (elapsed time 18247.3s, curr speed    0.056 kHz, avg speed    0.050 kHz), accepted     5350/  920001 events ( 0.58%)
ZtoMM trigger inconsistency
Processed   930000/ 1049879 entries, 88.58% (elapsed time 18428.1s, curr speed    0.055 kHz, avg speed    0.050 kHz), accepted     5411/  930001 events ( 0.58%)
Processed   940000/ 1049879 entries, 89.53% (elapsed time 18624.8s, curr speed    0.051 kHz, avg speed    0.050 kHz), accepted     5478/  940001 events ( 0.58%)
ZtoMM trigger inconsistency
Processed   950000/ 1049879 entries, 90.49% (elapsed time 18814.2s, curr speed    0.053 kHz, avg speed    0.050 kHz), accepted     5549/  950001 events ( 0.58%)
Processed   960000/ 1049879 entries, 91.44% (elapsed time 18990.8s, curr speed    0.057 kHz, avg speed    0.051 kHz), accepted     5593/  960001 events ( 0.58%)
ZtoMM trigger inconsistency
TtoEM trigger inconsistency
Processed   970000/ 1049879 entries, 92.39% (elapsed time 19166.2s, curr speed    0.057 kHz, avg speed    0.051 kHz), accepted     5648/  970001 events ( 0.58%)
ZtoMM trigger inconsistency
ZtoMM trigger inconsistency
TtoEM trigger inconsistency
ZtoMM trigger inconsistency
Processed   980000/ 1049879 entries, 93.34% (elapsed time 19354.4s, curr speed    0.053 kHz, avg speed    0.051 kHz), accepted     5715/  980001 events ( 0.58%)
ZtoMM trigger inconsistency
TtoEM trigger inconsistency
Processed   990000/ 1049879 entries, 94.30% (elapsed time 19547.5s, curr speed    0.052 kHz, avg speed    0.051 kHz), accepted     5770/  990001 events ( 0.58%)
Processed  1000000/ 1049879 entries, 95.25% (elapsed time 19725.7s, curr speed    0.056 kHz, avg speed    0.051 kHz), accepted     5812/ 1000001 events ( 0.58%)
ZtoMM trigger inconsistency
Processed  1010000/ 1049879 entries, 96.20% (elapsed time 19894.2s, curr speed    0.059 kHz, avg speed    0.051 kHz), accepted     5852/ 1010001 events ( 0.58%)
ZtoMM trigger inconsistency
Processed  1020000/ 1049879 entries, 97.15% (elapsed time 20065.9s, curr speed    0.058 kHz, avg speed    0.051 kHz), accepted     5911/ 1020001 events ( 0.58%)
ZtoMM trigger inconsistency
TtoEM trigger inconsistency
Processed  1030000/ 1049879 entries, 98.11% (elapsed time 20252.7s, curr speed    0.054 kHz, avg speed    0.051 kHz), accepted     5969/ 1030001 events ( 0.58%)
%MSG-e SimpleJetCorrectionUncertainty: 
 bin variables out of range
%MSG
%MSG-e SimpleJetCorrectionUncertainty: 
 bin variables out of range
%MSG
ZtoMM trigger inconsistency
ZtoEE trigger inconsistency
Processed  1040000/ 1049879 entries, 99.06% (elapsed time 20432.4s, curr speed    0.056 kHz, avg speed    0.051 kHz), accepted     6027/ 1040001 events ( 0.58%)
ZtoMM trigger inconsistency
Processed 1049879 preselected entries from root://cms-xrd-global.cern.ch//store/mc/RunIIAutumn18NanoAODv6/ZZTo2L2Q_13TeV_amcatnloFXFX_madspin_pythia8/NANOAODSIM/Nano25Oct2019_102X_upgrade2018_realistic_v20-v1/40000/76FCE2BC-257D-1B4C-BB6B-9D676A3A5022.root (1049879 entries). Finally selected 6081 entries
Done /work/pbaertsc/heavy_resonance/output_2018/ZZTo2L2Q_13TeV_amcatnloFXFX_madspin_pythia8__RunIIAutumn18NanoAODv6-Nano25Oct2019_102X_upgrade2018_realistic_v20-v1__NANOAODSIM/76FCE2BC-257D-1B4C-BB6B-9D676A3A5022.root
50.9329567418 Hz
deleting root file with name: /work/pbaertsc/heavy_resonance/output_2018/ZZTo2L2Q_13TeV_amcatnloFXFX_madspin_pythia8__RunIIAutumn18NanoAODv6-Nano25Oct2019_102X_upgrade2018_realistic_v20-v1__NANOAODSIM/76FCE2BC-257D-1B4C-BB6B-9D676A3A5022.root
DONE
Complete at
Sat Feb  1 22:43:44 CET 2020
