job start at
Sat Feb  1 14:53:02 CET 2020
SLURM_JOB_ID: 528932
HOSTNAME: t3wn55
JOBLIST:joblist/joblist_WWTo2L2Nu_NNPDF31_TuneCP5_13TeV-powheg-pythia8__RunIIAutumn18NanoAODv6-Nano25Oct2019_102X_upgrade2018_realistic_v20-v1__NANOAODSIM_ll.txt
Going to execute
python job.py -i root://cms-xrd-global.cern.ch//store/mc/RunIIAutumn18NanoAODv6/WWTo2L2Nu_NNPDF31_TuneCP5_13TeV-powheg-pythia8/NANOAODSIM/Nano25Oct2019_102X_upgrade2018_realistic_v20-v1/40000/B9C582A9-83F9-3646-9531-5C11FF6D6884.root -o /work/pbaertsc/heavy_resonance/output_2018/WWTo2L2Nu_NNPDF31_TuneCP5_13TeV-powheg-pythia8__RunIIAutumn18NanoAODv6-Nano25Oct2019_102X_upgrade2018_realistic_v20-v1__NANOAODSIM -N WWTo2L2Nu_NNPDF31_TuneCP5_13TeV-powheg-pythia8__RunIIAutumn18NanoAODv6-Nano25Oct2019_102X_upgrade2018_realistic_v20-v1__NANOAODSIM -n 0 -c ll -y 2018
TClass::Init:0: RuntimeWarning: no dictionary for class ROOT::TIOFeatures is available
/work/pbaertsc/heavy_resonance/CMSSW_9_4_6/python/PhysicsTools/NanoAODTools/postprocessing/framework/treeReaderArrayTools.py:69: RuntimeWarning: creating executor for unknown type "ULong64_t*"
  ret = _vr.Get()[0]
JEC= Autumn18_V19_MC 	 JER= Autumn18_V7_MC
MET branch= PuppiMET
JEC= Autumn18_V19_MC 	 JER= Autumn18_V7_MC
MET branch= PuppiMET
--------------------------------------------------------------------------------
input files  = ['root://cms-xrd-global.cern.ch//store/mc/RunIIAutumn18NanoAODv6/WWTo2L2Nu_NNPDF31_TuneCP5_13TeV-powheg-pythia8/NANOAODSIM/Nano25Oct2019_102X_upgrade2018_realistic_v20-v1/40000/B9C582A9-83F9-3646-9531-5C11FF6D6884.root']
output directory = /work/pbaertsc/heavy_resonance/output_2018/WWTo2L2Nu_NNPDF31_TuneCP5_13TeV-powheg-pythia8__RunIIAutumn18NanoAODv6-Nano25Oct2019_102X_upgrade2018_realistic_v20-v1__NANOAODSIM
output file  = WWTo2L2Nu_NNPDF31_TuneCP5_13TeV-powheg-pythia8__RunIIAutumn18NanoAODv6-Nano25Oct2019_102X_upgrade2018_realistic_v20-v1__NANOAODSIM_0_ll.root
chunck       = 0
channel      = ll
dataType     = mc
year         = 2018
tes          = 1.0
ltf          = 1.0
jtf          = 1.0
--------------------------------------------------------------------------------
job.py: creating PostProcessor...
TreeProducer is called /work/pbaertsc/heavy_resonance/output_2018/WWTo2L2Nu_NNPDF31_TuneCP5_13TeV-powheg-pythia8__RunIIAutumn18NanoAODv6-Nano25Oct2019_102X_upgrade2018_realistic_v20-v1__NANOAODSIM/WWTo2L2Nu_NNPDF31_TuneCP5_13TeV-powheg-pythia8__RunIIAutumn18NanoAODv6-Nano25Oct2019_102X_upgrade2018_realistic_v20-v1__NANOAODSIM_0_ll.root
job.py: going to run PostProcessor...
Will write selected trees to /work/pbaertsc/heavy_resonance/output_2018/WWTo2L2Nu_NNPDF31_TuneCP5_13TeV-powheg-pythia8__RunIIAutumn18NanoAODv6-Nano25Oct2019_102X_upgrade2018_realistic_v20-v1__NANOAODSIM
Loading jet energy scale (JES) uncertainties from file '/tmp/tmp8m7W0l/Autumn18_V19_MC_Uncertainty_AK4PFchs.txt'
Loading jet energy resolutions (JER) from file '/tmp/tmpKxW33h/Autumn18_V7_MC_PtResolution_AK4PFchs.txt'
Loading JER scale factors and uncertainties from file '/tmp/tmpKxW33h/Autumn18_V7_MC_SF_AK4PFchs.txt'
Loading jet energy scale (JES) uncertainties from file '/tmp/tmpHhEXW8/Autumn18_V19_MC_Uncertainty_AK8PFPuppi.txt'
Loading jet energy resolutions (JER) from file '/tmp/tmptoYH36/Autumn18_V7_MC_PtResolution_AK8PFPuppi.txt'
Loading JER scale factors and uncertainties from file '/tmp/tmptoYH36/Autumn18_V7_MC_SF_AK8PFPuppi.txt'
Pre-select 228800 entries out of 228800 (100.00%)
nanoAODv5? True
TtoEM trigger inconsistency
Processed    10000/  228800 entries,  4.37% (elapsed time   177.3s, curr speed    0.056 kHz, avg speed    0.056 kHz), accepted       47/   10001 events ( 0.47%)
TtoEM trigger inconsistency
TtoEM trigger inconsistency
TtoEM trigger inconsistency
Processed    20000/  228800 entries,  8.74% (elapsed time   337.1s, curr speed    0.063 kHz, avg speed    0.059 kHz), accepted       91/   20001 events ( 0.45%)
TtoEM trigger inconsistency
TtoEM trigger inconsistency
Processed    30000/  228800 entries, 13.11% (elapsed time   504.6s, curr speed    0.060 kHz, avg speed    0.059 kHz), accepted      146/   30001 events ( 0.49%)
Bad event
TtoEM trigger inconsistency
TtoEM trigger inconsistency
TtoEM trigger inconsistency
Processed    40000/  228800 entries, 17.48% (elapsed time   662.8s, curr speed    0.063 kHz, avg speed    0.060 kHz), accepted      192/   40001 events ( 0.48%)
TtoEM trigger inconsistency
TtoEM trigger inconsistency
TtoEM trigger inconsistency
Processed    50000/  228800 entries, 21.85% (elapsed time   825.3s, curr speed    0.062 kHz, avg speed    0.061 kHz), accepted      247/   50001 events ( 0.49%)
TtoEM trigger inconsistency
TtoEM trigger inconsistency
TtoEM trigger inconsistency
TtoEM trigger inconsistency
Processed    60000/  228800 entries, 26.22% (elapsed time   977.4s, curr speed    0.066 kHz, avg speed    0.061 kHz), accepted      301/   60001 events ( 0.50%)
TtoEM trigger inconsistency
TtoEM trigger inconsistency
TtoEM trigger inconsistency
TtoEM trigger inconsistency
TtoEM trigger inconsistency
TtoEM trigger inconsistency
TtoEM trigger inconsistency
Processed    70000/  228800 entries, 30.59% (elapsed time  1141.4s, curr speed    0.061 kHz, avg speed    0.061 kHz), accepted      350/   70001 events ( 0.50%)
TtoEM trigger inconsistency
TtoEM trigger inconsistency
Processed    80000/  228800 entries, 34.97% (elapsed time  1298.9s, curr speed    0.064 kHz, avg speed    0.062 kHz), accepted      394/   80001 events ( 0.49%)
TtoEM trigger inconsistency
TtoEM trigger inconsistency
TtoEM trigger inconsistency
WARNING: jet m = -0.0 !!
Processed    90000/  228800 entries, 39.34% (elapsed time  1470.0s, curr speed    0.058 kHz, avg speed    0.061 kHz), accepted      435/   90001 events ( 0.48%)
TtoEM trigger inconsistency
TtoEM trigger inconsistency
TtoEM trigger inconsistency
TtoEM trigger inconsistency
TtoEM trigger inconsistency
TtoEM trigger inconsistency
Processed   100000/  228800 entries, 43.71% (elapsed time  1635.0s, curr speed    0.061 kHz, avg speed    0.061 kHz), accepted      490/  100001 events ( 0.49%)
TtoEM trigger inconsistency
TtoEM trigger inconsistency
TtoEM trigger inconsistency
Processed   110000/  228800 entries, 48.08% (elapsed time  1804.2s, curr speed    0.059 kHz, avg speed    0.061 kHz), accepted      536/  110001 events ( 0.49%)
TtoEM trigger inconsistency
TtoEM trigger inconsistency
TtoEM trigger inconsistency
TtoEM trigger inconsistency
TtoEM trigger inconsistency
TtoEM trigger inconsistency
Processed   120000/  228800 entries, 52.45% (elapsed time  1971.5s, curr speed    0.060 kHz, avg speed    0.061 kHz), accepted      583/  120001 events ( 0.49%)
TtoEM trigger inconsistency
TtoEM trigger inconsistency
TtoEM trigger inconsistency
TtoEM trigger inconsistency
Processed   130000/  228800 entries, 56.82% (elapsed time  2132.8s, curr speed    0.062 kHz, avg speed    0.061 kHz), accepted      626/  130001 events ( 0.48%)
TtoEM trigger inconsistency
TtoEM trigger inconsistency
TtoEM trigger inconsistency
TtoEM trigger inconsistency
Processed   140000/  228800 entries, 61.19% (elapsed time  2293.2s, curr speed    0.062 kHz, avg speed    0.061 kHz), accepted      678/  140001 events ( 0.48%)
TtoEM trigger inconsistency
TtoEM trigger inconsistency
TtoEM trigger inconsistency
TtoEM trigger inconsistency
TtoEM trigger inconsistency
TtoEM trigger inconsistency
Processed   150000/  228800 entries, 65.56% (elapsed time  2447.1s, curr speed    0.065 kHz, avg speed    0.061 kHz), accepted      727/  150001 events ( 0.48%)
TtoEM trigger inconsistency
TtoEM trigger inconsistency
TtoEM trigger inconsistency
TtoEM trigger inconsistency
TtoEM trigger inconsistency
Processed   160000/  228800 entries, 69.93% (elapsed time  2598.5s, curr speed    0.066 kHz, avg speed    0.062 kHz), accepted      784/  160001 events ( 0.49%)
TtoEM trigger inconsistency
Processed   170000/  228800 entries, 74.30% (elapsed time  2750.6s, curr speed    0.066 kHz, avg speed    0.062 kHz), accepted      827/  170001 events ( 0.49%)
TtoEM trigger inconsistency
TtoEM trigger inconsistency
TtoEM trigger inconsistency
TtoEM trigger inconsistency
Processed   180000/  228800 entries, 78.67% (elapsed time  2899.2s, curr speed    0.067 kHz, avg speed    0.062 kHz), accepted      879/  180001 events ( 0.49%)
TtoEM trigger inconsistency
TtoEM trigger inconsistency
TtoEM trigger inconsistency
TtoEM trigger inconsistency
TtoEM trigger inconsistency
Processed   190000/  228800 entries, 83.04% (elapsed time  3051.8s, curr speed    0.066 kHz, avg speed    0.062 kHz), accepted      919/  190001 events ( 0.48%)
TtoEM trigger inconsistency
Processed   200000/  228800 entries, 87.41% (elapsed time  3193.2s, curr speed    0.071 kHz, avg speed    0.063 kHz), accepted      962/  200001 events ( 0.48%)
TtoEM trigger inconsistency
TtoEM trigger inconsistency
Processed   210000/  228800 entries, 91.78% (elapsed time  3341.0s, curr speed    0.068 kHz, avg speed    0.063 kHz), accepted     1018/  210001 events ( 0.48%)
TtoEM trigger inconsistency
TtoEM trigger inconsistency
TtoEM trigger inconsistency
TtoEM trigger inconsistency
Processed   220000/  228800 entries, 96.15% (elapsed time  3489.0s, curr speed    0.068 kHz, avg speed    0.063 kHz), accepted     1063/  220001 events ( 0.48%)
TtoEM trigger inconsistency
TtoEM trigger inconsistency
TtoEM trigger inconsistency
TtoEM trigger inconsistency
Processed 228800 preselected entries from root://cms-xrd-global.cern.ch//store/mc/RunIIAutumn18NanoAODv6/WWTo2L2Nu_NNPDF31_TuneCP5_13TeV-powheg-pythia8/NANOAODSIM/Nano25Oct2019_102X_upgrade2018_realistic_v20-v1/40000/B9C582A9-83F9-3646-9531-5C11FF6D6884.root (228800 entries). Finally selected 1120 entries
Done /work/pbaertsc/heavy_resonance/output_2018/WWTo2L2Nu_NNPDF31_TuneCP5_13TeV-powheg-pythia8__RunIIAutumn18NanoAODv6-Nano25Oct2019_102X_upgrade2018_realistic_v20-v1__NANOAODSIM/B9C582A9-83F9-3646-9531-5C11FF6D6884.root
63.1778921558 Hz
deleting root file with name: /work/pbaertsc/heavy_resonance/output_2018/WWTo2L2Nu_NNPDF31_TuneCP5_13TeV-powheg-pythia8__RunIIAutumn18NanoAODv6-Nano25Oct2019_102X_upgrade2018_realistic_v20-v1__NANOAODSIM/B9C582A9-83F9-3646-9531-5C11FF6D6884.root
DONE
Complete at
Sat Feb  1 16:03:57 CET 2020
