job start at
Thu Jan 30 19:15:02 CET 2020
SLURM_JOB_ID: 437630
HOSTNAME: t3wn51
JOBLIST:joblist/joblist_ZZTo2Q2Nu_TuneCP5_13TeV_amcatnloFXFX_madspin_pythia8__RunIIFall17NanoAODv6-PU2017_12Apr2018_Nano25Oct2019_102X_mc2017_realistic_v7-v1__NANOAODSIM_ll.txt
Going to execute
python job.py -i root://cms-xrd-global.cern.ch//store/mc/RunIIFall17NanoAODv6/ZZTo2Q2Nu_TuneCP5_13TeV_amcatnloFXFX_madspin_pythia8/NANOAODSIM/PU2017_12Apr2018_Nano25Oct2019_102X_mc2017_realistic_v7-v1/70000/0A2C72C4-BF5A-A643-A07A-E4F033301193.root -o /work/pbaertsc/heavy_resonance/output_2017/ZZTo2Q2Nu_TuneCP5_13TeV_amcatnloFXFX_madspin_pythia8__RunIIFall17NanoAODv6-PU2017_12Apr2018_Nano25Oct2019_102X_mc2017_realistic_v7-v1__NANOAODSIM -N ZZTo2Q2Nu_TuneCP5_13TeV_amcatnloFXFX_madspin_pythia8__RunIIFall17NanoAODv6-PU2017_12Apr2018_Nano25Oct2019_102X_mc2017_realistic_v7-v1__NANOAODSIM -n 30 -c ll -y 2017
TClass::Init:0: RuntimeWarning: no dictionary for class ROOT::TIOFeatures is available
/work/pbaertsc/heavy_resonance/CMSSW_9_4_6/python/PhysicsTools/NanoAODTools/postprocessing/framework/treeReaderArrayTools.py:69: RuntimeWarning: creating executor for unknown type "ULong64_t*"
  ret = _vr.Get()[0]
JEC= Fall17_17Nov2017_V32_MC 	 JER= Fall17_V3_MC
MET branch= PuppiMET
JEC= Fall17_17Nov2017_V32_MC 	 JER= Fall17_V3_MC
MET branch= PuppiMET
--------------------------------------------------------------------------------
input files  = ['root://cms-xrd-global.cern.ch//store/mc/RunIIFall17NanoAODv6/ZZTo2Q2Nu_TuneCP5_13TeV_amcatnloFXFX_madspin_pythia8/NANOAODSIM/PU2017_12Apr2018_Nano25Oct2019_102X_mc2017_realistic_v7-v1/70000/0A2C72C4-BF5A-A643-A07A-E4F033301193.root']
output directory = /work/pbaertsc/heavy_resonance/output_2017/ZZTo2Q2Nu_TuneCP5_13TeV_amcatnloFXFX_madspin_pythia8__RunIIFall17NanoAODv6-PU2017_12Apr2018_Nano25Oct2019_102X_mc2017_realistic_v7-v1__NANOAODSIM
output file  = ZZTo2Q2Nu_TuneCP5_13TeV_amcatnloFXFX_madspin_pythia8__RunIIFall17NanoAODv6-PU2017_12Apr2018_Nano25Oct2019_102X_mc2017_realistic_v7-v1__NANOAODSIM_30_ll.root
chunck       = 30
channel      = ll
dataType     = mc
year         = 2017
tes          = 1.0
ltf          = 1.0
jtf          = 1.0
--------------------------------------------------------------------------------
job.py: creating PostProcessor...
TreeProducer is called /work/pbaertsc/heavy_resonance/output_2017/ZZTo2Q2Nu_TuneCP5_13TeV_amcatnloFXFX_madspin_pythia8__RunIIFall17NanoAODv6-PU2017_12Apr2018_Nano25Oct2019_102X_mc2017_realistic_v7-v1__NANOAODSIM/ZZTo2Q2Nu_TuneCP5_13TeV_amcatnloFXFX_madspin_pythia8__RunIIFall17NanoAODv6-PU2017_12Apr2018_Nano25Oct2019_102X_mc2017_realistic_v7-v1__NANOAODSIM_30_ll.root
job.py: going to run PostProcessor...
Will write selected trees to /work/pbaertsc/heavy_resonance/output_2017/ZZTo2Q2Nu_TuneCP5_13TeV_amcatnloFXFX_madspin_pythia8__RunIIFall17NanoAODv6-PU2017_12Apr2018_Nano25Oct2019_102X_mc2017_realistic_v7-v1__NANOAODSIM
Loading jet energy scale (JES) uncertainties from file '/tmp/tmp3NIay9/Fall17_17Nov2017_V32_MC_Uncertainty_AK4PFchs.txt'
Loading jet energy resolutions (JER) from file '/tmp/tmpMK7v6N/Fall17_V3_MC_PtResolution_AK4PFchs.txt'
Loading JER scale factors and uncertainties from file '/tmp/tmpMK7v6N/Fall17_V3_MC_SF_AK4PFchs.txt'
Loading jet energy scale (JES) uncertainties from file '/tmp/tmpn5ilYo/Fall17_17Nov2017_V32_MC_Uncertainty_AK8PFPuppi.txt'
Loading jet energy resolutions (JER) from file '/tmp/tmpQLzffq/Fall17_V3_MC_PtResolution_AK8PFPuppi.txt'
Loading JER scale factors and uncertainties from file '/tmp/tmpQLzffq/Fall17_V3_MC_SF_AK8PFPuppi.txt'
Pre-select 962900 entries out of 962900 (100.00%)
nanoAODv5? True
Processed    10000/  962900 entries,  1.04% (elapsed time   170.6s, curr speed    0.059 kHz, avg speed    0.059 kHz), accepted      146/   10001 events ( 1.46%)
Processed    20000/  962900 entries,  2.08% (elapsed time   328.7s, curr speed    0.063 kHz, avg speed    0.061 kHz), accepted      274/   20001 events ( 1.37%)
Processed    30000/  962900 entries,  3.12% (elapsed time   478.9s, curr speed    0.067 kHz, avg speed    0.063 kHz), accepted      392/   30001 events ( 1.31%)
Processed    40000/  962900 entries,  4.15% (elapsed time   633.1s, curr speed    0.065 kHz, avg speed    0.063 kHz), accepted      520/   40001 events ( 1.30%)
Processed    50000/  962900 entries,  5.19% (elapsed time   774.5s, curr speed    0.071 kHz, avg speed    0.065 kHz), accepted      638/   50001 events ( 1.28%)
Processed    60000/  962900 entries,  6.23% (elapsed time   925.7s, curr speed    0.066 kHz, avg speed    0.065 kHz), accepted      776/   60001 events ( 1.29%)
Processed    70000/  962900 entries,  7.27% (elapsed time  1073.9s, curr speed    0.067 kHz, avg speed    0.065 kHz), accepted      933/   70001 events ( 1.33%)
Processed    80000/  962900 entries,  8.31% (elapsed time  1216.3s, curr speed    0.070 kHz, avg speed    0.066 kHz), accepted     1078/   80001 events ( 1.35%)
Processed    90000/  962900 entries,  9.35% (elapsed time  1360.1s, curr speed    0.070 kHz, avg speed    0.066 kHz), accepted     1211/   90001 events ( 1.35%)
Processed   100000/  962900 entries, 10.39% (elapsed time  1495.8s, curr speed    0.074 kHz, avg speed    0.067 kHz), accepted     1348/  100001 events ( 1.35%)
Processed   110000/  962900 entries, 11.42% (elapsed time  1644.7s, curr speed    0.067 kHz, avg speed    0.067 kHz), accepted     1503/  110001 events ( 1.37%)
Processed   120000/  962900 entries, 12.46% (elapsed time  1780.3s, curr speed    0.074 kHz, avg speed    0.067 kHz), accepted     1649/  120001 events ( 1.37%)
Processed   130000/  962900 entries, 13.50% (elapsed time  1925.4s, curr speed    0.069 kHz, avg speed    0.068 kHz), accepted     1788/  130001 events ( 1.38%)
Processed   140000/  962900 entries, 14.54% (elapsed time  2067.9s, curr speed    0.070 kHz, avg speed    0.068 kHz), accepted     1927/  140001 events ( 1.38%)
Processed   150000/  962900 entries, 15.58% (elapsed time  2208.9s, curr speed    0.071 kHz, avg speed    0.068 kHz), accepted     2064/  150001 events ( 1.38%)
Processed   160000/  962900 entries, 16.62% (elapsed time  2351.1s, curr speed    0.070 kHz, avg speed    0.068 kHz), accepted     2217/  160001 events ( 1.39%)
Processed   170000/  962900 entries, 17.66% (elapsed time  2487.8s, curr speed    0.073 kHz, avg speed    0.068 kHz), accepted     2364/  170001 events ( 1.39%)
Bad event
Processed   180000/  962900 entries, 18.69% (elapsed time  2632.3s, curr speed    0.069 kHz, avg speed    0.068 kHz), accepted     2511/  180001 events ( 1.39%)
Processed   190000/  962900 entries, 19.73% (elapsed time  2768.6s, curr speed    0.073 kHz, avg speed    0.069 kHz), accepted     2636/  190001 events ( 1.39%)
Bad event
Processed   200000/  962900 entries, 20.77% (elapsed time  2913.0s, curr speed    0.069 kHz, avg speed    0.069 kHz), accepted     2756/  200001 events ( 1.38%)
Processed   210000/  962900 entries, 21.81% (elapsed time  3053.8s, curr speed    0.071 kHz, avg speed    0.069 kHz), accepted     2889/  210001 events ( 1.38%)
Processed   220000/  962900 entries, 22.85% (elapsed time  3188.6s, curr speed    0.074 kHz, avg speed    0.069 kHz), accepted     3017/  220001 events ( 1.37%)
Processed   230000/  962900 entries, 23.89% (elapsed time  3327.5s, curr speed    0.072 kHz, avg speed    0.069 kHz), accepted     3145/  230001 events ( 1.37%)
Bad event
Processed   240000/  962900 entries, 24.92% (elapsed time  3456.6s, curr speed    0.077 kHz, avg speed    0.069 kHz), accepted     3274/  240001 events ( 1.36%)
Processed   250000/  962900 entries, 25.96% (elapsed time  3591.9s, curr speed    0.074 kHz, avg speed    0.070 kHz), accepted     3402/  250001 events ( 1.36%)
Processed   260000/  962900 entries, 27.00% (elapsed time  3720.7s, curr speed    0.078 kHz, avg speed    0.070 kHz), accepted     3545/  260001 events ( 1.36%)
Bad event
Processed   270000/  962900 entries, 28.04% (elapsed time  3854.4s, curr speed    0.075 kHz, avg speed    0.070 kHz), accepted     3687/  270001 events ( 1.37%)
TtoEM trigger inconsistency
Bad event
Processed   280000/  962900 entries, 29.08% (elapsed time  3984.7s, curr speed    0.077 kHz, avg speed    0.070 kHz), accepted     3812/  280001 events ( 1.36%)
Processed   290000/  962900 entries, 30.12% (elapsed time  4110.6s, curr speed    0.079 kHz, avg speed    0.071 kHz), accepted     3958/  290001 events ( 1.36%)
Processed   300000/  962900 entries, 31.16% (elapsed time  4242.7s, curr speed    0.076 kHz, avg speed    0.071 kHz), accepted     4069/  300001 events ( 1.36%)
Processed   310000/  962900 entries, 32.19% (elapsed time  4364.6s, curr speed    0.082 kHz, avg speed    0.071 kHz), accepted     4184/  310001 events ( 1.35%)
Processed   320000/  962900 entries, 33.23% (elapsed time  4499.6s, curr speed    0.074 kHz, avg speed    0.071 kHz), accepted     4311/  320001 events ( 1.35%)
Processed   330000/  962900 entries, 34.27% (elapsed time  4625.6s, curr speed    0.079 kHz, avg speed    0.071 kHz), accepted     4444/  330001 events ( 1.35%)
Processed   340000/  962900 entries, 35.31% (elapsed time  4770.8s, curr speed    0.069 kHz, avg speed    0.071 kHz), accepted     4580/  340001 events ( 1.35%)
Processed   350000/  962900 entries, 36.35% (elapsed time  4900.6s, curr speed    0.077 kHz, avg speed    0.071 kHz), accepted     4707/  350001 events ( 1.34%)
Processed   360000/  962900 entries, 37.39% (elapsed time  5046.7s, curr speed    0.068 kHz, avg speed    0.071 kHz), accepted     4838/  360001 events ( 1.34%)
Bad event
Processed   370000/  962900 entries, 38.43% (elapsed time  5182.3s, curr speed    0.074 kHz, avg speed    0.071 kHz), accepted     4992/  370001 events ( 1.35%)
Processed   380000/  962900 entries, 39.46% (elapsed time  5322.3s, curr speed    0.071 kHz, avg speed    0.071 kHz), accepted     5115/  380001 events ( 1.35%)
Processed   390000/  962900 entries, 40.50% (elapsed time  5464.7s, curr speed    0.070 kHz, avg speed    0.071 kHz), accepted     5246/  390001 events ( 1.35%)
Processed   400000/  962900 entries, 41.54% (elapsed time  5594.7s, curr speed    0.077 kHz, avg speed    0.071 kHz), accepted     5371/  400001 events ( 1.34%)
Processed   410000/  962900 entries, 42.58% (elapsed time  5740.1s, curr speed    0.069 kHz, avg speed    0.071 kHz), accepted     5494/  410001 events ( 1.34%)
Bad event
Processed   420000/  962900 entries, 43.62% (elapsed time  5872.8s, curr speed    0.075 kHz, avg speed    0.072 kHz), accepted     5613/  420001 events ( 1.34%)
Bad event
Processed   430000/  962900 entries, 44.66% (elapsed time  6021.8s, curr speed    0.067 kHz, avg speed    0.071 kHz), accepted     5748/  430001 events ( 1.34%)
Processed   440000/  962900 entries, 45.70% (elapsed time  6169.8s, curr speed    0.068 kHz, avg speed    0.071 kHz), accepted     5886/  440001 events ( 1.34%)
Processed   450000/  962900 entries, 46.73% (elapsed time  6318.1s, curr speed    0.067 kHz, avg speed    0.071 kHz), accepted     6005/  450001 events ( 1.33%)
Processed   460000/  962900 entries, 47.77% (elapsed time  6477.2s, curr speed    0.063 kHz, avg speed    0.071 kHz), accepted     6119/  460001 events ( 1.33%)
Processed   470000/  962900 entries, 48.81% (elapsed time  6633.8s, curr speed    0.064 kHz, avg speed    0.071 kHz), accepted     6237/  470001 events ( 1.33%)
Processed   480000/  962900 entries, 49.85% (elapsed time  6790.1s, curr speed    0.064 kHz, avg speed    0.071 kHz), accepted     6349/  480001 events ( 1.32%)
Processed   490000/  962900 entries, 50.89% (elapsed time  6934.7s, curr speed    0.069 kHz, avg speed    0.071 kHz), accepted     6472/  490001 events ( 1.32%)
Processed   500000/  962900 entries, 51.93% (elapsed time  7088.0s, curr speed    0.065 kHz, avg speed    0.071 kHz), accepted     6584/  500001 events ( 1.32%)
Processed   510000/  962900 entries, 52.97% (elapsed time  7233.8s, curr speed    0.069 kHz, avg speed    0.071 kHz), accepted     6717/  510001 events ( 1.32%)
Processed   520000/  962900 entries, 54.00% (elapsed time  7377.5s, curr speed    0.070 kHz, avg speed    0.070 kHz), accepted     6835/  520001 events ( 1.31%)
Processed   530000/  962900 entries, 55.04% (elapsed time  7520.2s, curr speed    0.070 kHz, avg speed    0.070 kHz), accepted     6963/  530001 events ( 1.31%)
Processed   540000/  962900 entries, 56.08% (elapsed time  7658.8s, curr speed    0.072 kHz, avg speed    0.071 kHz), accepted     7080/  540001 events ( 1.31%)
Processed   550000/  962900 entries, 57.12% (elapsed time  7801.9s, curr speed    0.070 kHz, avg speed    0.070 kHz), accepted     7221/  550001 events ( 1.31%)
Processed   560000/  962900 entries, 58.16% (elapsed time  7938.7s, curr speed    0.073 kHz, avg speed    0.071 kHz), accepted     7368/  560001 events ( 1.32%)
Processed   570000/  962900 entries, 59.20% (elapsed time  8085.1s, curr speed    0.068 kHz, avg speed    0.071 kHz), accepted     7499/  570001 events ( 1.32%)
Bad event
Processed   580000/  962900 entries, 60.23% (elapsed time  8222.2s, curr speed    0.073 kHz, avg speed    0.071 kHz), accepted     7650/  580001 events ( 1.32%)
Processed   590000/  962900 entries, 61.27% (elapsed time  8365.0s, curr speed    0.070 kHz, avg speed    0.071 kHz), accepted     7764/  590001 events ( 1.32%)
Processed   600000/  962900 entries, 62.31% (elapsed time  8500.2s, curr speed    0.074 kHz, avg speed    0.071 kHz), accepted     7905/  600001 events ( 1.32%)
Processed   610000/  962900 entries, 63.35% (elapsed time  8634.6s, curr speed    0.074 kHz, avg speed    0.071 kHz), accepted     8037/  610001 events ( 1.32%)
Bad event
Processed   620000/  962900 entries, 64.39% (elapsed time  8770.6s, curr speed    0.074 kHz, avg speed    0.071 kHz), accepted     8162/  620001 events ( 1.32%)
Bad event
Processed   630000/  962900 entries, 65.43% (elapsed time  8894.0s, curr speed    0.081 kHz, avg speed    0.071 kHz), accepted     8286/  630001 events ( 1.32%)
Processed   640000/  962900 entries, 66.47% (elapsed time  9032.5s, curr speed    0.072 kHz, avg speed    0.071 kHz), accepted     8409/  640001 events ( 1.31%)
Processed   650000/  962900 entries, 67.50% (elapsed time  9160.4s, curr speed    0.078 kHz, avg speed    0.071 kHz), accepted     8543/  650001 events ( 1.31%)
Processed   660000/  962900 entries, 68.54% (elapsed time  9306.1s, curr speed    0.069 kHz, avg speed    0.071 kHz), accepted     8677/  660001 events ( 1.31%)
Processed   670000/  962900 entries, 69.58% (elapsed time  9441.0s, curr speed    0.074 kHz, avg speed    0.071 kHz), accepted     8801/  670001 events ( 1.31%)
Processed   680000/  962900 entries, 70.62% (elapsed time  9583.0s, curr speed    0.070 kHz, avg speed    0.071 kHz), accepted     8922/  680001 events ( 1.31%)
Processed   690000/  962900 entries, 71.66% (elapsed time  9725.3s, curr speed    0.070 kHz, avg speed    0.071 kHz), accepted     9055/  690001 events ( 1.31%)
Bad event
TtoEM trigger inconsistency
Bad event
Processed   700000/  962900 entries, 72.70% (elapsed time  9863.1s, curr speed    0.073 kHz, avg speed    0.071 kHz), accepted     9177/  700001 events ( 1.31%)
Processed   710000/  962900 entries, 73.74% (elapsed time 10012.6s, curr speed    0.067 kHz, avg speed    0.071 kHz), accepted     9324/  710001 events ( 1.31%)
Processed   720000/  962900 entries, 74.77% (elapsed time 10143.1s, curr speed    0.077 kHz, avg speed    0.071 kHz), accepted     9446/  720001 events ( 1.31%)
Bad event
Processed   730000/  962900 entries, 75.81% (elapsed time 10292.4s, curr speed    0.067 kHz, avg speed    0.071 kHz), accepted     9560/  730001 events ( 1.31%)
Bad event
Bad event
Processed   740000/  962900 entries, 76.85% (elapsed time 10455.8s, curr speed    0.061 kHz, avg speed    0.071 kHz), accepted     9709/  740001 events ( 1.31%)
Processed   750000/  962900 entries, 77.89% (elapsed time 10620.3s, curr speed    0.061 kHz, avg speed    0.071 kHz), accepted     9833/  750001 events ( 1.31%)
Processed   760000/  962900 entries, 78.93% (elapsed time 10785.4s, curr speed    0.061 kHz, avg speed    0.070 kHz), accepted     9945/  760001 events ( 1.31%)
Processed   770000/  962900 entries, 79.97% (elapsed time 10952.1s, curr speed    0.060 kHz, avg speed    0.070 kHz), accepted    10067/  770001 events ( 1.31%)
Processed   780000/  962900 entries, 81.01% (elapsed time 11118.0s, curr speed    0.060 kHz, avg speed    0.070 kHz), accepted    10213/  780001 events ( 1.31%)
Processed   790000/  962900 entries, 82.04% (elapsed time 11281.6s, curr speed    0.061 kHz, avg speed    0.070 kHz), accepted    10319/  790001 events ( 1.31%)
Processed   800000/  962900 entries, 83.08% (elapsed time 11443.6s, curr speed    0.062 kHz, avg speed    0.070 kHz), accepted    10455/  800001 events ( 1.31%)
Processed   810000/  962900 entries, 84.12% (elapsed time 11609.3s, curr speed    0.060 kHz, avg speed    0.070 kHz), accepted    10572/  810001 events ( 1.31%)
Bad event
Processed   820000/  962900 entries, 85.16% (elapsed time 11778.1s, curr speed    0.059 kHz, avg speed    0.070 kHz), accepted    10711/  820001 events ( 1.31%)
Processed   830000/  962900 entries, 86.20% (elapsed time 11945.2s, curr speed    0.060 kHz, avg speed    0.069 kHz), accepted    10845/  830001 events ( 1.31%)
Processed   840000/  962900 entries, 87.24% (elapsed time 12111.3s, curr speed    0.060 kHz, avg speed    0.069 kHz), accepted    10981/  840001 events ( 1.31%)
Processed   850000/  962900 entries, 88.28% (elapsed time 12277.3s, curr speed    0.060 kHz, avg speed    0.069 kHz), accepted    11105/  850001 events ( 1.31%)
Processed   860000/  962900 entries, 89.31% (elapsed time 12443.2s, curr speed    0.060 kHz, avg speed    0.069 kHz), accepted    11239/  860001 events ( 1.31%)
Processed   870000/  962900 entries, 90.35% (elapsed time 12605.0s, curr speed    0.062 kHz, avg speed    0.069 kHz), accepted    11380/  870001 events ( 1.31%)
Processed   880000/  962900 entries, 91.39% (elapsed time 12767.4s, curr speed    0.062 kHz, avg speed    0.069 kHz), accepted    11501/  880001 events ( 1.31%)
Processed   890000/  962900 entries, 92.43% (elapsed time 12933.0s, curr speed    0.060 kHz, avg speed    0.069 kHz), accepted    11623/  890001 events ( 1.31%)
Processed   900000/  962900 entries, 93.47% (elapsed time 13096.7s, curr speed    0.061 kHz, avg speed    0.069 kHz), accepted    11774/  900001 events ( 1.31%)
Bad event
Processed   910000/  962900 entries, 94.51% (elapsed time 13261.9s, curr speed    0.061 kHz, avg speed    0.069 kHz), accepted    11919/  910001 events ( 1.31%)
Processed   920000/  962900 entries, 95.54% (elapsed time 13428.0s, curr speed    0.060 kHz, avg speed    0.069 kHz), accepted    12055/  920001 events ( 1.31%)
Processed   930000/  962900 entries, 96.58% (elapsed time 13594.4s, curr speed    0.060 kHz, avg speed    0.068 kHz), accepted    12184/  930001 events ( 1.31%)
Processed   940000/  962900 entries, 97.62% (elapsed time 13759.2s, curr speed    0.061 kHz, avg speed    0.068 kHz), accepted    12330/  940001 events ( 1.31%)
Processed   950000/  962900 entries, 98.66% (elapsed time 13924.3s, curr speed    0.061 kHz, avg speed    0.068 kHz), accepted    12482/  950001 events ( 1.31%)
Processed   960000/  962900 entries, 99.70% (elapsed time 14086.4s, curr speed    0.062 kHz, avg speed    0.068 kHz), accepted    12614/  960001 events ( 1.31%)
Processed 962900 preselected entries from root://cms-xrd-global.cern.ch//store/mc/RunIIFall17NanoAODv6/ZZTo2Q2Nu_TuneCP5_13TeV_amcatnloFXFX_madspin_pythia8/NANOAODSIM/PU2017_12Apr2018_Nano25Oct2019_102X_mc2017_realistic_v7-v1/70000/0A2C72C4-BF5A-A643-A07A-E4F033301193.root (962900 entries). Finally selected 12642 entries
Done /work/pbaertsc/heavy_resonance/output_2017/ZZTo2Q2Nu_TuneCP5_13TeV_amcatnloFXFX_madspin_pythia8__RunIIFall17NanoAODv6-PU2017_12Apr2018_Nano25Oct2019_102X_mc2017_realistic_v7-v1__NANOAODSIM/0A2C72C4-BF5A-A643-A07A-E4F033301193.root
67.9090925119 Hz
deleting root file with name: /work/pbaertsc/heavy_resonance/output_2017/ZZTo2Q2Nu_TuneCP5_13TeV_amcatnloFXFX_madspin_pythia8__RunIIFall17NanoAODv6-PU2017_12Apr2018_Nano25Oct2019_102X_mc2017_realistic_v7-v1__NANOAODSIM/0A2C72C4-BF5A-A643-A07A-E4F033301193.root
DONE
Complete at
Fri Jan 31 00:27:06 CET 2020
