job start at
Wed Jan 29 17:36:52 CET 2020
SLURM_JOB_ID: 432774
HOSTNAME: t3wn43
JOBLIST:joblist/joblist_ZJetsToNuNu_HT-200To400_13TeV-madgraph__RunIIFall17NanoAODv6-PU2017_12Apr2018_Nano25Oct2019_102X_mc2017_realistic_v7-v1__NANOAODSIM_ll.txt
Going to execute
python job.py -i root://cms-xrd-global.cern.ch//store/mc/RunIIFall17NanoAODv6/ZJetsToNuNu_HT-200To400_13TeV-madgraph/NANOAODSIM/PU2017_12Apr2018_Nano25Oct2019_102X_mc2017_realistic_v7-v1/120000/CA73913C-9E15-F24E-853E-B05D3BBFF143.root -o /work/pbaertsc/heavy_resonance/output_2017/ZJetsToNuNu_HT-200To400_13TeV-madgraph__RunIIFall17NanoAODv6-PU2017_12Apr2018_Nano25Oct2019_102X_mc2017_realistic_v7-v1__NANOAODSIM -N ZJetsToNuNu_HT-200To400_13TeV-madgraph__RunIIFall17NanoAODv6-PU2017_12Apr2018_Nano25Oct2019_102X_mc2017_realistic_v7-v1__NANOAODSIM -n 8 -c ll -y 2017
TClass::Init:0: RuntimeWarning: no dictionary for class ROOT::TIOFeatures is available
/work/pbaertsc/heavy_resonance/CMSSW_9_4_6/python/PhysicsTools/NanoAODTools/postprocessing/framework/treeReaderArrayTools.py:69: RuntimeWarning: creating executor for unknown type "ULong64_t*"
  ret = _vr.Get()[0]
--------------------------------------------------------------------------------
input files  = ['root://cms-xrd-global.cern.ch//store/mc/RunIIFall17NanoAODv6/ZJetsToNuNu_HT-200To400_13TeV-madgraph/NANOAODSIM/PU2017_12Apr2018_Nano25Oct2019_102X_mc2017_realistic_v7-v1/120000/CA73913C-9E15-F24E-853E-B05D3BBFF143.root']
output directory = /work/pbaertsc/heavy_resonance/output_2017/ZJetsToNuNu_HT-200To400_13TeV-madgraph__RunIIFall17NanoAODv6-PU2017_12Apr2018_Nano25Oct2019_102X_mc2017_realistic_v7-v1__NANOAODSIM
output file  = ZJetsToNuNu_HT-200To400_13TeV-madgraph__RunIIFall17NanoAODv6-PU2017_12Apr2018_Nano25Oct2019_102X_mc2017_realistic_v7-v1__NANOAODSIM_8_ll.root
chunck       = 8
channel      = ll
dataType     = mc
year         = 2017
tes          = 1.0
ltf          = 1.0
jtf          = 1.0
--------------------------------------------------------------------------------
job.py: creating PostProcessor...
TreeProducer is called /work/pbaertsc/heavy_resonance/output_2017/ZJetsToNuNu_HT-200To400_13TeV-madgraph__RunIIFall17NanoAODv6-PU2017_12Apr2018_Nano25Oct2019_102X_mc2017_realistic_v7-v1__NANOAODSIM/ZJetsToNuNu_HT-200To400_13TeV-madgraph__RunIIFall17NanoAODv6-PU2017_12Apr2018_Nano25Oct2019_102X_mc2017_realistic_v7-v1__NANOAODSIM_8_ll.root
job.py: going to run PostProcessor...
Will write selected trees to /work/pbaertsc/heavy_resonance/output_2017/ZJetsToNuNu_HT-200To400_13TeV-madgraph__RunIIFall17NanoAODv6-PU2017_12Apr2018_Nano25Oct2019_102X_mc2017_realistic_v7-v1__NANOAODSIM
Pre-select 1248368 entries out of 1248368 (100.00%)
Processed    10000/ 1248368 entries,  0.80% (elapsed time    55.3s, curr speed    0.181 kHz, avg speed    0.181 kHz), accepted      433/   10001 events ( 4.33%)
Processed    20000/ 1248368 entries,  1.60% (elapsed time   107.6s, curr speed    0.191 kHz, avg speed    0.186 kHz), accepted      883/   20001 events ( 4.41%)
Processed    30000/ 1248368 entries,  2.40% (elapsed time   160.1s, curr speed    0.190 kHz, avg speed    0.187 kHz), accepted     1324/   30001 events ( 4.41%)
Processed    40000/ 1248368 entries,  3.20% (elapsed time   215.2s, curr speed    0.181 kHz, avg speed    0.186 kHz), accepted     1734/   40001 events ( 4.33%)
Processed    50000/ 1248368 entries,  4.01% (elapsed time   267.8s, curr speed    0.190 kHz, avg speed    0.187 kHz), accepted     2179/   50001 events ( 4.36%)
Bad event
Processed    60000/ 1248368 entries,  4.81% (elapsed time   321.0s, curr speed    0.188 kHz, avg speed    0.187 kHz), accepted     2635/   60001 events ( 4.39%)
Processed    70000/ 1248368 entries,  5.61% (elapsed time   372.9s, curr speed    0.193 kHz, avg speed    0.188 kHz), accepted     3083/   70001 events ( 4.40%)
Processed    80000/ 1248368 entries,  6.41% (elapsed time   429.6s, curr speed    0.176 kHz, avg speed    0.186 kHz), accepted     3507/   80001 events ( 4.38%)
Processed    90000/ 1248368 entries,  7.21% (elapsed time   481.9s, curr speed    0.191 kHz, avg speed    0.187 kHz), accepted     3893/   90001 events ( 4.33%)
Bad event
Processed   100000/ 1248368 entries,  8.01% (elapsed time   534.5s, curr speed    0.190 kHz, avg speed    0.187 kHz), accepted     4313/  100001 events ( 4.31%)
Processed   110000/ 1248368 entries,  8.81% (elapsed time   586.4s, curr speed    0.193 kHz, avg speed    0.188 kHz), accepted     4748/  110001 events ( 4.32%)
Processed   120000/ 1248368 entries,  9.61% (elapsed time   644.1s, curr speed    0.173 kHz, avg speed    0.186 kHz), accepted     5225/  120001 events ( 4.35%)
Bad event
Processed   130000/ 1248368 entries, 10.41% (elapsed time   698.7s, curr speed    0.183 kHz, avg speed    0.186 kHz), accepted     5643/  130001 events ( 4.34%)
Processed   140000/ 1248368 entries, 11.21% (elapsed time   750.5s, curr speed    0.193 kHz, avg speed    0.187 kHz), accepted     6075/  140001 events ( 4.34%)
Bad event
Processed   150000/ 1248368 entries, 12.02% (elapsed time   804.8s, curr speed    0.184 kHz, avg speed    0.186 kHz), accepted     6532/  150001 events ( 4.35%)
Bad event
Bad event
Processed   160000/ 1248368 entries, 12.82% (elapsed time   857.9s, curr speed    0.188 kHz, avg speed    0.186 kHz), accepted     6878/  160001 events ( 4.30%)
Processed   170000/ 1248368 entries, 13.62% (elapsed time   911.8s, curr speed    0.186 kHz, avg speed    0.186 kHz), accepted     7318/  170001 events ( 4.30%)
Processed   180000/ 1248368 entries, 14.42% (elapsed time   965.8s, curr speed    0.185 kHz, avg speed    0.186 kHz), accepted     7715/  180001 events ( 4.29%)
Bad event
Bad event
Processed   190000/ 1248368 entries, 15.22% (elapsed time  1019.7s, curr speed    0.185 kHz, avg speed    0.186 kHz), accepted     8151/  190001 events ( 4.29%)
Processed   200000/ 1248368 entries, 16.02% (elapsed time  1075.7s, curr speed    0.179 kHz, avg speed    0.186 kHz), accepted     8590/  200001 events ( 4.29%)
Bad event
Bad event
Processed   210000/ 1248368 entries, 16.82% (elapsed time  1129.8s, curr speed    0.185 kHz, avg speed    0.186 kHz), accepted     9029/  210001 events ( 4.30%)
Bad event
Processed   220000/ 1248368 entries, 17.62% (elapsed time  1183.9s, curr speed    0.185 kHz, avg speed    0.186 kHz), accepted     9442/  220001 events ( 4.29%)
Bad event
Processed   230000/ 1248368 entries, 18.42% (elapsed time  1236.4s, curr speed    0.190 kHz, avg speed    0.186 kHz), accepted     9840/  230001 events ( 4.28%)
Processed   240000/ 1248368 entries, 19.23% (elapsed time  1292.4s, curr speed    0.179 kHz, avg speed    0.186 kHz), accepted    10280/  240001 events ( 4.28%)
Processed   250000/ 1248368 entries, 20.03% (elapsed time  1346.1s, curr speed    0.186 kHz, avg speed    0.186 kHz), accepted    10717/  250001 events ( 4.29%)
Processed   260000/ 1248368 entries, 20.83% (elapsed time  1399.0s, curr speed    0.189 kHz, avg speed    0.186 kHz), accepted    11134/  260001 events ( 4.28%)
Bad event
Processed   270000/ 1248368 entries, 21.63% (elapsed time  1453.0s, curr speed    0.185 kHz, avg speed    0.186 kHz), accepted    11588/  270001 events ( 4.29%)
Processed   280000/ 1248368 entries, 22.43% (elapsed time  1508.2s, curr speed    0.181 kHz, avg speed    0.186 kHz), accepted    11998/  280001 events ( 4.28%)
Processed   290000/ 1248368 entries, 23.23% (elapsed time  1563.0s, curr speed    0.183 kHz, avg speed    0.186 kHz), accepted    12436/  290001 events ( 4.29%)
Processed   300000/ 1248368 entries, 24.03% (elapsed time  1616.7s, curr speed    0.186 kHz, avg speed    0.186 kHz), accepted    12863/  300001 events ( 4.29%)
Processed   310000/ 1248368 entries, 24.83% (elapsed time  1668.4s, curr speed    0.193 kHz, avg speed    0.186 kHz), accepted    13257/  310001 events ( 4.28%)
Bad event
Processed   320000/ 1248368 entries, 25.63% (elapsed time  1721.4s, curr speed    0.189 kHz, avg speed    0.186 kHz), accepted    13597/  320001 events ( 4.25%)
Processed   330000/ 1248368 entries, 26.43% (elapsed time  1771.1s, curr speed    0.201 kHz, avg speed    0.186 kHz), accepted    13892/  330001 events ( 4.21%)
Processed   340000/ 1248368 entries, 27.24% (elapsed time  1820.4s, curr speed    0.203 kHz, avg speed    0.187 kHz), accepted    14323/  340001 events ( 4.21%)
Processed   350000/ 1248368 entries, 28.04% (elapsed time  1875.8s, curr speed    0.181 kHz, avg speed    0.187 kHz), accepted    14744/  350001 events ( 4.21%)
Processed   360000/ 1248368 entries, 28.84% (elapsed time  1936.4s, curr speed    0.165 kHz, avg speed    0.186 kHz), accepted    15180/  360001 events ( 4.22%)
Processed   370000/ 1248368 entries, 29.64% (elapsed time  1990.9s, curr speed    0.183 kHz, avg speed    0.186 kHz), accepted    15605/  370001 events ( 4.22%)
Processed   380000/ 1248368 entries, 30.44% (elapsed time  2041.0s, curr speed    0.200 kHz, avg speed    0.186 kHz), accepted    16009/  380001 events ( 4.21%)
Processed   390000/ 1248368 entries, 31.24% (elapsed time  2095.9s, curr speed    0.182 kHz, avg speed    0.186 kHz), accepted    16433/  390001 events ( 4.21%)
Processed   400000/ 1248368 entries, 32.04% (elapsed time  2150.0s, curr speed    0.185 kHz, avg speed    0.186 kHz), accepted    16883/  400001 events ( 4.22%)
Processed   410000/ 1248368 entries, 32.84% (elapsed time  2204.8s, curr speed    0.182 kHz, avg speed    0.186 kHz), accepted    17314/  410001 events ( 4.22%)
Bad event
Bad event
Processed   420000/ 1248368 entries, 33.64% (elapsed time  2255.8s, curr speed    0.196 kHz, avg speed    0.186 kHz), accepted    17700/  420001 events ( 4.21%)
Processed   430000/ 1248368 entries, 34.44% (elapsed time  2311.2s, curr speed    0.181 kHz, avg speed    0.186 kHz), accepted    18123/  430001 events ( 4.21%)
Processed   440000/ 1248368 entries, 35.25% (elapsed time  2365.1s, curr speed    0.186 kHz, avg speed    0.186 kHz), accepted    18535/  440001 events ( 4.21%)
Processed   450000/ 1248368 entries, 36.05% (elapsed time  2420.1s, curr speed    0.182 kHz, avg speed    0.186 kHz), accepted    18934/  450001 events ( 4.21%)
Processed   460000/ 1248368 entries, 36.85% (elapsed time  2472.7s, curr speed    0.190 kHz, avg speed    0.186 kHz), accepted    19357/  460001 events ( 4.21%)
Processed   470000/ 1248368 entries, 37.65% (elapsed time  2525.4s, curr speed    0.190 kHz, avg speed    0.186 kHz), accepted    19773/  470001 events ( 4.21%)
Processed   480000/ 1248368 entries, 38.45% (elapsed time  2579.1s, curr speed    0.186 kHz, avg speed    0.186 kHz), accepted    20189/  480001 events ( 4.21%)
Processed   490000/ 1248368 entries, 39.25% (elapsed time  2633.2s, curr speed    0.185 kHz, avg speed    0.186 kHz), accepted    20626/  490001 events ( 4.21%)
Bad event
Processed   500000/ 1248368 entries, 40.05% (elapsed time  2685.8s, curr speed    0.190 kHz, avg speed    0.186 kHz), accepted    21060/  500001 events ( 4.21%)
Bad event
Processed   510000/ 1248368 entries, 40.85% (elapsed time  2736.0s, curr speed    0.199 kHz, avg speed    0.186 kHz), accepted    21462/  510001 events ( 4.21%)
Processed   520000/ 1248368 entries, 41.65% (elapsed time  2788.2s, curr speed    0.192 kHz, avg speed    0.187 kHz), accepted    21818/  520001 events ( 4.20%)
Bad event
Processed   530000/ 1248368 entries, 42.46% (elapsed time  2842.1s, curr speed    0.186 kHz, avg speed    0.186 kHz), accepted    22234/  530001 events ( 4.20%)
Bad event
Bad event
Processed   540000/ 1248368 entries, 43.26% (elapsed time  2898.9s, curr speed    0.176 kHz, avg speed    0.186 kHz), accepted    22651/  540001 events ( 4.19%)
Processed   550000/ 1248368 entries, 44.06% (elapsed time  2951.4s, curr speed    0.190 kHz, avg speed    0.186 kHz), accepted    23116/  550001 events ( 4.20%)
Bad event
Processed   560000/ 1248368 entries, 44.86% (elapsed time  3005.9s, curr speed    0.183 kHz, avg speed    0.186 kHz), accepted    23536/  560001 events ( 4.20%)
Bad event
Bad event
Processed   570000/ 1248368 entries, 45.66% (elapsed time  3060.4s, curr speed    0.184 kHz, avg speed    0.186 kHz), accepted    23955/  570001 events ( 4.20%)
Bad event
Processed   580000/ 1248368 entries, 46.46% (elapsed time  3112.6s, curr speed    0.191 kHz, avg speed    0.186 kHz), accepted    24362/  580001 events ( 4.20%)
Bad event
Processed   590000/ 1248368 entries, 47.26% (elapsed time  3166.4s, curr speed    0.186 kHz, avg speed    0.186 kHz), accepted    24783/  590001 events ( 4.20%)
Bad event
Bad event
Processed   600000/ 1248368 entries, 48.06% (elapsed time  3220.3s, curr speed    0.185 kHz, avg speed    0.186 kHz), accepted    25199/  600001 events ( 4.20%)
Processed   610000/ 1248368 entries, 48.86% (elapsed time  3272.5s, curr speed    0.192 kHz, avg speed    0.186 kHz), accepted    25585/  610001 events ( 4.19%)
Bad event
Processed   620000/ 1248368 entries, 49.66% (elapsed time  3322.1s, curr speed    0.202 kHz, avg speed    0.187 kHz), accepted    26036/  620001 events ( 4.20%)
Processed   630000/ 1248368 entries, 50.47% (elapsed time  3377.1s, curr speed    0.182 kHz, avg speed    0.187 kHz), accepted    26463/  630001 events ( 4.20%)
Bad event
Processed   640000/ 1248368 entries, 51.27% (elapsed time  3432.6s, curr speed    0.180 kHz, avg speed    0.186 kHz), accepted    26857/  640001 events ( 4.20%)
Bad event
Processed   650000/ 1248368 entries, 52.07% (elapsed time  3483.2s, curr speed    0.198 kHz, avg speed    0.187 kHz), accepted    27254/  650001 events ( 4.19%)
Processed   660000/ 1248368 entries, 52.87% (elapsed time  3534.9s, curr speed    0.193 kHz, avg speed    0.187 kHz), accepted    27692/  660001 events ( 4.20%)
Processed   670000/ 1248368 entries, 53.67% (elapsed time  3590.8s, curr speed    0.179 kHz, avg speed    0.187 kHz), accepted    28135/  670001 events ( 4.20%)
Bad event
Processed   680000/ 1248368 entries, 54.47% (elapsed time  3644.5s, curr speed    0.186 kHz, avg speed    0.187 kHz), accepted    28578/  680001 events ( 4.20%)
Processed   690000/ 1248368 entries, 55.27% (elapsed time  3697.5s, curr speed    0.189 kHz, avg speed    0.187 kHz), accepted    29004/  690001 events ( 4.20%)
Processed   700000/ 1248368 entries, 56.07% (elapsed time  3751.3s, curr speed    0.186 kHz, avg speed    0.187 kHz), accepted    29400/  700001 events ( 4.20%)
Processed   710000/ 1248368 entries, 56.87% (elapsed time  3804.6s, curr speed    0.188 kHz, avg speed    0.187 kHz), accepted    29826/  710001 events ( 4.20%)
Bad event
Processed   720000/ 1248368 entries, 57.68% (elapsed time  3864.9s, curr speed    0.166 kHz, avg speed    0.186 kHz), accepted    30293/  720001 events ( 4.21%)
Bad event
Processed   730000/ 1248368 entries, 58.48% (elapsed time  3917.5s, curr speed    0.190 kHz, avg speed    0.186 kHz), accepted    30695/  730001 events ( 4.20%)
Processed   740000/ 1248368 entries, 59.28% (elapsed time  3968.4s, curr speed    0.197 kHz, avg speed    0.186 kHz), accepted    31032/  740001 events ( 4.19%)
Processed   750000/ 1248368 entries, 60.08% (elapsed time  4020.3s, curr speed    0.193 kHz, avg speed    0.187 kHz), accepted    31442/  750001 events ( 4.19%)
Bad event
Processed   760000/ 1248368 entries, 60.88% (elapsed time  4076.1s, curr speed    0.179 kHz, avg speed    0.186 kHz), accepted    31902/  760001 events ( 4.20%)
Processed   770000/ 1248368 entries, 61.68% (elapsed time  4130.8s, curr speed    0.183 kHz, avg speed    0.186 kHz), accepted    32334/  770001 events ( 4.20%)
Processed   780000/ 1248368 entries, 62.48% (elapsed time  4183.5s, curr speed    0.190 kHz, avg speed    0.186 kHz), accepted    32783/  780001 events ( 4.20%)
Processed   790000/ 1248368 entries, 63.28% (elapsed time  4237.0s, curr speed    0.187 kHz, avg speed    0.186 kHz), accepted    33209/  790001 events ( 4.20%)
Bad event
Processed   800000/ 1248368 entries, 64.08% (elapsed time  4290.8s, curr speed    0.186 kHz, avg speed    0.186 kHz), accepted    33633/  800001 events ( 4.20%)
Bad event
Processed   810000/ 1248368 entries, 64.88% (elapsed time  4343.9s, curr speed    0.188 kHz, avg speed    0.186 kHz), accepted    34033/  810001 events ( 4.20%)
Processed   820000/ 1248368 entries, 65.69% (elapsed time  4393.2s, curr speed    0.203 kHz, avg speed    0.187 kHz), accepted    34424/  820001 events ( 4.20%)
Processed   830000/ 1248368 entries, 66.49% (elapsed time  4447.6s, curr speed    0.184 kHz, avg speed    0.187 kHz), accepted    34785/  830001 events ( 4.19%)
Processed   840000/ 1248368 entries, 67.29% (elapsed time  4498.1s, curr speed    0.198 kHz, avg speed    0.187 kHz), accepted    35071/  840001 events ( 4.18%)
Processed   850000/ 1248368 entries, 68.09% (elapsed time  4547.6s, curr speed    0.202 kHz, avg speed    0.187 kHz), accepted    35474/  850001 events ( 4.17%)
Processed   860000/ 1248368 entries, 68.89% (elapsed time  4600.0s, curr speed    0.191 kHz, avg speed    0.187 kHz), accepted    35916/  860001 events ( 4.18%)
Processed   870000/ 1248368 entries, 69.69% (elapsed time  4655.9s, curr speed    0.179 kHz, avg speed    0.187 kHz), accepted    36339/  870001 events ( 4.18%)
Processed   880000/ 1248368 entries, 70.49% (elapsed time  4710.8s, curr speed    0.182 kHz, avg speed    0.187 kHz), accepted    36782/  880001 events ( 4.18%)
Processed   890000/ 1248368 entries, 71.29% (elapsed time  4760.4s, curr speed    0.202 kHz, avg speed    0.187 kHz), accepted    37215/  890001 events ( 4.18%)
Processed   900000/ 1248368 entries, 72.09% (elapsed time  4816.8s, curr speed    0.177 kHz, avg speed    0.187 kHz), accepted    37636/  900001 events ( 4.18%)
Processed   910000/ 1248368 entries, 72.90% (elapsed time  4875.4s, curr speed    0.171 kHz, avg speed    0.187 kHz), accepted    38056/  910001 events ( 4.18%)
Processed   920000/ 1248368 entries, 73.70% (elapsed time  4931.8s, curr speed    0.177 kHz, avg speed    0.187 kHz), accepted    38481/  920001 events ( 4.18%)
Bad event
Bad event
Processed   930000/ 1248368 entries, 74.50% (elapsed time  4984.7s, curr speed    0.189 kHz, avg speed    0.187 kHz), accepted    38915/  930001 events ( 4.18%)
Processed   940000/ 1248368 entries, 75.30% (elapsed time  5036.9s, curr speed    0.191 kHz, avg speed    0.187 kHz), accepted    39337/  940001 events ( 4.18%)
Processed   950000/ 1248368 entries, 76.10% (elapsed time  5089.8s, curr speed    0.189 kHz, avg speed    0.187 kHz), accepted    39759/  950001 events ( 4.19%)
Processed   960000/ 1248368 entries, 76.90% (elapsed time  5146.4s, curr speed    0.177 kHz, avg speed    0.187 kHz), accepted    40184/  960001 events ( 4.19%)
Processed   970000/ 1248368 entries, 77.70% (elapsed time  5198.9s, curr speed    0.190 kHz, avg speed    0.187 kHz), accepted    40592/  970001 events ( 4.18%)
Bad event
Processed   980000/ 1248368 entries, 78.50% (elapsed time  5250.2s, curr speed    0.195 kHz, avg speed    0.187 kHz), accepted    41015/  980001 events ( 4.19%)
Processed   990000/ 1248368 entries, 79.30% (elapsed time  5304.3s, curr speed    0.185 kHz, avg speed    0.187 kHz), accepted    41451/  990001 events ( 4.19%)
Processed  1000000/ 1248368 entries, 80.10% (elapsed time  5356.9s, curr speed    0.190 kHz, avg speed    0.187 kHz), accepted    41881/ 1000001 events ( 4.19%)
Processed  1010000/ 1248368 entries, 80.91% (elapsed time  5410.8s, curr speed    0.185 kHz, avg speed    0.187 kHz), accepted    42313/ 1010001 events ( 4.19%)
Bad event
Processed  1020000/ 1248368 entries, 81.71% (elapsed time  5463.4s, curr speed    0.190 kHz, avg speed    0.187 kHz), accepted    42735/ 1020001 events ( 4.19%)
Processed  1030000/ 1248368 entries, 82.51% (elapsed time  5517.0s, curr speed    0.186 kHz, avg speed    0.187 kHz), accepted    43085/ 1030001 events ( 4.18%)
Bad event
Processed  1040000/ 1248368 entries, 83.31% (elapsed time  5570.3s, curr speed    0.187 kHz, avg speed    0.187 kHz), accepted    43492/ 1040001 events ( 4.18%)
Processed  1050000/ 1248368 entries, 84.11% (elapsed time  5623.0s, curr speed    0.190 kHz, avg speed    0.187 kHz), accepted    43919/ 1050001 events ( 4.18%)
Processed  1060000/ 1248368 entries, 84.91% (elapsed time  5673.8s, curr speed    0.197 kHz, avg speed    0.187 kHz), accepted    44322/ 1060001 events ( 4.18%)
Processed  1070000/ 1248368 entries, 85.71% (elapsed time  5729.3s, curr speed    0.180 kHz, avg speed    0.187 kHz), accepted    44766/ 1070001 events ( 4.18%)
Processed  1080000/ 1248368 entries, 86.51% (elapsed time  5787.9s, curr speed    0.171 kHz, avg speed    0.187 kHz), accepted    45192/ 1080001 events ( 4.18%)
Processed  1090000/ 1248368 entries, 87.31% (elapsed time  5836.2s, curr speed    0.207 kHz, avg speed    0.187 kHz), accepted    45551/ 1090001 events ( 4.18%)
Processed  1100000/ 1248368 entries, 88.12% (elapsed time  5891.2s, curr speed    0.181 kHz, avg speed    0.187 kHz), accepted    45974/ 1100001 events ( 4.18%)
Processed  1110000/ 1248368 entries, 88.92% (elapsed time  5944.2s, curr speed    0.189 kHz, avg speed    0.187 kHz), accepted    46353/ 1110001 events ( 4.18%)
Processed  1120000/ 1248368 entries, 89.72% (elapsed time  5999.5s, curr speed    0.181 kHz, avg speed    0.187 kHz), accepted    46725/ 1120001 events ( 4.17%)
Processed  1130000/ 1248368 entries, 90.52% (elapsed time  6049.7s, curr speed    0.199 kHz, avg speed    0.187 kHz), accepted    47126/ 1130001 events ( 4.17%)
Processed  1140000/ 1248368 entries, 91.32% (elapsed time  6104.2s, curr speed    0.183 kHz, avg speed    0.187 kHz), accepted    47519/ 1140001 events ( 4.17%)
Bad event
Processed  1150000/ 1248368 entries, 92.12% (elapsed time  6160.9s, curr speed    0.177 kHz, avg speed    0.187 kHz), accepted    47941/ 1150001 events ( 4.17%)
Processed  1160000/ 1248368 entries, 92.92% (elapsed time  6213.7s, curr speed    0.189 kHz, avg speed    0.187 kHz), accepted    48344/ 1160001 events ( 4.17%)
Processed  1170000/ 1248368 entries, 93.72% (elapsed time  6265.3s, curr speed    0.194 kHz, avg speed    0.187 kHz), accepted    48757/ 1170001 events ( 4.17%)
Bad event
Processed  1180000/ 1248368 entries, 94.52% (elapsed time  6317.5s, curr speed    0.191 kHz, avg speed    0.187 kHz), accepted    49185/ 1180001 events ( 4.17%)
Processed  1190000/ 1248368 entries, 95.32% (elapsed time  6371.5s, curr speed    0.185 kHz, avg speed    0.187 kHz), accepted    49609/ 1190001 events ( 4.17%)
Bad event
Processed  1200000/ 1248368 entries, 96.13% (elapsed time  6423.0s, curr speed    0.194 kHz, avg speed    0.187 kHz), accepted    50058/ 1200001 events ( 4.17%)
Processed  1210000/ 1248368 entries, 96.93% (elapsed time  6475.8s, curr speed    0.190 kHz, avg speed    0.187 kHz), accepted    50470/ 1210001 events ( 4.17%)
Processed  1220000/ 1248368 entries, 97.73% (elapsed time  6530.6s, curr speed    0.182 kHz, avg speed    0.187 kHz), accepted    50910/ 1220001 events ( 4.17%)
Processed  1230000/ 1248368 entries, 98.53% (elapsed time  6583.7s, curr speed    0.188 kHz, avg speed    0.187 kHz), accepted    51322/ 1230001 events ( 4.17%)
Processed  1240000/ 1248368 entries, 99.33% (elapsed time  6635.6s, curr speed    0.193 kHz, avg speed    0.187 kHz), accepted    51774/ 1240001 events ( 4.18%)
Processed 1248368 preselected entries from root://cms-xrd-global.cern.ch//store/mc/RunIIFall17NanoAODv6/ZJetsToNuNu_HT-200To400_13TeV-madgraph/NANOAODSIM/PU2017_12Apr2018_Nano25Oct2019_102X_mc2017_realistic_v7-v1/120000/CA73913C-9E15-F24E-853E-B05D3BBFF143.root (1248368 entries). Finally selected 52116 entries
Done /work/pbaertsc/heavy_resonance/output_2017/ZJetsToNuNu_HT-200To400_13TeV-madgraph__RunIIFall17NanoAODv6-PU2017_12Apr2018_Nano25Oct2019_102X_mc2017_realistic_v7-v1__NANOAODSIM/CA73913C-9E15-F24E-853E-B05D3BBFF143.root
182.05692852 Hz
deleting root file with name: /work/pbaertsc/heavy_resonance/output_2017/ZJetsToNuNu_HT-200To400_13TeV-madgraph__RunIIFall17NanoAODv6-PU2017_12Apr2018_Nano25Oct2019_102X_mc2017_realistic_v7-v1__NANOAODSIM/CA73913C-9E15-F24E-853E-B05D3BBFF143.root
DONE
Complete at
Wed Jan 29 20:42:51 CET 2020
