job start at
Mon Jan 27 16:00:34 CET 2020
SLURM_JOB_ID: 405491
HOSTNAME: t3wn51
JOBLIST:joblist/joblist_Zprime_VBF_Zh_Zinvhinc_narrow_M-1000_TuneCP5_13TeV-madgraph-pythia8__RunIISummer16NanoAODv6-PUMoriond17_Nano25Oct2019_102X_mcRun2_asymptotic_v7-v1__NANOAODSIM_ll.txt
Going to execute
python job.py -i root://cms-xrd-global.cern.ch//store/mc/RunIISummer16NanoAODv6/Zprime_VBF_Zh_Zinvhinc_narrow_M-1000_TuneCP5_13TeV-madgraph-pythia8/NANOAODSIM/PUMoriond17_Nano25Oct2019_102X_mcRun2_asymptotic_v7-v1/270000/CB710F16-572A-A447-BCE7-D3047FC865F5.root -o /work/pbaertsc/heavy_resonance/output_2016/Zprime_VBF_Zh_Zinvhinc_narrow_M-1000_TuneCP5_13TeV-madgraph-pythia8__RunIISummer16NanoAODv6-PUMoriond17_Nano25Oct2019_102X_mcRun2_asymptotic_v7-v1__NANOAODSIM -N Zprime_VBF_Zh_Zinvhinc_narrow_M-1000_TuneCP5_13TeV-madgraph-pythia8__RunIISummer16NanoAODv6-PUMoriond17_Nano25Oct2019_102X_mcRun2_asymptotic_v7-v1__NANOAODSIM -n 8 -c ll -y 2016
TClass::Init:0: RuntimeWarning: no dictionary for class ROOT::TIOFeatures is available
/work/pbaertsc/heavy_resonance/CMSSW_9_4_6/python/PhysicsTools/NanoAODTools/postprocessing/framework/treeReaderArrayTools.py:69: RuntimeWarning: creating executor for unknown type "ULong64_t*"
  ret = _vr.Get()[0]
JEC= Summer16_07Aug2017_V11_MC 	 JER= Summer16_25nsV1_MC
--------------------------------------------------------------------------------
input files  = ['root://cms-xrd-global.cern.ch//store/mc/RunIISummer16NanoAODv6/Zprime_VBF_Zh_Zinvhinc_narrow_M-1000_TuneCP5_13TeV-madgraph-pythia8/NANOAODSIM/PUMoriond17_Nano25Oct2019_102X_mcRun2_asymptotic_v7-v1/270000/CB710F16-572A-A447-BCE7-D3047FC865F5.root']
output directory = /work/pbaertsc/heavy_resonance/output_2016/Zprime_VBF_Zh_Zinvhinc_narrow_M-1000_TuneCP5_13TeV-madgraph-pythia8__RunIISummer16NanoAODv6-PUMoriond17_Nano25Oct2019_102X_mcRun2_asymptotic_v7-v1__NANOAODSIM
output file  = Zprime_VBF_Zh_Zinvhinc_narrow_M-1000_TuneCP5_13TeV-madgraph-pythia8__RunIISummer16NanoAODv6-PUMoriond17_Nano25Oct2019_102X_mcRun2_asymptotic_v7-v1__NANOAODSIM_8_ll.root
chunck       = 8
channel      = ll
dataType     = mc
year         = 2016
tes          = 1.0
ltf          = 1.0
jtf          = 1.0
--------------------------------------------------------------------------------
job.py: creating PostProcessor...
TreeProducer is called /work/pbaertsc/heavy_resonance/output_2016/Zprime_VBF_Zh_Zinvhinc_narrow_M-1000_TuneCP5_13TeV-madgraph-pythia8__RunIISummer16NanoAODv6-PUMoriond17_Nano25Oct2019_102X_mcRun2_asymptotic_v7-v1__NANOAODSIM/Zprime_VBF_Zh_Zinvhinc_narrow_M-1000_TuneCP5_13TeV-madgraph-pythia8__RunIISummer16NanoAODv6-PUMoriond17_Nano25Oct2019_102X_mcRun2_asymptotic_v7-v1__NANOAODSIM_8_ll.root
job.py: going to run PostProcessor...
Will write selected trees to /work/pbaertsc/heavy_resonance/output_2016/Zprime_VBF_Zh_Zinvhinc_narrow_M-1000_TuneCP5_13TeV-madgraph-pythia8__RunIISummer16NanoAODv6-PUMoriond17_Nano25Oct2019_102X_mcRun2_asymptotic_v7-v1__NANOAODSIM
Loading jet energy scale (JES) uncertainties from file '/tmp/tmpdRslPA/Summer16_07Aug2017_V11_MC_Uncertainty_AK8PFPuppi.txt'
Loading jet energy resolutions (JER) from file '/tmp/tmppAODvd/Summer16_25nsV1_MC_PtResolution_AK8PFPuppi.txt'
Loading JER scale factors and uncertainties from file '/tmp/tmppAODvd/Summer16_25nsV1_MC_SF_AK8PFPuppi.txt'
Pre-select 1600 entries out of 1600 (100.00%)
Bad event
Bad event
Processed 1600 preselected entries from root://cms-xrd-global.cern.ch//store/mc/RunIISummer16NanoAODv6/Zprime_VBF_Zh_Zinvhinc_narrow_M-1000_TuneCP5_13TeV-madgraph-pythia8/NANOAODSIM/PUMoriond17_Nano25Oct2019_102X_mcRun2_asymptotic_v7-v1/270000/CB710F16-572A-A447-BCE7-D3047FC865F5.root (1600 entries). Finally selected 845 entries
Done /work/pbaertsc/heavy_resonance/output_2016/Zprime_VBF_Zh_Zinvhinc_narrow_M-1000_TuneCP5_13TeV-madgraph-pythia8__RunIISummer16NanoAODv6-PUMoriond17_Nano25Oct2019_102X_mcRun2_asymptotic_v7-v1__NANOAODSIM/CB710F16-572A-A447-BCE7-D3047FC865F5.root
105.193951348 Hz
deleting root file with name: /work/pbaertsc/heavy_resonance/output_2016/Zprime_VBF_Zh_Zinvhinc_narrow_M-1000_TuneCP5_13TeV-madgraph-pythia8__RunIISummer16NanoAODv6-PUMoriond17_Nano25Oct2019_102X_mcRun2_asymptotic_v7-v1__NANOAODSIM/CB710F16-572A-A447-BCE7-D3047FC865F5.root
DONE
Complete at
Mon Jan 27 16:04:10 CET 2020
