job start at
Tue Jan 28 21:03:31 CET 2020
SLURM_JOB_ID: 422258
HOSTNAME: t3wn45
JOBLIST:joblist/joblist_ZZTo2Q2Nu_TuneCP5_13TeV_amcatnloFXFX_madspin_pythia8__RunIIFall17NanoAODv6-PU2017_12Apr2018_Nano25Oct2019_102X_mc2017_realistic_v7-v1__NANOAODSIM_ll.txt
Going to execute
python job.py -i root://cms-xrd-global.cern.ch//store/mc/RunIIFall17NanoAODv6/ZZTo2Q2Nu_TuneCP5_13TeV_amcatnloFXFX_madspin_pythia8/NANOAODSIM/PU2017_12Apr2018_Nano25Oct2019_102X_mc2017_realistic_v7-v1/70000/B47E5976-43B9-9146-BDD5-A43EF3BD4C10.root -o /work/pbaertsc/heavy_resonance/output_2017/ZZTo2Q2Nu_TuneCP5_13TeV_amcatnloFXFX_madspin_pythia8__RunIIFall17NanoAODv6-PU2017_12Apr2018_Nano25Oct2019_102X_mc2017_realistic_v7-v1__NANOAODSIM -N ZZTo2Q2Nu_TuneCP5_13TeV_amcatnloFXFX_madspin_pythia8__RunIIFall17NanoAODv6-PU2017_12Apr2018_Nano25Oct2019_102X_mc2017_realistic_v7-v1__NANOAODSIM -n 24 -c ll -y 2017
TClass::Init:0: RuntimeWarning: no dictionary for class ROOT::TIOFeatures is available
/work/pbaertsc/heavy_resonance/CMSSW_9_4_6/python/PhysicsTools/NanoAODTools/postprocessing/framework/treeReaderArrayTools.py:69: RuntimeWarning: creating executor for unknown type "ULong64_t*"
  ret = _vr.Get()[0]
JEC= Fall17_17Nov2017_V32_MC 	 JER= Fall17_V3_MC
MET branch= PuppiMET
JEC= Fall17_17Nov2017_V32_MC 	 JER= Fall17_V3_MC
MET branch= PuppiMET
--------------------------------------------------------------------------------
input files  = ['root://cms-xrd-global.cern.ch//store/mc/RunIIFall17NanoAODv6/ZZTo2Q2Nu_TuneCP5_13TeV_amcatnloFXFX_madspin_pythia8/NANOAODSIM/PU2017_12Apr2018_Nano25Oct2019_102X_mc2017_realistic_v7-v1/70000/B47E5976-43B9-9146-BDD5-A43EF3BD4C10.root']
output directory = /work/pbaertsc/heavy_resonance/output_2017/ZZTo2Q2Nu_TuneCP5_13TeV_amcatnloFXFX_madspin_pythia8__RunIIFall17NanoAODv6-PU2017_12Apr2018_Nano25Oct2019_102X_mc2017_realistic_v7-v1__NANOAODSIM
output file  = ZZTo2Q2Nu_TuneCP5_13TeV_amcatnloFXFX_madspin_pythia8__RunIIFall17NanoAODv6-PU2017_12Apr2018_Nano25Oct2019_102X_mc2017_realistic_v7-v1__NANOAODSIM_24_ll.root
chunck       = 24
channel      = ll
dataType     = mc
year         = 2017
tes          = 1.0
ltf          = 1.0
jtf          = 1.0
--------------------------------------------------------------------------------
job.py: creating PostProcessor...
TreeProducer is called /work/pbaertsc/heavy_resonance/output_2017/ZZTo2Q2Nu_TuneCP5_13TeV_amcatnloFXFX_madspin_pythia8__RunIIFall17NanoAODv6-PU2017_12Apr2018_Nano25Oct2019_102X_mc2017_realistic_v7-v1__NANOAODSIM/ZZTo2Q2Nu_TuneCP5_13TeV_amcatnloFXFX_madspin_pythia8__RunIIFall17NanoAODv6-PU2017_12Apr2018_Nano25Oct2019_102X_mc2017_realistic_v7-v1__NANOAODSIM_24_ll.root
job.py: going to run PostProcessor...
Will write selected trees to /work/pbaertsc/heavy_resonance/output_2017/ZZTo2Q2Nu_TuneCP5_13TeV_amcatnloFXFX_madspin_pythia8__RunIIFall17NanoAODv6-PU2017_12Apr2018_Nano25Oct2019_102X_mc2017_realistic_v7-v1__NANOAODSIM
Loading jet energy scale (JES) uncertainties from file '/tmp/tmp3eQqwV/Fall17_17Nov2017_V32_MC_Uncertainty_AK4PFchs.txt'
Loading jet energy resolutions (JER) from file '/tmp/tmpXqS17u/Fall17_V3_MC_PtResolution_AK4PFchs.txt'
Loading JER scale factors and uncertainties from file '/tmp/tmpXqS17u/Fall17_V3_MC_SF_AK4PFchs.txt'
Loading jet energy scale (JES) uncertainties from file '/tmp/tmp2hWfX2/Fall17_17Nov2017_V32_MC_Uncertainty_AK8PFPuppi.txt'
Loading jet energy resolutions (JER) from file '/tmp/tmpWe_bEH/Fall17_V3_MC_PtResolution_AK8PFPuppi.txt'
Loading JER scale factors and uncertainties from file '/tmp/tmpWe_bEH/Fall17_V3_MC_SF_AK8PFPuppi.txt'
Pre-select 1525386 entries out of 1525386 (100.00%)
nanoAODv5? True
Processed    10000/ 1525386 entries,  0.66% (elapsed time   261.6s, curr speed    0.038 kHz, avg speed    0.038 kHz), accepted      147/   10001 events ( 1.47%)
Processed    20000/ 1525386 entries,  1.31% (elapsed time   515.3s, curr speed    0.039 kHz, avg speed    0.039 kHz), accepted      274/   20001 events ( 1.37%)
Processed    30000/ 1525386 entries,  1.97% (elapsed time   767.6s, curr speed    0.040 kHz, avg speed    0.039 kHz), accepted      404/   30001 events ( 1.35%)
Bad event
Processed    40000/ 1525386 entries,  2.62% (elapsed time  1012.8s, curr speed    0.041 kHz, avg speed    0.039 kHz), accepted      548/   40001 events ( 1.37%)
Bad event
Processed    50000/ 1525386 entries,  3.28% (elapsed time  1246.2s, curr speed    0.043 kHz, avg speed    0.040 kHz), accepted      697/   50001 events ( 1.39%)
Bad event
Processed    60000/ 1525386 entries,  3.93% (elapsed time  1484.7s, curr speed    0.042 kHz, avg speed    0.040 kHz), accepted      840/   60001 events ( 1.40%)
Processed    70000/ 1525386 entries,  4.59% (elapsed time  1731.9s, curr speed    0.040 kHz, avg speed    0.040 kHz), accepted      974/   70001 events ( 1.39%)
Processed    80000/ 1525386 entries,  5.24% (elapsed time  1980.4s, curr speed    0.040 kHz, avg speed    0.040 kHz), accepted     1094/   80001 events ( 1.37%)
Bad event
Bad event
Processed    90000/ 1525386 entries,  5.90% (elapsed time  2223.9s, curr speed    0.041 kHz, avg speed    0.040 kHz), accepted     1230/   90001 events ( 1.37%)
Processed   100000/ 1525386 entries,  6.56% (elapsed time  2470.1s, curr speed    0.041 kHz, avg speed    0.040 kHz), accepted     1358/  100001 events ( 1.36%)
Processed   110000/ 1525386 entries,  7.21% (elapsed time  2717.3s, curr speed    0.040 kHz, avg speed    0.040 kHz), accepted     1491/  110001 events ( 1.36%)
Processed   120000/ 1525386 entries,  7.87% (elapsed time  2968.3s, curr speed    0.040 kHz, avg speed    0.040 kHz), accepted     1618/  120001 events ( 1.35%)
Processed   130000/ 1525386 entries,  8.52% (elapsed time  3215.3s, curr speed    0.040 kHz, avg speed    0.040 kHz), accepted     1743/  130001 events ( 1.34%)
Processed   140000/ 1525386 entries,  9.18% (elapsed time  3465.6s, curr speed    0.040 kHz, avg speed    0.040 kHz), accepted     1860/  140001 events ( 1.33%)
Processed   150000/ 1525386 entries,  9.83% (elapsed time  3698.3s, curr speed    0.043 kHz, avg speed    0.041 kHz), accepted     1971/  150001 events ( 1.31%)
Processed   160000/ 1525386 entries, 10.49% (elapsed time  3937.2s, curr speed    0.042 kHz, avg speed    0.041 kHz), accepted     2104/  160001 events ( 1.31%)
Processed   170000/ 1525386 entries, 11.14% (elapsed time  4176.1s, curr speed    0.042 kHz, avg speed    0.041 kHz), accepted     2245/  170001 events ( 1.32%)
Processed   180000/ 1525386 entries, 11.80% (elapsed time  4424.7s, curr speed    0.040 kHz, avg speed    0.041 kHz), accepted     2391/  180001 events ( 1.33%)
Processed   190000/ 1525386 entries, 12.46% (elapsed time  4670.0s, curr speed    0.041 kHz, avg speed    0.041 kHz), accepted     2514/  190001 events ( 1.32%)
Processed   200000/ 1525386 entries, 13.11% (elapsed time  4915.1s, curr speed    0.041 kHz, avg speed    0.041 kHz), accepted     2661/  200001 events ( 1.33%)
Processed   210000/ 1525386 entries, 13.77% (elapsed time  5157.9s, curr speed    0.041 kHz, avg speed    0.041 kHz), accepted     2810/  210001 events ( 1.34%)
Processed   220000/ 1525386 entries, 14.42% (elapsed time  5398.2s, curr speed    0.042 kHz, avg speed    0.041 kHz), accepted     2938/  220001 events ( 1.34%)
Processed   230000/ 1525386 entries, 15.08% (elapsed time  5646.3s, curr speed    0.040 kHz, avg speed    0.041 kHz), accepted     3087/  230001 events ( 1.34%)
Processed   240000/ 1525386 entries, 15.73% (elapsed time  5893.4s, curr speed    0.040 kHz, avg speed    0.041 kHz), accepted     3210/  240001 events ( 1.34%)
Processed   250000/ 1525386 entries, 16.39% (elapsed time  6138.2s, curr speed    0.041 kHz, avg speed    0.041 kHz), accepted     3347/  250001 events ( 1.34%)
Processed   260000/ 1525386 entries, 17.04% (elapsed time  6381.1s, curr speed    0.041 kHz, avg speed    0.041 kHz), accepted     3469/  260001 events ( 1.33%)
Bad event
Bad event
Processed   270000/ 1525386 entries, 17.70% (elapsed time  6629.4s, curr speed    0.040 kHz, avg speed    0.041 kHz), accepted     3592/  270001 events ( 1.33%)
Processed   280000/ 1525386 entries, 18.36% (elapsed time  6873.5s, curr speed    0.041 kHz, avg speed    0.041 kHz), accepted     3719/  280001 events ( 1.33%)
Processed   290000/ 1525386 entries, 19.01% (elapsed time  7108.6s, curr speed    0.043 kHz, avg speed    0.041 kHz), accepted     3868/  290001 events ( 1.33%)
Processed   300000/ 1525386 entries, 19.67% (elapsed time  7345.6s, curr speed    0.042 kHz, avg speed    0.041 kHz), accepted     4006/  300001 events ( 1.34%)
Bad event
Processed   310000/ 1525386 entries, 20.32% (elapsed time  7574.0s, curr speed    0.044 kHz, avg speed    0.041 kHz), accepted     4144/  310001 events ( 1.34%)
Bad event
Processed   320000/ 1525386 entries, 20.98% (elapsed time  7806.3s, curr speed    0.043 kHz, avg speed    0.041 kHz), accepted     4279/  320001 events ( 1.34%)
Processed   330000/ 1525386 entries, 21.63% (elapsed time  8043.6s, curr speed    0.042 kHz, avg speed    0.041 kHz), accepted     4408/  330001 events ( 1.34%)
Bad event
Bad event
Processed   340000/ 1525386 entries, 22.29% (elapsed time  8280.0s, curr speed    0.042 kHz, avg speed    0.041 kHz), accepted     4548/  340001 events ( 1.34%)
Processed   350000/ 1525386 entries, 22.95% (elapsed time  8514.2s, curr speed    0.043 kHz, avg speed    0.041 kHz), accepted     4698/  350001 events ( 1.34%)
Processed   360000/ 1525386 entries, 23.60% (elapsed time  8745.0s, curr speed    0.043 kHz, avg speed    0.041 kHz), accepted     4827/  360001 events ( 1.34%)
Processed   370000/ 1525386 entries, 24.26% (elapsed time  8978.1s, curr speed    0.043 kHz, avg speed    0.041 kHz), accepted     4955/  370001 events ( 1.34%)
Processed   380000/ 1525386 entries, 24.91% (elapsed time  9202.0s, curr speed    0.045 kHz, avg speed    0.041 kHz), accepted     5075/  380001 events ( 1.34%)
Processed   390000/ 1525386 entries, 25.57% (elapsed time  9433.6s, curr speed    0.043 kHz, avg speed    0.041 kHz), accepted     5212/  390001 events ( 1.34%)
Processed   400000/ 1525386 entries, 26.22% (elapsed time  9670.3s, curr speed    0.042 kHz, avg speed    0.041 kHz), accepted     5333/  400001 events ( 1.33%)
Processed   410000/ 1525386 entries, 26.88% (elapsed time  9906.6s, curr speed    0.042 kHz, avg speed    0.041 kHz), accepted     5458/  410001 events ( 1.33%)
Bad event
Processed   420000/ 1525386 entries, 27.53% (elapsed time 10141.0s, curr speed    0.043 kHz, avg speed    0.041 kHz), accepted     5597/  420001 events ( 1.33%)
Processed   430000/ 1525386 entries, 28.19% (elapsed time 10369.1s, curr speed    0.044 kHz, avg speed    0.041 kHz), accepted     5728/  430001 events ( 1.33%)
Processed   440000/ 1525386 entries, 28.85% (elapsed time 10599.8s, curr speed    0.043 kHz, avg speed    0.042 kHz), accepted     5865/  440001 events ( 1.33%)
Processed   450000/ 1525386 entries, 29.50% (elapsed time 10832.1s, curr speed    0.043 kHz, avg speed    0.042 kHz), accepted     5995/  450001 events ( 1.33%)
Processed   460000/ 1525386 entries, 30.16% (elapsed time 11064.5s, curr speed    0.043 kHz, avg speed    0.042 kHz), accepted     6123/  460001 events ( 1.33%)
Processed   470000/ 1525386 entries, 30.81% (elapsed time 11297.6s, curr speed    0.043 kHz, avg speed    0.042 kHz), accepted     6259/  470001 events ( 1.33%)
Processed   480000/ 1525386 entries, 31.47% (elapsed time 11529.0s, curr speed    0.043 kHz, avg speed    0.042 kHz), accepted     6382/  480001 events ( 1.33%)
Processed   490000/ 1525386 entries, 32.12% (elapsed time 11754.8s, curr speed    0.044 kHz, avg speed    0.042 kHz), accepted     6527/  490001 events ( 1.33%)
Processed   500000/ 1525386 entries, 32.78% (elapsed time 11979.4s, curr speed    0.045 kHz, avg speed    0.042 kHz), accepted     6646/  500001 events ( 1.33%)
Processed   510000/ 1525386 entries, 33.43% (elapsed time 12211.8s, curr speed    0.043 kHz, avg speed    0.042 kHz), accepted     6774/  510001 events ( 1.33%)
Processed   520000/ 1525386 entries, 34.09% (elapsed time 12453.5s, curr speed    0.041 kHz, avg speed    0.042 kHz), accepted     6925/  520001 events ( 1.33%)
Processed   530000/ 1525386 entries, 34.75% (elapsed time 12688.9s, curr speed    0.042 kHz, avg speed    0.042 kHz), accepted     7051/  530001 events ( 1.33%)
Bad event
Bad event
Processed   540000/ 1525386 entries, 35.40% (elapsed time 12912.9s, curr speed    0.045 kHz, avg speed    0.042 kHz), accepted     7154/  540001 events ( 1.32%)
Processed   550000/ 1525386 entries, 36.06% (elapsed time 13135.5s, curr speed    0.045 kHz, avg speed    0.042 kHz), accepted     7267/  550001 events ( 1.32%)
Processed   560000/ 1525386 entries, 36.71% (elapsed time 13376.6s, curr speed    0.041 kHz, avg speed    0.042 kHz), accepted     7386/  560001 events ( 1.32%)
Processed   570000/ 1525386 entries, 37.37% (elapsed time 13616.3s, curr speed    0.042 kHz, avg speed    0.042 kHz), accepted     7518/  570001 events ( 1.32%)
Processed   580000/ 1525386 entries, 38.02% (elapsed time 13850.8s, curr speed    0.043 kHz, avg speed    0.042 kHz), accepted     7644/  580001 events ( 1.32%)
Processed   590000/ 1525386 entries, 38.68% (elapsed time 14076.2s, curr speed    0.044 kHz, avg speed    0.042 kHz), accepted     7765/  590001 events ( 1.32%)
Processed   600000/ 1525386 entries, 39.33% (elapsed time 14304.9s, curr speed    0.044 kHz, avg speed    0.042 kHz), accepted     7907/  600001 events ( 1.32%)
Processed   610000/ 1525386 entries, 39.99% (elapsed time 14542.3s, curr speed    0.042 kHz, avg speed    0.042 kHz), accepted     8042/  610001 events ( 1.32%)
Bad event
Processed   620000/ 1525386 entries, 40.65% (elapsed time 14769.9s, curr speed    0.044 kHz, avg speed    0.042 kHz), accepted     8152/  620001 events ( 1.31%)
Processed   630000/ 1525386 entries, 41.30% (elapsed time 15002.5s, curr speed    0.043 kHz, avg speed    0.042 kHz), accepted     8270/  630001 events ( 1.31%)
Processed   640000/ 1525386 entries, 41.96% (elapsed time 15235.9s, curr speed    0.043 kHz, avg speed    0.042 kHz), accepted     8406/  640001 events ( 1.31%)
Processed   650000/ 1525386 entries, 42.61% (elapsed time 15460.6s, curr speed    0.045 kHz, avg speed    0.042 kHz), accepted     8546/  650001 events ( 1.31%)
Processed   660000/ 1525386 entries, 43.27% (elapsed time 15680.1s, curr speed    0.046 kHz, avg speed    0.042 kHz), accepted     8672/  660001 events ( 1.31%)
Processed   670000/ 1525386 entries, 43.92% (elapsed time 15910.2s, curr speed    0.043 kHz, avg speed    0.042 kHz), accepted     8803/  670001 events ( 1.31%)
Processed   680000/ 1525386 entries, 44.58% (elapsed time 16146.1s, curr speed    0.042 kHz, avg speed    0.042 kHz), accepted     8929/  680001 events ( 1.31%)
Processed   690000/ 1525386 entries, 45.23% (elapsed time 16378.7s, curr speed    0.043 kHz, avg speed    0.042 kHz), accepted     9065/  690001 events ( 1.31%)
Processed   700000/ 1525386 entries, 45.89% (elapsed time 16603.5s, curr speed    0.044 kHz, avg speed    0.042 kHz), accepted     9203/  700001 events ( 1.31%)
Processed   710000/ 1525386 entries, 46.55% (elapsed time 16826.8s, curr speed    0.045 kHz, avg speed    0.042 kHz), accepted     9341/  710001 events ( 1.32%)
Processed   720000/ 1525386 entries, 47.20% (elapsed time 17053.2s, curr speed    0.044 kHz, avg speed    0.042 kHz), accepted     9456/  720001 events ( 1.31%)
Processed   730000/ 1525386 entries, 47.86% (elapsed time 17282.8s, curr speed    0.044 kHz, avg speed    0.042 kHz), accepted     9586/  730001 events ( 1.31%)
Processed   740000/ 1525386 entries, 48.51% (elapsed time 17513.2s, curr speed    0.043 kHz, avg speed    0.042 kHz), accepted     9719/  740001 events ( 1.31%)
Processed   750000/ 1525386 entries, 49.17% (elapsed time 17745.3s, curr speed    0.043 kHz, avg speed    0.042 kHz), accepted     9858/  750001 events ( 1.31%)
Processed   760000/ 1525386 entries, 49.82% (elapsed time 17977.2s, curr speed    0.043 kHz, avg speed    0.042 kHz), accepted     9986/  760001 events ( 1.31%)
Processed   770000/ 1525386 entries, 50.48% (elapsed time 18202.3s, curr speed    0.044 kHz, avg speed    0.042 kHz), accepted    10117/  770001 events ( 1.31%)
Processed   780000/ 1525386 entries, 51.13% (elapsed time 18419.9s, curr speed    0.046 kHz, avg speed    0.042 kHz), accepted    10246/  780001 events ( 1.31%)
Processed   790000/ 1525386 entries, 51.79% (elapsed time 18656.8s, curr speed    0.042 kHz, avg speed    0.042 kHz), accepted    10360/  790001 events ( 1.31%)
Processed   800000/ 1525386 entries, 52.45% (elapsed time 18888.3s, curr speed    0.043 kHz, avg speed    0.042 kHz), accepted    10481/  800001 events ( 1.31%)
Processed   810000/ 1525386 entries, 53.10% (elapsed time 19115.9s, curr speed    0.044 kHz, avg speed    0.042 kHz), accepted    10634/  810001 events ( 1.31%)
Processed   820000/ 1525386 entries, 53.76% (elapsed time 19342.0s, curr speed    0.044 kHz, avg speed    0.042 kHz), accepted    10768/  820001 events ( 1.31%)
Processed   830000/ 1525386 entries, 54.41% (elapsed time 19571.0s, curr speed    0.044 kHz, avg speed    0.042 kHz), accepted    10884/  830001 events ( 1.31%)
Processed   840000/ 1525386 entries, 55.07% (elapsed time 19793.4s, curr speed    0.045 kHz, avg speed    0.042 kHz), accepted    11013/  840001 events ( 1.31%)
Bad event
Processed   850000/ 1525386 entries, 55.72% (elapsed time 20021.7s, curr speed    0.044 kHz, avg speed    0.042 kHz), accepted    11154/  850001 events ( 1.31%)
Processed   860000/ 1525386 entries, 56.38% (elapsed time 20251.2s, curr speed    0.044 kHz, avg speed    0.042 kHz), accepted    11291/  860001 events ( 1.31%)
Processed   870000/ 1525386 entries, 57.03% (elapsed time 20482.7s, curr speed    0.043 kHz, avg speed    0.042 kHz), accepted    11405/  870001 events ( 1.31%)
Processed   880000/ 1525386 entries, 57.69% (elapsed time 20702.0s, curr speed    0.046 kHz, avg speed    0.043 kHz), accepted    11548/  880001 events ( 1.31%)
Processed   890000/ 1525386 entries, 58.35% (elapsed time 20916.6s, curr speed    0.047 kHz, avg speed    0.043 kHz), accepted    11654/  890001 events ( 1.31%)
Processed   900000/ 1525386 entries, 59.00% (elapsed time 21139.3s, curr speed    0.045 kHz, avg speed    0.043 kHz), accepted    11764/  900001 events ( 1.31%)
Processed   910000/ 1525386 entries, 59.66% (elapsed time 21367.2s, curr speed    0.044 kHz, avg speed    0.043 kHz), accepted    11896/  910001 events ( 1.31%)
Bad event
Processed   920000/ 1525386 entries, 60.31% (elapsed time 21591.7s, curr speed    0.045 kHz, avg speed    0.043 kHz), accepted    12039/  920001 events ( 1.31%)
Processed   930000/ 1525386 entries, 60.97% (elapsed time 21817.1s, curr speed    0.044 kHz, avg speed    0.043 kHz), accepted    12151/  930001 events ( 1.31%)
Bad event
Processed   940000/ 1525386 entries, 61.62% (elapsed time 22046.0s, curr speed    0.044 kHz, avg speed    0.043 kHz), accepted    12289/  940001 events ( 1.31%)
Processed   950000/ 1525386 entries, 62.28% (elapsed time 22269.8s, curr speed    0.045 kHz, avg speed    0.043 kHz), accepted    12430/  950001 events ( 1.31%)
Bad event
Processed   960000/ 1525386 entries, 62.93% (elapsed time 22488.5s, curr speed    0.046 kHz, avg speed    0.043 kHz), accepted    12562/  960001 events ( 1.31%)
Processed   970000/ 1525386 entries, 63.59% (elapsed time 22718.8s, curr speed    0.043 kHz, avg speed    0.043 kHz), accepted    12708/  970001 events ( 1.31%)
Processed   980000/ 1525386 entries, 64.25% (elapsed time 22950.3s, curr speed    0.043 kHz, avg speed    0.043 kHz), accepted    12855/  980001 events ( 1.31%)
Processed   990000/ 1525386 entries, 64.90% (elapsed time 23169.5s, curr speed    0.046 kHz, avg speed    0.043 kHz), accepted    12982/  990001 events ( 1.31%)
Processed  1000000/ 1525386 entries, 65.56% (elapsed time 23396.6s, curr speed    0.044 kHz, avg speed    0.043 kHz), accepted    13101/ 1000001 events ( 1.31%)
Bad event
Processed  1010000/ 1525386 entries, 66.21% (elapsed time 23620.2s, curr speed    0.045 kHz, avg speed    0.043 kHz), accepted    13209/ 1010001 events ( 1.31%)
Processed  1020000/ 1525386 entries, 66.87% (elapsed time 23840.1s, curr speed    0.045 kHz, avg speed    0.043 kHz), accepted    13342/ 1020001 events ( 1.31%)
Processed  1030000/ 1525386 entries, 67.52% (elapsed time 24056.7s, curr speed    0.046 kHz, avg speed    0.043 kHz), accepted    13452/ 1030001 events ( 1.31%)
Processed  1040000/ 1525386 entries, 68.18% (elapsed time 24283.4s, curr speed    0.044 kHz, avg speed    0.043 kHz), accepted    13591/ 1040001 events ( 1.31%)
Processed  1050000/ 1525386 entries, 68.84% (elapsed time 24514.5s, curr speed    0.043 kHz, avg speed    0.043 kHz), accepted    13709/ 1050001 events ( 1.31%)
Processed  1060000/ 1525386 entries, 69.49% (elapsed time 24734.9s, curr speed    0.045 kHz, avg speed    0.043 kHz), accepted    13832/ 1060001 events ( 1.30%)
Bad event
Processed  1070000/ 1525386 entries, 70.15% (elapsed time 24957.6s, curr speed    0.045 kHz, avg speed    0.043 kHz), accepted    13958/ 1070001 events ( 1.30%)
Processed  1080000/ 1525386 entries, 70.80% (elapsed time 25175.0s, curr speed    0.046 kHz, avg speed    0.043 kHz), accepted    14100/ 1080001 events ( 1.31%)
Processed  1090000/ 1525386 entries, 71.46% (elapsed time 25402.6s, curr speed    0.044 kHz, avg speed    0.043 kHz), accepted    14238/ 1090001 events ( 1.31%)
Processed  1100000/ 1525386 entries, 72.11% (elapsed time 25632.3s, curr speed    0.044 kHz, avg speed    0.043 kHz), accepted    14361/ 1100001 events ( 1.31%)
Processed  1110000/ 1525386 entries, 72.77% (elapsed time 25857.3s, curr speed    0.044 kHz, avg speed    0.043 kHz), accepted    14498/ 1110001 events ( 1.31%)
Processed  1120000/ 1525386 entries, 73.42% (elapsed time 26078.6s, curr speed    0.045 kHz, avg speed    0.043 kHz), accepted    14635/ 1120001 events ( 1.31%)
Bad event
Processed  1130000/ 1525386 entries, 74.08% (elapsed time 26305.2s, curr speed    0.044 kHz, avg speed    0.043 kHz), accepted    14775/ 1130001 events ( 1.31%)
Processed  1140000/ 1525386 entries, 74.74% (elapsed time 26532.2s, curr speed    0.044 kHz, avg speed    0.043 kHz), accepted    14904/ 1140001 events ( 1.31%)
Processed  1150000/ 1525386 entries, 75.39% (elapsed time 26750.8s, curr speed    0.046 kHz, avg speed    0.043 kHz), accepted    15034/ 1150001 events ( 1.31%)
Processed  1160000/ 1525386 entries, 76.05% (elapsed time 26974.5s, curr speed    0.045 kHz, avg speed    0.043 kHz), accepted    15168/ 1160001 events ( 1.31%)
Bad event
Processed  1170000/ 1525386 entries, 76.70% (elapsed time 27193.1s, curr speed    0.046 kHz, avg speed    0.043 kHz), accepted    15317/ 1170001 events ( 1.31%)
Processed  1180000/ 1525386 entries, 77.36% (elapsed time 27414.0s, curr speed    0.045 kHz, avg speed    0.043 kHz), accepted    15475/ 1180001 events ( 1.31%)
Processed  1190000/ 1525386 entries, 78.01% (elapsed time 27629.6s, curr speed    0.046 kHz, avg speed    0.043 kHz), accepted    15614/ 1190001 events ( 1.31%)
Processed  1200000/ 1525386 entries, 78.67% (elapsed time 27853.9s, curr speed    0.045 kHz, avg speed    0.043 kHz), accepted    15750/ 1200001 events ( 1.31%)
Processed  1210000/ 1525386 entries, 79.32% (elapsed time 28082.2s, curr speed    0.044 kHz, avg speed    0.043 kHz), accepted    15885/ 1210001 events ( 1.31%)
Processed  1220000/ 1525386 entries, 79.98% (elapsed time 28314.5s, curr speed    0.043 kHz, avg speed    0.043 kHz), accepted    16012/ 1220001 events ( 1.31%)
Bad event
Processed  1230000/ 1525386 entries, 80.64% (elapsed time 28532.7s, curr speed    0.046 kHz, avg speed    0.043 kHz), accepted    16127/ 1230001 events ( 1.31%)
Processed  1240000/ 1525386 entries, 81.29% (elapsed time 28752.9s, curr speed    0.045 kHz, avg speed    0.043 kHz), accepted    16247/ 1240001 events ( 1.31%)
Processed  1250000/ 1525386 entries, 81.95% (elapsed time 28974.9s, curr speed    0.045 kHz, avg speed    0.043 kHz), accepted    16361/ 1250001 events ( 1.31%)
Processed  1260000/ 1525386 entries, 82.60% (elapsed time 29195.8s, curr speed    0.045 kHz, avg speed    0.043 kHz), accepted    16473/ 1260001 events ( 1.31%)
Bad event
Processed  1270000/ 1525386 entries, 83.26% (elapsed time 29422.0s, curr speed    0.044 kHz, avg speed    0.043 kHz), accepted    16617/ 1270001 events ( 1.31%)
Processed  1280000/ 1525386 entries, 83.91% (elapsed time 29646.0s, curr speed    0.045 kHz, avg speed    0.043 kHz), accepted    16741/ 1280001 events ( 1.31%)
Processed  1290000/ 1525386 entries, 84.57% (elapsed time 29868.0s, curr speed    0.045 kHz, avg speed    0.043 kHz), accepted    16878/ 1290001 events ( 1.31%)
Processed  1300000/ 1525386 entries, 85.22% (elapsed time 30086.2s, curr speed    0.046 kHz, avg speed    0.043 kHz), accepted    16997/ 1300001 events ( 1.31%)
Processed  1310000/ 1525386 entries, 85.88% (elapsed time 30298.2s, curr speed    0.047 kHz, avg speed    0.043 kHz), accepted    17131/ 1310001 events ( 1.31%)
Processed  1320000/ 1525386 entries, 86.54% (elapsed time 30529.9s, curr speed    0.043 kHz, avg speed    0.043 kHz), accepted    17271/ 1320001 events ( 1.31%)
Bad event
Processed  1330000/ 1525386 entries, 87.19% (elapsed time 30757.8s, curr speed    0.044 kHz, avg speed    0.043 kHz), accepted    17423/ 1330001 events ( 1.31%)
Processed  1340000/ 1525386 entries, 87.85% (elapsed time 30983.4s, curr speed    0.044 kHz, avg speed    0.043 kHz), accepted    17553/ 1340001 events ( 1.31%)
Processed  1350000/ 1525386 entries, 88.50% (elapsed time 31201.9s, curr speed    0.046 kHz, avg speed    0.043 kHz), accepted    17687/ 1350001 events ( 1.31%)
Bad event
Processed  1360000/ 1525386 entries, 89.16% (elapsed time 31425.7s, curr speed    0.045 kHz, avg speed    0.043 kHz), accepted    17848/ 1360001 events ( 1.31%)
Bad event
Processed  1370000/ 1525386 entries, 89.81% (elapsed time 31656.7s, curr speed    0.043 kHz, avg speed    0.043 kHz), accepted    17993/ 1370001 events ( 1.31%)
Processed  1380000/ 1525386 entries, 90.47% (elapsed time 31873.2s, curr speed    0.046 kHz, avg speed    0.043 kHz), accepted    18107/ 1380001 events ( 1.31%)
Processed  1390000/ 1525386 entries, 91.12% (elapsed time 32097.7s, curr speed    0.045 kHz, avg speed    0.043 kHz), accepted    18250/ 1390001 events ( 1.31%)
Processed  1400000/ 1525386 entries, 91.78% (elapsed time 32321.7s, curr speed    0.045 kHz, avg speed    0.043 kHz), accepted    18366/ 1400001 events ( 1.31%)
Processed  1410000/ 1525386 entries, 92.44% (elapsed time 32544.6s, curr speed    0.045 kHz, avg speed    0.043 kHz), accepted    18513/ 1410001 events ( 1.31%)
Processed  1420000/ 1525386 entries, 93.09% (elapsed time 32761.4s, curr speed    0.046 kHz, avg speed    0.043 kHz), accepted    18651/ 1420001 events ( 1.31%)
Bad event
Processed  1430000/ 1525386 entries, 93.75% (elapsed time 32985.6s, curr speed    0.045 kHz, avg speed    0.043 kHz), accepted    18784/ 1430001 events ( 1.31%)
Processed  1440000/ 1525386 entries, 94.40% (elapsed time 33217.1s, curr speed    0.043 kHz, avg speed    0.043 kHz), accepted    18909/ 1440001 events ( 1.31%)
Processed  1450000/ 1525386 entries, 95.06% (elapsed time 33443.1s, curr speed    0.044 kHz, avg speed    0.043 kHz), accepted    19043/ 1450001 events ( 1.31%)
Bad event
Processed  1460000/ 1525386 entries, 95.71% (elapsed time 33660.3s, curr speed    0.046 kHz, avg speed    0.043 kHz), accepted    19164/ 1460001 events ( 1.31%)
Processed  1470000/ 1525386 entries, 96.37% (elapsed time 33881.6s, curr speed    0.045 kHz, avg speed    0.043 kHz), accepted    19294/ 1470001 events ( 1.31%)
Processed  1480000/ 1525386 entries, 97.02% (elapsed time 34104.8s, curr speed    0.045 kHz, avg speed    0.043 kHz), accepted    19421/ 1480001 events ( 1.31%)
Processed  1490000/ 1525386 entries, 97.68% (elapsed time 34326.5s, curr speed    0.045 kHz, avg speed    0.043 kHz), accepted    19558/ 1490001 events ( 1.31%)
Processed  1500000/ 1525386 entries, 98.34% (elapsed time 34552.8s, curr speed    0.044 kHz, avg speed    0.043 kHz), accepted    19696/ 1500001 events ( 1.31%)
Processed  1510000/ 1525386 entries, 98.99% (elapsed time 34774.2s, curr speed    0.045 kHz, avg speed    0.043 kHz), accepted    19835/ 1510001 events ( 1.31%)
Bad event
Processed  1520000/ 1525386 entries, 99.65% (elapsed time 35001.5s, curr speed    0.044 kHz, avg speed    0.043 kHz), accepted    19983/ 1520001 events ( 1.31%)
Processed 1525386 preselected entries from root://cms-xrd-global.cern.ch//store/mc/RunIIFall17NanoAODv6/ZZTo2Q2Nu_TuneCP5_13TeV_amcatnloFXFX_madspin_pythia8/NANOAODSIM/PU2017_12Apr2018_Nano25Oct2019_102X_mc2017_realistic_v7-v1/70000/B47E5976-43B9-9146-BDD5-A43EF3BD4C10.root (1525386 entries). Finally selected 20050 entries
Done /work/pbaertsc/heavy_resonance/output_2017/ZZTo2Q2Nu_TuneCP5_13TeV_amcatnloFXFX_madspin_pythia8__RunIIFall17NanoAODv6-PU2017_12Apr2018_Nano25Oct2019_102X_mc2017_realistic_v7-v1__NANOAODSIM/B47E5976-43B9-9146-BDD5-A43EF3BD4C10.root
43.3337462018 Hz
deleting root file with name: /work/pbaertsc/heavy_resonance/output_2017/ZZTo2Q2Nu_TuneCP5_13TeV_amcatnloFXFX_madspin_pythia8__RunIIFall17NanoAODv6-PU2017_12Apr2018_Nano25Oct2019_102X_mc2017_realistic_v7-v1__NANOAODSIM/B47E5976-43B9-9146-BDD5-A43EF3BD4C10.root
DONE
Complete at
Wed Jan 29 08:52:18 CET 2020
