job start at
Tue Jan 28 20:31:32 CET 2020
SLURM_JOB_ID: 421935
HOSTNAME: t3wn52
JOBLIST:joblist/joblist_Zprime_VBF_Zh_Zinvhinc_narrow_M-1000_TuneCP5_13TeV-madgraph-pythia8__RunIISummer16NanoAODv6-PUMoriond17_Nano25Oct2019_102X_mcRun2_asymptotic_v7-v1__NANOAODSIM_ll.txt
Going to execute
python job.py -i root://cms-xrd-global.cern.ch//store/mc/RunIISummer16NanoAODv6/Zprime_VBF_Zh_Zinvhinc_narrow_M-1000_TuneCP5_13TeV-madgraph-pythia8/NANOAODSIM/PUMoriond17_Nano25Oct2019_102X_mcRun2_asymptotic_v7-v1/270000/5324DBD7-61B2-D544-9655-9F7E6D72764F.root -o /work/pbaertsc/heavy_resonance/output_2016/Zprime_VBF_Zh_Zinvhinc_narrow_M-1000_TuneCP5_13TeV-madgraph-pythia8__RunIISummer16NanoAODv6-PUMoriond17_Nano25Oct2019_102X_mcRun2_asymptotic_v7-v1__NANOAODSIM -N Zprime_VBF_Zh_Zinvhinc_narrow_M-1000_TuneCP5_13TeV-madgraph-pythia8__RunIISummer16NanoAODv6-PUMoriond17_Nano25Oct2019_102X_mcRun2_asymptotic_v7-v1__NANOAODSIM -n 4 -c ll -y 2016
TClass::Init:0: RuntimeWarning: no dictionary for class ROOT::TIOFeatures is available
/work/pbaertsc/heavy_resonance/CMSSW_9_4_6/python/PhysicsTools/NanoAODTools/postprocessing/framework/treeReaderArrayTools.py:69: RuntimeWarning: creating executor for unknown type "ULong64_t*"
  ret = _vr.Get()[0]
JEC= Summer16_07Aug2017_V11_MC 	 JER= Summer16_25nsV1_MC
MET branch= PuppiMET
JEC= Summer16_07Aug2017_V11_MC 	 JER= Summer16_25nsV1_MC
MET branch= PuppiMET
--------------------------------------------------------------------------------
input files  = ['root://cms-xrd-global.cern.ch//store/mc/RunIISummer16NanoAODv6/Zprime_VBF_Zh_Zinvhinc_narrow_M-1000_TuneCP5_13TeV-madgraph-pythia8/NANOAODSIM/PUMoriond17_Nano25Oct2019_102X_mcRun2_asymptotic_v7-v1/270000/5324DBD7-61B2-D544-9655-9F7E6D72764F.root']
output directory = /work/pbaertsc/heavy_resonance/output_2016/Zprime_VBF_Zh_Zinvhinc_narrow_M-1000_TuneCP5_13TeV-madgraph-pythia8__RunIISummer16NanoAODv6-PUMoriond17_Nano25Oct2019_102X_mcRun2_asymptotic_v7-v1__NANOAODSIM
output file  = Zprime_VBF_Zh_Zinvhinc_narrow_M-1000_TuneCP5_13TeV-madgraph-pythia8__RunIISummer16NanoAODv6-PUMoriond17_Nano25Oct2019_102X_mcRun2_asymptotic_v7-v1__NANOAODSIM_4_ll.root
chunck       = 4
channel      = ll
dataType     = mc
year         = 2016
tes          = 1.0
ltf          = 1.0
jtf          = 1.0
--------------------------------------------------------------------------------
job.py: creating PostProcessor...
TreeProducer is called /work/pbaertsc/heavy_resonance/output_2016/Zprime_VBF_Zh_Zinvhinc_narrow_M-1000_TuneCP5_13TeV-madgraph-pythia8__RunIISummer16NanoAODv6-PUMoriond17_Nano25Oct2019_102X_mcRun2_asymptotic_v7-v1__NANOAODSIM/Zprime_VBF_Zh_Zinvhinc_narrow_M-1000_TuneCP5_13TeV-madgraph-pythia8__RunIISummer16NanoAODv6-PUMoriond17_Nano25Oct2019_102X_mcRun2_asymptotic_v7-v1__NANOAODSIM_4_ll.root
job.py: going to run PostProcessor...
Will write selected trees to /work/pbaertsc/heavy_resonance/output_2016/Zprime_VBF_Zh_Zinvhinc_narrow_M-1000_TuneCP5_13TeV-madgraph-pythia8__RunIISummer16NanoAODv6-PUMoriond17_Nano25Oct2019_102X_mcRun2_asymptotic_v7-v1__NANOAODSIM
Loading jet energy scale (JES) uncertainties from file '/tmp/tmpQDStpd/Summer16_07Aug2017_V11_MC_Uncertainty_AK4PFchs.txt'
Loading jet energy resolutions (JER) from file '/tmp/tmp4VxrdX/Summer16_25nsV1_MC_PtResolution_AK4PFchs.txt'
Loading JER scale factors and uncertainties from file '/tmp/tmp4VxrdX/Summer16_25nsV1_MC_SF_AK4PFchs.txt'
Loading jet energy scale (JES) uncertainties from file '/tmp/tmpVUVWs1/Summer16_07Aug2017_V11_MC_Uncertainty_AK8PFPuppi.txt'
Loading jet energy resolutions (JER) from file '/tmp/tmpzAlPOf/Summer16_25nsV1_MC_PtResolution_AK8PFPuppi.txt'
Loading JER scale factors and uncertainties from file '/tmp/tmpzAlPOf/Summer16_25nsV1_MC_SF_AK8PFPuppi.txt'
Pre-select 41800 entries out of 41800 (100.00%)
nanoAODv5? True
TtoEM trigger inconsistency
TtoEM trigger inconsistency
Bad event
Bad event
TtoEM trigger inconsistency
Bad event
Bad event
Processed    10000/   41800 entries, 23.92% (elapsed time   251.9s, curr speed    0.040 kHz, avg speed    0.040 kHz), accepted     5257/   10001 events (52.56%)
TtoEM trigger inconsistency
TtoEM trigger inconsistency
TtoEM trigger inconsistency
TtoEM trigger inconsistency
Bad event
Bad event
Bad event
Bad event
ZtoMM trigger inconsistency
TtoEM trigger inconsistency
TtoEM trigger inconsistency
TtoEM trigger inconsistency
Bad event
Bad event
TtoEM trigger inconsistency
TtoEM trigger inconsistency
Processed    20000/   41800 entries, 47.85% (elapsed time   483.1s, curr speed    0.043 kHz, avg speed    0.041 kHz), accepted    10512/   20001 events (52.56%)
TtoEM trigger inconsistency
Bad event
Bad event
Bad event
Bad event
Bad event
Bad event
TtoEM trigger inconsistency
TtoEM trigger inconsistency
TtoEM trigger inconsistency
Bad event
TtoEM trigger inconsistency
Bad event
Bad event
Bad event
Processed    30000/   41800 entries, 71.77% (elapsed time   689.0s, curr speed    0.049 kHz, avg speed    0.044 kHz), accepted    15771/   30001 events (52.57%)
TtoEM trigger inconsistency
TtoEM trigger inconsistency
Bad event
TtoEM trigger inconsistency
Bad event
Bad event
Bad event
Bad event
TtoEM trigger inconsistency
TtoEM trigger inconsistency
Bad event
Bad event
TtoEM trigger inconsistency
Bad event
TtoEM trigger inconsistency
Bad event
Bad event
Bad event
Bad event
TtoEM trigger inconsistency
Processed    40000/   41800 entries, 95.69% (elapsed time   926.0s, curr speed    0.042 kHz, avg speed    0.043 kHz), accepted    21087/   40001 events (52.72%)
Bad event
TtoEM trigger inconsistency
ZtoMM trigger inconsistency
Processed 41800 preselected entries from root://cms-xrd-global.cern.ch//store/mc/RunIISummer16NanoAODv6/Zprime_VBF_Zh_Zinvhinc_narrow_M-1000_TuneCP5_13TeV-madgraph-pythia8/NANOAODSIM/PUMoriond17_Nano25Oct2019_102X_mcRun2_asymptotic_v7-v1/270000/5324DBD7-61B2-D544-9655-9F7E6D72764F.root (41800 entries). Finally selected 22022 entries
Done /work/pbaertsc/heavy_resonance/output_2016/Zprime_VBF_Zh_Zinvhinc_narrow_M-1000_TuneCP5_13TeV-madgraph-pythia8__RunIISummer16NanoAODv6-PUMoriond17_Nano25Oct2019_102X_mcRun2_asymptotic_v7-v1__NANOAODSIM/5324DBD7-61B2-D544-9655-9F7E6D72764F.root
39.8250745529 Hz
deleting root file with name: /work/pbaertsc/heavy_resonance/output_2016/Zprime_VBF_Zh_Zinvhinc_narrow_M-1000_TuneCP5_13TeV-madgraph-pythia8__RunIISummer16NanoAODv6-PUMoriond17_Nano25Oct2019_102X_mcRun2_asymptotic_v7-v1__NANOAODSIM/5324DBD7-61B2-D544-9655-9F7E6D72764F.root
DONE
Complete at
Tue Jan 28 20:56:05 CET 2020
