job start at
Tue Jan 28 20:31:07 CET 2020
SLURM_JOB_ID: 421806
HOSTNAME: t3wn43
JOBLIST:joblist/joblist_Zprime_VBF_Zh_Zinvhinc_narrow_M-3000_TuneCP5_13TeV-madgraph-pythia8__RunIIFall17NanoAODv6-PU2017_12Apr2018_Nano25Oct2019_102X_mc2017_realistic_v7-v1__NANOAODSIM_ll.txt
Going to execute
python job.py -i root://cms-xrd-global.cern.ch//store/mc/RunIIFall17NanoAODv6/Zprime_VBF_Zh_Zinvhinc_narrow_M-3000_TuneCP5_13TeV-madgraph-pythia8/NANOAODSIM/PU2017_12Apr2018_Nano25Oct2019_102X_mc2017_realistic_v7-v1/260000/8C48E4AE-D6BE-9241-8BC2-45D68EC58372.root -o /work/pbaertsc/heavy_resonance/output_2017/Zprime_VBF_Zh_Zinvhinc_narrow_M-3000_TuneCP5_13TeV-madgraph-pythia8__RunIIFall17NanoAODv6-PU2017_12Apr2018_Nano25Oct2019_102X_mc2017_realistic_v7-v1__NANOAODSIM -N Zprime_VBF_Zh_Zinvhinc_narrow_M-3000_TuneCP5_13TeV-madgraph-pythia8__RunIIFall17NanoAODv6-PU2017_12Apr2018_Nano25Oct2019_102X_mc2017_realistic_v7-v1__NANOAODSIM -n 0 -c ll -y 2017
TClass::Init:0: RuntimeWarning: no dictionary for class ROOT::TIOFeatures is available
/work/pbaertsc/heavy_resonance/CMSSW_9_4_6/python/PhysicsTools/NanoAODTools/postprocessing/framework/treeReaderArrayTools.py:69: RuntimeWarning: creating executor for unknown type "ULong64_t*"
  ret = _vr.Get()[0]
JEC= Fall17_17Nov2017_V32_MC 	 JER= Fall17_V3_MC
MET branch= PuppiMET
JEC= Fall17_17Nov2017_V32_MC 	 JER= Fall17_V3_MC
MET branch= PuppiMET
--------------------------------------------------------------------------------
input files  = ['root://cms-xrd-global.cern.ch//store/mc/RunIIFall17NanoAODv6/Zprime_VBF_Zh_Zinvhinc_narrow_M-3000_TuneCP5_13TeV-madgraph-pythia8/NANOAODSIM/PU2017_12Apr2018_Nano25Oct2019_102X_mc2017_realistic_v7-v1/260000/8C48E4AE-D6BE-9241-8BC2-45D68EC58372.root']
output directory = /work/pbaertsc/heavy_resonance/output_2017/Zprime_VBF_Zh_Zinvhinc_narrow_M-3000_TuneCP5_13TeV-madgraph-pythia8__RunIIFall17NanoAODv6-PU2017_12Apr2018_Nano25Oct2019_102X_mc2017_realistic_v7-v1__NANOAODSIM
output file  = Zprime_VBF_Zh_Zinvhinc_narrow_M-3000_TuneCP5_13TeV-madgraph-pythia8__RunIIFall17NanoAODv6-PU2017_12Apr2018_Nano25Oct2019_102X_mc2017_realistic_v7-v1__NANOAODSIM_0_ll.root
chunck       = 0
channel      = ll
dataType     = mc
year         = 2017
tes          = 1.0
ltf          = 1.0
jtf          = 1.0
--------------------------------------------------------------------------------
job.py: creating PostProcessor...
TreeProducer is called /work/pbaertsc/heavy_resonance/output_2017/Zprime_VBF_Zh_Zinvhinc_narrow_M-3000_TuneCP5_13TeV-madgraph-pythia8__RunIIFall17NanoAODv6-PU2017_12Apr2018_Nano25Oct2019_102X_mc2017_realistic_v7-v1__NANOAODSIM/Zprime_VBF_Zh_Zinvhinc_narrow_M-3000_TuneCP5_13TeV-madgraph-pythia8__RunIIFall17NanoAODv6-PU2017_12Apr2018_Nano25Oct2019_102X_mc2017_realistic_v7-v1__NANOAODSIM_0_ll.root
job.py: going to run PostProcessor...
Will write selected trees to /work/pbaertsc/heavy_resonance/output_2017/Zprime_VBF_Zh_Zinvhinc_narrow_M-3000_TuneCP5_13TeV-madgraph-pythia8__RunIIFall17NanoAODv6-PU2017_12Apr2018_Nano25Oct2019_102X_mc2017_realistic_v7-v1__NANOAODSIM
Loading jet energy scale (JES) uncertainties from file '/tmp/tmp6Fu28W/Fall17_17Nov2017_V32_MC_Uncertainty_AK4PFchs.txt'
Loading jet energy resolutions (JER) from file '/tmp/tmpmstdOf/Fall17_V3_MC_PtResolution_AK4PFchs.txt'
Loading JER scale factors and uncertainties from file '/tmp/tmpmstdOf/Fall17_V3_MC_SF_AK4PFchs.txt'
Loading jet energy scale (JES) uncertainties from file '/tmp/tmpawxHLi/Fall17_17Nov2017_V32_MC_Uncertainty_AK8PFPuppi.txt'
Loading jet energy resolutions (JER) from file '/tmp/tmpGJFkHl/Fall17_V3_MC_PtResolution_AK8PFPuppi.txt'
Loading JER scale factors and uncertainties from file '/tmp/tmpGJFkHl/Fall17_V3_MC_SF_AK8PFPuppi.txt'
Pre-select 72000 entries out of 72000 (100.00%)
nanoAODv5? True
Bad event
Bad event
Bad event
TtoEM trigger inconsistency
Bad event
Bad event
Bad event
Bad event
Bad event
Bad event
Bad event
Bad event
Bad event
Bad event
Bad event
Bad event
Bad event
Bad event
Bad event
Bad event
Bad event
Bad event
Bad event
Bad event
Bad event
TtoEM trigger inconsistency
ZtoEE trigger inconsistency
Bad event
Bad event
TtoEM trigger inconsistency
Bad event
Bad event
Bad event
Bad event
TtoEM trigger inconsistency
Bad event
Bad event
Bad event
Bad event
TtoEM trigger inconsistency
Bad event
Bad event
Bad event
TtoEM trigger inconsistency
Bad event
Bad event
Bad event
Bad event
Bad event
Bad event
Bad event
Bad event
Bad event
Bad event
Bad event
Bad event
Bad event
Bad event
Bad event
Bad event
Bad event
Bad event
Bad event
Bad event
Bad event
TtoEM trigger inconsistency
Bad event
Bad event
Bad event
Bad event
Bad event
Bad event
Bad event
Bad event
Bad event
Bad event
Bad event
Bad event
TtoEM trigger inconsistency
Bad event
Bad event
Bad event
Processed    10000/   72000 entries, 13.89% (elapsed time   507.5s, curr speed    0.020 kHz, avg speed    0.020 kHz), accepted     8551/   10001 events (85.50%)
Bad event
Bad event
Bad event
Bad event
Bad event
Bad event
Bad event
TtoEM trigger inconsistency
Bad event
Bad event
Bad event
Bad event
Bad event
TtoEM trigger inconsistency
Bad event
Bad event
Bad event
Bad event
Bad event
Bad event
Bad event
Bad event
Bad event
Bad event
Bad event
Bad event
Bad event
Bad event
Bad event
Bad event
Bad event
Bad event
Bad event
Bad event
Bad event
Bad event
Bad event
TtoEM trigger inconsistency
Bad event
Bad event
Bad event
Bad event
Bad event
Bad event
Bad event
TtoEM trigger inconsistency
Bad event
Bad event
Bad event
Bad event
Bad event
Bad event
Bad event
Bad event
Bad event
Bad event
Bad event
Bad event
Bad event
ZtoEE trigger inconsistency
Bad event
Bad event
TtoEM trigger inconsistency
Bad event
Bad event
Bad event
Bad event
Bad event
Bad event
Bad event
Bad event
Bad event
Bad event
Bad event
TtoEM trigger inconsistency
Bad event
TtoEM trigger inconsistency
Bad event
Bad event
Bad event
Bad event
Bad event
Bad event
Bad event
Bad event
Bad event
Bad event
Processed    20000/   72000 entries, 27.78% (elapsed time  1007.5s, curr speed    0.020 kHz, avg speed    0.020 kHz), accepted    17044/   20001 events (85.22%)
Bad event
Bad event
Bad event
Bad event
Bad event
Bad event
Bad event
Bad event
TtoEM trigger inconsistency
Bad event
Bad event
Bad event
Bad event
Bad event
Bad event
TtoEM trigger inconsistency
Bad event
Bad event
TtoEM trigger inconsistency
Bad event
Bad event
Bad event
Bad event
Bad event
Bad event
TtoEM trigger inconsistency
Bad event
Bad event
Bad event
Bad event
Bad event
Bad event
Bad event
Bad event
Bad event
Bad event
Bad event
Bad event
Bad event
TtoEM trigger inconsistency
Bad event
Bad event
Bad event
Bad event
Bad event
Bad event
Bad event
Bad event
Bad event
Bad event
Bad event
Bad event
Bad event
Bad event
Bad event
Bad event
Bad event
Bad event
Bad event
Bad event
TtoEM trigger inconsistency
Bad event
Bad event
Bad event
Bad event
Bad event
Bad event
Bad event
Bad event
Bad event
Bad event
Bad event
Bad event
Bad event
TtoEM trigger inconsistency
Bad event
Bad event
Bad event
Bad event
Bad event
Bad event
Bad event
Bad event
Bad event
Bad event
Processed    30000/   72000 entries, 41.67% (elapsed time  1509.8s, curr speed    0.020 kHz, avg speed    0.020 kHz), accepted    25615/   30001 events (85.38%)
Bad event
Bad event
Bad event
Bad event
Bad event
Bad event
Bad event
Bad event
Bad event
Bad event
Bad event
Bad event
Bad event
Bad event
Bad event
Bad event
Bad event
Bad event
Bad event
Bad event
Bad event
Bad event
Bad event
Bad event
Bad event
Bad event
Bad event
TtoEM trigger inconsistency
Bad event
Bad event
Bad event
Bad event
Bad event
Bad event
Bad event
Bad event
Bad event
Bad event
Bad event
Bad event
Bad event
Bad event
Bad event
Bad event
Bad event
Bad event
TtoEM trigger inconsistency
Bad event
Bad event
Bad event
Bad event
Bad event
Bad event
Bad event
Bad event
Bad event
Bad event
Bad event
Bad event
Bad event
Bad event
Bad event
Bad event
TtoEM trigger inconsistency
Bad event
Bad event
Bad event
Bad event
Bad event
Bad event
Bad event
Bad event
Bad event
TtoEM trigger inconsistency
Bad event
Bad event
Bad event
Bad event
Bad event
Bad event
Bad event
Bad event
Bad event
Bad event
Processed    40000/   72000 entries, 55.56% (elapsed time  2000.0s, curr speed    0.020 kHz, avg speed    0.020 kHz), accepted    34164/   40001 events (85.41%)
Bad event
Bad event
Bad event
Bad event
Bad event
Bad event
Bad event
TtoEM trigger inconsistency
Bad event
Bad event
Bad event
Bad event
Bad event
Bad event
TtoEM trigger inconsistency
Bad event
Bad event
Bad event
Bad event
Bad event
Bad event
Bad event
Bad event
Bad event
Bad event
Bad event
Bad event
Bad event
Bad event
Bad event
Bad event
Bad event
Bad event
Bad event
Bad event
Bad event
Bad event
Bad event
Bad event
Bad event
Bad event
Bad event
ZtoMM trigger inconsistency
Bad event
TtoEM trigger inconsistency
TtoEM trigger inconsistency
Bad event
Bad event
Bad event
Bad event
Bad event
Bad event
Bad event
Bad event
Bad event
Bad event
TtoEM trigger inconsistency
Bad event
Bad event
Bad event
Bad event
Bad event
Bad event
Bad event
Bad event
Bad event
Bad event
Bad event
TtoEM trigger inconsistency
Bad event
TtoEM trigger inconsistency
Bad event
Bad event
Bad event
Bad event
Bad event
Bad event
Bad event
Bad event
Bad event
Bad event
TtoEM trigger inconsistency
Bad event
Bad event
Bad event
Bad event
Bad event
Processed    50000/   72000 entries, 69.44% (elapsed time  2476.8s, curr speed    0.021 kHz, avg speed    0.020 kHz), accepted    42686/   50001 events (85.37%)
Bad event
TtoEM trigger inconsistency
Bad event
Bad event
TtoEM trigger inconsistency
Bad event
Bad event
Bad event
Bad event
Bad event
Bad event
Bad event
Bad event
Bad event
Bad event
Bad event
Bad event
Bad event
Bad event
Bad event
Bad event
Bad event
Bad event
Bad event
Bad event
Bad event
Bad event
Bad event
Bad event
Bad event
Bad event
Bad event
Bad event
TtoEM trigger inconsistency
TtoEM trigger inconsistency
Bad event
Bad event
Bad event
Bad event
Bad event
Bad event
Bad event
Bad event
Bad event
Bad event
Bad event
Bad event
Bad event
Bad event
Bad event
Bad event
Bad event
Bad event
Bad event
Bad event
ZtoMM trigger inconsistency
Bad event
Bad event
Bad event
Bad event
Bad event
Bad event
Bad event
Bad event
Bad event
Bad event
Bad event
Bad event
Bad event
Bad event
Bad event
Bad event
Bad event
Bad event
Bad event
Bad event
Bad event
Bad event
Processed    60000/   72000 entries, 83.33% (elapsed time  2947.1s, curr speed    0.021 kHz, avg speed    0.020 kHz), accepted    51278/   60001 events (85.46%)
Bad event
Bad event
Bad event
Bad event
Bad event
Bad event
Bad event
Bad event
Bad event
Bad event
Bad event
Bad event
Bad event
Bad event
Bad event
Bad event
TtoEM trigger inconsistency
Bad event
TtoEM trigger inconsistency
Bad event
Bad event
Bad event
Bad event
Bad event
Bad event
TtoEM trigger inconsistency
Bad event
Bad event
Bad event
Bad event
Bad event
Bad event
Bad event
Bad event
Bad event
TtoEM trigger inconsistency
Bad event
Bad event
Bad event
Bad event
Bad event
Bad event
Bad event
Bad event
Bad event
Bad event
Bad event
TtoEM trigger inconsistency
Bad event
Bad event
Bad event
Bad event
Bad event
Bad event
Bad event
Bad event
TtoEM trigger inconsistency
Bad event
Bad event
Bad event
TtoEM trigger inconsistency
Bad event
Bad event
Bad event
Bad event
Bad event
Bad event
Bad event
Bad event
Bad event
Bad event
TtoEM trigger inconsistency
Bad event
Bad event
Bad event
Bad event
Bad event
Bad event
Bad event
TtoEM trigger inconsistency
Bad event
Bad event
TtoEM trigger inconsistency
Bad event
Bad event
Bad event
Bad event
Bad event
Bad event
Bad event
Bad event
Bad event
Bad event
Bad event
Processed    70000/   72000 entries, 97.22% (elapsed time  3420.6s, curr speed    0.021 kHz, avg speed    0.020 kHz), accepted    59781/   70001 events (85.40%)
Bad event
Bad event
TtoEM trigger inconsistency
Bad event
Bad event
Bad event
Bad event
Bad event
Bad event
Bad event
Bad event
Bad event
Processed 72000 preselected entries from root://cms-xrd-global.cern.ch//store/mc/RunIIFall17NanoAODv6/Zprime_VBF_Zh_Zinvhinc_narrow_M-3000_TuneCP5_13TeV-madgraph-pythia8/NANOAODSIM/PU2017_12Apr2018_Nano25Oct2019_102X_mc2017_realistic_v7-v1/260000/8C48E4AE-D6BE-9241-8BC2-45D68EC58372.root (72000 entries). Finally selected 61486 entries
Done /work/pbaertsc/heavy_resonance/output_2017/Zprime_VBF_Zh_Zinvhinc_narrow_M-3000_TuneCP5_13TeV-madgraph-pythia8__RunIIFall17NanoAODv6-PU2017_12Apr2018_Nano25Oct2019_102X_mc2017_realistic_v7-v1__NANOAODSIM/8C48E4AE-D6BE-9241-8BC2-45D68EC58372.root
18.7738094928 Hz
deleting root file with name: /work/pbaertsc/heavy_resonance/output_2017/Zprime_VBF_Zh_Zinvhinc_narrow_M-3000_TuneCP5_13TeV-madgraph-pythia8__RunIIFall17NanoAODv6-PU2017_12Apr2018_Nano25Oct2019_102X_mc2017_realistic_v7-v1__NANOAODSIM/8C48E4AE-D6BE-9241-8BC2-45D68EC58372.root
DONE
Complete at
Tue Jan 28 22:09:48 CET 2020
