job start at
Sat Feb  1 14:53:09 CET 2020
SLURM_JOB_ID: 529048
HOSTNAME: t3wn56
JOBLIST:joblist/joblist_ZZTo2L2Q_13TeV_amcatnloFXFX_madspin_pythia8__RunIIAutumn18NanoAODv6-Nano25Oct2019_102X_upgrade2018_realistic_v20-v1__NANOAODSIM_ll.txt
Going to execute
python job.py -i root://cms-xrd-global.cern.ch//store/mc/RunIIAutumn18NanoAODv6/ZZTo2L2Q_13TeV_amcatnloFXFX_madspin_pythia8/NANOAODSIM/Nano25Oct2019_102X_upgrade2018_realistic_v20-v1/40000/A78D6478-5405-B045-AB5F-2F9E5AD4BFBB.root -o /work/pbaertsc/heavy_resonance/output_2018/ZZTo2L2Q_13TeV_amcatnloFXFX_madspin_pythia8__RunIIAutumn18NanoAODv6-Nano25Oct2019_102X_upgrade2018_realistic_v20-v1__NANOAODSIM -N ZZTo2L2Q_13TeV_amcatnloFXFX_madspin_pythia8__RunIIAutumn18NanoAODv6-Nano25Oct2019_102X_upgrade2018_realistic_v20-v1__NANOAODSIM -n 2 -c ll -y 2018
TClass::Init:0: RuntimeWarning: no dictionary for class ROOT::TIOFeatures is available
/work/pbaertsc/heavy_resonance/CMSSW_9_4_6/python/PhysicsTools/NanoAODTools/postprocessing/framework/treeReaderArrayTools.py:69: RuntimeWarning: creating executor for unknown type "ULong64_t*"
  ret = _vr.Get()[0]
JEC= Autumn18_V19_MC 	 JER= Autumn18_V7_MC
MET branch= PuppiMET
JEC= Autumn18_V19_MC 	 JER= Autumn18_V7_MC
MET branch= PuppiMET
--------------------------------------------------------------------------------
input files  = ['root://cms-xrd-global.cern.ch//store/mc/RunIIAutumn18NanoAODv6/ZZTo2L2Q_13TeV_amcatnloFXFX_madspin_pythia8/NANOAODSIM/Nano25Oct2019_102X_upgrade2018_realistic_v20-v1/40000/A78D6478-5405-B045-AB5F-2F9E5AD4BFBB.root']
output directory = /work/pbaertsc/heavy_resonance/output_2018/ZZTo2L2Q_13TeV_amcatnloFXFX_madspin_pythia8__RunIIAutumn18NanoAODv6-Nano25Oct2019_102X_upgrade2018_realistic_v20-v1__NANOAODSIM
output file  = ZZTo2L2Q_13TeV_amcatnloFXFX_madspin_pythia8__RunIIAutumn18NanoAODv6-Nano25Oct2019_102X_upgrade2018_realistic_v20-v1__NANOAODSIM_2_ll.root
chunck       = 2
channel      = ll
dataType     = mc
year         = 2018
tes          = 1.0
ltf          = 1.0
jtf          = 1.0
--------------------------------------------------------------------------------
job.py: creating PostProcessor...
TreeProducer is called /work/pbaertsc/heavy_resonance/output_2018/ZZTo2L2Q_13TeV_amcatnloFXFX_madspin_pythia8__RunIIAutumn18NanoAODv6-Nano25Oct2019_102X_upgrade2018_realistic_v20-v1__NANOAODSIM/ZZTo2L2Q_13TeV_amcatnloFXFX_madspin_pythia8__RunIIAutumn18NanoAODv6-Nano25Oct2019_102X_upgrade2018_realistic_v20-v1__NANOAODSIM_2_ll.root
job.py: going to run PostProcessor...
Will write selected trees to /work/pbaertsc/heavy_resonance/output_2018/ZZTo2L2Q_13TeV_amcatnloFXFX_madspin_pythia8__RunIIAutumn18NanoAODv6-Nano25Oct2019_102X_upgrade2018_realistic_v20-v1__NANOAODSIM
Loading jet energy scale (JES) uncertainties from file '/tmp/tmpI2bkvv/Autumn18_V19_MC_Uncertainty_AK4PFchs.txt'
Loading jet energy resolutions (JER) from file '/tmp/tmpKlUCqD/Autumn18_V7_MC_PtResolution_AK4PFchs.txt'
Loading JER scale factors and uncertainties from file '/tmp/tmpKlUCqD/Autumn18_V7_MC_SF_AK4PFchs.txt'
Loading jet energy scale (JES) uncertainties from file '/tmp/tmpO00LZ4/Autumn18_V19_MC_Uncertainty_AK8PFPuppi.txt'
Loading jet energy resolutions (JER) from file '/tmp/tmpSEaAdD/Autumn18_V7_MC_PtResolution_AK8PFPuppi.txt'
Loading JER scale factors and uncertainties from file '/tmp/tmpSEaAdD/Autumn18_V7_MC_SF_AK8PFPuppi.txt'
Pre-select 1011852 entries out of 1011852 (100.00%)
nanoAODv5? True
ZtoMM trigger inconsistency
Processed    10000/ 1011852 entries,  0.99% (elapsed time   231.5s, curr speed    0.043 kHz, avg speed    0.043 kHz), accepted       64/   10001 events ( 0.64%)
ZtoMM trigger inconsistency
Processed    20000/ 1011852 entries,  1.98% (elapsed time   453.6s, curr speed    0.045 kHz, avg speed    0.044 kHz), accepted      128/   20001 events ( 0.64%)
ZtoMM trigger inconsistency
ZtoMM trigger inconsistency
Processed    30000/ 1011852 entries,  2.96% (elapsed time   677.0s, curr speed    0.045 kHz, avg speed    0.044 kHz), accepted      177/   30001 events ( 0.59%)
ZtoEE trigger inconsistency
ZtoMM trigger inconsistency
Processed    40000/ 1011852 entries,  3.95% (elapsed time   891.8s, curr speed    0.047 kHz, avg speed    0.045 kHz), accepted      243/   40001 events ( 0.61%)
Processed    50000/ 1011852 entries,  4.94% (elapsed time  1106.8s, curr speed    0.046 kHz, avg speed    0.045 kHz), accepted      321/   50001 events ( 0.64%)
ZtoEE trigger inconsistency
Processed    60000/ 1011852 entries,  5.93% (elapsed time  1321.3s, curr speed    0.047 kHz, avg speed    0.045 kHz), accepted      384/   60001 events ( 0.64%)
Bad event
ZtoMM trigger inconsistency
ZtoMM trigger inconsistency
Processed    70000/ 1011852 entries,  6.92% (elapsed time  1529.4s, curr speed    0.048 kHz, avg speed    0.046 kHz), accepted      449/   70001 events ( 0.64%)
Processed    80000/ 1011852 entries,  7.91% (elapsed time  1737.4s, curr speed    0.048 kHz, avg speed    0.046 kHz), accepted      509/   80001 events ( 0.64%)
ZtoMM trigger inconsistency
Processed    90000/ 1011852 entries,  8.89% (elapsed time  1945.8s, curr speed    0.048 kHz, avg speed    0.046 kHz), accepted      562/   90001 events ( 0.62%)
ZtoMM trigger inconsistency
ZtoMM trigger inconsistency
TtoEM trigger inconsistency
ZtoMM trigger inconsistency
Processed   100000/ 1011852 entries,  9.88% (elapsed time  2153.3s, curr speed    0.048 kHz, avg speed    0.046 kHz), accepted      620/  100001 events ( 0.62%)
ZtoMM trigger inconsistency
TtoEM trigger inconsistency
Processed   110000/ 1011852 entries, 10.87% (elapsed time  2368.8s, curr speed    0.046 kHz, avg speed    0.046 kHz), accepted      673/  110001 events ( 0.61%)
ZtoMM trigger inconsistency
ZtoMM trigger inconsistency
ZtoMM trigger inconsistency
Processed   120000/ 1011852 entries, 11.86% (elapsed time  2571.2s, curr speed    0.049 kHz, avg speed    0.047 kHz), accepted      716/  120001 events ( 0.60%)
TtoEM trigger inconsistency
ZtoMM trigger inconsistency
Processed   130000/ 1011852 entries, 12.85% (elapsed time  2771.4s, curr speed    0.050 kHz, avg speed    0.047 kHz), accepted      782/  130001 events ( 0.60%)
TtoEM trigger inconsistency
ZtoMM trigger inconsistency
Processed   140000/ 1011852 entries, 13.84% (elapsed time  2972.7s, curr speed    0.050 kHz, avg speed    0.047 kHz), accepted      847/  140001 events ( 0.60%)
ZtoMM trigger inconsistency
Processed   150000/ 1011852 entries, 14.82% (elapsed time  3176.1s, curr speed    0.049 kHz, avg speed    0.047 kHz), accepted      898/  150001 events ( 0.60%)
TtoEM trigger inconsistency
TtoEM trigger inconsistency
Processed   160000/ 1011852 entries, 15.81% (elapsed time  3388.2s, curr speed    0.047 kHz, avg speed    0.047 kHz), accepted      954/  160001 events ( 0.60%)
ZtoMM trigger inconsistency
ZtoMM trigger inconsistency
Processed   170000/ 1011852 entries, 16.80% (elapsed time  3593.1s, curr speed    0.049 kHz, avg speed    0.047 kHz), accepted     1014/  170001 events ( 0.60%)
Processed   180000/ 1011852 entries, 17.79% (elapsed time  3794.5s, curr speed    0.050 kHz, avg speed    0.047 kHz), accepted     1067/  180001 events ( 0.59%)
ZtoMM trigger inconsistency
ZtoMM trigger inconsistency
Processed   190000/ 1011852 entries, 18.78% (elapsed time  3993.2s, curr speed    0.050 kHz, avg speed    0.048 kHz), accepted     1120/  190001 events ( 0.59%)
TtoEM trigger inconsistency
Processed   200000/ 1011852 entries, 19.77% (elapsed time  4187.9s, curr speed    0.051 kHz, avg speed    0.048 kHz), accepted     1177/  200001 events ( 0.59%)
ZtoMM trigger inconsistency
ZtoEE trigger inconsistency
Processed   210000/ 1011852 entries, 20.75% (elapsed time  4389.4s, curr speed    0.050 kHz, avg speed    0.048 kHz), accepted     1218/  210001 events ( 0.58%)
ZtoMM trigger inconsistency
Processed   220000/ 1011852 entries, 21.74% (elapsed time  4584.9s, curr speed    0.051 kHz, avg speed    0.048 kHz), accepted     1268/  220001 events ( 0.58%)
ZtoMM trigger inconsistency
Processed   230000/ 1011852 entries, 22.73% (elapsed time  4772.1s, curr speed    0.053 kHz, avg speed    0.048 kHz), accepted     1327/  230001 events ( 0.58%)
TtoEM trigger inconsistency
ZtoEE trigger inconsistency
Processed   240000/ 1011852 entries, 23.72% (elapsed time  4962.5s, curr speed    0.053 kHz, avg speed    0.048 kHz), accepted     1384/  240001 events ( 0.58%)
ZtoMM trigger inconsistency
Processed   250000/ 1011852 entries, 24.71% (elapsed time  5160.1s, curr speed    0.051 kHz, avg speed    0.048 kHz), accepted     1453/  250001 events ( 0.58%)
Processed   260000/ 1011852 entries, 25.70% (elapsed time  5352.5s, curr speed    0.052 kHz, avg speed    0.049 kHz), accepted     1524/  260001 events ( 0.59%)
ZtoMM trigger inconsistency
ZtoMM trigger inconsistency
ZtoMM trigger inconsistency
Processed   270000/ 1011852 entries, 26.68% (elapsed time  5543.8s, curr speed    0.052 kHz, avg speed    0.049 kHz), accepted     1570/  270001 events ( 0.58%)
Processed   280000/ 1011852 entries, 27.67% (elapsed time  5733.8s, curr speed    0.053 kHz, avg speed    0.049 kHz), accepted     1627/  280001 events ( 0.58%)
Processed   290000/ 1011852 entries, 28.66% (elapsed time  5922.1s, curr speed    0.053 kHz, avg speed    0.049 kHz), accepted     1699/  290001 events ( 0.59%)
ZtoEE trigger inconsistency
ZtoMM trigger inconsistency
ZtoMM trigger inconsistency
Processed   300000/ 1011852 entries, 29.65% (elapsed time  6123.1s, curr speed    0.050 kHz, avg speed    0.049 kHz), accepted     1762/  300001 events ( 0.59%)
ZtoMM trigger inconsistency
Processed   310000/ 1011852 entries, 30.64% (elapsed time  6319.6s, curr speed    0.051 kHz, avg speed    0.049 kHz), accepted     1839/  310001 events ( 0.59%)
ZtoMM trigger inconsistency
ZtoMM trigger inconsistency
Processed   320000/ 1011852 entries, 31.63% (elapsed time  6514.1s, curr speed    0.051 kHz, avg speed    0.049 kHz), accepted     1911/  320001 events ( 0.60%)
ZtoMM trigger inconsistency
Processed   330000/ 1011852 entries, 32.61% (elapsed time  6706.0s, curr speed    0.052 kHz, avg speed    0.049 kHz), accepted     1966/  330001 events ( 0.60%)
ZtoMM trigger inconsistency
ZtoMM trigger inconsistency
Processed   340000/ 1011852 entries, 33.60% (elapsed time  6899.1s, curr speed    0.052 kHz, avg speed    0.049 kHz), accepted     2029/  340001 events ( 0.60%)
Processed   350000/ 1011852 entries, 34.59% (elapsed time  7104.7s, curr speed    0.049 kHz, avg speed    0.049 kHz), accepted     2079/  350001 events ( 0.59%)
Processed   360000/ 1011852 entries, 35.58% (elapsed time  7303.0s, curr speed    0.050 kHz, avg speed    0.049 kHz), accepted     2142/  360001 events ( 0.59%)
TtoEM trigger inconsistency
ZtoMM trigger inconsistency
Processed   370000/ 1011852 entries, 36.57% (elapsed time  7503.5s, curr speed    0.050 kHz, avg speed    0.049 kHz), accepted     2190/  370001 events ( 0.59%)
ZtoMM trigger inconsistency
Processed   380000/ 1011852 entries, 37.55% (elapsed time  7702.6s, curr speed    0.050 kHz, avg speed    0.049 kHz), accepted     2236/  380001 events ( 0.59%)
TtoEM trigger inconsistency
ZtoMM trigger inconsistency
Processed   390000/ 1011852 entries, 38.54% (elapsed time  7901.3s, curr speed    0.050 kHz, avg speed    0.049 kHz), accepted     2304/  390001 events ( 0.59%)
TtoEM trigger inconsistency
Processed   400000/ 1011852 entries, 39.53% (elapsed time  8110.0s, curr speed    0.048 kHz, avg speed    0.049 kHz), accepted     2354/  400001 events ( 0.59%)
TtoEM trigger inconsistency
ZtoMM trigger inconsistency
TtoEM trigger inconsistency
ZtoMM trigger inconsistency
Processed   410000/ 1011852 entries, 40.52% (elapsed time  8319.4s, curr speed    0.048 kHz, avg speed    0.049 kHz), accepted     2407/  410001 events ( 0.59%)
ZtoEE trigger inconsistency
Processed   420000/ 1011852 entries, 41.51% (elapsed time  8528.3s, curr speed    0.048 kHz, avg speed    0.049 kHz), accepted     2469/  420001 events ( 0.59%)
ZtoMM trigger inconsistency
ZtoMM trigger inconsistency
Processed   430000/ 1011852 entries, 42.50% (elapsed time  8734.6s, curr speed    0.048 kHz, avg speed    0.049 kHz), accepted     2528/  430001 events ( 0.59%)
ZtoMM trigger inconsistency
Processed   440000/ 1011852 entries, 43.48% (elapsed time  8937.7s, curr speed    0.049 kHz, avg speed    0.049 kHz), accepted     2595/  440001 events ( 0.59%)
TtoEM trigger inconsistency
TtoEM trigger inconsistency
Processed   450000/ 1011852 entries, 44.47% (elapsed time  9152.0s, curr speed    0.047 kHz, avg speed    0.049 kHz), accepted     2636/  450001 events ( 0.59%)
ZtoMM trigger inconsistency
ZtoMM trigger inconsistency
Processed   460000/ 1011852 entries, 45.46% (elapsed time  9362.7s, curr speed    0.047 kHz, avg speed    0.049 kHz), accepted     2694/  460001 events ( 0.59%)
ZtoMM trigger inconsistency
ZtoMM trigger inconsistency
ZtoMM trigger inconsistency
ZtoMM trigger inconsistency
Processed   470000/ 1011852 entries, 46.45% (elapsed time  9579.1s, curr speed    0.046 kHz, avg speed    0.049 kHz), accepted     2753/  470001 events ( 0.59%)
Processed   480000/ 1011852 entries, 47.44% (elapsed time  9784.9s, curr speed    0.049 kHz, avg speed    0.049 kHz), accepted     2810/  480001 events ( 0.59%)
ZtoMM trigger inconsistency
ZtoMM trigger inconsistency
TtoEM trigger inconsistency
Processed   490000/ 1011852 entries, 48.43% (elapsed time  9986.9s, curr speed    0.050 kHz, avg speed    0.049 kHz), accepted     2878/  490001 events ( 0.59%)
ZtoMM trigger inconsistency
Processed   500000/ 1011852 entries, 49.41% (elapsed time 10192.0s, curr speed    0.049 kHz, avg speed    0.049 kHz), accepted     2938/  500001 events ( 0.59%)
ZtoMM trigger inconsistency
ZtoMM trigger inconsistency
Processed   510000/ 1011852 entries, 50.40% (elapsed time 10395.7s, curr speed    0.049 kHz, avg speed    0.049 kHz), accepted     2984/  510001 events ( 0.59%)
Processed   520000/ 1011852 entries, 51.39% (elapsed time 10591.6s, curr speed    0.051 kHz, avg speed    0.049 kHz), accepted     3033/  520001 events ( 0.58%)
ZtoMM trigger inconsistency
TtoEM trigger inconsistency
Processed   530000/ 1011852 entries, 52.38% (elapsed time 10789.4s, curr speed    0.051 kHz, avg speed    0.049 kHz), accepted     3089/  530001 events ( 0.58%)
ZtoMM trigger inconsistency
Processed   540000/ 1011852 entries, 53.37% (elapsed time 10986.8s, curr speed    0.051 kHz, avg speed    0.049 kHz), accepted     3153/  540001 events ( 0.58%)
ZtoMM trigger inconsistency
Processed   550000/ 1011852 entries, 54.36% (elapsed time 11186.1s, curr speed    0.050 kHz, avg speed    0.049 kHz), accepted     3213/  550001 events ( 0.58%)
ZtoMM trigger inconsistency
Processed   560000/ 1011852 entries, 55.34% (elapsed time 11386.2s, curr speed    0.050 kHz, avg speed    0.049 kHz), accepted     3262/  560001 events ( 0.58%)
ZtoMM trigger inconsistency
Processed   570000/ 1011852 entries, 56.33% (elapsed time 11577.1s, curr speed    0.052 kHz, avg speed    0.049 kHz), accepted     3330/  570001 events ( 0.58%)
ZtoMM trigger inconsistency
Processed   580000/ 1011852 entries, 57.32% (elapsed time 11767.8s, curr speed    0.052 kHz, avg speed    0.049 kHz), accepted     3391/  580001 events ( 0.58%)
TtoEM trigger inconsistency
Processed   590000/ 1011852 entries, 58.31% (elapsed time 11959.1s, curr speed    0.052 kHz, avg speed    0.049 kHz), accepted     3455/  590001 events ( 0.59%)
ZtoEE trigger inconsistency
ZtoMM trigger inconsistency
Processed   600000/ 1011852 entries, 59.30% (elapsed time 12159.3s, curr speed    0.050 kHz, avg speed    0.049 kHz), accepted     3537/  600001 events ( 0.59%)
ZtoMM trigger inconsistency
ZtoMM trigger inconsistency
ZtoMM trigger inconsistency
Processed   610000/ 1011852 entries, 60.29% (elapsed time 12352.0s, curr speed    0.052 kHz, avg speed    0.049 kHz), accepted     3605/  610001 events ( 0.59%)
ZtoMM trigger inconsistency
Processed   620000/ 1011852 entries, 61.27% (elapsed time 12541.0s, curr speed    0.053 kHz, avg speed    0.049 kHz), accepted     3666/  620001 events ( 0.59%)
ZtoMM trigger inconsistency
Processed   630000/ 1011852 entries, 62.26% (elapsed time 12731.1s, curr speed    0.053 kHz, avg speed    0.049 kHz), accepted     3710/  630001 events ( 0.59%)
ZtoMM trigger inconsistency
Processed   640000/ 1011852 entries, 63.25% (elapsed time 12930.8s, curr speed    0.050 kHz, avg speed    0.049 kHz), accepted     3759/  640001 events ( 0.59%)
Processed   650000/ 1011852 entries, 64.24% (elapsed time 13123.5s, curr speed    0.052 kHz, avg speed    0.050 kHz), accepted     3805/  650001 events ( 0.59%)
ZtoMM trigger inconsistency
ZtoMM trigger inconsistency
ZtoMM trigger inconsistency
ZtoMM trigger inconsistency
Processed   660000/ 1011852 entries, 65.23% (elapsed time 13314.1s, curr speed    0.052 kHz, avg speed    0.050 kHz), accepted     3871/  660001 events ( 0.59%)
ZtoMM trigger inconsistency
Processed   670000/ 1011852 entries, 66.22% (elapsed time 13503.8s, curr speed    0.053 kHz, avg speed    0.050 kHz), accepted     3924/  670001 events ( 0.59%)
ZtoEE trigger inconsistency
Processed   680000/ 1011852 entries, 67.20% (elapsed time 13695.1s, curr speed    0.052 kHz, avg speed    0.050 kHz), accepted     3994/  680001 events ( 0.59%)
ZtoMM trigger inconsistency
ZtoMM trigger inconsistency
Processed   690000/ 1011852 entries, 68.19% (elapsed time 13891.0s, curr speed    0.051 kHz, avg speed    0.050 kHz), accepted     4056/  690001 events ( 0.59%)
ZtoMM trigger inconsistency
Processed   700000/ 1011852 entries, 69.18% (elapsed time 14085.0s, curr speed    0.052 kHz, avg speed    0.050 kHz), accepted     4128/  700001 events ( 0.59%)
ZtoMM trigger inconsistency
Processed   710000/ 1011852 entries, 70.17% (elapsed time 14280.4s, curr speed    0.051 kHz, avg speed    0.050 kHz), accepted     4180/  710001 events ( 0.59%)
ZtoMM trigger inconsistency
ZtoEE trigger inconsistency
ZtoMM trigger inconsistency
Processed   720000/ 1011852 entries, 71.16% (elapsed time 14475.1s, curr speed    0.051 kHz, avg speed    0.050 kHz), accepted     4242/  720001 events ( 0.59%)
Processed   730000/ 1011852 entries, 72.14% (elapsed time 14670.1s, curr speed    0.051 kHz, avg speed    0.050 kHz), accepted     4303/  730001 events ( 0.59%)
TtoEM trigger inconsistency
Processed   740000/ 1011852 entries, 73.13% (elapsed time 14868.9s, curr speed    0.050 kHz, avg speed    0.050 kHz), accepted     4357/  740001 events ( 0.59%)
ZtoMM trigger inconsistency
Processed   750000/ 1011852 entries, 74.12% (elapsed time 15070.9s, curr speed    0.049 kHz, avg speed    0.050 kHz), accepted     4425/  750001 events ( 0.59%)
ZtoMM trigger inconsistency
TtoEM trigger inconsistency
TtoEM trigger inconsistency
ZtoMM trigger inconsistency
ZtoMM trigger inconsistency
Processed   760000/ 1011852 entries, 75.11% (elapsed time 15267.4s, curr speed    0.051 kHz, avg speed    0.050 kHz), accepted     4477/  760001 events ( 0.59%)
ZtoMM trigger inconsistency
Processed   770000/ 1011852 entries, 76.10% (elapsed time 15463.3s, curr speed    0.051 kHz, avg speed    0.050 kHz), accepted     4530/  770001 events ( 0.59%)
TtoEM trigger inconsistency
ZtoEE trigger inconsistency
Processed   780000/ 1011852 entries, 77.09% (elapsed time 15661.2s, curr speed    0.051 kHz, avg speed    0.050 kHz), accepted     4594/  780001 events ( 0.59%)
TtoEM trigger inconsistency
ZtoMM trigger inconsistency
ZtoMM trigger inconsistency
ZtoMM trigger inconsistency
Processed   790000/ 1011852 entries, 78.07% (elapsed time 15865.2s, curr speed    0.049 kHz, avg speed    0.050 kHz), accepted     4653/  790001 events ( 0.59%)
Processed   800000/ 1011852 entries, 79.06% (elapsed time 16071.7s, curr speed    0.048 kHz, avg speed    0.050 kHz), accepted     4701/  800001 events ( 0.59%)
ZtoMM trigger inconsistency
TtoEM trigger inconsistency
ZtoMM trigger inconsistency
Processed   810000/ 1011852 entries, 80.05% (elapsed time 16272.6s, curr speed    0.050 kHz, avg speed    0.050 kHz), accepted     4769/  810001 events ( 0.59%)
ZtoEE trigger inconsistency
Processed   820000/ 1011852 entries, 81.04% (elapsed time 16472.2s, curr speed    0.050 kHz, avg speed    0.050 kHz), accepted     4829/  820001 events ( 0.59%)
Bad event
Processed   830000/ 1011852 entries, 82.03% (elapsed time 16671.9s, curr speed    0.050 kHz, avg speed    0.050 kHz), accepted     4884/  830001 events ( 0.59%)
ZtoMM trigger inconsistency
Processed   840000/ 1011852 entries, 83.02% (elapsed time 16874.2s, curr speed    0.049 kHz, avg speed    0.050 kHz), accepted     4956/  840001 events ( 0.59%)
ZtoMM trigger inconsistency
TtoEM trigger inconsistency
Processed   850000/ 1011852 entries, 84.00% (elapsed time 17077.2s, curr speed    0.049 kHz, avg speed    0.050 kHz), accepted     5003/  850001 events ( 0.59%)
ZtoMM trigger inconsistency
ZtoMM trigger inconsistency
Processed   860000/ 1011852 entries, 84.99% (elapsed time 17277.5s, curr speed    0.050 kHz, avg speed    0.050 kHz), accepted     5059/  860001 events ( 0.59%)
ZtoMM trigger inconsistency
ZtoMM trigger inconsistency
Processed   870000/ 1011852 entries, 85.98% (elapsed time 17479.3s, curr speed    0.050 kHz, avg speed    0.050 kHz), accepted     5123/  870001 events ( 0.59%)
ZtoEE trigger inconsistency
ZtoMM trigger inconsistency
Processed   880000/ 1011852 entries, 86.97% (elapsed time 17675.0s, curr speed    0.051 kHz, avg speed    0.050 kHz), accepted     5181/  880001 events ( 0.59%)
Processed   890000/ 1011852 entries, 87.96% (elapsed time 17874.2s, curr speed    0.050 kHz, avg speed    0.050 kHz), accepted     5229/  890001 events ( 0.59%)
ZtoMM trigger inconsistency
ZtoMM trigger inconsistency
Processed   900000/ 1011852 entries, 88.95% (elapsed time 18075.6s, curr speed    0.050 kHz, avg speed    0.050 kHz), accepted     5294/  900001 events ( 0.59%)
ZtoMM trigger inconsistency
Processed   910000/ 1011852 entries, 89.93% (elapsed time 18279.0s, curr speed    0.049 kHz, avg speed    0.050 kHz), accepted     5349/  910001 events ( 0.59%)
%MSG-e SimpleJetCorrectionUncertainty: 
 bin variables out of range
%MSG
%MSG-e SimpleJetCorrectionUncertainty: 
 bin variables out of range
%MSG
Processed   920000/ 1011852 entries, 90.92% (elapsed time 18480.0s, curr speed    0.050 kHz, avg speed    0.050 kHz), accepted     5413/  920001 events ( 0.59%)
ZtoEE trigger inconsistency
Processed   930000/ 1011852 entries, 91.91% (elapsed time 18682.3s, curr speed    0.049 kHz, avg speed    0.050 kHz), accepted     5469/  930001 events ( 0.59%)
TtoEM trigger inconsistency
Processed   940000/ 1011852 entries, 92.90% (elapsed time 18884.1s, curr speed    0.050 kHz, avg speed    0.050 kHz), accepted     5529/  940001 events ( 0.59%)
ZtoMM trigger inconsistency
Processed   950000/ 1011852 entries, 93.89% (elapsed time 19080.9s, curr speed    0.051 kHz, avg speed    0.050 kHz), accepted     5585/  950001 events ( 0.59%)
Processed   960000/ 1011852 entries, 94.88% (elapsed time 19283.2s, curr speed    0.049 kHz, avg speed    0.050 kHz), accepted     5637/  960001 events ( 0.59%)
Processed   970000/ 1011852 entries, 95.86% (elapsed time 19486.2s, curr speed    0.049 kHz, avg speed    0.050 kHz), accepted     5692/  970001 events ( 0.59%)
ZtoMM trigger inconsistency
ZtoMM trigger inconsistency
TtoEM trigger inconsistency
Processed   980000/ 1011852 entries, 96.85% (elapsed time 19686.5s, curr speed    0.050 kHz, avg speed    0.050 kHz), accepted     5751/  980001 events ( 0.59%)
Processed   990000/ 1011852 entries, 97.84% (elapsed time 19880.6s, curr speed    0.052 kHz, avg speed    0.050 kHz), accepted     5802/  990001 events ( 0.59%)
Processed  1000000/ 1011852 entries, 98.83% (elapsed time 20079.6s, curr speed    0.050 kHz, avg speed    0.050 kHz), accepted     5858/ 1000001 events ( 0.59%)
ZtoMM trigger inconsistency
Processed  1010000/ 1011852 entries, 99.82% (elapsed time 20277.0s, curr speed    0.051 kHz, avg speed    0.050 kHz), accepted     5913/ 1010001 events ( 0.59%)
Processed 1011852 preselected entries from root://cms-xrd-global.cern.ch//store/mc/RunIIAutumn18NanoAODv6/ZZTo2L2Q_13TeV_amcatnloFXFX_madspin_pythia8/NANOAODSIM/Nano25Oct2019_102X_upgrade2018_realistic_v20-v1/40000/A78D6478-5405-B045-AB5F-2F9E5AD4BFBB.root (1011852 entries). Finally selected 5925 entries
Done /work/pbaertsc/heavy_resonance/output_2018/ZZTo2L2Q_13TeV_amcatnloFXFX_madspin_pythia8__RunIIAutumn18NanoAODv6-Nano25Oct2019_102X_upgrade2018_realistic_v20-v1__NANOAODSIM/A78D6478-5405-B045-AB5F-2F9E5AD4BFBB.root
49.7417426216 Hz
deleting root file with name: /work/pbaertsc/heavy_resonance/output_2018/ZZTo2L2Q_13TeV_amcatnloFXFX_madspin_pythia8__RunIIAutumn18NanoAODv6-Nano25Oct2019_102X_upgrade2018_realistic_v20-v1__NANOAODSIM/A78D6478-5405-B045-AB5F-2F9E5AD4BFBB.root
DONE
Complete at
Sat Feb  1 21:37:15 CET 2020
