job start at
Thu Jan 30 19:14:01 CET 2020
SLURM_JOB_ID: 437438
HOSTNAME: t3wn35
JOBLIST:joblist/joblist_ZZTo2Q2Nu_TuneCP5_13TeV_amcatnloFXFX_madspin_pythia8__RunIIAutumn18NanoAODv6-Nano25Oct2019_102X_upgrade2018_realistic_v20-v1__NANOAODSIM_ll.txt
Going to execute
python job.py -i root://cms-xrd-global.cern.ch//store/mc/RunIIAutumn18NanoAODv6/ZZTo2Q2Nu_TuneCP5_13TeV_amcatnloFXFX_madspin_pythia8/NANOAODSIM/Nano25Oct2019_102X_upgrade2018_realistic_v20-v1/250000/EED71B50-BC82-654A-B0C8-F7A1B47EE934.root -o /work/pbaertsc/heavy_resonance/output_2018/ZZTo2Q2Nu_TuneCP5_13TeV_amcatnloFXFX_madspin_pythia8__RunIIAutumn18NanoAODv6-Nano25Oct2019_102X_upgrade2018_realistic_v20-v1__NANOAODSIM -N ZZTo2Q2Nu_TuneCP5_13TeV_amcatnloFXFX_madspin_pythia8__RunIIAutumn18NanoAODv6-Nano25Oct2019_102X_upgrade2018_realistic_v20-v1__NANOAODSIM -n 35 -c ll -y 2018
TClass::Init:0: RuntimeWarning: no dictionary for class ROOT::TIOFeatures is available
/work/pbaertsc/heavy_resonance/CMSSW_9_4_6/python/PhysicsTools/NanoAODTools/postprocessing/framework/treeReaderArrayTools.py:69: RuntimeWarning: creating executor for unknown type "ULong64_t*"
  ret = _vr.Get()[0]
JEC= Autumn18_V19_MC 	 JER= Autumn18_V7_MC
MET branch= PuppiMET
JEC= Autumn18_V19_MC 	 JER= Autumn18_V7_MC
MET branch= PuppiMET
--------------------------------------------------------------------------------
input files  = ['root://cms-xrd-global.cern.ch//store/mc/RunIIAutumn18NanoAODv6/ZZTo2Q2Nu_TuneCP5_13TeV_amcatnloFXFX_madspin_pythia8/NANOAODSIM/Nano25Oct2019_102X_upgrade2018_realistic_v20-v1/250000/EED71B50-BC82-654A-B0C8-F7A1B47EE934.root']
output directory = /work/pbaertsc/heavy_resonance/output_2018/ZZTo2Q2Nu_TuneCP5_13TeV_amcatnloFXFX_madspin_pythia8__RunIIAutumn18NanoAODv6-Nano25Oct2019_102X_upgrade2018_realistic_v20-v1__NANOAODSIM
output file  = ZZTo2Q2Nu_TuneCP5_13TeV_amcatnloFXFX_madspin_pythia8__RunIIAutumn18NanoAODv6-Nano25Oct2019_102X_upgrade2018_realistic_v20-v1__NANOAODSIM_35_ll.root
chunck       = 35
channel      = ll
dataType     = mc
year         = 2018
tes          = 1.0
ltf          = 1.0
jtf          = 1.0
--------------------------------------------------------------------------------
job.py: creating PostProcessor...
TreeProducer is called /work/pbaertsc/heavy_resonance/output_2018/ZZTo2Q2Nu_TuneCP5_13TeV_amcatnloFXFX_madspin_pythia8__RunIIAutumn18NanoAODv6-Nano25Oct2019_102X_upgrade2018_realistic_v20-v1__NANOAODSIM/ZZTo2Q2Nu_TuneCP5_13TeV_amcatnloFXFX_madspin_pythia8__RunIIAutumn18NanoAODv6-Nano25Oct2019_102X_upgrade2018_realistic_v20-v1__NANOAODSIM_35_ll.root
job.py: going to run PostProcessor...
Will write selected trees to /work/pbaertsc/heavy_resonance/output_2018/ZZTo2Q2Nu_TuneCP5_13TeV_amcatnloFXFX_madspin_pythia8__RunIIAutumn18NanoAODv6-Nano25Oct2019_102X_upgrade2018_realistic_v20-v1__NANOAODSIM
Loading jet energy scale (JES) uncertainties from file '/tmp/tmpFirDtn/Autumn18_V19_MC_Uncertainty_AK4PFchs.txt'
Loading jet energy resolutions (JER) from file '/tmp/tmpBHZCKL/Autumn18_V7_MC_PtResolution_AK4PFchs.txt'
Loading JER scale factors and uncertainties from file '/tmp/tmpBHZCKL/Autumn18_V7_MC_SF_AK4PFchs.txt'
Loading jet energy scale (JES) uncertainties from file '/tmp/tmpQcOCYn/Autumn18_V19_MC_Uncertainty_AK8PFPuppi.txt'
Loading jet energy resolutions (JER) from file '/tmp/tmphCvHxn/Autumn18_V7_MC_PtResolution_AK8PFPuppi.txt'
Loading JER scale factors and uncertainties from file '/tmp/tmphCvHxn/Autumn18_V7_MC_SF_AK8PFPuppi.txt'
Pre-select 1424704 entries out of 1424704 (100.00%)
nanoAODv5? True
Processed    10000/ 1424704 entries,  0.70% (elapsed time   116.5s, curr speed    0.086 kHz, avg speed    0.086 kHz), accepted      123/   10001 events ( 1.23%)
Processed    20000/ 1424704 entries,  1.40% (elapsed time   228.0s, curr speed    0.090 kHz, avg speed    0.088 kHz), accepted      245/   20001 events ( 1.22%)
Processed    30000/ 1424704 entries,  2.11% (elapsed time   338.1s, curr speed    0.091 kHz, avg speed    0.089 kHz), accepted      380/   30001 events ( 1.27%)
Processed    40000/ 1424704 entries,  2.81% (elapsed time   447.5s, curr speed    0.091 kHz, avg speed    0.089 kHz), accepted      533/   40001 events ( 1.33%)
Processed    50000/ 1424704 entries,  3.51% (elapsed time   557.8s, curr speed    0.091 kHz, avg speed    0.090 kHz), accepted      674/   50001 events ( 1.35%)
Processed    60000/ 1424704 entries,  4.21% (elapsed time   666.6s, curr speed    0.092 kHz, avg speed    0.090 kHz), accepted      804/   60001 events ( 1.34%)
Processed    70000/ 1424704 entries,  4.91% (elapsed time   776.1s, curr speed    0.091 kHz, avg speed    0.090 kHz), accepted      937/   70001 events ( 1.34%)
Processed    80000/ 1424704 entries,  5.62% (elapsed time   882.5s, curr speed    0.094 kHz, avg speed    0.091 kHz), accepted     1088/   80001 events ( 1.36%)
Bad event
Processed    90000/ 1424704 entries,  6.32% (elapsed time   989.3s, curr speed    0.094 kHz, avg speed    0.091 kHz), accepted     1221/   90001 events ( 1.36%)
Processed   100000/ 1424704 entries,  7.02% (elapsed time  1096.4s, curr speed    0.093 kHz, avg speed    0.091 kHz), accepted     1348/  100001 events ( 1.35%)
Processed   110000/ 1424704 entries,  7.72% (elapsed time  1203.0s, curr speed    0.094 kHz, avg speed    0.091 kHz), accepted     1483/  110001 events ( 1.35%)
Processed   120000/ 1424704 entries,  8.42% (elapsed time  1310.1s, curr speed    0.093 kHz, avg speed    0.092 kHz), accepted     1609/  120001 events ( 1.34%)
Processed   130000/ 1424704 entries,  9.12% (elapsed time  1415.5s, curr speed    0.095 kHz, avg speed    0.092 kHz), accepted     1718/  130001 events ( 1.32%)
Processed   140000/ 1424704 entries,  9.83% (elapsed time  1522.2s, curr speed    0.094 kHz, avg speed    0.092 kHz), accepted     1879/  140001 events ( 1.34%)
TtoEM trigger inconsistency
Processed   150000/ 1424704 entries, 10.53% (elapsed time  1628.6s, curr speed    0.094 kHz, avg speed    0.092 kHz), accepted     2018/  150001 events ( 1.35%)
Processed   160000/ 1424704 entries, 11.23% (elapsed time  1733.8s, curr speed    0.095 kHz, avg speed    0.092 kHz), accepted     2168/  160001 events ( 1.35%)
Processed   170000/ 1424704 entries, 11.93% (elapsed time  1840.0s, curr speed    0.094 kHz, avg speed    0.092 kHz), accepted     2308/  170001 events ( 1.36%)
Processed   180000/ 1424704 entries, 12.63% (elapsed time  1944.8s, curr speed    0.095 kHz, avg speed    0.093 kHz), accepted     2433/  180001 events ( 1.35%)
Bad event
Processed   190000/ 1424704 entries, 13.34% (elapsed time  2050.4s, curr speed    0.095 kHz, avg speed    0.093 kHz), accepted     2558/  190001 events ( 1.35%)
Processed   200000/ 1424704 entries, 14.04% (elapsed time  2156.0s, curr speed    0.095 kHz, avg speed    0.093 kHz), accepted     2694/  200001 events ( 1.35%)
Processed   210000/ 1424704 entries, 14.74% (elapsed time  2261.1s, curr speed    0.095 kHz, avg speed    0.093 kHz), accepted     2843/  210001 events ( 1.35%)
Processed   220000/ 1424704 entries, 15.44% (elapsed time  2368.6s, curr speed    0.093 kHz, avg speed    0.093 kHz), accepted     2967/  220001 events ( 1.35%)
Processed   230000/ 1424704 entries, 16.14% (elapsed time  2473.9s, curr speed    0.095 kHz, avg speed    0.093 kHz), accepted     3088/  230001 events ( 1.34%)
Processed   240000/ 1424704 entries, 16.85% (elapsed time  2579.2s, curr speed    0.095 kHz, avg speed    0.093 kHz), accepted     3217/  240001 events ( 1.34%)
Processed   250000/ 1424704 entries, 17.55% (elapsed time  2685.1s, curr speed    0.094 kHz, avg speed    0.093 kHz), accepted     3332/  250001 events ( 1.33%)
Processed   260000/ 1424704 entries, 18.25% (elapsed time  2788.8s, curr speed    0.096 kHz, avg speed    0.093 kHz), accepted     3466/  260001 events ( 1.33%)
Processed   270000/ 1424704 entries, 18.95% (elapsed time  2894.5s, curr speed    0.095 kHz, avg speed    0.093 kHz), accepted     3612/  270001 events ( 1.34%)
Bad event
Processed   280000/ 1424704 entries, 19.65% (elapsed time  3001.1s, curr speed    0.094 kHz, avg speed    0.093 kHz), accepted     3770/  280001 events ( 1.35%)
Processed   290000/ 1424704 entries, 20.36% (elapsed time  3105.8s, curr speed    0.096 kHz, avg speed    0.093 kHz), accepted     3910/  290001 events ( 1.35%)
Processed   300000/ 1424704 entries, 21.06% (elapsed time  3211.4s, curr speed    0.095 kHz, avg speed    0.093 kHz), accepted     4033/  300001 events ( 1.34%)
Processed   310000/ 1424704 entries, 21.76% (elapsed time  3315.2s, curr speed    0.096 kHz, avg speed    0.094 kHz), accepted     4171/  310001 events ( 1.35%)
Processed   320000/ 1424704 entries, 22.46% (elapsed time  3421.4s, curr speed    0.094 kHz, avg speed    0.094 kHz), accepted     4311/  320001 events ( 1.35%)
Bad event
Processed   330000/ 1424704 entries, 23.16% (elapsed time  3527.5s, curr speed    0.094 kHz, avg speed    0.094 kHz), accepted     4458/  330001 events ( 1.35%)
Processed   340000/ 1424704 entries, 23.86% (elapsed time  3632.1s, curr speed    0.096 kHz, avg speed    0.094 kHz), accepted     4581/  340001 events ( 1.35%)
Processed   350000/ 1424704 entries, 24.57% (elapsed time  3738.0s, curr speed    0.094 kHz, avg speed    0.094 kHz), accepted     4731/  350001 events ( 1.35%)
Processed   360000/ 1424704 entries, 25.27% (elapsed time  3842.3s, curr speed    0.096 kHz, avg speed    0.094 kHz), accepted     4868/  360001 events ( 1.35%)
Processed   370000/ 1424704 entries, 25.97% (elapsed time  3947.8s, curr speed    0.095 kHz, avg speed    0.094 kHz), accepted     5020/  370001 events ( 1.36%)
Processed   380000/ 1424704 entries, 26.67% (elapsed time  4053.4s, curr speed    0.095 kHz, avg speed    0.094 kHz), accepted     5156/  380001 events ( 1.36%)
WARNING: jet m = -0.0 !!
Processed   390000/ 1424704 entries, 27.37% (elapsed time  4158.3s, curr speed    0.095 kHz, avg speed    0.094 kHz), accepted     5289/  390001 events ( 1.36%)
Processed   400000/ 1424704 entries, 28.08% (elapsed time  4264.4s, curr speed    0.094 kHz, avg speed    0.094 kHz), accepted     5433/  400001 events ( 1.36%)
Processed   410000/ 1424704 entries, 28.78% (elapsed time  4369.9s, curr speed    0.095 kHz, avg speed    0.094 kHz), accepted     5567/  410001 events ( 1.36%)
Bad event
Processed   420000/ 1424704 entries, 29.48% (elapsed time  4475.0s, curr speed    0.095 kHz, avg speed    0.094 kHz), accepted     5709/  420001 events ( 1.36%)
Bad event
Processed   430000/ 1424704 entries, 30.18% (elapsed time  4580.5s, curr speed    0.095 kHz, avg speed    0.094 kHz), accepted     5837/  430001 events ( 1.36%)
Processed   440000/ 1424704 entries, 30.88% (elapsed time  4685.4s, curr speed    0.095 kHz, avg speed    0.094 kHz), accepted     5985/  440001 events ( 1.36%)
Processed   450000/ 1424704 entries, 31.59% (elapsed time  4790.9s, curr speed    0.095 kHz, avg speed    0.094 kHz), accepted     6119/  450001 events ( 1.36%)
Processed   460000/ 1424704 entries, 32.29% (elapsed time  4894.9s, curr speed    0.096 kHz, avg speed    0.094 kHz), accepted     6241/  460001 events ( 1.36%)
Processed   470000/ 1424704 entries, 32.99% (elapsed time  5000.3s, curr speed    0.095 kHz, avg speed    0.094 kHz), accepted     6386/  470001 events ( 1.36%)
Processed   480000/ 1424704 entries, 33.69% (elapsed time  5105.0s, curr speed    0.096 kHz, avg speed    0.094 kHz), accepted     6529/  480001 events ( 1.36%)
Processed   490000/ 1424704 entries, 34.39% (elapsed time  5209.0s, curr speed    0.096 kHz, avg speed    0.094 kHz), accepted     6652/  490001 events ( 1.36%)
Processed   500000/ 1424704 entries, 35.10% (elapsed time  5314.4s, curr speed    0.095 kHz, avg speed    0.094 kHz), accepted     6799/  500001 events ( 1.36%)
Bad event
Processed   510000/ 1424704 entries, 35.80% (elapsed time  5421.3s, curr speed    0.094 kHz, avg speed    0.094 kHz), accepted     6925/  510001 events ( 1.36%)
Processed   520000/ 1424704 entries, 36.50% (elapsed time  5524.8s, curr speed    0.097 kHz, avg speed    0.094 kHz), accepted     7050/  520001 events ( 1.36%)
Processed   530000/ 1424704 entries, 37.20% (elapsed time  5629.7s, curr speed    0.095 kHz, avg speed    0.094 kHz), accepted     7176/  530001 events ( 1.35%)
Bad event
Processed   540000/ 1424704 entries, 37.90% (elapsed time  5735.3s, curr speed    0.095 kHz, avg speed    0.094 kHz), accepted     7304/  540001 events ( 1.35%)
Processed   550000/ 1424704 entries, 38.60% (elapsed time  5840.4s, curr speed    0.095 kHz, avg speed    0.094 kHz), accepted     7446/  550001 events ( 1.35%)
Bad event
Processed   560000/ 1424704 entries, 39.31% (elapsed time  5944.8s, curr speed    0.096 kHz, avg speed    0.094 kHz), accepted     7582/  560001 events ( 1.35%)
Processed   570000/ 1424704 entries, 40.01% (elapsed time  6049.1s, curr speed    0.096 kHz, avg speed    0.094 kHz), accepted     7716/  570001 events ( 1.35%)
Bad event
Processed   580000/ 1424704 entries, 40.71% (elapsed time  6154.9s, curr speed    0.095 kHz, avg speed    0.094 kHz), accepted     7849/  580001 events ( 1.35%)
Processed   590000/ 1424704 entries, 41.41% (elapsed time  6259.4s, curr speed    0.096 kHz, avg speed    0.094 kHz), accepted     7978/  590001 events ( 1.35%)
Processed   600000/ 1424704 entries, 42.11% (elapsed time  6364.4s, curr speed    0.095 kHz, avg speed    0.094 kHz), accepted     8106/  600001 events ( 1.35%)
Processed   610000/ 1424704 entries, 42.82% (elapsed time  6469.5s, curr speed    0.095 kHz, avg speed    0.094 kHz), accepted     8245/  610001 events ( 1.35%)
Processed   620000/ 1424704 entries, 43.52% (elapsed time  6574.1s, curr speed    0.096 kHz, avg speed    0.094 kHz), accepted     8385/  620001 events ( 1.35%)
Processed   630000/ 1424704 entries, 44.22% (elapsed time  6678.8s, curr speed    0.096 kHz, avg speed    0.094 kHz), accepted     8512/  630001 events ( 1.35%)
Processed   640000/ 1424704 entries, 44.92% (elapsed time  6782.6s, curr speed    0.096 kHz, avg speed    0.094 kHz), accepted     8642/  640001 events ( 1.35%)
Processed   650000/ 1424704 entries, 45.62% (elapsed time  6887.3s, curr speed    0.095 kHz, avg speed    0.094 kHz), accepted     8766/  650001 events ( 1.35%)
Processed   660000/ 1424704 entries, 46.33% (elapsed time  6991.8s, curr speed    0.096 kHz, avg speed    0.094 kHz), accepted     8912/  660001 events ( 1.35%)
Processed   670000/ 1424704 entries, 47.03% (elapsed time  7096.2s, curr speed    0.096 kHz, avg speed    0.094 kHz), accepted     9052/  670001 events ( 1.35%)
Processed   680000/ 1424704 entries, 47.73% (elapsed time  7199.9s, curr speed    0.096 kHz, avg speed    0.094 kHz), accepted     9175/  680001 events ( 1.35%)
Processed   690000/ 1424704 entries, 48.43% (elapsed time  7303.8s, curr speed    0.096 kHz, avg speed    0.094 kHz), accepted     9332/  690001 events ( 1.35%)
Bad event
Processed   700000/ 1424704 entries, 49.13% (elapsed time  7408.7s, curr speed    0.095 kHz, avg speed    0.094 kHz), accepted     9470/  700001 events ( 1.35%)
Processed   710000/ 1424704 entries, 49.83% (elapsed time  7513.2s, curr speed    0.096 kHz, avg speed    0.095 kHz), accepted     9594/  710001 events ( 1.35%)
Processed   720000/ 1424704 entries, 50.54% (elapsed time  7619.1s, curr speed    0.094 kHz, avg speed    0.094 kHz), accepted     9751/  720001 events ( 1.35%)
Processed   730000/ 1424704 entries, 51.24% (elapsed time  7724.6s, curr speed    0.095 kHz, avg speed    0.095 kHz), accepted     9894/  730001 events ( 1.36%)
Bad event
Processed   740000/ 1424704 entries, 51.94% (elapsed time  7828.8s, curr speed    0.096 kHz, avg speed    0.095 kHz), accepted    10029/  740001 events ( 1.36%)
Processed   750000/ 1424704 entries, 52.64% (elapsed time  7934.1s, curr speed    0.095 kHz, avg speed    0.095 kHz), accepted    10151/  750001 events ( 1.35%)
Bad event
Processed   760000/ 1424704 entries, 53.34% (elapsed time  8040.6s, curr speed    0.094 kHz, avg speed    0.095 kHz), accepted    10280/  760001 events ( 1.35%)
Bad event
Processed   770000/ 1424704 entries, 54.05% (elapsed time  8146.0s, curr speed    0.095 kHz, avg speed    0.095 kHz), accepted    10397/  770001 events ( 1.35%)
Processed   780000/ 1424704 entries, 54.75% (elapsed time  8251.1s, curr speed    0.095 kHz, avg speed    0.095 kHz), accepted    10543/  780001 events ( 1.35%)
Processed   790000/ 1424704 entries, 55.45% (elapsed time  8357.2s, curr speed    0.094 kHz, avg speed    0.095 kHz), accepted    10659/  790001 events ( 1.35%)
Processed   800000/ 1424704 entries, 56.15% (elapsed time  8463.1s, curr speed    0.094 kHz, avg speed    0.095 kHz), accepted    10777/  800001 events ( 1.35%)
Bad event
Processed   810000/ 1424704 entries, 56.85% (elapsed time  8570.0s, curr speed    0.094 kHz, avg speed    0.095 kHz), accepted    10913/  810001 events ( 1.35%)
Bad event
Processed   820000/ 1424704 entries, 57.56% (elapsed time  8676.3s, curr speed    0.094 kHz, avg speed    0.095 kHz), accepted    11042/  820001 events ( 1.35%)
%MSG-e SimpleJetCorrectionUncertainty: 
 bin variables out of range
%MSG
%MSG-e SimpleJetCorrectionUncertainty: 
 bin variables out of range
%MSG
Processed   830000/ 1424704 entries, 58.26% (elapsed time  8780.9s, curr speed    0.096 kHz, avg speed    0.095 kHz), accepted    11174/  830001 events ( 1.35%)
%MSG-e SimpleJetCorrectionUncertainty: 
 bin variables out of range
%MSG
%MSG-e SimpleJetCorrectionUncertainty: 
 bin variables out of range
%MSG
Processed   840000/ 1424704 entries, 58.96% (elapsed time  8885.7s, curr speed    0.095 kHz, avg speed    0.095 kHz), accepted    11308/  840001 events ( 1.35%)
Processed   850000/ 1424704 entries, 59.66% (elapsed time  8992.0s, curr speed    0.094 kHz, avg speed    0.095 kHz), accepted    11456/  850001 events ( 1.35%)
Processed   860000/ 1424704 entries, 60.36% (elapsed time  9097.6s, curr speed    0.095 kHz, avg speed    0.095 kHz), accepted    11614/  860001 events ( 1.35%)
Bad event
Processed   870000/ 1424704 entries, 61.07% (elapsed time  9204.8s, curr speed    0.093 kHz, avg speed    0.095 kHz), accepted    11747/  870001 events ( 1.35%)
Processed   880000/ 1424704 entries, 61.77% (elapsed time  9310.4s, curr speed    0.095 kHz, avg speed    0.095 kHz), accepted    11887/  880001 events ( 1.35%)
Processed   890000/ 1424704 entries, 62.47% (elapsed time  9415.1s, curr speed    0.095 kHz, avg speed    0.095 kHz), accepted    12045/  890001 events ( 1.35%)
Processed   900000/ 1424704 entries, 63.17% (elapsed time  9521.2s, curr speed    0.094 kHz, avg speed    0.095 kHz), accepted    12203/  900001 events ( 1.36%)
Processed   910000/ 1424704 entries, 63.87% (elapsed time  9626.2s, curr speed    0.095 kHz, avg speed    0.095 kHz), accepted    12351/  910001 events ( 1.36%)
Processed   920000/ 1424704 entries, 64.57% (elapsed time  9731.7s, curr speed    0.095 kHz, avg speed    0.095 kHz), accepted    12500/  920001 events ( 1.36%)
Processed   930000/ 1424704 entries, 65.28% (elapsed time  9835.8s, curr speed    0.096 kHz, avg speed    0.095 kHz), accepted    12645/  930001 events ( 1.36%)
Processed   940000/ 1424704 entries, 65.98% (elapsed time  9940.5s, curr speed    0.096 kHz, avg speed    0.095 kHz), accepted    12786/  940001 events ( 1.36%)
Processed   950000/ 1424704 entries, 66.68% (elapsed time 10046.3s, curr speed    0.095 kHz, avg speed    0.095 kHz), accepted    12916/  950001 events ( 1.36%)
Processed   960000/ 1424704 entries, 67.38% (elapsed time 10151.1s, curr speed    0.095 kHz, avg speed    0.095 kHz), accepted    13033/  960001 events ( 1.36%)
Processed   970000/ 1424704 entries, 68.08% (elapsed time 10256.3s, curr speed    0.095 kHz, avg speed    0.095 kHz), accepted    13160/  970001 events ( 1.36%)
Processed   980000/ 1424704 entries, 68.79% (elapsed time 10360.2s, curr speed    0.096 kHz, avg speed    0.095 kHz), accepted    13286/  980001 events ( 1.36%)
%MSG-e SimpleJetCorrectionUncertainty: 
 bin variables out of range
%MSG
%MSG-e SimpleJetCorrectionUncertainty: 
 bin variables out of range
%MSG
Processed   990000/ 1424704 entries, 69.49% (elapsed time 10464.9s, curr speed    0.096 kHz, avg speed    0.095 kHz), accepted    13431/  990001 events ( 1.36%)
Processed  1000000/ 1424704 entries, 70.19% (elapsed time 10569.9s, curr speed    0.095 kHz, avg speed    0.095 kHz), accepted    13561/ 1000001 events ( 1.36%)
Processed  1010000/ 1424704 entries, 70.89% (elapsed time 10675.0s, curr speed    0.095 kHz, avg speed    0.095 kHz), accepted    13693/ 1010001 events ( 1.36%)
Processed  1020000/ 1424704 entries, 71.59% (elapsed time 10782.6s, curr speed    0.093 kHz, avg speed    0.095 kHz), accepted    13841/ 1020001 events ( 1.36%)
Processed  1030000/ 1424704 entries, 72.30% (elapsed time 10887.8s, curr speed    0.095 kHz, avg speed    0.095 kHz), accepted    13982/ 1030001 events ( 1.36%)
Processed  1040000/ 1424704 entries, 73.00% (elapsed time 10993.3s, curr speed    0.095 kHz, avg speed    0.095 kHz), accepted    14138/ 1040001 events ( 1.36%)
Processed  1050000/ 1424704 entries, 73.70% (elapsed time 11099.1s, curr speed    0.095 kHz, avg speed    0.095 kHz), accepted    14290/ 1050001 events ( 1.36%)
Processed  1060000/ 1424704 entries, 74.40% (elapsed time 11202.9s, curr speed    0.096 kHz, avg speed    0.095 kHz), accepted    14423/ 1060001 events ( 1.36%)
Processed  1070000/ 1424704 entries, 75.10% (elapsed time 11308.8s, curr speed    0.094 kHz, avg speed    0.095 kHz), accepted    14536/ 1070001 events ( 1.36%)
Processed  1080000/ 1424704 entries, 75.81% (elapsed time 11413.8s, curr speed    0.095 kHz, avg speed    0.095 kHz), accepted    14665/ 1080001 events ( 1.36%)
Processed  1090000/ 1424704 entries, 76.51% (elapsed time 11518.7s, curr speed    0.095 kHz, avg speed    0.095 kHz), accepted    14790/ 1090001 events ( 1.36%)
Processed  1100000/ 1424704 entries, 77.21% (elapsed time 11623.1s, curr speed    0.096 kHz, avg speed    0.095 kHz), accepted    14936/ 1100001 events ( 1.36%)
Processed  1110000/ 1424704 entries, 77.91% (elapsed time 11727.3s, curr speed    0.096 kHz, avg speed    0.095 kHz), accepted    15070/ 1110001 events ( 1.36%)
Processed  1120000/ 1424704 entries, 78.61% (elapsed time 11831.4s, curr speed    0.096 kHz, avg speed    0.095 kHz), accepted    15193/ 1120001 events ( 1.36%)
Processed  1130000/ 1424704 entries, 79.31% (elapsed time 11936.3s, curr speed    0.095 kHz, avg speed    0.095 kHz), accepted    15338/ 1130001 events ( 1.36%)
Processed  1140000/ 1424704 entries, 80.02% (elapsed time 12039.5s, curr speed    0.097 kHz, avg speed    0.095 kHz), accepted    15457/ 1140001 events ( 1.36%)
Bad event
Processed  1150000/ 1424704 entries, 80.72% (elapsed time 12143.4s, curr speed    0.096 kHz, avg speed    0.095 kHz), accepted    15582/ 1150001 events ( 1.35%)
Processed  1160000/ 1424704 entries, 81.42% (elapsed time 12247.6s, curr speed    0.096 kHz, avg speed    0.095 kHz), accepted    15714/ 1160001 events ( 1.35%)
Processed  1170000/ 1424704 entries, 82.12% (elapsed time 12352.0s, curr speed    0.096 kHz, avg speed    0.095 kHz), accepted    15858/ 1170001 events ( 1.36%)
Processed  1180000/ 1424704 entries, 82.82% (elapsed time 12457.2s, curr speed    0.095 kHz, avg speed    0.095 kHz), accepted    15998/ 1180001 events ( 1.36%)
Processed  1190000/ 1424704 entries, 83.53% (elapsed time 12562.5s, curr speed    0.095 kHz, avg speed    0.095 kHz), accepted    16098/ 1190001 events ( 1.35%)
Processed  1200000/ 1424704 entries, 84.23% (elapsed time 12670.5s, curr speed    0.093 kHz, avg speed    0.095 kHz), accepted    16251/ 1200001 events ( 1.35%)
Processed  1210000/ 1424704 entries, 84.93% (elapsed time 12776.3s, curr speed    0.094 kHz, avg speed    0.095 kHz), accepted    16387/ 1210001 events ( 1.35%)
Processed  1220000/ 1424704 entries, 85.63% (elapsed time 12883.4s, curr speed    0.093 kHz, avg speed    0.095 kHz), accepted    16542/ 1220001 events ( 1.36%)
Processed  1230000/ 1424704 entries, 86.33% (elapsed time 12990.4s, curr speed    0.093 kHz, avg speed    0.095 kHz), accepted    16687/ 1230001 events ( 1.36%)
Processed  1240000/ 1424704 entries, 87.04% (elapsed time 13096.1s, curr speed    0.095 kHz, avg speed    0.095 kHz), accepted    16814/ 1240001 events ( 1.36%)
Bad event
Processed  1250000/ 1424704 entries, 87.74% (elapsed time 13203.2s, curr speed    0.093 kHz, avg speed    0.095 kHz), accepted    16958/ 1250001 events ( 1.36%)
Processed  1260000/ 1424704 entries, 88.44% (elapsed time 13309.9s, curr speed    0.094 kHz, avg speed    0.095 kHz), accepted    17109/ 1260001 events ( 1.36%)
Processed  1270000/ 1424704 entries, 89.14% (elapsed time 13419.1s, curr speed    0.092 kHz, avg speed    0.095 kHz), accepted    17249/ 1270001 events ( 1.36%)
Processed  1280000/ 1424704 entries, 89.84% (elapsed time 13526.8s, curr speed    0.093 kHz, avg speed    0.095 kHz), accepted    17380/ 1280001 events ( 1.36%)
Processed  1290000/ 1424704 entries, 90.55% (elapsed time 13631.0s, curr speed    0.096 kHz, avg speed    0.095 kHz), accepted    17502/ 1290001 events ( 1.36%)
Processed  1300000/ 1424704 entries, 91.25% (elapsed time 13734.4s, curr speed    0.097 kHz, avg speed    0.095 kHz), accepted    17650/ 1300001 events ( 1.36%)
Processed  1310000/ 1424704 entries, 91.95% (elapsed time 13836.3s, curr speed    0.098 kHz, avg speed    0.095 kHz), accepted    17781/ 1310001 events ( 1.36%)
Bad event
Processed  1320000/ 1424704 entries, 92.65% (elapsed time 13939.6s, curr speed    0.097 kHz, avg speed    0.095 kHz), accepted    17894/ 1320001 events ( 1.36%)
Processed  1330000/ 1424704 entries, 93.35% (elapsed time 14042.7s, curr speed    0.097 kHz, avg speed    0.095 kHz), accepted    18054/ 1330001 events ( 1.36%)
Processed  1340000/ 1424704 entries, 94.05% (elapsed time 14145.1s, curr speed    0.098 kHz, avg speed    0.095 kHz), accepted    18191/ 1340001 events ( 1.36%)
Processed  1350000/ 1424704 entries, 94.76% (elapsed time 14248.3s, curr speed    0.097 kHz, avg speed    0.095 kHz), accepted    18333/ 1350001 events ( 1.36%)
Processed  1360000/ 1424704 entries, 95.46% (elapsed time 14349.5s, curr speed    0.099 kHz, avg speed    0.095 kHz), accepted    18465/ 1360001 events ( 1.36%)
Processed  1370000/ 1424704 entries, 96.16% (elapsed time 14451.9s, curr speed    0.098 kHz, avg speed    0.095 kHz), accepted    18601/ 1370001 events ( 1.36%)
Processed  1380000/ 1424704 entries, 96.86% (elapsed time 14553.9s, curr speed    0.098 kHz, avg speed    0.095 kHz), accepted    18717/ 1380001 events ( 1.36%)
Bad event
Processed  1390000/ 1424704 entries, 97.56% (elapsed time 14656.1s, curr speed    0.098 kHz, avg speed    0.095 kHz), accepted    18824/ 1390001 events ( 1.35%)
Processed  1400000/ 1424704 entries, 98.27% (elapsed time 14758.0s, curr speed    0.098 kHz, avg speed    0.095 kHz), accepted    18958/ 1400001 events ( 1.35%)
Processed  1410000/ 1424704 entries, 98.97% (elapsed time 14860.4s, curr speed    0.098 kHz, avg speed    0.095 kHz), accepted    19098/ 1410001 events ( 1.35%)
Processed  1420000/ 1424704 entries, 99.67% (elapsed time 14963.8s, curr speed    0.097 kHz, avg speed    0.095 kHz), accepted    19246/ 1420001 events ( 1.36%)
Processed 1424704 preselected entries from root://cms-xrd-global.cern.ch//store/mc/RunIIAutumn18NanoAODv6/ZZTo2Q2Nu_TuneCP5_13TeV_amcatnloFXFX_madspin_pythia8/NANOAODSIM/Nano25Oct2019_102X_upgrade2018_realistic_v20-v1/250000/EED71B50-BC82-654A-B0C8-F7A1B47EE934.root (1424704 entries). Finally selected 19312 entries
Done /work/pbaertsc/heavy_resonance/output_2018/ZZTo2Q2Nu_TuneCP5_13TeV_amcatnloFXFX_madspin_pythia8__RunIIAutumn18NanoAODv6-Nano25Oct2019_102X_upgrade2018_realistic_v20-v1__NANOAODSIM/EED71B50-BC82-654A-B0C8-F7A1B47EE934.root
94.6626419487 Hz
deleting root file with name: /work/pbaertsc/heavy_resonance/output_2018/ZZTo2Q2Nu_TuneCP5_13TeV_amcatnloFXFX_madspin_pythia8__RunIIAutumn18NanoAODv6-Nano25Oct2019_102X_upgrade2018_realistic_v20-v1__NANOAODSIM/EED71B50-BC82-654A-B0C8-F7A1B47EE934.root
DONE
Complete at
Fri Jan 31 04:20:10 CET 2020
