job start at
Thu Jan 30 19:15:02 CET 2020
SLURM_JOB_ID: 437622
HOSTNAME: t3wn51
JOBLIST:joblist/joblist_ZZTo2Q2Nu_TuneCP5_13TeV_amcatnloFXFX_madspin_pythia8__RunIIFall17NanoAODv6-PU2017_12Apr2018_Nano25Oct2019_102X_mc2017_realistic_v7-v1__NANOAODSIM_ll.txt
Going to execute
python job.py -i root://cms-xrd-global.cern.ch//store/mc/RunIIFall17NanoAODv6/ZZTo2Q2Nu_TuneCP5_13TeV_amcatnloFXFX_madspin_pythia8/NANOAODSIM/PU2017_12Apr2018_Nano25Oct2019_102X_mc2017_realistic_v7-v1/70000/9056E5D3-70A3-5C46-96CE-2AE897278FCB.root -o /work/pbaertsc/heavy_resonance/output_2017/ZZTo2Q2Nu_TuneCP5_13TeV_amcatnloFXFX_madspin_pythia8__RunIIFall17NanoAODv6-PU2017_12Apr2018_Nano25Oct2019_102X_mc2017_realistic_v7-v1__NANOAODSIM -N ZZTo2Q2Nu_TuneCP5_13TeV_amcatnloFXFX_madspin_pythia8__RunIIFall17NanoAODv6-PU2017_12Apr2018_Nano25Oct2019_102X_mc2017_realistic_v7-v1__NANOAODSIM -n 22 -c ll -y 2017
TClass::Init:0: RuntimeWarning: no dictionary for class ROOT::TIOFeatures is available
/work/pbaertsc/heavy_resonance/CMSSW_9_4_6/python/PhysicsTools/NanoAODTools/postprocessing/framework/treeReaderArrayTools.py:69: RuntimeWarning: creating executor for unknown type "ULong64_t*"
  ret = _vr.Get()[0]
JEC= Fall17_17Nov2017_V32_MC 	 JER= Fall17_V3_MC
MET branch= PuppiMET
JEC= Fall17_17Nov2017_V32_MC 	 JER= Fall17_V3_MC
MET branch= PuppiMET
--------------------------------------------------------------------------------
input files  = ['root://cms-xrd-global.cern.ch//store/mc/RunIIFall17NanoAODv6/ZZTo2Q2Nu_TuneCP5_13TeV_amcatnloFXFX_madspin_pythia8/NANOAODSIM/PU2017_12Apr2018_Nano25Oct2019_102X_mc2017_realistic_v7-v1/70000/9056E5D3-70A3-5C46-96CE-2AE897278FCB.root']
output directory = /work/pbaertsc/heavy_resonance/output_2017/ZZTo2Q2Nu_TuneCP5_13TeV_amcatnloFXFX_madspin_pythia8__RunIIFall17NanoAODv6-PU2017_12Apr2018_Nano25Oct2019_102X_mc2017_realistic_v7-v1__NANOAODSIM
output file  = ZZTo2Q2Nu_TuneCP5_13TeV_amcatnloFXFX_madspin_pythia8__RunIIFall17NanoAODv6-PU2017_12Apr2018_Nano25Oct2019_102X_mc2017_realistic_v7-v1__NANOAODSIM_22_ll.root
chunck       = 22
channel      = ll
dataType     = mc
year         = 2017
tes          = 1.0
ltf          = 1.0
jtf          = 1.0
--------------------------------------------------------------------------------
job.py: creating PostProcessor...
TreeProducer is called /work/pbaertsc/heavy_resonance/output_2017/ZZTo2Q2Nu_TuneCP5_13TeV_amcatnloFXFX_madspin_pythia8__RunIIFall17NanoAODv6-PU2017_12Apr2018_Nano25Oct2019_102X_mc2017_realistic_v7-v1__NANOAODSIM/ZZTo2Q2Nu_TuneCP5_13TeV_amcatnloFXFX_madspin_pythia8__RunIIFall17NanoAODv6-PU2017_12Apr2018_Nano25Oct2019_102X_mc2017_realistic_v7-v1__NANOAODSIM_22_ll.root
job.py: going to run PostProcessor...
Will write selected trees to /work/pbaertsc/heavy_resonance/output_2017/ZZTo2Q2Nu_TuneCP5_13TeV_amcatnloFXFX_madspin_pythia8__RunIIFall17NanoAODv6-PU2017_12Apr2018_Nano25Oct2019_102X_mc2017_realistic_v7-v1__NANOAODSIM
Loading jet energy scale (JES) uncertainties from file '/tmp/tmpPG2r16/Fall17_17Nov2017_V32_MC_Uncertainty_AK4PFchs.txt'
Loading jet energy resolutions (JER) from file '/tmp/tmpdKMBWk/Fall17_V3_MC_PtResolution_AK4PFchs.txt'
Loading JER scale factors and uncertainties from file '/tmp/tmpdKMBWk/Fall17_V3_MC_SF_AK4PFchs.txt'
Loading jet energy scale (JES) uncertainties from file '/tmp/tmph5G2g9/Fall17_17Nov2017_V32_MC_Uncertainty_AK8PFPuppi.txt'
Loading jet energy resolutions (JER) from file '/tmp/tmpcKyAjD/Fall17_V3_MC_PtResolution_AK8PFPuppi.txt'
Loading JER scale factors and uncertainties from file '/tmp/tmpcKyAjD/Fall17_V3_MC_SF_AK8PFPuppi.txt'
Pre-select 1305303 entries out of 1305303 (100.00%)
nanoAODv5? True
Processed    10000/ 1305303 entries,  0.77% (elapsed time   162.3s, curr speed    0.062 kHz, avg speed    0.062 kHz), accepted      139/   10001 events ( 1.39%)
Processed    20000/ 1305303 entries,  1.53% (elapsed time   314.1s, curr speed    0.066 kHz, avg speed    0.064 kHz), accepted      261/   20001 events ( 1.30%)
Processed    30000/ 1305303 entries,  2.30% (elapsed time   464.3s, curr speed    0.067 kHz, avg speed    0.065 kHz), accepted      385/   30001 events ( 1.28%)
Processed    40000/ 1305303 entries,  3.06% (elapsed time   616.7s, curr speed    0.066 kHz, avg speed    0.065 kHz), accepted      521/   40001 events ( 1.30%)
Processed    50000/ 1305303 entries,  3.83% (elapsed time   760.8s, curr speed    0.069 kHz, avg speed    0.066 kHz), accepted      654/   50001 events ( 1.31%)
Processed    60000/ 1305303 entries,  4.60% (elapsed time   906.6s, curr speed    0.069 kHz, avg speed    0.066 kHz), accepted      768/   60001 events ( 1.28%)
Processed    70000/ 1305303 entries,  5.36% (elapsed time  1043.3s, curr speed    0.073 kHz, avg speed    0.067 kHz), accepted      901/   70001 events ( 1.29%)
Processed    80000/ 1305303 entries,  6.13% (elapsed time  1184.9s, curr speed    0.071 kHz, avg speed    0.068 kHz), accepted     1004/   80001 events ( 1.25%)
Bad event
Processed    90000/ 1305303 entries,  6.89% (elapsed time  1324.9s, curr speed    0.071 kHz, avg speed    0.068 kHz), accepted     1133/   90001 events ( 1.26%)
Processed   100000/ 1305303 entries,  7.66% (elapsed time  1463.3s, curr speed    0.072 kHz, avg speed    0.068 kHz), accepted     1265/  100001 events ( 1.26%)
Processed   110000/ 1305303 entries,  8.43% (elapsed time  1609.9s, curr speed    0.068 kHz, avg speed    0.068 kHz), accepted     1394/  110001 events ( 1.27%)
Processed   120000/ 1305303 entries,  9.19% (elapsed time  1748.5s, curr speed    0.072 kHz, avg speed    0.069 kHz), accepted     1518/  120001 events ( 1.26%)
Processed   130000/ 1305303 entries,  9.96% (elapsed time  1894.3s, curr speed    0.069 kHz, avg speed    0.069 kHz), accepted     1637/  130001 events ( 1.26%)
Bad event
Processed   140000/ 1305303 entries, 10.73% (elapsed time  2029.1s, curr speed    0.074 kHz, avg speed    0.069 kHz), accepted     1757/  140001 events ( 1.25%)
Processed   150000/ 1305303 entries, 11.49% (elapsed time  2169.1s, curr speed    0.071 kHz, avg speed    0.069 kHz), accepted     1880/  150001 events ( 1.25%)
Bad event
Processed   160000/ 1305303 entries, 12.26% (elapsed time  2307.4s, curr speed    0.072 kHz, avg speed    0.069 kHz), accepted     2004/  160001 events ( 1.25%)
Processed   170000/ 1305303 entries, 13.02% (elapsed time  2442.1s, curr speed    0.074 kHz, avg speed    0.070 kHz), accepted     2144/  170001 events ( 1.26%)
Processed   180000/ 1305303 entries, 13.79% (elapsed time  2579.3s, curr speed    0.073 kHz, avg speed    0.070 kHz), accepted     2269/  180001 events ( 1.26%)
Bad event
Processed   190000/ 1305303 entries, 14.56% (elapsed time  2711.4s, curr speed    0.076 kHz, avg speed    0.070 kHz), accepted     2386/  190001 events ( 1.26%)
Processed   200000/ 1305303 entries, 15.32% (elapsed time  2852.7s, curr speed    0.071 kHz, avg speed    0.070 kHz), accepted     2516/  200001 events ( 1.26%)
Processed   210000/ 1305303 entries, 16.09% (elapsed time  2987.0s, curr speed    0.074 kHz, avg speed    0.070 kHz), accepted     2650/  210001 events ( 1.26%)
Bad event
Processed   220000/ 1305303 entries, 16.85% (elapsed time  3124.5s, curr speed    0.073 kHz, avg speed    0.070 kHz), accepted     2770/  220001 events ( 1.26%)
Processed   230000/ 1305303 entries, 17.62% (elapsed time  3262.9s, curr speed    0.072 kHz, avg speed    0.070 kHz), accepted     2910/  230001 events ( 1.27%)
Processed   240000/ 1305303 entries, 18.39% (elapsed time  3399.0s, curr speed    0.074 kHz, avg speed    0.071 kHz), accepted     3037/  240001 events ( 1.27%)
Processed   250000/ 1305303 entries, 19.15% (elapsed time  3536.5s, curr speed    0.073 kHz, avg speed    0.071 kHz), accepted     3164/  250001 events ( 1.27%)
Bad event
Processed   260000/ 1305303 entries, 19.92% (elapsed time  3669.4s, curr speed    0.075 kHz, avg speed    0.071 kHz), accepted     3275/  260001 events ( 1.26%)
Processed   270000/ 1305303 entries, 20.68% (elapsed time  3809.2s, curr speed    0.072 kHz, avg speed    0.071 kHz), accepted     3382/  270001 events ( 1.25%)
Bad event
Processed   280000/ 1305303 entries, 21.45% (elapsed time  3940.9s, curr speed    0.076 kHz, avg speed    0.071 kHz), accepted     3520/  280001 events ( 1.26%)
Processed   290000/ 1305303 entries, 22.22% (elapsed time  4080.5s, curr speed    0.072 kHz, avg speed    0.071 kHz), accepted     3630/  290001 events ( 1.25%)
Processed   300000/ 1305303 entries, 22.98% (elapsed time  4215.9s, curr speed    0.074 kHz, avg speed    0.071 kHz), accepted     3758/  300001 events ( 1.25%)
Bad event
Processed   310000/ 1305303 entries, 23.75% (elapsed time  4350.4s, curr speed    0.074 kHz, avg speed    0.071 kHz), accepted     3893/  310001 events ( 1.26%)
Processed   320000/ 1305303 entries, 24.52% (elapsed time  4482.1s, curr speed    0.076 kHz, avg speed    0.071 kHz), accepted     4001/  320001 events ( 1.25%)
Bad event
Processed   330000/ 1305303 entries, 25.28% (elapsed time  4612.0s, curr speed    0.077 kHz, avg speed    0.072 kHz), accepted     4143/  330001 events ( 1.26%)
Processed   340000/ 1305303 entries, 26.05% (elapsed time  4748.5s, curr speed    0.073 kHz, avg speed    0.072 kHz), accepted     4267/  340001 events ( 1.25%)
Processed   350000/ 1305303 entries, 26.81% (elapsed time  4882.0s, curr speed    0.075 kHz, avg speed    0.072 kHz), accepted     4403/  350001 events ( 1.26%)
Processed   360000/ 1305303 entries, 27.58% (elapsed time  5014.8s, curr speed    0.075 kHz, avg speed    0.072 kHz), accepted     4550/  360001 events ( 1.26%)
Bad event
Processed   370000/ 1305303 entries, 28.35% (elapsed time  5152.0s, curr speed    0.073 kHz, avg speed    0.072 kHz), accepted     4696/  370001 events ( 1.27%)
Processed   380000/ 1305303 entries, 29.11% (elapsed time  5284.9s, curr speed    0.075 kHz, avg speed    0.072 kHz), accepted     4818/  380001 events ( 1.27%)
Processed   390000/ 1305303 entries, 29.88% (elapsed time  5423.8s, curr speed    0.072 kHz, avg speed    0.072 kHz), accepted     4942/  390001 events ( 1.27%)
Bad event
Bad event
Processed   400000/ 1305303 entries, 30.64% (elapsed time  5554.3s, curr speed    0.077 kHz, avg speed    0.072 kHz), accepted     5061/  400001 events ( 1.27%)
Processed   410000/ 1305303 entries, 31.41% (elapsed time  5697.7s, curr speed    0.070 kHz, avg speed    0.072 kHz), accepted     5196/  410001 events ( 1.27%)
Processed   420000/ 1305303 entries, 32.18% (elapsed time  5832.3s, curr speed    0.074 kHz, avg speed    0.072 kHz), accepted     5349/  420001 events ( 1.27%)
Processed   430000/ 1305303 entries, 32.94% (elapsed time  5969.1s, curr speed    0.073 kHz, avg speed    0.072 kHz), accepted     5471/  430001 events ( 1.27%)
Processed   440000/ 1305303 entries, 33.71% (elapsed time  6107.3s, curr speed    0.072 kHz, avg speed    0.072 kHz), accepted     5595/  440001 events ( 1.27%)
Processed   450000/ 1305303 entries, 34.47% (elapsed time  6238.3s, curr speed    0.076 kHz, avg speed    0.072 kHz), accepted     5725/  450001 events ( 1.27%)
Processed   460000/ 1305303 entries, 35.24% (elapsed time  6371.3s, curr speed    0.075 kHz, avg speed    0.072 kHz), accepted     5859/  460001 events ( 1.27%)
Processed   470000/ 1305303 entries, 36.01% (elapsed time  6492.4s, curr speed    0.083 kHz, avg speed    0.072 kHz), accepted     5990/  470001 events ( 1.27%)
Processed   480000/ 1305303 entries, 36.77% (elapsed time  6623.6s, curr speed    0.076 kHz, avg speed    0.072 kHz), accepted     6119/  480001 events ( 1.27%)
Processed   490000/ 1305303 entries, 37.54% (elapsed time  6750.0s, curr speed    0.079 kHz, avg speed    0.073 kHz), accepted     6257/  490001 events ( 1.28%)
Processed   500000/ 1305303 entries, 38.31% (elapsed time  6880.5s, curr speed    0.077 kHz, avg speed    0.073 kHz), accepted     6394/  500001 events ( 1.28%)
Processed   510000/ 1305303 entries, 39.07% (elapsed time  7009.2s, curr speed    0.078 kHz, avg speed    0.073 kHz), accepted     6527/  510001 events ( 1.28%)
Processed   520000/ 1305303 entries, 39.84% (elapsed time  7131.0s, curr speed    0.082 kHz, avg speed    0.073 kHz), accepted     6665/  520001 events ( 1.28%)
Processed   530000/ 1305303 entries, 40.60% (elapsed time  7260.9s, curr speed    0.077 kHz, avg speed    0.073 kHz), accepted     6794/  530001 events ( 1.28%)
Processed   540000/ 1305303 entries, 41.37% (elapsed time  7388.7s, curr speed    0.078 kHz, avg speed    0.073 kHz), accepted     6925/  540001 events ( 1.28%)
Processed   550000/ 1305303 entries, 42.14% (elapsed time  7523.8s, curr speed    0.074 kHz, avg speed    0.073 kHz), accepted     7041/  550001 events ( 1.28%)
Processed   560000/ 1305303 entries, 42.90% (elapsed time  7653.4s, curr speed    0.077 kHz, avg speed    0.073 kHz), accepted     7163/  560001 events ( 1.28%)
Processed   570000/ 1305303 entries, 43.67% (elapsed time  7781.6s, curr speed    0.078 kHz, avg speed    0.073 kHz), accepted     7281/  570001 events ( 1.28%)
Processed   580000/ 1305303 entries, 44.43% (elapsed time  7916.3s, curr speed    0.074 kHz, avg speed    0.073 kHz), accepted     7406/  580001 events ( 1.28%)
Bad event
Processed   590000/ 1305303 entries, 45.20% (elapsed time  8041.3s, curr speed    0.080 kHz, avg speed    0.073 kHz), accepted     7532/  590001 events ( 1.28%)
Bad event
Processed   600000/ 1305303 entries, 45.97% (elapsed time  8173.9s, curr speed    0.075 kHz, avg speed    0.073 kHz), accepted     7650/  600001 events ( 1.27%)
Processed   610000/ 1305303 entries, 46.73% (elapsed time  8298.9s, curr speed    0.080 kHz, avg speed    0.074 kHz), accepted     7792/  610001 events ( 1.28%)
Processed   620000/ 1305303 entries, 47.50% (elapsed time  8432.1s, curr speed    0.075 kHz, avg speed    0.074 kHz), accepted     7924/  620001 events ( 1.28%)
Processed   630000/ 1305303 entries, 48.26% (elapsed time  8562.1s, curr speed    0.077 kHz, avg speed    0.074 kHz), accepted     8045/  630001 events ( 1.28%)
Processed   640000/ 1305303 entries, 49.03% (elapsed time  8689.3s, curr speed    0.079 kHz, avg speed    0.074 kHz), accepted     8195/  640001 events ( 1.28%)
Bad event
Processed   650000/ 1305303 entries, 49.80% (elapsed time  8823.6s, curr speed    0.074 kHz, avg speed    0.074 kHz), accepted     8340/  650001 events ( 1.28%)
Processed   660000/ 1305303 entries, 50.56% (elapsed time  8952.0s, curr speed    0.078 kHz, avg speed    0.074 kHz), accepted     8459/  660001 events ( 1.28%)
Processed   670000/ 1305303 entries, 51.33% (elapsed time  9090.9s, curr speed    0.072 kHz, avg speed    0.074 kHz), accepted     8583/  670001 events ( 1.28%)
Processed   680000/ 1305303 entries, 52.10% (elapsed time  9217.1s, curr speed    0.079 kHz, avg speed    0.074 kHz), accepted     8705/  680001 events ( 1.28%)
Processed   690000/ 1305303 entries, 52.86% (elapsed time  9356.2s, curr speed    0.072 kHz, avg speed    0.074 kHz), accepted     8830/  690001 events ( 1.28%)
Bad event
Processed   700000/ 1305303 entries, 53.63% (elapsed time  9486.9s, curr speed    0.076 kHz, avg speed    0.074 kHz), accepted     8973/  700001 events ( 1.28%)
Processed   710000/ 1305303 entries, 54.39% (elapsed time  9618.5s, curr speed    0.076 kHz, avg speed    0.074 kHz), accepted     9104/  710001 events ( 1.28%)
Bad event
Processed   720000/ 1305303 entries, 55.16% (elapsed time  9758.2s, curr speed    0.072 kHz, avg speed    0.074 kHz), accepted     9224/  720001 events ( 1.28%)
Processed   730000/ 1305303 entries, 55.93% (elapsed time  9885.9s, curr speed    0.078 kHz, avg speed    0.074 kHz), accepted     9362/  730001 events ( 1.28%)
Processed   740000/ 1305303 entries, 56.69% (elapsed time 10026.6s, curr speed    0.071 kHz, avg speed    0.074 kHz), accepted     9501/  740001 events ( 1.28%)
Processed   750000/ 1305303 entries, 57.46% (elapsed time 10158.2s, curr speed    0.076 kHz, avg speed    0.074 kHz), accepted     9632/  750001 events ( 1.28%)
Processed   760000/ 1305303 entries, 58.22% (elapsed time 10297.7s, curr speed    0.072 kHz, avg speed    0.074 kHz), accepted     9777/  760001 events ( 1.29%)
Bad event
Processed   770000/ 1305303 entries, 58.99% (elapsed time 10435.6s, curr speed    0.073 kHz, avg speed    0.074 kHz), accepted     9931/  770001 events ( 1.29%)
Processed   780000/ 1305303 entries, 59.76% (elapsed time 10565.5s, curr speed    0.077 kHz, avg speed    0.074 kHz), accepted    10073/  780001 events ( 1.29%)
Processed   790000/ 1305303 entries, 60.52% (elapsed time 10708.8s, curr speed    0.070 kHz, avg speed    0.074 kHz), accepted    10210/  790001 events ( 1.29%)
Processed   800000/ 1305303 entries, 61.29% (elapsed time 10837.1s, curr speed    0.078 kHz, avg speed    0.074 kHz), accepted    10327/  800001 events ( 1.29%)
Processed   810000/ 1305303 entries, 62.05% (elapsed time 10982.7s, curr speed    0.069 kHz, avg speed    0.074 kHz), accepted    10461/  810001 events ( 1.29%)
Processed   820000/ 1305303 entries, 62.82% (elapsed time 11116.9s, curr speed    0.075 kHz, avg speed    0.074 kHz), accepted    10604/  820001 events ( 1.29%)
Processed   830000/ 1305303 entries, 63.59% (elapsed time 11264.2s, curr speed    0.068 kHz, avg speed    0.074 kHz), accepted    10731/  830001 events ( 1.29%)
Processed   840000/ 1305303 entries, 64.35% (elapsed time 11398.4s, curr speed    0.074 kHz, avg speed    0.074 kHz), accepted    10860/  840001 events ( 1.29%)
Processed   850000/ 1305303 entries, 65.12% (elapsed time 11542.9s, curr speed    0.069 kHz, avg speed    0.074 kHz), accepted    10991/  850001 events ( 1.29%)
Processed   860000/ 1305303 entries, 65.89% (elapsed time 11686.4s, curr speed    0.070 kHz, avg speed    0.074 kHz), accepted    11118/  860001 events ( 1.29%)
Processed   870000/ 1305303 entries, 66.65% (elapsed time 11821.0s, curr speed    0.074 kHz, avg speed    0.074 kHz), accepted    11243/  870001 events ( 1.29%)
Processed   880000/ 1305303 entries, 67.42% (elapsed time 11967.4s, curr speed    0.068 kHz, avg speed    0.074 kHz), accepted    11387/  880001 events ( 1.29%)
Processed   890000/ 1305303 entries, 68.18% (elapsed time 12097.9s, curr speed    0.077 kHz, avg speed    0.074 kHz), accepted    11511/  890001 events ( 1.29%)
Processed   900000/ 1305303 entries, 68.95% (elapsed time 12245.0s, curr speed    0.068 kHz, avg speed    0.073 kHz), accepted    11663/  900001 events ( 1.30%)
Processed   910000/ 1305303 entries, 69.72% (elapsed time 12378.5s, curr speed    0.075 kHz, avg speed    0.074 kHz), accepted    11785/  910001 events ( 1.30%)
Processed   920000/ 1305303 entries, 70.48% (elapsed time 12520.9s, curr speed    0.070 kHz, avg speed    0.073 kHz), accepted    11896/  920001 events ( 1.29%)
Processed   930000/ 1305303 entries, 71.25% (elapsed time 12667.6s, curr speed    0.068 kHz, avg speed    0.073 kHz), accepted    12020/  930001 events ( 1.29%)
Processed   940000/ 1305303 entries, 72.01% (elapsed time 12798.8s, curr speed    0.076 kHz, avg speed    0.073 kHz), accepted    12158/  940001 events ( 1.29%)
Processed   950000/ 1305303 entries, 72.78% (elapsed time 12945.7s, curr speed    0.068 kHz, avg speed    0.073 kHz), accepted    12286/  950001 events ( 1.29%)
Bad event
Processed   960000/ 1305303 entries, 73.55% (elapsed time 13083.2s, curr speed    0.073 kHz, avg speed    0.073 kHz), accepted    12403/  960001 events ( 1.29%)
Processed   970000/ 1305303 entries, 74.31% (elapsed time 13226.0s, curr speed    0.070 kHz, avg speed    0.073 kHz), accepted    12525/  970001 events ( 1.29%)
Processed   980000/ 1305303 entries, 75.08% (elapsed time 13376.2s, curr speed    0.067 kHz, avg speed    0.073 kHz), accepted    12635/  980001 events ( 1.29%)
Processed   990000/ 1305303 entries, 75.84% (elapsed time 13512.2s, curr speed    0.074 kHz, avg speed    0.073 kHz), accepted    12780/  990001 events ( 1.29%)
Bad event
Processed  1000000/ 1305303 entries, 76.61% (elapsed time 13662.0s, curr speed    0.067 kHz, avg speed    0.073 kHz), accepted    12915/ 1000001 events ( 1.29%)
Processed  1010000/ 1305303 entries, 77.38% (elapsed time 13796.4s, curr speed    0.074 kHz, avg speed    0.073 kHz), accepted    13047/ 1010001 events ( 1.29%)
Bad event
Processed  1020000/ 1305303 entries, 78.14% (elapsed time 13943.5s, curr speed    0.068 kHz, avg speed    0.073 kHz), accepted    13165/ 1020001 events ( 1.29%)
Processed  1030000/ 1305303 entries, 78.91% (elapsed time 14088.9s, curr speed    0.069 kHz, avg speed    0.073 kHz), accepted    13299/ 1030001 events ( 1.29%)
Bad event
Processed  1040000/ 1305303 entries, 79.67% (elapsed time 14226.5s, curr speed    0.073 kHz, avg speed    0.073 kHz), accepted    13427/ 1040001 events ( 1.29%)
Processed  1050000/ 1305303 entries, 80.44% (elapsed time 14372.7s, curr speed    0.068 kHz, avg speed    0.073 kHz), accepted    13555/ 1050001 events ( 1.29%)
Processed  1060000/ 1305303 entries, 81.21% (elapsed time 14507.2s, curr speed    0.074 kHz, avg speed    0.073 kHz), accepted    13683/ 1060001 events ( 1.29%)
Processed  1070000/ 1305303 entries, 81.97% (elapsed time 14660.0s, curr speed    0.065 kHz, avg speed    0.073 kHz), accepted    13816/ 1070001 events ( 1.29%)
Processed  1080000/ 1305303 entries, 82.74% (elapsed time 14798.3s, curr speed    0.072 kHz, avg speed    0.073 kHz), accepted    13940/ 1080001 events ( 1.29%)
Bad event
Processed  1090000/ 1305303 entries, 83.51% (elapsed time 14936.7s, curr speed    0.072 kHz, avg speed    0.073 kHz), accepted    14063/ 1090001 events ( 1.29%)
Processed  1100000/ 1305303 entries, 84.27% (elapsed time 15081.0s, curr speed    0.069 kHz, avg speed    0.073 kHz), accepted    14189/ 1100001 events ( 1.29%)
Processed  1110000/ 1305303 entries, 85.04% (elapsed time 15217.0s, curr speed    0.074 kHz, avg speed    0.073 kHz), accepted    14323/ 1110001 events ( 1.29%)
Processed  1120000/ 1305303 entries, 85.80% (elapsed time 15360.5s, curr speed    0.070 kHz, avg speed    0.073 kHz), accepted    14456/ 1120001 events ( 1.29%)
Processed  1130000/ 1305303 entries, 86.57% (elapsed time 15497.6s, curr speed    0.073 kHz, avg speed    0.073 kHz), accepted    14594/ 1130001 events ( 1.29%)
Processed  1140000/ 1305303 entries, 87.34% (elapsed time 15639.2s, curr speed    0.071 kHz, avg speed    0.073 kHz), accepted    14711/ 1140001 events ( 1.29%)
Bad event
Processed  1150000/ 1305303 entries, 88.10% (elapsed time 15778.2s, curr speed    0.072 kHz, avg speed    0.073 kHz), accepted    14839/ 1150001 events ( 1.29%)
Processed  1160000/ 1305303 entries, 88.87% (elapsed time 15909.3s, curr speed    0.076 kHz, avg speed    0.073 kHz), accepted    14963/ 1160001 events ( 1.29%)
Bad event
Processed  1170000/ 1305303 entries, 89.63% (elapsed time 16051.8s, curr speed    0.070 kHz, avg speed    0.073 kHz), accepted    15101/ 1170001 events ( 1.29%)
Processed  1180000/ 1305303 entries, 90.40% (elapsed time 16187.6s, curr speed    0.074 kHz, avg speed    0.073 kHz), accepted    15232/ 1180001 events ( 1.29%)
Processed  1190000/ 1305303 entries, 91.17% (elapsed time 16330.8s, curr speed    0.070 kHz, avg speed    0.073 kHz), accepted    15354/ 1190001 events ( 1.29%)
Processed  1200000/ 1305303 entries, 91.93% (elapsed time 16472.2s, curr speed    0.071 kHz, avg speed    0.073 kHz), accepted    15496/ 1200001 events ( 1.29%)
Bad event
Processed  1210000/ 1305303 entries, 92.70% (elapsed time 16612.1s, curr speed    0.071 kHz, avg speed    0.073 kHz), accepted    15627/ 1210001 events ( 1.29%)
Processed  1220000/ 1305303 entries, 93.46% (elapsed time 16762.3s, curr speed    0.067 kHz, avg speed    0.073 kHz), accepted    15743/ 1220001 events ( 1.29%)
Processed  1230000/ 1305303 entries, 94.23% (elapsed time 16900.6s, curr speed    0.072 kHz, avg speed    0.073 kHz), accepted    15863/ 1230001 events ( 1.29%)
Processed  1240000/ 1305303 entries, 95.00% (elapsed time 17053.0s, curr speed    0.066 kHz, avg speed    0.073 kHz), accepted    16006/ 1240001 events ( 1.29%)
Processed  1250000/ 1305303 entries, 95.76% (elapsed time 17197.6s, curr speed    0.069 kHz, avg speed    0.073 kHz), accepted    16139/ 1250001 events ( 1.29%)
Processed  1260000/ 1305303 entries, 96.53% (elapsed time 17340.3s, curr speed    0.070 kHz, avg speed    0.073 kHz), accepted    16277/ 1260001 events ( 1.29%)
Bad event
Processed  1270000/ 1305303 entries, 97.30% (elapsed time 17492.8s, curr speed    0.066 kHz, avg speed    0.073 kHz), accepted    16425/ 1270001 events ( 1.29%)
Processed  1280000/ 1305303 entries, 98.06% (elapsed time 17639.9s, curr speed    0.068 kHz, avg speed    0.073 kHz), accepted    16550/ 1280001 events ( 1.29%)
Processed  1290000/ 1305303 entries, 98.83% (elapsed time 17794.7s, curr speed    0.065 kHz, avg speed    0.072 kHz), accepted    16656/ 1290001 events ( 1.29%)
Bad event
Bad event
Processed  1300000/ 1305303 entries, 99.59% (elapsed time 17937.3s, curr speed    0.070 kHz, avg speed    0.072 kHz), accepted    16791/ 1300001 events ( 1.29%)
Processed 1305303 preselected entries from root://cms-xrd-global.cern.ch//store/mc/RunIIFall17NanoAODv6/ZZTo2Q2Nu_TuneCP5_13TeV_amcatnloFXFX_madspin_pythia8/NANOAODSIM/PU2017_12Apr2018_Nano25Oct2019_102X_mc2017_realistic_v7-v1/70000/9056E5D3-70A3-5C46-96CE-2AE897278FCB.root (1305303 entries). Finally selected 16889 entries
Done /work/pbaertsc/heavy_resonance/output_2017/ZZTo2Q2Nu_TuneCP5_13TeV_amcatnloFXFX_madspin_pythia8__RunIIFall17NanoAODv6-PU2017_12Apr2018_Nano25Oct2019_102X_mc2017_realistic_v7-v1__NANOAODSIM/9056E5D3-70A3-5C46-96CE-2AE897278FCB.root
72.2198492643 Hz
deleting root file with name: /work/pbaertsc/heavy_resonance/output_2017/ZZTo2Q2Nu_TuneCP5_13TeV_amcatnloFXFX_madspin_pythia8__RunIIFall17NanoAODv6-PU2017_12Apr2018_Nano25Oct2019_102X_mc2017_realistic_v7-v1__NANOAODSIM/9056E5D3-70A3-5C46-96CE-2AE897278FCB.root
DONE
Complete at
Fri Jan 31 01:55:45 CET 2020
