job start at
Thu Jan 30 19:13:54 CET 2020
SLURM_JOB_ID: 437365
HOSTNAME: t3wn47
JOBLIST:joblist/joblist_WWTo2L2Nu_NNPDF31_TuneCP5_13TeV-powheg-pythia8__RunIIAutumn18NanoAODv6-Nano25Oct2019_102X_upgrade2018_realistic_v20-v1__NANOAODSIM_ll.txt
Going to execute
python job.py -i root://cms-xrd-global.cern.ch//store/mc/RunIIAutumn18NanoAODv6/WWTo2L2Nu_NNPDF31_TuneCP5_13TeV-powheg-pythia8/NANOAODSIM/Nano25Oct2019_102X_upgrade2018_realistic_v20-v1/40000/3D739AB3-7292-0F4C-93A2-AF1CB4AE97C8.root -o /work/pbaertsc/heavy_resonance/output_2018/WWTo2L2Nu_NNPDF31_TuneCP5_13TeV-powheg-pythia8__RunIIAutumn18NanoAODv6-Nano25Oct2019_102X_upgrade2018_realistic_v20-v1__NANOAODSIM -N WWTo2L2Nu_NNPDF31_TuneCP5_13TeV-powheg-pythia8__RunIIAutumn18NanoAODv6-Nano25Oct2019_102X_upgrade2018_realistic_v20-v1__NANOAODSIM -n 3 -c ll -y 2018
TClass::Init:0: RuntimeWarning: no dictionary for class ROOT::TIOFeatures is available
/work/pbaertsc/heavy_resonance/CMSSW_9_4_6/python/PhysicsTools/NanoAODTools/postprocessing/framework/treeReaderArrayTools.py:69: RuntimeWarning: creating executor for unknown type "ULong64_t*"
  ret = _vr.Get()[0]
JEC= Autumn18_V19_MC 	 JER= Autumn18_V7_MC
MET branch= PuppiMET
JEC= Autumn18_V19_MC 	 JER= Autumn18_V7_MC
MET branch= PuppiMET
--------------------------------------------------------------------------------
input files  = ['root://cms-xrd-global.cern.ch//store/mc/RunIIAutumn18NanoAODv6/WWTo2L2Nu_NNPDF31_TuneCP5_13TeV-powheg-pythia8/NANOAODSIM/Nano25Oct2019_102X_upgrade2018_realistic_v20-v1/40000/3D739AB3-7292-0F4C-93A2-AF1CB4AE97C8.root']
output directory = /work/pbaertsc/heavy_resonance/output_2018/WWTo2L2Nu_NNPDF31_TuneCP5_13TeV-powheg-pythia8__RunIIAutumn18NanoAODv6-Nano25Oct2019_102X_upgrade2018_realistic_v20-v1__NANOAODSIM
output file  = WWTo2L2Nu_NNPDF31_TuneCP5_13TeV-powheg-pythia8__RunIIAutumn18NanoAODv6-Nano25Oct2019_102X_upgrade2018_realistic_v20-v1__NANOAODSIM_3_ll.root
chunck       = 3
channel      = ll
dataType     = mc
year         = 2018
tes          = 1.0
ltf          = 1.0
jtf          = 1.0
--------------------------------------------------------------------------------
job.py: creating PostProcessor...
TreeProducer is called /work/pbaertsc/heavy_resonance/output_2018/WWTo2L2Nu_NNPDF31_TuneCP5_13TeV-powheg-pythia8__RunIIAutumn18NanoAODv6-Nano25Oct2019_102X_upgrade2018_realistic_v20-v1__NANOAODSIM/WWTo2L2Nu_NNPDF31_TuneCP5_13TeV-powheg-pythia8__RunIIAutumn18NanoAODv6-Nano25Oct2019_102X_upgrade2018_realistic_v20-v1__NANOAODSIM_3_ll.root
job.py: going to run PostProcessor...
Will write selected trees to /work/pbaertsc/heavy_resonance/output_2018/WWTo2L2Nu_NNPDF31_TuneCP5_13TeV-powheg-pythia8__RunIIAutumn18NanoAODv6-Nano25Oct2019_102X_upgrade2018_realistic_v20-v1__NANOAODSIM
Loading jet energy scale (JES) uncertainties from file '/tmp/tmpahmX0F/Autumn18_V19_MC_Uncertainty_AK4PFchs.txt'
Loading jet energy resolutions (JER) from file '/tmp/tmpfh2n7H/Autumn18_V7_MC_PtResolution_AK4PFchs.txt'
Loading JER scale factors and uncertainties from file '/tmp/tmpfh2n7H/Autumn18_V7_MC_SF_AK4PFchs.txt'
Loading jet energy scale (JES) uncertainties from file '/tmp/tmpcJ0u7f/Autumn18_V19_MC_Uncertainty_AK8PFPuppi.txt'
Loading jet energy resolutions (JER) from file '/tmp/tmpN9uLw9/Autumn18_V7_MC_PtResolution_AK8PFPuppi.txt'
Loading JER scale factors and uncertainties from file '/tmp/tmpN9uLw9/Autumn18_V7_MC_SF_AK8PFPuppi.txt'
Pre-select 667600 entries out of 667600 (100.00%)
nanoAODv5? True
TtoEM trigger inconsistency
TtoEM trigger inconsistency
TtoEM trigger inconsistency
TtoEM trigger inconsistency
TtoEM trigger inconsistency
TtoEM trigger inconsistency
Processed    10000/  667600 entries,  1.50% (elapsed time   282.6s, curr speed    0.035 kHz, avg speed    0.035 kHz), accepted       35/   10001 events ( 0.35%)
TtoEM trigger inconsistency
TtoEM trigger inconsistency
TtoEM trigger inconsistency
TtoEM trigger inconsistency
Processed    20000/  667600 entries,  3.00% (elapsed time   562.6s, curr speed    0.036 kHz, avg speed    0.036 kHz), accepted       82/   20001 events ( 0.41%)
TtoEM trigger inconsistency
TtoEM trigger inconsistency
TtoEM trigger inconsistency
Processed    30000/  667600 entries,  4.49% (elapsed time   846.0s, curr speed    0.035 kHz, avg speed    0.035 kHz), accepted      123/   30001 events ( 0.41%)
TtoEM trigger inconsistency
TtoEM trigger inconsistency
Processed    40000/  667600 entries,  5.99% (elapsed time  1128.3s, curr speed    0.035 kHz, avg speed    0.035 kHz), accepted      166/   40001 events ( 0.41%)
TtoEM trigger inconsistency
TtoEM trigger inconsistency
TtoEM trigger inconsistency
TtoEM trigger inconsistency
TtoEM trigger inconsistency
TtoEM trigger inconsistency
Processed    50000/  667600 entries,  7.49% (elapsed time  1410.6s, curr speed    0.035 kHz, avg speed    0.035 kHz), accepted      217/   50001 events ( 0.43%)
TtoEM trigger inconsistency
Processed    60000/  667600 entries,  8.99% (elapsed time  1693.2s, curr speed    0.035 kHz, avg speed    0.035 kHz), accepted      285/   60001 events ( 0.47%)
TtoEM trigger inconsistency
TtoEM trigger inconsistency
TtoEM trigger inconsistency
TtoEM trigger inconsistency
TtoEM trigger inconsistency
Processed    70000/  667600 entries, 10.49% (elapsed time  1981.9s, curr speed    0.035 kHz, avg speed    0.035 kHz), accepted      348/   70001 events ( 0.50%)
TtoEM trigger inconsistency
TtoEM trigger inconsistency
TtoEM trigger inconsistency
TtoEM trigger inconsistency
TtoEM trigger inconsistency
TtoEM trigger inconsistency
TtoEM trigger inconsistency
TtoEM trigger inconsistency
Processed    80000/  667600 entries, 11.98% (elapsed time  2267.6s, curr speed    0.035 kHz, avg speed    0.035 kHz), accepted      381/   80001 events ( 0.48%)
TtoEM trigger inconsistency
ZtoMM trigger inconsistency
TtoEM trigger inconsistency
TtoEM trigger inconsistency
Processed    90000/  667600 entries, 13.48% (elapsed time  2552.6s, curr speed    0.035 kHz, avg speed    0.035 kHz), accepted      426/   90001 events ( 0.47%)
TtoEM trigger inconsistency
TtoEM trigger inconsistency
TtoEM trigger inconsistency
Processed   100000/  667600 entries, 14.98% (elapsed time  2835.7s, curr speed    0.035 kHz, avg speed    0.035 kHz), accepted      471/  100001 events ( 0.47%)
TtoEM trigger inconsistency
TtoEM trigger inconsistency
TtoEM trigger inconsistency
TtoEM trigger inconsistency
Processed   110000/  667600 entries, 16.48% (elapsed time  3117.9s, curr speed    0.035 kHz, avg speed    0.035 kHz), accepted      516/  110001 events ( 0.47%)
TtoEM trigger inconsistency
Processed   120000/  667600 entries, 17.97% (elapsed time  3406.8s, curr speed    0.035 kHz, avg speed    0.035 kHz), accepted      580/  120001 events ( 0.48%)
TtoEM trigger inconsistency
TtoEM trigger inconsistency
TtoEM trigger inconsistency
Processed   130000/  667600 entries, 19.47% (elapsed time  3694.3s, curr speed    0.035 kHz, avg speed    0.035 kHz), accepted      621/  130001 events ( 0.48%)
TtoEM trigger inconsistency
TtoEM trigger inconsistency
TtoEM trigger inconsistency
TtoEM trigger inconsistency
Processed   140000/  667600 entries, 20.97% (elapsed time  3980.0s, curr speed    0.035 kHz, avg speed    0.035 kHz), accepted      662/  140001 events ( 0.47%)
TtoEM trigger inconsistency
TtoEM trigger inconsistency
TtoEM trigger inconsistency
TtoEM trigger inconsistency
TtoEM trigger inconsistency
TtoEM trigger inconsistency
Processed   150000/  667600 entries, 22.47% (elapsed time  4264.1s, curr speed    0.035 kHz, avg speed    0.035 kHz), accepted      703/  150001 events ( 0.47%)
TtoEM trigger inconsistency
TtoEM trigger inconsistency
TtoEM trigger inconsistency
Processed   160000/  667600 entries, 23.97% (elapsed time  4536.4s, curr speed    0.037 kHz, avg speed    0.035 kHz), accepted      755/  160001 events ( 0.47%)
TtoEM trigger inconsistency
ZtoMM trigger inconsistency
TtoEM trigger inconsistency
Processed   170000/  667600 entries, 25.46% (elapsed time  4813.3s, curr speed    0.036 kHz, avg speed    0.035 kHz), accepted      807/  170001 events ( 0.47%)
TtoEM trigger inconsistency
TtoEM trigger inconsistency
TtoEM trigger inconsistency
Processed   180000/  667600 entries, 26.96% (elapsed time  5090.1s, curr speed    0.036 kHz, avg speed    0.035 kHz), accepted      851/  180001 events ( 0.47%)
TtoEM trigger inconsistency
Processed   190000/  667600 entries, 28.46% (elapsed time  5367.1s, curr speed    0.036 kHz, avg speed    0.035 kHz), accepted      900/  190001 events ( 0.47%)
TtoEM trigger inconsistency
TtoEM trigger inconsistency
TtoEM trigger inconsistency
TtoEM trigger inconsistency
ZtoMM trigger inconsistency
Processed   200000/  667600 entries, 29.96% (elapsed time  5644.5s, curr speed    0.036 kHz, avg speed    0.035 kHz), accepted      948/  200001 events ( 0.47%)
TtoEM trigger inconsistency
TtoEM trigger inconsistency
TtoEM trigger inconsistency
TtoEM trigger inconsistency
TtoEM trigger inconsistency
Processed   210000/  667600 entries, 31.46% (elapsed time  5914.5s, curr speed    0.037 kHz, avg speed    0.036 kHz), accepted     1002/  210001 events ( 0.48%)
TtoEM trigger inconsistency
TtoEM trigger inconsistency
Processed   220000/  667600 entries, 32.95% (elapsed time  6173.4s, curr speed    0.039 kHz, avg speed    0.036 kHz), accepted     1053/  220001 events ( 0.48%)
TtoEM trigger inconsistency
TtoEM trigger inconsistency
TtoEM trigger inconsistency
Processed   230000/  667600 entries, 34.45% (elapsed time  6450.0s, curr speed    0.036 kHz, avg speed    0.036 kHz), accepted     1102/  230001 events ( 0.48%)
TtoEM trigger inconsistency
TtoEM trigger inconsistency
TtoEM trigger inconsistency
TtoEM trigger inconsistency
TtoEM trigger inconsistency
Processed   240000/  667600 entries, 35.95% (elapsed time  6729.5s, curr speed    0.036 kHz, avg speed    0.036 kHz), accepted     1160/  240001 events ( 0.48%)
TtoEM trigger inconsistency
TtoEM trigger inconsistency
TtoEM trigger inconsistency
TtoEM trigger inconsistency
TtoEM trigger inconsistency
TtoEM trigger inconsistency
TtoEM trigger inconsistency
Processed   250000/  667600 entries, 37.45% (elapsed time  7006.3s, curr speed    0.036 kHz, avg speed    0.036 kHz), accepted     1208/  250001 events ( 0.48%)
TtoEM trigger inconsistency
TtoEM trigger inconsistency
TtoEM trigger inconsistency
Processed   260000/  667600 entries, 38.95% (elapsed time  7283.2s, curr speed    0.036 kHz, avg speed    0.036 kHz), accepted     1252/  260001 events ( 0.48%)
TtoEM trigger inconsistency
TtoEM trigger inconsistency
TtoEM trigger inconsistency
Processed   270000/  667600 entries, 40.44% (elapsed time  7559.2s, curr speed    0.036 kHz, avg speed    0.036 kHz), accepted     1294/  270001 events ( 0.48%)
TtoEM trigger inconsistency
TtoEM trigger inconsistency
TtoEM trigger inconsistency
TtoEM trigger inconsistency
TtoEM trigger inconsistency
TtoEM trigger inconsistency
Processed   280000/  667600 entries, 41.94% (elapsed time  7837.9s, curr speed    0.036 kHz, avg speed    0.036 kHz), accepted     1347/  280001 events ( 0.48%)
TtoEM trigger inconsistency
TtoEM trigger inconsistency
TtoEM trigger inconsistency
Processed   290000/  667600 entries, 43.44% (elapsed time  8113.9s, curr speed    0.036 kHz, avg speed    0.036 kHz), accepted     1396/  290001 events ( 0.48%)
TtoEM trigger inconsistency
TtoEM trigger inconsistency
TtoEM trigger inconsistency
TtoEM trigger inconsistency
Processed   300000/  667600 entries, 44.94% (elapsed time  8394.5s, curr speed    0.036 kHz, avg speed    0.036 kHz), accepted     1441/  300001 events ( 0.48%)
TtoEM trigger inconsistency
TtoEM trigger inconsistency
TtoEM trigger inconsistency
TtoEM trigger inconsistency
TtoEM trigger inconsistency
TtoEM trigger inconsistency
Processed   310000/  667600 entries, 46.43% (elapsed time  8672.4s, curr speed    0.036 kHz, avg speed    0.036 kHz), accepted     1490/  310001 events ( 0.48%)
TtoEM trigger inconsistency
TtoEM trigger inconsistency
Processed   320000/  667600 entries, 47.93% (elapsed time  8949.7s, curr speed    0.036 kHz, avg speed    0.036 kHz), accepted     1524/  320001 events ( 0.48%)
TtoEM trigger inconsistency
TtoEM trigger inconsistency
TtoEM trigger inconsistency
TtoEM trigger inconsistency
Processed   330000/  667600 entries, 49.43% (elapsed time  9228.8s, curr speed    0.036 kHz, avg speed    0.036 kHz), accepted     1584/  330001 events ( 0.48%)
TtoEM trigger inconsistency
TtoEM trigger inconsistency
TtoEM trigger inconsistency
Processed   340000/  667600 entries, 50.93% (elapsed time  9502.7s, curr speed    0.037 kHz, avg speed    0.036 kHz), accepted     1622/  340001 events ( 0.48%)
TtoEM trigger inconsistency
TtoEM trigger inconsistency
TtoEM trigger inconsistency
TtoEM trigger inconsistency
TtoEM trigger inconsistency
Processed   350000/  667600 entries, 52.43% (elapsed time  9780.3s, curr speed    0.036 kHz, avg speed    0.036 kHz), accepted     1664/  350001 events ( 0.48%)
TtoEM trigger inconsistency
Processed   360000/  667600 entries, 53.92% (elapsed time 10058.0s, curr speed    0.036 kHz, avg speed    0.036 kHz), accepted     1716/  360001 events ( 0.48%)
Processed   370000/  667600 entries, 55.42% (elapsed time 10336.1s, curr speed    0.036 kHz, avg speed    0.036 kHz), accepted     1761/  370001 events ( 0.48%)
Processed   380000/  667600 entries, 56.92% (elapsed time 10617.5s, curr speed    0.036 kHz, avg speed    0.036 kHz), accepted     1811/  380001 events ( 0.48%)
TtoEM trigger inconsistency
TtoEM trigger inconsistency
TtoEM trigger inconsistency
TtoEM trigger inconsistency
Processed   390000/  667600 entries, 58.42% (elapsed time 10895.6s, curr speed    0.036 kHz, avg speed    0.036 kHz), accepted     1867/  390001 events ( 0.48%)
TtoEM trigger inconsistency
TtoEM trigger inconsistency
TtoEM trigger inconsistency
TtoEM trigger inconsistency
Processed   400000/  667600 entries, 59.92% (elapsed time 11172.9s, curr speed    0.036 kHz, avg speed    0.036 kHz), accepted     1915/  400001 events ( 0.48%)
TtoEM trigger inconsistency
TtoEM trigger inconsistency
TtoEM trigger inconsistency
TtoEM trigger inconsistency
Processed   410000/  667600 entries, 61.41% (elapsed time 11453.2s, curr speed    0.036 kHz, avg speed    0.036 kHz), accepted     1972/  410001 events ( 0.48%)
TtoEM trigger inconsistency
TtoEM trigger inconsistency
Processed   420000/  667600 entries, 62.91% (elapsed time 11730.9s, curr speed    0.036 kHz, avg speed    0.036 kHz), accepted     2016/  420001 events ( 0.48%)
TtoEM trigger inconsistency
TtoEM trigger inconsistency
Processed   430000/  667600 entries, 64.41% (elapsed time 12010.9s, curr speed    0.036 kHz, avg speed    0.036 kHz), accepted     2070/  430001 events ( 0.48%)
TtoEM trigger inconsistency
TtoEM trigger inconsistency
TtoEM trigger inconsistency
TtoEM trigger inconsistency
Processed   440000/  667600 entries, 65.91% (elapsed time 12290.5s, curr speed    0.036 kHz, avg speed    0.036 kHz), accepted     2115/  440001 events ( 0.48%)
TtoEM trigger inconsistency
TtoEM trigger inconsistency
Processed   450000/  667600 entries, 67.41% (elapsed time 12570.4s, curr speed    0.036 kHz, avg speed    0.036 kHz), accepted     2170/  450001 events ( 0.48%)
TtoEM trigger inconsistency
TtoEM trigger inconsistency
Processed   460000/  667600 entries, 68.90% (elapsed time 12849.9s, curr speed    0.036 kHz, avg speed    0.036 kHz), accepted     2223/  460001 events ( 0.48%)
TtoEM trigger inconsistency
TtoEM trigger inconsistency
TtoEM trigger inconsistency
TtoEM trigger inconsistency
Processed   470000/  667600 entries, 70.40% (elapsed time 13125.9s, curr speed    0.036 kHz, avg speed    0.036 kHz), accepted     2266/  470001 events ( 0.48%)
TtoEM trigger inconsistency
TtoEM trigger inconsistency
TtoEM trigger inconsistency
TtoEM trigger inconsistency
TtoEM trigger inconsistency
TtoEM trigger inconsistency
TtoEM trigger inconsistency
TtoEM trigger inconsistency
Processed   480000/  667600 entries, 71.90% (elapsed time 13405.8s, curr speed    0.036 kHz, avg speed    0.036 kHz), accepted     2312/  480001 events ( 0.48%)
TtoEM trigger inconsistency
TtoEM trigger inconsistency
Processed   490000/  667600 entries, 73.40% (elapsed time 13682.8s, curr speed    0.036 kHz, avg speed    0.036 kHz), accepted     2367/  490001 events ( 0.48%)
TtoEM trigger inconsistency
TtoEM trigger inconsistency
TtoEM trigger inconsistency
Processed   500000/  667600 entries, 74.90% (elapsed time 13959.1s, curr speed    0.036 kHz, avg speed    0.036 kHz), accepted     2410/  500001 events ( 0.48%)
TtoEM trigger inconsistency
TtoEM trigger inconsistency
Processed   510000/  667600 entries, 76.39% (elapsed time 14241.2s, curr speed    0.035 kHz, avg speed    0.036 kHz), accepted     2455/  510001 events ( 0.48%)
TtoEM trigger inconsistency
TtoEM trigger inconsistency
TtoEM trigger inconsistency
TtoEM trigger inconsistency
TtoEM trigger inconsistency
Processed   520000/  667600 entries, 77.89% (elapsed time 14520.4s, curr speed    0.036 kHz, avg speed    0.036 kHz), accepted     2499/  520001 events ( 0.48%)
TtoEM trigger inconsistency
TtoEM trigger inconsistency
TtoEM trigger inconsistency
Processed   530000/  667600 entries, 79.39% (elapsed time 14801.8s, curr speed    0.036 kHz, avg speed    0.036 kHz), accepted     2551/  530001 events ( 0.48%)
TtoEM trigger inconsistency
TtoEM trigger inconsistency
TtoEM trigger inconsistency
TtoEM trigger inconsistency
TtoEM trigger inconsistency
TtoEM trigger inconsistency
Processed   540000/  667600 entries, 80.89% (elapsed time 15081.8s, curr speed    0.036 kHz, avg speed    0.036 kHz), accepted     2607/  540001 events ( 0.48%)
TtoEM trigger inconsistency
TtoEM trigger inconsistency
TtoEM trigger inconsistency
TtoEM trigger inconsistency
TtoEM trigger inconsistency
TtoEM trigger inconsistency
Processed   550000/  667600 entries, 82.38% (elapsed time 15356.8s, curr speed    0.036 kHz, avg speed    0.036 kHz), accepted     2653/  550001 events ( 0.48%)
TtoEM trigger inconsistency
%MSG-e SimpleJetCorrectionUncertainty: 
 bin variables out of range
%MSG
%MSG-e SimpleJetCorrectionUncertainty: 
 bin variables out of range
%MSG
TtoEM trigger inconsistency
TtoEM trigger inconsistency
Processed   560000/  667600 entries, 83.88% (elapsed time 15635.2s, curr speed    0.036 kHz, avg speed    0.036 kHz), accepted     2695/  560001 events ( 0.48%)
TtoEM trigger inconsistency
TtoEM trigger inconsistency
TtoEM trigger inconsistency
Processed   570000/  667600 entries, 85.38% (elapsed time 15914.2s, curr speed    0.036 kHz, avg speed    0.036 kHz), accepted     2745/  570001 events ( 0.48%)
TtoEM trigger inconsistency
TtoEM trigger inconsistency
TtoEM trigger inconsistency
TtoEM trigger inconsistency
TtoEM trigger inconsistency
Processed   580000/  667600 entries, 86.88% (elapsed time 16190.8s, curr speed    0.036 kHz, avg speed    0.036 kHz), accepted     2787/  580001 events ( 0.48%)
TtoEM trigger inconsistency
TtoEM trigger inconsistency
TtoEM trigger inconsistency
TtoEM trigger inconsistency
TtoEM trigger inconsistency
TtoEM trigger inconsistency
Processed   590000/  667600 entries, 88.38% (elapsed time 16476.2s, curr speed    0.035 kHz, avg speed    0.036 kHz), accepted     2833/  590001 events ( 0.48%)
TtoEM trigger inconsistency
TtoEM trigger inconsistency
TtoEM trigger inconsistency
TtoEM trigger inconsistency
TtoEM trigger inconsistency
TtoEM trigger inconsistency
TtoEM trigger inconsistency
Processed   600000/  667600 entries, 89.87% (elapsed time 16756.6s, curr speed    0.036 kHz, avg speed    0.036 kHz), accepted     2878/  600001 events ( 0.48%)
TtoEM trigger inconsistency
TtoEM trigger inconsistency
TtoEM trigger inconsistency
TtoEM trigger inconsistency
TtoEM trigger inconsistency
Processed   610000/  667600 entries, 91.37% (elapsed time 17039.1s, curr speed    0.035 kHz, avg speed    0.036 kHz), accepted     2922/  610001 events ( 0.48%)
TtoEM trigger inconsistency
TtoEM trigger inconsistency
TtoEM trigger inconsistency
Bad event
Processed   620000/  667600 entries, 92.87% (elapsed time 17323.2s, curr speed    0.035 kHz, avg speed    0.036 kHz), accepted     2977/  620001 events ( 0.48%)
TtoEM trigger inconsistency
TtoEM trigger inconsistency
TtoEM trigger inconsistency
TtoEM trigger inconsistency
TtoEM trigger inconsistency
TtoEM trigger inconsistency
TtoEM trigger inconsistency
Processed   630000/  667600 entries, 94.37% (elapsed time 17602.4s, curr speed    0.036 kHz, avg speed    0.036 kHz), accepted     3029/  630001 events ( 0.48%)
TtoEM trigger inconsistency
TtoEM trigger inconsistency
TtoEM trigger inconsistency
ZtoMM trigger inconsistency
TtoEM trigger inconsistency
TtoEM trigger inconsistency
TtoEM trigger inconsistency
Processed   640000/  667600 entries, 95.87% (elapsed time 17879.5s, curr speed    0.036 kHz, avg speed    0.036 kHz), accepted     3066/  640001 events ( 0.48%)
TtoEM trigger inconsistency
TtoEM trigger inconsistency
TtoEM trigger inconsistency
TtoEM trigger inconsistency
TtoEM trigger inconsistency
TtoEM trigger inconsistency
TtoEM trigger inconsistency
TtoEM trigger inconsistency
Processed   650000/  667600 entries, 97.36% (elapsed time 18160.3s, curr speed    0.036 kHz, avg speed    0.036 kHz), accepted     3105/  650001 events ( 0.48%)
TtoEM trigger inconsistency
TtoEM trigger inconsistency
TtoEM trigger inconsistency
TtoEM trigger inconsistency
Processed   660000/  667600 entries, 98.86% (elapsed time 18440.8s, curr speed    0.036 kHz, avg speed    0.036 kHz), accepted     3149/  660001 events ( 0.48%)
TtoEM trigger inconsistency
TtoEM trigger inconsistency
Processed 667600 preselected entries from root://cms-xrd-global.cern.ch//store/mc/RunIIAutumn18NanoAODv6/WWTo2L2Nu_NNPDF31_TuneCP5_13TeV-powheg-pythia8/NANOAODSIM/Nano25Oct2019_102X_upgrade2018_realistic_v20-v1/40000/3D739AB3-7292-0F4C-93A2-AF1CB4AE97C8.root (667600 entries). Finally selected 3188 entries
Done /work/pbaertsc/heavy_resonance/output_2018/WWTo2L2Nu_NNPDF31_TuneCP5_13TeV-powheg-pythia8__RunIIAutumn18NanoAODv6-Nano25Oct2019_102X_upgrade2018_realistic_v20-v1__NANOAODSIM/3D739AB3-7292-0F4C-93A2-AF1CB4AE97C8.root
35.7523661308 Hz
deleting root file with name: /work/pbaertsc/heavy_resonance/output_2018/WWTo2L2Nu_NNPDF31_TuneCP5_13TeV-powheg-pythia8__RunIIAutumn18NanoAODv6-Nano25Oct2019_102X_upgrade2018_realistic_v20-v1__NANOAODSIM/3D739AB3-7292-0F4C-93A2-AF1CB4AE97C8.root
DONE
Complete at
Fri Jan 31 00:40:31 CET 2020
