job start at
Thu Jan 30 19:14:09 CET 2020
SLURM_JOB_ID: 437507
HOSTNAME: t3wn40
JOBLIST:joblist/joblist_ZH_HToBB_ZToLL_M125_13TeV_powheg_pythia8__RunIIAutumn18NanoAODv6-Nano25Oct2019_102X_upgrade2018_realistic_v20-v1__NANOAODSIM_ll.txt
Going to execute
python job.py -i root://cms-xrd-global.cern.ch//store/mc/RunIIAutumn18NanoAODv6/ZH_HToBB_ZToLL_M125_13TeV_powheg_pythia8/NANOAODSIM/Nano25Oct2019_102X_upgrade2018_realistic_v20-v1/230000/DFD2630A-096A-DB4F-932C-C97497CA6C2F.root -o /work/pbaertsc/heavy_resonance/output_2018/ZH_HToBB_ZToLL_M125_13TeV_powheg_pythia8__RunIIAutumn18NanoAODv6-Nano25Oct2019_102X_upgrade2018_realistic_v20-v1__NANOAODSIM -N ZH_HToBB_ZToLL_M125_13TeV_powheg_pythia8__RunIIAutumn18NanoAODv6-Nano25Oct2019_102X_upgrade2018_realistic_v20-v1__NANOAODSIM -n 5 -c ll -y 2018
TClass::Init:0: RuntimeWarning: no dictionary for class ROOT::TIOFeatures is available
/work/pbaertsc/heavy_resonance/CMSSW_9_4_6/python/PhysicsTools/NanoAODTools/postprocessing/framework/treeReaderArrayTools.py:69: RuntimeWarning: creating executor for unknown type "ULong64_t*"
  ret = _vr.Get()[0]
JEC= Autumn18_V19_MC 	 JER= Autumn18_V7_MC
MET branch= PuppiMET
JEC= Autumn18_V19_MC 	 JER= Autumn18_V7_MC
MET branch= PuppiMET
--------------------------------------------------------------------------------
input files  = ['root://cms-xrd-global.cern.ch//store/mc/RunIIAutumn18NanoAODv6/ZH_HToBB_ZToLL_M125_13TeV_powheg_pythia8/NANOAODSIM/Nano25Oct2019_102X_upgrade2018_realistic_v20-v1/230000/DFD2630A-096A-DB4F-932C-C97497CA6C2F.root']
output directory = /work/pbaertsc/heavy_resonance/output_2018/ZH_HToBB_ZToLL_M125_13TeV_powheg_pythia8__RunIIAutumn18NanoAODv6-Nano25Oct2019_102X_upgrade2018_realistic_v20-v1__NANOAODSIM
output file  = ZH_HToBB_ZToLL_M125_13TeV_powheg_pythia8__RunIIAutumn18NanoAODv6-Nano25Oct2019_102X_upgrade2018_realistic_v20-v1__NANOAODSIM_5_ll.root
chunck       = 5
channel      = ll
dataType     = mc
year         = 2018
tes          = 1.0
ltf          = 1.0
jtf          = 1.0
--------------------------------------------------------------------------------
job.py: creating PostProcessor...
TreeProducer is called /work/pbaertsc/heavy_resonance/output_2018/ZH_HToBB_ZToLL_M125_13TeV_powheg_pythia8__RunIIAutumn18NanoAODv6-Nano25Oct2019_102X_upgrade2018_realistic_v20-v1__NANOAODSIM/ZH_HToBB_ZToLL_M125_13TeV_powheg_pythia8__RunIIAutumn18NanoAODv6-Nano25Oct2019_102X_upgrade2018_realistic_v20-v1__NANOAODSIM_5_ll.root
job.py: going to run PostProcessor...
Will write selected trees to /work/pbaertsc/heavy_resonance/output_2018/ZH_HToBB_ZToLL_M125_13TeV_powheg_pythia8__RunIIAutumn18NanoAODv6-Nano25Oct2019_102X_upgrade2018_realistic_v20-v1__NANOAODSIM
Loading jet energy scale (JES) uncertainties from file '/tmp/tmpjHmoBC/Autumn18_V19_MC_Uncertainty_AK4PFchs.txt'
Loading jet energy resolutions (JER) from file '/tmp/tmpnjS_5S/Autumn18_V7_MC_PtResolution_AK4PFchs.txt'
Loading JER scale factors and uncertainties from file '/tmp/tmpnjS_5S/Autumn18_V7_MC_SF_AK4PFchs.txt'
Loading jet energy scale (JES) uncertainties from file '/tmp/tmpdX_HDh/Autumn18_V19_MC_Uncertainty_AK8PFPuppi.txt'
Loading jet energy resolutions (JER) from file '/tmp/tmplfjM3b/Autumn18_V7_MC_PtResolution_AK8PFPuppi.txt'
Loading JER scale factors and uncertainties from file '/tmp/tmplfjM3b/Autumn18_V7_MC_SF_AK8PFPuppi.txt'
Pre-select 1146600 entries out of 1146600 (100.00%)
nanoAODv5? True
Processed    10000/ 1146600 entries,  0.87% (elapsed time   158.4s, curr speed    0.063 kHz, avg speed    0.063 kHz), accepted      157/   10001 events ( 1.57%)
ZtoMM trigger inconsistency
ZtoMM trigger inconsistency
TtoEM trigger inconsistency
ZtoMM trigger inconsistency
Processed    20000/ 1146600 entries,  1.74% (elapsed time   312.3s, curr speed    0.065 kHz, avg speed    0.064 kHz), accepted      300/   20001 events ( 1.50%)
ZtoMM trigger inconsistency
ZtoMM trigger inconsistency
ZtoMM trigger inconsistency
ZtoMM trigger inconsistency
ZtoMM trigger inconsistency
Processed    30000/ 1146600 entries,  2.62% (elapsed time   466.4s, curr speed    0.065 kHz, avg speed    0.064 kHz), accepted      480/   30001 events ( 1.60%)
TtoEM trigger inconsistency
TtoEM trigger inconsistency
ZtoMM trigger inconsistency
ZtoMM trigger inconsistency
Processed    40000/ 1146600 entries,  3.49% (elapsed time   621.3s, curr speed    0.065 kHz, avg speed    0.064 kHz), accepted      624/   40001 events ( 1.56%)
TtoEM trigger inconsistency
ZtoMM trigger inconsistency
Processed    50000/ 1146600 entries,  4.36% (elapsed time   776.6s, curr speed    0.064 kHz, avg speed    0.064 kHz), accepted      808/   50001 events ( 1.62%)
ZtoMM trigger inconsistency
ZtoMM trigger inconsistency
Processed    60000/ 1146600 entries,  5.23% (elapsed time   930.6s, curr speed    0.065 kHz, avg speed    0.064 kHz), accepted      980/   60001 events ( 1.63%)
ZtoMM trigger inconsistency
TtoEM trigger inconsistency
ZtoMM trigger inconsistency
ZtoMM trigger inconsistency
ZtoMM trigger inconsistency
WARNING: jet m = -0.0 !!
Processed    70000/ 1146600 entries,  6.11% (elapsed time  1085.4s, curr speed    0.065 kHz, avg speed    0.064 kHz), accepted     1160/   70001 events ( 1.66%)
ZtoMM trigger inconsistency
ZtoMM trigger inconsistency
ZtoMM trigger inconsistency
Processed    80000/ 1146600 entries,  6.98% (elapsed time  1241.2s, curr speed    0.064 kHz, avg speed    0.064 kHz), accepted     1319/   80001 events ( 1.65%)
ZtoMM trigger inconsistency
ZtoEE trigger inconsistency
Processed    90000/ 1146600 entries,  7.85% (elapsed time  1396.4s, curr speed    0.064 kHz, avg speed    0.064 kHz), accepted     1486/   90001 events ( 1.65%)
ZtoMM trigger inconsistency
ZtoMM trigger inconsistency
Processed   100000/ 1146600 entries,  8.72% (elapsed time  1552.4s, curr speed    0.064 kHz, avg speed    0.064 kHz), accepted     1633/  100001 events ( 1.63%)
ZtoMM trigger inconsistency
ZtoMM trigger inconsistency
ZtoMM trigger inconsistency
Processed   110000/ 1146600 entries,  9.59% (elapsed time  1707.7s, curr speed    0.064 kHz, avg speed    0.064 kHz), accepted     1806/  110001 events ( 1.64%)
ZtoMM trigger inconsistency
ZtoMM trigger inconsistency
Processed   120000/ 1146600 entries, 10.47% (elapsed time  1863.9s, curr speed    0.064 kHz, avg speed    0.064 kHz), accepted     1958/  120001 events ( 1.63%)
TtoEM trigger inconsistency
ZtoMM trigger inconsistency
ZtoMM trigger inconsistency
ZtoMM trigger inconsistency
Processed   130000/ 1146600 entries, 11.34% (elapsed time  2019.8s, curr speed    0.064 kHz, avg speed    0.064 kHz), accepted     2134/  130001 events ( 1.64%)
ZtoMM trigger inconsistency
ZtoMM trigger inconsistency
Processed   140000/ 1146600 entries, 12.21% (elapsed time  2175.5s, curr speed    0.064 kHz, avg speed    0.064 kHz), accepted     2259/  140001 events ( 1.61%)
TtoEM trigger inconsistency
ZtoMM trigger inconsistency
TtoEM trigger inconsistency
ZtoMM trigger inconsistency
ZtoMM trigger inconsistency
Processed   150000/ 1146600 entries, 13.08% (elapsed time  2332.5s, curr speed    0.064 kHz, avg speed    0.064 kHz), accepted     2410/  150001 events ( 1.61%)
ZtoMM trigger inconsistency
ZtoMM trigger inconsistency
TtoEM trigger inconsistency
Processed   160000/ 1146600 entries, 13.95% (elapsed time  2488.1s, curr speed    0.064 kHz, avg speed    0.064 kHz), accepted     2579/  160001 events ( 1.61%)
TtoEM trigger inconsistency
TtoEM trigger inconsistency
ZtoMM trigger inconsistency
ZtoMM trigger inconsistency
ZtoEE trigger inconsistency
ZtoEE trigger inconsistency
Processed   170000/ 1146600 entries, 14.83% (elapsed time  2643.6s, curr speed    0.064 kHz, avg speed    0.064 kHz), accepted     2730/  170001 events ( 1.61%)
ZtoMM trigger inconsistency
ZtoMM trigger inconsistency
Processed   180000/ 1146600 entries, 15.70% (elapsed time  2799.2s, curr speed    0.064 kHz, avg speed    0.064 kHz), accepted     2860/  180001 events ( 1.59%)
ZtoMM trigger inconsistency
ZtoMM trigger inconsistency
ZtoMM trigger inconsistency
Processed   190000/ 1146600 entries, 16.57% (elapsed time  2956.8s, curr speed    0.063 kHz, avg speed    0.064 kHz), accepted     3042/  190001 events ( 1.60%)
TtoEM trigger inconsistency
ZtoMM trigger inconsistency
TtoEM trigger inconsistency
TtoEM trigger inconsistency
ZtoMM trigger inconsistency
ZtoMM trigger inconsistency
WARNING: jet m = -0.0 !!
Processed   200000/ 1146600 entries, 17.44% (elapsed time  3113.6s, curr speed    0.064 kHz, avg speed    0.064 kHz), accepted     3206/  200001 events ( 1.60%)
TtoEM trigger inconsistency
Processed   210000/ 1146600 entries, 18.32% (elapsed time  3270.6s, curr speed    0.064 kHz, avg speed    0.064 kHz), accepted     3353/  210001 events ( 1.60%)
ZtoMM trigger inconsistency
Processed   220000/ 1146600 entries, 19.19% (elapsed time  3424.7s, curr speed    0.065 kHz, avg speed    0.064 kHz), accepted     3501/  220001 events ( 1.59%)
ZtoMM trigger inconsistency
ZtoMM trigger inconsistency
TtoEM trigger inconsistency
Processed   230000/ 1146600 entries, 20.06% (elapsed time  3577.7s, curr speed    0.065 kHz, avg speed    0.064 kHz), accepted     3663/  230001 events ( 1.59%)
Bad event
ZtoMM trigger inconsistency
ZtoMM trigger inconsistency
ZtoEE trigger inconsistency
Processed   240000/ 1146600 entries, 20.93% (elapsed time  3732.6s, curr speed    0.065 kHz, avg speed    0.064 kHz), accepted     3814/  240001 events ( 1.59%)
ZtoMM trigger inconsistency
TtoEM trigger inconsistency
ZtoMM trigger inconsistency
Processed   250000/ 1146600 entries, 21.80% (elapsed time  3886.3s, curr speed    0.065 kHz, avg speed    0.064 kHz), accepted     3961/  250001 events ( 1.58%)
TtoEM trigger inconsistency
ZtoMM trigger inconsistency
ZtoMM trigger inconsistency
TtoEM trigger inconsistency
Processed   260000/ 1146600 entries, 22.68% (elapsed time  4041.3s, curr speed    0.065 kHz, avg speed    0.064 kHz), accepted     4120/  260001 events ( 1.58%)
ZtoMM trigger inconsistency
Processed   270000/ 1146600 entries, 23.55% (elapsed time  4195.1s, curr speed    0.065 kHz, avg speed    0.064 kHz), accepted     4273/  270001 events ( 1.58%)
ZtoMM trigger inconsistency
Processed   280000/ 1146600 entries, 24.42% (elapsed time  4349.5s, curr speed    0.065 kHz, avg speed    0.064 kHz), accepted     4427/  280001 events ( 1.58%)
ZtoMM trigger inconsistency
TtoEM trigger inconsistency
ZtoMM trigger inconsistency
ZtoMM trigger inconsistency
ZtoMM trigger inconsistency
ZtoMM trigger inconsistency
Processed   290000/ 1146600 entries, 25.29% (elapsed time  4502.5s, curr speed    0.065 kHz, avg speed    0.064 kHz), accepted     4587/  290001 events ( 1.58%)
ZtoMM trigger inconsistency
ZtoMM trigger inconsistency
ZtoMM trigger inconsistency
Processed   300000/ 1146600 entries, 26.16% (elapsed time  4657.6s, curr speed    0.064 kHz, avg speed    0.064 kHz), accepted     4744/  300001 events ( 1.58%)
ZtoMM trigger inconsistency
ZtoMM trigger inconsistency
ZtoMM trigger inconsistency
TtoEM trigger inconsistency
ZtoMM trigger inconsistency
Processed   310000/ 1146600 entries, 27.04% (elapsed time  4810.9s, curr speed    0.065 kHz, avg speed    0.064 kHz), accepted     4893/  310001 events ( 1.58%)
ZtoMM trigger inconsistency
TtoEM trigger inconsistency
Bad event
ZtoMM trigger inconsistency
Processed   320000/ 1146600 entries, 27.91% (elapsed time  4965.2s, curr speed    0.065 kHz, avg speed    0.064 kHz), accepted     5040/  320001 events ( 1.57%)
ZtoMM trigger inconsistency
ZtoMM trigger inconsistency
ZtoMM trigger inconsistency
ZtoMM trigger inconsistency
Processed   330000/ 1146600 entries, 28.78% (elapsed time  5122.1s, curr speed    0.064 kHz, avg speed    0.064 kHz), accepted     5189/  330001 events ( 1.57%)
ZtoEE trigger inconsistency
Processed   340000/ 1146600 entries, 29.65% (elapsed time  5276.6s, curr speed    0.065 kHz, avg speed    0.064 kHz), accepted     5332/  340001 events ( 1.57%)
ZtoMM trigger inconsistency
Bad event
ZtoMM trigger inconsistency
Processed   350000/ 1146600 entries, 30.53% (elapsed time  5431.6s, curr speed    0.065 kHz, avg speed    0.064 kHz), accepted     5490/  350001 events ( 1.57%)
Processed   360000/ 1146600 entries, 31.40% (elapsed time  5585.1s, curr speed    0.065 kHz, avg speed    0.064 kHz), accepted     5636/  360001 events ( 1.57%)
ZtoMM trigger inconsistency
ZtoMM trigger inconsistency
TtoEM trigger inconsistency
Processed   370000/ 1146600 entries, 32.27% (elapsed time  5739.1s, curr speed    0.065 kHz, avg speed    0.064 kHz), accepted     5778/  370001 events ( 1.56%)
ZtoMM trigger inconsistency
ZtoMM trigger inconsistency
ZtoEE trigger inconsistency
ZtoMM trigger inconsistency
Processed   380000/ 1146600 entries, 33.14% (elapsed time  5894.5s, curr speed    0.064 kHz, avg speed    0.064 kHz), accepted     5947/  380001 events ( 1.56%)
Processed   390000/ 1146600 entries, 34.01% (elapsed time  6048.2s, curr speed    0.065 kHz, avg speed    0.064 kHz), accepted     6107/  390001 events ( 1.57%)
ZtoMM trigger inconsistency
ZtoMM trigger inconsistency
ZtoMM trigger inconsistency
Processed   400000/ 1146600 entries, 34.89% (elapsed time  6202.5s, curr speed    0.065 kHz, avg speed    0.064 kHz), accepted     6267/  400001 events ( 1.57%)
TtoEM trigger inconsistency
ZtoMM trigger inconsistency
Processed   410000/ 1146600 entries, 35.76% (elapsed time  6356.2s, curr speed    0.065 kHz, avg speed    0.065 kHz), accepted     6432/  410001 events ( 1.57%)
ZtoEE trigger inconsistency
TtoEM trigger inconsistency
ZtoEE trigger inconsistency
ZtoMM trigger inconsistency
Processed   420000/ 1146600 entries, 36.63% (elapsed time  6511.8s, curr speed    0.064 kHz, avg speed    0.064 kHz), accepted     6601/  420001 events ( 1.57%)
TtoEM trigger inconsistency
ZtoMM trigger inconsistency
ZtoMM trigger inconsistency
ZtoEE trigger inconsistency
TtoEM trigger inconsistency
Processed   430000/ 1146600 entries, 37.50% (elapsed time  6665.7s, curr speed    0.065 kHz, avg speed    0.065 kHz), accepted     6782/  430001 events ( 1.58%)
ZtoMM trigger inconsistency
ZtoMM trigger inconsistency
Processed   440000/ 1146600 entries, 38.37% (elapsed time  6819.2s, curr speed    0.065 kHz, avg speed    0.065 kHz), accepted     6950/  440001 events ( 1.58%)
TtoEM trigger inconsistency
ZtoMM trigger inconsistency
TtoEM trigger inconsistency
ZtoMM trigger inconsistency
Processed   450000/ 1146600 entries, 39.25% (elapsed time  6973.3s, curr speed    0.065 kHz, avg speed    0.065 kHz), accepted     7096/  450001 events ( 1.58%)
ZtoEE trigger inconsistency
TtoEM trigger inconsistency
ZtoMM trigger inconsistency
ZtoMM trigger inconsistency
ZtoMM trigger inconsistency
WARNING: jet m = 0.0 !!
Processed   460000/ 1146600 entries, 40.12% (elapsed time  7126.2s, curr speed    0.065 kHz, avg speed    0.065 kHz), accepted     7239/  460001 events ( 1.57%)
Processed   470000/ 1146600 entries, 40.99% (elapsed time  7281.9s, curr speed    0.064 kHz, avg speed    0.065 kHz), accepted     7387/  470001 events ( 1.57%)
ZtoMM trigger inconsistency
ZtoMM trigger inconsistency
Processed   480000/ 1146600 entries, 41.86% (elapsed time  7434.7s, curr speed    0.065 kHz, avg speed    0.065 kHz), accepted     7536/  480001 events ( 1.57%)
ZtoEE trigger inconsistency
ZtoMM trigger inconsistency
Processed   490000/ 1146600 entries, 42.74% (elapsed time  7588.4s, curr speed    0.065 kHz, avg speed    0.065 kHz), accepted     7673/  490001 events ( 1.57%)
ZtoMM trigger inconsistency
Processed   500000/ 1146600 entries, 43.61% (elapsed time  7740.9s, curr speed    0.066 kHz, avg speed    0.065 kHz), accepted     7818/  500001 events ( 1.56%)
ZtoMM trigger inconsistency
Processed   510000/ 1146600 entries, 44.48% (elapsed time  7895.8s, curr speed    0.065 kHz, avg speed    0.065 kHz), accepted     7983/  510001 events ( 1.57%)
TtoEM trigger inconsistency
ZtoMM trigger inconsistency
Processed   520000/ 1146600 entries, 45.35% (elapsed time  8051.6s, curr speed    0.064 kHz, avg speed    0.065 kHz), accepted     8142/  520001 events ( 1.57%)
TtoEM trigger inconsistency
ZtoMM trigger inconsistency
ZtoMM trigger inconsistency
ZtoMM trigger inconsistency
ZtoMM trigger inconsistency
Processed   530000/ 1146600 entries, 46.22% (elapsed time  8206.3s, curr speed    0.065 kHz, avg speed    0.065 kHz), accepted     8311/  530001 events ( 1.57%)
ZtoEE trigger inconsistency
ZtoMM trigger inconsistency
TtoEM trigger inconsistency
Processed   540000/ 1146600 entries, 47.10% (elapsed time  8360.1s, curr speed    0.065 kHz, avg speed    0.065 kHz), accepted     8482/  540001 events ( 1.57%)
Processed   550000/ 1146600 entries, 47.97% (elapsed time  8514.6s, curr speed    0.065 kHz, avg speed    0.065 kHz), accepted     8633/  550001 events ( 1.57%)
ZtoMM trigger inconsistency
ZtoMM trigger inconsistency
ZtoMM trigger inconsistency
ZtoMM trigger inconsistency
Processed   560000/ 1146600 entries, 48.84% (elapsed time  8669.5s, curr speed    0.065 kHz, avg speed    0.065 kHz), accepted     8782/  560001 events ( 1.57%)
ZtoMM trigger inconsistency
ZtoMM trigger inconsistency
ZtoEE trigger inconsistency
ZtoMM trigger inconsistency
Bad event
ZtoMM trigger inconsistency
Processed   570000/ 1146600 entries, 49.71% (elapsed time  8823.6s, curr speed    0.065 kHz, avg speed    0.065 kHz), accepted     8948/  570001 events ( 1.57%)
ZtoMM trigger inconsistency
Processed   580000/ 1146600 entries, 50.58% (elapsed time  8978.3s, curr speed    0.065 kHz, avg speed    0.065 kHz), accepted     9092/  580001 events ( 1.57%)
ZtoMM trigger inconsistency
ZtoEE trigger inconsistency
Processed   590000/ 1146600 entries, 51.46% (elapsed time  9133.4s, curr speed    0.064 kHz, avg speed    0.065 kHz), accepted     9240/  590001 events ( 1.57%)
ZtoMM trigger inconsistency
ZtoMM trigger inconsistency
ZtoMM trigger inconsistency
ZtoMM trigger inconsistency
ZtoMM trigger inconsistency
ZtoMM trigger inconsistency
ZtoEE trigger inconsistency
Processed   600000/ 1146600 entries, 52.33% (elapsed time  9286.9s, curr speed    0.065 kHz, avg speed    0.065 kHz), accepted     9378/  600001 events ( 1.56%)
Bad event
ZtoMM trigger inconsistency
ZtoMM trigger inconsistency
Processed   610000/ 1146600 entries, 53.20% (elapsed time  9440.8s, curr speed    0.065 kHz, avg speed    0.065 kHz), accepted     9545/  610001 events ( 1.56%)
ZtoMM trigger inconsistency
ZtoMM trigger inconsistency
Processed   620000/ 1146600 entries, 54.07% (elapsed time  9595.6s, curr speed    0.065 kHz, avg speed    0.065 kHz), accepted     9733/  620001 events ( 1.57%)
Bad event
ZtoMM trigger inconsistency
ZtoMM trigger inconsistency
Processed   630000/ 1146600 entries, 54.95% (elapsed time  9749.5s, curr speed    0.065 kHz, avg speed    0.065 kHz), accepted     9881/  630001 events ( 1.57%)
ZtoMM trigger inconsistency
ZtoMM trigger inconsistency
ZtoMM trigger inconsistency
Processed   640000/ 1146600 entries, 55.82% (elapsed time  9903.7s, curr speed    0.065 kHz, avg speed    0.065 kHz), accepted    10029/  640001 events ( 1.57%)
ZtoMM trigger inconsistency
ZtoEE trigger inconsistency
ZtoMM trigger inconsistency
TtoEM trigger inconsistency
Processed   650000/ 1146600 entries, 56.69% (elapsed time 10058.2s, curr speed    0.065 kHz, avg speed    0.065 kHz), accepted    10181/  650001 events ( 1.57%)
ZtoMM trigger inconsistency
Processed   660000/ 1146600 entries, 57.56% (elapsed time 10215.0s, curr speed    0.064 kHz, avg speed    0.065 kHz), accepted    10341/  660001 events ( 1.57%)
TtoEM trigger inconsistency
ZtoMM trigger inconsistency
ZtoMM trigger inconsistency
Processed   670000/ 1146600 entries, 58.43% (elapsed time 10368.7s, curr speed    0.065 kHz, avg speed    0.065 kHz), accepted    10469/  670001 events ( 1.56%)
TtoEM trigger inconsistency
ZtoMM trigger inconsistency
ZtoMM trigger inconsistency
Processed   680000/ 1146600 entries, 59.31% (elapsed time 10523.8s, curr speed    0.064 kHz, avg speed    0.065 kHz), accepted    10638/  680001 events ( 1.56%)
TtoEM trigger inconsistency
ZtoMM trigger inconsistency
ZtoMM trigger inconsistency
Processed   690000/ 1146600 entries, 60.18% (elapsed time 10679.3s, curr speed    0.064 kHz, avg speed    0.065 kHz), accepted    10795/  690001 events ( 1.56%)
ZtoMM trigger inconsistency
Processed   700000/ 1146600 entries, 61.05% (elapsed time 10833.0s, curr speed    0.065 kHz, avg speed    0.065 kHz), accepted    10949/  700001 events ( 1.56%)
ZtoMM trigger inconsistency
ZtoMM trigger inconsistency
Processed   710000/ 1146600 entries, 61.92% (elapsed time 10988.3s, curr speed    0.064 kHz, avg speed    0.065 kHz), accepted    11091/  710001 events ( 1.56%)
ZtoMM trigger inconsistency
TtoEM trigger inconsistency
Processed   720000/ 1146600 entries, 62.79% (elapsed time 11143.2s, curr speed    0.065 kHz, avg speed    0.065 kHz), accepted    11254/  720001 events ( 1.56%)
ZtoMM trigger inconsistency
ZtoMM trigger inconsistency
TtoEM trigger inconsistency
ZtoMM trigger inconsistency
ZtoMM trigger inconsistency
Processed   730000/ 1146600 entries, 63.67% (elapsed time 11297.9s, curr speed    0.065 kHz, avg speed    0.065 kHz), accepted    11416/  730001 events ( 1.56%)
Bad event
ZtoMM trigger inconsistency
Processed   740000/ 1146600 entries, 64.54% (elapsed time 11454.4s, curr speed    0.064 kHz, avg speed    0.065 kHz), accepted    11569/  740001 events ( 1.56%)
ZtoMM trigger inconsistency
Processed   750000/ 1146600 entries, 65.41% (elapsed time 11609.0s, curr speed    0.065 kHz, avg speed    0.065 kHz), accepted    11717/  750001 events ( 1.56%)
TtoEM trigger inconsistency
ZtoMM trigger inconsistency
Processed   760000/ 1146600 entries, 66.28% (elapsed time 11765.7s, curr speed    0.064 kHz, avg speed    0.065 kHz), accepted    11878/  760001 events ( 1.56%)
ZtoEE trigger inconsistency
TtoEM trigger inconsistency
Processed   770000/ 1146600 entries, 67.16% (elapsed time 11922.8s, curr speed    0.064 kHz, avg speed    0.065 kHz), accepted    12032/  770001 events ( 1.56%)
ZtoMM trigger inconsistency
ZtoMM trigger inconsistency
Processed   780000/ 1146600 entries, 68.03% (elapsed time 12079.7s, curr speed    0.064 kHz, avg speed    0.065 kHz), accepted    12179/  780001 events ( 1.56%)
ZtoMM trigger inconsistency
ZtoMM trigger inconsistency
ZtoMM trigger inconsistency
ZtoMM trigger inconsistency
Processed   790000/ 1146600 entries, 68.90% (elapsed time 12234.3s, curr speed    0.065 kHz, avg speed    0.065 kHz), accepted    12330/  790001 events ( 1.56%)
TtoEM trigger inconsistency
Processed   800000/ 1146600 entries, 69.77% (elapsed time 12390.8s, curr speed    0.064 kHz, avg speed    0.065 kHz), accepted    12485/  800001 events ( 1.56%)
ZtoMM trigger inconsistency
ZtoMM trigger inconsistency
ZtoMM trigger inconsistency
ZtoMM trigger inconsistency
ZtoMM trigger inconsistency
Processed   810000/ 1146600 entries, 70.64% (elapsed time 12547.1s, curr speed    0.064 kHz, avg speed    0.065 kHz), accepted    12658/  810001 events ( 1.56%)
ZtoMM trigger inconsistency
ZtoMM trigger inconsistency
TtoEM trigger inconsistency
Processed   820000/ 1146600 entries, 71.52% (elapsed time 12702.5s, curr speed    0.064 kHz, avg speed    0.065 kHz), accepted    12825/  820001 events ( 1.56%)
TtoEM trigger inconsistency
TtoEM trigger inconsistency
ZtoMM trigger inconsistency
Processed   830000/ 1146600 entries, 72.39% (elapsed time 12858.6s, curr speed    0.064 kHz, avg speed    0.065 kHz), accepted    12987/  830001 events ( 1.56%)
ZtoMM trigger inconsistency
ZtoMM trigger inconsistency
Processed   840000/ 1146600 entries, 73.26% (elapsed time 13013.3s, curr speed    0.065 kHz, avg speed    0.065 kHz), accepted    13131/  840001 events ( 1.56%)
ZtoMM trigger inconsistency
ZtoMM trigger inconsistency
ZtoMM trigger inconsistency
ZtoMM trigger inconsistency
ZtoMM trigger inconsistency
Processed   850000/ 1146600 entries, 74.13% (elapsed time 13168.3s, curr speed    0.065 kHz, avg speed    0.065 kHz), accepted    13298/  850001 events ( 1.56%)
ZtoMM trigger inconsistency
TtoEM trigger inconsistency
ZtoMM trigger inconsistency
ZtoMM trigger inconsistency
Processed   860000/ 1146600 entries, 75.00% (elapsed time 13323.7s, curr speed    0.064 kHz, avg speed    0.065 kHz), accepted    13457/  860001 events ( 1.56%)
Bad event
ZtoMM trigger inconsistency
Processed   870000/ 1146600 entries, 75.88% (elapsed time 13479.7s, curr speed    0.064 kHz, avg speed    0.065 kHz), accepted    13614/  870001 events ( 1.56%)
ZtoMM trigger inconsistency
ZtoEE trigger inconsistency
ZtoMM trigger inconsistency
ZtoEE trigger inconsistency
Processed   880000/ 1146600 entries, 76.75% (elapsed time 13635.3s, curr speed    0.064 kHz, avg speed    0.065 kHz), accepted    13761/  880001 events ( 1.56%)
ZtoMM trigger inconsistency
ZtoMM trigger inconsistency
ZtoMM trigger inconsistency
ZtoMM trigger inconsistency
ZtoMM trigger inconsistency
Processed   890000/ 1146600 entries, 77.62% (elapsed time 13791.5s, curr speed    0.064 kHz, avg speed    0.065 kHz), accepted    13920/  890001 events ( 1.56%)
ZtoMM trigger inconsistency
TtoEM trigger inconsistency
ZtoMM trigger inconsistency
TtoEM trigger inconsistency
Processed   900000/ 1146600 entries, 78.49% (elapsed time 13948.8s, curr speed    0.064 kHz, avg speed    0.065 kHz), accepted    14069/  900001 events ( 1.56%)
ZtoMM trigger inconsistency
ZtoMM trigger inconsistency
ZtoMM trigger inconsistency
ZtoMM trigger inconsistency
Processed   910000/ 1146600 entries, 79.37% (elapsed time 14103.1s, curr speed    0.065 kHz, avg speed    0.065 kHz), accepted    14206/  910001 events ( 1.56%)
ZtoMM trigger inconsistency
ZtoMM trigger inconsistency
TtoEM trigger inconsistency
Processed   920000/ 1146600 entries, 80.24% (elapsed time 14258.5s, curr speed    0.064 kHz, avg speed    0.065 kHz), accepted    14364/  920001 events ( 1.56%)
ZtoEE trigger inconsistency
ZtoMM trigger inconsistency
ZtoMM trigger inconsistency
ZtoMM trigger inconsistency
ZtoMM trigger inconsistency
Processed   930000/ 1146600 entries, 81.11% (elapsed time 14414.9s, curr speed    0.064 kHz, avg speed    0.065 kHz), accepted    14518/  930001 events ( 1.56%)
ZtoMM trigger inconsistency
ZtoMM trigger inconsistency
ZtoMM trigger inconsistency
ZtoMM trigger inconsistency
ZtoMM trigger inconsistency
ZtoMM trigger inconsistency
ZtoMM trigger inconsistency
Processed   940000/ 1146600 entries, 81.98% (elapsed time 14570.3s, curr speed    0.064 kHz, avg speed    0.065 kHz), accepted    14649/  940001 events ( 1.56%)
ZtoMM trigger inconsistency
ZtoEE trigger inconsistency
Bad event
ZtoMM trigger inconsistency
ZtoMM trigger inconsistency
Processed   950000/ 1146600 entries, 82.85% (elapsed time 14727.3s, curr speed    0.064 kHz, avg speed    0.065 kHz), accepted    14821/  950001 events ( 1.56%)
TtoEM trigger inconsistency
ZtoMM trigger inconsistency
ZtoMM trigger inconsistency
ZtoMM trigger inconsistency
TtoEM trigger inconsistency
Processed   960000/ 1146600 entries, 83.73% (elapsed time 14882.6s, curr speed    0.064 kHz, avg speed    0.065 kHz), accepted    14979/  960001 events ( 1.56%)
ZtoMM trigger inconsistency
WARNING: jet m = -0.0 !!
WARNING: jet m = -0.0 !!
Processed   970000/ 1146600 entries, 84.60% (elapsed time 15038.2s, curr speed    0.064 kHz, avg speed    0.065 kHz), accepted    15138/  970001 events ( 1.56%)
ZtoMM trigger inconsistency
ZtoMM trigger inconsistency
Processed   980000/ 1146600 entries, 85.47% (elapsed time 15193.4s, curr speed    0.064 kHz, avg speed    0.065 kHz), accepted    15315/  980001 events ( 1.56%)
TtoEM trigger inconsistency
ZtoMM trigger inconsistency
Processed   990000/ 1146600 entries, 86.34% (elapsed time 15351.7s, curr speed    0.063 kHz, avg speed    0.064 kHz), accepted    15482/  990001 events ( 1.56%)
ZtoMM trigger inconsistency
Processed  1000000/ 1146600 entries, 87.21% (elapsed time 15506.6s, curr speed    0.065 kHz, avg speed    0.064 kHz), accepted    15635/ 1000001 events ( 1.56%)
ZtoMM trigger inconsistency
Processed  1010000/ 1146600 entries, 88.09% (elapsed time 15662.0s, curr speed    0.064 kHz, avg speed    0.064 kHz), accepted    15796/ 1010001 events ( 1.56%)
ZtoMM trigger inconsistency
ZtoMM trigger inconsistency
ZtoMM trigger inconsistency
ZtoMM trigger inconsistency
Bad event
ZtoMM trigger inconsistency
Processed  1020000/ 1146600 entries, 88.96% (elapsed time 15818.5s, curr speed    0.064 kHz, avg speed    0.064 kHz), accepted    15967/ 1020001 events ( 1.57%)
ZtoMM trigger inconsistency
Processed  1030000/ 1146600 entries, 89.83% (elapsed time 15976.2s, curr speed    0.063 kHz, avg speed    0.064 kHz), accepted    16132/ 1030001 events ( 1.57%)
ZtoMM trigger inconsistency
ZtoMM trigger inconsistency
ZtoMM trigger inconsistency
Processed  1040000/ 1146600 entries, 90.70% (elapsed time 16134.7s, curr speed    0.063 kHz, avg speed    0.064 kHz), accepted    16296/ 1040001 events ( 1.57%)
ZtoMM trigger inconsistency
TtoEM trigger inconsistency
TtoEM trigger inconsistency
ZtoMM trigger inconsistency
TtoEM trigger inconsistency
ZtoMM trigger inconsistency
ZtoMM trigger inconsistency
Processed  1050000/ 1146600 entries, 91.58% (elapsed time 16291.3s, curr speed    0.064 kHz, avg speed    0.064 kHz), accepted    16458/ 1050001 events ( 1.57%)
ZtoMM trigger inconsistency
ZtoMM trigger inconsistency
TtoEM trigger inconsistency
ZtoMM trigger inconsistency
ZtoMM trigger inconsistency
Processed  1060000/ 1146600 entries, 92.45% (elapsed time 16447.7s, curr speed    0.064 kHz, avg speed    0.064 kHz), accepted    16604/ 1060001 events ( 1.57%)
ZtoMM trigger inconsistency
ZtoMM trigger inconsistency
ZtoMM trigger inconsistency
ZtoMM trigger inconsistency
Processed  1070000/ 1146600 entries, 93.32% (elapsed time 16603.7s, curr speed    0.064 kHz, avg speed    0.064 kHz), accepted    16755/ 1070001 events ( 1.57%)
ZtoEE trigger inconsistency
ZtoMM trigger inconsistency
ZtoEE trigger inconsistency
Processed  1080000/ 1146600 entries, 94.19% (elapsed time 16759.6s, curr speed    0.064 kHz, avg speed    0.064 kHz), accepted    16921/ 1080001 events ( 1.57%)
ZtoMM trigger inconsistency
TtoEM trigger inconsistency
ZtoMM trigger inconsistency
ZtoEE trigger inconsistency
Processed  1090000/ 1146600 entries, 95.06% (elapsed time 16915.8s, curr speed    0.064 kHz, avg speed    0.064 kHz), accepted    17072/ 1090001 events ( 1.57%)
ZtoMM trigger inconsistency
ZtoMM trigger inconsistency
TtoEM trigger inconsistency
Processed  1100000/ 1146600 entries, 95.94% (elapsed time 17072.5s, curr speed    0.064 kHz, avg speed    0.064 kHz), accepted    17244/ 1100001 events ( 1.57%)
ZtoMM trigger inconsistency
ZtoMM trigger inconsistency
ZtoMM trigger inconsistency
ZtoMM trigger inconsistency
Processed  1110000/ 1146600 entries, 96.81% (elapsed time 17228.1s, curr speed    0.064 kHz, avg speed    0.064 kHz), accepted    17431/ 1110001 events ( 1.57%)
ZtoMM trigger inconsistency
ZtoMM trigger inconsistency
ZtoMM trigger inconsistency
ZtoMM trigger inconsistency
Processed  1120000/ 1146600 entries, 97.68% (elapsed time 17384.5s, curr speed    0.064 kHz, avg speed    0.064 kHz), accepted    17586/ 1120001 events ( 1.57%)
ZtoMM trigger inconsistency
ZtoMM trigger inconsistency
Bad event
ZtoMM trigger inconsistency
TtoEM trigger inconsistency
ZtoMM trigger inconsistency
TtoEM trigger inconsistency
Processed  1130000/ 1146600 entries, 98.55% (elapsed time 17540.6s, curr speed    0.064 kHz, avg speed    0.064 kHz), accepted    17748/ 1130001 events ( 1.57%)
TtoEM trigger inconsistency
ZtoMM trigger inconsistency
TtoEM trigger inconsistency
ZtoEE trigger inconsistency
TtoEM trigger inconsistency
ZtoMM trigger inconsistency
Processed  1140000/ 1146600 entries, 99.42% (elapsed time 17696.9s, curr speed    0.064 kHz, avg speed    0.064 kHz), accepted    17920/ 1140001 events ( 1.57%)
Processed 1146600 preselected entries from root://cms-xrd-global.cern.ch//store/mc/RunIIAutumn18NanoAODv6/ZH_HToBB_ZToLL_M125_13TeV_powheg_pythia8/NANOAODSIM/Nano25Oct2019_102X_upgrade2018_realistic_v20-v1/230000/DFD2630A-096A-DB4F-932C-C97497CA6C2F.root (1146600 entries). Finally selected 18016 entries
Done /work/pbaertsc/heavy_resonance/output_2018/ZH_HToBB_ZToLL_M125_13TeV_powheg_pythia8__RunIIAutumn18NanoAODv6-Nano25Oct2019_102X_upgrade2018_realistic_v20-v1__NANOAODSIM/DFD2630A-096A-DB4F-932C-C97497CA6C2F.root
64.2172341448 Hz
deleting root file with name: /work/pbaertsc/heavy_resonance/output_2018/ZH_HToBB_ZToLL_M125_13TeV_powheg_pythia8__RunIIAutumn18NanoAODv6-Nano25Oct2019_102X_upgrade2018_realistic_v20-v1__NANOAODSIM/DFD2630A-096A-DB4F-932C-C97497CA6C2F.root
DONE
Complete at
Fri Jan 31 01:24:59 CET 2020
