job start at
Tue Jan 28 22:09:47 CET 2020
SLURM_JOB_ID: 422420
HOSTNAME: t3wn47
JOBLIST:joblist/joblist_ZZTo4L_13TeV_powheg_pythia8_ext1__RunIISummer16NanoAODv6-PUMoriond17_Nano25Oct2019_102X_mcRun2_asymptotic_v7-v1__NANOAODSIM_ll.txt
Going to execute
python job.py -i root://cms-xrd-global.cern.ch//store/mc/RunIISummer16NanoAODv6/ZZTo4L_13TeV_powheg_pythia8_ext1/NANOAODSIM/PUMoriond17_Nano25Oct2019_102X_mcRun2_asymptotic_v7-v1/270000/74B1D256-404F-0D48-8014-1A7CC4B86C99.root -o /work/pbaertsc/heavy_resonance/output_2016/ZZTo4L_13TeV_powheg_pythia8_ext1__RunIISummer16NanoAODv6-PUMoriond17_Nano25Oct2019_102X_mcRun2_asymptotic_v7-v1__NANOAODSIM -N ZZTo4L_13TeV_powheg_pythia8_ext1__RunIISummer16NanoAODv6-PUMoriond17_Nano25Oct2019_102X_mcRun2_asymptotic_v7-v1__NANOAODSIM -n 11 -c ll -y 2016
TClass::Init:0: RuntimeWarning: no dictionary for class ROOT::TIOFeatures is available
/work/pbaertsc/heavy_resonance/CMSSW_9_4_6/python/PhysicsTools/NanoAODTools/postprocessing/framework/treeReaderArrayTools.py:69: RuntimeWarning: creating executor for unknown type "ULong64_t*"
  ret = _vr.Get()[0]
JEC= Summer16_07Aug2017_V11_MC 	 JER= Summer16_25nsV1_MC
MET branch= PuppiMET
JEC= Summer16_07Aug2017_V11_MC 	 JER= Summer16_25nsV1_MC
MET branch= PuppiMET
--------------------------------------------------------------------------------
input files  = ['root://cms-xrd-global.cern.ch//store/mc/RunIISummer16NanoAODv6/ZZTo4L_13TeV_powheg_pythia8_ext1/NANOAODSIM/PUMoriond17_Nano25Oct2019_102X_mcRun2_asymptotic_v7-v1/270000/74B1D256-404F-0D48-8014-1A7CC4B86C99.root']
output directory = /work/pbaertsc/heavy_resonance/output_2016/ZZTo4L_13TeV_powheg_pythia8_ext1__RunIISummer16NanoAODv6-PUMoriond17_Nano25Oct2019_102X_mcRun2_asymptotic_v7-v1__NANOAODSIM
output file  = ZZTo4L_13TeV_powheg_pythia8_ext1__RunIISummer16NanoAODv6-PUMoriond17_Nano25Oct2019_102X_mcRun2_asymptotic_v7-v1__NANOAODSIM_11_ll.root
chunck       = 11
channel      = ll
dataType     = mc
year         = 2016
tes          = 1.0
ltf          = 1.0
jtf          = 1.0
--------------------------------------------------------------------------------
job.py: creating PostProcessor...
TreeProducer is called /work/pbaertsc/heavy_resonance/output_2016/ZZTo4L_13TeV_powheg_pythia8_ext1__RunIISummer16NanoAODv6-PUMoriond17_Nano25Oct2019_102X_mcRun2_asymptotic_v7-v1__NANOAODSIM/ZZTo4L_13TeV_powheg_pythia8_ext1__RunIISummer16NanoAODv6-PUMoriond17_Nano25Oct2019_102X_mcRun2_asymptotic_v7-v1__NANOAODSIM_11_ll.root
job.py: going to run PostProcessor...
Will write selected trees to /work/pbaertsc/heavy_resonance/output_2016/ZZTo4L_13TeV_powheg_pythia8_ext1__RunIISummer16NanoAODv6-PUMoriond17_Nano25Oct2019_102X_mcRun2_asymptotic_v7-v1__NANOAODSIM
Loading jet energy scale (JES) uncertainties from file '/tmp/tmpikuesP/Summer16_07Aug2017_V11_MC_Uncertainty_AK4PFchs.txt'
Loading jet energy resolutions (JER) from file '/tmp/tmpUVCIAo/Summer16_25nsV1_MC_PtResolution_AK4PFchs.txt'
Loading JER scale factors and uncertainties from file '/tmp/tmpUVCIAo/Summer16_25nsV1_MC_SF_AK4PFchs.txt'
Loading jet energy scale (JES) uncertainties from file '/tmp/tmpz5ygap/Summer16_07Aug2017_V11_MC_Uncertainty_AK8PFPuppi.txt'
Loading jet energy resolutions (JER) from file '/tmp/tmpwwsRVN/Summer16_25nsV1_MC_PtResolution_AK8PFPuppi.txt'
Loading JER scale factors and uncertainties from file '/tmp/tmpwwsRVN/Summer16_25nsV1_MC_SF_AK8PFPuppi.txt'
Pre-select 2013851 entries out of 2013851 (100.00%)
nanoAODv5? True
Processed    10000/ 2013851 entries,  0.50% (elapsed time   210.9s, curr speed    0.047 kHz, avg speed    0.047 kHz), accepted       16/   10001 events ( 0.16%)
ZtoMM trigger inconsistency
Processed    20000/ 2013851 entries,  0.99% (elapsed time   423.8s, curr speed    0.047 kHz, avg speed    0.047 kHz), accepted       27/   20001 events ( 0.13%)
ZtoEE trigger inconsistency
Processed    30000/ 2013851 entries,  1.49% (elapsed time   641.4s, curr speed    0.046 kHz, avg speed    0.047 kHz), accepted       47/   30001 events ( 0.16%)
Processed    40000/ 2013851 entries,  1.99% (elapsed time   854.3s, curr speed    0.047 kHz, avg speed    0.047 kHz), accepted       56/   40001 events ( 0.14%)
Processed    50000/ 2013851 entries,  2.48% (elapsed time  1061.0s, curr speed    0.048 kHz, avg speed    0.047 kHz), accepted       75/   50001 events ( 0.15%)
ZtoEE trigger inconsistency
Processed    60000/ 2013851 entries,  2.98% (elapsed time  1265.3s, curr speed    0.049 kHz, avg speed    0.047 kHz), accepted       89/   60001 events ( 0.15%)
TtoEM trigger inconsistency
Processed    70000/ 2013851 entries,  3.48% (elapsed time  1472.1s, curr speed    0.048 kHz, avg speed    0.048 kHz), accepted      107/   70001 events ( 0.15%)
TtoEM trigger inconsistency
Processed    80000/ 2013851 entries,  3.97% (elapsed time  1686.6s, curr speed    0.047 kHz, avg speed    0.047 kHz), accepted      119/   80001 events ( 0.15%)
Processed    90000/ 2013851 entries,  4.47% (elapsed time  1900.3s, curr speed    0.047 kHz, avg speed    0.047 kHz), accepted      138/   90001 events ( 0.15%)
Processed   100000/ 2013851 entries,  4.97% (elapsed time  2104.0s, curr speed    0.049 kHz, avg speed    0.048 kHz), accepted      147/  100001 events ( 0.15%)
Processed   110000/ 2013851 entries,  5.46% (elapsed time  2301.2s, curr speed    0.051 kHz, avg speed    0.048 kHz), accepted      162/  110001 events ( 0.15%)
Processed   120000/ 2013851 entries,  5.96% (elapsed time  2503.5s, curr speed    0.049 kHz, avg speed    0.048 kHz), accepted      175/  120001 events ( 0.15%)
ZtoEE trigger inconsistency
Processed   130000/ 2013851 entries,  6.46% (elapsed time  2715.2s, curr speed    0.047 kHz, avg speed    0.048 kHz), accepted      192/  130001 events ( 0.15%)
ZtoMM trigger inconsistency
Processed   140000/ 2013851 entries,  6.95% (elapsed time  2924.0s, curr speed    0.048 kHz, avg speed    0.048 kHz), accepted      209/  140001 events ( 0.15%)
Processed   150000/ 2013851 entries,  7.45% (elapsed time  3133.3s, curr speed    0.048 kHz, avg speed    0.048 kHz), accepted      221/  150001 events ( 0.15%)
Processed   160000/ 2013851 entries,  7.94% (elapsed time  3339.7s, curr speed    0.048 kHz, avg speed    0.048 kHz), accepted      239/  160001 events ( 0.15%)
ZtoMM trigger inconsistency
ZtoMM trigger inconsistency
ZtoMM trigger inconsistency
Processed   170000/ 2013851 entries,  8.44% (elapsed time  3541.8s, curr speed    0.049 kHz, avg speed    0.048 kHz), accepted      257/  170001 events ( 0.15%)
Processed   180000/ 2013851 entries,  8.94% (elapsed time  3744.5s, curr speed    0.049 kHz, avg speed    0.048 kHz), accepted      278/  180001 events ( 0.15%)
ZtoMM trigger inconsistency
ZtoEE trigger inconsistency
Processed   190000/ 2013851 entries,  9.43% (elapsed time  3954.0s, curr speed    0.048 kHz, avg speed    0.048 kHz), accepted      287/  190001 events ( 0.15%)
Processed   200000/ 2013851 entries,  9.93% (elapsed time  4164.8s, curr speed    0.047 kHz, avg speed    0.048 kHz), accepted      306/  200001 events ( 0.15%)
TtoEM trigger inconsistency
Processed   210000/ 2013851 entries, 10.43% (elapsed time  4369.9s, curr speed    0.049 kHz, avg speed    0.048 kHz), accepted      316/  210001 events ( 0.15%)
TtoEM trigger inconsistency
Processed   220000/ 2013851 entries, 10.92% (elapsed time  4569.0s, curr speed    0.050 kHz, avg speed    0.048 kHz), accepted      328/  220001 events ( 0.15%)
Processed   230000/ 2013851 entries, 11.42% (elapsed time  4771.7s, curr speed    0.049 kHz, avg speed    0.048 kHz), accepted      334/  230001 events ( 0.15%)
ZtoMM trigger inconsistency
Processed   240000/ 2013851 entries, 11.92% (elapsed time  4979.0s, curr speed    0.048 kHz, avg speed    0.048 kHz), accepted      355/  240001 events ( 0.15%)
ZtoMM trigger inconsistency
Processed   250000/ 2013851 entries, 12.41% (elapsed time  5193.1s, curr speed    0.047 kHz, avg speed    0.048 kHz), accepted      367/  250001 events ( 0.15%)
ZtoMM trigger inconsistency
Processed   260000/ 2013851 entries, 12.91% (elapsed time  5396.1s, curr speed    0.049 kHz, avg speed    0.048 kHz), accepted      378/  260001 events ( 0.15%)
Processed   270000/ 2013851 entries, 13.41% (elapsed time  5597.8s, curr speed    0.050 kHz, avg speed    0.048 kHz), accepted      390/  270001 events ( 0.14%)
Processed   280000/ 2013851 entries, 13.90% (elapsed time  5796.3s, curr speed    0.050 kHz, avg speed    0.048 kHz), accepted      402/  280001 events ( 0.14%)
ZtoMM trigger inconsistency
Processed   290000/ 2013851 entries, 14.40% (elapsed time  6004.2s, curr speed    0.048 kHz, avg speed    0.048 kHz), accepted      419/  290001 events ( 0.14%)
Processed   300000/ 2013851 entries, 14.90% (elapsed time  6216.2s, curr speed    0.047 kHz, avg speed    0.048 kHz), accepted      434/  300001 events ( 0.14%)
Processed   310000/ 2013851 entries, 15.39% (elapsed time  6410.2s, curr speed    0.052 kHz, avg speed    0.048 kHz), accepted      448/  310001 events ( 0.14%)
ZtoMM trigger inconsistency
Processed   320000/ 2013851 entries, 15.89% (elapsed time  6611.7s, curr speed    0.050 kHz, avg speed    0.048 kHz), accepted      459/  320001 events ( 0.14%)
Processed   330000/ 2013851 entries, 16.39% (elapsed time  6821.6s, curr speed    0.048 kHz, avg speed    0.048 kHz), accepted      487/  330001 events ( 0.15%)
Processed   340000/ 2013851 entries, 16.88% (elapsed time  7009.1s, curr speed    0.053 kHz, avg speed    0.049 kHz), accepted      500/  340001 events ( 0.15%)
Processed   350000/ 2013851 entries, 17.38% (elapsed time  7205.4s, curr speed    0.051 kHz, avg speed    0.049 kHz), accepted      513/  350001 events ( 0.15%)
Processed   360000/ 2013851 entries, 17.88% (elapsed time  7417.4s, curr speed    0.047 kHz, avg speed    0.049 kHz), accepted      529/  360001 events ( 0.15%)
TtoEM trigger inconsistency
Processed   370000/ 2013851 entries, 18.37% (elapsed time  7617.1s, curr speed    0.050 kHz, avg speed    0.049 kHz), accepted      545/  370001 events ( 0.15%)
ZtoMM trigger inconsistency
Processed   380000/ 2013851 entries, 18.87% (elapsed time  7811.2s, curr speed    0.052 kHz, avg speed    0.049 kHz), accepted      557/  380001 events ( 0.15%)
ZtoMM trigger inconsistency
Processed   390000/ 2013851 entries, 19.37% (elapsed time  8025.1s, curr speed    0.047 kHz, avg speed    0.049 kHz), accepted      576/  390001 events ( 0.15%)
TtoEM trigger inconsistency
Processed   400000/ 2013851 entries, 19.86% (elapsed time  8229.5s, curr speed    0.049 kHz, avg speed    0.049 kHz), accepted      590/  400001 events ( 0.15%)
TtoEM trigger inconsistency
Processed   410000/ 2013851 entries, 20.36% (elapsed time  8430.5s, curr speed    0.050 kHz, avg speed    0.049 kHz), accepted      605/  410001 events ( 0.15%)
TtoEM trigger inconsistency
ZtoMM trigger inconsistency
Processed   420000/ 2013851 entries, 20.86% (elapsed time  8630.9s, curr speed    0.050 kHz, avg speed    0.049 kHz), accepted      617/  420001 events ( 0.15%)
ZtoEE trigger inconsistency
Processed   430000/ 2013851 entries, 21.35% (elapsed time  8838.6s, curr speed    0.048 kHz, avg speed    0.049 kHz), accepted      632/  430001 events ( 0.15%)
Processed   440000/ 2013851 entries, 21.85% (elapsed time  9039.7s, curr speed    0.050 kHz, avg speed    0.049 kHz), accepted      643/  440001 events ( 0.15%)
Processed   450000/ 2013851 entries, 22.35% (elapsed time  9240.2s, curr speed    0.050 kHz, avg speed    0.049 kHz), accepted      654/  450001 events ( 0.15%)
Processed   460000/ 2013851 entries, 22.84% (elapsed time  9439.4s, curr speed    0.050 kHz, avg speed    0.049 kHz), accepted      676/  460001 events ( 0.15%)
Processed   470000/ 2013851 entries, 23.34% (elapsed time  9649.1s, curr speed    0.048 kHz, avg speed    0.049 kHz), accepted      693/  470001 events ( 0.15%)
Processed   480000/ 2013851 entries, 23.83% (elapsed time  9853.6s, curr speed    0.049 kHz, avg speed    0.049 kHz), accepted      708/  480001 events ( 0.15%)
TtoEM trigger inconsistency
Processed   490000/ 2013851 entries, 24.33% (elapsed time 10039.3s, curr speed    0.054 kHz, avg speed    0.049 kHz), accepted      729/  490001 events ( 0.15%)
Bad event
Processed   500000/ 2013851 entries, 24.83% (elapsed time 10246.2s, curr speed    0.048 kHz, avg speed    0.049 kHz), accepted      748/  500001 events ( 0.15%)
ZtoEE trigger inconsistency
ZtoMM trigger inconsistency
Processed   510000/ 2013851 entries, 25.32% (elapsed time 10453.6s, curr speed    0.048 kHz, avg speed    0.049 kHz), accepted      766/  510001 events ( 0.15%)
TtoEM trigger inconsistency
Processed   520000/ 2013851 entries, 25.82% (elapsed time 10655.1s, curr speed    0.050 kHz, avg speed    0.049 kHz), accepted      780/  520001 events ( 0.15%)
Processed   530000/ 2013851 entries, 26.32% (elapsed time 10856.4s, curr speed    0.050 kHz, avg speed    0.049 kHz), accepted      793/  530001 events ( 0.15%)
Processed   540000/ 2013851 entries, 26.81% (elapsed time 11056.7s, curr speed    0.050 kHz, avg speed    0.049 kHz), accepted      802/  540001 events ( 0.15%)
Processed   550000/ 2013851 entries, 27.31% (elapsed time 11267.8s, curr speed    0.047 kHz, avg speed    0.049 kHz), accepted      819/  550001 events ( 0.15%)
ZtoEE trigger inconsistency
Processed   560000/ 2013851 entries, 27.81% (elapsed time 11476.9s, curr speed    0.048 kHz, avg speed    0.049 kHz), accepted      834/  560001 events ( 0.15%)
Processed   570000/ 2013851 entries, 28.30% (elapsed time 11682.3s, curr speed    0.049 kHz, avg speed    0.049 kHz), accepted      850/  570001 events ( 0.15%)
ZtoMM trigger inconsistency
ZtoMM trigger inconsistency
Processed   580000/ 2013851 entries, 28.80% (elapsed time 11883.6s, curr speed    0.050 kHz, avg speed    0.049 kHz), accepted      867/  580001 events ( 0.15%)
Processed   590000/ 2013851 entries, 29.30% (elapsed time 12085.6s, curr speed    0.050 kHz, avg speed    0.049 kHz), accepted      884/  590001 events ( 0.15%)
Processed   600000/ 2013851 entries, 29.79% (elapsed time 12297.9s, curr speed    0.047 kHz, avg speed    0.049 kHz), accepted      903/  600001 events ( 0.15%)
TtoEM trigger inconsistency
ZtoMM trigger inconsistency
Processed   610000/ 2013851 entries, 30.29% (elapsed time 12509.7s, curr speed    0.047 kHz, avg speed    0.049 kHz), accepted      918/  610001 events ( 0.15%)
TtoEM trigger inconsistency
ZtoMM trigger inconsistency
Processed   620000/ 2013851 entries, 30.79% (elapsed time 12711.4s, curr speed    0.050 kHz, avg speed    0.049 kHz), accepted      931/  620001 events ( 0.15%)
Processed   630000/ 2013851 entries, 31.28% (elapsed time 12909.7s, curr speed    0.050 kHz, avg speed    0.049 kHz), accepted      949/  630001 events ( 0.15%)
Processed   640000/ 2013851 entries, 31.78% (elapsed time 13112.0s, curr speed    0.049 kHz, avg speed    0.049 kHz), accepted      960/  640001 events ( 0.15%)
Processed   650000/ 2013851 entries, 32.28% (elapsed time 13324.2s, curr speed    0.047 kHz, avg speed    0.049 kHz), accepted      975/  650001 events ( 0.15%)
Processed   660000/ 2013851 entries, 32.77% (elapsed time 13528.6s, curr speed    0.049 kHz, avg speed    0.049 kHz), accepted      989/  660001 events ( 0.15%)
Processed   670000/ 2013851 entries, 33.27% (elapsed time 13732.5s, curr speed    0.049 kHz, avg speed    0.049 kHz), accepted     1010/  670001 events ( 0.15%)
Processed   680000/ 2013851 entries, 33.77% (elapsed time 13932.6s, curr speed    0.050 kHz, avg speed    0.049 kHz), accepted     1026/  680001 events ( 0.15%)
Processed   690000/ 2013851 entries, 34.26% (elapsed time 14131.3s, curr speed    0.050 kHz, avg speed    0.049 kHz), accepted     1039/  690001 events ( 0.15%)
ZtoMM trigger inconsistency
ZtoMM trigger inconsistency
Processed   700000/ 2013851 entries, 34.76% (elapsed time 14305.5s, curr speed    0.057 kHz, avg speed    0.049 kHz), accepted     1051/  700001 events ( 0.15%)
Processed   710000/ 2013851 entries, 35.26% (elapsed time 14476.1s, curr speed    0.059 kHz, avg speed    0.049 kHz), accepted     1071/  710001 events ( 0.15%)
Processed   720000/ 2013851 entries, 35.75% (elapsed time 14649.4s, curr speed    0.058 kHz, avg speed    0.049 kHz), accepted     1090/  720001 events ( 0.15%)
Processed   730000/ 2013851 entries, 36.25% (elapsed time 14821.3s, curr speed    0.058 kHz, avg speed    0.049 kHz), accepted     1098/  730001 events ( 0.15%)
TtoEM trigger inconsistency
Processed   740000/ 2013851 entries, 36.75% (elapsed time 14995.3s, curr speed    0.057 kHz, avg speed    0.049 kHz), accepted     1108/  740001 events ( 0.15%)
ZtoMM trigger inconsistency
Processed   750000/ 2013851 entries, 37.24% (elapsed time 15167.9s, curr speed    0.058 kHz, avg speed    0.049 kHz), accepted     1127/  750001 events ( 0.15%)
Processed   760000/ 2013851 entries, 37.74% (elapsed time 15339.7s, curr speed    0.058 kHz, avg speed    0.050 kHz), accepted     1149/  760001 events ( 0.15%)
Processed   770000/ 2013851 entries, 38.24% (elapsed time 15511.0s, curr speed    0.058 kHz, avg speed    0.050 kHz), accepted     1166/  770001 events ( 0.15%)
Processed   780000/ 2013851 entries, 38.73% (elapsed time 15682.7s, curr speed    0.058 kHz, avg speed    0.050 kHz), accepted     1179/  780001 events ( 0.15%)
Processed   790000/ 2013851 entries, 39.23% (elapsed time 15852.9s, curr speed    0.059 kHz, avg speed    0.050 kHz), accepted     1189/  790001 events ( 0.15%)
TtoEM trigger inconsistency
Processed   800000/ 2013851 entries, 39.72% (elapsed time 16022.4s, curr speed    0.059 kHz, avg speed    0.050 kHz), accepted     1205/  800001 events ( 0.15%)
ZtoEE trigger inconsistency
Processed   810000/ 2013851 entries, 40.22% (elapsed time 16194.4s, curr speed    0.058 kHz, avg speed    0.050 kHz), accepted     1219/  810001 events ( 0.15%)
TtoEM trigger inconsistency
TtoEM trigger inconsistency
Processed   820000/ 2013851 entries, 40.72% (elapsed time 16366.7s, curr speed    0.058 kHz, avg speed    0.050 kHz), accepted     1237/  820001 events ( 0.15%)
Processed   830000/ 2013851 entries, 41.21% (elapsed time 16537.6s, curr speed    0.059 kHz, avg speed    0.050 kHz), accepted     1249/  830001 events ( 0.15%)
Processed   840000/ 2013851 entries, 41.71% (elapsed time 16706.8s, curr speed    0.059 kHz, avg speed    0.050 kHz), accepted     1265/  840001 events ( 0.15%)
Processed   850000/ 2013851 entries, 42.21% (elapsed time 16879.2s, curr speed    0.058 kHz, avg speed    0.050 kHz), accepted     1280/  850001 events ( 0.15%)
Processed   860000/ 2013851 entries, 42.70% (elapsed time 17050.1s, curr speed    0.059 kHz, avg speed    0.050 kHz), accepted     1293/  860001 events ( 0.15%)
ZtoMM trigger inconsistency
ZtoMM trigger inconsistency
Processed   870000/ 2013851 entries, 43.20% (elapsed time 17222.3s, curr speed    0.058 kHz, avg speed    0.051 kHz), accepted     1316/  870001 events ( 0.15%)
TtoEM trigger inconsistency
Processed   880000/ 2013851 entries, 43.70% (elapsed time 17393.7s, curr speed    0.058 kHz, avg speed    0.051 kHz), accepted     1334/  880001 events ( 0.15%)
Processed   890000/ 2013851 entries, 44.19% (elapsed time 17563.0s, curr speed    0.059 kHz, avg speed    0.051 kHz), accepted     1344/  890001 events ( 0.15%)
Processed   900000/ 2013851 entries, 44.69% (elapsed time 17735.7s, curr speed    0.058 kHz, avg speed    0.051 kHz), accepted     1364/  900001 events ( 0.15%)
ZtoMM trigger inconsistency
Processed   910000/ 2013851 entries, 45.19% (elapsed time 17904.9s, curr speed    0.059 kHz, avg speed    0.051 kHz), accepted     1382/  910001 events ( 0.15%)
TtoEM trigger inconsistency
Processed   920000/ 2013851 entries, 45.68% (elapsed time 18074.7s, curr speed    0.059 kHz, avg speed    0.051 kHz), accepted     1401/  920001 events ( 0.15%)
Processed   930000/ 2013851 entries, 46.18% (elapsed time 18245.0s, curr speed    0.059 kHz, avg speed    0.051 kHz), accepted     1419/  930001 events ( 0.15%)
Processed   940000/ 2013851 entries, 46.68% (elapsed time 18416.8s, curr speed    0.058 kHz, avg speed    0.051 kHz), accepted     1441/  940001 events ( 0.15%)
ZtoMM trigger inconsistency
Processed   950000/ 2013851 entries, 47.17% (elapsed time 18588.7s, curr speed    0.058 kHz, avg speed    0.051 kHz), accepted     1456/  950001 events ( 0.15%)
ZtoMM trigger inconsistency
Processed   960000/ 2013851 entries, 47.67% (elapsed time 18760.4s, curr speed    0.058 kHz, avg speed    0.051 kHz), accepted     1466/  960001 events ( 0.15%)
Processed   970000/ 2013851 entries, 48.17% (elapsed time 18930.4s, curr speed    0.059 kHz, avg speed    0.051 kHz), accepted     1486/  970001 events ( 0.15%)
ZtoMM trigger inconsistency
Processed   980000/ 2013851 entries, 48.66% (elapsed time 19102.5s, curr speed    0.058 kHz, avg speed    0.051 kHz), accepted     1499/  980001 events ( 0.15%)
Processed   990000/ 2013851 entries, 49.16% (elapsed time 19271.1s, curr speed    0.059 kHz, avg speed    0.051 kHz), accepted     1524/  990001 events ( 0.15%)
Processed  1000000/ 2013851 entries, 49.66% (elapsed time 19443.7s, curr speed    0.058 kHz, avg speed    0.051 kHz), accepted     1546/ 1000001 events ( 0.15%)
Processed  1010000/ 2013851 entries, 50.15% (elapsed time 19616.4s, curr speed    0.058 kHz, avg speed    0.051 kHz), accepted     1562/ 1010001 events ( 0.15%)
TtoEM trigger inconsistency
ZtoMM trigger inconsistency
Processed  1020000/ 2013851 entries, 50.65% (elapsed time 19787.0s, curr speed    0.059 kHz, avg speed    0.052 kHz), accepted     1569/ 1020001 events ( 0.15%)
TtoEM trigger inconsistency
Processed  1030000/ 2013851 entries, 51.15% (elapsed time 19958.1s, curr speed    0.058 kHz, avg speed    0.052 kHz), accepted     1581/ 1030001 events ( 0.15%)
Processed  1040000/ 2013851 entries, 51.64% (elapsed time 20128.2s, curr speed    0.059 kHz, avg speed    0.052 kHz), accepted     1597/ 1040001 events ( 0.15%)
ZtoMM trigger inconsistency
Processed  1050000/ 2013851 entries, 52.14% (elapsed time 20298.3s, curr speed    0.059 kHz, avg speed    0.052 kHz), accepted     1618/ 1050001 events ( 0.15%)
Processed  1060000/ 2013851 entries, 52.64% (elapsed time 20469.3s, curr speed    0.058 kHz, avg speed    0.052 kHz), accepted     1635/ 1060001 events ( 0.15%)
Processed  1070000/ 2013851 entries, 53.13% (elapsed time 20639.4s, curr speed    0.059 kHz, avg speed    0.052 kHz), accepted     1642/ 1070001 events ( 0.15%)
ZtoMM trigger inconsistency
ZtoMM trigger inconsistency
ZtoEE trigger inconsistency
Processed  1080000/ 2013851 entries, 53.63% (elapsed time 20809.5s, curr speed    0.059 kHz, avg speed    0.052 kHz), accepted     1663/ 1080001 events ( 0.15%)
Processed  1090000/ 2013851 entries, 54.13% (elapsed time 20978.8s, curr speed    0.059 kHz, avg speed    0.052 kHz), accepted     1680/ 1090001 events ( 0.15%)
ZtoMM trigger inconsistency
%MSG-e SimpleJetCorrectionUncertainty: 
 bin variables out of range
%MSG
%MSG-e SimpleJetCorrectionUncertainty: 
 bin variables out of range
%MSG
Processed  1100000/ 2013851 entries, 54.62% (elapsed time 21149.1s, curr speed    0.059 kHz, avg speed    0.052 kHz), accepted     1694/ 1100001 events ( 0.15%)
Processed  1110000/ 2013851 entries, 55.12% (elapsed time 21319.5s, curr speed    0.059 kHz, avg speed    0.052 kHz), accepted     1702/ 1110001 events ( 0.15%)
Processed  1120000/ 2013851 entries, 55.61% (elapsed time 21488.7s, curr speed    0.059 kHz, avg speed    0.052 kHz), accepted     1714/ 1120001 events ( 0.15%)
Processed  1130000/ 2013851 entries, 56.11% (elapsed time 21658.1s, curr speed    0.059 kHz, avg speed    0.052 kHz), accepted     1723/ 1130001 events ( 0.15%)
ZtoMM trigger inconsistency
Processed  1140000/ 2013851 entries, 56.61% (elapsed time 21830.7s, curr speed    0.058 kHz, avg speed    0.052 kHz), accepted     1745/ 1140001 events ( 0.15%)
ZtoMM trigger inconsistency
Processed  1150000/ 2013851 entries, 57.10% (elapsed time 21998.9s, curr speed    0.059 kHz, avg speed    0.052 kHz), accepted     1764/ 1150001 events ( 0.15%)
Processed  1160000/ 2013851 entries, 57.60% (elapsed time 22171.1s, curr speed    0.058 kHz, avg speed    0.052 kHz), accepted     1779/ 1160001 events ( 0.15%)
Processed  1170000/ 2013851 entries, 58.10% (elapsed time 22340.2s, curr speed    0.059 kHz, avg speed    0.052 kHz), accepted     1800/ 1170001 events ( 0.15%)
Processed  1180000/ 2013851 entries, 58.59% (elapsed time 22510.7s, curr speed    0.059 kHz, avg speed    0.052 kHz), accepted     1816/ 1180001 events ( 0.15%)
ZtoMM trigger inconsistency
ZtoMM trigger inconsistency
Processed  1190000/ 2013851 entries, 59.09% (elapsed time 22683.7s, curr speed    0.058 kHz, avg speed    0.052 kHz), accepted     1837/ 1190001 events ( 0.15%)
Processed  1200000/ 2013851 entries, 59.59% (elapsed time 22852.2s, curr speed    0.059 kHz, avg speed    0.053 kHz), accepted     1841/ 1200001 events ( 0.15%)
Processed  1210000/ 2013851 entries, 60.08% (elapsed time 23023.2s, curr speed    0.058 kHz, avg speed    0.053 kHz), accepted     1858/ 1210001 events ( 0.15%)
TtoEM trigger inconsistency
Processed  1220000/ 2013851 entries, 60.58% (elapsed time 23193.4s, curr speed    0.059 kHz, avg speed    0.053 kHz), accepted     1874/ 1220001 events ( 0.15%)
Processed  1230000/ 2013851 entries, 61.08% (elapsed time 23364.5s, curr speed    0.058 kHz, avg speed    0.053 kHz), accepted     1888/ 1230001 events ( 0.15%)
ZtoMM trigger inconsistency
Processed  1240000/ 2013851 entries, 61.57% (elapsed time 23535.6s, curr speed    0.058 kHz, avg speed    0.053 kHz), accepted     1905/ 1240001 events ( 0.15%)
ZtoMM trigger inconsistency
Processed  1250000/ 2013851 entries, 62.07% (elapsed time 23704.2s, curr speed    0.059 kHz, avg speed    0.053 kHz), accepted     1929/ 1250001 events ( 0.15%)
ZtoMM trigger inconsistency
Processed  1260000/ 2013851 entries, 62.57% (elapsed time 23872.3s, curr speed    0.059 kHz, avg speed    0.053 kHz), accepted     1943/ 1260001 events ( 0.15%)
TtoEM trigger inconsistency
Processed  1270000/ 2013851 entries, 63.06% (elapsed time 24042.2s, curr speed    0.059 kHz, avg speed    0.053 kHz), accepted     1957/ 1270001 events ( 0.15%)
Processed  1280000/ 2013851 entries, 63.56% (elapsed time 24209.9s, curr speed    0.060 kHz, avg speed    0.053 kHz), accepted     1977/ 1280001 events ( 0.15%)
Processed  1290000/ 2013851 entries, 64.06% (elapsed time 24378.4s, curr speed    0.059 kHz, avg speed    0.053 kHz), accepted     1992/ 1290001 events ( 0.15%)
TtoEM trigger inconsistency
ZtoMM trigger inconsistency
Processed  1300000/ 2013851 entries, 64.55% (elapsed time 24547.3s, curr speed    0.059 kHz, avg speed    0.053 kHz), accepted     2004/ 1300001 events ( 0.15%)
Processed  1310000/ 2013851 entries, 65.05% (elapsed time 24713.4s, curr speed    0.060 kHz, avg speed    0.053 kHz), accepted     2018/ 1310001 events ( 0.15%)
TtoEM trigger inconsistency
Processed  1320000/ 2013851 entries, 65.55% (elapsed time 24878.8s, curr speed    0.060 kHz, avg speed    0.053 kHz), accepted     2033/ 1320001 events ( 0.15%)
Processed  1330000/ 2013851 entries, 66.04% (elapsed time 25040.3s, curr speed    0.062 kHz, avg speed    0.053 kHz), accepted     2054/ 1330001 events ( 0.15%)
Processed  1340000/ 2013851 entries, 66.54% (elapsed time 25203.4s, curr speed    0.061 kHz, avg speed    0.053 kHz), accepted     2066/ 1340001 events ( 0.15%)
ZtoMM trigger inconsistency
TtoEM trigger inconsistency
Processed  1350000/ 2013851 entries, 67.04% (elapsed time 25366.5s, curr speed    0.061 kHz, avg speed    0.053 kHz), accepted     2087/ 1350001 events ( 0.15%)
Processed  1360000/ 2013851 entries, 67.53% (elapsed time 25529.3s, curr speed    0.061 kHz, avg speed    0.053 kHz), accepted     2098/ 1360001 events ( 0.15%)
Processed  1370000/ 2013851 entries, 68.03% (elapsed time 25690.7s, curr speed    0.062 kHz, avg speed    0.053 kHz), accepted     2118/ 1370001 events ( 0.15%)
ZtoMM trigger inconsistency
Processed  1380000/ 2013851 entries, 68.53% (elapsed time 25853.3s, curr speed    0.062 kHz, avg speed    0.053 kHz), accepted     2129/ 1380001 events ( 0.15%)
TtoEM trigger inconsistency
Processed  1390000/ 2013851 entries, 69.02% (elapsed time 26016.1s, curr speed    0.061 kHz, avg speed    0.053 kHz), accepted     2139/ 1390001 events ( 0.15%)
ZtoMM trigger inconsistency
Processed  1400000/ 2013851 entries, 69.52% (elapsed time 26178.0s, curr speed    0.062 kHz, avg speed    0.053 kHz), accepted     2156/ 1400001 events ( 0.15%)
Processed  1410000/ 2013851 entries, 70.02% (elapsed time 26340.8s, curr speed    0.061 kHz, avg speed    0.054 kHz), accepted     2171/ 1410001 events ( 0.15%)
ZtoMM trigger inconsistency
%MSG-e SimpleJetCorrectionUncertainty: 
 bin variables out of range
%MSG
%MSG-e SimpleJetCorrectionUncertainty: 
 bin variables out of range
%MSG
Processed  1420000/ 2013851 entries, 70.51% (elapsed time 26503.1s, curr speed    0.062 kHz, avg speed    0.054 kHz), accepted     2178/ 1420001 events ( 0.15%)
Processed  1430000/ 2013851 entries, 71.01% (elapsed time 26663.4s, curr speed    0.062 kHz, avg speed    0.054 kHz), accepted     2188/ 1430001 events ( 0.15%)
Processed  1440000/ 2013851 entries, 71.50% (elapsed time 26828.2s, curr speed    0.061 kHz, avg speed    0.054 kHz), accepted     2202/ 1440001 events ( 0.15%)
ZtoMM trigger inconsistency
Processed  1450000/ 2013851 entries, 72.00% (elapsed time 26989.5s, curr speed    0.062 kHz, avg speed    0.054 kHz), accepted     2210/ 1450001 events ( 0.15%)
ZtoMM trigger inconsistency
ZtoMM trigger inconsistency
Processed  1460000/ 2013851 entries, 72.50% (elapsed time 27151.1s, curr speed    0.062 kHz, avg speed    0.054 kHz), accepted     2226/ 1460001 events ( 0.15%)
Processed  1470000/ 2013851 entries, 72.99% (elapsed time 27313.7s, curr speed    0.061 kHz, avg speed    0.054 kHz), accepted     2240/ 1470001 events ( 0.15%)
Processed  1480000/ 2013851 entries, 73.49% (elapsed time 27476.7s, curr speed    0.061 kHz, avg speed    0.054 kHz), accepted     2254/ 1480001 events ( 0.15%)
ZtoMM trigger inconsistency
ZtoMM trigger inconsistency
Processed  1490000/ 2013851 entries, 73.99% (elapsed time 27639.6s, curr speed    0.061 kHz, avg speed    0.054 kHz), accepted     2278/ 1490001 events ( 0.15%)
Processed  1500000/ 2013851 entries, 74.48% (elapsed time 27802.9s, curr speed    0.061 kHz, avg speed    0.054 kHz), accepted     2293/ 1500001 events ( 0.15%)
ZtoMM trigger inconsistency
Processed  1510000/ 2013851 entries, 74.98% (elapsed time 27964.6s, curr speed    0.062 kHz, avg speed    0.054 kHz), accepted     2309/ 1510001 events ( 0.15%)
Processed  1520000/ 2013851 entries, 75.48% (elapsed time 28127.4s, curr speed    0.061 kHz, avg speed    0.054 kHz), accepted     2326/ 1520001 events ( 0.15%)
ZtoMM trigger inconsistency
Processed  1530000/ 2013851 entries, 75.97% (elapsed time 28290.5s, curr speed    0.061 kHz, avg speed    0.054 kHz), accepted     2332/ 1530001 events ( 0.15%)
Processed  1540000/ 2013851 entries, 76.47% (elapsed time 28453.4s, curr speed    0.061 kHz, avg speed    0.054 kHz), accepted     2347/ 1540001 events ( 0.15%)
Processed  1550000/ 2013851 entries, 76.97% (elapsed time 28615.4s, curr speed    0.062 kHz, avg speed    0.054 kHz), accepted     2362/ 1550001 events ( 0.15%)
Processed  1560000/ 2013851 entries, 77.46% (elapsed time 28778.6s, curr speed    0.061 kHz, avg speed    0.054 kHz), accepted     2378/ 1560001 events ( 0.15%)
ZtoMM trigger inconsistency
Processed  1570000/ 2013851 entries, 77.96% (elapsed time 28941.6s, curr speed    0.061 kHz, avg speed    0.054 kHz), accepted     2393/ 1570001 events ( 0.15%)
Processed  1580000/ 2013851 entries, 78.46% (elapsed time 29105.6s, curr speed    0.061 kHz, avg speed    0.054 kHz), accepted     2415/ 1580001 events ( 0.15%)
TtoEM trigger inconsistency
TtoEM trigger inconsistency
Processed  1590000/ 2013851 entries, 78.95% (elapsed time 29267.3s, curr speed    0.062 kHz, avg speed    0.054 kHz), accepted     2426/ 1590001 events ( 0.15%)
Processed  1600000/ 2013851 entries, 79.45% (elapsed time 29429.3s, curr speed    0.062 kHz, avg speed    0.054 kHz), accepted     2436/ 1600001 events ( 0.15%)
Processed  1610000/ 2013851 entries, 79.95% (elapsed time 29591.8s, curr speed    0.062 kHz, avg speed    0.054 kHz), accepted     2457/ 1610001 events ( 0.15%)
TtoEM trigger inconsistency
Processed  1620000/ 2013851 entries, 80.44% (elapsed time 29754.9s, curr speed    0.061 kHz, avg speed    0.054 kHz), accepted     2481/ 1620001 events ( 0.15%)
Processed  1630000/ 2013851 entries, 80.94% (elapsed time 29916.3s, curr speed    0.062 kHz, avg speed    0.054 kHz), accepted     2498/ 1630001 events ( 0.15%)
Processed  1640000/ 2013851 entries, 81.44% (elapsed time 30078.5s, curr speed    0.062 kHz, avg speed    0.055 kHz), accepted     2514/ 1640001 events ( 0.15%)
Processed  1650000/ 2013851 entries, 81.93% (elapsed time 30242.0s, curr speed    0.061 kHz, avg speed    0.055 kHz), accepted     2533/ 1650001 events ( 0.15%)
Processed  1660000/ 2013851 entries, 82.43% (elapsed time 30404.0s, curr speed    0.062 kHz, avg speed    0.055 kHz), accepted     2548/ 1660001 events ( 0.15%)
Processed  1670000/ 2013851 entries, 82.93% (elapsed time 30566.9s, curr speed    0.061 kHz, avg speed    0.055 kHz), accepted     2563/ 1670001 events ( 0.15%)
Processed  1680000/ 2013851 entries, 83.42% (elapsed time 30729.8s, curr speed    0.061 kHz, avg speed    0.055 kHz), accepted     2576/ 1680001 events ( 0.15%)
ZtoMM trigger inconsistency
Processed  1690000/ 2013851 entries, 83.92% (elapsed time 30891.2s, curr speed    0.062 kHz, avg speed    0.055 kHz), accepted     2588/ 1690001 events ( 0.15%)
TtoEM trigger inconsistency
Processed  1700000/ 2013851 entries, 84.42% (elapsed time 31053.4s, curr speed    0.062 kHz, avg speed    0.055 kHz), accepted     2600/ 1700001 events ( 0.15%)
ZtoMM trigger inconsistency
Processed  1710000/ 2013851 entries, 84.91% (elapsed time 31215.9s, curr speed    0.062 kHz, avg speed    0.055 kHz), accepted     2616/ 1710001 events ( 0.15%)
Processed  1720000/ 2013851 entries, 85.41% (elapsed time 31379.1s, curr speed    0.061 kHz, avg speed    0.055 kHz), accepted     2631/ 1720001 events ( 0.15%)
Processed  1730000/ 2013851 entries, 85.91% (elapsed time 31541.9s, curr speed    0.061 kHz, avg speed    0.055 kHz), accepted     2648/ 1730001 events ( 0.15%)
Processed  1740000/ 2013851 entries, 86.40% (elapsed time 31706.1s, curr speed    0.061 kHz, avg speed    0.055 kHz), accepted     2660/ 1740001 events ( 0.15%)
Processed  1750000/ 2013851 entries, 86.90% (elapsed time 31867.0s, curr speed    0.062 kHz, avg speed    0.055 kHz), accepted     2678/ 1750001 events ( 0.15%)
Processed  1760000/ 2013851 entries, 87.39% (elapsed time 32030.9s, curr speed    0.061 kHz, avg speed    0.055 kHz), accepted     2693/ 1760001 events ( 0.15%)
ZtoMM trigger inconsistency
Processed  1770000/ 2013851 entries, 87.89% (elapsed time 32192.7s, curr speed    0.062 kHz, avg speed    0.055 kHz), accepted     2703/ 1770001 events ( 0.15%)
ZtoMM trigger inconsistency
Processed  1780000/ 2013851 entries, 88.39% (elapsed time 32354.4s, curr speed    0.062 kHz, avg speed    0.055 kHz), accepted     2719/ 1780001 events ( 0.15%)
TtoEM trigger inconsistency
Processed  1790000/ 2013851 entries, 88.88% (elapsed time 32517.7s, curr speed    0.061 kHz, avg speed    0.055 kHz), accepted     2731/ 1790001 events ( 0.15%)
Processed  1800000/ 2013851 entries, 89.38% (elapsed time 32678.5s, curr speed    0.062 kHz, avg speed    0.055 kHz), accepted     2747/ 1800001 events ( 0.15%)
TtoEM trigger inconsistency
Processed  1810000/ 2013851 entries, 89.88% (elapsed time 32839.4s, curr speed    0.062 kHz, avg speed    0.055 kHz), accepted     2764/ 1810001 events ( 0.15%)
ZtoMM trigger inconsistency
Processed  1820000/ 2013851 entries, 90.37% (elapsed time 33001.5s, curr speed    0.062 kHz, avg speed    0.055 kHz), accepted     2783/ 1820001 events ( 0.15%)
Processed  1830000/ 2013851 entries, 90.87% (elapsed time 33164.4s, curr speed    0.061 kHz, avg speed    0.055 kHz), accepted     2802/ 1830001 events ( 0.15%)
Processed  1840000/ 2013851 entries, 91.37% (elapsed time 33326.2s, curr speed    0.062 kHz, avg speed    0.055 kHz), accepted     2819/ 1840001 events ( 0.15%)
Processed  1850000/ 2013851 entries, 91.86% (elapsed time 33487.3s, curr speed    0.062 kHz, avg speed    0.055 kHz), accepted     2830/ 1850001 events ( 0.15%)
TtoEM trigger inconsistency
Processed  1860000/ 2013851 entries, 92.36% (elapsed time 33650.7s, curr speed    0.061 kHz, avg speed    0.055 kHz), accepted     2846/ 1860001 events ( 0.15%)
ZtoMM trigger inconsistency
Processed  1870000/ 2013851 entries, 92.86% (elapsed time 33812.5s, curr speed    0.062 kHz, avg speed    0.055 kHz), accepted     2863/ 1870001 events ( 0.15%)
Processed  1880000/ 2013851 entries, 93.35% (elapsed time 33973.2s, curr speed    0.062 kHz, avg speed    0.055 kHz), accepted     2875/ 1880001 events ( 0.15%)
Processed  1890000/ 2013851 entries, 93.85% (elapsed time 34133.5s, curr speed    0.062 kHz, avg speed    0.055 kHz), accepted     2890/ 1890001 events ( 0.15%)
Processed  1900000/ 2013851 entries, 94.35% (elapsed time 34294.2s, curr speed    0.062 kHz, avg speed    0.055 kHz), accepted     2907/ 1900001 events ( 0.15%)
Processed  1910000/ 2013851 entries, 94.84% (elapsed time 34455.4s, curr speed    0.062 kHz, avg speed    0.055 kHz), accepted     2926/ 1910001 events ( 0.15%)
Processed  1920000/ 2013851 entries, 95.34% (elapsed time 34618.1s, curr speed    0.061 kHz, avg speed    0.055 kHz), accepted     2938/ 1920001 events ( 0.15%)
Processed  1930000/ 2013851 entries, 95.84% (elapsed time 34778.3s, curr speed    0.062 kHz, avg speed    0.055 kHz), accepted     2953/ 1930001 events ( 0.15%)
Processed  1940000/ 2013851 entries, 96.33% (elapsed time 34940.4s, curr speed    0.062 kHz, avg speed    0.056 kHz), accepted     2963/ 1940001 events ( 0.15%)
ZtoMM trigger inconsistency
Processed  1950000/ 2013851 entries, 96.83% (elapsed time 35102.9s, curr speed    0.062 kHz, avg speed    0.056 kHz), accepted     2979/ 1950001 events ( 0.15%)
ZtoMM trigger inconsistency
Processed  1960000/ 2013851 entries, 97.33% (elapsed time 35263.4s, curr speed    0.062 kHz, avg speed    0.056 kHz), accepted     2998/ 1960001 events ( 0.15%)
ZtoMM trigger inconsistency
Processed  1970000/ 2013851 entries, 97.82% (elapsed time 35425.6s, curr speed    0.062 kHz, avg speed    0.056 kHz), accepted     3019/ 1970001 events ( 0.15%)
Processed  1980000/ 2013851 entries, 98.32% (elapsed time 35586.3s, curr speed    0.062 kHz, avg speed    0.056 kHz), accepted     3030/ 1980001 events ( 0.15%)
Processed  1990000/ 2013851 entries, 98.82% (elapsed time 35796.9s, curr speed    0.047 kHz, avg speed    0.056 kHz), accepted     3042/ 1990001 events ( 0.15%)
Processed  2000000/ 2013851 entries, 99.31% (elapsed time 36029.9s, curr speed    0.043 kHz, avg speed    0.056 kHz), accepted     3054/ 2000001 events ( 0.15%)
Processed  2010000/ 2013851 entries, 99.81% (elapsed time 36234.5s, curr speed    0.049 kHz, avg speed    0.055 kHz), accepted     3070/ 2010001 events ( 0.15%)
Processed 2013851 preselected entries from root://cms-xrd-global.cern.ch//store/mc/RunIISummer16NanoAODv6/ZZTo4L_13TeV_powheg_pythia8_ext1/NANOAODSIM/PUMoriond17_Nano25Oct2019_102X_mcRun2_asymptotic_v7-v1/270000/74B1D256-404F-0D48-8014-1A7CC4B86C99.root (2013851 entries). Finally selected 3077 entries
Done /work/pbaertsc/heavy_resonance/output_2016/ZZTo4L_13TeV_powheg_pythia8_ext1__RunIISummer16NanoAODv6-PUMoriond17_Nano25Oct2019_102X_mcRun2_asymptotic_v7-v1__NANOAODSIM/74B1D256-404F-0D48-8014-1A7CC4B86C99.root
55.4566618457 Hz
deleting root file with name: /work/pbaertsc/heavy_resonance/output_2016/ZZTo4L_13TeV_powheg_pythia8_ext1__RunIISummer16NanoAODv6-PUMoriond17_Nano25Oct2019_102X_mcRun2_asymptotic_v7-v1__NANOAODSIM/74B1D256-404F-0D48-8014-1A7CC4B86C99.root
DONE
Complete at
Wed Jan 29 09:48:54 CET 2020
