job start at
Tue Jan 28 20:39:36 CET 2020
SLURM_JOB_ID: 422111
HOSTNAME: t3wn52
JOBLIST:joblist/joblist_WWTo4Q_NNPDF31_TuneCP5_13TeV-powheg-pythia8__RunIIFall17NanoAODv6-PU2017_12Apr2018_Nano25Oct2019_new_pmx_102X_mc2017_realistic_v7-v1__NANOAODSIM_ll.txt
Going to execute
python job.py -i root://cms-xrd-global.cern.ch//store/mc/RunIIFall17NanoAODv6/WWTo4Q_NNPDF31_TuneCP5_13TeV-powheg-pythia8/NANOAODSIM/PU2017_12Apr2018_Nano25Oct2019_new_pmx_102X_mc2017_realistic_v7-v1/260000/1FE103E3-FDFB-794C-B8CE-21660BB25E70.root -o /work/pbaertsc/heavy_resonance/output_2017/WWTo4Q_NNPDF31_TuneCP5_13TeV-powheg-pythia8__RunIIFall17NanoAODv6-PU2017_12Apr2018_Nano25Oct2019_new_pmx_102X_mc2017_realistic_v7-v1__NANOAODSIM -N WWTo4Q_NNPDF31_TuneCP5_13TeV-powheg-pythia8__RunIIFall17NanoAODv6-PU2017_12Apr2018_Nano25Oct2019_new_pmx_102X_mc2017_realistic_v7-v1__NANOAODSIM -n 2 -c ll -y 2017
TClass::Init:0: RuntimeWarning: no dictionary for class ROOT::TIOFeatures is available
/work/pbaertsc/heavy_resonance/CMSSW_9_4_6/python/PhysicsTools/NanoAODTools/postprocessing/framework/treeReaderArrayTools.py:69: RuntimeWarning: creating executor for unknown type "ULong64_t*"
  ret = _vr.Get()[0]
JEC= Fall17_17Nov2017_V32_MC 	 JER= Fall17_V3_MC
MET branch= PuppiMET
JEC= Fall17_17Nov2017_V32_MC 	 JER= Fall17_V3_MC
MET branch= PuppiMET
--------------------------------------------------------------------------------
input files  = ['root://cms-xrd-global.cern.ch//store/mc/RunIIFall17NanoAODv6/WWTo4Q_NNPDF31_TuneCP5_13TeV-powheg-pythia8/NANOAODSIM/PU2017_12Apr2018_Nano25Oct2019_new_pmx_102X_mc2017_realistic_v7-v1/260000/1FE103E3-FDFB-794C-B8CE-21660BB25E70.root']
output directory = /work/pbaertsc/heavy_resonance/output_2017/WWTo4Q_NNPDF31_TuneCP5_13TeV-powheg-pythia8__RunIIFall17NanoAODv6-PU2017_12Apr2018_Nano25Oct2019_new_pmx_102X_mc2017_realistic_v7-v1__NANOAODSIM
output file  = WWTo4Q_NNPDF31_TuneCP5_13TeV-powheg-pythia8__RunIIFall17NanoAODv6-PU2017_12Apr2018_Nano25Oct2019_new_pmx_102X_mc2017_realistic_v7-v1__NANOAODSIM_2_ll.root
chunck       = 2
channel      = ll
dataType     = mc
year         = 2017
tes          = 1.0
ltf          = 1.0
jtf          = 1.0
--------------------------------------------------------------------------------
job.py: creating PostProcessor...
TreeProducer is called /work/pbaertsc/heavy_resonance/output_2017/WWTo4Q_NNPDF31_TuneCP5_13TeV-powheg-pythia8__RunIIFall17NanoAODv6-PU2017_12Apr2018_Nano25Oct2019_new_pmx_102X_mc2017_realistic_v7-v1__NANOAODSIM/WWTo4Q_NNPDF31_TuneCP5_13TeV-powheg-pythia8__RunIIFall17NanoAODv6-PU2017_12Apr2018_Nano25Oct2019_new_pmx_102X_mc2017_realistic_v7-v1__NANOAODSIM_2_ll.root
job.py: going to run PostProcessor...
Will write selected trees to /work/pbaertsc/heavy_resonance/output_2017/WWTo4Q_NNPDF31_TuneCP5_13TeV-powheg-pythia8__RunIIFall17NanoAODv6-PU2017_12Apr2018_Nano25Oct2019_new_pmx_102X_mc2017_realistic_v7-v1__NANOAODSIM
Loading jet energy scale (JES) uncertainties from file '/tmp/tmpWWIQp3/Fall17_17Nov2017_V32_MC_Uncertainty_AK4PFchs.txt'
Loading jet energy resolutions (JER) from file '/tmp/tmpDvF5kn/Fall17_V3_MC_PtResolution_AK4PFchs.txt'
Loading JER scale factors and uncertainties from file '/tmp/tmpDvF5kn/Fall17_V3_MC_SF_AK4PFchs.txt'
Loading jet energy scale (JES) uncertainties from file '/tmp/tmp_1u6pQ/Fall17_17Nov2017_V32_MC_Uncertainty_AK8PFPuppi.txt'
Loading jet energy resolutions (JER) from file '/tmp/tmpljAfYd/Fall17_V3_MC_PtResolution_AK8PFPuppi.txt'
Loading JER scale factors and uncertainties from file '/tmp/tmpljAfYd/Fall17_V3_MC_SF_AK8PFPuppi.txt'
Pre-select 1042868 entries out of 1042868 (100.00%)
nanoAODv5? True
Processed    10000/ 1042868 entries,  0.96% (elapsed time   189.9s, curr speed    0.053 kHz, avg speed    0.053 kHz), accepted        0/   10001 events ( 0.00%)
Processed    20000/ 1042868 entries,  1.92% (elapsed time   371.6s, curr speed    0.055 kHz, avg speed    0.054 kHz), accepted        0/   20001 events ( 0.00%)
Processed    30000/ 1042868 entries,  2.88% (elapsed time   539.3s, curr speed    0.060 kHz, avg speed    0.056 kHz), accepted        0/   30001 events ( 0.00%)
Processed    40000/ 1042868 entries,  3.84% (elapsed time   711.4s, curr speed    0.058 kHz, avg speed    0.056 kHz), accepted        1/   40001 events ( 0.00%)
Processed    50000/ 1042868 entries,  4.79% (elapsed time   896.2s, curr speed    0.054 kHz, avg speed    0.056 kHz), accepted        1/   50001 events ( 0.00%)
Processed    60000/ 1042868 entries,  5.75% (elapsed time  1059.8s, curr speed    0.061 kHz, avg speed    0.057 kHz), accepted        1/   60001 events ( 0.00%)
Processed    70000/ 1042868 entries,  6.71% (elapsed time  1252.5s, curr speed    0.052 kHz, avg speed    0.056 kHz), accepted        1/   70001 events ( 0.00%)
Processed    80000/ 1042868 entries,  7.67% (elapsed time  1428.5s, curr speed    0.057 kHz, avg speed    0.056 kHz), accepted        2/   80001 events ( 0.00%)
Processed    90000/ 1042868 entries,  8.63% (elapsed time  1612.8s, curr speed    0.054 kHz, avg speed    0.056 kHz), accepted        3/   90001 events ( 0.00%)
Processed   100000/ 1042868 entries,  9.59% (elapsed time  1809.2s, curr speed    0.051 kHz, avg speed    0.055 kHz), accepted        3/  100001 events ( 0.00%)
Bad event
Processed   110000/ 1042868 entries, 10.55% (elapsed time  1995.3s, curr speed    0.054 kHz, avg speed    0.055 kHz), accepted        4/  110001 events ( 0.00%)
Processed   120000/ 1042868 entries, 11.51% (elapsed time  2193.9s, curr speed    0.050 kHz, avg speed    0.055 kHz), accepted        5/  120001 events ( 0.00%)
Processed   130000/ 1042868 entries, 12.47% (elapsed time  2384.3s, curr speed    0.053 kHz, avg speed    0.055 kHz), accepted        5/  130001 events ( 0.00%)
Processed   140000/ 1042868 entries, 13.42% (elapsed time  2572.7s, curr speed    0.053 kHz, avg speed    0.054 kHz), accepted        5/  140001 events ( 0.00%)
Processed   150000/ 1042868 entries, 14.38% (elapsed time  2756.8s, curr speed    0.054 kHz, avg speed    0.054 kHz), accepted        5/  150001 events ( 0.00%)
Processed   160000/ 1042868 entries, 15.34% (elapsed time  2954.1s, curr speed    0.051 kHz, avg speed    0.054 kHz), accepted        5/  160001 events ( 0.00%)
Processed   170000/ 1042868 entries, 16.30% (elapsed time  3141.2s, curr speed    0.053 kHz, avg speed    0.054 kHz), accepted        5/  170001 events ( 0.00%)
Processed   180000/ 1042868 entries, 17.26% (elapsed time  3333.4s, curr speed    0.052 kHz, avg speed    0.054 kHz), accepted        5/  180001 events ( 0.00%)
Processed   190000/ 1042868 entries, 18.22% (elapsed time  3519.0s, curr speed    0.054 kHz, avg speed    0.054 kHz), accepted        5/  190001 events ( 0.00%)
Processed   200000/ 1042868 entries, 19.18% (elapsed time  3699.6s, curr speed    0.055 kHz, avg speed    0.054 kHz), accepted        5/  200001 events ( 0.00%)
Processed   210000/ 1042868 entries, 20.14% (elapsed time  3890.8s, curr speed    0.052 kHz, avg speed    0.054 kHz), accepted        5/  210001 events ( 0.00%)
Processed   220000/ 1042868 entries, 21.10% (elapsed time  4076.5s, curr speed    0.054 kHz, avg speed    0.054 kHz), accepted        5/  220001 events ( 0.00%)
Processed   230000/ 1042868 entries, 22.05% (elapsed time  4267.6s, curr speed    0.052 kHz, avg speed    0.054 kHz), accepted        5/  230001 events ( 0.00%)
Bad event
Processed   240000/ 1042868 entries, 23.01% (elapsed time  4453.0s, curr speed    0.054 kHz, avg speed    0.054 kHz), accepted        5/  240001 events ( 0.00%)
%MSG-e SimpleJetCorrectionUncertainty: 
 bin variables out of range
%MSG
%MSG-e SimpleJetCorrectionUncertainty: 
 bin variables out of range
%MSG
Processed   250000/ 1042868 entries, 23.97% (elapsed time  4638.2s, curr speed    0.054 kHz, avg speed    0.054 kHz), accepted        5/  250001 events ( 0.00%)
Processed   260000/ 1042868 entries, 24.93% (elapsed time  4833.1s, curr speed    0.051 kHz, avg speed    0.054 kHz), accepted        5/  260001 events ( 0.00%)
Processed   270000/ 1042868 entries, 25.89% (elapsed time  5020.6s, curr speed    0.053 kHz, avg speed    0.054 kHz), accepted        5/  270001 events ( 0.00%)
Processed   280000/ 1042868 entries, 26.85% (elapsed time  5209.4s, curr speed    0.053 kHz, avg speed    0.054 kHz), accepted        5/  280001 events ( 0.00%)
Processed   290000/ 1042868 entries, 27.81% (elapsed time  5390.6s, curr speed    0.055 kHz, avg speed    0.054 kHz), accepted        5/  290001 events ( 0.00%)
Bad event
Processed   300000/ 1042868 entries, 28.77% (elapsed time  5575.1s, curr speed    0.054 kHz, avg speed    0.054 kHz), accepted        5/  300001 events ( 0.00%)
Processed   310000/ 1042868 entries, 29.73% (elapsed time  5767.8s, curr speed    0.052 kHz, avg speed    0.054 kHz), accepted        5/  310001 events ( 0.00%)
Processed   320000/ 1042868 entries, 30.68% (elapsed time  5955.4s, curr speed    0.053 kHz, avg speed    0.054 kHz), accepted        5/  320001 events ( 0.00%)
Bad event
Processed   330000/ 1042868 entries, 31.64% (elapsed time  6146.7s, curr speed    0.052 kHz, avg speed    0.054 kHz), accepted        5/  330001 events ( 0.00%)
Processed   340000/ 1042868 entries, 32.60% (elapsed time  6329.8s, curr speed    0.055 kHz, avg speed    0.054 kHz), accepted        6/  340001 events ( 0.00%)
Processed   350000/ 1042868 entries, 33.56% (elapsed time  6523.1s, curr speed    0.052 kHz, avg speed    0.054 kHz), accepted        7/  350001 events ( 0.00%)
Processed   360000/ 1042868 entries, 34.52% (elapsed time  6710.5s, curr speed    0.053 kHz, avg speed    0.054 kHz), accepted        7/  360001 events ( 0.00%)
Processed   370000/ 1042868 entries, 35.48% (elapsed time  6895.9s, curr speed    0.054 kHz, avg speed    0.054 kHz), accepted        7/  370001 events ( 0.00%)
Processed   380000/ 1042868 entries, 36.44% (elapsed time  7085.5s, curr speed    0.053 kHz, avg speed    0.054 kHz), accepted        7/  380001 events ( 0.00%)
Processed   390000/ 1042868 entries, 37.40% (elapsed time  7274.7s, curr speed    0.053 kHz, avg speed    0.054 kHz), accepted        7/  390001 events ( 0.00%)
Processed   400000/ 1042868 entries, 38.36% (elapsed time  7454.9s, curr speed    0.055 kHz, avg speed    0.054 kHz), accepted        7/  400001 events ( 0.00%)
Processed   410000/ 1042868 entries, 39.31% (elapsed time  7644.2s, curr speed    0.053 kHz, avg speed    0.054 kHz), accepted        7/  410001 events ( 0.00%)
Processed   420000/ 1042868 entries, 40.27% (elapsed time  7833.1s, curr speed    0.053 kHz, avg speed    0.054 kHz), accepted        7/  420001 events ( 0.00%)
Processed   430000/ 1042868 entries, 41.23% (elapsed time  8024.7s, curr speed    0.052 kHz, avg speed    0.054 kHz), accepted        7/  430001 events ( 0.00%)
Processed   440000/ 1042868 entries, 42.19% (elapsed time  8210.3s, curr speed    0.054 kHz, avg speed    0.054 kHz), accepted        8/  440001 events ( 0.00%)
Processed   450000/ 1042868 entries, 43.15% (elapsed time  8404.1s, curr speed    0.052 kHz, avg speed    0.054 kHz), accepted        8/  450001 events ( 0.00%)
Processed   460000/ 1042868 entries, 44.11% (elapsed time  8587.0s, curr speed    0.055 kHz, avg speed    0.054 kHz), accepted        8/  460001 events ( 0.00%)
Processed   470000/ 1042868 entries, 45.07% (elapsed time  8773.4s, curr speed    0.054 kHz, avg speed    0.054 kHz), accepted        8/  470001 events ( 0.00%)
Processed   480000/ 1042868 entries, 46.03% (elapsed time  8952.8s, curr speed    0.056 kHz, avg speed    0.054 kHz), accepted        9/  480001 events ( 0.00%)
Processed   490000/ 1042868 entries, 46.99% (elapsed time  9147.3s, curr speed    0.051 kHz, avg speed    0.054 kHz), accepted       10/  490001 events ( 0.00%)
Processed   500000/ 1042868 entries, 47.94% (elapsed time  9338.9s, curr speed    0.052 kHz, avg speed    0.054 kHz), accepted       10/  500001 events ( 0.00%)
Processed   510000/ 1042868 entries, 48.90% (elapsed time  9517.1s, curr speed    0.056 kHz, avg speed    0.054 kHz), accepted       11/  510001 events ( 0.00%)
Processed   520000/ 1042868 entries, 49.86% (elapsed time  9705.2s, curr speed    0.053 kHz, avg speed    0.054 kHz), accepted       13/  520001 events ( 0.00%)
Processed   530000/ 1042868 entries, 50.82% (elapsed time  9893.6s, curr speed    0.053 kHz, avg speed    0.054 kHz), accepted       13/  530001 events ( 0.00%)
Processed   540000/ 1042868 entries, 51.78% (elapsed time 10073.2s, curr speed    0.056 kHz, avg speed    0.054 kHz), accepted       13/  540001 events ( 0.00%)
Processed   550000/ 1042868 entries, 52.74% (elapsed time 10256.0s, curr speed    0.055 kHz, avg speed    0.054 kHz), accepted       13/  550001 events ( 0.00%)
Processed   560000/ 1042868 entries, 53.70% (elapsed time 10439.0s, curr speed    0.055 kHz, avg speed    0.054 kHz), accepted       13/  560001 events ( 0.00%)
Processed   570000/ 1042868 entries, 54.66% (elapsed time 10623.2s, curr speed    0.054 kHz, avg speed    0.054 kHz), accepted       13/  570001 events ( 0.00%)
Processed   580000/ 1042868 entries, 55.62% (elapsed time 10800.7s, curr speed    0.056 kHz, avg speed    0.054 kHz), accepted       14/  580001 events ( 0.00%)
Processed   590000/ 1042868 entries, 56.57% (elapsed time 10991.6s, curr speed    0.052 kHz, avg speed    0.054 kHz), accepted       14/  590001 events ( 0.00%)
Processed   600000/ 1042868 entries, 57.53% (elapsed time 11162.2s, curr speed    0.059 kHz, avg speed    0.054 kHz), accepted       15/  600001 events ( 0.00%)
Processed   610000/ 1042868 entries, 58.49% (elapsed time 11353.5s, curr speed    0.052 kHz, avg speed    0.054 kHz), accepted       15/  610001 events ( 0.00%)
Processed   620000/ 1042868 entries, 59.45% (elapsed time 11542.1s, curr speed    0.053 kHz, avg speed    0.054 kHz), accepted       17/  620001 events ( 0.00%)
Processed   630000/ 1042868 entries, 60.41% (elapsed time 11725.9s, curr speed    0.054 kHz, avg speed    0.054 kHz), accepted       17/  630001 events ( 0.00%)
Processed   640000/ 1042868 entries, 61.37% (elapsed time 11907.3s, curr speed    0.055 kHz, avg speed    0.054 kHz), accepted       17/  640001 events ( 0.00%)
Processed   650000/ 1042868 entries, 62.33% (elapsed time 12087.6s, curr speed    0.055 kHz, avg speed    0.054 kHz), accepted       17/  650001 events ( 0.00%)
Processed   660000/ 1042868 entries, 63.29% (elapsed time 12270.6s, curr speed    0.055 kHz, avg speed    0.054 kHz), accepted       17/  660001 events ( 0.00%)
Processed   670000/ 1042868 entries, 64.25% (elapsed time 12454.3s, curr speed    0.054 kHz, avg speed    0.054 kHz), accepted       17/  670001 events ( 0.00%)
Processed   680000/ 1042868 entries, 65.20% (elapsed time 12636.7s, curr speed    0.055 kHz, avg speed    0.054 kHz), accepted       17/  680001 events ( 0.00%)
Processed   690000/ 1042868 entries, 66.16% (elapsed time 12815.2s, curr speed    0.056 kHz, avg speed    0.054 kHz), accepted       17/  690001 events ( 0.00%)
Processed   700000/ 1042868 entries, 67.12% (elapsed time 12998.6s, curr speed    0.055 kHz, avg speed    0.054 kHz), accepted       17/  700001 events ( 0.00%)
Processed   710000/ 1042868 entries, 68.08% (elapsed time 13185.3s, curr speed    0.054 kHz, avg speed    0.054 kHz), accepted       18/  710001 events ( 0.00%)
Processed   720000/ 1042868 entries, 69.04% (elapsed time 13365.0s, curr speed    0.056 kHz, avg speed    0.054 kHz), accepted       19/  720001 events ( 0.00%)
Processed   730000/ 1042868 entries, 70.00% (elapsed time 13547.8s, curr speed    0.055 kHz, avg speed    0.054 kHz), accepted       19/  730001 events ( 0.00%)
Bad event
Processed   740000/ 1042868 entries, 70.96% (elapsed time 13730.9s, curr speed    0.055 kHz, avg speed    0.054 kHz), accepted       19/  740001 events ( 0.00%)
Processed   750000/ 1042868 entries, 71.92% (elapsed time 13917.7s, curr speed    0.054 kHz, avg speed    0.054 kHz), accepted       19/  750001 events ( 0.00%)
Processed   760000/ 1042868 entries, 72.88% (elapsed time 14098.4s, curr speed    0.055 kHz, avg speed    0.054 kHz), accepted       19/  760001 events ( 0.00%)
Processed   770000/ 1042868 entries, 73.83% (elapsed time 14297.8s, curr speed    0.050 kHz, avg speed    0.054 kHz), accepted       19/  770001 events ( 0.00%)
Processed   780000/ 1042868 entries, 74.79% (elapsed time 14490.9s, curr speed    0.052 kHz, avg speed    0.054 kHz), accepted       19/  780001 events ( 0.00%)
Processed   790000/ 1042868 entries, 75.75% (elapsed time 14679.6s, curr speed    0.053 kHz, avg speed    0.054 kHz), accepted       19/  790001 events ( 0.00%)
Processed   800000/ 1042868 entries, 76.71% (elapsed time 14858.9s, curr speed    0.056 kHz, avg speed    0.054 kHz), accepted       19/  800001 events ( 0.00%)
Processed   810000/ 1042868 entries, 77.67% (elapsed time 15044.2s, curr speed    0.054 kHz, avg speed    0.054 kHz), accepted       20/  810001 events ( 0.00%)
Processed   820000/ 1042868 entries, 78.63% (elapsed time 15236.7s, curr speed    0.052 kHz, avg speed    0.054 kHz), accepted       20/  820001 events ( 0.00%)
Processed   830000/ 1042868 entries, 79.59% (elapsed time 15447.9s, curr speed    0.047 kHz, avg speed    0.054 kHz), accepted       21/  830001 events ( 0.00%)
Processed   840000/ 1042868 entries, 80.55% (elapsed time 15654.1s, curr speed    0.049 kHz, avg speed    0.054 kHz), accepted       21/  840001 events ( 0.00%)
%MSG-e SimpleJetCorrectionUncertainty: 
 bin variables out of range
%MSG
%MSG-e SimpleJetCorrectionUncertainty: 
 bin variables out of range
%MSG
Processed   850000/ 1042868 entries, 81.51% (elapsed time 15770.9s, curr speed    0.086 kHz, avg speed    0.054 kHz), accepted       21/  850001 events ( 0.00%)
Processed   860000/ 1042868 entries, 82.46% (elapsed time 15886.6s, curr speed    0.086 kHz, avg speed    0.054 kHz), accepted       21/  860001 events ( 0.00%)
Processed   870000/ 1042868 entries, 83.42% (elapsed time 16000.2s, curr speed    0.088 kHz, avg speed    0.054 kHz), accepted       21/  870001 events ( 0.00%)
Processed   880000/ 1042868 entries, 84.38% (elapsed time 16114.1s, curr speed    0.088 kHz, avg speed    0.055 kHz), accepted       21/  880001 events ( 0.00%)
Processed   890000/ 1042868 entries, 85.34% (elapsed time 16227.2s, curr speed    0.088 kHz, avg speed    0.055 kHz), accepted       21/  890001 events ( 0.00%)
Processed   900000/ 1042868 entries, 86.30% (elapsed time 16340.3s, curr speed    0.088 kHz, avg speed    0.055 kHz), accepted       21/  900001 events ( 0.00%)
Processed   910000/ 1042868 entries, 87.26% (elapsed time 16454.5s, curr speed    0.088 kHz, avg speed    0.055 kHz), accepted       22/  910001 events ( 0.00%)
Processed   920000/ 1042868 entries, 88.22% (elapsed time 16567.4s, curr speed    0.089 kHz, avg speed    0.056 kHz), accepted       23/  920001 events ( 0.00%)
Processed   930000/ 1042868 entries, 89.18% (elapsed time 16678.4s, curr speed    0.090 kHz, avg speed    0.056 kHz), accepted       23/  930001 events ( 0.00%)
Processed   940000/ 1042868 entries, 90.14% (elapsed time 16791.7s, curr speed    0.088 kHz, avg speed    0.056 kHz), accepted       24/  940001 events ( 0.00%)
Bad event
Processed   950000/ 1042868 entries, 91.09% (elapsed time 16903.9s, curr speed    0.089 kHz, avg speed    0.056 kHz), accepted       25/  950001 events ( 0.00%)
Processed   960000/ 1042868 entries, 92.05% (elapsed time 17016.1s, curr speed    0.089 kHz, avg speed    0.056 kHz), accepted       25/  960001 events ( 0.00%)
Processed   970000/ 1042868 entries, 93.01% (elapsed time 17128.6s, curr speed    0.089 kHz, avg speed    0.057 kHz), accepted       25/  970001 events ( 0.00%)
Processed   980000/ 1042868 entries, 93.97% (elapsed time 17238.1s, curr speed    0.091 kHz, avg speed    0.057 kHz), accepted       25/  980001 events ( 0.00%)
Processed   990000/ 1042868 entries, 94.93% (elapsed time 17349.8s, curr speed    0.090 kHz, avg speed    0.057 kHz), accepted       25/  990001 events ( 0.00%)
Processed  1000000/ 1042868 entries, 95.89% (elapsed time 17460.7s, curr speed    0.090 kHz, avg speed    0.057 kHz), accepted       25/ 1000001 events ( 0.00%)
Processed  1010000/ 1042868 entries, 96.85% (elapsed time 17572.6s, curr speed    0.089 kHz, avg speed    0.057 kHz), accepted       26/ 1010001 events ( 0.00%)
Bad event
Processed  1020000/ 1042868 entries, 97.81% (elapsed time 17684.0s, curr speed    0.090 kHz, avg speed    0.058 kHz), accepted       26/ 1020001 events ( 0.00%)
Processed  1030000/ 1042868 entries, 98.77% (elapsed time 17794.8s, curr speed    0.090 kHz, avg speed    0.058 kHz), accepted       27/ 1030001 events ( 0.00%)
Processed  1040000/ 1042868 entries, 99.72% (elapsed time 17906.0s, curr speed    0.090 kHz, avg speed    0.058 kHz), accepted       27/ 1040001 events ( 0.00%)
Processed 1042868 preselected entries from root://cms-xrd-global.cern.ch//store/mc/RunIIFall17NanoAODv6/WWTo4Q_NNPDF31_TuneCP5_13TeV-powheg-pythia8/NANOAODSIM/PU2017_12Apr2018_Nano25Oct2019_new_pmx_102X_mc2017_realistic_v7-v1/260000/1FE103E3-FDFB-794C-B8CE-21660BB25E70.root (1042868 entries). Finally selected 27 entries
Done /work/pbaertsc/heavy_resonance/output_2017/WWTo4Q_NNPDF31_TuneCP5_13TeV-powheg-pythia8__RunIIFall17NanoAODv6-PU2017_12Apr2018_Nano25Oct2019_new_pmx_102X_mc2017_realistic_v7-v1__NANOAODSIM/1FE103E3-FDFB-794C-B8CE-21660BB25E70.root
58.1321120514 Hz
deleting root file with name: /work/pbaertsc/heavy_resonance/output_2017/WWTo4Q_NNPDF31_TuneCP5_13TeV-powheg-pythia8__RunIIFall17NanoAODv6-PU2017_12Apr2018_Nano25Oct2019_new_pmx_102X_mc2017_realistic_v7-v1__NANOAODSIM/1FE103E3-FDFB-794C-B8CE-21660BB25E70.root
DONE
Complete at
Wed Jan 29 03:00:54 CET 2020
