job start at
Tue Jan 28 21:12:07 CET 2020
SLURM_JOB_ID: 422291
HOSTNAME: t3wn34
JOBLIST:joblist/joblist_ZZTo4L_13TeV_powheg_pythia8__RunIIFall17NanoAODv6-PU2017_12Apr2018_Nano25Oct2019_102X_mc2017_realistic_v7-v1__NANOAODSIM_ll.txt
Going to execute
python job.py -i root://cms-xrd-global.cern.ch//store/mc/RunIIFall17NanoAODv6/ZZTo4L_13TeV_powheg_pythia8/NANOAODSIM/PU2017_12Apr2018_Nano25Oct2019_102X_mc2017_realistic_v7-v1/270000/ECB8D4F6-FB5F-D545-ABE8-A4E128A18FE9.root -o /work/pbaertsc/heavy_resonance/output_2017/ZZTo4L_13TeV_powheg_pythia8__RunIIFall17NanoAODv6-PU2017_12Apr2018_Nano25Oct2019_102X_mc2017_realistic_v7-v1__NANOAODSIM -N ZZTo4L_13TeV_powheg_pythia8__RunIIFall17NanoAODv6-PU2017_12Apr2018_Nano25Oct2019_102X_mc2017_realistic_v7-v1__NANOAODSIM -n 1 -c ll -y 2017
TClass::Init:0: RuntimeWarning: no dictionary for class ROOT::TIOFeatures is available
/work/pbaertsc/heavy_resonance/CMSSW_9_4_6/python/PhysicsTools/NanoAODTools/postprocessing/framework/treeReaderArrayTools.py:69: RuntimeWarning: creating executor for unknown type "ULong64_t*"
  ret = _vr.Get()[0]
JEC= Fall17_17Nov2017_V32_MC 	 JER= Fall17_V3_MC
MET branch= PuppiMET
JEC= Fall17_17Nov2017_V32_MC 	 JER= Fall17_V3_MC
MET branch= PuppiMET
--------------------------------------------------------------------------------
input files  = ['root://cms-xrd-global.cern.ch//store/mc/RunIIFall17NanoAODv6/ZZTo4L_13TeV_powheg_pythia8/NANOAODSIM/PU2017_12Apr2018_Nano25Oct2019_102X_mc2017_realistic_v7-v1/270000/ECB8D4F6-FB5F-D545-ABE8-A4E128A18FE9.root']
output directory = /work/pbaertsc/heavy_resonance/output_2017/ZZTo4L_13TeV_powheg_pythia8__RunIIFall17NanoAODv6-PU2017_12Apr2018_Nano25Oct2019_102X_mc2017_realistic_v7-v1__NANOAODSIM
output file  = ZZTo4L_13TeV_powheg_pythia8__RunIIFall17NanoAODv6-PU2017_12Apr2018_Nano25Oct2019_102X_mc2017_realistic_v7-v1__NANOAODSIM_1_ll.root
chunck       = 1
channel      = ll
dataType     = mc
year         = 2017
tes          = 1.0
ltf          = 1.0
jtf          = 1.0
--------------------------------------------------------------------------------
job.py: creating PostProcessor...
TreeProducer is called /work/pbaertsc/heavy_resonance/output_2017/ZZTo4L_13TeV_powheg_pythia8__RunIIFall17NanoAODv6-PU2017_12Apr2018_Nano25Oct2019_102X_mc2017_realistic_v7-v1__NANOAODSIM/ZZTo4L_13TeV_powheg_pythia8__RunIIFall17NanoAODv6-PU2017_12Apr2018_Nano25Oct2019_102X_mc2017_realistic_v7-v1__NANOAODSIM_1_ll.root
job.py: going to run PostProcessor...
Will write selected trees to /work/pbaertsc/heavy_resonance/output_2017/ZZTo4L_13TeV_powheg_pythia8__RunIIFall17NanoAODv6-PU2017_12Apr2018_Nano25Oct2019_102X_mc2017_realistic_v7-v1__NANOAODSIM
Loading jet energy scale (JES) uncertainties from file '/tmp/tmp8fNlGz/Fall17_17Nov2017_V32_MC_Uncertainty_AK4PFchs.txt'
Loading jet energy resolutions (JER) from file '/tmp/tmprB1Z9C/Fall17_V3_MC_PtResolution_AK4PFchs.txt'
Loading JER scale factors and uncertainties from file '/tmp/tmprB1Z9C/Fall17_V3_MC_SF_AK4PFchs.txt'
Loading jet energy scale (JES) uncertainties from file '/tmp/tmpk7B2XL/Fall17_17Nov2017_V32_MC_Uncertainty_AK8PFPuppi.txt'
Loading jet energy resolutions (JER) from file '/tmp/tmpPxJqHU/Fall17_V3_MC_PtResolution_AK8PFPuppi.txt'
Loading JER scale factors and uncertainties from file '/tmp/tmpPxJqHU/Fall17_V3_MC_SF_AK8PFPuppi.txt'
Pre-select 961000 entries out of 961000 (100.00%)
nanoAODv5? True
ZtoMM trigger inconsistency
Processed    10000/  961000 entries,  1.04% (elapsed time    98.3s, curr speed    0.102 kHz, avg speed    0.102 kHz), accepted       14/   10001 events ( 0.14%)
Processed    20000/  961000 entries,  2.08% (elapsed time   191.7s, curr speed    0.107 kHz, avg speed    0.104 kHz), accepted       27/   20001 events ( 0.13%)
Processed    30000/  961000 entries,  3.12% (elapsed time   283.5s, curr speed    0.109 kHz, avg speed    0.106 kHz), accepted       39/   30001 events ( 0.13%)
Processed    40000/  961000 entries,  4.16% (elapsed time   377.4s, curr speed    0.106 kHz, avg speed    0.106 kHz), accepted       57/   40001 events ( 0.14%)
TtoEM trigger inconsistency
Processed    50000/  961000 entries,  5.20% (elapsed time   470.1s, curr speed    0.108 kHz, avg speed    0.106 kHz), accepted       65/   50001 events ( 0.13%)
ZtoMM trigger inconsistency
ZtoMM trigger inconsistency
Processed    60000/  961000 entries,  6.24% (elapsed time   564.4s, curr speed    0.106 kHz, avg speed    0.106 kHz), accepted       75/   60001 events ( 0.12%)
TtoEM trigger inconsistency
TtoEM trigger inconsistency
Processed    70000/  961000 entries,  7.28% (elapsed time   660.3s, curr speed    0.104 kHz, avg speed    0.106 kHz), accepted       82/   70001 events ( 0.12%)
Processed    80000/  961000 entries,  8.32% (elapsed time   756.6s, curr speed    0.104 kHz, avg speed    0.106 kHz), accepted       97/   80001 events ( 0.12%)
TtoEM trigger inconsistency
Processed    90000/  961000 entries,  9.37% (elapsed time   855.0s, curr speed    0.102 kHz, avg speed    0.105 kHz), accepted      114/   90001 events ( 0.13%)
ZtoMM trigger inconsistency
Processed   100000/  961000 entries, 10.41% (elapsed time   950.2s, curr speed    0.105 kHz, avg speed    0.105 kHz), accepted      127/  100001 events ( 0.13%)
ZtoEE trigger inconsistency
Processed   110000/  961000 entries, 11.45% (elapsed time  1047.2s, curr speed    0.103 kHz, avg speed    0.105 kHz), accepted      146/  110001 events ( 0.13%)
Processed   120000/  961000 entries, 12.49% (elapsed time  1143.9s, curr speed    0.103 kHz, avg speed    0.105 kHz), accepted      157/  120001 events ( 0.13%)
Processed   130000/  961000 entries, 13.53% (elapsed time  1239.7s, curr speed    0.104 kHz, avg speed    0.105 kHz), accepted      163/  130001 events ( 0.13%)
Processed   140000/  961000 entries, 14.57% (elapsed time  1335.1s, curr speed    0.105 kHz, avg speed    0.105 kHz), accepted      178/  140001 events ( 0.13%)
ZtoMM trigger inconsistency
Processed   150000/  961000 entries, 15.61% (elapsed time  1431.4s, curr speed    0.104 kHz, avg speed    0.105 kHz), accepted      195/  150001 events ( 0.13%)
Processed   160000/  961000 entries, 16.65% (elapsed time  1527.3s, curr speed    0.104 kHz, avg speed    0.105 kHz), accepted      209/  160001 events ( 0.13%)
ZtoMM trigger inconsistency
Processed   170000/  961000 entries, 17.69% (elapsed time  1621.0s, curr speed    0.107 kHz, avg speed    0.105 kHz), accepted      226/  170001 events ( 0.13%)
Processed   180000/  961000 entries, 18.73% (elapsed time  1716.0s, curr speed    0.105 kHz, avg speed    0.105 kHz), accepted      241/  180001 events ( 0.13%)
Processed   190000/  961000 entries, 19.77% (elapsed time  1812.2s, curr speed    0.104 kHz, avg speed    0.105 kHz), accepted      253/  190001 events ( 0.13%)
Processed   200000/  961000 entries, 20.81% (elapsed time  1906.3s, curr speed    0.106 kHz, avg speed    0.105 kHz), accepted      265/  200001 events ( 0.13%)
ZtoMM trigger inconsistency
Processed   210000/  961000 entries, 21.85% (elapsed time  2001.7s, curr speed    0.105 kHz, avg speed    0.105 kHz), accepted      279/  210001 events ( 0.13%)
TtoEM trigger inconsistency
Processed   220000/  961000 entries, 22.89% (elapsed time  2096.6s, curr speed    0.105 kHz, avg speed    0.105 kHz), accepted      294/  220001 events ( 0.13%)
ZtoMM trigger inconsistency
Processed   230000/  961000 entries, 23.93% (elapsed time  2192.9s, curr speed    0.104 kHz, avg speed    0.105 kHz), accepted      313/  230001 events ( 0.14%)
Processed   240000/  961000 entries, 24.97% (elapsed time  2287.7s, curr speed    0.106 kHz, avg speed    0.105 kHz), accepted      332/  240001 events ( 0.14%)
TtoEM trigger inconsistency
ZtoMM trigger inconsistency
Processed   250000/  961000 entries, 26.01% (elapsed time  2383.2s, curr speed    0.105 kHz, avg speed    0.105 kHz), accepted      342/  250001 events ( 0.14%)
Processed   260000/  961000 entries, 27.06% (elapsed time  2479.4s, curr speed    0.104 kHz, avg speed    0.105 kHz), accepted      366/  260001 events ( 0.14%)
Processed   270000/  961000 entries, 28.10% (elapsed time  2573.8s, curr speed    0.106 kHz, avg speed    0.105 kHz), accepted      374/  270001 events ( 0.14%)
Processed   280000/  961000 entries, 29.14% (elapsed time  2669.6s, curr speed    0.104 kHz, avg speed    0.105 kHz), accepted      386/  280001 events ( 0.14%)
TtoEM trigger inconsistency
Processed   290000/  961000 entries, 30.18% (elapsed time  2764.1s, curr speed    0.106 kHz, avg speed    0.105 kHz), accepted      397/  290001 events ( 0.14%)
Processed   300000/  961000 entries, 31.22% (elapsed time  2858.4s, curr speed    0.106 kHz, avg speed    0.105 kHz), accepted      408/  300001 events ( 0.14%)
Processed   310000/  961000 entries, 32.26% (elapsed time  2953.6s, curr speed    0.105 kHz, avg speed    0.105 kHz), accepted      417/  310001 events ( 0.13%)
ZtoMM trigger inconsistency
Processed   320000/  961000 entries, 33.30% (elapsed time  3048.5s, curr speed    0.105 kHz, avg speed    0.105 kHz), accepted      437/  320001 events ( 0.14%)
Processed   330000/  961000 entries, 34.34% (elapsed time  3143.3s, curr speed    0.105 kHz, avg speed    0.105 kHz), accepted      455/  330001 events ( 0.14%)
Processed   340000/  961000 entries, 35.38% (elapsed time  3239.2s, curr speed    0.104 kHz, avg speed    0.105 kHz), accepted      470/  340001 events ( 0.14%)
Processed   350000/  961000 entries, 36.42% (elapsed time  3335.1s, curr speed    0.104 kHz, avg speed    0.105 kHz), accepted      486/  350001 events ( 0.14%)
ZtoEE trigger inconsistency
Processed   360000/  961000 entries, 37.46% (elapsed time  3430.3s, curr speed    0.105 kHz, avg speed    0.105 kHz), accepted      495/  360001 events ( 0.14%)
Processed   370000/  961000 entries, 38.50% (elapsed time  3525.5s, curr speed    0.105 kHz, avg speed    0.105 kHz), accepted      506/  370001 events ( 0.14%)
Processed   380000/  961000 entries, 39.54% (elapsed time  3621.6s, curr speed    0.104 kHz, avg speed    0.105 kHz), accepted      520/  380001 events ( 0.14%)
Processed   390000/  961000 entries, 40.58% (elapsed time  3716.8s, curr speed    0.105 kHz, avg speed    0.105 kHz), accepted      532/  390001 events ( 0.14%)
Processed   400000/  961000 entries, 41.62% (elapsed time  3812.5s, curr speed    0.105 kHz, avg speed    0.105 kHz), accepted      550/  400001 events ( 0.14%)
Processed   410000/  961000 entries, 42.66% (elapsed time  3907.6s, curr speed    0.105 kHz, avg speed    0.105 kHz), accepted      556/  410001 events ( 0.14%)
TtoEM trigger inconsistency
TtoEM trigger inconsistency
Processed   420000/  961000 entries, 43.70% (elapsed time  4002.5s, curr speed    0.105 kHz, avg speed    0.105 kHz), accepted      563/  420001 events ( 0.13%)
Processed   430000/  961000 entries, 44.75% (elapsed time  4096.7s, curr speed    0.106 kHz, avg speed    0.105 kHz), accepted      572/  430001 events ( 0.13%)
ZtoMM trigger inconsistency
Processed   440000/  961000 entries, 45.79% (elapsed time  4192.0s, curr speed    0.105 kHz, avg speed    0.105 kHz), accepted      581/  440001 events ( 0.13%)
ZtoMM trigger inconsistency
Processed   450000/  961000 entries, 46.83% (elapsed time  4288.0s, curr speed    0.104 kHz, avg speed    0.105 kHz), accepted      599/  450001 events ( 0.13%)
ZtoMM trigger inconsistency
Processed   460000/  961000 entries, 47.87% (elapsed time  4382.7s, curr speed    0.106 kHz, avg speed    0.105 kHz), accepted      612/  460001 events ( 0.13%)
TtoEM trigger inconsistency
Processed   470000/  961000 entries, 48.91% (elapsed time  4478.7s, curr speed    0.104 kHz, avg speed    0.105 kHz), accepted      625/  470001 events ( 0.13%)
Processed   480000/  961000 entries, 49.95% (elapsed time  4574.1s, curr speed    0.105 kHz, avg speed    0.105 kHz), accepted      640/  480001 events ( 0.13%)
Processed   490000/  961000 entries, 50.99% (elapsed time  4669.2s, curr speed    0.105 kHz, avg speed    0.105 kHz), accepted      652/  490001 events ( 0.13%)
TtoEM trigger inconsistency
Processed   500000/  961000 entries, 52.03% (elapsed time  4764.2s, curr speed    0.105 kHz, avg speed    0.105 kHz), accepted      666/  500001 events ( 0.13%)
Processed   510000/  961000 entries, 53.07% (elapsed time  4859.6s, curr speed    0.105 kHz, avg speed    0.105 kHz), accepted      685/  510001 events ( 0.13%)
ZtoMM trigger inconsistency
Processed   520000/  961000 entries, 54.11% (elapsed time  4954.9s, curr speed    0.105 kHz, avg speed    0.105 kHz), accepted      702/  520001 events ( 0.13%)
Processed   530000/  961000 entries, 55.15% (elapsed time  5050.8s, curr speed    0.104 kHz, avg speed    0.105 kHz), accepted      713/  530001 events ( 0.13%)
Processed   540000/  961000 entries, 56.19% (elapsed time  5146.2s, curr speed    0.105 kHz, avg speed    0.105 kHz), accepted      730/  540001 events ( 0.14%)
Processed   550000/  961000 entries, 57.23% (elapsed time  5242.0s, curr speed    0.104 kHz, avg speed    0.105 kHz), accepted      749/  550001 events ( 0.14%)
Processed   560000/  961000 entries, 58.27% (elapsed time  5337.9s, curr speed    0.104 kHz, avg speed    0.105 kHz), accepted      761/  560001 events ( 0.14%)
Processed   570000/  961000 entries, 59.31% (elapsed time  5433.1s, curr speed    0.105 kHz, avg speed    0.105 kHz), accepted      772/  570001 events ( 0.14%)
TtoEM trigger inconsistency
Processed   580000/  961000 entries, 60.35% (elapsed time  5527.6s, curr speed    0.106 kHz, avg speed    0.105 kHz), accepted      787/  580001 events ( 0.14%)
ZtoMM trigger inconsistency
Processed   590000/  961000 entries, 61.39% (elapsed time  5623.2s, curr speed    0.105 kHz, avg speed    0.105 kHz), accepted      800/  590001 events ( 0.14%)
Processed   600000/  961000 entries, 62.43% (elapsed time  5718.5s, curr speed    0.105 kHz, avg speed    0.105 kHz), accepted      817/  600001 events ( 0.14%)
TtoEM trigger inconsistency
Processed   610000/  961000 entries, 63.48% (elapsed time  5813.0s, curr speed    0.106 kHz, avg speed    0.105 kHz), accepted      839/  610001 events ( 0.14%)
Processed   620000/  961000 entries, 64.52% (elapsed time  5908.9s, curr speed    0.104 kHz, avg speed    0.105 kHz), accepted      862/  620001 events ( 0.14%)
Processed   630000/  961000 entries, 65.56% (elapsed time  6003.1s, curr speed    0.106 kHz, avg speed    0.105 kHz), accepted      872/  630001 events ( 0.14%)
ZtoMM trigger inconsistency
Processed   640000/  961000 entries, 66.60% (elapsed time  6098.0s, curr speed    0.105 kHz, avg speed    0.105 kHz), accepted      887/  640001 events ( 0.14%)
ZtoMM trigger inconsistency
Processed   650000/  961000 entries, 67.64% (elapsed time  6192.8s, curr speed    0.105 kHz, avg speed    0.105 kHz), accepted      904/  650001 events ( 0.14%)
TtoEM trigger inconsistency
Processed   660000/  961000 entries, 68.68% (elapsed time  6287.9s, curr speed    0.105 kHz, avg speed    0.105 kHz), accepted      913/  660001 events ( 0.14%)
Processed   670000/  961000 entries, 69.72% (elapsed time  6383.2s, curr speed    0.105 kHz, avg speed    0.105 kHz), accepted      926/  670001 events ( 0.14%)
Processed   680000/  961000 entries, 70.76% (elapsed time  6477.2s, curr speed    0.106 kHz, avg speed    0.105 kHz), accepted      943/  680001 events ( 0.14%)
ZtoMM trigger inconsistency
Processed   690000/  961000 entries, 71.80% (elapsed time  6572.9s, curr speed    0.105 kHz, avg speed    0.105 kHz), accepted      966/  690001 events ( 0.14%)
ZtoEE trigger inconsistency
ZtoMM trigger inconsistency
Processed   700000/  961000 entries, 72.84% (elapsed time  6667.6s, curr speed    0.106 kHz, avg speed    0.105 kHz), accepted      975/  700001 events ( 0.14%)
TtoEM trigger inconsistency
Processed   710000/  961000 entries, 73.88% (elapsed time  6763.0s, curr speed    0.105 kHz, avg speed    0.105 kHz), accepted      986/  710001 events ( 0.14%)
ZtoMM trigger inconsistency
Processed   720000/  961000 entries, 74.92% (elapsed time  6857.9s, curr speed    0.105 kHz, avg speed    0.105 kHz), accepted      996/  720001 events ( 0.14%)
Processed   730000/  961000 entries, 75.96% (elapsed time  6952.3s, curr speed    0.106 kHz, avg speed    0.105 kHz), accepted     1009/  730001 events ( 0.14%)
ZtoMM trigger inconsistency
Processed   740000/  961000 entries, 77.00% (elapsed time  7047.7s, curr speed    0.105 kHz, avg speed    0.105 kHz), accepted     1026/  740001 events ( 0.14%)
TtoEM trigger inconsistency
ZtoMM trigger inconsistency
Processed   750000/  961000 entries, 78.04% (elapsed time  7142.0s, curr speed    0.106 kHz, avg speed    0.105 kHz), accepted     1041/  750001 events ( 0.14%)
Processed   760000/  961000 entries, 79.08% (elapsed time  7237.7s, curr speed    0.105 kHz, avg speed    0.105 kHz), accepted     1058/  760001 events ( 0.14%)
Processed   770000/  961000 entries, 80.12% (elapsed time  7332.4s, curr speed    0.106 kHz, avg speed    0.105 kHz), accepted     1072/  770001 events ( 0.14%)
TtoEM trigger inconsistency
ZtoMM trigger inconsistency
Processed   780000/  961000 entries, 81.17% (elapsed time  7428.3s, curr speed    0.104 kHz, avg speed    0.105 kHz), accepted     1087/  780001 events ( 0.14%)
Processed   790000/  961000 entries, 82.21% (elapsed time  7522.7s, curr speed    0.106 kHz, avg speed    0.105 kHz), accepted     1100/  790001 events ( 0.14%)
Processed   800000/  961000 entries, 83.25% (elapsed time  7617.0s, curr speed    0.106 kHz, avg speed    0.105 kHz), accepted     1120/  800001 events ( 0.14%)
ZtoEE trigger inconsistency
Processed   810000/  961000 entries, 84.29% (elapsed time  7712.5s, curr speed    0.105 kHz, avg speed    0.105 kHz), accepted     1131/  810001 events ( 0.14%)
ZtoMM trigger inconsistency
Processed   820000/  961000 entries, 85.33% (elapsed time  7807.6s, curr speed    0.105 kHz, avg speed    0.105 kHz), accepted     1146/  820001 events ( 0.14%)
TtoEM trigger inconsistency
Processed   830000/  961000 entries, 86.37% (elapsed time  7900.9s, curr speed    0.107 kHz, avg speed    0.105 kHz), accepted     1161/  830001 events ( 0.14%)
Processed   840000/  961000 entries, 87.41% (elapsed time  7995.7s, curr speed    0.106 kHz, avg speed    0.105 kHz), accepted     1174/  840001 events ( 0.14%)
Processed   850000/  961000 entries, 88.45% (elapsed time  8091.6s, curr speed    0.104 kHz, avg speed    0.105 kHz), accepted     1186/  850001 events ( 0.14%)
ZtoMM trigger inconsistency
ZtoMM trigger inconsistency
Processed   860000/  961000 entries, 89.49% (elapsed time  8186.7s, curr speed    0.105 kHz, avg speed    0.105 kHz), accepted     1200/  860001 events ( 0.14%)
ZtoMM trigger inconsistency
Processed   870000/  961000 entries, 90.53% (elapsed time  8282.0s, curr speed    0.105 kHz, avg speed    0.105 kHz), accepted     1210/  870001 events ( 0.14%)
ZtoMM trigger inconsistency
Processed   880000/  961000 entries, 91.57% (elapsed time  8377.4s, curr speed    0.105 kHz, avg speed    0.105 kHz), accepted     1226/  880001 events ( 0.14%)
Processed   890000/  961000 entries, 92.61% (elapsed time  8472.4s, curr speed    0.105 kHz, avg speed    0.105 kHz), accepted     1239/  890001 events ( 0.14%)
Processed   900000/  961000 entries, 93.65% (elapsed time  8566.6s, curr speed    0.106 kHz, avg speed    0.105 kHz), accepted     1248/  900001 events ( 0.14%)
Processed   910000/  961000 entries, 94.69% (elapsed time  8661.0s, curr speed    0.106 kHz, avg speed    0.105 kHz), accepted     1257/  910001 events ( 0.14%)
ZtoMM trigger inconsistency
Processed   920000/  961000 entries, 95.73% (elapsed time  8756.2s, curr speed    0.105 kHz, avg speed    0.105 kHz), accepted     1271/  920001 events ( 0.14%)
Processed   930000/  961000 entries, 96.77% (elapsed time  8851.3s, curr speed    0.105 kHz, avg speed    0.105 kHz), accepted     1285/  930001 events ( 0.14%)
ZtoMM trigger inconsistency
Processed   940000/  961000 entries, 97.81% (elapsed time  8946.7s, curr speed    0.105 kHz, avg speed    0.105 kHz), accepted     1305/  940001 events ( 0.14%)
TtoEM trigger inconsistency
Processed   950000/  961000 entries, 98.86% (elapsed time  9040.5s, curr speed    0.107 kHz, avg speed    0.105 kHz), accepted     1321/  950001 events ( 0.14%)
ZtoMM trigger inconsistency
Processed   960000/  961000 entries, 99.90% (elapsed time  9135.5s, curr speed    0.105 kHz, avg speed    0.105 kHz), accepted     1339/  960001 events ( 0.14%)
Processed 961000 preselected entries from root://cms-xrd-global.cern.ch//store/mc/RunIIFall17NanoAODv6/ZZTo4L_13TeV_powheg_pythia8/NANOAODSIM/PU2017_12Apr2018_Nano25Oct2019_102X_mc2017_realistic_v7-v1/270000/ECB8D4F6-FB5F-D545-ABE8-A4E128A18FE9.root (961000 entries). Finally selected 1340 entries
Done /work/pbaertsc/heavy_resonance/output_2017/ZZTo4L_13TeV_powheg_pythia8__RunIIFall17NanoAODv6-PU2017_12Apr2018_Nano25Oct2019_102X_mc2017_realistic_v7-v1__NANOAODSIM/ECB8D4F6-FB5F-D545-ABE8-A4E128A18FE9.root
105.028240684 Hz
deleting root file with name: /work/pbaertsc/heavy_resonance/output_2017/ZZTo4L_13TeV_powheg_pythia8__RunIIFall17NanoAODv6-PU2017_12Apr2018_Nano25Oct2019_102X_mc2017_realistic_v7-v1__NANOAODSIM/ECB8D4F6-FB5F-D545-ABE8-A4E128A18FE9.root
DONE
Complete at
Wed Jan 29 00:44:53 CET 2020
