job start at
Tue Jan 28 22:34:11 CET 2020
SLURM_JOB_ID: 422468
HOSTNAME: t3wn43
JOBLIST:joblist/joblist_ZZTo4L_13TeV_powheg_pythia8_ext1__RunIISummer16NanoAODv6-PUMoriond17_Nano25Oct2019_102X_mcRun2_asymptotic_v7-v1__NANOAODSIM_ll.txt
Going to execute
python job.py -i root://cms-xrd-global.cern.ch//store/mc/RunIISummer16NanoAODv6/ZZTo4L_13TeV_powheg_pythia8_ext1/NANOAODSIM/PUMoriond17_Nano25Oct2019_102X_mcRun2_asymptotic_v7-v1/100000/BC69A950-AAD7-FC48-8BD8-05361025FD93.root -o /work/pbaertsc/heavy_resonance/output_2016/ZZTo4L_13TeV_powheg_pythia8_ext1__RunIISummer16NanoAODv6-PUMoriond17_Nano25Oct2019_102X_mcRun2_asymptotic_v7-v1__NANOAODSIM -N ZZTo4L_13TeV_powheg_pythia8_ext1__RunIISummer16NanoAODv6-PUMoriond17_Nano25Oct2019_102X_mcRun2_asymptotic_v7-v1__NANOAODSIM -n 59 -c ll -y 2016
TClass::Init:0: RuntimeWarning: no dictionary for class ROOT::TIOFeatures is available
/work/pbaertsc/heavy_resonance/CMSSW_9_4_6/python/PhysicsTools/NanoAODTools/postprocessing/framework/treeReaderArrayTools.py:69: RuntimeWarning: creating executor for unknown type "ULong64_t*"
  ret = _vr.Get()[0]
JEC= Summer16_07Aug2017_V11_MC 	 JER= Summer16_25nsV1_MC
MET branch= PuppiMET
JEC= Summer16_07Aug2017_V11_MC 	 JER= Summer16_25nsV1_MC
MET branch= PuppiMET
--------------------------------------------------------------------------------
input files  = ['root://cms-xrd-global.cern.ch//store/mc/RunIISummer16NanoAODv6/ZZTo4L_13TeV_powheg_pythia8_ext1/NANOAODSIM/PUMoriond17_Nano25Oct2019_102X_mcRun2_asymptotic_v7-v1/100000/BC69A950-AAD7-FC48-8BD8-05361025FD93.root']
output directory = /work/pbaertsc/heavy_resonance/output_2016/ZZTo4L_13TeV_powheg_pythia8_ext1__RunIISummer16NanoAODv6-PUMoriond17_Nano25Oct2019_102X_mcRun2_asymptotic_v7-v1__NANOAODSIM
output file  = ZZTo4L_13TeV_powheg_pythia8_ext1__RunIISummer16NanoAODv6-PUMoriond17_Nano25Oct2019_102X_mcRun2_asymptotic_v7-v1__NANOAODSIM_59_ll.root
chunck       = 59
channel      = ll
dataType     = mc
year         = 2016
tes          = 1.0
ltf          = 1.0
jtf          = 1.0
--------------------------------------------------------------------------------
job.py: creating PostProcessor...
TreeProducer is called /work/pbaertsc/heavy_resonance/output_2016/ZZTo4L_13TeV_powheg_pythia8_ext1__RunIISummer16NanoAODv6-PUMoriond17_Nano25Oct2019_102X_mcRun2_asymptotic_v7-v1__NANOAODSIM/ZZTo4L_13TeV_powheg_pythia8_ext1__RunIISummer16NanoAODv6-PUMoriond17_Nano25Oct2019_102X_mcRun2_asymptotic_v7-v1__NANOAODSIM_59_ll.root
job.py: going to run PostProcessor...
Will write selected trees to /work/pbaertsc/heavy_resonance/output_2016/ZZTo4L_13TeV_powheg_pythia8_ext1__RunIISummer16NanoAODv6-PUMoriond17_Nano25Oct2019_102X_mcRun2_asymptotic_v7-v1__NANOAODSIM
Loading jet energy scale (JES) uncertainties from file '/tmp/tmpw5Wj9r/Summer16_07Aug2017_V11_MC_Uncertainty_AK4PFchs.txt'
Loading jet energy resolutions (JER) from file '/tmp/tmpCA95z6/Summer16_25nsV1_MC_PtResolution_AK4PFchs.txt'
Loading JER scale factors and uncertainties from file '/tmp/tmpCA95z6/Summer16_25nsV1_MC_SF_AK4PFchs.txt'
Loading jet energy scale (JES) uncertainties from file '/tmp/tmpoDtutU/Summer16_07Aug2017_V11_MC_Uncertainty_AK8PFPuppi.txt'
Loading jet energy resolutions (JER) from file '/tmp/tmpC1Nzm3/Summer16_25nsV1_MC_PtResolution_AK8PFPuppi.txt'
Loading JER scale factors and uncertainties from file '/tmp/tmpC1Nzm3/Summer16_25nsV1_MC_SF_AK8PFPuppi.txt'
Pre-select 1293019 entries out of 1293019 (100.00%)
nanoAODv5? True
TtoEM trigger inconsistency
Processed    10000/ 1293019 entries,  0.77% (elapsed time   224.9s, curr speed    0.044 kHz, avg speed    0.044 kHz), accepted       13/   10001 events ( 0.13%)
ZtoMM trigger inconsistency
ZtoMM trigger inconsistency
Processed    20000/ 1293019 entries,  1.55% (elapsed time   432.1s, curr speed    0.048 kHz, avg speed    0.046 kHz), accepted       23/   20001 events ( 0.11%)
Processed    30000/ 1293019 entries,  2.32% (elapsed time   646.7s, curr speed    0.047 kHz, avg speed    0.046 kHz), accepted       45/   30001 events ( 0.15%)
Processed    40000/ 1293019 entries,  3.09% (elapsed time   835.2s, curr speed    0.053 kHz, avg speed    0.048 kHz), accepted       63/   40001 events ( 0.16%)
Processed    50000/ 1293019 entries,  3.87% (elapsed time  1049.4s, curr speed    0.047 kHz, avg speed    0.048 kHz), accepted       78/   50001 events ( 0.16%)
TtoEM trigger inconsistency
TtoEM trigger inconsistency
Processed    60000/ 1293019 entries,  4.64% (elapsed time  1270.1s, curr speed    0.045 kHz, avg speed    0.047 kHz), accepted       91/   60001 events ( 0.15%)
Processed    70000/ 1293019 entries,  5.41% (elapsed time  1492.0s, curr speed    0.045 kHz, avg speed    0.047 kHz), accepted      115/   70001 events ( 0.16%)
ZtoMM trigger inconsistency
Processed    80000/ 1293019 entries,  6.19% (elapsed time  1702.0s, curr speed    0.048 kHz, avg speed    0.047 kHz), accepted      133/   80001 events ( 0.17%)
Processed    90000/ 1293019 entries,  6.96% (elapsed time  1896.8s, curr speed    0.051 kHz, avg speed    0.047 kHz), accepted      152/   90001 events ( 0.17%)
Processed   100000/ 1293019 entries,  7.73% (elapsed time  2105.2s, curr speed    0.048 kHz, avg speed    0.048 kHz), accepted      164/  100001 events ( 0.16%)
Processed   110000/ 1293019 entries,  8.51% (elapsed time  2327.4s, curr speed    0.045 kHz, avg speed    0.047 kHz), accepted      174/  110001 events ( 0.16%)
Processed   120000/ 1293019 entries,  9.28% (elapsed time  2542.2s, curr speed    0.047 kHz, avg speed    0.047 kHz), accepted      189/  120001 events ( 0.16%)
Processed   130000/ 1293019 entries, 10.05% (elapsed time  2742.7s, curr speed    0.050 kHz, avg speed    0.047 kHz), accepted      214/  130001 events ( 0.16%)
ZtoMM trigger inconsistency
Processed   140000/ 1293019 entries, 10.83% (elapsed time  2926.6s, curr speed    0.054 kHz, avg speed    0.048 kHz), accepted      225/  140001 events ( 0.16%)
%MSG-e SimpleJetCorrectionUncertainty: 
 bin variables out of range
%MSG
%MSG-e SimpleJetCorrectionUncertainty: 
 bin variables out of range
%MSG
Processed   150000/ 1293019 entries, 11.60% (elapsed time  3126.5s, curr speed    0.050 kHz, avg speed    0.048 kHz), accepted      243/  150001 events ( 0.16%)
ZtoMM trigger inconsistency
ZtoMM trigger inconsistency
Processed   160000/ 1293019 entries, 12.37% (elapsed time  3315.1s, curr speed    0.053 kHz, avg speed    0.048 kHz), accepted      266/  160001 events ( 0.17%)
ZtoMM trigger inconsistency
ZtoMM trigger inconsistency
Processed   170000/ 1293019 entries, 13.15% (elapsed time  3507.2s, curr speed    0.052 kHz, avg speed    0.048 kHz), accepted      284/  170001 events ( 0.17%)
ZtoMM trigger inconsistency
Processed   180000/ 1293019 entries, 13.92% (elapsed time  3707.5s, curr speed    0.050 kHz, avg speed    0.049 kHz), accepted      297/  180001 events ( 0.16%)
Processed   190000/ 1293019 entries, 14.69% (elapsed time  3898.0s, curr speed    0.052 kHz, avg speed    0.049 kHz), accepted      312/  190001 events ( 0.16%)
Processed   200000/ 1293019 entries, 15.47% (elapsed time  4081.9s, curr speed    0.054 kHz, avg speed    0.049 kHz), accepted      333/  200001 events ( 0.17%)
Processed   210000/ 1293019 entries, 16.24% (elapsed time  4261.7s, curr speed    0.056 kHz, avg speed    0.049 kHz), accepted      349/  210001 events ( 0.17%)
TtoEM trigger inconsistency
Processed   220000/ 1293019 entries, 17.01% (elapsed time  4461.2s, curr speed    0.050 kHz, avg speed    0.049 kHz), accepted      355/  220001 events ( 0.16%)
Processed   230000/ 1293019 entries, 17.79% (elapsed time  4665.6s, curr speed    0.049 kHz, avg speed    0.049 kHz), accepted      377/  230001 events ( 0.16%)
ZtoMM trigger inconsistency
Processed   240000/ 1293019 entries, 18.56% (elapsed time  4852.5s, curr speed    0.053 kHz, avg speed    0.049 kHz), accepted      388/  240001 events ( 0.16%)
TtoEM trigger inconsistency
Processed   250000/ 1293019 entries, 19.33% (elapsed time  5038.0s, curr speed    0.054 kHz, avg speed    0.050 kHz), accepted      399/  250001 events ( 0.16%)
Processed   260000/ 1293019 entries, 20.11% (elapsed time  5239.7s, curr speed    0.050 kHz, avg speed    0.050 kHz), accepted      409/  260001 events ( 0.16%)
Processed   270000/ 1293019 entries, 20.88% (elapsed time  5443.8s, curr speed    0.049 kHz, avg speed    0.050 kHz), accepted      421/  270001 events ( 0.16%)
Processed   280000/ 1293019 entries, 21.65% (elapsed time  5652.3s, curr speed    0.048 kHz, avg speed    0.050 kHz), accepted      435/  280001 events ( 0.16%)
Processed   290000/ 1293019 entries, 22.43% (elapsed time  5827.2s, curr speed    0.057 kHz, avg speed    0.050 kHz), accepted      448/  290001 events ( 0.15%)
Processed   300000/ 1293019 entries, 23.20% (elapsed time  6018.9s, curr speed    0.052 kHz, avg speed    0.050 kHz), accepted      459/  300001 events ( 0.15%)
Processed   310000/ 1293019 entries, 23.97% (elapsed time  6232.4s, curr speed    0.047 kHz, avg speed    0.050 kHz), accepted      468/  310001 events ( 0.15%)
ZtoMM trigger inconsistency
ZtoMM trigger inconsistency
Processed   320000/ 1293019 entries, 24.75% (elapsed time  6411.7s, curr speed    0.056 kHz, avg speed    0.050 kHz), accepted      483/  320001 events ( 0.15%)
ZtoMM trigger inconsistency
ZtoMM trigger inconsistency
Processed   330000/ 1293019 entries, 25.52% (elapsed time  6584.8s, curr speed    0.058 kHz, avg speed    0.050 kHz), accepted      502/  330001 events ( 0.15%)
ZtoMM trigger inconsistency
Processed   340000/ 1293019 entries, 26.30% (elapsed time  6788.5s, curr speed    0.049 kHz, avg speed    0.050 kHz), accepted      516/  340001 events ( 0.15%)
ZtoEE trigger inconsistency
Processed   350000/ 1293019 entries, 27.07% (elapsed time  6982.1s, curr speed    0.052 kHz, avg speed    0.050 kHz), accepted      538/  350001 events ( 0.15%)
Processed   360000/ 1293019 entries, 27.84% (elapsed time  7169.0s, curr speed    0.053 kHz, avg speed    0.050 kHz), accepted      553/  360001 events ( 0.15%)
Processed   370000/ 1293019 entries, 28.62% (elapsed time  7355.9s, curr speed    0.054 kHz, avg speed    0.050 kHz), accepted      566/  370001 events ( 0.15%)
Processed   380000/ 1293019 entries, 29.39% (elapsed time  7549.4s, curr speed    0.052 kHz, avg speed    0.050 kHz), accepted      579/  380001 events ( 0.15%)
TtoEM trigger inconsistency
Processed   390000/ 1293019 entries, 30.16% (elapsed time  7737.4s, curr speed    0.053 kHz, avg speed    0.050 kHz), accepted      591/  390001 events ( 0.15%)
Bad event
Processed   400000/ 1293019 entries, 30.94% (elapsed time  7906.3s, curr speed    0.059 kHz, avg speed    0.051 kHz), accepted      608/  400001 events ( 0.15%)
Processed   410000/ 1293019 entries, 31.71% (elapsed time  8081.3s, curr speed    0.057 kHz, avg speed    0.051 kHz), accepted      620/  410001 events ( 0.15%)
Processed   420000/ 1293019 entries, 32.48% (elapsed time  8251.5s, curr speed    0.059 kHz, avg speed    0.051 kHz), accepted      632/  420001 events ( 0.15%)
Processed   430000/ 1293019 entries, 33.26% (elapsed time  8445.2s, curr speed    0.052 kHz, avg speed    0.051 kHz), accepted      645/  430001 events ( 0.15%)
Processed   440000/ 1293019 entries, 34.03% (elapsed time  8633.8s, curr speed    0.053 kHz, avg speed    0.051 kHz), accepted      664/  440001 events ( 0.15%)
TtoEM trigger inconsistency
Processed   450000/ 1293019 entries, 34.80% (elapsed time  8817.1s, curr speed    0.055 kHz, avg speed    0.051 kHz), accepted      680/  450001 events ( 0.15%)
ZtoMM trigger inconsistency
Processed   460000/ 1293019 entries, 35.58% (elapsed time  8997.4s, curr speed    0.055 kHz, avg speed    0.051 kHz), accepted      697/  460001 events ( 0.15%)
Processed   470000/ 1293019 entries, 36.35% (elapsed time  9198.8s, curr speed    0.050 kHz, avg speed    0.051 kHz), accepted      711/  470001 events ( 0.15%)
Processed   480000/ 1293019 entries, 37.12% (elapsed time  9392.7s, curr speed    0.052 kHz, avg speed    0.051 kHz), accepted      727/  480001 events ( 0.15%)
Processed   490000/ 1293019 entries, 37.90% (elapsed time  9568.8s, curr speed    0.057 kHz, avg speed    0.051 kHz), accepted      741/  490001 events ( 0.15%)
Processed   500000/ 1293019 entries, 38.67% (elapsed time  9733.9s, curr speed    0.061 kHz, avg speed    0.051 kHz), accepted      759/  500001 events ( 0.15%)
Processed   510000/ 1293019 entries, 39.44% (elapsed time  9911.9s, curr speed    0.056 kHz, avg speed    0.051 kHz), accepted      772/  510001 events ( 0.15%)
TtoEM trigger inconsistency
ZtoMM trigger inconsistency
Processed   520000/ 1293019 entries, 40.22% (elapsed time 10102.6s, curr speed    0.052 kHz, avg speed    0.051 kHz), accepted      792/  520001 events ( 0.15%)
TtoEM trigger inconsistency
Processed   530000/ 1293019 entries, 40.99% (elapsed time 10295.8s, curr speed    0.052 kHz, avg speed    0.051 kHz), accepted      801/  530001 events ( 0.15%)
Processed   540000/ 1293019 entries, 41.76% (elapsed time 10477.9s, curr speed    0.055 kHz, avg speed    0.052 kHz), accepted      823/  540001 events ( 0.15%)
Processed   550000/ 1293019 entries, 42.54% (elapsed time 10656.6s, curr speed    0.056 kHz, avg speed    0.052 kHz), accepted      839/  550001 events ( 0.15%)
Processed   560000/ 1293019 entries, 43.31% (elapsed time 10843.3s, curr speed    0.054 kHz, avg speed    0.052 kHz), accepted      857/  560001 events ( 0.15%)
TtoEM trigger inconsistency
ZtoMM trigger inconsistency
ZtoMM trigger inconsistency
Processed   570000/ 1293019 entries, 44.08% (elapsed time 11040.2s, curr speed    0.051 kHz, avg speed    0.052 kHz), accepted      872/  570001 events ( 0.15%)
ZtoMM trigger inconsistency
Processed   580000/ 1293019 entries, 44.86% (elapsed time 11237.9s, curr speed    0.051 kHz, avg speed    0.052 kHz), accepted      885/  580001 events ( 0.15%)
TtoEM trigger inconsistency
TtoEM trigger inconsistency
Processed   590000/ 1293019 entries, 45.63% (elapsed time 11416.4s, curr speed    0.056 kHz, avg speed    0.052 kHz), accepted      903/  590001 events ( 0.15%)
ZtoMM trigger inconsistency
ZtoMM trigger inconsistency
ZtoMM trigger inconsistency
Processed   600000/ 1293019 entries, 46.40% (elapsed time 11595.4s, curr speed    0.056 kHz, avg speed    0.052 kHz), accepted      911/  600001 events ( 0.15%)
Processed   610000/ 1293019 entries, 47.18% (elapsed time 11787.2s, curr speed    0.052 kHz, avg speed    0.052 kHz), accepted      926/  610001 events ( 0.15%)
Processed   620000/ 1293019 entries, 47.95% (elapsed time 11984.0s, curr speed    0.051 kHz, avg speed    0.052 kHz), accepted      945/  620001 events ( 0.15%)
Processed   630000/ 1293019 entries, 48.72% (elapsed time 12162.9s, curr speed    0.056 kHz, avg speed    0.052 kHz), accepted      962/  630001 events ( 0.15%)
Processed   640000/ 1293019 entries, 49.50% (elapsed time 12332.9s, curr speed    0.059 kHz, avg speed    0.052 kHz), accepted      983/  640001 events ( 0.15%)
Processed   650000/ 1293019 entries, 50.27% (elapsed time 12505.6s, curr speed    0.058 kHz, avg speed    0.052 kHz), accepted     1005/  650001 events ( 0.15%)
Processed   660000/ 1293019 entries, 51.04% (elapsed time 12702.5s, curr speed    0.051 kHz, avg speed    0.052 kHz), accepted     1018/  660001 events ( 0.15%)
ZtoMM trigger inconsistency
Processed   670000/ 1293019 entries, 51.82% (elapsed time 12888.6s, curr speed    0.054 kHz, avg speed    0.052 kHz), accepted     1029/  670001 events ( 0.15%)
Processed   680000/ 1293019 entries, 52.59% (elapsed time 13066.4s, curr speed    0.056 kHz, avg speed    0.052 kHz), accepted     1040/  680001 events ( 0.15%)
ZtoMM trigger inconsistency
Processed   690000/ 1293019 entries, 53.36% (elapsed time 13254.1s, curr speed    0.053 kHz, avg speed    0.052 kHz), accepted     1056/  690001 events ( 0.15%)
Processed   700000/ 1293019 entries, 54.14% (elapsed time 13453.8s, curr speed    0.050 kHz, avg speed    0.052 kHz), accepted     1079/  700001 events ( 0.15%)
TtoEM trigger inconsistency
Processed   710000/ 1293019 entries, 54.91% (elapsed time 13641.1s, curr speed    0.053 kHz, avg speed    0.052 kHz), accepted     1090/  710001 events ( 0.15%)
Processed   720000/ 1293019 entries, 55.68% (elapsed time 13828.1s, curr speed    0.053 kHz, avg speed    0.052 kHz), accepted     1107/  720001 events ( 0.15%)
Processed   730000/ 1293019 entries, 56.46% (elapsed time 14001.9s, curr speed    0.058 kHz, avg speed    0.052 kHz), accepted     1120/  730001 events ( 0.15%)
Processed   740000/ 1293019 entries, 57.23% (elapsed time 14173.8s, curr speed    0.058 kHz, avg speed    0.052 kHz), accepted     1137/  740001 events ( 0.15%)
ZtoMM trigger inconsistency
Processed   750000/ 1293019 entries, 58.00% (elapsed time 14362.2s, curr speed    0.053 kHz, avg speed    0.052 kHz), accepted     1160/  750001 events ( 0.15%)
Processed   760000/ 1293019 entries, 58.78% (elapsed time 14548.5s, curr speed    0.054 kHz, avg speed    0.052 kHz), accepted     1178/  760001 events ( 0.15%)
ZtoMM trigger inconsistency
Processed   770000/ 1293019 entries, 59.55% (elapsed time 14720.1s, curr speed    0.058 kHz, avg speed    0.052 kHz), accepted     1193/  770001 events ( 0.15%)
ZtoMM trigger inconsistency
ZtoMM trigger inconsistency
ZtoEE trigger inconsistency
Processed   780000/ 1293019 entries, 60.32% (elapsed time 14908.7s, curr speed    0.053 kHz, avg speed    0.052 kHz), accepted     1212/  780001 events ( 0.16%)
Processed   790000/ 1293019 entries, 61.10% (elapsed time 15098.3s, curr speed    0.053 kHz, avg speed    0.052 kHz), accepted     1227/  790001 events ( 0.16%)
ZtoMM trigger inconsistency
Processed   800000/ 1293019 entries, 61.87% (elapsed time 15272.1s, curr speed    0.058 kHz, avg speed    0.052 kHz), accepted     1245/  800001 events ( 0.16%)
TtoEM trigger inconsistency
Processed   810000/ 1293019 entries, 62.64% (elapsed time 15437.1s, curr speed    0.061 kHz, avg speed    0.052 kHz), accepted     1259/  810001 events ( 0.16%)
Processed   820000/ 1293019 entries, 63.42% (elapsed time 15612.2s, curr speed    0.057 kHz, avg speed    0.053 kHz), accepted     1275/  820001 events ( 0.16%)
Processed   830000/ 1293019 entries, 64.19% (elapsed time 15800.9s, curr speed    0.053 kHz, avg speed    0.053 kHz), accepted     1289/  830001 events ( 0.16%)
TtoEM trigger inconsistency
Processed   840000/ 1293019 entries, 64.96% (elapsed time 15985.4s, curr speed    0.054 kHz, avg speed    0.053 kHz), accepted     1306/  840001 events ( 0.16%)
Processed   850000/ 1293019 entries, 65.74% (elapsed time 16152.3s, curr speed    0.060 kHz, avg speed    0.053 kHz), accepted     1321/  850001 events ( 0.16%)
Processed   860000/ 1293019 entries, 66.51% (elapsed time 16341.9s, curr speed    0.053 kHz, avg speed    0.053 kHz), accepted     1332/  860001 events ( 0.15%)
ZtoEE trigger inconsistency
Processed   870000/ 1293019 entries, 67.28% (elapsed time 16532.8s, curr speed    0.052 kHz, avg speed    0.053 kHz), accepted     1346/  870001 events ( 0.15%)
Processed   880000/ 1293019 entries, 68.06% (elapsed time 16710.1s, curr speed    0.056 kHz, avg speed    0.053 kHz), accepted     1359/  880001 events ( 0.15%)
ZtoMM trigger inconsistency
Processed   890000/ 1293019 entries, 68.83% (elapsed time 16876.6s, curr speed    0.060 kHz, avg speed    0.053 kHz), accepted     1374/  890001 events ( 0.15%)
ZtoMM trigger inconsistency
Processed   900000/ 1293019 entries, 69.60% (elapsed time 17055.6s, curr speed    0.056 kHz, avg speed    0.053 kHz), accepted     1391/  900001 events ( 0.15%)
ZtoMM trigger inconsistency
ZtoMM trigger inconsistency
Processed   910000/ 1293019 entries, 70.38% (elapsed time 17249.5s, curr speed    0.052 kHz, avg speed    0.053 kHz), accepted     1403/  910001 events ( 0.15%)
ZtoMM trigger inconsistency
ZtoMM trigger inconsistency
ZtoMM trigger inconsistency
Processed   920000/ 1293019 entries, 71.15% (elapsed time 17434.5s, curr speed    0.054 kHz, avg speed    0.053 kHz), accepted     1419/  920001 events ( 0.15%)
TtoEM trigger inconsistency
ZtoMM trigger inconsistency
Processed   930000/ 1293019 entries, 71.92% (elapsed time 17607.4s, curr speed    0.058 kHz, avg speed    0.053 kHz), accepted     1430/  930001 events ( 0.15%)
Processed   940000/ 1293019 entries, 72.70% (elapsed time 17788.8s, curr speed    0.055 kHz, avg speed    0.053 kHz), accepted     1448/  940001 events ( 0.15%)
ZtoMM trigger inconsistency
TtoEM trigger inconsistency
Processed   950000/ 1293019 entries, 73.47% (elapsed time 17981.0s, curr speed    0.052 kHz, avg speed    0.053 kHz), accepted     1474/  950001 events ( 0.16%)
Processed   960000/ 1293019 entries, 74.24% (elapsed time 18164.8s, curr speed    0.054 kHz, avg speed    0.053 kHz), accepted     1486/  960001 events ( 0.15%)
Processed   970000/ 1293019 entries, 75.02% (elapsed time 18327.3s, curr speed    0.062 kHz, avg speed    0.053 kHz), accepted     1505/  970001 events ( 0.16%)
ZtoMM trigger inconsistency
Processed   980000/ 1293019 entries, 75.79% (elapsed time 18510.0s, curr speed    0.055 kHz, avg speed    0.053 kHz), accepted     1517/  980001 events ( 0.15%)
Processed   990000/ 1293019 entries, 76.57% (elapsed time 18704.2s, curr speed    0.051 kHz, avg speed    0.053 kHz), accepted     1528/  990001 events ( 0.15%)
ZtoMM trigger inconsistency
Processed  1000000/ 1293019 entries, 77.34% (elapsed time 18879.0s, curr speed    0.057 kHz, avg speed    0.053 kHz), accepted     1544/ 1000001 events ( 0.15%)
ZtoMM trigger inconsistency
Processed  1010000/ 1293019 entries, 78.11% (elapsed time 19048.5s, curr speed    0.059 kHz, avg speed    0.053 kHz), accepted     1559/ 1010001 events ( 0.15%)
TtoEM trigger inconsistency
Processed  1020000/ 1293019 entries, 78.89% (elapsed time 19224.7s, curr speed    0.057 kHz, avg speed    0.053 kHz), accepted     1567/ 1020001 events ( 0.15%)
Processed  1030000/ 1293019 entries, 79.66% (elapsed time 19416.3s, curr speed    0.052 kHz, avg speed    0.053 kHz), accepted     1585/ 1030001 events ( 0.15%)
Processed  1040000/ 1293019 entries, 80.43% (elapsed time 19592.6s, curr speed    0.057 kHz, avg speed    0.053 kHz), accepted     1600/ 1040001 events ( 0.15%)
TtoEM trigger inconsistency
ZtoEE trigger inconsistency
Processed  1050000/ 1293019 entries, 81.21% (elapsed time 19771.7s, curr speed    0.056 kHz, avg speed    0.053 kHz), accepted     1616/ 1050001 events ( 0.15%)
ZtoMM trigger inconsistency
Processed  1060000/ 1293019 entries, 81.98% (elapsed time 19967.4s, curr speed    0.051 kHz, avg speed    0.053 kHz), accepted     1626/ 1060001 events ( 0.15%)
Processed  1070000/ 1293019 entries, 82.75% (elapsed time 20156.1s, curr speed    0.053 kHz, avg speed    0.053 kHz), accepted     1644/ 1070001 events ( 0.15%)
ZtoMM trigger inconsistency
Processed  1080000/ 1293019 entries, 83.53% (elapsed time 20344.3s, curr speed    0.053 kHz, avg speed    0.053 kHz), accepted     1661/ 1080001 events ( 0.15%)
Processed  1090000/ 1293019 entries, 84.30% (elapsed time 20521.4s, curr speed    0.056 kHz, avg speed    0.053 kHz), accepted     1678/ 1090001 events ( 0.15%)
TtoEM trigger inconsistency
ZtoMM trigger inconsistency
TtoEM trigger inconsistency
Processed  1100000/ 1293019 entries, 85.07% (elapsed time 20711.4s, curr speed    0.053 kHz, avg speed    0.053 kHz), accepted     1687/ 1100001 events ( 0.15%)
Processed  1110000/ 1293019 entries, 85.85% (elapsed time 20893.4s, curr speed    0.055 kHz, avg speed    0.053 kHz), accepted     1701/ 1110001 events ( 0.15%)
Processed  1120000/ 1293019 entries, 86.62% (elapsed time 21068.7s, curr speed    0.057 kHz, avg speed    0.053 kHz), accepted     1712/ 1120001 events ( 0.15%)
ZtoMM trigger inconsistency
Processed  1130000/ 1293019 entries, 87.39% (elapsed time 21227.9s, curr speed    0.063 kHz, avg speed    0.053 kHz), accepted     1718/ 1130001 events ( 0.15%)
Processed  1140000/ 1293019 entries, 88.17% (elapsed time 21381.0s, curr speed    0.065 kHz, avg speed    0.053 kHz), accepted     1737/ 1140001 events ( 0.15%)
ZtoMM trigger inconsistency
Processed  1150000/ 1293019 entries, 88.94% (elapsed time 21552.4s, curr speed    0.058 kHz, avg speed    0.053 kHz), accepted     1749/ 1150001 events ( 0.15%)
TtoEM trigger inconsistency
Processed  1160000/ 1293019 entries, 89.71% (elapsed time 21740.1s, curr speed    0.053 kHz, avg speed    0.053 kHz), accepted     1766/ 1160001 events ( 0.15%)
ZtoEE trigger inconsistency
TtoEM trigger inconsistency
Processed  1170000/ 1293019 entries, 90.49% (elapsed time 21917.4s, curr speed    0.056 kHz, avg speed    0.053 kHz), accepted     1787/ 1170001 events ( 0.15%)
Processed  1180000/ 1293019 entries, 91.26% (elapsed time 22079.5s, curr speed    0.062 kHz, avg speed    0.053 kHz), accepted     1802/ 1180001 events ( 0.15%)
ZtoMM trigger inconsistency
ZtoMM trigger inconsistency
Processed  1190000/ 1293019 entries, 92.03% (elapsed time 22256.6s, curr speed    0.056 kHz, avg speed    0.053 kHz), accepted     1813/ 1190001 events ( 0.15%)
Processed  1200000/ 1293019 entries, 92.81% (elapsed time 22429.9s, curr speed    0.058 kHz, avg speed    0.054 kHz), accepted     1828/ 1200001 events ( 0.15%)
ZtoMM trigger inconsistency
Processed  1210000/ 1293019 entries, 93.58% (elapsed time 22588.8s, curr speed    0.063 kHz, avg speed    0.054 kHz), accepted     1843/ 1210001 events ( 0.15%)
TtoEM trigger inconsistency
Processed  1220000/ 1293019 entries, 94.35% (elapsed time 22746.5s, curr speed    0.063 kHz, avg speed    0.054 kHz), accepted     1858/ 1220001 events ( 0.15%)
Processed  1230000/ 1293019 entries, 95.13% (elapsed time 22922.7s, curr speed    0.057 kHz, avg speed    0.054 kHz), accepted     1873/ 1230001 events ( 0.15%)
Processed  1240000/ 1293019 entries, 95.90% (elapsed time 23102.0s, curr speed    0.056 kHz, avg speed    0.054 kHz), accepted     1889/ 1240001 events ( 0.15%)
Processed  1250000/ 1293019 entries, 96.67% (elapsed time 23275.3s, curr speed    0.058 kHz, avg speed    0.054 kHz), accepted     1901/ 1250001 events ( 0.15%)
TtoEM trigger inconsistency
Processed  1260000/ 1293019 entries, 97.45% (elapsed time 23456.4s, curr speed    0.055 kHz, avg speed    0.054 kHz), accepted     1918/ 1260001 events ( 0.15%)
TtoEM trigger inconsistency
Processed  1270000/ 1293019 entries, 98.22% (elapsed time 23666.8s, curr speed    0.048 kHz, avg speed    0.054 kHz), accepted     1940/ 1270001 events ( 0.15%)
Processed  1280000/ 1293019 entries, 98.99% (elapsed time 23852.7s, curr speed    0.054 kHz, avg speed    0.054 kHz), accepted     1957/ 1280001 events ( 0.15%)
TtoEM trigger inconsistency
Processed  1290000/ 1293019 entries, 99.77% (elapsed time 24045.2s, curr speed    0.052 kHz, avg speed    0.054 kHz), accepted     1972/ 1290001 events ( 0.15%)
Processed 1293019 preselected entries from root://cms-xrd-global.cern.ch//store/mc/RunIISummer16NanoAODv6/ZZTo4L_13TeV_powheg_pythia8_ext1/NANOAODSIM/PUMoriond17_Nano25Oct2019_102X_mcRun2_asymptotic_v7-v1/100000/BC69A950-AAD7-FC48-8BD8-05361025FD93.root (1293019 entries). Finally selected 1978 entries
Done /work/pbaertsc/heavy_resonance/output_2016/ZZTo4L_13TeV_powheg_pythia8_ext1__RunIISummer16NanoAODv6-PUMoriond17_Nano25Oct2019_102X_mcRun2_asymptotic_v7-v1__NANOAODSIM/BC69A950-AAD7-FC48-8BD8-05361025FD93.root
53.6114203501 Hz
deleting root file with name: /work/pbaertsc/heavy_resonance/output_2016/ZZTo4L_13TeV_powheg_pythia8_ext1__RunIISummer16NanoAODv6-PUMoriond17_Nano25Oct2019_102X_mcRun2_asymptotic_v7-v1__NANOAODSIM/BC69A950-AAD7-FC48-8BD8-05361025FD93.root
DONE
Complete at
Wed Jan 29 12:05:31 CET 2020
