job start at
Thu Jan 30 19:14:10 CET 2020
SLURM_JOB_ID: 437516
HOSTNAME: t3wn43
JOBLIST:joblist/joblist_WplusH_HToBB_WToLNu_M125_13TeV_powheg_pythia8__RunIIAutumn18NanoAODv6-Nano25Oct2019_102X_upgrade2018_realistic_v20-v1__NANOAODSIM_ll.txt
Going to execute
python job.py -i root://cms-xrd-global.cern.ch//store/mc/RunIIAutumn18NanoAODv6/WplusH_HToBB_WToLNu_M125_13TeV_powheg_pythia8/NANOAODSIM/Nano25Oct2019_102X_upgrade2018_realistic_v20-v1/60000/FA5D07A9-BE7D-D14E-B7F5-B9A12D0BF63B.root -o /work/pbaertsc/heavy_resonance/output_2018/WplusH_HToBB_WToLNu_M125_13TeV_powheg_pythia8__RunIIAutumn18NanoAODv6-Nano25Oct2019_102X_upgrade2018_realistic_v20-v1__NANOAODSIM -N WplusH_HToBB_WToLNu_M125_13TeV_powheg_pythia8__RunIIAutumn18NanoAODv6-Nano25Oct2019_102X_upgrade2018_realistic_v20-v1__NANOAODSIM -n 1 -c ll -y 2018
TClass::Init:0: RuntimeWarning: no dictionary for class ROOT::TIOFeatures is available
/work/pbaertsc/heavy_resonance/CMSSW_9_4_6/python/PhysicsTools/NanoAODTools/postprocessing/framework/treeReaderArrayTools.py:69: RuntimeWarning: creating executor for unknown type "ULong64_t*"
  ret = _vr.Get()[0]
JEC= Autumn18_V19_MC 	 JER= Autumn18_V7_MC
MET branch= PuppiMET
JEC= Autumn18_V19_MC 	 JER= Autumn18_V7_MC
MET branch= PuppiMET
--------------------------------------------------------------------------------
input files  = ['root://cms-xrd-global.cern.ch//store/mc/RunIIAutumn18NanoAODv6/WplusH_HToBB_WToLNu_M125_13TeV_powheg_pythia8/NANOAODSIM/Nano25Oct2019_102X_upgrade2018_realistic_v20-v1/60000/FA5D07A9-BE7D-D14E-B7F5-B9A12D0BF63B.root']
output directory = /work/pbaertsc/heavy_resonance/output_2018/WplusH_HToBB_WToLNu_M125_13TeV_powheg_pythia8__RunIIAutumn18NanoAODv6-Nano25Oct2019_102X_upgrade2018_realistic_v20-v1__NANOAODSIM
output file  = WplusH_HToBB_WToLNu_M125_13TeV_powheg_pythia8__RunIIAutumn18NanoAODv6-Nano25Oct2019_102X_upgrade2018_realistic_v20-v1__NANOAODSIM_1_ll.root
chunck       = 1
channel      = ll
dataType     = mc
year         = 2018
tes          = 1.0
ltf          = 1.0
jtf          = 1.0
--------------------------------------------------------------------------------
job.py: creating PostProcessor...
TreeProducer is called /work/pbaertsc/heavy_resonance/output_2018/WplusH_HToBB_WToLNu_M125_13TeV_powheg_pythia8__RunIIAutumn18NanoAODv6-Nano25Oct2019_102X_upgrade2018_realistic_v20-v1__NANOAODSIM/WplusH_HToBB_WToLNu_M125_13TeV_powheg_pythia8__RunIIAutumn18NanoAODv6-Nano25Oct2019_102X_upgrade2018_realistic_v20-v1__NANOAODSIM_1_ll.root
job.py: going to run PostProcessor...
Will write selected trees to /work/pbaertsc/heavy_resonance/output_2018/WplusH_HToBB_WToLNu_M125_13TeV_powheg_pythia8__RunIIAutumn18NanoAODv6-Nano25Oct2019_102X_upgrade2018_realistic_v20-v1__NANOAODSIM
Loading jet energy scale (JES) uncertainties from file '/tmp/tmpqizmVE/Autumn18_V19_MC_Uncertainty_AK4PFchs.txt'
Loading jet energy resolutions (JER) from file '/tmp/tmpl31HIT/Autumn18_V7_MC_PtResolution_AK4PFchs.txt'
Loading JER scale factors and uncertainties from file '/tmp/tmpl31HIT/Autumn18_V7_MC_SF_AK4PFchs.txt'
Loading jet energy scale (JES) uncertainties from file '/tmp/tmpeaVV3G/Autumn18_V19_MC_Uncertainty_AK8PFPuppi.txt'
Loading jet energy resolutions (JER) from file '/tmp/tmpijSW2m/Autumn18_V7_MC_PtResolution_AK8PFPuppi.txt'
Loading JER scale factors and uncertainties from file '/tmp/tmpijSW2m/Autumn18_V7_MC_SF_AK8PFPuppi.txt'
Pre-select 192000 entries out of 192000 (100.00%)
nanoAODv5? True
Processed    10000/  192000 entries,  5.21% (elapsed time   360.9s, curr speed    0.028 kHz, avg speed    0.028 kHz), accepted       29/   10001 events ( 0.29%)
Processed    20000/  192000 entries, 10.42% (elapsed time   704.9s, curr speed    0.029 kHz, avg speed    0.028 kHz), accepted       63/   20001 events ( 0.31%)
Bad event
Processed    30000/  192000 entries, 15.62% (elapsed time  1049.2s, curr speed    0.029 kHz, avg speed    0.029 kHz), accepted      106/   30001 events ( 0.35%)
Bad event
Processed    40000/  192000 entries, 20.83% (elapsed time  1386.5s, curr speed    0.030 kHz, avg speed    0.029 kHz), accepted      139/   40001 events ( 0.35%)
Processed    50000/  192000 entries, 26.04% (elapsed time  1716.3s, curr speed    0.030 kHz, avg speed    0.029 kHz), accepted      164/   50001 events ( 0.33%)
Processed    60000/  192000 entries, 31.25% (elapsed time  2047.4s, curr speed    0.030 kHz, avg speed    0.029 kHz), accepted      194/   60001 events ( 0.32%)
Bad event
Bad event
Processed    70000/  192000 entries, 36.46% (elapsed time  2386.2s, curr speed    0.030 kHz, avg speed    0.029 kHz), accepted      224/   70001 events ( 0.32%)
Bad event
Processed    80000/  192000 entries, 41.67% (elapsed time  2726.0s, curr speed    0.029 kHz, avg speed    0.029 kHz), accepted      262/   80001 events ( 0.33%)
Processed    90000/  192000 entries, 46.88% (elapsed time  3062.8s, curr speed    0.030 kHz, avg speed    0.029 kHz), accepted      297/   90001 events ( 0.33%)
Bad event
Processed   100000/  192000 entries, 52.08% (elapsed time  3398.6s, curr speed    0.030 kHz, avg speed    0.029 kHz), accepted      326/  100001 events ( 0.33%)
Processed   110000/  192000 entries, 57.29% (elapsed time  3735.9s, curr speed    0.030 kHz, avg speed    0.029 kHz), accepted      367/  110001 events ( 0.33%)
Bad event
Processed   120000/  192000 entries, 62.50% (elapsed time  4073.1s, curr speed    0.030 kHz, avg speed    0.029 kHz), accepted      404/  120001 events ( 0.34%)
Processed   130000/  192000 entries, 67.71% (elapsed time  4395.2s, curr speed    0.031 kHz, avg speed    0.030 kHz), accepted      429/  130001 events ( 0.33%)
TtoEM trigger inconsistency
Bad event
Processed   140000/  192000 entries, 72.92% (elapsed time  4726.4s, curr speed    0.030 kHz, avg speed    0.030 kHz), accepted      470/  140001 events ( 0.34%)
Processed   150000/  192000 entries, 78.12% (elapsed time  5054.2s, curr speed    0.031 kHz, avg speed    0.030 kHz), accepted      492/  150001 events ( 0.33%)
Processed   160000/  192000 entries, 83.33% (elapsed time  5384.6s, curr speed    0.030 kHz, avg speed    0.030 kHz), accepted      519/  160001 events ( 0.32%)
Processed   170000/  192000 entries, 88.54% (elapsed time  5718.5s, curr speed    0.030 kHz, avg speed    0.030 kHz), accepted      553/  170001 events ( 0.33%)
Processed   180000/  192000 entries, 93.75% (elapsed time  6051.4s, curr speed    0.030 kHz, avg speed    0.030 kHz), accepted      577/  180001 events ( 0.32%)
Processed   190000/  192000 entries, 98.96% (elapsed time  6376.8s, curr speed    0.031 kHz, avg speed    0.030 kHz), accepted      607/  190001 events ( 0.32%)
Processed 192000 preselected entries from root://cms-xrd-global.cern.ch//store/mc/RunIIAutumn18NanoAODv6/WplusH_HToBB_WToLNu_M125_13TeV_powheg_pythia8/NANOAODSIM/Nano25Oct2019_102X_upgrade2018_realistic_v20-v1/60000/FA5D07A9-BE7D-D14E-B7F5-B9A12D0BF63B.root (192000 entries). Finally selected 607 entries
Done /work/pbaertsc/heavy_resonance/output_2018/WplusH_HToBB_WToLNu_M125_13TeV_powheg_pythia8__RunIIAutumn18NanoAODv6-Nano25Oct2019_102X_upgrade2018_realistic_v20-v1__NANOAODSIM/FA5D07A9-BE7D-D14E-B7F5-B9A12D0BF63B.root
29.7715960367 Hz
deleting root file with name: /work/pbaertsc/heavy_resonance/output_2018/WplusH_HToBB_WToLNu_M125_13TeV_powheg_pythia8__RunIIAutumn18NanoAODv6-Nano25Oct2019_102X_upgrade2018_realistic_v20-v1__NANOAODSIM/FA5D07A9-BE7D-D14E-B7F5-B9A12D0BF63B.root
DONE
Complete at
Thu Jan 30 21:56:07 CET 2020
