job start at
Tue Jan 28 21:47:59 CET 2020
SLURM_JOB_ID: 422384
HOSTNAME: t3wn36
JOBLIST:joblist/joblist_ZZTo2L2Nu_13TeV_powheg_pythia8_ext1__RunIISummer16NanoAODv6-PUMoriond17_Nano25Oct2019_102X_mcRun2_asymptotic_v7-v1__NANOAODSIM_ll.txt
Going to execute
python job.py -i root://cms-xrd-global.cern.ch//store/mc/RunIISummer16NanoAODv6/ZZTo2L2Nu_13TeV_powheg_pythia8_ext1/NANOAODSIM/PUMoriond17_Nano25Oct2019_102X_mcRun2_asymptotic_v7-v1/70000/F5D837DB-095C-A14A-85AC-4E32B03A5411.root -o /work/pbaertsc/heavy_resonance/output_2016/ZZTo2L2Nu_13TeV_powheg_pythia8_ext1__RunIISummer16NanoAODv6-PUMoriond17_Nano25Oct2019_102X_mcRun2_asymptotic_v7-v1__NANOAODSIM -N ZZTo2L2Nu_13TeV_powheg_pythia8_ext1__RunIISummer16NanoAODv6-PUMoriond17_Nano25Oct2019_102X_mcRun2_asymptotic_v7-v1__NANOAODSIM -n 10 -c ll -y 2016
TClass::Init:0: RuntimeWarning: no dictionary for class ROOT::TIOFeatures is available
/work/pbaertsc/heavy_resonance/CMSSW_9_4_6/python/PhysicsTools/NanoAODTools/postprocessing/framework/treeReaderArrayTools.py:69: RuntimeWarning: creating executor for unknown type "ULong64_t*"
  ret = _vr.Get()[0]
JEC= Summer16_07Aug2017_V11_MC 	 JER= Summer16_25nsV1_MC
MET branch= PuppiMET
JEC= Summer16_07Aug2017_V11_MC 	 JER= Summer16_25nsV1_MC
MET branch= PuppiMET
--------------------------------------------------------------------------------
input files  = ['root://cms-xrd-global.cern.ch//store/mc/RunIISummer16NanoAODv6/ZZTo2L2Nu_13TeV_powheg_pythia8_ext1/NANOAODSIM/PUMoriond17_Nano25Oct2019_102X_mcRun2_asymptotic_v7-v1/70000/F5D837DB-095C-A14A-85AC-4E32B03A5411.root']
output directory = /work/pbaertsc/heavy_resonance/output_2016/ZZTo2L2Nu_13TeV_powheg_pythia8_ext1__RunIISummer16NanoAODv6-PUMoriond17_Nano25Oct2019_102X_mcRun2_asymptotic_v7-v1__NANOAODSIM
output file  = ZZTo2L2Nu_13TeV_powheg_pythia8_ext1__RunIISummer16NanoAODv6-PUMoriond17_Nano25Oct2019_102X_mcRun2_asymptotic_v7-v1__NANOAODSIM_10_ll.root
chunck       = 10
channel      = ll
dataType     = mc
year         = 2016
tes          = 1.0
ltf          = 1.0
jtf          = 1.0
--------------------------------------------------------------------------------
job.py: creating PostProcessor...
TreeProducer is called /work/pbaertsc/heavy_resonance/output_2016/ZZTo2L2Nu_13TeV_powheg_pythia8_ext1__RunIISummer16NanoAODv6-PUMoriond17_Nano25Oct2019_102X_mcRun2_asymptotic_v7-v1__NANOAODSIM/ZZTo2L2Nu_13TeV_powheg_pythia8_ext1__RunIISummer16NanoAODv6-PUMoriond17_Nano25Oct2019_102X_mcRun2_asymptotic_v7-v1__NANOAODSIM_10_ll.root
job.py: going to run PostProcessor...
Will write selected trees to /work/pbaertsc/heavy_resonance/output_2016/ZZTo2L2Nu_13TeV_powheg_pythia8_ext1__RunIISummer16NanoAODv6-PUMoriond17_Nano25Oct2019_102X_mcRun2_asymptotic_v7-v1__NANOAODSIM
Loading jet energy scale (JES) uncertainties from file '/tmp/tmp0PJJDd/Summer16_07Aug2017_V11_MC_Uncertainty_AK4PFchs.txt'
Loading jet energy resolutions (JER) from file '/tmp/tmpj6euxc/Summer16_25nsV1_MC_PtResolution_AK4PFchs.txt'
Loading JER scale factors and uncertainties from file '/tmp/tmpj6euxc/Summer16_25nsV1_MC_SF_AK4PFchs.txt'
Loading jet energy scale (JES) uncertainties from file '/tmp/tmpfceHg9/Summer16_07Aug2017_V11_MC_Uncertainty_AK8PFPuppi.txt'
Loading jet energy resolutions (JER) from file '/tmp/tmpQ3QnGW/Summer16_25nsV1_MC_PtResolution_AK8PFPuppi.txt'
Loading JER scale factors and uncertainties from file '/tmp/tmpQ3QnGW/Summer16_25nsV1_MC_SF_AK8PFPuppi.txt'
Pre-select 1438788 entries out of 1438788 (100.00%)
nanoAODv5? True
ZtoEE trigger inconsistency
Processed    10000/ 1438788 entries,  0.70% (elapsed time    96.2s, curr speed    0.104 kHz, avg speed    0.104 kHz), accepted       25/   10001 events ( 0.25%)
ZtoMM trigger inconsistency
ZtoMM trigger inconsistency
ZtoMM trigger inconsistency
ZtoEE trigger inconsistency
Processed    20000/ 1438788 entries,  1.39% (elapsed time   189.9s, curr speed    0.107 kHz, avg speed    0.105 kHz), accepted       65/   20001 events ( 0.32%)
ZtoMM trigger inconsistency
Processed    30000/ 1438788 entries,  2.09% (elapsed time   282.5s, curr speed    0.108 kHz, avg speed    0.106 kHz), accepted      102/   30001 events ( 0.34%)
Bad event
Processed    40000/ 1438788 entries,  2.78% (elapsed time   374.9s, curr speed    0.108 kHz, avg speed    0.107 kHz), accepted      149/   40001 events ( 0.37%)
Processed    50000/ 1438788 entries,  3.48% (elapsed time   466.9s, curr speed    0.109 kHz, avg speed    0.107 kHz), accepted      193/   50001 events ( 0.39%)
ZtoMM trigger inconsistency
ZtoMM trigger inconsistency
Processed    60000/ 1438788 entries,  4.17% (elapsed time   559.1s, curr speed    0.108 kHz, avg speed    0.107 kHz), accepted      237/   60001 events ( 0.39%)
ZtoMM trigger inconsistency
TtoEM trigger inconsistency
ZtoMM trigger inconsistency
Processed    70000/ 1438788 entries,  4.87% (elapsed time   651.1s, curr speed    0.109 kHz, avg speed    0.108 kHz), accepted      281/   70001 events ( 0.40%)
ZtoMM trigger inconsistency
ZtoMM trigger inconsistency
ZtoMM trigger inconsistency
ZtoMM trigger inconsistency
Processed    80000/ 1438788 entries,  5.56% (elapsed time   744.1s, curr speed    0.108 kHz, avg speed    0.108 kHz), accepted      315/   80001 events ( 0.39%)
ZtoMM trigger inconsistency
Processed    90000/ 1438788 entries,  6.26% (elapsed time   835.5s, curr speed    0.109 kHz, avg speed    0.108 kHz), accepted      363/   90001 events ( 0.40%)
TtoEM trigger inconsistency
Processed   100000/ 1438788 entries,  6.95% (elapsed time   928.7s, curr speed    0.107 kHz, avg speed    0.108 kHz), accepted      409/  100001 events ( 0.41%)
ZtoMM trigger inconsistency
ZtoMM trigger inconsistency
ZtoMM trigger inconsistency
Processed   110000/ 1438788 entries,  7.65% (elapsed time  1021.1s, curr speed    0.108 kHz, avg speed    0.108 kHz), accepted      447/  110001 events ( 0.41%)
ZtoMM trigger inconsistency
Processed   120000/ 1438788 entries,  8.34% (elapsed time  1112.3s, curr speed    0.110 kHz, avg speed    0.108 kHz), accepted      488/  120001 events ( 0.41%)
ZtoMM trigger inconsistency
ZtoMM trigger inconsistency
ZtoMM trigger inconsistency
Processed   130000/ 1438788 entries,  9.04% (elapsed time  1204.5s, curr speed    0.108 kHz, avg speed    0.108 kHz), accepted      524/  130001 events ( 0.40%)
ZtoMM trigger inconsistency
ZtoMM trigger inconsistency
Processed   140000/ 1438788 entries,  9.73% (elapsed time  1297.6s, curr speed    0.107 kHz, avg speed    0.108 kHz), accepted      568/  140001 events ( 0.41%)
ZtoMM trigger inconsistency
ZtoMM trigger inconsistency
Processed   150000/ 1438788 entries, 10.43% (elapsed time  1389.3s, curr speed    0.109 kHz, avg speed    0.108 kHz), accepted      606/  150001 events ( 0.40%)
ZtoMM trigger inconsistency
ZtoMM trigger inconsistency
ZtoMM trigger inconsistency
Processed   160000/ 1438788 entries, 11.12% (elapsed time  1482.0s, curr speed    0.108 kHz, avg speed    0.108 kHz), accepted      641/  160001 events ( 0.40%)
ZtoMM trigger inconsistency
ZtoMM trigger inconsistency
ZtoMM trigger inconsistency
ZtoMM trigger inconsistency
Processed   170000/ 1438788 entries, 11.82% (elapsed time  1575.1s, curr speed    0.107 kHz, avg speed    0.108 kHz), accepted      674/  170001 events ( 0.40%)
ZtoMM trigger inconsistency
ZtoMM trigger inconsistency
ZtoEE trigger inconsistency
ZtoMM trigger inconsistency
Processed   180000/ 1438788 entries, 12.51% (elapsed time  1667.5s, curr speed    0.108 kHz, avg speed    0.108 kHz), accepted      714/  180001 events ( 0.40%)
ZtoEE trigger inconsistency
ZtoMM trigger inconsistency
Processed   190000/ 1438788 entries, 13.21% (elapsed time  1760.2s, curr speed    0.108 kHz, avg speed    0.108 kHz), accepted      750/  190001 events ( 0.39%)
ZtoMM trigger inconsistency
Processed   200000/ 1438788 entries, 13.90% (elapsed time  1853.1s, curr speed    0.108 kHz, avg speed    0.108 kHz), accepted      794/  200001 events ( 0.40%)
TtoEM trigger inconsistency
ZtoMM trigger inconsistency
ZtoMM trigger inconsistency
ZtoMM trigger inconsistency
Processed   210000/ 1438788 entries, 14.60% (elapsed time  1945.7s, curr speed    0.108 kHz, avg speed    0.108 kHz), accepted      828/  210001 events ( 0.39%)
Processed   220000/ 1438788 entries, 15.29% (elapsed time  2039.0s, curr speed    0.107 kHz, avg speed    0.108 kHz), accepted      866/  220001 events ( 0.39%)
ZtoMM trigger inconsistency
TtoEM trigger inconsistency
ZtoMM trigger inconsistency
Processed   230000/ 1438788 entries, 15.99% (elapsed time  2132.7s, curr speed    0.107 kHz, avg speed    0.108 kHz), accepted      908/  230001 events ( 0.39%)
ZtoEE trigger inconsistency
ZtoMM trigger inconsistency
Processed   240000/ 1438788 entries, 16.68% (elapsed time  2224.8s, curr speed    0.109 kHz, avg speed    0.108 kHz), accepted      944/  240001 events ( 0.39%)
ZtoEE trigger inconsistency
ZtoMM trigger inconsistency
Processed   250000/ 1438788 entries, 17.38% (elapsed time  2317.1s, curr speed    0.108 kHz, avg speed    0.108 kHz), accepted      986/  250001 events ( 0.39%)
ZtoMM trigger inconsistency
ZtoEE trigger inconsistency
Processed   260000/ 1438788 entries, 18.07% (elapsed time  2409.7s, curr speed    0.108 kHz, avg speed    0.108 kHz), accepted     1024/  260001 events ( 0.39%)
ZtoMM trigger inconsistency
ZtoMM trigger inconsistency
ZtoMM trigger inconsistency
Processed   270000/ 1438788 entries, 18.77% (elapsed time  2501.2s, curr speed    0.109 kHz, avg speed    0.108 kHz), accepted     1069/  270001 events ( 0.40%)
ZtoMM trigger inconsistency
ZtoMM trigger inconsistency
Processed   280000/ 1438788 entries, 19.46% (elapsed time  2593.1s, curr speed    0.109 kHz, avg speed    0.108 kHz), accepted     1122/  280001 events ( 0.40%)
ZtoMM trigger inconsistency
ZtoMM trigger inconsistency
ZtoMM trigger inconsistency
ZtoMM trigger inconsistency
Processed   290000/ 1438788 entries, 20.16% (elapsed time  2685.8s, curr speed    0.108 kHz, avg speed    0.108 kHz), accepted     1148/  290001 events ( 0.40%)
ZtoMM trigger inconsistency
Processed   300000/ 1438788 entries, 20.85% (elapsed time  2778.1s, curr speed    0.108 kHz, avg speed    0.108 kHz), accepted     1192/  300001 events ( 0.40%)
ZtoMM trigger inconsistency
ZtoMM trigger inconsistency
Processed   310000/ 1438788 entries, 21.55% (elapsed time  2871.7s, curr speed    0.107 kHz, avg speed    0.108 kHz), accepted     1228/  310001 events ( 0.40%)
ZtoMM trigger inconsistency
ZtoMM trigger inconsistency
Processed   320000/ 1438788 entries, 22.24% (elapsed time  2964.1s, curr speed    0.108 kHz, avg speed    0.108 kHz), accepted     1279/  320001 events ( 0.40%)
ZtoMM trigger inconsistency
Processed   330000/ 1438788 entries, 22.94% (elapsed time  3057.2s, curr speed    0.107 kHz, avg speed    0.108 kHz), accepted     1319/  330001 events ( 0.40%)
ZtoMM trigger inconsistency
ZtoEE trigger inconsistency
ZtoMM trigger inconsistency
Processed   340000/ 1438788 entries, 23.63% (elapsed time  3149.8s, curr speed    0.108 kHz, avg speed    0.108 kHz), accepted     1361/  340001 events ( 0.40%)
ZtoMM trigger inconsistency
ZtoMM trigger inconsistency
Processed   350000/ 1438788 entries, 24.33% (elapsed time  3242.8s, curr speed    0.108 kHz, avg speed    0.108 kHz), accepted     1409/  350001 events ( 0.40%)
ZtoMM trigger inconsistency
Processed   360000/ 1438788 entries, 25.02% (elapsed time  3335.5s, curr speed    0.108 kHz, avg speed    0.108 kHz), accepted     1462/  360001 events ( 0.41%)
ZtoMM trigger inconsistency
Processed   370000/ 1438788 entries, 25.72% (elapsed time  3428.1s, curr speed    0.108 kHz, avg speed    0.108 kHz), accepted     1502/  370001 events ( 0.41%)
ZtoMM trigger inconsistency
ZtoMM trigger inconsistency
Bad event
ZtoMM trigger inconsistency
Processed   380000/ 1438788 entries, 26.41% (elapsed time  3520.8s, curr speed    0.108 kHz, avg speed    0.108 kHz), accepted     1552/  380001 events ( 0.41%)
ZtoMM trigger inconsistency
Processed   390000/ 1438788 entries, 27.11% (elapsed time  3613.6s, curr speed    0.108 kHz, avg speed    0.108 kHz), accepted     1601/  390001 events ( 0.41%)
ZtoMM trigger inconsistency
Processed   400000/ 1438788 entries, 27.80% (elapsed time  3706.0s, curr speed    0.108 kHz, avg speed    0.108 kHz), accepted     1636/  400001 events ( 0.41%)
ZtoMM trigger inconsistency
Processed   410000/ 1438788 entries, 28.50% (elapsed time  3799.2s, curr speed    0.107 kHz, avg speed    0.108 kHz), accepted     1681/  410001 events ( 0.41%)
ZtoMM trigger inconsistency
ZtoEE trigger inconsistency
Bad event
Processed   420000/ 1438788 entries, 29.19% (elapsed time  3892.3s, curr speed    0.107 kHz, avg speed    0.108 kHz), accepted     1708/  420001 events ( 0.41%)
ZtoMM trigger inconsistency
ZtoMM trigger inconsistency
ZtoMM trigger inconsistency
ZtoMM trigger inconsistency
TtoEM trigger inconsistency
ZtoEE trigger inconsistency
Processed   430000/ 1438788 entries, 29.89% (elapsed time  3985.1s, curr speed    0.108 kHz, avg speed    0.108 kHz), accepted     1750/  430001 events ( 0.41%)
ZtoEE trigger inconsistency
ZtoMM trigger inconsistency
ZtoMM trigger inconsistency
ZtoMM trigger inconsistency
Processed   440000/ 1438788 entries, 30.58% (elapsed time  4077.8s, curr speed    0.108 kHz, avg speed    0.108 kHz), accepted     1788/  440001 events ( 0.41%)
ZtoMM trigger inconsistency
ZtoMM trigger inconsistency
Bad event
Processed   450000/ 1438788 entries, 31.28% (elapsed time  4170.3s, curr speed    0.108 kHz, avg speed    0.108 kHz), accepted     1825/  450001 events ( 0.41%)
ZtoMM trigger inconsistency
ZtoMM trigger inconsistency
Processed   460000/ 1438788 entries, 31.97% (elapsed time  4262.7s, curr speed    0.108 kHz, avg speed    0.108 kHz), accepted     1869/  460001 events ( 0.41%)
ZtoMM trigger inconsistency
ZtoMM trigger inconsistency
ZtoMM trigger inconsistency
ZtoMM trigger inconsistency
Processed   470000/ 1438788 entries, 32.67% (elapsed time  4354.8s, curr speed    0.109 kHz, avg speed    0.108 kHz), accepted     1904/  470001 events ( 0.41%)
Processed   480000/ 1438788 entries, 33.36% (elapsed time  4447.1s, curr speed    0.108 kHz, avg speed    0.108 kHz), accepted     1939/  480001 events ( 0.40%)
Processed   490000/ 1438788 entries, 34.06% (elapsed time  4539.9s, curr speed    0.108 kHz, avg speed    0.108 kHz), accepted     1990/  490001 events ( 0.41%)
ZtoMM trigger inconsistency
Processed   500000/ 1438788 entries, 34.75% (elapsed time  4632.0s, curr speed    0.109 kHz, avg speed    0.108 kHz), accepted     2025/  500001 events ( 0.40%)
Bad event
Processed   510000/ 1438788 entries, 35.45% (elapsed time  4724.6s, curr speed    0.108 kHz, avg speed    0.108 kHz), accepted     2072/  510001 events ( 0.41%)
ZtoMM trigger inconsistency
ZtoMM trigger inconsistency
ZtoMM trigger inconsistency
TtoEM trigger inconsistency
ZtoMM trigger inconsistency
Processed   520000/ 1438788 entries, 36.14% (elapsed time  4816.8s, curr speed    0.108 kHz, avg speed    0.108 kHz), accepted     2121/  520001 events ( 0.41%)
ZtoMM trigger inconsistency
ZtoMM trigger inconsistency
Processed   530000/ 1438788 entries, 36.84% (elapsed time  4908.2s, curr speed    0.109 kHz, avg speed    0.108 kHz), accepted     2158/  530001 events ( 0.41%)
Processed   540000/ 1438788 entries, 37.53% (elapsed time  5000.4s, curr speed    0.108 kHz, avg speed    0.108 kHz), accepted     2198/  540001 events ( 0.41%)
ZtoMM trigger inconsistency
Processed   550000/ 1438788 entries, 38.23% (elapsed time  5093.3s, curr speed    0.108 kHz, avg speed    0.108 kHz), accepted     2243/  550001 events ( 0.41%)
ZtoMM trigger inconsistency
ZtoMM trigger inconsistency
TtoEM trigger inconsistency
Processed   560000/ 1438788 entries, 38.92% (elapsed time  5185.5s, curr speed    0.108 kHz, avg speed    0.108 kHz), accepted     2280/  560001 events ( 0.41%)
ZtoMM trigger inconsistency
Processed   570000/ 1438788 entries, 39.62% (elapsed time  5277.8s, curr speed    0.108 kHz, avg speed    0.108 kHz), accepted     2308/  570001 events ( 0.40%)
ZtoMM trigger inconsistency
ZtoMM trigger inconsistency
ZtoEE trigger inconsistency
Processed   580000/ 1438788 entries, 40.31% (elapsed time  5370.1s, curr speed    0.108 kHz, avg speed    0.108 kHz), accepted     2362/  580001 events ( 0.41%)
Bad event
ZtoMM trigger inconsistency
ZtoMM trigger inconsistency
Processed   590000/ 1438788 entries, 41.01% (elapsed time  5462.0s, curr speed    0.109 kHz, avg speed    0.108 kHz), accepted     2404/  590001 events ( 0.41%)
Processed   600000/ 1438788 entries, 41.70% (elapsed time  5552.9s, curr speed    0.110 kHz, avg speed    0.108 kHz), accepted     2437/  600001 events ( 0.41%)
ZtoMM trigger inconsistency
ZtoMM trigger inconsistency
Processed   610000/ 1438788 entries, 42.40% (elapsed time  5645.0s, curr speed    0.109 kHz, avg speed    0.108 kHz), accepted     2492/  610001 events ( 0.41%)
ZtoMM trigger inconsistency
ZtoMM trigger inconsistency
Processed   620000/ 1438788 entries, 43.09% (elapsed time  5736.6s, curr speed    0.109 kHz, avg speed    0.108 kHz), accepted     2520/  620001 events ( 0.41%)
Processed   630000/ 1438788 entries, 43.79% (elapsed time  5827.0s, curr speed    0.111 kHz, avg speed    0.108 kHz), accepted     2564/  630001 events ( 0.41%)
TtoEM trigger inconsistency
Processed   640000/ 1438788 entries, 44.48% (elapsed time  5919.0s, curr speed    0.109 kHz, avg speed    0.108 kHz), accepted     2600/  640001 events ( 0.41%)
ZtoMM trigger inconsistency
ZtoMM trigger inconsistency
ZtoEE trigger inconsistency
ZtoMM trigger inconsistency
ZtoMM trigger inconsistency
Processed   650000/ 1438788 entries, 45.18% (elapsed time  6010.2s, curr speed    0.110 kHz, avg speed    0.108 kHz), accepted     2640/  650001 events ( 0.41%)
ZtoEE trigger inconsistency
Processed   660000/ 1438788 entries, 45.87% (elapsed time  6101.7s, curr speed    0.109 kHz, avg speed    0.108 kHz), accepted     2689/  660001 events ( 0.41%)
ZtoMM trigger inconsistency
ZtoMM trigger inconsistency
ZtoMM trigger inconsistency
Processed   670000/ 1438788 entries, 46.57% (elapsed time  6194.0s, curr speed    0.108 kHz, avg speed    0.108 kHz), accepted     2734/  670001 events ( 0.41%)
Processed   680000/ 1438788 entries, 47.26% (elapsed time  6285.2s, curr speed    0.110 kHz, avg speed    0.108 kHz), accepted     2773/  680001 events ( 0.41%)
Processed   690000/ 1438788 entries, 47.96% (elapsed time  6376.9s, curr speed    0.109 kHz, avg speed    0.108 kHz), accepted     2813/  690001 events ( 0.41%)
ZtoMM trigger inconsistency
ZtoMM trigger inconsistency
ZtoMM trigger inconsistency
Processed   700000/ 1438788 entries, 48.65% (elapsed time  6469.0s, curr speed    0.109 kHz, avg speed    0.108 kHz), accepted     2848/  700001 events ( 0.41%)
ZtoMM trigger inconsistency
Processed   710000/ 1438788 entries, 49.35% (elapsed time  6560.0s, curr speed    0.110 kHz, avg speed    0.108 kHz), accepted     2887/  710001 events ( 0.41%)
Processed   720000/ 1438788 entries, 50.04% (elapsed time  6650.9s, curr speed    0.110 kHz, avg speed    0.108 kHz), accepted     2928/  720001 events ( 0.41%)
ZtoMM trigger inconsistency
Processed   730000/ 1438788 entries, 50.74% (elapsed time  6742.2s, curr speed    0.110 kHz, avg speed    0.108 kHz), accepted     2968/  730001 events ( 0.41%)
ZtoMM trigger inconsistency
Processed   740000/ 1438788 entries, 51.43% (elapsed time  6833.3s, curr speed    0.110 kHz, avg speed    0.108 kHz), accepted     3016/  740001 events ( 0.41%)
ZtoMM trigger inconsistency
ZtoMM trigger inconsistency
ZtoMM trigger inconsistency
ZtoMM trigger inconsistency
ZtoMM trigger inconsistency
Processed   750000/ 1438788 entries, 52.13% (elapsed time  6923.9s, curr speed    0.110 kHz, avg speed    0.108 kHz), accepted     3058/  750001 events ( 0.41%)
ZtoMM trigger inconsistency
Processed   760000/ 1438788 entries, 52.82% (elapsed time  7013.8s, curr speed    0.111 kHz, avg speed    0.108 kHz), accepted     3092/  760001 events ( 0.41%)
ZtoMM trigger inconsistency
ZtoMM trigger inconsistency
ZtoEE trigger inconsistency
Processed   770000/ 1438788 entries, 53.52% (elapsed time  7104.2s, curr speed    0.111 kHz, avg speed    0.108 kHz), accepted     3131/  770001 events ( 0.41%)
Processed   780000/ 1438788 entries, 54.21% (elapsed time  7194.0s, curr speed    0.111 kHz, avg speed    0.108 kHz), accepted     3168/  780001 events ( 0.41%)
ZtoMM trigger inconsistency
ZtoMM trigger inconsistency
Processed   790000/ 1438788 entries, 54.91% (elapsed time  7284.6s, curr speed    0.110 kHz, avg speed    0.108 kHz), accepted     3220/  790001 events ( 0.41%)
ZtoMM trigger inconsistency
ZtoMM trigger inconsistency
ZtoMM trigger inconsistency
ZtoMM trigger inconsistency
Processed   800000/ 1438788 entries, 55.60% (elapsed time  7374.9s, curr speed    0.111 kHz, avg speed    0.108 kHz), accepted     3268/  800001 events ( 0.41%)
Processed   810000/ 1438788 entries, 56.30% (elapsed time  7465.4s, curr speed    0.110 kHz, avg speed    0.109 kHz), accepted     3303/  810001 events ( 0.41%)
TtoEM trigger inconsistency
ZtoMM trigger inconsistency
ZtoMM trigger inconsistency
Processed   820000/ 1438788 entries, 56.99% (elapsed time  7556.4s, curr speed    0.110 kHz, avg speed    0.109 kHz), accepted     3339/  820001 events ( 0.41%)
ZtoMM trigger inconsistency
Processed   830000/ 1438788 entries, 57.69% (elapsed time  7646.2s, curr speed    0.111 kHz, avg speed    0.109 kHz), accepted     3386/  830001 events ( 0.41%)
ZtoMM trigger inconsistency
ZtoMM trigger inconsistency
ZtoMM trigger inconsistency
Processed   840000/ 1438788 entries, 58.38% (elapsed time  7736.2s, curr speed    0.111 kHz, avg speed    0.109 kHz), accepted     3436/  840001 events ( 0.41%)
ZtoMM trigger inconsistency
ZtoMM trigger inconsistency
Processed   850000/ 1438788 entries, 59.08% (elapsed time  7826.2s, curr speed    0.111 kHz, avg speed    0.109 kHz), accepted     3476/  850001 events ( 0.41%)
ZtoMM trigger inconsistency
ZtoMM trigger inconsistency
ZtoMM trigger inconsistency
ZtoMM trigger inconsistency
ZtoEE trigger inconsistency
Processed   860000/ 1438788 entries, 59.77% (elapsed time  7916.6s, curr speed    0.111 kHz, avg speed    0.109 kHz), accepted     3509/  860001 events ( 0.41%)
ZtoMM trigger inconsistency
ZtoMM trigger inconsistency
Processed   870000/ 1438788 entries, 60.47% (elapsed time  8007.0s, curr speed    0.111 kHz, avg speed    0.109 kHz), accepted     3546/  870001 events ( 0.41%)
Processed   880000/ 1438788 entries, 61.16% (elapsed time  8097.1s, curr speed    0.111 kHz, avg speed    0.109 kHz), accepted     3594/  880001 events ( 0.41%)
ZtoMM trigger inconsistency
Processed   890000/ 1438788 entries, 61.86% (elapsed time  8186.8s, curr speed    0.111 kHz, avg speed    0.109 kHz), accepted     3626/  890001 events ( 0.41%)
ZtoMM trigger inconsistency
ZtoMM trigger inconsistency
ZtoMM trigger inconsistency
Processed   900000/ 1438788 entries, 62.55% (elapsed time  8277.2s, curr speed    0.111 kHz, avg speed    0.109 kHz), accepted     3662/  900001 events ( 0.41%)
ZtoMM trigger inconsistency
ZtoMM trigger inconsistency
ZtoMM trigger inconsistency
Processed   910000/ 1438788 entries, 63.25% (elapsed time  8367.5s, curr speed    0.111 kHz, avg speed    0.109 kHz), accepted     3716/  910001 events ( 0.41%)
ZtoMM trigger inconsistency
ZtoMM trigger inconsistency
ZtoMM trigger inconsistency
TtoEM trigger inconsistency
Processed   920000/ 1438788 entries, 63.94% (elapsed time  8457.0s, curr speed    0.112 kHz, avg speed    0.109 kHz), accepted     3748/  920001 events ( 0.41%)
Bad event
Processed   930000/ 1438788 entries, 64.64% (elapsed time  8546.7s, curr speed    0.112 kHz, avg speed    0.109 kHz), accepted     3786/  930001 events ( 0.41%)
ZtoMM trigger inconsistency
ZtoMM trigger inconsistency
Processed   940000/ 1438788 entries, 65.33% (elapsed time  8637.1s, curr speed    0.111 kHz, avg speed    0.109 kHz), accepted     3843/  940001 events ( 0.41%)
ZtoMM trigger inconsistency
ZtoMM trigger inconsistency
Processed   950000/ 1438788 entries, 66.03% (elapsed time  8727.6s, curr speed    0.111 kHz, avg speed    0.109 kHz), accepted     3905/  950001 events ( 0.41%)
ZtoMM trigger inconsistency
ZtoMM trigger inconsistency
ZtoEE trigger inconsistency
Processed   960000/ 1438788 entries, 66.72% (elapsed time  8817.5s, curr speed    0.111 kHz, avg speed    0.109 kHz), accepted     3940/  960001 events ( 0.41%)
Processed   970000/ 1438788 entries, 67.42% (elapsed time  8906.8s, curr speed    0.112 kHz, avg speed    0.109 kHz), accepted     3978/  970001 events ( 0.41%)
ZtoMM trigger inconsistency
ZtoMM trigger inconsistency
ZtoMM trigger inconsistency
ZtoMM trigger inconsistency
Processed   980000/ 1438788 entries, 68.11% (elapsed time  8994.8s, curr speed    0.114 kHz, avg speed    0.109 kHz), accepted     4022/  980001 events ( 0.41%)
ZtoMM trigger inconsistency
ZtoMM trigger inconsistency
ZtoMM trigger inconsistency
ZtoMM trigger inconsistency
Processed   990000/ 1438788 entries, 68.81% (elapsed time  9084.4s, curr speed    0.112 kHz, avg speed    0.109 kHz), accepted     4059/  990001 events ( 0.41%)
ZtoMM trigger inconsistency
ZtoMM trigger inconsistency
ZtoMM trigger inconsistency
Bad event
ZtoMM trigger inconsistency
Processed  1000000/ 1438788 entries, 69.50% (elapsed time  9173.2s, curr speed    0.113 kHz, avg speed    0.109 kHz), accepted     4096/ 1000001 events ( 0.41%)
ZtoMM trigger inconsistency
ZtoMM trigger inconsistency
ZtoMM trigger inconsistency
Processed  1010000/ 1438788 entries, 70.20% (elapsed time  9261.5s, curr speed    0.113 kHz, avg speed    0.109 kHz), accepted     4133/ 1010001 events ( 0.41%)
ZtoMM trigger inconsistency
Processed  1020000/ 1438788 entries, 70.89% (elapsed time  9349.9s, curr speed    0.113 kHz, avg speed    0.109 kHz), accepted     4170/ 1020001 events ( 0.41%)
ZtoMM trigger inconsistency
Processed  1030000/ 1438788 entries, 71.59% (elapsed time  9437.8s, curr speed    0.114 kHz, avg speed    0.109 kHz), accepted     4211/ 1030001 events ( 0.41%)
ZtoMM trigger inconsistency
ZtoMM trigger inconsistency
Processed  1040000/ 1438788 entries, 72.28% (elapsed time  9523.7s, curr speed    0.116 kHz, avg speed    0.109 kHz), accepted     4252/ 1040001 events ( 0.41%)
ZtoMM trigger inconsistency
Processed  1050000/ 1438788 entries, 72.98% (elapsed time  9610.5s, curr speed    0.115 kHz, avg speed    0.109 kHz), accepted     4287/ 1050001 events ( 0.41%)
ZtoMM trigger inconsistency
Processed  1060000/ 1438788 entries, 73.67% (elapsed time  9697.1s, curr speed    0.115 kHz, avg speed    0.109 kHz), accepted     4334/ 1060001 events ( 0.41%)
ZtoMM trigger inconsistency
ZtoMM trigger inconsistency
ZtoMM trigger inconsistency
ZtoEE trigger inconsistency
Processed  1070000/ 1438788 entries, 74.37% (elapsed time  9782.9s, curr speed    0.117 kHz, avg speed    0.109 kHz), accepted     4375/ 1070001 events ( 0.41%)
ZtoMM trigger inconsistency
ZtoMM trigger inconsistency
Processed  1080000/ 1438788 entries, 75.06% (elapsed time  9868.7s, curr speed    0.117 kHz, avg speed    0.109 kHz), accepted     4412/ 1080001 events ( 0.41%)
ZtoMM trigger inconsistency
Bad event
Processed  1090000/ 1438788 entries, 75.76% (elapsed time  9955.2s, curr speed    0.116 kHz, avg speed    0.109 kHz), accepted     4450/ 1090001 events ( 0.41%)
ZtoMM trigger inconsistency
ZtoMM trigger inconsistency
Processed  1100000/ 1438788 entries, 76.45% (elapsed time 10040.9s, curr speed    0.117 kHz, avg speed    0.110 kHz), accepted     4487/ 1100001 events ( 0.41%)
ZtoEE trigger inconsistency
Processed  1110000/ 1438788 entries, 77.15% (elapsed time 10127.2s, curr speed    0.116 kHz, avg speed    0.110 kHz), accepted     4527/ 1110001 events ( 0.41%)
ZtoMM trigger inconsistency
ZtoMM trigger inconsistency
ZtoMM trigger inconsistency
Processed  1120000/ 1438788 entries, 77.84% (elapsed time 10213.2s, curr speed    0.116 kHz, avg speed    0.110 kHz), accepted     4579/ 1120001 events ( 0.41%)
ZtoMM trigger inconsistency
ZtoMM trigger inconsistency
ZtoMM trigger inconsistency
ZtoMM trigger inconsistency
Processed  1130000/ 1438788 entries, 78.54% (elapsed time 10299.1s, curr speed    0.116 kHz, avg speed    0.110 kHz), accepted     4614/ 1130001 events ( 0.41%)
Processed  1140000/ 1438788 entries, 79.23% (elapsed time 10387.8s, curr speed    0.113 kHz, avg speed    0.110 kHz), accepted     4653/ 1140001 events ( 0.41%)
ZtoEE trigger inconsistency
Processed  1150000/ 1438788 entries, 79.93% (elapsed time 10481.7s, curr speed    0.107 kHz, avg speed    0.110 kHz), accepted     4690/ 1150001 events ( 0.41%)
ZtoMM trigger inconsistency
ZtoMM trigger inconsistency
ZtoMM trigger inconsistency
Processed  1160000/ 1438788 entries, 80.62% (elapsed time 10570.7s, curr speed    0.112 kHz, avg speed    0.110 kHz), accepted     4733/ 1160001 events ( 0.41%)
ZtoMM trigger inconsistency
Processed  1170000/ 1438788 entries, 81.32% (elapsed time 10656.4s, curr speed    0.117 kHz, avg speed    0.110 kHz), accepted     4778/ 1170001 events ( 0.41%)
ZtoMM trigger inconsistency
ZtoMM trigger inconsistency
Processed  1180000/ 1438788 entries, 82.01% (elapsed time 10742.3s, curr speed    0.116 kHz, avg speed    0.110 kHz), accepted     4822/ 1180001 events ( 0.41%)
ZtoMM trigger inconsistency
ZtoMM trigger inconsistency
Processed  1190000/ 1438788 entries, 82.71% (elapsed time 10827.9s, curr speed    0.117 kHz, avg speed    0.110 kHz), accepted     4854/ 1190001 events ( 0.41%)
ZtoMM trigger inconsistency
ZtoMM trigger inconsistency
Processed  1200000/ 1438788 entries, 83.40% (elapsed time 10914.5s, curr speed    0.116 kHz, avg speed    0.110 kHz), accepted     4903/ 1200001 events ( 0.41%)
ZtoMM trigger inconsistency
ZtoEE trigger inconsistency
ZtoMM trigger inconsistency
ZtoMM trigger inconsistency
Processed  1210000/ 1438788 entries, 84.10% (elapsed time 11001.7s, curr speed    0.115 kHz, avg speed    0.110 kHz), accepted     4947/ 1210001 events ( 0.41%)
Processed  1220000/ 1438788 entries, 84.79% (elapsed time 11087.0s, curr speed    0.117 kHz, avg speed    0.110 kHz), accepted     4974/ 1220001 events ( 0.41%)
TtoEM trigger inconsistency
Processed  1230000/ 1438788 entries, 85.49% (elapsed time 11179.2s, curr speed    0.108 kHz, avg speed    0.110 kHz), accepted     5025/ 1230001 events ( 0.41%)
ZtoMM trigger inconsistency
Processed  1240000/ 1438788 entries, 86.18% (elapsed time 11274.5s, curr speed    0.105 kHz, avg speed    0.110 kHz), accepted     5062/ 1240001 events ( 0.41%)
ZtoEE trigger inconsistency
Processed  1250000/ 1438788 entries, 86.88% (elapsed time 11370.1s, curr speed    0.105 kHz, avg speed    0.110 kHz), accepted     5103/ 1250001 events ( 0.41%)
Processed  1260000/ 1438788 entries, 87.57% (elapsed time 11466.0s, curr speed    0.104 kHz, avg speed    0.110 kHz), accepted     5156/ 1260001 events ( 0.41%)
ZtoMM trigger inconsistency
ZtoMM trigger inconsistency
ZtoMM trigger inconsistency
ZtoEE trigger inconsistency
Processed  1270000/ 1438788 entries, 88.27% (elapsed time 11556.8s, curr speed    0.110 kHz, avg speed    0.110 kHz), accepted     5193/ 1270001 events ( 0.41%)
ZtoMM trigger inconsistency
Processed  1280000/ 1438788 entries, 88.96% (elapsed time 11642.6s, curr speed    0.117 kHz, avg speed    0.110 kHz), accepted     5224/ 1280001 events ( 0.41%)
ZtoMM trigger inconsistency
ZtoMM trigger inconsistency
ZtoMM trigger inconsistency
Processed  1290000/ 1438788 entries, 89.66% (elapsed time 11728.3s, curr speed    0.117 kHz, avg speed    0.110 kHz), accepted     5270/ 1290001 events ( 0.41%)
TtoEM trigger inconsistency
ZtoMM trigger inconsistency
ZtoMM trigger inconsistency
Processed  1300000/ 1438788 entries, 90.35% (elapsed time 11814.2s, curr speed    0.116 kHz, avg speed    0.110 kHz), accepted     5305/ 1300001 events ( 0.41%)
TtoEM trigger inconsistency
ZtoMM trigger inconsistency
ZtoMM trigger inconsistency
ZtoMM trigger inconsistency
ZtoMM trigger inconsistency
ZtoMM trigger inconsistency
Processed  1310000/ 1438788 entries, 91.05% (elapsed time 11898.7s, curr speed    0.118 kHz, avg speed    0.110 kHz), accepted     5345/ 1310001 events ( 0.41%)
Processed  1320000/ 1438788 entries, 91.74% (elapsed time 11984.2s, curr speed    0.117 kHz, avg speed    0.110 kHz), accepted     5379/ 1320001 events ( 0.41%)
ZtoMM trigger inconsistency
ZtoMM trigger inconsistency
Processed  1330000/ 1438788 entries, 92.44% (elapsed time 12069.3s, curr speed    0.117 kHz, avg speed    0.110 kHz), accepted     5417/ 1330001 events ( 0.41%)
ZtoMM trigger inconsistency
ZtoMM trigger inconsistency
TtoEM trigger inconsistency
ZtoMM trigger inconsistency
ZtoMM trigger inconsistency
Processed  1340000/ 1438788 entries, 93.13% (elapsed time 12154.1s, curr speed    0.118 kHz, avg speed    0.110 kHz), accepted     5459/ 1340001 events ( 0.41%)
ZtoMM trigger inconsistency
ZtoEE trigger inconsistency
Processed  1350000/ 1438788 entries, 93.83% (elapsed time 12240.0s, curr speed    0.116 kHz, avg speed    0.110 kHz), accepted     5493/ 1350001 events ( 0.41%)
ZtoMM trigger inconsistency
Processed  1360000/ 1438788 entries, 94.52% (elapsed time 12325.6s, curr speed    0.117 kHz, avg speed    0.110 kHz), accepted     5528/ 1360001 events ( 0.41%)
TtoEM trigger inconsistency
ZtoMM trigger inconsistency
Processed  1370000/ 1438788 entries, 95.22% (elapsed time 12411.7s, curr speed    0.116 kHz, avg speed    0.110 kHz), accepted     5560/ 1370001 events ( 0.41%)
Bad event
ZtoMM trigger inconsistency
Processed  1380000/ 1438788 entries, 95.91% (elapsed time 12497.1s, curr speed    0.117 kHz, avg speed    0.110 kHz), accepted     5602/ 1380001 events ( 0.41%)
ZtoMM trigger inconsistency
Processed  1390000/ 1438788 entries, 96.61% (elapsed time 12582.5s, curr speed    0.117 kHz, avg speed    0.110 kHz), accepted     5647/ 1390001 events ( 0.41%)
ZtoMM trigger inconsistency
Bad event
Processed  1400000/ 1438788 entries, 97.30% (elapsed time 12667.8s, curr speed    0.117 kHz, avg speed    0.111 kHz), accepted     5686/ 1400001 events ( 0.41%)
ZtoMM trigger inconsistency
ZtoMM trigger inconsistency
ZtoMM trigger inconsistency
ZtoMM trigger inconsistency
ZtoEE trigger inconsistency
Processed  1410000/ 1438788 entries, 98.00% (elapsed time 12754.0s, curr speed    0.116 kHz, avg speed    0.111 kHz), accepted     5732/ 1410001 events ( 0.41%)
ZtoMM trigger inconsistency
ZtoEE trigger inconsistency
ZtoEE trigger inconsistency
ZtoMM trigger inconsistency
Processed  1420000/ 1438788 entries, 98.69% (elapsed time 12839.6s, curr speed    0.117 kHz, avg speed    0.111 kHz), accepted     5786/ 1420001 events ( 0.41%)
ZtoMM trigger inconsistency
ZtoEE trigger inconsistency
Processed  1430000/ 1438788 entries, 99.39% (elapsed time 12924.4s, curr speed    0.118 kHz, avg speed    0.111 kHz), accepted     5821/ 1430001 events ( 0.41%)
TtoEM trigger inconsistency
Processed 1438788 preselected entries from root://cms-xrd-global.cern.ch//store/mc/RunIISummer16NanoAODv6/ZZTo2L2Nu_13TeV_powheg_pythia8_ext1/NANOAODSIM/PUMoriond17_Nano25Oct2019_102X_mcRun2_asymptotic_v7-v1/70000/F5D837DB-095C-A14A-85AC-4E32B03A5411.root (1438788 entries). Finally selected 5855 entries
Done /work/pbaertsc/heavy_resonance/output_2016/ZZTo2L2Nu_13TeV_powheg_pythia8_ext1__RunIISummer16NanoAODv6-PUMoriond17_Nano25Oct2019_102X_mcRun2_asymptotic_v7-v1__NANOAODSIM/F5D837DB-095C-A14A-85AC-4E32B03A5411.root
110.557023634 Hz
deleting root file with name: /work/pbaertsc/heavy_resonance/output_2016/ZZTo2L2Nu_13TeV_powheg_pythia8_ext1__RunIISummer16NanoAODv6-PUMoriond17_Nano25Oct2019_102X_mcRun2_asymptotic_v7-v1__NANOAODSIM/F5D837DB-095C-A14A-85AC-4E32B03A5411.root
DONE
Complete at
Wed Jan 29 02:35:53 CET 2020
