job start at
Tue Jan 28 20:32:43 CET 2020
SLURM_JOB_ID: 422094
HOSTNAME: t3wn54
JOBLIST:joblist/joblist_ZZTo4L_TuneCP5_13TeV_powheg_pythia8__RunIIAutumn18NanoAODv6-Nano25Oct2019_102X_upgrade2018_realistic_v20_ext1-v1__NANOAODSIM_ll.txt
Going to execute
python job.py -i root://cms-xrd-global.cern.ch//store/mc/RunIIAutumn18NanoAODv6/ZZTo4L_TuneCP5_13TeV_powheg_pythia8/NANOAODSIM/Nano25Oct2019_102X_upgrade2018_realistic_v20_ext1-v1/60000/B4860E2C-8B92-454D-BB20-7047E3C08AFB.root -o /work/pbaertsc/heavy_resonance/output_2018/ZZTo4L_TuneCP5_13TeV_powheg_pythia8__RunIIAutumn18NanoAODv6-Nano25Oct2019_102X_upgrade2018_realistic_v20_ext1-v1__NANOAODSIM -N ZZTo4L_TuneCP5_13TeV_powheg_pythia8__RunIIAutumn18NanoAODv6-Nano25Oct2019_102X_upgrade2018_realistic_v20_ext1-v1__NANOAODSIM -n 1 -c ll -y 2018
TClass::Init:0: RuntimeWarning: no dictionary for class ROOT::TIOFeatures is available
/work/pbaertsc/heavy_resonance/CMSSW_9_4_6/python/PhysicsTools/NanoAODTools/postprocessing/framework/treeReaderArrayTools.py:69: RuntimeWarning: creating executor for unknown type "ULong64_t*"
  ret = _vr.Get()[0]
JEC= Autumn18_V19_MC 	 JER= Autumn18_V7_MC
MET branch= PuppiMET
JEC= Autumn18_V19_MC 	 JER= Autumn18_V7_MC
MET branch= PuppiMET
--------------------------------------------------------------------------------
input files  = ['root://cms-xrd-global.cern.ch//store/mc/RunIIAutumn18NanoAODv6/ZZTo4L_TuneCP5_13TeV_powheg_pythia8/NANOAODSIM/Nano25Oct2019_102X_upgrade2018_realistic_v20_ext1-v1/60000/B4860E2C-8B92-454D-BB20-7047E3C08AFB.root']
output directory = /work/pbaertsc/heavy_resonance/output_2018/ZZTo4L_TuneCP5_13TeV_powheg_pythia8__RunIIAutumn18NanoAODv6-Nano25Oct2019_102X_upgrade2018_realistic_v20_ext1-v1__NANOAODSIM
output file  = ZZTo4L_TuneCP5_13TeV_powheg_pythia8__RunIIAutumn18NanoAODv6-Nano25Oct2019_102X_upgrade2018_realistic_v20_ext1-v1__NANOAODSIM_1_ll.root
chunck       = 1
channel      = ll
dataType     = mc
year         = 2018
tes          = 1.0
ltf          = 1.0
jtf          = 1.0
--------------------------------------------------------------------------------
job.py: creating PostProcessor...
TreeProducer is called /work/pbaertsc/heavy_resonance/output_2018/ZZTo4L_TuneCP5_13TeV_powheg_pythia8__RunIIAutumn18NanoAODv6-Nano25Oct2019_102X_upgrade2018_realistic_v20_ext1-v1__NANOAODSIM/ZZTo4L_TuneCP5_13TeV_powheg_pythia8__RunIIAutumn18NanoAODv6-Nano25Oct2019_102X_upgrade2018_realistic_v20_ext1-v1__NANOAODSIM_1_ll.root
job.py: going to run PostProcessor...
Will write selected trees to /work/pbaertsc/heavy_resonance/output_2018/ZZTo4L_TuneCP5_13TeV_powheg_pythia8__RunIIAutumn18NanoAODv6-Nano25Oct2019_102X_upgrade2018_realistic_v20_ext1-v1__NANOAODSIM
Loading jet energy scale (JES) uncertainties from file '/tmp/tmpFlYsGo/Autumn18_V19_MC_Uncertainty_AK4PFchs.txt'
Loading jet energy resolutions (JER) from file '/tmp/tmpFdrhuk/Autumn18_V7_MC_PtResolution_AK4PFchs.txt'
Loading JER scale factors and uncertainties from file '/tmp/tmpFdrhuk/Autumn18_V7_MC_SF_AK4PFchs.txt'
Loading jet energy scale (JES) uncertainties from file '/tmp/tmpzS5rfZ/Autumn18_V19_MC_Uncertainty_AK8PFPuppi.txt'
Loading jet energy resolutions (JER) from file '/tmp/tmpDQoaEy/Autumn18_V7_MC_PtResolution_AK8PFPuppi.txt'
Loading JER scale factors and uncertainties from file '/tmp/tmpDQoaEy/Autumn18_V7_MC_SF_AK8PFPuppi.txt'
Pre-select 1240400 entries out of 1240400 (100.00%)
nanoAODv5? True
ZtoEE trigger inconsistency
Processed    10000/ 1240400 entries,  0.81% (elapsed time   146.7s, curr speed    0.068 kHz, avg speed    0.068 kHz), accepted       24/   10001 events ( 0.24%)
TtoEM trigger inconsistency
TtoEM trigger inconsistency
Processed    20000/ 1240400 entries,  1.61% (elapsed time   274.2s, curr speed    0.078 kHz, avg speed    0.073 kHz), accepted       33/   20001 events ( 0.16%)
Processed    30000/ 1240400 entries,  2.42% (elapsed time   408.7s, curr speed    0.074 kHz, avg speed    0.073 kHz), accepted       53/   30001 events ( 0.18%)
Processed    40000/ 1240400 entries,  3.22% (elapsed time   536.0s, curr speed    0.079 kHz, avg speed    0.075 kHz), accepted       70/   40001 events ( 0.17%)
WARNING: jet m = -0.0 !!
Processed    50000/ 1240400 entries,  4.03% (elapsed time   672.3s, curr speed    0.073 kHz, avg speed    0.074 kHz), accepted       87/   50001 events ( 0.17%)
Processed    60000/ 1240400 entries,  4.84% (elapsed time   803.0s, curr speed    0.077 kHz, avg speed    0.075 kHz), accepted       99/   60001 events ( 0.16%)
ZtoMM trigger inconsistency
Processed    70000/ 1240400 entries,  5.64% (elapsed time   933.2s, curr speed    0.077 kHz, avg speed    0.075 kHz), accepted      115/   70001 events ( 0.16%)
Processed    80000/ 1240400 entries,  6.45% (elapsed time  1068.0s, curr speed    0.074 kHz, avg speed    0.075 kHz), accepted      128/   80001 events ( 0.16%)
Processed    90000/ 1240400 entries,  7.26% (elapsed time  1195.5s, curr speed    0.078 kHz, avg speed    0.075 kHz), accepted      148/   90001 events ( 0.16%)
Processed   100000/ 1240400 entries,  8.06% (elapsed time  1296.6s, curr speed    0.099 kHz, avg speed    0.077 kHz), accepted      159/  100001 events ( 0.16%)
ZtoEE trigger inconsistency
Processed   110000/ 1240400 entries,  8.87% (elapsed time  1382.9s, curr speed    0.116 kHz, avg speed    0.080 kHz), accepted      169/  110001 events ( 0.15%)
ZtoMM trigger inconsistency
Processed   120000/ 1240400 entries,  9.67% (elapsed time  1471.4s, curr speed    0.113 kHz, avg speed    0.082 kHz), accepted      186/  120001 events ( 0.15%)
Processed   130000/ 1240400 entries, 10.48% (elapsed time  1558.7s, curr speed    0.115 kHz, avg speed    0.083 kHz), accepted      203/  130001 events ( 0.16%)
Processed   140000/ 1240400 entries, 11.29% (elapsed time  1644.8s, curr speed    0.116 kHz, avg speed    0.085 kHz), accepted      214/  140001 events ( 0.15%)
Processed   150000/ 1240400 entries, 12.09% (elapsed time  1732.3s, curr speed    0.114 kHz, avg speed    0.087 kHz), accepted      225/  150001 events ( 0.15%)
ZtoMM trigger inconsistency
Processed   160000/ 1240400 entries, 12.90% (elapsed time  1818.5s, curr speed    0.116 kHz, avg speed    0.088 kHz), accepted      237/  160001 events ( 0.15%)
Processed   170000/ 1240400 entries, 13.71% (elapsed time  1906.0s, curr speed    0.114 kHz, avg speed    0.089 kHz), accepted      255/  170001 events ( 0.15%)
TtoEM trigger inconsistency
Processed   180000/ 1240400 entries, 14.51% (elapsed time  1992.3s, curr speed    0.116 kHz, avg speed    0.090 kHz), accepted      272/  180001 events ( 0.15%)
TtoEM trigger inconsistency
Processed   190000/ 1240400 entries, 15.32% (elapsed time  2080.3s, curr speed    0.114 kHz, avg speed    0.091 kHz), accepted      282/  190001 events ( 0.15%)
Processed   200000/ 1240400 entries, 16.12% (elapsed time  2166.2s, curr speed    0.116 kHz, avg speed    0.092 kHz), accepted      290/  200001 events ( 0.14%)
TtoEM trigger inconsistency
Processed   210000/ 1240400 entries, 16.93% (elapsed time  2253.7s, curr speed    0.114 kHz, avg speed    0.093 kHz), accepted      303/  210001 events ( 0.14%)
Processed   220000/ 1240400 entries, 17.74% (elapsed time  2340.9s, curr speed    0.115 kHz, avg speed    0.094 kHz), accepted      314/  220001 events ( 0.14%)
Processed   230000/ 1240400 entries, 18.54% (elapsed time  2428.9s, curr speed    0.114 kHz, avg speed    0.095 kHz), accepted      333/  230001 events ( 0.14%)
Processed   240000/ 1240400 entries, 19.35% (elapsed time  2515.1s, curr speed    0.116 kHz, avg speed    0.095 kHz), accepted      358/  240001 events ( 0.15%)
Processed   250000/ 1240400 entries, 20.15% (elapsed time  2602.9s, curr speed    0.114 kHz, avg speed    0.096 kHz), accepted      372/  250001 events ( 0.15%)
Processed   260000/ 1240400 entries, 20.96% (elapsed time  2689.3s, curr speed    0.116 kHz, avg speed    0.097 kHz), accepted      385/  260001 events ( 0.15%)
Processed   270000/ 1240400 entries, 21.77% (elapsed time  2776.7s, curr speed    0.114 kHz, avg speed    0.097 kHz), accepted      396/  270001 events ( 0.15%)
Processed   280000/ 1240400 entries, 22.57% (elapsed time  2864.3s, curr speed    0.114 kHz, avg speed    0.098 kHz), accepted      410/  280001 events ( 0.15%)
Processed   290000/ 1240400 entries, 23.38% (elapsed time  2951.9s, curr speed    0.114 kHz, avg speed    0.098 kHz), accepted      426/  290001 events ( 0.15%)
ZtoMM trigger inconsistency
Processed   300000/ 1240400 entries, 24.19% (elapsed time  3039.5s, curr speed    0.114 kHz, avg speed    0.099 kHz), accepted      442/  300001 events ( 0.15%)
ZtoMM trigger inconsistency
Processed   310000/ 1240400 entries, 24.99% (elapsed time  3126.0s, curr speed    0.116 kHz, avg speed    0.099 kHz), accepted      460/  310001 events ( 0.15%)
Processed   320000/ 1240400 entries, 25.80% (elapsed time  3213.9s, curr speed    0.114 kHz, avg speed    0.100 kHz), accepted      475/  320001 events ( 0.15%)
Processed   330000/ 1240400 entries, 26.60% (elapsed time  3298.9s, curr speed    0.118 kHz, avg speed    0.100 kHz), accepted      481/  330001 events ( 0.15%)
ZtoMM trigger inconsistency
Processed   340000/ 1240400 entries, 27.41% (elapsed time  3386.3s, curr speed    0.114 kHz, avg speed    0.100 kHz), accepted      498/  340001 events ( 0.15%)
TtoEM trigger inconsistency
Processed   350000/ 1240400 entries, 28.22% (elapsed time  3472.0s, curr speed    0.117 kHz, avg speed    0.101 kHz), accepted      511/  350001 events ( 0.15%)
Processed   360000/ 1240400 entries, 29.02% (elapsed time  3560.6s, curr speed    0.113 kHz, avg speed    0.101 kHz), accepted      525/  360001 events ( 0.15%)
TtoEM trigger inconsistency
Processed   370000/ 1240400 entries, 29.83% (elapsed time  3647.1s, curr speed    0.116 kHz, avg speed    0.101 kHz), accepted      540/  370001 events ( 0.15%)
ZtoMM trigger inconsistency
Processed   380000/ 1240400 entries, 30.64% (elapsed time  3734.6s, curr speed    0.114 kHz, avg speed    0.102 kHz), accepted      559/  380001 events ( 0.15%)
Processed   390000/ 1240400 entries, 31.44% (elapsed time  3820.8s, curr speed    0.116 kHz, avg speed    0.102 kHz), accepted      575/  390001 events ( 0.15%)
TtoEM trigger inconsistency
Processed   400000/ 1240400 entries, 32.25% (elapsed time  3907.1s, curr speed    0.116 kHz, avg speed    0.102 kHz), accepted      586/  400001 events ( 0.15%)
TtoEM trigger inconsistency
Processed   410000/ 1240400 entries, 33.05% (elapsed time  3995.7s, curr speed    0.113 kHz, avg speed    0.103 kHz), accepted      598/  410001 events ( 0.15%)
Processed   420000/ 1240400 entries, 33.86% (elapsed time  4081.5s, curr speed    0.116 kHz, avg speed    0.103 kHz), accepted      613/  420001 events ( 0.15%)
Processed   430000/ 1240400 entries, 34.67% (elapsed time  4168.9s, curr speed    0.114 kHz, avg speed    0.103 kHz), accepted      623/  430001 events ( 0.14%)
ZtoMM trigger inconsistency
Processed   440000/ 1240400 entries, 35.47% (elapsed time  4254.4s, curr speed    0.117 kHz, avg speed    0.103 kHz), accepted      636/  440001 events ( 0.14%)
ZtoEE trigger inconsistency
Processed   450000/ 1240400 entries, 36.28% (elapsed time  4341.7s, curr speed    0.114 kHz, avg speed    0.104 kHz), accepted      644/  450001 events ( 0.14%)
Processed   460000/ 1240400 entries, 37.08% (elapsed time  4426.6s, curr speed    0.118 kHz, avg speed    0.104 kHz), accepted      656/  460001 events ( 0.14%)
Processed   470000/ 1240400 entries, 37.89% (elapsed time  4514.9s, curr speed    0.113 kHz, avg speed    0.104 kHz), accepted      669/  470001 events ( 0.14%)
Processed   480000/ 1240400 entries, 38.70% (elapsed time  4600.3s, curr speed    0.117 kHz, avg speed    0.104 kHz), accepted      679/  480001 events ( 0.14%)
ZtoMM trigger inconsistency
Processed   490000/ 1240400 entries, 39.50% (elapsed time  4687.3s, curr speed    0.115 kHz, avg speed    0.105 kHz), accepted      695/  490001 events ( 0.14%)
Processed   500000/ 1240400 entries, 40.31% (elapsed time  4772.5s, curr speed    0.117 kHz, avg speed    0.105 kHz), accepted      710/  500001 events ( 0.14%)
ZtoMM trigger inconsistency
Processed   510000/ 1240400 entries, 41.12% (elapsed time  4858.4s, curr speed    0.117 kHz, avg speed    0.105 kHz), accepted      725/  510001 events ( 0.14%)
Processed   520000/ 1240400 entries, 41.92% (elapsed time  4943.5s, curr speed    0.117 kHz, avg speed    0.105 kHz), accepted      736/  520001 events ( 0.14%)
ZtoEE trigger inconsistency
Processed   530000/ 1240400 entries, 42.73% (elapsed time  5029.6s, curr speed    0.116 kHz, avg speed    0.105 kHz), accepted      750/  530001 events ( 0.14%)
Processed   540000/ 1240400 entries, 43.53% (elapsed time  5115.5s, curr speed    0.116 kHz, avg speed    0.106 kHz), accepted      768/  540001 events ( 0.14%)
Processed   550000/ 1240400 entries, 44.34% (elapsed time  5200.2s, curr speed    0.118 kHz, avg speed    0.106 kHz), accepted      784/  550001 events ( 0.14%)
ZtoMM trigger inconsistency
Processed   560000/ 1240400 entries, 45.15% (elapsed time  5285.8s, curr speed    0.117 kHz, avg speed    0.106 kHz), accepted      790/  560001 events ( 0.14%)
Processed   570000/ 1240400 entries, 45.95% (elapsed time  5370.6s, curr speed    0.118 kHz, avg speed    0.106 kHz), accepted      805/  570001 events ( 0.14%)
Processed   580000/ 1240400 entries, 46.76% (elapsed time  5457.3s, curr speed    0.115 kHz, avg speed    0.106 kHz), accepted      819/  580001 events ( 0.14%)
Processed   590000/ 1240400 entries, 47.57% (elapsed time  5542.9s, curr speed    0.117 kHz, avg speed    0.106 kHz), accepted      833/  590001 events ( 0.14%)
TtoEM trigger inconsistency
Processed   600000/ 1240400 entries, 48.37% (elapsed time  5630.9s, curr speed    0.114 kHz, avg speed    0.107 kHz), accepted      855/  600001 events ( 0.14%)
Processed   610000/ 1240400 entries, 49.18% (elapsed time  5715.0s, curr speed    0.119 kHz, avg speed    0.107 kHz), accepted      877/  610001 events ( 0.14%)
Processed   620000/ 1240400 entries, 49.98% (elapsed time  5802.1s, curr speed    0.115 kHz, avg speed    0.107 kHz), accepted      895/  620001 events ( 0.14%)
Processed   630000/ 1240400 entries, 50.79% (elapsed time  5887.2s, curr speed    0.118 kHz, avg speed    0.107 kHz), accepted      906/  630001 events ( 0.14%)
Processed   640000/ 1240400 entries, 51.60% (elapsed time  5973.8s, curr speed    0.115 kHz, avg speed    0.107 kHz), accepted      928/  640001 events ( 0.14%)
%MSG-e SimpleJetCorrectionUncertainty: 
 bin variables out of range
%MSG
%MSG-e SimpleJetCorrectionUncertainty: 
 bin variables out of range
%MSG
Processed   650000/ 1240400 entries, 52.40% (elapsed time  6060.4s, curr speed    0.116 kHz, avg speed    0.107 kHz), accepted      952/  650001 events ( 0.15%)
Processed   660000/ 1240400 entries, 53.21% (elapsed time  6145.4s, curr speed    0.118 kHz, avg speed    0.107 kHz), accepted      963/  660001 events ( 0.15%)
TtoEM trigger inconsistency
ZtoMM trigger inconsistency
Processed   670000/ 1240400 entries, 54.01% (elapsed time  6273.3s, curr speed    0.078 kHz, avg speed    0.107 kHz), accepted      980/  670001 events ( 0.15%)
Processed   680000/ 1240400 entries, 54.82% (elapsed time  6379.4s, curr speed    0.094 kHz, avg speed    0.107 kHz), accepted      992/  680001 events ( 0.15%)
Processed   690000/ 1240400 entries, 55.63% (elapsed time  6472.0s, curr speed    0.108 kHz, avg speed    0.107 kHz), accepted     1007/  690001 events ( 0.15%)
Processed   700000/ 1240400 entries, 56.43% (elapsed time  6623.8s, curr speed    0.066 kHz, avg speed    0.106 kHz), accepted     1018/  700001 events ( 0.15%)
Processed   710000/ 1240400 entries, 57.24% (elapsed time  6749.1s, curr speed    0.080 kHz, avg speed    0.105 kHz), accepted     1037/  710001 events ( 0.15%)
Processed   720000/ 1240400 entries, 58.05% (elapsed time  6846.7s, curr speed    0.102 kHz, avg speed    0.105 kHz), accepted     1050/  720001 events ( 0.15%)
TtoEM trigger inconsistency
Processed   730000/ 1240400 entries, 58.85% (elapsed time  6946.9s, curr speed    0.100 kHz, avg speed    0.105 kHz), accepted     1062/  730001 events ( 0.15%)
Processed   740000/ 1240400 entries, 59.66% (elapsed time  7044.3s, curr speed    0.103 kHz, avg speed    0.105 kHz), accepted     1074/  740001 events ( 0.15%)
Processed   750000/ 1240400 entries, 60.46% (elapsed time  7140.1s, curr speed    0.104 kHz, avg speed    0.105 kHz), accepted     1086/  750001 events ( 0.14%)
ZtoMM trigger inconsistency
ZtoMM trigger inconsistency
%MSG-e SimpleJetCorrectionUncertainty: 
 bin variables out of range
%MSG
%MSG-e SimpleJetCorrectionUncertainty: 
 bin variables out of range
%MSG
Processed   760000/ 1240400 entries, 61.27% (elapsed time  7238.0s, curr speed    0.102 kHz, avg speed    0.105 kHz), accepted     1105/  760001 events ( 0.15%)
ZtoMM trigger inconsistency
Processed   770000/ 1240400 entries, 62.08% (elapsed time  7335.8s, curr speed    0.102 kHz, avg speed    0.105 kHz), accepted     1125/  770001 events ( 0.15%)
TtoEM trigger inconsistency
Processed   780000/ 1240400 entries, 62.88% (elapsed time  7426.4s, curr speed    0.110 kHz, avg speed    0.105 kHz), accepted     1144/  780001 events ( 0.15%)
Processed   790000/ 1240400 entries, 63.69% (elapsed time  7516.1s, curr speed    0.112 kHz, avg speed    0.105 kHz), accepted     1161/  790001 events ( 0.15%)
ZtoMM trigger inconsistency
Processed   800000/ 1240400 entries, 64.50% (elapsed time  7606.0s, curr speed    0.111 kHz, avg speed    0.105 kHz), accepted     1177/  800001 events ( 0.15%)
Bad event
Processed   810000/ 1240400 entries, 65.30% (elapsed time  7694.1s, curr speed    0.113 kHz, avg speed    0.105 kHz), accepted     1192/  810001 events ( 0.15%)
ZtoMM trigger inconsistency
Processed   820000/ 1240400 entries, 66.11% (elapsed time  7784.7s, curr speed    0.110 kHz, avg speed    0.105 kHz), accepted     1207/  820001 events ( 0.15%)
ZtoMM trigger inconsistency
Processed   830000/ 1240400 entries, 66.91% (elapsed time  7874.7s, curr speed    0.111 kHz, avg speed    0.105 kHz), accepted     1219/  830001 events ( 0.15%)
TtoEM trigger inconsistency
Processed   840000/ 1240400 entries, 67.72% (elapsed time  7967.3s, curr speed    0.108 kHz, avg speed    0.105 kHz), accepted     1236/  840001 events ( 0.15%)
Processed   850000/ 1240400 entries, 68.53% (elapsed time  8056.1s, curr speed    0.113 kHz, avg speed    0.106 kHz), accepted     1245/  850001 events ( 0.15%)
Processed   860000/ 1240400 entries, 69.33% (elapsed time  8148.0s, curr speed    0.109 kHz, avg speed    0.106 kHz), accepted     1261/  860001 events ( 0.15%)
ZtoEE trigger inconsistency
TtoEM trigger inconsistency
Processed   870000/ 1240400 entries, 70.14% (elapsed time  8278.7s, curr speed    0.077 kHz, avg speed    0.105 kHz), accepted     1271/  870001 events ( 0.15%)
Processed   880000/ 1240400 entries, 70.94% (elapsed time  8365.8s, curr speed    0.115 kHz, avg speed    0.105 kHz), accepted     1286/  880001 events ( 0.15%)
Processed   890000/ 1240400 entries, 71.75% (elapsed time  8451.4s, curr speed    0.117 kHz, avg speed    0.105 kHz), accepted     1297/  890001 events ( 0.15%)
Processed   900000/ 1240400 entries, 72.56% (elapsed time  8538.6s, curr speed    0.115 kHz, avg speed    0.105 kHz), accepted     1318/  900001 events ( 0.15%)
TtoEM trigger inconsistency
Processed   910000/ 1240400 entries, 73.36% (elapsed time  8623.9s, curr speed    0.117 kHz, avg speed    0.106 kHz), accepted     1341/  910001 events ( 0.15%)
TtoEM trigger inconsistency
ZtoMM trigger inconsistency
Processed   920000/ 1240400 entries, 74.17% (elapsed time  8709.7s, curr speed    0.117 kHz, avg speed    0.106 kHz), accepted     1354/  920001 events ( 0.15%)
TtoEM trigger inconsistency
Processed   930000/ 1240400 entries, 74.98% (elapsed time  8795.6s, curr speed    0.116 kHz, avg speed    0.106 kHz), accepted     1369/  930001 events ( 0.15%)
Processed   940000/ 1240400 entries, 75.78% (elapsed time  8881.2s, curr speed    0.117 kHz, avg speed    0.106 kHz), accepted     1381/  940001 events ( 0.15%)
ZtoMM trigger inconsistency
ZtoMM trigger inconsistency
Processed   950000/ 1240400 entries, 76.59% (elapsed time  8967.8s, curr speed    0.116 kHz, avg speed    0.106 kHz), accepted     1395/  950001 events ( 0.15%)
ZtoMM trigger inconsistency
Processed   960000/ 1240400 entries, 77.39% (elapsed time  9052.6s, curr speed    0.118 kHz, avg speed    0.106 kHz), accepted     1409/  960001 events ( 0.15%)
Processed   970000/ 1240400 entries, 78.20% (elapsed time  9138.8s, curr speed    0.116 kHz, avg speed    0.106 kHz), accepted     1422/  970001 events ( 0.15%)
TtoEM trigger inconsistency
Processed   980000/ 1240400 entries, 79.01% (elapsed time  9223.3s, curr speed    0.118 kHz, avg speed    0.106 kHz), accepted     1437/  980001 events ( 0.15%)
ZtoEE trigger inconsistency
Processed   990000/ 1240400 entries, 79.81% (elapsed time  9309.9s, curr speed    0.115 kHz, avg speed    0.106 kHz), accepted     1451/  990001 events ( 0.15%)
Processed  1000000/ 1240400 entries, 80.62% (elapsed time  9394.8s, curr speed    0.118 kHz, avg speed    0.106 kHz), accepted     1461/ 1000001 events ( 0.15%)
Processed  1010000/ 1240400 entries, 81.43% (elapsed time  9482.4s, curr speed    0.114 kHz, avg speed    0.107 kHz), accepted     1479/ 1010001 events ( 0.15%)
Processed  1020000/ 1240400 entries, 82.23% (elapsed time  9567.1s, curr speed    0.118 kHz, avg speed    0.107 kHz), accepted     1497/ 1020001 events ( 0.15%)
TtoEM trigger inconsistency
Processed  1030000/ 1240400 entries, 83.04% (elapsed time  9653.0s, curr speed    0.116 kHz, avg speed    0.107 kHz), accepted     1515/ 1030001 events ( 0.15%)
Processed  1040000/ 1240400 entries, 83.84% (elapsed time  9737.0s, curr speed    0.119 kHz, avg speed    0.107 kHz), accepted     1533/ 1040001 events ( 0.15%)
Processed  1050000/ 1240400 entries, 84.65% (elapsed time  9822.3s, curr speed    0.117 kHz, avg speed    0.107 kHz), accepted     1544/ 1050001 events ( 0.15%)
Processed  1060000/ 1240400 entries, 85.46% (elapsed time  9908.5s, curr speed    0.116 kHz, avg speed    0.107 kHz), accepted     1557/ 1060001 events ( 0.15%)
Processed  1070000/ 1240400 entries, 86.26% (elapsed time  9992.4s, curr speed    0.119 kHz, avg speed    0.107 kHz), accepted     1570/ 1070001 events ( 0.15%)
TtoEM trigger inconsistency
Processed  1080000/ 1240400 entries, 87.07% (elapsed time 10077.4s, curr speed    0.118 kHz, avg speed    0.107 kHz), accepted     1589/ 1080001 events ( 0.15%)
Processed  1090000/ 1240400 entries, 87.87% (elapsed time 10162.6s, curr speed    0.117 kHz, avg speed    0.107 kHz), accepted     1605/ 1090001 events ( 0.15%)
Processed  1100000/ 1240400 entries, 88.68% (elapsed time 10248.3s, curr speed    0.117 kHz, avg speed    0.107 kHz), accepted     1614/ 1100001 events ( 0.15%)
Processed  1110000/ 1240400 entries, 89.49% (elapsed time 10332.6s, curr speed    0.119 kHz, avg speed    0.107 kHz), accepted     1629/ 1110001 events ( 0.15%)
TtoEM trigger inconsistency
Processed  1120000/ 1240400 entries, 90.29% (elapsed time 10418.4s, curr speed    0.116 kHz, avg speed    0.108 kHz), accepted     1647/ 1120001 events ( 0.15%)
Processed  1130000/ 1240400 entries, 91.10% (elapsed time 10502.8s, curr speed    0.119 kHz, avg speed    0.108 kHz), accepted     1668/ 1130001 events ( 0.15%)
Processed  1140000/ 1240400 entries, 91.91% (elapsed time 10587.2s, curr speed    0.118 kHz, avg speed    0.108 kHz), accepted     1684/ 1140001 events ( 0.15%)
Processed  1150000/ 1240400 entries, 92.71% (elapsed time 10671.0s, curr speed    0.119 kHz, avg speed    0.108 kHz), accepted     1693/ 1150001 events ( 0.15%)
ZtoMM trigger inconsistency
Processed  1160000/ 1240400 entries, 93.52% (elapsed time 10755.3s, curr speed    0.119 kHz, avg speed    0.108 kHz), accepted     1708/ 1160001 events ( 0.15%)
Processed  1170000/ 1240400 entries, 94.32% (elapsed time 10838.9s, curr speed    0.120 kHz, avg speed    0.108 kHz), accepted     1716/ 1170001 events ( 0.15%)
Processed  1180000/ 1240400 entries, 95.13% (elapsed time 10925.1s, curr speed    0.116 kHz, avg speed    0.108 kHz), accepted     1726/ 1180001 events ( 0.15%)
ZtoMM trigger inconsistency
Processed  1190000/ 1240400 entries, 95.94% (elapsed time 11010.9s, curr speed    0.117 kHz, avg speed    0.108 kHz), accepted     1750/ 1190001 events ( 0.15%)
ZtoMM trigger inconsistency
Processed  1200000/ 1240400 entries, 96.74% (elapsed time 11094.3s, curr speed    0.120 kHz, avg speed    0.108 kHz), accepted     1763/ 1200001 events ( 0.15%)
Processed  1210000/ 1240400 entries, 97.55% (elapsed time 11180.4s, curr speed    0.116 kHz, avg speed    0.108 kHz), accepted     1778/ 1210001 events ( 0.15%)
TtoEM trigger inconsistency
Processed  1220000/ 1240400 entries, 98.36% (elapsed time 11264.3s, curr speed    0.119 kHz, avg speed    0.108 kHz), accepted     1796/ 1220001 events ( 0.15%)
%MSG-e SimpleJetCorrectionUncertainty: 
 bin variables out of range
%MSG
%MSG-e SimpleJetCorrectionUncertainty: 
 bin variables out of range
%MSG
TtoEM trigger inconsistency
Processed  1230000/ 1240400 entries, 99.16% (elapsed time 11348.2s, curr speed    0.119 kHz, avg speed    0.108 kHz), accepted     1816/ 1230001 events ( 0.15%)
Processed  1240000/ 1240400 entries, 99.97% (elapsed time 11431.7s, curr speed    0.120 kHz, avg speed    0.108 kHz), accepted     1829/ 1240001 events ( 0.15%)
Processed 1240400 preselected entries from root://cms-xrd-global.cern.ch//store/mc/RunIIAutumn18NanoAODv6/ZZTo4L_TuneCP5_13TeV_powheg_pythia8/NANOAODSIM/Nano25Oct2019_102X_upgrade2018_realistic_v20_ext1-v1/60000/B4860E2C-8B92-454D-BB20-7047E3C08AFB.root (1240400 entries). Finally selected 1829 entries
Done /work/pbaertsc/heavy_resonance/output_2018/ZZTo4L_TuneCP5_13TeV_powheg_pythia8__RunIIAutumn18NanoAODv6-Nano25Oct2019_102X_upgrade2018_realistic_v20_ext1-v1__NANOAODSIM/B4860E2C-8B92-454D-BB20-7047E3C08AFB.root
108.415864517 Hz
deleting root file with name: /work/pbaertsc/heavy_resonance/output_2018/ZZTo4L_TuneCP5_13TeV_powheg_pythia8__RunIIAutumn18NanoAODv6-Nano25Oct2019_102X_upgrade2018_realistic_v20_ext1-v1__NANOAODSIM/B4860E2C-8B92-454D-BB20-7047E3C08AFB.root
DONE
Complete at
Wed Jan 29 01:20:42 CET 2020
