job start at
Tue Jan 28 22:44:33 CET 2020
SLURM_JOB_ID: 422480
HOSTNAME: t3wn47
JOBLIST:joblist/joblist_WplusH_HToBB_WToLNu_M125_13TeV_powheg_pythia8__RunIISummer16NanoAODv6-PUMoriond17_Nano25Oct2019_102X_mcRun2_asymptotic_v7_ext1-v1__NANOAODSIM_ll.txt
Going to execute
python job.py -i root://cms-xrd-global.cern.ch//store/mc/RunIISummer16NanoAODv6/WplusH_HToBB_WToLNu_M125_13TeV_powheg_pythia8/NANOAODSIM/PUMoriond17_Nano25Oct2019_102X_mcRun2_asymptotic_v7_ext1-v1/270000/81898BB8-8405-F247-87F3-AB89624B0445.root -o /work/pbaertsc/heavy_resonance/output_2016/WplusH_HToBB_WToLNu_M125_13TeV_powheg_pythia8__RunIISummer16NanoAODv6-PUMoriond17_Nano25Oct2019_102X_mcRun2_asymptotic_v7_ext1-v1__NANOAODSIM -N WplusH_HToBB_WToLNu_M125_13TeV_powheg_pythia8__RunIISummer16NanoAODv6-PUMoriond17_Nano25Oct2019_102X_mcRun2_asymptotic_v7_ext1-v1__NANOAODSIM -n 0 -c ll -y 2016
TClass::Init:0: RuntimeWarning: no dictionary for class ROOT::TIOFeatures is available
/work/pbaertsc/heavy_resonance/CMSSW_9_4_6/python/PhysicsTools/NanoAODTools/postprocessing/framework/treeReaderArrayTools.py:69: RuntimeWarning: creating executor for unknown type "ULong64_t*"
  ret = _vr.Get()[0]
JEC= Summer16_07Aug2017_V11_MC 	 JER= Summer16_25nsV1_MC
MET branch= PuppiMET
JEC= Summer16_07Aug2017_V11_MC 	 JER= Summer16_25nsV1_MC
MET branch= PuppiMET
--------------------------------------------------------------------------------
input files  = ['root://cms-xrd-global.cern.ch//store/mc/RunIISummer16NanoAODv6/WplusH_HToBB_WToLNu_M125_13TeV_powheg_pythia8/NANOAODSIM/PUMoriond17_Nano25Oct2019_102X_mcRun2_asymptotic_v7_ext1-v1/270000/81898BB8-8405-F247-87F3-AB89624B0445.root']
output directory = /work/pbaertsc/heavy_resonance/output_2016/WplusH_HToBB_WToLNu_M125_13TeV_powheg_pythia8__RunIISummer16NanoAODv6-PUMoriond17_Nano25Oct2019_102X_mcRun2_asymptotic_v7_ext1-v1__NANOAODSIM
output file  = WplusH_HToBB_WToLNu_M125_13TeV_powheg_pythia8__RunIISummer16NanoAODv6-PUMoriond17_Nano25Oct2019_102X_mcRun2_asymptotic_v7_ext1-v1__NANOAODSIM_0_ll.root
chunck       = 0
channel      = ll
dataType     = mc
year         = 2016
tes          = 1.0
ltf          = 1.0
jtf          = 1.0
--------------------------------------------------------------------------------
job.py: creating PostProcessor...
TreeProducer is called /work/pbaertsc/heavy_resonance/output_2016/WplusH_HToBB_WToLNu_M125_13TeV_powheg_pythia8__RunIISummer16NanoAODv6-PUMoriond17_Nano25Oct2019_102X_mcRun2_asymptotic_v7_ext1-v1__NANOAODSIM/WplusH_HToBB_WToLNu_M125_13TeV_powheg_pythia8__RunIISummer16NanoAODv6-PUMoriond17_Nano25Oct2019_102X_mcRun2_asymptotic_v7_ext1-v1__NANOAODSIM_0_ll.root
job.py: going to run PostProcessor...
Will write selected trees to /work/pbaertsc/heavy_resonance/output_2016/WplusH_HToBB_WToLNu_M125_13TeV_powheg_pythia8__RunIISummer16NanoAODv6-PUMoriond17_Nano25Oct2019_102X_mcRun2_asymptotic_v7_ext1-v1__NANOAODSIM
Loading jet energy scale (JES) uncertainties from file '/tmp/tmpCIuzMV/Summer16_07Aug2017_V11_MC_Uncertainty_AK4PFchs.txt'
Loading jet energy resolutions (JER) from file '/tmp/tmpR9VHMx/Summer16_25nsV1_MC_PtResolution_AK4PFchs.txt'
Loading JER scale factors and uncertainties from file '/tmp/tmpR9VHMx/Summer16_25nsV1_MC_SF_AK4PFchs.txt'
Loading jet energy scale (JES) uncertainties from file '/tmp/tmpL89boK/Summer16_07Aug2017_V11_MC_Uncertainty_AK8PFPuppi.txt'
Loading jet energy resolutions (JER) from file '/tmp/tmpMfB6mR/Summer16_25nsV1_MC_PtResolution_AK8PFPuppi.txt'
Loading JER scale factors and uncertainties from file '/tmp/tmpMfB6mR/Summer16_25nsV1_MC_SF_AK8PFPuppi.txt'
Pre-select 894836 entries out of 894836 (100.00%)
nanoAODv5? True
Bad event
Processed    10000/  894836 entries,  1.12% (elapsed time   324.4s, curr speed    0.031 kHz, avg speed    0.031 kHz), accepted       35/   10001 events ( 0.35%)
Processed    20000/  894836 entries,  2.24% (elapsed time   635.5s, curr speed    0.032 kHz, avg speed    0.031 kHz), accepted       71/   20001 events ( 0.35%)
Bad event
Bad event
Bad event
Processed    30000/  894836 entries,  3.35% (elapsed time   945.4s, curr speed    0.032 kHz, avg speed    0.032 kHz), accepted      108/   30001 events ( 0.36%)
Processed    40000/  894836 entries,  4.47% (elapsed time  1254.0s, curr speed    0.032 kHz, avg speed    0.032 kHz), accepted      132/   40001 events ( 0.33%)
Bad event
Processed    50000/  894836 entries,  5.59% (elapsed time  1537.5s, curr speed    0.035 kHz, avg speed    0.033 kHz), accepted      162/   50001 events ( 0.32%)
Bad event
Processed    60000/  894836 entries,  6.71% (elapsed time  1782.2s, curr speed    0.041 kHz, avg speed    0.034 kHz), accepted      188/   60001 events ( 0.31%)
Processed    70000/  894836 entries,  7.82% (elapsed time  2023.7s, curr speed    0.041 kHz, avg speed    0.035 kHz), accepted      220/   70001 events ( 0.31%)
Processed    80000/  894836 entries,  8.94% (elapsed time  2262.9s, curr speed    0.042 kHz, avg speed    0.035 kHz), accepted      267/   80001 events ( 0.33%)
Bad event
Bad event
Processed    90000/  894836 entries, 10.06% (elapsed time  2504.9s, curr speed    0.041 kHz, avg speed    0.036 kHz), accepted      299/   90001 events ( 0.33%)
Processed   100000/  894836 entries, 11.18% (elapsed time  2746.1s, curr speed    0.041 kHz, avg speed    0.036 kHz), accepted      330/  100001 events ( 0.33%)
TtoEM trigger inconsistency
Processed   110000/  894836 entries, 12.29% (elapsed time  2993.9s, curr speed    0.040 kHz, avg speed    0.037 kHz), accepted      364/  110001 events ( 0.33%)
Processed   120000/  894836 entries, 13.41% (elapsed time  3219.1s, curr speed    0.044 kHz, avg speed    0.037 kHz), accepted      401/  120001 events ( 0.33%)
Bad event
Processed   130000/  894836 entries, 14.53% (elapsed time  3443.5s, curr speed    0.045 kHz, avg speed    0.038 kHz), accepted      429/  130001 events ( 0.33%)
Processed   140000/  894836 entries, 15.65% (elapsed time  3669.9s, curr speed    0.044 kHz, avg speed    0.038 kHz), accepted      471/  140001 events ( 0.34%)
Processed   150000/  894836 entries, 16.76% (elapsed time  3895.9s, curr speed    0.044 kHz, avg speed    0.039 kHz), accepted      496/  150001 events ( 0.33%)
Processed   160000/  894836 entries, 17.88% (elapsed time  4122.3s, curr speed    0.044 kHz, avg speed    0.039 kHz), accepted      533/  160001 events ( 0.33%)
Processed   170000/  894836 entries, 19.00% (elapsed time  4348.5s, curr speed    0.044 kHz, avg speed    0.039 kHz), accepted      571/  170001 events ( 0.34%)
Processed   180000/  894836 entries, 20.12% (elapsed time  4573.2s, curr speed    0.044 kHz, avg speed    0.039 kHz), accepted      602/  180001 events ( 0.33%)
Processed   190000/  894836 entries, 21.23% (elapsed time  4798.5s, curr speed    0.044 kHz, avg speed    0.040 kHz), accepted      629/  190001 events ( 0.33%)
Processed   200000/  894836 entries, 22.35% (elapsed time  5024.5s, curr speed    0.044 kHz, avg speed    0.040 kHz), accepted      660/  200001 events ( 0.33%)
Bad event
Bad event
Processed   210000/  894836 entries, 23.47% (elapsed time  5248.1s, curr speed    0.045 kHz, avg speed    0.040 kHz), accepted      692/  210001 events ( 0.33%)
Processed   220000/  894836 entries, 24.59% (elapsed time  5473.3s, curr speed    0.044 kHz, avg speed    0.040 kHz), accepted      752/  220001 events ( 0.34%)
Bad event
Processed   230000/  894836 entries, 25.70% (elapsed time  5700.1s, curr speed    0.044 kHz, avg speed    0.040 kHz), accepted      780/  230001 events ( 0.34%)
Processed   240000/  894836 entries, 26.82% (elapsed time  5927.8s, curr speed    0.044 kHz, avg speed    0.040 kHz), accepted      819/  240001 events ( 0.34%)
Processed   250000/  894836 entries, 27.94% (elapsed time  6206.4s, curr speed    0.036 kHz, avg speed    0.040 kHz), accepted      854/  250001 events ( 0.34%)
TtoEM trigger inconsistency
Processed   260000/  894836 entries, 29.06% (elapsed time  6467.3s, curr speed    0.038 kHz, avg speed    0.040 kHz), accepted      884/  260001 events ( 0.34%)
Processed   270000/  894836 entries, 30.17% (elapsed time  6695.3s, curr speed    0.044 kHz, avg speed    0.040 kHz), accepted      917/  270001 events ( 0.34%)
Processed   280000/  894836 entries, 31.29% (elapsed time  7025.3s, curr speed    0.030 kHz, avg speed    0.040 kHz), accepted      955/  280001 events ( 0.34%)
Processed   290000/  894836 entries, 32.41% (elapsed time  7324.5s, curr speed    0.033 kHz, avg speed    0.040 kHz), accepted      981/  290001 events ( 0.34%)
TtoEM trigger inconsistency
Processed   300000/  894836 entries, 33.53% (elapsed time  7551.5s, curr speed    0.044 kHz, avg speed    0.040 kHz), accepted     1009/  300001 events ( 0.34%)
Bad event
Processed   310000/  894836 entries, 34.64% (elapsed time  7778.9s, curr speed    0.044 kHz, avg speed    0.040 kHz), accepted     1044/  310001 events ( 0.34%)
Processed   320000/  894836 entries, 35.76% (elapsed time  8005.5s, curr speed    0.044 kHz, avg speed    0.040 kHz), accepted     1083/  320001 events ( 0.34%)
Processed   330000/  894836 entries, 36.88% (elapsed time  8232.0s, curr speed    0.044 kHz, avg speed    0.040 kHz), accepted     1115/  330001 events ( 0.34%)
Bad event
Processed   340000/  894836 entries, 38.00% (elapsed time  8458.9s, curr speed    0.044 kHz, avg speed    0.040 kHz), accepted     1150/  340001 events ( 0.34%)
Processed   350000/  894836 entries, 39.11% (elapsed time  8684.0s, curr speed    0.044 kHz, avg speed    0.040 kHz), accepted     1189/  350001 events ( 0.34%)
Processed   360000/  894836 entries, 40.23% (elapsed time  8906.9s, curr speed    0.045 kHz, avg speed    0.040 kHz), accepted     1223/  360001 events ( 0.34%)
Processed   370000/  894836 entries, 41.35% (elapsed time  9132.6s, curr speed    0.044 kHz, avg speed    0.041 kHz), accepted     1255/  370001 events ( 0.34%)
Processed   380000/  894836 entries, 42.47% (elapsed time  9357.6s, curr speed    0.044 kHz, avg speed    0.041 kHz), accepted     1284/  380001 events ( 0.34%)
Bad event
Processed   390000/  894836 entries, 43.58% (elapsed time  9582.1s, curr speed    0.045 kHz, avg speed    0.041 kHz), accepted     1313/  390001 events ( 0.34%)
Processed   400000/  894836 entries, 44.70% (elapsed time  9807.8s, curr speed    0.044 kHz, avg speed    0.041 kHz), accepted     1347/  400001 events ( 0.34%)
Bad event
Processed   410000/  894836 entries, 45.82% (elapsed time 10032.7s, curr speed    0.044 kHz, avg speed    0.041 kHz), accepted     1386/  410001 events ( 0.34%)
Processed   420000/  894836 entries, 46.94% (elapsed time 10258.5s, curr speed    0.044 kHz, avg speed    0.041 kHz), accepted     1414/  420001 events ( 0.34%)
Processed   430000/  894836 entries, 48.05% (elapsed time 10484.9s, curr speed    0.044 kHz, avg speed    0.041 kHz), accepted     1452/  430001 events ( 0.34%)
Bad event
Processed   440000/  894836 entries, 49.17% (elapsed time 10708.8s, curr speed    0.045 kHz, avg speed    0.041 kHz), accepted     1492/  440001 events ( 0.34%)
Processed   450000/  894836 entries, 50.29% (elapsed time 10933.7s, curr speed    0.044 kHz, avg speed    0.041 kHz), accepted     1522/  450001 events ( 0.34%)
Processed   460000/  894836 entries, 51.41% (elapsed time 11159.6s, curr speed    0.044 kHz, avg speed    0.041 kHz), accepted     1557/  460001 events ( 0.34%)
Bad event
Processed   470000/  894836 entries, 52.52% (elapsed time 11386.1s, curr speed    0.044 kHz, avg speed    0.041 kHz), accepted     1589/  470001 events ( 0.34%)
Bad event
Bad event
Processed   480000/  894836 entries, 53.64% (elapsed time 11612.3s, curr speed    0.044 kHz, avg speed    0.041 kHz), accepted     1622/  480001 events ( 0.34%)
Processed   490000/  894836 entries, 54.76% (elapsed time 11836.8s, curr speed    0.045 kHz, avg speed    0.041 kHz), accepted     1651/  490001 events ( 0.34%)
Processed   500000/  894836 entries, 55.88% (elapsed time 12063.8s, curr speed    0.044 kHz, avg speed    0.041 kHz), accepted     1688/  500001 events ( 0.34%)
Bad event
Processed   510000/  894836 entries, 56.99% (elapsed time 12289.7s, curr speed    0.044 kHz, avg speed    0.041 kHz), accepted     1718/  510001 events ( 0.34%)
Bad event
Processed   520000/  894836 entries, 58.11% (elapsed time 12514.1s, curr speed    0.045 kHz, avg speed    0.042 kHz), accepted     1744/  520001 events ( 0.34%)
Processed   530000/  894836 entries, 59.23% (elapsed time 12738.7s, curr speed    0.045 kHz, avg speed    0.042 kHz), accepted     1775/  530001 events ( 0.33%)
Bad event
Bad event
Processed   540000/  894836 entries, 60.35% (elapsed time 12966.0s, curr speed    0.044 kHz, avg speed    0.042 kHz), accepted     1815/  540001 events ( 0.34%)
Processed   550000/  894836 entries, 61.46% (elapsed time 13190.1s, curr speed    0.045 kHz, avg speed    0.042 kHz), accepted     1849/  550001 events ( 0.34%)
Processed   560000/  894836 entries, 62.58% (elapsed time 13417.0s, curr speed    0.044 kHz, avg speed    0.042 kHz), accepted     1880/  560001 events ( 0.34%)
Processed   570000/  894836 entries, 63.70% (elapsed time 13640.1s, curr speed    0.045 kHz, avg speed    0.042 kHz), accepted     1917/  570001 events ( 0.34%)
Bad event
TtoEM trigger inconsistency
Processed   580000/  894836 entries, 64.82% (elapsed time 13865.8s, curr speed    0.044 kHz, avg speed    0.042 kHz), accepted     1957/  580001 events ( 0.34%)
Bad event
Bad event
Processed   590000/  894836 entries, 65.93% (elapsed time 14092.1s, curr speed    0.044 kHz, avg speed    0.042 kHz), accepted     1991/  590001 events ( 0.34%)
Bad event
Processed   600000/  894836 entries, 67.05% (elapsed time 14317.3s, curr speed    0.044 kHz, avg speed    0.042 kHz), accepted     2033/  600001 events ( 0.34%)
Processed   610000/  894836 entries, 68.17% (elapsed time 14543.1s, curr speed    0.044 kHz, avg speed    0.042 kHz), accepted     2071/  610001 events ( 0.34%)
Processed   620000/  894836 entries, 69.29% (elapsed time 14766.7s, curr speed    0.045 kHz, avg speed    0.042 kHz), accepted     2089/  620001 events ( 0.34%)
Processed   630000/  894836 entries, 70.40% (elapsed time 14990.1s, curr speed    0.045 kHz, avg speed    0.042 kHz), accepted     2124/  630001 events ( 0.34%)
Processed   640000/  894836 entries, 71.52% (elapsed time 15214.0s, curr speed    0.045 kHz, avg speed    0.042 kHz), accepted     2155/  640001 events ( 0.34%)
Processed   650000/  894836 entries, 72.64% (elapsed time 15441.3s, curr speed    0.044 kHz, avg speed    0.042 kHz), accepted     2188/  650001 events ( 0.34%)
Bad event
Bad event
Processed   660000/  894836 entries, 73.76% (elapsed time 15665.7s, curr speed    0.045 kHz, avg speed    0.042 kHz), accepted     2216/  660001 events ( 0.34%)
Bad event
Processed   670000/  894836 entries, 74.87% (elapsed time 15890.0s, curr speed    0.045 kHz, avg speed    0.042 kHz), accepted     2260/  670001 events ( 0.34%)
Processed   680000/  894836 entries, 75.99% (elapsed time 16116.8s, curr speed    0.044 kHz, avg speed    0.042 kHz), accepted     2292/  680001 events ( 0.34%)
Processed   690000/  894836 entries, 77.11% (elapsed time 16342.2s, curr speed    0.044 kHz, avg speed    0.042 kHz), accepted     2320/  690001 events ( 0.34%)
Processed   700000/  894836 entries, 78.23% (elapsed time 16568.9s, curr speed    0.044 kHz, avg speed    0.042 kHz), accepted     2348/  700001 events ( 0.34%)
Bad event
Processed   710000/  894836 entries, 79.34% (elapsed time 16793.5s, curr speed    0.045 kHz, avg speed    0.042 kHz), accepted     2373/  710001 events ( 0.33%)
Processed   720000/  894836 entries, 80.46% (elapsed time 17018.9s, curr speed    0.044 kHz, avg speed    0.042 kHz), accepted     2401/  720001 events ( 0.33%)
Processed   730000/  894836 entries, 81.58% (elapsed time 17243.5s, curr speed    0.045 kHz, avg speed    0.042 kHz), accepted     2439/  730001 events ( 0.33%)
Bad event
Processed   740000/  894836 entries, 82.70% (elapsed time 17465.1s, curr speed    0.045 kHz, avg speed    0.042 kHz), accepted     2470/  740001 events ( 0.33%)
Bad event
Processed   750000/  894836 entries, 83.81% (elapsed time 17680.2s, curr speed    0.046 kHz, avg speed    0.042 kHz), accepted     2494/  750001 events ( 0.33%)
Processed   760000/  894836 entries, 84.93% (elapsed time 17895.8s, curr speed    0.046 kHz, avg speed    0.042 kHz), accepted     2527/  760001 events ( 0.33%)
Processed   770000/  894836 entries, 86.05% (elapsed time 18111.5s, curr speed    0.046 kHz, avg speed    0.043 kHz), accepted     2576/  770001 events ( 0.33%)
Processed   780000/  894836 entries, 87.17% (elapsed time 18327.2s, curr speed    0.046 kHz, avg speed    0.043 kHz), accepted     2608/  780001 events ( 0.33%)
Processed   790000/  894836 entries, 88.28% (elapsed time 18541.8s, curr speed    0.047 kHz, avg speed    0.043 kHz), accepted     2640/  790001 events ( 0.33%)
Processed   800000/  894836 entries, 89.40% (elapsed time 18757.8s, curr speed    0.046 kHz, avg speed    0.043 kHz), accepted     2671/  800001 events ( 0.33%)
Bad event
Processed   810000/  894836 entries, 90.52% (elapsed time 18972.7s, curr speed    0.047 kHz, avg speed    0.043 kHz), accepted     2701/  810001 events ( 0.33%)
Processed   820000/  894836 entries, 91.64% (elapsed time 19187.5s, curr speed    0.047 kHz, avg speed    0.043 kHz), accepted     2731/  820001 events ( 0.33%)
Processed   830000/  894836 entries, 92.75% (elapsed time 19403.1s, curr speed    0.046 kHz, avg speed    0.043 kHz), accepted     2762/  830001 events ( 0.33%)
TtoEM trigger inconsistency
Processed   840000/  894836 entries, 93.87% (elapsed time 19617.2s, curr speed    0.047 kHz, avg speed    0.043 kHz), accepted     2792/  840001 events ( 0.33%)
TtoEM trigger inconsistency
Processed   850000/  894836 entries, 94.99% (elapsed time 19831.7s, curr speed    0.047 kHz, avg speed    0.043 kHz), accepted     2824/  850001 events ( 0.33%)
Processed   860000/  894836 entries, 96.11% (elapsed time 20046.5s, curr speed    0.047 kHz, avg speed    0.043 kHz), accepted     2862/  860001 events ( 0.33%)
Processed   870000/  894836 entries, 97.22% (elapsed time 20260.8s, curr speed    0.047 kHz, avg speed    0.043 kHz), accepted     2892/  870001 events ( 0.33%)
Processed   880000/  894836 entries, 98.34% (elapsed time 20476.0s, curr speed    0.046 kHz, avg speed    0.043 kHz), accepted     2912/  880001 events ( 0.33%)
Bad event
Processed   890000/  894836 entries, 99.46% (elapsed time 20690.9s, curr speed    0.047 kHz, avg speed    0.043 kHz), accepted     2935/  890001 events ( 0.33%)
Processed 894836 preselected entries from root://cms-xrd-global.cern.ch//store/mc/RunIISummer16NanoAODv6/WplusH_HToBB_WToLNu_M125_13TeV_powheg_pythia8/NANOAODSIM/PUMoriond17_Nano25Oct2019_102X_mcRun2_asymptotic_v7_ext1-v1/270000/81898BB8-8405-F247-87F3-AB89624B0445.root (894836 entries). Finally selected 2952 entries
Done /work/pbaertsc/heavy_resonance/output_2016/WplusH_HToBB_WToLNu_M125_13TeV_powheg_pythia8__RunIISummer16NanoAODv6-PUMoriond17_Nano25Oct2019_102X_mcRun2_asymptotic_v7_ext1-v1__NANOAODSIM/81898BB8-8405-F247-87F3-AB89624B0445.root
42.9998957242 Hz
deleting root file with name: /work/pbaertsc/heavy_resonance/output_2016/WplusH_HToBB_WToLNu_M125_13TeV_powheg_pythia8__RunIISummer16NanoAODv6-PUMoriond17_Nano25Oct2019_102X_mcRun2_asymptotic_v7_ext1-v1__NANOAODSIM/81898BB8-8405-F247-87F3-AB89624B0445.root
DONE
Complete at
Wed Jan 29 08:35:09 CET 2020
