job start at
Sat Feb  1 14:53:09 CET 2020
SLURM_JOB_ID: 529027
HOSTNAME: t3wn56
JOBLIST:joblist/joblist_ZZTo2Q2Nu_TuneCP5_13TeV_amcatnloFXFX_madspin_pythia8__RunIIAutumn18NanoAODv6-Nano25Oct2019_102X_upgrade2018_realistic_v20-v1__NANOAODSIM_ll.txt
Going to execute
python job.py -i root://cms-xrd-global.cern.ch//store/mc/RunIIAutumn18NanoAODv6/ZZTo2Q2Nu_TuneCP5_13TeV_amcatnloFXFX_madspin_pythia8/NANOAODSIM/Nano25Oct2019_102X_upgrade2018_realistic_v20-v1/250000/FF1DD8E3-2F24-4F46-AAC0-D215B8385E9C.root -o /work/pbaertsc/heavy_resonance/output_2018/ZZTo2Q2Nu_TuneCP5_13TeV_amcatnloFXFX_madspin_pythia8__RunIIAutumn18NanoAODv6-Nano25Oct2019_102X_upgrade2018_realistic_v20-v1__NANOAODSIM -N ZZTo2Q2Nu_TuneCP5_13TeV_amcatnloFXFX_madspin_pythia8__RunIIAutumn18NanoAODv6-Nano25Oct2019_102X_upgrade2018_realistic_v20-v1__NANOAODSIM -n 34 -c ll -y 2018
TClass::Init:0: RuntimeWarning: no dictionary for class ROOT::TIOFeatures is available
/work/pbaertsc/heavy_resonance/CMSSW_9_4_6/python/PhysicsTools/NanoAODTools/postprocessing/framework/treeReaderArrayTools.py:69: RuntimeWarning: creating executor for unknown type "ULong64_t*"
  ret = _vr.Get()[0]
JEC= Autumn18_V19_MC 	 JER= Autumn18_V7_MC
MET branch= PuppiMET
JEC= Autumn18_V19_MC 	 JER= Autumn18_V7_MC
MET branch= PuppiMET
--------------------------------------------------------------------------------
input files  = ['root://cms-xrd-global.cern.ch//store/mc/RunIIAutumn18NanoAODv6/ZZTo2Q2Nu_TuneCP5_13TeV_amcatnloFXFX_madspin_pythia8/NANOAODSIM/Nano25Oct2019_102X_upgrade2018_realistic_v20-v1/250000/FF1DD8E3-2F24-4F46-AAC0-D215B8385E9C.root']
output directory = /work/pbaertsc/heavy_resonance/output_2018/ZZTo2Q2Nu_TuneCP5_13TeV_amcatnloFXFX_madspin_pythia8__RunIIAutumn18NanoAODv6-Nano25Oct2019_102X_upgrade2018_realistic_v20-v1__NANOAODSIM
output file  = ZZTo2Q2Nu_TuneCP5_13TeV_amcatnloFXFX_madspin_pythia8__RunIIAutumn18NanoAODv6-Nano25Oct2019_102X_upgrade2018_realistic_v20-v1__NANOAODSIM_34_ll.root
chunck       = 34
channel      = ll
dataType     = mc
year         = 2018
tes          = 1.0
ltf          = 1.0
jtf          = 1.0
--------------------------------------------------------------------------------
job.py: creating PostProcessor...
TreeProducer is called /work/pbaertsc/heavy_resonance/output_2018/ZZTo2Q2Nu_TuneCP5_13TeV_amcatnloFXFX_madspin_pythia8__RunIIAutumn18NanoAODv6-Nano25Oct2019_102X_upgrade2018_realistic_v20-v1__NANOAODSIM/ZZTo2Q2Nu_TuneCP5_13TeV_amcatnloFXFX_madspin_pythia8__RunIIAutumn18NanoAODv6-Nano25Oct2019_102X_upgrade2018_realistic_v20-v1__NANOAODSIM_34_ll.root
job.py: going to run PostProcessor...
Will write selected trees to /work/pbaertsc/heavy_resonance/output_2018/ZZTo2Q2Nu_TuneCP5_13TeV_amcatnloFXFX_madspin_pythia8__RunIIAutumn18NanoAODv6-Nano25Oct2019_102X_upgrade2018_realistic_v20-v1__NANOAODSIM
Loading jet energy scale (JES) uncertainties from file '/tmp/tmpOmSM2z/Autumn18_V19_MC_Uncertainty_AK4PFchs.txt'
Loading jet energy resolutions (JER) from file '/tmp/tmp9Aw1rx/Autumn18_V7_MC_PtResolution_AK4PFchs.txt'
Loading JER scale factors and uncertainties from file '/tmp/tmp9Aw1rx/Autumn18_V7_MC_SF_AK4PFchs.txt'
Loading jet energy scale (JES) uncertainties from file '/tmp/tmpzBucfM/Autumn18_V19_MC_Uncertainty_AK8PFPuppi.txt'
Loading jet energy resolutions (JER) from file '/tmp/tmpBE9gGq/Autumn18_V7_MC_PtResolution_AK8PFPuppi.txt'
Loading JER scale factors and uncertainties from file '/tmp/tmpBE9gGq/Autumn18_V7_MC_SF_AK8PFPuppi.txt'
Pre-select 1485152 entries out of 1485152 (100.00%)
nanoAODv5? True
Processed    10000/ 1485152 entries,  0.67% (elapsed time   105.7s, curr speed    0.095 kHz, avg speed    0.095 kHz), accepted      125/   10001 events ( 1.25%)
Processed    20000/ 1485152 entries,  1.35% (elapsed time   233.2s, curr speed    0.078 kHz, avg speed    0.086 kHz), accepted      267/   20001 events ( 1.33%)
Processed    30000/ 1485152 entries,  2.02% (elapsed time   338.9s, curr speed    0.095 kHz, avg speed    0.089 kHz), accepted      396/   30001 events ( 1.32%)
Processed    40000/ 1485152 entries,  2.69% (elapsed time   463.0s, curr speed    0.081 kHz, avg speed    0.086 kHz), accepted      521/   40001 events ( 1.30%)
Processed    50000/ 1485152 entries,  3.37% (elapsed time   590.5s, curr speed    0.078 kHz, avg speed    0.085 kHz), accepted      661/   50001 events ( 1.32%)
Processed    60000/ 1485152 entries,  4.04% (elapsed time   709.3s, curr speed    0.084 kHz, avg speed    0.085 kHz), accepted      790/   60001 events ( 1.32%)
Processed    70000/ 1485152 entries,  4.71% (elapsed time   829.7s, curr speed    0.083 kHz, avg speed    0.084 kHz), accepted      929/   70001 events ( 1.33%)
Processed    80000/ 1485152 entries,  5.39% (elapsed time   949.9s, curr speed    0.083 kHz, avg speed    0.084 kHz), accepted     1090/   80001 events ( 1.36%)
Processed    90000/ 1485152 entries,  6.06% (elapsed time  1069.3s, curr speed    0.084 kHz, avg speed    0.084 kHz), accepted     1232/   90001 events ( 1.37%)
Processed   100000/ 1485152 entries,  6.73% (elapsed time  1179.0s, curr speed    0.091 kHz, avg speed    0.085 kHz), accepted     1390/  100001 events ( 1.39%)
Processed   110000/ 1485152 entries,  7.41% (elapsed time  1295.3s, curr speed    0.086 kHz, avg speed    0.085 kHz), accepted     1525/  110001 events ( 1.39%)
Processed   120000/ 1485152 entries,  8.08% (elapsed time  1412.3s, curr speed    0.085 kHz, avg speed    0.085 kHz), accepted     1659/  120001 events ( 1.38%)
Processed   130000/ 1485152 entries,  8.75% (elapsed time  1527.0s, curr speed    0.087 kHz, avg speed    0.085 kHz), accepted     1778/  130001 events ( 1.37%)
Processed   140000/ 1485152 entries,  9.43% (elapsed time  1648.8s, curr speed    0.082 kHz, avg speed    0.085 kHz), accepted     1902/  140001 events ( 1.36%)
Processed   150000/ 1485152 entries, 10.10% (elapsed time  1762.4s, curr speed    0.088 kHz, avg speed    0.085 kHz), accepted     2030/  150001 events ( 1.35%)
Bad event
Processed   160000/ 1485152 entries, 10.77% (elapsed time  1887.0s, curr speed    0.080 kHz, avg speed    0.085 kHz), accepted     2147/  160001 events ( 1.34%)
Processed   170000/ 1485152 entries, 11.45% (elapsed time  2001.5s, curr speed    0.087 kHz, avg speed    0.085 kHz), accepted     2263/  170001 events ( 1.33%)
Processed   180000/ 1485152 entries, 12.12% (elapsed time  2120.8s, curr speed    0.084 kHz, avg speed    0.085 kHz), accepted     2381/  180001 events ( 1.32%)
Processed   190000/ 1485152 entries, 12.79% (elapsed time  2238.6s, curr speed    0.085 kHz, avg speed    0.085 kHz), accepted     2499/  190001 events ( 1.32%)
Processed   200000/ 1485152 entries, 13.47% (elapsed time  2351.6s, curr speed    0.088 kHz, avg speed    0.085 kHz), accepted     2664/  200001 events ( 1.33%)
Bad event
Processed   210000/ 1485152 entries, 14.14% (elapsed time  2465.2s, curr speed    0.088 kHz, avg speed    0.085 kHz), accepted     2792/  210001 events ( 1.33%)
Processed   220000/ 1485152 entries, 14.81% (elapsed time  2579.9s, curr speed    0.087 kHz, avg speed    0.085 kHz), accepted     2929/  220001 events ( 1.33%)
Processed   230000/ 1485152 entries, 15.49% (elapsed time  2694.9s, curr speed    0.087 kHz, avg speed    0.085 kHz), accepted     3057/  230001 events ( 1.33%)
Bad event
Processed   240000/ 1485152 entries, 16.16% (elapsed time  2803.5s, curr speed    0.092 kHz, avg speed    0.086 kHz), accepted     3194/  240001 events ( 1.33%)
Processed   250000/ 1485152 entries, 16.83% (elapsed time  2919.8s, curr speed    0.086 kHz, avg speed    0.086 kHz), accepted     3326/  250001 events ( 1.33%)
Processed   260000/ 1485152 entries, 17.51% (elapsed time  3037.5s, curr speed    0.085 kHz, avg speed    0.086 kHz), accepted     3461/  260001 events ( 1.33%)
Processed   270000/ 1485152 entries, 18.18% (elapsed time  3142.7s, curr speed    0.095 kHz, avg speed    0.086 kHz), accepted     3579/  270001 events ( 1.33%)
Processed   280000/ 1485152 entries, 18.85% (elapsed time  3263.8s, curr speed    0.083 kHz, avg speed    0.086 kHz), accepted     3690/  280001 events ( 1.32%)
Processed   290000/ 1485152 entries, 19.53% (elapsed time  3371.5s, curr speed    0.093 kHz, avg speed    0.086 kHz), accepted     3809/  290001 events ( 1.31%)
Processed   300000/ 1485152 entries, 20.20% (elapsed time  3488.7s, curr speed    0.085 kHz, avg speed    0.086 kHz), accepted     3943/  300001 events ( 1.31%)
Processed   310000/ 1485152 entries, 20.87% (elapsed time  3605.8s, curr speed    0.085 kHz, avg speed    0.086 kHz), accepted     4076/  310001 events ( 1.31%)
Processed   320000/ 1485152 entries, 21.55% (elapsed time  3713.8s, curr speed    0.093 kHz, avg speed    0.086 kHz), accepted     4221/  320001 events ( 1.32%)
Processed   330000/ 1485152 entries, 22.22% (elapsed time  3839.9s, curr speed    0.079 kHz, avg speed    0.086 kHz), accepted     4349/  330001 events ( 1.32%)
Processed   340000/ 1485152 entries, 22.89% (elapsed time  3957.3s, curr speed    0.085 kHz, avg speed    0.086 kHz), accepted     4483/  340001 events ( 1.32%)
Processed   350000/ 1485152 entries, 23.57% (elapsed time  4073.0s, curr speed    0.086 kHz, avg speed    0.086 kHz), accepted     4627/  350001 events ( 1.32%)
Processed   360000/ 1485152 entries, 24.24% (elapsed time  4195.0s, curr speed    0.082 kHz, avg speed    0.086 kHz), accepted     4767/  360001 events ( 1.32%)
Processed   370000/ 1485152 entries, 24.91% (elapsed time  4304.8s, curr speed    0.091 kHz, avg speed    0.086 kHz), accepted     4900/  370001 events ( 1.32%)
Processed   380000/ 1485152 entries, 25.59% (elapsed time  4432.9s, curr speed    0.078 kHz, avg speed    0.086 kHz), accepted     5033/  380001 events ( 1.32%)
Processed   390000/ 1485152 entries, 26.26% (elapsed time  4544.2s, curr speed    0.090 kHz, avg speed    0.086 kHz), accepted     5159/  390001 events ( 1.32%)
Processed   400000/ 1485152 entries, 26.93% (elapsed time  4655.5s, curr speed    0.090 kHz, avg speed    0.086 kHz), accepted     5294/  400001 events ( 1.32%)
Bad event
Processed   410000/ 1485152 entries, 27.61% (elapsed time  4768.2s, curr speed    0.089 kHz, avg speed    0.086 kHz), accepted     5440/  410001 events ( 1.33%)
Processed   420000/ 1485152 entries, 28.28% (elapsed time  4873.4s, curr speed    0.095 kHz, avg speed    0.086 kHz), accepted     5586/  420001 events ( 1.33%)
Processed   430000/ 1485152 entries, 28.95% (elapsed time  4998.1s, curr speed    0.080 kHz, avg speed    0.086 kHz), accepted     5705/  430001 events ( 1.33%)
Processed   440000/ 1485152 entries, 29.63% (elapsed time  5101.2s, curr speed    0.097 kHz, avg speed    0.086 kHz), accepted     5835/  440001 events ( 1.33%)
Bad event
Processed   450000/ 1485152 entries, 30.30% (elapsed time  5226.3s, curr speed    0.080 kHz, avg speed    0.086 kHz), accepted     5971/  450001 events ( 1.33%)
Processed   460000/ 1485152 entries, 30.97% (elapsed time  5343.3s, curr speed    0.085 kHz, avg speed    0.086 kHz), accepted     6111/  460001 events ( 1.33%)
Bad event
Processed   470000/ 1485152 entries, 31.65% (elapsed time  5457.6s, curr speed    0.087 kHz, avg speed    0.086 kHz), accepted     6224/  470001 events ( 1.32%)
Processed   480000/ 1485152 entries, 32.32% (elapsed time  5584.5s, curr speed    0.079 kHz, avg speed    0.086 kHz), accepted     6358/  480001 events ( 1.32%)
Processed   490000/ 1485152 entries, 32.99% (elapsed time  5698.6s, curr speed    0.088 kHz, avg speed    0.086 kHz), accepted     6487/  490001 events ( 1.32%)
Processed   500000/ 1485152 entries, 33.67% (elapsed time  5812.3s, curr speed    0.088 kHz, avg speed    0.086 kHz), accepted     6630/  500001 events ( 1.33%)
Bad event
Processed   510000/ 1485152 entries, 34.34% (elapsed time  5933.0s, curr speed    0.083 kHz, avg speed    0.086 kHz), accepted     6773/  510001 events ( 1.33%)
Processed   520000/ 1485152 entries, 35.01% (elapsed time  6049.2s, curr speed    0.086 kHz, avg speed    0.086 kHz), accepted     6912/  520001 events ( 1.33%)
Processed   530000/ 1485152 entries, 35.69% (elapsed time  6176.8s, curr speed    0.078 kHz, avg speed    0.086 kHz), accepted     7054/  530001 events ( 1.33%)
Processed   540000/ 1485152 entries, 36.36% (elapsed time  6283.8s, curr speed    0.093 kHz, avg speed    0.086 kHz), accepted     7189/  540001 events ( 1.33%)
Processed   550000/ 1485152 entries, 37.03% (elapsed time  6400.6s, curr speed    0.086 kHz, avg speed    0.086 kHz), accepted     7357/  550001 events ( 1.34%)
Processed   560000/ 1485152 entries, 37.71% (elapsed time  6520.5s, curr speed    0.083 kHz, avg speed    0.086 kHz), accepted     7488/  560001 events ( 1.34%)
Processed   570000/ 1485152 entries, 38.38% (elapsed time  6632.9s, curr speed    0.089 kHz, avg speed    0.086 kHz), accepted     7601/  570001 events ( 1.33%)
Processed   580000/ 1485152 entries, 39.05% (elapsed time  6765.3s, curr speed    0.076 kHz, avg speed    0.086 kHz), accepted     7742/  580001 events ( 1.33%)
Processed   590000/ 1485152 entries, 39.73% (elapsed time  6879.2s, curr speed    0.088 kHz, avg speed    0.086 kHz), accepted     7894/  590001 events ( 1.34%)
Processed   600000/ 1485152 entries, 40.40% (elapsed time  7008.0s, curr speed    0.078 kHz, avg speed    0.086 kHz), accepted     8039/  600001 events ( 1.34%)
Processed   610000/ 1485152 entries, 41.07% (elapsed time  7134.6s, curr speed    0.079 kHz, avg speed    0.085 kHz), accepted     8181/  610001 events ( 1.34%)
Processed   620000/ 1485152 entries, 41.75% (elapsed time  7260.2s, curr speed    0.080 kHz, avg speed    0.085 kHz), accepted     8298/  620001 events ( 1.34%)
Processed   630000/ 1485152 entries, 42.42% (elapsed time  7390.6s, curr speed    0.077 kHz, avg speed    0.085 kHz), accepted     8419/  630001 events ( 1.34%)
Processed   640000/ 1485152 entries, 43.09% (elapsed time  7514.6s, curr speed    0.081 kHz, avg speed    0.085 kHz), accepted     8551/  640001 events ( 1.34%)
Processed   650000/ 1485152 entries, 43.77% (elapsed time  7656.9s, curr speed    0.070 kHz, avg speed    0.085 kHz), accepted     8701/  650001 events ( 1.34%)
Processed   660000/ 1485152 entries, 44.44% (elapsed time  7785.9s, curr speed    0.078 kHz, avg speed    0.085 kHz), accepted     8841/  660001 events ( 1.34%)
Processed   670000/ 1485152 entries, 45.11% (elapsed time  7932.2s, curr speed    0.068 kHz, avg speed    0.084 kHz), accepted     8986/  670001 events ( 1.34%)
Processed   680000/ 1485152 entries, 45.79% (elapsed time  8071.8s, curr speed    0.072 kHz, avg speed    0.084 kHz), accepted     9125/  680001 events ( 1.34%)
Processed   690000/ 1485152 entries, 46.46% (elapsed time  8186.2s, curr speed    0.087 kHz, avg speed    0.084 kHz), accepted     9271/  690001 events ( 1.34%)
Processed   700000/ 1485152 entries, 47.13% (elapsed time  8319.4s, curr speed    0.075 kHz, avg speed    0.084 kHz), accepted     9402/  700001 events ( 1.34%)
Processed   710000/ 1485152 entries, 47.81% (elapsed time  8437.4s, curr speed    0.085 kHz, avg speed    0.084 kHz), accepted     9549/  710001 events ( 1.34%)
Processed   720000/ 1485152 entries, 48.48% (elapsed time  8549.3s, curr speed    0.089 kHz, avg speed    0.084 kHz), accepted     9696/  720001 events ( 1.35%)
Processed   730000/ 1485152 entries, 49.15% (elapsed time  8671.3s, curr speed    0.082 kHz, avg speed    0.084 kHz), accepted     9837/  730001 events ( 1.35%)
Processed   740000/ 1485152 entries, 49.83% (elapsed time  8779.3s, curr speed    0.093 kHz, avg speed    0.084 kHz), accepted     9969/  740001 events ( 1.35%)
Processed   750000/ 1485152 entries, 50.50% (elapsed time  8902.4s, curr speed    0.081 kHz, avg speed    0.084 kHz), accepted    10106/  750001 events ( 1.35%)
Processed   760000/ 1485152 entries, 51.17% (elapsed time  9021.6s, curr speed    0.084 kHz, avg speed    0.084 kHz), accepted    10238/  760001 events ( 1.35%)
Bad event
Processed   770000/ 1485152 entries, 51.85% (elapsed time  9144.5s, curr speed    0.081 kHz, avg speed    0.084 kHz), accepted    10354/  770001 events ( 1.34%)
Processed   780000/ 1485152 entries, 52.52% (elapsed time  9275.7s, curr speed    0.076 kHz, avg speed    0.084 kHz), accepted    10496/  780001 events ( 1.35%)
Processed   790000/ 1485152 entries, 53.19% (elapsed time  9397.0s, curr speed    0.082 kHz, avg speed    0.084 kHz), accepted    10627/  790001 events ( 1.35%)
Processed   800000/ 1485152 entries, 53.87% (elapsed time  9537.7s, curr speed    0.071 kHz, avg speed    0.084 kHz), accepted    10750/  800001 events ( 1.34%)
Processed   810000/ 1485152 entries, 54.54% (elapsed time  9663.0s, curr speed    0.080 kHz, avg speed    0.084 kHz), accepted    10876/  810001 events ( 1.34%)
Processed   820000/ 1485152 entries, 55.21% (elapsed time  9798.3s, curr speed    0.074 kHz, avg speed    0.084 kHz), accepted    10996/  820001 events ( 1.34%)
Bad event
Processed   830000/ 1485152 entries, 55.89% (elapsed time  9932.3s, curr speed    0.075 kHz, avg speed    0.084 kHz), accepted    11123/  830001 events ( 1.34%)
Processed   840000/ 1485152 entries, 56.56% (elapsed time 10062.1s, curr speed    0.077 kHz, avg speed    0.083 kHz), accepted    11259/  840001 events ( 1.34%)
Processed   850000/ 1485152 entries, 57.23% (elapsed time 10208.5s, curr speed    0.068 kHz, avg speed    0.083 kHz), accepted    11370/  850001 events ( 1.34%)
Processed   860000/ 1485152 entries, 57.91% (elapsed time 10340.3s, curr speed    0.076 kHz, avg speed    0.083 kHz), accepted    11495/  860001 events ( 1.34%)
Processed   870000/ 1485152 entries, 58.58% (elapsed time 10490.4s, curr speed    0.067 kHz, avg speed    0.083 kHz), accepted    11630/  870001 events ( 1.34%)
Bad event
Processed   880000/ 1485152 entries, 59.25% (elapsed time 10633.4s, curr speed    0.070 kHz, avg speed    0.083 kHz), accepted    11765/  880001 events ( 1.34%)
Processed   890000/ 1485152 entries, 59.93% (elapsed time 10776.5s, curr speed    0.070 kHz, avg speed    0.083 kHz), accepted    11912/  890001 events ( 1.34%)
Processed   900000/ 1485152 entries, 60.60% (elapsed time 10931.1s, curr speed    0.065 kHz, avg speed    0.082 kHz), accepted    12053/  900001 events ( 1.34%)
Processed   910000/ 1485152 entries, 61.27% (elapsed time 11082.2s, curr speed    0.066 kHz, avg speed    0.082 kHz), accepted    12190/  910001 events ( 1.34%)
Processed   920000/ 1485152 entries, 61.95% (elapsed time 11244.2s, curr speed    0.062 kHz, avg speed    0.082 kHz), accepted    12312/  920001 events ( 1.34%)
Processed   930000/ 1485152 entries, 62.62% (elapsed time 11400.2s, curr speed    0.064 kHz, avg speed    0.082 kHz), accepted    12430/  930001 events ( 1.34%)
Processed   940000/ 1485152 entries, 63.29% (elapsed time 11551.0s, curr speed    0.066 kHz, avg speed    0.081 kHz), accepted    12544/  940001 events ( 1.33%)
Bad event
Processed   950000/ 1485152 entries, 63.97% (elapsed time 11695.1s, curr speed    0.069 kHz, avg speed    0.081 kHz), accepted    12692/  950001 events ( 1.34%)
Processed   960000/ 1485152 entries, 64.64% (elapsed time 11837.1s, curr speed    0.070 kHz, avg speed    0.081 kHz), accepted    12807/  960001 events ( 1.33%)
Bad event
Processed   970000/ 1485152 entries, 65.31% (elapsed time 11985.4s, curr speed    0.067 kHz, avg speed    0.081 kHz), accepted    12947/  970001 events ( 1.33%)
Bad event
Processed   980000/ 1485152 entries, 65.99% (elapsed time 12118.1s, curr speed    0.075 kHz, avg speed    0.081 kHz), accepted    13086/  980001 events ( 1.34%)
Processed   990000/ 1485152 entries, 66.66% (elapsed time 12260.8s, curr speed    0.070 kHz, avg speed    0.081 kHz), accepted    13229/  990001 events ( 1.34%)
Processed  1000000/ 1485152 entries, 67.33% (elapsed time 12396.3s, curr speed    0.074 kHz, avg speed    0.081 kHz), accepted    13357/ 1000001 events ( 1.34%)
Processed  1010000/ 1485152 entries, 68.01% (elapsed time 12532.8s, curr speed    0.073 kHz, avg speed    0.081 kHz), accepted    13480/ 1010001 events ( 1.33%)
Processed  1020000/ 1485152 entries, 68.68% (elapsed time 12673.2s, curr speed    0.071 kHz, avg speed    0.080 kHz), accepted    13608/ 1020001 events ( 1.33%)
Processed  1030000/ 1485152 entries, 69.35% (elapsed time 12793.4s, curr speed    0.083 kHz, avg speed    0.081 kHz), accepted    13739/ 1030001 events ( 1.33%)
Processed  1040000/ 1485152 entries, 70.03% (elapsed time 12929.2s, curr speed    0.074 kHz, avg speed    0.080 kHz), accepted    13887/ 1040001 events ( 1.34%)
Processed  1050000/ 1485152 entries, 70.70% (elapsed time 13049.6s, curr speed    0.083 kHz, avg speed    0.080 kHz), accepted    14007/ 1050001 events ( 1.33%)
Processed  1060000/ 1485152 entries, 71.37% (elapsed time 13164.5s, curr speed    0.087 kHz, avg speed    0.081 kHz), accepted    14124/ 1060001 events ( 1.33%)
Processed  1070000/ 1485152 entries, 72.05% (elapsed time 13275.7s, curr speed    0.090 kHz, avg speed    0.081 kHz), accepted    14243/ 1070001 events ( 1.33%)
%MSG-e SimpleJetCorrectionUncertainty: 
 bin variables out of range
%MSG
%MSG-e SimpleJetCorrectionUncertainty: 
 bin variables out of range
%MSG
Processed  1080000/ 1485152 entries, 72.72% (elapsed time 13385.4s, curr speed    0.091 kHz, avg speed    0.081 kHz), accepted    14370/ 1080001 events ( 1.33%)
Processed  1090000/ 1485152 entries, 73.39% (elapsed time 13511.3s, curr speed    0.079 kHz, avg speed    0.081 kHz), accepted    14509/ 1090001 events ( 1.33%)
Processed  1100000/ 1485152 entries, 74.07% (elapsed time 13621.7s, curr speed    0.091 kHz, avg speed    0.081 kHz), accepted    14644/ 1100001 events ( 1.33%)
Processed  1110000/ 1485152 entries, 74.74% (elapsed time 13737.7s, curr speed    0.086 kHz, avg speed    0.081 kHz), accepted    14794/ 1110001 events ( 1.33%)
Bad event
Processed  1120000/ 1485152 entries, 75.41% (elapsed time 13837.5s, curr speed    0.100 kHz, avg speed    0.081 kHz), accepted    14916/ 1120001 events ( 1.33%)
Processed  1130000/ 1485152 entries, 76.09% (elapsed time 13950.1s, curr speed    0.089 kHz, avg speed    0.081 kHz), accepted    15051/ 1130001 events ( 1.33%)
Processed  1140000/ 1485152 entries, 76.76% (elapsed time 14060.6s, curr speed    0.090 kHz, avg speed    0.081 kHz), accepted    15201/ 1140001 events ( 1.33%)
Processed  1150000/ 1485152 entries, 77.43% (elapsed time 14165.8s, curr speed    0.095 kHz, avg speed    0.081 kHz), accepted    15344/ 1150001 events ( 1.33%)
Processed  1160000/ 1485152 entries, 78.11% (elapsed time 14292.1s, curr speed    0.079 kHz, avg speed    0.081 kHz), accepted    15470/ 1160001 events ( 1.33%)
Processed  1170000/ 1485152 entries, 78.78% (elapsed time 14398.8s, curr speed    0.094 kHz, avg speed    0.081 kHz), accepted    15606/ 1170001 events ( 1.33%)
Processed  1180000/ 1485152 entries, 79.45% (elapsed time 14507.9s, curr speed    0.092 kHz, avg speed    0.081 kHz), accepted    15741/ 1180001 events ( 1.33%)
Processed  1190000/ 1485152 entries, 80.13% (elapsed time 14616.6s, curr speed    0.092 kHz, avg speed    0.081 kHz), accepted    15861/ 1190001 events ( 1.33%)
Processed  1200000/ 1485152 entries, 80.80% (elapsed time 14715.4s, curr speed    0.101 kHz, avg speed    0.082 kHz), accepted    15982/ 1200001 events ( 1.33%)
Processed  1210000/ 1485152 entries, 81.47% (elapsed time 14834.9s, curr speed    0.084 kHz, avg speed    0.082 kHz), accepted    16113/ 1210001 events ( 1.33%)
Processed  1220000/ 1485152 entries, 82.15% (elapsed time 14942.5s, curr speed    0.093 kHz, avg speed    0.082 kHz), accepted    16267/ 1220001 events ( 1.33%)
Processed  1230000/ 1485152 entries, 82.82% (elapsed time 15051.4s, curr speed    0.092 kHz, avg speed    0.082 kHz), accepted    16391/ 1230001 events ( 1.33%)
Bad event
Bad event
Processed  1240000/ 1485152 entries, 83.49% (elapsed time 15159.8s, curr speed    0.092 kHz, avg speed    0.082 kHz), accepted    16517/ 1240001 events ( 1.33%)
Bad event
Processed  1250000/ 1485152 entries, 84.17% (elapsed time 15268.0s, curr speed    0.092 kHz, avg speed    0.082 kHz), accepted    16640/ 1250001 events ( 1.33%)
Bad event
Processed  1260000/ 1485152 entries, 84.84% (elapsed time 15371.9s, curr speed    0.096 kHz, avg speed    0.082 kHz), accepted    16759/ 1260001 events ( 1.33%)
Bad event
Processed  1270000/ 1485152 entries, 85.51% (elapsed time 15473.9s, curr speed    0.098 kHz, avg speed    0.082 kHz), accepted    16904/ 1270001 events ( 1.33%)
Processed  1280000/ 1485152 entries, 86.19% (elapsed time 15575.8s, curr speed    0.098 kHz, avg speed    0.082 kHz), accepted    17049/ 1280001 events ( 1.33%)
Processed  1290000/ 1485152 entries, 86.86% (elapsed time 15677.8s, curr speed    0.098 kHz, avg speed    0.082 kHz), accepted    17179/ 1290001 events ( 1.33%)
Processed  1300000/ 1485152 entries, 87.53% (elapsed time 15784.3s, curr speed    0.094 kHz, avg speed    0.082 kHz), accepted    17307/ 1300001 events ( 1.33%)
Processed  1310000/ 1485152 entries, 88.21% (elapsed time 15894.3s, curr speed    0.091 kHz, avg speed    0.082 kHz), accepted    17448/ 1310001 events ( 1.33%)
Processed  1320000/ 1485152 entries, 88.88% (elapsed time 16007.3s, curr speed    0.088 kHz, avg speed    0.082 kHz), accepted    17585/ 1320001 events ( 1.33%)
Bad event
Processed  1330000/ 1485152 entries, 89.55% (elapsed time 16120.6s, curr speed    0.088 kHz, avg speed    0.083 kHz), accepted    17736/ 1330001 events ( 1.33%)
Processed  1340000/ 1485152 entries, 90.23% (elapsed time 16223.9s, curr speed    0.097 kHz, avg speed    0.083 kHz), accepted    17877/ 1340001 events ( 1.33%)
Processed  1350000/ 1485152 entries, 90.90% (elapsed time 16328.5s, curr speed    0.096 kHz, avg speed    0.083 kHz), accepted    18014/ 1350001 events ( 1.33%)
Processed  1360000/ 1485152 entries, 91.57% (elapsed time 16425.2s, curr speed    0.103 kHz, avg speed    0.083 kHz), accepted    18135/ 1360001 events ( 1.33%)
Processed  1370000/ 1485152 entries, 92.25% (elapsed time 16525.8s, curr speed    0.099 kHz, avg speed    0.083 kHz), accepted    18272/ 1370001 events ( 1.33%)
Processed  1380000/ 1485152 entries, 92.92% (elapsed time 16619.1s, curr speed    0.107 kHz, avg speed    0.083 kHz), accepted    18404/ 1380001 events ( 1.33%)
Processed  1390000/ 1485152 entries, 93.59% (elapsed time 16717.5s, curr speed    0.102 kHz, avg speed    0.083 kHz), accepted    18536/ 1390001 events ( 1.33%)
Processed  1400000/ 1485152 entries, 94.27% (elapsed time 16816.8s, curr speed    0.101 kHz, avg speed    0.083 kHz), accepted    18683/ 1400001 events ( 1.33%)
Processed  1410000/ 1485152 entries, 94.94% (elapsed time 16915.5s, curr speed    0.101 kHz, avg speed    0.083 kHz), accepted    18814/ 1410001 events ( 1.33%)
Processed  1420000/ 1485152 entries, 95.61% (elapsed time 17018.5s, curr speed    0.097 kHz, avg speed    0.083 kHz), accepted    18953/ 1420001 events ( 1.33%)
Processed  1430000/ 1485152 entries, 96.29% (elapsed time 17113.6s, curr speed    0.105 kHz, avg speed    0.084 kHz), accepted    19076/ 1430001 events ( 1.33%)
Bad event
Processed  1440000/ 1485152 entries, 96.96% (elapsed time 17218.9s, curr speed    0.095 kHz, avg speed    0.084 kHz), accepted    19220/ 1440001 events ( 1.33%)
Bad event
Processed  1450000/ 1485152 entries, 97.63% (elapsed time 17302.5s, curr speed    0.120 kHz, avg speed    0.084 kHz), accepted    19370/ 1450001 events ( 1.34%)
Processed  1460000/ 1485152 entries, 98.31% (elapsed time 17389.1s, curr speed    0.116 kHz, avg speed    0.084 kHz), accepted    19514/ 1460001 events ( 1.34%)
Processed  1470000/ 1485152 entries, 98.98% (elapsed time 17472.5s, curr speed    0.120 kHz, avg speed    0.084 kHz), accepted    19650/ 1470001 events ( 1.34%)
Bad event
Processed  1480000/ 1485152 entries, 99.65% (elapsed time 17557.3s, curr speed    0.118 kHz, avg speed    0.084 kHz), accepted    19786/ 1480001 events ( 1.34%)
Processed 1485152 preselected entries from root://cms-xrd-global.cern.ch//store/mc/RunIIAutumn18NanoAODv6/ZZTo2Q2Nu_TuneCP5_13TeV_amcatnloFXFX_madspin_pythia8/NANOAODSIM/Nano25Oct2019_102X_upgrade2018_realistic_v20-v1/250000/FF1DD8E3-2F24-4F46-AAC0-D215B8385E9C.root (1485152 entries). Finally selected 19843 entries
Done /work/pbaertsc/heavy_resonance/output_2018/ZZTo2Q2Nu_TuneCP5_13TeV_amcatnloFXFX_madspin_pythia8__RunIIAutumn18NanoAODv6-Nano25Oct2019_102X_upgrade2018_realistic_v20-v1__NANOAODSIM/FF1DD8E3-2F24-4F46-AAC0-D215B8385E9C.root
84.2112903025 Hz
deleting root file with name: /work/pbaertsc/heavy_resonance/output_2018/ZZTo2Q2Nu_TuneCP5_13TeV_amcatnloFXFX_madspin_pythia8__RunIIAutumn18NanoAODv6-Nano25Oct2019_102X_upgrade2018_realistic_v20-v1__NANOAODSIM/FF1DD8E3-2F24-4F46-AAC0-D215B8385E9C.root
DONE
Complete at
Sun Feb  2 00:50:54 CET 2020
