job start at
Tue Jan 28 21:51:59 CET 2020
SLURM_JOB_ID: 422395
HOSTNAME: t3wn40
JOBLIST:joblist/joblist_ZZTo2L2Nu_13TeV_powheg_pythia8_ext1__RunIISummer16NanoAODv6-PUMoriond17_Nano25Oct2019_102X_mcRun2_asymptotic_v7-v1__NANOAODSIM_ll.txt
Going to execute
python job.py -i root://cms-xrd-global.cern.ch//store/mc/RunIISummer16NanoAODv6/ZZTo2L2Nu_13TeV_powheg_pythia8_ext1/NANOAODSIM/PUMoriond17_Nano25Oct2019_102X_mcRun2_asymptotic_v7-v1/70000/0CB901BD-0EEE-C144-A321-5A8E3685FEC1.root -o /work/pbaertsc/heavy_resonance/output_2016/ZZTo2L2Nu_13TeV_powheg_pythia8_ext1__RunIISummer16NanoAODv6-PUMoriond17_Nano25Oct2019_102X_mcRun2_asymptotic_v7-v1__NANOAODSIM -N ZZTo2L2Nu_13TeV_powheg_pythia8_ext1__RunIISummer16NanoAODv6-PUMoriond17_Nano25Oct2019_102X_mcRun2_asymptotic_v7-v1__NANOAODSIM -n 21 -c ll -y 2016
TClass::Init:0: RuntimeWarning: no dictionary for class ROOT::TIOFeatures is available
/work/pbaertsc/heavy_resonance/CMSSW_9_4_6/python/PhysicsTools/NanoAODTools/postprocessing/framework/treeReaderArrayTools.py:69: RuntimeWarning: creating executor for unknown type "ULong64_t*"
  ret = _vr.Get()[0]
JEC= Summer16_07Aug2017_V11_MC 	 JER= Summer16_25nsV1_MC
MET branch= PuppiMET
JEC= Summer16_07Aug2017_V11_MC 	 JER= Summer16_25nsV1_MC
MET branch= PuppiMET
--------------------------------------------------------------------------------
input files  = ['root://cms-xrd-global.cern.ch//store/mc/RunIISummer16NanoAODv6/ZZTo2L2Nu_13TeV_powheg_pythia8_ext1/NANOAODSIM/PUMoriond17_Nano25Oct2019_102X_mcRun2_asymptotic_v7-v1/70000/0CB901BD-0EEE-C144-A321-5A8E3685FEC1.root']
output directory = /work/pbaertsc/heavy_resonance/output_2016/ZZTo2L2Nu_13TeV_powheg_pythia8_ext1__RunIISummer16NanoAODv6-PUMoriond17_Nano25Oct2019_102X_mcRun2_asymptotic_v7-v1__NANOAODSIM
output file  = ZZTo2L2Nu_13TeV_powheg_pythia8_ext1__RunIISummer16NanoAODv6-PUMoriond17_Nano25Oct2019_102X_mcRun2_asymptotic_v7-v1__NANOAODSIM_21_ll.root
chunck       = 21
channel      = ll
dataType     = mc
year         = 2016
tes          = 1.0
ltf          = 1.0
jtf          = 1.0
--------------------------------------------------------------------------------
job.py: creating PostProcessor...
TreeProducer is called /work/pbaertsc/heavy_resonance/output_2016/ZZTo2L2Nu_13TeV_powheg_pythia8_ext1__RunIISummer16NanoAODv6-PUMoriond17_Nano25Oct2019_102X_mcRun2_asymptotic_v7-v1__NANOAODSIM/ZZTo2L2Nu_13TeV_powheg_pythia8_ext1__RunIISummer16NanoAODv6-PUMoriond17_Nano25Oct2019_102X_mcRun2_asymptotic_v7-v1__NANOAODSIM_21_ll.root
job.py: going to run PostProcessor...
Will write selected trees to /work/pbaertsc/heavy_resonance/output_2016/ZZTo2L2Nu_13TeV_powheg_pythia8_ext1__RunIISummer16NanoAODv6-PUMoriond17_Nano25Oct2019_102X_mcRun2_asymptotic_v7-v1__NANOAODSIM
Loading jet energy scale (JES) uncertainties from file '/tmp/tmpaqSdn0/Summer16_07Aug2017_V11_MC_Uncertainty_AK4PFchs.txt'
Loading jet energy resolutions (JER) from file '/tmp/tmp1BjzEn/Summer16_25nsV1_MC_PtResolution_AK4PFchs.txt'
Loading JER scale factors and uncertainties from file '/tmp/tmp1BjzEn/Summer16_25nsV1_MC_SF_AK4PFchs.txt'
Loading jet energy scale (JES) uncertainties from file '/tmp/tmpOI72gn/Summer16_07Aug2017_V11_MC_Uncertainty_AK8PFPuppi.txt'
Loading jet energy resolutions (JER) from file '/tmp/tmpnxLhUu/Summer16_25nsV1_MC_PtResolution_AK8PFPuppi.txt'
Loading JER scale factors and uncertainties from file '/tmp/tmpnxLhUu/Summer16_25nsV1_MC_SF_AK8PFPuppi.txt'
Pre-select 1651780 entries out of 1651780 (100.00%)
nanoAODv5? True
ZtoEE trigger inconsistency
ZtoMM trigger inconsistency
TtoEM trigger inconsistency
Processed    10000/ 1651780 entries,  0.61% (elapsed time    95.1s, curr speed    0.105 kHz, avg speed    0.105 kHz), accepted       38/   10001 events ( 0.38%)
TtoEM trigger inconsistency
Processed    20000/ 1651780 entries,  1.21% (elapsed time   187.5s, curr speed    0.108 kHz, avg speed    0.107 kHz), accepted       76/   20001 events ( 0.38%)
ZtoMM trigger inconsistency
ZtoMM trigger inconsistency
ZtoMM trigger inconsistency
Processed    30000/ 1651780 entries,  1.82% (elapsed time   278.9s, curr speed    0.109 kHz, avg speed    0.108 kHz), accepted      123/   30001 events ( 0.41%)
ZtoMM trigger inconsistency
ZtoMM trigger inconsistency
Bad event
ZtoMM trigger inconsistency
ZtoMM trigger inconsistency
ZtoEE trigger inconsistency
Processed    40000/ 1651780 entries,  2.42% (elapsed time   370.9s, curr speed    0.109 kHz, avg speed    0.108 kHz), accepted      164/   40001 events ( 0.41%)
ZtoMM trigger inconsistency
ZtoMM trigger inconsistency
ZtoMM trigger inconsistency
Processed    50000/ 1651780 entries,  3.03% (elapsed time   462.7s, curr speed    0.109 kHz, avg speed    0.108 kHz), accepted      198/   50001 events ( 0.40%)
ZtoMM trigger inconsistency
TtoEM trigger inconsistency
ZtoMM trigger inconsistency
Processed    60000/ 1651780 entries,  3.63% (elapsed time   554.0s, curr speed    0.110 kHz, avg speed    0.108 kHz), accepted      231/   60001 events ( 0.38%)
ZtoMM trigger inconsistency
ZtoEE trigger inconsistency
Processed    70000/ 1651780 entries,  4.24% (elapsed time   646.1s, curr speed    0.109 kHz, avg speed    0.108 kHz), accepted      268/   70001 events ( 0.38%)
ZtoMM trigger inconsistency
ZtoMM trigger inconsistency
ZtoMM trigger inconsistency
Processed    80000/ 1651780 entries,  4.84% (elapsed time   737.8s, curr speed    0.109 kHz, avg speed    0.108 kHz), accepted      310/   80001 events ( 0.39%)
ZtoMM trigger inconsistency
Processed    90000/ 1651780 entries,  5.45% (elapsed time   829.8s, curr speed    0.109 kHz, avg speed    0.108 kHz), accepted      356/   90001 events ( 0.40%)
ZtoMM trigger inconsistency
ZtoMM trigger inconsistency
ZtoMM trigger inconsistency
Processed   100000/ 1651780 entries,  6.05% (elapsed time   921.1s, curr speed    0.110 kHz, avg speed    0.109 kHz), accepted      394/  100001 events ( 0.39%)
ZtoMM trigger inconsistency
TtoEM trigger inconsistency
Processed   110000/ 1651780 entries,  6.66% (elapsed time  1013.1s, curr speed    0.109 kHz, avg speed    0.109 kHz), accepted      440/  110001 events ( 0.40%)
ZtoMM trigger inconsistency
Processed   120000/ 1651780 entries,  7.26% (elapsed time  1105.2s, curr speed    0.109 kHz, avg speed    0.109 kHz), accepted      472/  120001 events ( 0.39%)
ZtoMM trigger inconsistency
Processed   130000/ 1651780 entries,  7.87% (elapsed time  1196.5s, curr speed    0.109 kHz, avg speed    0.109 kHz), accepted      508/  130001 events ( 0.39%)
ZtoMM trigger inconsistency
TtoEM trigger inconsistency
ZtoMM trigger inconsistency
Processed   140000/ 1651780 entries,  8.48% (elapsed time  1288.5s, curr speed    0.109 kHz, avg speed    0.109 kHz), accepted      549/  140001 events ( 0.39%)
Processed   150000/ 1651780 entries,  9.08% (elapsed time  1380.4s, curr speed    0.109 kHz, avg speed    0.109 kHz), accepted      591/  150001 events ( 0.39%)
ZtoMM trigger inconsistency
Processed   160000/ 1651780 entries,  9.69% (elapsed time  1471.7s, curr speed    0.109 kHz, avg speed    0.109 kHz), accepted      632/  160001 events ( 0.39%)
Processed   170000/ 1651780 entries, 10.29% (elapsed time  1563.9s, curr speed    0.108 kHz, avg speed    0.109 kHz), accepted      678/  170001 events ( 0.40%)
ZtoMM trigger inconsistency
ZtoMM trigger inconsistency
Processed   180000/ 1651780 entries, 10.90% (elapsed time  1656.0s, curr speed    0.109 kHz, avg speed    0.109 kHz), accepted      710/  180001 events ( 0.39%)
ZtoEE trigger inconsistency
ZtoMM trigger inconsistency
Processed   190000/ 1651780 entries, 11.50% (elapsed time  1748.5s, curr speed    0.108 kHz, avg speed    0.109 kHz), accepted      749/  190001 events ( 0.39%)
ZtoMM trigger inconsistency
Processed   200000/ 1651780 entries, 12.11% (elapsed time  1839.4s, curr speed    0.110 kHz, avg speed    0.109 kHz), accepted      783/  200001 events ( 0.39%)
Processed   210000/ 1651780 entries, 12.71% (elapsed time  1931.9s, curr speed    0.108 kHz, avg speed    0.109 kHz), accepted      828/  210001 events ( 0.39%)
ZtoMM trigger inconsistency
Processed   220000/ 1651780 entries, 13.32% (elapsed time  2024.7s, curr speed    0.108 kHz, avg speed    0.109 kHz), accepted      872/  220001 events ( 0.40%)
ZtoMM trigger inconsistency
ZtoMM trigger inconsistency
Processed   230000/ 1651780 entries, 13.92% (elapsed time  2116.4s, curr speed    0.109 kHz, avg speed    0.109 kHz), accepted      912/  230001 events ( 0.40%)
ZtoMM trigger inconsistency
ZtoMM trigger inconsistency
ZtoMM trigger inconsistency
ZtoMM trigger inconsistency
Processed   240000/ 1651780 entries, 14.53% (elapsed time  2208.8s, curr speed    0.108 kHz, avg speed    0.109 kHz), accepted      954/  240001 events ( 0.40%)
ZtoMM trigger inconsistency
ZtoMM trigger inconsistency
Processed   250000/ 1651780 entries, 15.14% (elapsed time  2302.2s, curr speed    0.107 kHz, avg speed    0.109 kHz), accepted      980/  250001 events ( 0.39%)
ZtoMM trigger inconsistency
Processed   260000/ 1651780 entries, 15.74% (elapsed time  2393.5s, curr speed    0.109 kHz, avg speed    0.109 kHz), accepted     1015/  260001 events ( 0.39%)
TtoEM trigger inconsistency
Processed   270000/ 1651780 entries, 16.35% (elapsed time  2485.6s, curr speed    0.109 kHz, avg speed    0.109 kHz), accepted     1049/  270001 events ( 0.39%)
ZtoMM trigger inconsistency
ZtoMM trigger inconsistency
Processed   280000/ 1651780 entries, 16.95% (elapsed time  2578.6s, curr speed    0.108 kHz, avg speed    0.109 kHz), accepted     1088/  280001 events ( 0.39%)
ZtoMM trigger inconsistency
Processed   290000/ 1651780 entries, 17.56% (elapsed time  2670.7s, curr speed    0.109 kHz, avg speed    0.109 kHz), accepted     1138/  290001 events ( 0.39%)
ZtoMM trigger inconsistency
ZtoMM trigger inconsistency
ZtoMM trigger inconsistency
ZtoMM trigger inconsistency
ZtoMM trigger inconsistency
Processed   300000/ 1651780 entries, 18.16% (elapsed time  2763.3s, curr speed    0.108 kHz, avg speed    0.109 kHz), accepted     1180/  300001 events ( 0.39%)
%MSG-e SimpleJetCorrectionUncertainty: 
 bin variables out of range
%MSG
%MSG-e SimpleJetCorrectionUncertainty: 
 bin variables out of range
%MSG
TtoEM trigger inconsistency
Processed   310000/ 1651780 entries, 18.77% (elapsed time  2855.9s, curr speed    0.108 kHz, avg speed    0.109 kHz), accepted     1217/  310001 events ( 0.39%)
Processed   320000/ 1651780 entries, 19.37% (elapsed time  2947.6s, curr speed    0.109 kHz, avg speed    0.109 kHz), accepted     1257/  320001 events ( 0.39%)
ZtoMM trigger inconsistency
Processed   330000/ 1651780 entries, 19.98% (elapsed time  3040.2s, curr speed    0.108 kHz, avg speed    0.109 kHz), accepted     1303/  330001 events ( 0.39%)
ZtoMM trigger inconsistency
ZtoMM trigger inconsistency
ZtoMM trigger inconsistency
Bad event
Processed   340000/ 1651780 entries, 20.58% (elapsed time  3132.9s, curr speed    0.108 kHz, avg speed    0.109 kHz), accepted     1350/  340001 events ( 0.40%)
ZtoMM trigger inconsistency
ZtoEE trigger inconsistency
ZtoMM trigger inconsistency
Processed   350000/ 1651780 entries, 21.19% (elapsed time  3225.4s, curr speed    0.108 kHz, avg speed    0.109 kHz), accepted     1386/  350001 events ( 0.40%)
ZtoMM trigger inconsistency
ZtoMM trigger inconsistency
ZtoMM trigger inconsistency
Processed   360000/ 1651780 entries, 21.79% (elapsed time  3318.7s, curr speed    0.107 kHz, avg speed    0.108 kHz), accepted     1434/  360001 events ( 0.40%)
ZtoMM trigger inconsistency
ZtoMM trigger inconsistency
ZtoEE trigger inconsistency
Processed   370000/ 1651780 entries, 22.40% (elapsed time  3411.3s, curr speed    0.108 kHz, avg speed    0.108 kHz), accepted     1475/  370001 events ( 0.40%)
ZtoMM trigger inconsistency
ZtoMM trigger inconsistency
ZtoMM trigger inconsistency
Processed   380000/ 1651780 entries, 23.01% (elapsed time  3503.4s, curr speed    0.109 kHz, avg speed    0.108 kHz), accepted     1515/  380001 events ( 0.40%)
ZtoMM trigger inconsistency
Processed   390000/ 1651780 entries, 23.61% (elapsed time  3595.2s, curr speed    0.109 kHz, avg speed    0.108 kHz), accepted     1560/  390001 events ( 0.40%)
ZtoMM trigger inconsistency
ZtoMM trigger inconsistency
Processed   400000/ 1651780 entries, 24.22% (elapsed time  3687.1s, curr speed    0.109 kHz, avg speed    0.108 kHz), accepted     1602/  400001 events ( 0.40%)
Processed   410000/ 1651780 entries, 24.82% (elapsed time  3779.3s, curr speed    0.108 kHz, avg speed    0.108 kHz), accepted     1637/  410001 events ( 0.40%)
Bad event
ZtoMM trigger inconsistency
Processed   420000/ 1651780 entries, 25.43% (elapsed time  3870.3s, curr speed    0.110 kHz, avg speed    0.109 kHz), accepted     1676/  420001 events ( 0.40%)
ZtoMM trigger inconsistency
Processed   430000/ 1651780 entries, 26.03% (elapsed time  3962.6s, curr speed    0.108 kHz, avg speed    0.109 kHz), accepted     1716/  430001 events ( 0.40%)
ZtoMM trigger inconsistency
ZtoMM trigger inconsistency
ZtoMM trigger inconsistency
ZtoMM trigger inconsistency
Processed   440000/ 1651780 entries, 26.64% (elapsed time  4054.9s, curr speed    0.108 kHz, avg speed    0.109 kHz), accepted     1760/  440001 events ( 0.40%)
ZtoMM trigger inconsistency
TtoEM trigger inconsistency
Processed   450000/ 1651780 entries, 27.24% (elapsed time  4146.4s, curr speed    0.109 kHz, avg speed    0.109 kHz), accepted     1797/  450001 events ( 0.40%)
Processed   460000/ 1651780 entries, 27.85% (elapsed time  4238.4s, curr speed    0.109 kHz, avg speed    0.109 kHz), accepted     1840/  460001 events ( 0.40%)
ZtoEE trigger inconsistency
ZtoMM trigger inconsistency
Processed   470000/ 1651780 entries, 28.45% (elapsed time  4330.6s, curr speed    0.109 kHz, avg speed    0.109 kHz), accepted     1879/  470001 events ( 0.40%)
ZtoEE trigger inconsistency
Processed   480000/ 1651780 entries, 29.06% (elapsed time  4422.5s, curr speed    0.109 kHz, avg speed    0.109 kHz), accepted     1916/  480001 events ( 0.40%)
TtoEM trigger inconsistency
ZtoMM trigger inconsistency
ZtoMM trigger inconsistency
Processed   490000/ 1651780 entries, 29.66% (elapsed time  4514.8s, curr speed    0.108 kHz, avg speed    0.109 kHz), accepted     1950/  490001 events ( 0.40%)
ZtoMM trigger inconsistency
ZtoMM trigger inconsistency
ZtoMM trigger inconsistency
Processed   500000/ 1651780 entries, 30.27% (elapsed time  4606.9s, curr speed    0.109 kHz, avg speed    0.109 kHz), accepted     1997/  500001 events ( 0.40%)
ZtoMM trigger inconsistency
TtoEM trigger inconsistency
ZtoMM trigger inconsistency
Processed   510000/ 1651780 entries, 30.88% (elapsed time  4699.2s, curr speed    0.108 kHz, avg speed    0.109 kHz), accepted     2048/  510001 events ( 0.40%)
ZtoMM trigger inconsistency
ZtoMM trigger inconsistency
ZtoMM trigger inconsistency
Processed   520000/ 1651780 entries, 31.48% (elapsed time  4791.6s, curr speed    0.108 kHz, avg speed    0.109 kHz), accepted     2093/  520001 events ( 0.40%)
ZtoMM trigger inconsistency
ZtoMM trigger inconsistency
ZtoMM trigger inconsistency
ZtoMM trigger inconsistency
ZtoMM trigger inconsistency
Processed   530000/ 1651780 entries, 32.09% (elapsed time  4884.1s, curr speed    0.108 kHz, avg speed    0.109 kHz), accepted     2131/  530001 events ( 0.40%)
ZtoMM trigger inconsistency
ZtoEE trigger inconsistency
ZtoMM trigger inconsistency
ZtoMM trigger inconsistency
TtoEM trigger inconsistency
Processed   540000/ 1651780 entries, 32.69% (elapsed time  4976.4s, curr speed    0.108 kHz, avg speed    0.109 kHz), accepted     2165/  540001 events ( 0.40%)
ZtoMM trigger inconsistency
ZtoMM trigger inconsistency
Bad event
Processed   550000/ 1651780 entries, 33.30% (elapsed time  5067.9s, curr speed    0.109 kHz, avg speed    0.109 kHz), accepted     2191/  550001 events ( 0.40%)
ZtoMM trigger inconsistency
ZtoMM trigger inconsistency
Bad event
ZtoEE trigger inconsistency
ZtoMM trigger inconsistency
Processed   560000/ 1651780 entries, 33.90% (elapsed time  5160.6s, curr speed    0.108 kHz, avg speed    0.109 kHz), accepted     2230/  560001 events ( 0.40%)
ZtoMM trigger inconsistency
Processed   570000/ 1651780 entries, 34.51% (elapsed time  5252.5s, curr speed    0.109 kHz, avg speed    0.109 kHz), accepted     2259/  570001 events ( 0.40%)
Processed   580000/ 1651780 entries, 35.11% (elapsed time  5345.0s, curr speed    0.108 kHz, avg speed    0.109 kHz), accepted     2304/  580001 events ( 0.40%)
ZtoMM trigger inconsistency
ZtoMM trigger inconsistency
ZtoMM trigger inconsistency
ZtoMM trigger inconsistency
ZtoMM trigger inconsistency
ZtoMM trigger inconsistency
Processed   590000/ 1651780 entries, 35.72% (elapsed time  5436.9s, curr speed    0.109 kHz, avg speed    0.109 kHz), accepted     2334/  590001 events ( 0.40%)
ZtoMM trigger inconsistency
TtoEM trigger inconsistency
ZtoMM trigger inconsistency
Processed   600000/ 1651780 entries, 36.32% (elapsed time  5528.7s, curr speed    0.109 kHz, avg speed    0.109 kHz), accepted     2369/  600001 events ( 0.39%)
ZtoMM trigger inconsistency
TtoEM trigger inconsistency
Processed   610000/ 1651780 entries, 36.93% (elapsed time  5618.9s, curr speed    0.111 kHz, avg speed    0.109 kHz), accepted     2406/  610001 events ( 0.39%)
Processed   620000/ 1651780 entries, 37.54% (elapsed time  5710.3s, curr speed    0.109 kHz, avg speed    0.109 kHz), accepted     2448/  620001 events ( 0.39%)
ZtoMM trigger inconsistency
Processed   630000/ 1651780 entries, 38.14% (elapsed time  5801.1s, curr speed    0.110 kHz, avg speed    0.109 kHz), accepted     2489/  630001 events ( 0.40%)
ZtoMM trigger inconsistency
ZtoMM trigger inconsistency
ZtoMM trigger inconsistency
Bad event
Processed   640000/ 1651780 entries, 38.75% (elapsed time  5892.4s, curr speed    0.110 kHz, avg speed    0.109 kHz), accepted     2527/  640001 events ( 0.39%)
ZtoMM trigger inconsistency
Processed   650000/ 1651780 entries, 39.35% (elapsed time  5983.6s, curr speed    0.110 kHz, avg speed    0.109 kHz), accepted     2567/  650001 events ( 0.39%)
Processed   660000/ 1651780 entries, 39.96% (elapsed time  6074.1s, curr speed    0.110 kHz, avg speed    0.109 kHz), accepted     2599/  660001 events ( 0.39%)
ZtoMM trigger inconsistency
Processed   670000/ 1651780 entries, 40.56% (elapsed time  6164.8s, curr speed    0.110 kHz, avg speed    0.109 kHz), accepted     2659/  670001 events ( 0.40%)
ZtoMM trigger inconsistency
Processed   680000/ 1651780 entries, 41.17% (elapsed time  6255.3s, curr speed    0.110 kHz, avg speed    0.109 kHz), accepted     2706/  680001 events ( 0.40%)
ZtoMM trigger inconsistency
ZtoMM trigger inconsistency
Processed   690000/ 1651780 entries, 41.77% (elapsed time  6346.2s, curr speed    0.110 kHz, avg speed    0.109 kHz), accepted     2739/  690001 events ( 0.40%)
ZtoMM trigger inconsistency
Processed   700000/ 1651780 entries, 42.38% (elapsed time  6436.8s, curr speed    0.110 kHz, avg speed    0.109 kHz), accepted     2777/  700001 events ( 0.40%)
ZtoMM trigger inconsistency
Bad event
ZtoMM trigger inconsistency
Processed   710000/ 1651780 entries, 42.98% (elapsed time  6528.8s, curr speed    0.109 kHz, avg speed    0.109 kHz), accepted     2818/  710001 events ( 0.40%)
ZtoMM trigger inconsistency
ZtoMM trigger inconsistency
Processed   720000/ 1651780 entries, 43.59% (elapsed time  6620.3s, curr speed    0.109 kHz, avg speed    0.109 kHz), accepted     2850/  720001 events ( 0.40%)
Processed   730000/ 1651780 entries, 44.19% (elapsed time  6711.4s, curr speed    0.110 kHz, avg speed    0.109 kHz), accepted     2902/  730001 events ( 0.40%)
ZtoEE trigger inconsistency
Processed   740000/ 1651780 entries, 44.80% (elapsed time  6801.7s, curr speed    0.111 kHz, avg speed    0.109 kHz), accepted     2951/  740001 events ( 0.40%)
ZtoMM trigger inconsistency
Processed   750000/ 1651780 entries, 45.41% (elapsed time  6892.8s, curr speed    0.110 kHz, avg speed    0.109 kHz), accepted     2993/  750001 events ( 0.40%)
ZtoMM trigger inconsistency
ZtoMM trigger inconsistency
Processed   760000/ 1651780 entries, 46.01% (elapsed time  6982.7s, curr speed    0.111 kHz, avg speed    0.109 kHz), accepted     3029/  760001 events ( 0.40%)
ZtoMM trigger inconsistency
TtoEM trigger inconsistency
Processed   770000/ 1651780 entries, 46.62% (elapsed time  7073.2s, curr speed    0.110 kHz, avg speed    0.109 kHz), accepted     3073/  770001 events ( 0.40%)
ZtoMM trigger inconsistency
ZtoMM trigger inconsistency
Processed   780000/ 1651780 entries, 47.22% (elapsed time  7164.5s, curr speed    0.110 kHz, avg speed    0.109 kHz), accepted     3118/  780001 events ( 0.40%)
ZtoMM trigger inconsistency
ZtoMM trigger inconsistency
ZtoMM trigger inconsistency
ZtoMM trigger inconsistency
Processed   790000/ 1651780 entries, 47.83% (elapsed time  7255.4s, curr speed    0.110 kHz, avg speed    0.109 kHz), accepted     3167/  790001 events ( 0.40%)
ZtoMM trigger inconsistency
Processed   800000/ 1651780 entries, 48.43% (elapsed time  7345.5s, curr speed    0.111 kHz, avg speed    0.109 kHz), accepted     3209/  800001 events ( 0.40%)
ZtoMM trigger inconsistency
Processed   810000/ 1651780 entries, 49.04% (elapsed time  7436.1s, curr speed    0.110 kHz, avg speed    0.109 kHz), accepted     3260/  810001 events ( 0.40%)
ZtoMM trigger inconsistency
ZtoEE trigger inconsistency
ZtoMM trigger inconsistency
ZtoMM trigger inconsistency
ZtoMM trigger inconsistency
Processed   820000/ 1651780 entries, 49.64% (elapsed time  7526.8s, curr speed    0.110 kHz, avg speed    0.109 kHz), accepted     3296/  820001 events ( 0.40%)
ZtoMM trigger inconsistency
ZtoMM trigger inconsistency
ZtoMM trigger inconsistency
ZtoMM trigger inconsistency
ZtoMM trigger inconsistency
Processed   830000/ 1651780 entries, 50.25% (elapsed time  7617.1s, curr speed    0.111 kHz, avg speed    0.109 kHz), accepted     3332/  830001 events ( 0.40%)
ZtoMM trigger inconsistency
ZtoMM trigger inconsistency
Processed   840000/ 1651780 entries, 50.85% (elapsed time  7707.8s, curr speed    0.110 kHz, avg speed    0.109 kHz), accepted     3372/  840001 events ( 0.40%)
ZtoMM trigger inconsistency
Processed   850000/ 1651780 entries, 51.46% (elapsed time  7798.9s, curr speed    0.110 kHz, avg speed    0.109 kHz), accepted     3404/  850001 events ( 0.40%)
Bad event
ZtoMM trigger inconsistency
ZtoMM trigger inconsistency
Processed   860000/ 1651780 entries, 52.07% (elapsed time  7890.0s, curr speed    0.110 kHz, avg speed    0.109 kHz), accepted     3444/  860001 events ( 0.40%)
ZtoMM trigger inconsistency
ZtoMM trigger inconsistency
Processed   870000/ 1651780 entries, 52.67% (elapsed time  7981.3s, curr speed    0.110 kHz, avg speed    0.109 kHz), accepted     3491/  870001 events ( 0.40%)
TtoEM trigger inconsistency
ZtoMM trigger inconsistency
Processed   880000/ 1651780 entries, 53.28% (elapsed time  8073.0s, curr speed    0.109 kHz, avg speed    0.109 kHz), accepted     3536/  880001 events ( 0.40%)
ZtoMM trigger inconsistency
ZtoMM trigger inconsistency
TtoEM trigger inconsistency
Processed   890000/ 1651780 entries, 53.88% (elapsed time  8164.2s, curr speed    0.110 kHz, avg speed    0.109 kHz), accepted     3573/  890001 events ( 0.40%)
ZtoMM trigger inconsistency
ZtoEE trigger inconsistency
ZtoMM trigger inconsistency
ZtoMM trigger inconsistency
Processed   900000/ 1651780 entries, 54.49% (elapsed time  8254.1s, curr speed    0.111 kHz, avg speed    0.109 kHz), accepted     3607/  900001 events ( 0.40%)
TtoEM trigger inconsistency
ZtoMM trigger inconsistency
ZtoMM trigger inconsistency
Processed   910000/ 1651780 entries, 55.09% (elapsed time  8345.0s, curr speed    0.110 kHz, avg speed    0.109 kHz), accepted     3654/  910001 events ( 0.40%)
ZtoMM trigger inconsistency
Processed   920000/ 1651780 entries, 55.70% (elapsed time  8435.1s, curr speed    0.111 kHz, avg speed    0.109 kHz), accepted     3694/  920001 events ( 0.40%)
ZtoMM trigger inconsistency
Processed   930000/ 1651780 entries, 56.30% (elapsed time  8525.4s, curr speed    0.111 kHz, avg speed    0.109 kHz), accepted     3722/  930001 events ( 0.40%)
ZtoMM trigger inconsistency
Bad event
ZtoMM trigger inconsistency
Processed   940000/ 1651780 entries, 56.91% (elapsed time  8615.7s, curr speed    0.111 kHz, avg speed    0.109 kHz), accepted     3754/  940001 events ( 0.40%)
ZtoMM trigger inconsistency
ZtoMM trigger inconsistency
Processed   950000/ 1651780 entries, 57.51% (elapsed time  8706.6s, curr speed    0.110 kHz, avg speed    0.109 kHz), accepted     3803/  950001 events ( 0.40%)
ZtoMM trigger inconsistency
Processed   960000/ 1651780 entries, 58.12% (elapsed time  8796.3s, curr speed    0.112 kHz, avg speed    0.109 kHz), accepted     3843/  960001 events ( 0.40%)
ZtoMM trigger inconsistency
ZtoMM trigger inconsistency
ZtoMM trigger inconsistency
TtoEM trigger inconsistency
Processed   970000/ 1651780 entries, 58.72% (elapsed time  8887.4s, curr speed    0.110 kHz, avg speed    0.109 kHz), accepted     3890/  970001 events ( 0.40%)
ZtoMM trigger inconsistency
ZtoMM trigger inconsistency
Processed   980000/ 1651780 entries, 59.33% (elapsed time  8978.8s, curr speed    0.109 kHz, avg speed    0.109 kHz), accepted     3933/  980001 events ( 0.40%)
ZtoMM trigger inconsistency
ZtoMM trigger inconsistency
ZtoMM trigger inconsistency
Bad event
Bad event
Processed   990000/ 1651780 entries, 59.94% (elapsed time  9069.1s, curr speed    0.111 kHz, avg speed    0.109 kHz), accepted     3968/  990001 events ( 0.40%)
ZtoMM trigger inconsistency
ZtoMM trigger inconsistency
Bad event
Processed  1000000/ 1651780 entries, 60.54% (elapsed time  9159.9s, curr speed    0.110 kHz, avg speed    0.109 kHz), accepted     3999/ 1000001 events ( 0.40%)
TtoEM trigger inconsistency
ZtoEE trigger inconsistency
Processed  1010000/ 1651780 entries, 61.15% (elapsed time  9250.7s, curr speed    0.110 kHz, avg speed    0.109 kHz), accepted     4041/ 1010001 events ( 0.40%)
ZtoEE trigger inconsistency
ZtoMM trigger inconsistency
ZtoMM trigger inconsistency
ZtoMM trigger inconsistency
ZtoMM trigger inconsistency
Processed  1020000/ 1651780 entries, 61.75% (elapsed time  9341.1s, curr speed    0.111 kHz, avg speed    0.109 kHz), accepted     4092/ 1020001 events ( 0.40%)
ZtoMM trigger inconsistency
ZtoMM trigger inconsistency
ZtoMM trigger inconsistency
Processed  1030000/ 1651780 entries, 62.36% (elapsed time  9430.5s, curr speed    0.112 kHz, avg speed    0.109 kHz), accepted     4133/ 1030001 events ( 0.40%)
ZtoMM trigger inconsistency
ZtoMM trigger inconsistency
ZtoMM trigger inconsistency
Processed  1040000/ 1651780 entries, 62.96% (elapsed time  9520.2s, curr speed    0.111 kHz, avg speed    0.109 kHz), accepted     4167/ 1040001 events ( 0.40%)
ZtoMM trigger inconsistency
Processed  1050000/ 1651780 entries, 63.57% (elapsed time  9608.8s, curr speed    0.113 kHz, avg speed    0.109 kHz), accepted     4207/ 1050001 events ( 0.40%)
ZtoMM trigger inconsistency
ZtoMM trigger inconsistency
Processed  1060000/ 1651780 entries, 64.17% (elapsed time  9697.9s, curr speed    0.112 kHz, avg speed    0.109 kHz), accepted     4247/ 1060001 events ( 0.40%)
ZtoMM trigger inconsistency
Processed  1070000/ 1651780 entries, 64.78% (elapsed time  9786.7s, curr speed    0.113 kHz, avg speed    0.109 kHz), accepted     4293/ 1070001 events ( 0.40%)
Processed  1080000/ 1651780 entries, 65.38% (elapsed time  9874.4s, curr speed    0.114 kHz, avg speed    0.109 kHz), accepted     4340/ 1080001 events ( 0.40%)
Bad event
TtoEM trigger inconsistency
Processed  1090000/ 1651780 entries, 65.99% (elapsed time  9961.8s, curr speed    0.114 kHz, avg speed    0.109 kHz), accepted     4389/ 1090001 events ( 0.40%)
ZtoMM trigger inconsistency
ZtoMM trigger inconsistency
Processed  1100000/ 1651780 entries, 66.59% (elapsed time 10048.8s, curr speed    0.115 kHz, avg speed    0.109 kHz), accepted     4426/ 1100001 events ( 0.40%)
ZtoMM trigger inconsistency
ZtoMM trigger inconsistency
ZtoMM trigger inconsistency
Processed  1110000/ 1651780 entries, 67.20% (elapsed time 10136.3s, curr speed    0.114 kHz, avg speed    0.110 kHz), accepted     4464/ 1110001 events ( 0.40%)
ZtoMM trigger inconsistency
Processed  1120000/ 1651780 entries, 67.81% (elapsed time 10227.4s, curr speed    0.110 kHz, avg speed    0.110 kHz), accepted     4497/ 1120001 events ( 0.40%)
ZtoMM trigger inconsistency
ZtoMM trigger inconsistency
ZtoEE trigger inconsistency
Processed  1130000/ 1651780 entries, 68.41% (elapsed time 10317.5s, curr speed    0.111 kHz, avg speed    0.110 kHz), accepted     4530/ 1130001 events ( 0.40%)
ZtoMM trigger inconsistency
ZtoMM trigger inconsistency
ZtoMM trigger inconsistency
Processed  1140000/ 1651780 entries, 69.02% (elapsed time 10404.1s, curr speed    0.115 kHz, avg speed    0.110 kHz), accepted     4575/ 1140001 events ( 0.40%)
ZtoMM trigger inconsistency
Processed  1150000/ 1651780 entries, 69.62% (elapsed time 10489.4s, curr speed    0.117 kHz, avg speed    0.110 kHz), accepted     4616/ 1150001 events ( 0.40%)
ZtoMM trigger inconsistency
ZtoMM trigger inconsistency
ZtoMM trigger inconsistency
Processed  1160000/ 1651780 entries, 70.23% (elapsed time 10574.9s, curr speed    0.117 kHz, avg speed    0.110 kHz), accepted     4655/ 1160001 events ( 0.40%)
ZtoMM trigger inconsistency
ZtoMM trigger inconsistency
ZtoMM trigger inconsistency
Processed  1170000/ 1651780 entries, 70.83% (elapsed time 10660.2s, curr speed    0.117 kHz, avg speed    0.110 kHz), accepted     4694/ 1170001 events ( 0.40%)
ZtoMM trigger inconsistency
Processed  1180000/ 1651780 entries, 71.44% (elapsed time 10745.5s, curr speed    0.117 kHz, avg speed    0.110 kHz), accepted     4735/ 1180001 events ( 0.40%)
ZtoMM trigger inconsistency
ZtoMM trigger inconsistency
ZtoMM trigger inconsistency
Processed  1190000/ 1651780 entries, 72.04% (elapsed time 10831.3s, curr speed    0.117 kHz, avg speed    0.110 kHz), accepted     4773/ 1190001 events ( 0.40%)
ZtoMM trigger inconsistency
Processed  1200000/ 1651780 entries, 72.65% (elapsed time 10917.0s, curr speed    0.117 kHz, avg speed    0.110 kHz), accepted     4813/ 1200001 events ( 0.40%)
TtoEM trigger inconsistency
ZtoMM trigger inconsistency
ZtoMM trigger inconsistency
ZtoMM trigger inconsistency
Processed  1210000/ 1651780 entries, 73.25% (elapsed time 11009.6s, curr speed    0.108 kHz, avg speed    0.110 kHz), accepted     4857/ 1210001 events ( 0.40%)
ZtoMM trigger inconsistency
Bad event
Processed  1220000/ 1651780 entries, 73.86% (elapsed time 11103.6s, curr speed    0.106 kHz, avg speed    0.110 kHz), accepted     4894/ 1220001 events ( 0.40%)
ZtoMM trigger inconsistency
Processed  1230000/ 1651780 entries, 74.47% (elapsed time 11198.2s, curr speed    0.106 kHz, avg speed    0.110 kHz), accepted     4928/ 1230001 events ( 0.40%)
ZtoEE trigger inconsistency
ZtoEE trigger inconsistency
Processed  1240000/ 1651780 entries, 75.07% (elapsed time 11292.8s, curr speed    0.106 kHz, avg speed    0.110 kHz), accepted     4965/ 1240001 events ( 0.40%)
ZtoMM trigger inconsistency
ZtoMM trigger inconsistency
Processed  1250000/ 1651780 entries, 75.68% (elapsed time 11379.0s, curr speed    0.116 kHz, avg speed    0.110 kHz), accepted     5009/ 1250001 events ( 0.40%)
ZtoMM trigger inconsistency
ZtoMM trigger inconsistency
ZtoMM trigger inconsistency
Processed  1260000/ 1651780 entries, 76.28% (elapsed time 11465.3s, curr speed    0.116 kHz, avg speed    0.110 kHz), accepted     5050/ 1260001 events ( 0.40%)
ZtoMM trigger inconsistency
TtoEM trigger inconsistency
Processed  1270000/ 1651780 entries, 76.89% (elapsed time 11550.7s, curr speed    0.117 kHz, avg speed    0.110 kHz), accepted     5086/ 1270001 events ( 0.40%)
ZtoMM trigger inconsistency
TtoEM trigger inconsistency
Processed  1280000/ 1651780 entries, 77.49% (elapsed time 11636.6s, curr speed    0.116 kHz, avg speed    0.110 kHz), accepted     5130/ 1280001 events ( 0.40%)
ZtoMM trigger inconsistency
ZtoMM trigger inconsistency
TtoEM trigger inconsistency
ZtoMM trigger inconsistency
Processed  1290000/ 1651780 entries, 78.10% (elapsed time 11722.4s, curr speed    0.116 kHz, avg speed    0.110 kHz), accepted     5176/ 1290001 events ( 0.40%)
ZtoMM trigger inconsistency
ZtoMM trigger inconsistency
Processed  1300000/ 1651780 entries, 78.70% (elapsed time 11807.9s, curr speed    0.117 kHz, avg speed    0.110 kHz), accepted     5218/ 1300001 events ( 0.40%)
ZtoMM trigger inconsistency
ZtoMM trigger inconsistency
ZtoMM trigger inconsistency
Processed  1310000/ 1651780 entries, 79.31% (elapsed time 11892.7s, curr speed    0.118 kHz, avg speed    0.110 kHz), accepted     5251/ 1310001 events ( 0.40%)
Processed  1320000/ 1651780 entries, 79.91% (elapsed time 11978.5s, curr speed    0.117 kHz, avg speed    0.110 kHz), accepted     5297/ 1320001 events ( 0.40%)
ZtoMM trigger inconsistency
Processed  1330000/ 1651780 entries, 80.52% (elapsed time 12064.3s, curr speed    0.116 kHz, avg speed    0.110 kHz), accepted     5332/ 1330001 events ( 0.40%)
ZtoMM trigger inconsistency
Processed  1340000/ 1651780 entries, 81.12% (elapsed time 12149.6s, curr speed    0.117 kHz, avg speed    0.110 kHz), accepted     5371/ 1340001 events ( 0.40%)
ZtoEE trigger inconsistency
Processed  1350000/ 1651780 entries, 81.73% (elapsed time 12235.5s, curr speed    0.116 kHz, avg speed    0.110 kHz), accepted     5417/ 1350001 events ( 0.40%)
ZtoMM trigger inconsistency
ZtoEE trigger inconsistency
ZtoMM trigger inconsistency
ZtoMM trigger inconsistency
Processed  1360000/ 1651780 entries, 82.34% (elapsed time 12320.8s, curr speed    0.117 kHz, avg speed    0.110 kHz), accepted     5453/ 1360001 events ( 0.40%)
ZtoMM trigger inconsistency
ZtoMM trigger inconsistency
ZtoMM trigger inconsistency
TtoEM trigger inconsistency
Processed  1370000/ 1651780 entries, 82.94% (elapsed time 12405.9s, curr speed    0.117 kHz, avg speed    0.110 kHz), accepted     5498/ 1370001 events ( 0.40%)
ZtoMM trigger inconsistency
Processed  1380000/ 1651780 entries, 83.55% (elapsed time 12491.7s, curr speed    0.117 kHz, avg speed    0.110 kHz), accepted     5534/ 1380001 events ( 0.40%)
ZtoMM trigger inconsistency
ZtoMM trigger inconsistency
ZtoMM trigger inconsistency
ZtoMM trigger inconsistency
Processed  1390000/ 1651780 entries, 84.15% (elapsed time 12576.9s, curr speed    0.117 kHz, avg speed    0.111 kHz), accepted     5560/ 1390001 events ( 0.40%)
ZtoMM trigger inconsistency
Processed  1400000/ 1651780 entries, 84.76% (elapsed time 12661.7s, curr speed    0.118 kHz, avg speed    0.111 kHz), accepted     5595/ 1400001 events ( 0.40%)
ZtoMM trigger inconsistency
ZtoMM trigger inconsistency
ZtoMM trigger inconsistency
ZtoEE trigger inconsistency
ZtoMM trigger inconsistency
ZtoMM trigger inconsistency
Processed  1410000/ 1651780 entries, 85.36% (elapsed time 12747.1s, curr speed    0.117 kHz, avg speed    0.111 kHz), accepted     5633/ 1410001 events ( 0.40%)
ZtoMM trigger inconsistency
ZtoMM trigger inconsistency
Processed  1420000/ 1651780 entries, 85.97% (elapsed time 12833.2s, curr speed    0.116 kHz, avg speed    0.111 kHz), accepted     5684/ 1420001 events ( 0.40%)
ZtoMM trigger inconsistency
ZtoMM trigger inconsistency
Processed  1430000/ 1651780 entries, 86.57% (elapsed time 12918.5s, curr speed    0.117 kHz, avg speed    0.111 kHz), accepted     5725/ 1430001 events ( 0.40%)
ZtoMM trigger inconsistency
ZtoMM trigger inconsistency
ZtoMM trigger inconsistency
Processed  1440000/ 1651780 entries, 87.18% (elapsed time 13004.0s, curr speed    0.117 kHz, avg speed    0.111 kHz), accepted     5763/ 1440001 events ( 0.40%)
ZtoMM trigger inconsistency
Processed  1450000/ 1651780 entries, 87.78% (elapsed time 13089.7s, curr speed    0.117 kHz, avg speed    0.111 kHz), accepted     5794/ 1450001 events ( 0.40%)
Processed  1460000/ 1651780 entries, 88.39% (elapsed time 13175.3s, curr speed    0.117 kHz, avg speed    0.111 kHz), accepted     5827/ 1460001 events ( 0.40%)
ZtoMM trigger inconsistency
TtoEM trigger inconsistency
Processed  1470000/ 1651780 entries, 88.99% (elapsed time 13261.0s, curr speed    0.117 kHz, avg speed    0.111 kHz), accepted     5868/ 1470001 events ( 0.40%)
Processed  1480000/ 1651780 entries, 89.60% (elapsed time 13346.5s, curr speed    0.117 kHz, avg speed    0.111 kHz), accepted     5906/ 1480001 events ( 0.40%)
ZtoMM trigger inconsistency
ZtoMM trigger inconsistency
ZtoMM trigger inconsistency
ZtoMM trigger inconsistency
Processed  1490000/ 1651780 entries, 90.21% (elapsed time 13432.0s, curr speed    0.117 kHz, avg speed    0.111 kHz), accepted     5953/ 1490001 events ( 0.40%)
Processed  1500000/ 1651780 entries, 90.81% (elapsed time 13516.7s, curr speed    0.118 kHz, avg speed    0.111 kHz), accepted     5982/ 1500001 events ( 0.40%)
ZtoMM trigger inconsistency
Processed  1510000/ 1651780 entries, 91.42% (elapsed time 13601.6s, curr speed    0.118 kHz, avg speed    0.111 kHz), accepted     6027/ 1510001 events ( 0.40%)
ZtoMM trigger inconsistency
ZtoEE trigger inconsistency
TtoEM trigger inconsistency
Processed  1520000/ 1651780 entries, 92.02% (elapsed time 13687.4s, curr speed    0.117 kHz, avg speed    0.111 kHz), accepted     6068/ 1520001 events ( 0.40%)
ZtoEE trigger inconsistency
ZtoMM trigger inconsistency
ZtoMM trigger inconsistency
Processed  1530000/ 1651780 entries, 92.63% (elapsed time 13772.1s, curr speed    0.118 kHz, avg speed    0.111 kHz), accepted     6117/ 1530001 events ( 0.40%)
ZtoMM trigger inconsistency
ZtoMM trigger inconsistency
ZtoMM trigger inconsistency
ZtoMM trigger inconsistency
ZtoMM trigger inconsistency
Processed  1540000/ 1651780 entries, 93.23% (elapsed time 13857.5s, curr speed    0.117 kHz, avg speed    0.111 kHz), accepted     6152/ 1540001 events ( 0.40%)
ZtoMM trigger inconsistency
Processed  1550000/ 1651780 entries, 93.84% (elapsed time 13942.8s, curr speed    0.117 kHz, avg speed    0.111 kHz), accepted     6203/ 1550001 events ( 0.40%)
Processed  1560000/ 1651780 entries, 94.44% (elapsed time 14027.2s, curr speed    0.118 kHz, avg speed    0.111 kHz), accepted     6241/ 1560001 events ( 0.40%)
ZtoMM trigger inconsistency
Processed  1570000/ 1651780 entries, 95.05% (elapsed time 14112.5s, curr speed    0.117 kHz, avg speed    0.111 kHz), accepted     6275/ 1570001 events ( 0.40%)
ZtoMM trigger inconsistency
Processed  1580000/ 1651780 entries, 95.65% (elapsed time 14197.2s, curr speed    0.118 kHz, avg speed    0.111 kHz), accepted     6323/ 1580001 events ( 0.40%)
ZtoMM trigger inconsistency
TtoEM trigger inconsistency
Processed  1590000/ 1651780 entries, 96.26% (elapsed time 14282.3s, curr speed    0.118 kHz, avg speed    0.111 kHz), accepted     6368/ 1590001 events ( 0.40%)
ZtoMM trigger inconsistency
Processed  1600000/ 1651780 entries, 96.87% (elapsed time 14367.2s, curr speed    0.118 kHz, avg speed    0.111 kHz), accepted     6411/ 1600001 events ( 0.40%)
ZtoMM trigger inconsistency
ZtoMM trigger inconsistency
Processed  1610000/ 1651780 entries, 97.47% (elapsed time 14452.9s, curr speed    0.117 kHz, avg speed    0.111 kHz), accepted     6461/ 1610001 events ( 0.40%)
Processed  1620000/ 1651780 entries, 98.08% (elapsed time 14538.6s, curr speed    0.117 kHz, avg speed    0.111 kHz), accepted     6506/ 1620001 events ( 0.40%)
ZtoMM trigger inconsistency
ZtoMM trigger inconsistency
ZtoMM trigger inconsistency
ZtoMM trigger inconsistency
ZtoMM trigger inconsistency
ZtoMM trigger inconsistency
Processed  1630000/ 1651780 entries, 98.68% (elapsed time 14623.7s, curr speed    0.118 kHz, avg speed    0.111 kHz), accepted     6557/ 1630001 events ( 0.40%)
TtoEM trigger inconsistency
Processed  1640000/ 1651780 entries, 99.29% (elapsed time 14709.6s, curr speed    0.117 kHz, avg speed    0.111 kHz), accepted     6604/ 1640001 events ( 0.40%)
ZtoEE trigger inconsistency
ZtoMM trigger inconsistency
ZtoMM trigger inconsistency
ZtoMM trigger inconsistency
Processed  1650000/ 1651780 entries, 99.89% (elapsed time 14795.0s, curr speed    0.117 kHz, avg speed    0.112 kHz), accepted     6650/ 1650001 events ( 0.40%)
ZtoMM trigger inconsistency
ZtoMM trigger inconsistency
Processed 1651780 preselected entries from root://cms-xrd-global.cern.ch//store/mc/RunIISummer16NanoAODv6/ZZTo2L2Nu_13TeV_powheg_pythia8_ext1/NANOAODSIM/PUMoriond17_Nano25Oct2019_102X_mcRun2_asymptotic_v7-v1/70000/0CB901BD-0EEE-C144-A321-5A8E3685FEC1.root (1651780 entries). Finally selected 6659 entries
Done /work/pbaertsc/heavy_resonance/output_2016/ZZTo2L2Nu_13TeV_powheg_pythia8_ext1__RunIISummer16NanoAODv6-PUMoriond17_Nano25Oct2019_102X_mcRun2_asymptotic_v7-v1__NANOAODSIM/0CB901BD-0EEE-C144-A321-5A8E3685FEC1.root
111.406000134 Hz
deleting root file with name: /work/pbaertsc/heavy_resonance/output_2016/ZZTo2L2Nu_13TeV_powheg_pythia8_ext1__RunIISummer16NanoAODv6-PUMoriond17_Nano25Oct2019_102X_mcRun2_asymptotic_v7-v1__NANOAODSIM/0CB901BD-0EEE-C144-A321-5A8E3685FEC1.root
DONE
Complete at
Wed Jan 29 03:21:12 CET 2020
