job start at
Tue Jan 28 20:37:00 CET 2020
SLURM_JOB_ID: 422155
HOSTNAME: t3wn34
JOBLIST:joblist/joblist_GluGluHToBB_M125_13TeV_powheg_pythia8__RunIIAutumn18NanoAODv6-Nano25Oct2019_102X_upgrade2018_realistic_v20-v1__NANOAODSIM_ll.txt
Going to execute
python job.py -i root://cms-xrd-global.cern.ch//store/mc/RunIIAutumn18NanoAODv6/GluGluHToBB_M125_13TeV_powheg_pythia8/NANOAODSIM/Nano25Oct2019_102X_upgrade2018_realistic_v20-v1/60000/85ECF1C6-C300-CE41-A0E6-084CF66915FB.root -o /work/pbaertsc/heavy_resonance/output_2018/GluGluHToBB_M125_13TeV_powheg_pythia8__RunIIAutumn18NanoAODv6-Nano25Oct2019_102X_upgrade2018_realistic_v20-v1__NANOAODSIM -N GluGluHToBB_M125_13TeV_powheg_pythia8__RunIIAutumn18NanoAODv6-Nano25Oct2019_102X_upgrade2018_realistic_v20-v1__NANOAODSIM -n 7 -c ll -y 2018
TClass::Init:0: RuntimeWarning: no dictionary for class ROOT::TIOFeatures is available
/work/pbaertsc/heavy_resonance/CMSSW_9_4_6/python/PhysicsTools/NanoAODTools/postprocessing/framework/treeReaderArrayTools.py:69: RuntimeWarning: creating executor for unknown type "ULong64_t*"
  ret = _vr.Get()[0]
JEC= Autumn18_V19_MC 	 JER= Autumn18_V7_MC
MET branch= PuppiMET
JEC= Autumn18_V19_MC 	 JER= Autumn18_V7_MC
MET branch= PuppiMET
--------------------------------------------------------------------------------
input files  = ['root://cms-xrd-global.cern.ch//store/mc/RunIIAutumn18NanoAODv6/GluGluHToBB_M125_13TeV_powheg_pythia8/NANOAODSIM/Nano25Oct2019_102X_upgrade2018_realistic_v20-v1/60000/85ECF1C6-C300-CE41-A0E6-084CF66915FB.root']
output directory = /work/pbaertsc/heavy_resonance/output_2018/GluGluHToBB_M125_13TeV_powheg_pythia8__RunIIAutumn18NanoAODv6-Nano25Oct2019_102X_upgrade2018_realistic_v20-v1__NANOAODSIM
output file  = GluGluHToBB_M125_13TeV_powheg_pythia8__RunIIAutumn18NanoAODv6-Nano25Oct2019_102X_upgrade2018_realistic_v20-v1__NANOAODSIM_7_ll.root
chunck       = 7
channel      = ll
dataType     = mc
year         = 2018
tes          = 1.0
ltf          = 1.0
jtf          = 1.0
--------------------------------------------------------------------------------
job.py: creating PostProcessor...
TreeProducer is called /work/pbaertsc/heavy_resonance/output_2018/GluGluHToBB_M125_13TeV_powheg_pythia8__RunIIAutumn18NanoAODv6-Nano25Oct2019_102X_upgrade2018_realistic_v20-v1__NANOAODSIM/GluGluHToBB_M125_13TeV_powheg_pythia8__RunIIAutumn18NanoAODv6-Nano25Oct2019_102X_upgrade2018_realistic_v20-v1__NANOAODSIM_7_ll.root
job.py: going to run PostProcessor...
Will write selected trees to /work/pbaertsc/heavy_resonance/output_2018/GluGluHToBB_M125_13TeV_powheg_pythia8__RunIIAutumn18NanoAODv6-Nano25Oct2019_102X_upgrade2018_realistic_v20-v1__NANOAODSIM
Loading jet energy scale (JES) uncertainties from file '/tmp/tmpkVt8UD/Autumn18_V19_MC_Uncertainty_AK4PFchs.txt'
Loading jet energy resolutions (JER) from file '/tmp/tmpbK4veA/Autumn18_V7_MC_PtResolution_AK4PFchs.txt'
Loading JER scale factors and uncertainties from file '/tmp/tmpbK4veA/Autumn18_V7_MC_SF_AK4PFchs.txt'
Loading jet energy scale (JES) uncertainties from file '/tmp/tmpxxGUD7/Autumn18_V19_MC_Uncertainty_AK8PFPuppi.txt'
Loading jet energy resolutions (JER) from file '/tmp/tmpOBoM7G/Autumn18_V7_MC_PtResolution_AK8PFPuppi.txt'
Loading JER scale factors and uncertainties from file '/tmp/tmpOBoM7G/Autumn18_V7_MC_SF_AK8PFPuppi.txt'
Pre-select 2208000 entries out of 2208000 (100.00%)
nanoAODv5? True
Processed    10000/ 2208000 entries,  0.45% (elapsed time   125.8s, curr speed    0.079 kHz, avg speed    0.079 kHz), accepted        0/   10001 events ( 0.00%)
Processed    20000/ 2208000 entries,  0.91% (elapsed time   249.0s, curr speed    0.081 kHz, avg speed    0.080 kHz), accepted        0/   20001 events ( 0.00%)
Processed    30000/ 2208000 entries,  1.36% (elapsed time   372.6s, curr speed    0.081 kHz, avg speed    0.081 kHz), accepted        1/   30001 events ( 0.00%)
Processed    40000/ 2208000 entries,  1.81% (elapsed time   493.2s, curr speed    0.083 kHz, avg speed    0.081 kHz), accepted        1/   40001 events ( 0.00%)
Processed    50000/ 2208000 entries,  2.26% (elapsed time   613.6s, curr speed    0.083 kHz, avg speed    0.081 kHz), accepted        2/   50001 events ( 0.00%)
Processed    60000/ 2208000 entries,  2.72% (elapsed time   735.0s, curr speed    0.082 kHz, avg speed    0.082 kHz), accepted        2/   60001 events ( 0.00%)
Processed    70000/ 2208000 entries,  3.17% (elapsed time   856.1s, curr speed    0.083 kHz, avg speed    0.082 kHz), accepted        2/   70001 events ( 0.00%)
Processed    80000/ 2208000 entries,  3.62% (elapsed time   977.2s, curr speed    0.083 kHz, avg speed    0.082 kHz), accepted        2/   80001 events ( 0.00%)
Processed    90000/ 2208000 entries,  4.08% (elapsed time  1099.3s, curr speed    0.082 kHz, avg speed    0.082 kHz), accepted        3/   90001 events ( 0.00%)
Processed   100000/ 2208000 entries,  4.53% (elapsed time  1222.6s, curr speed    0.081 kHz, avg speed    0.082 kHz), accepted        3/  100001 events ( 0.00%)
Processed   110000/ 2208000 entries,  4.98% (elapsed time  1347.6s, curr speed    0.080 kHz, avg speed    0.082 kHz), accepted        3/  110001 events ( 0.00%)
Processed   120000/ 2208000 entries,  5.43% (elapsed time  1469.2s, curr speed    0.082 kHz, avg speed    0.082 kHz), accepted        3/  120001 events ( 0.00%)
Processed   130000/ 2208000 entries,  5.89% (elapsed time  1590.0s, curr speed    0.083 kHz, avg speed    0.082 kHz), accepted        3/  130001 events ( 0.00%)
Processed   140000/ 2208000 entries,  6.34% (elapsed time  1709.5s, curr speed    0.084 kHz, avg speed    0.082 kHz), accepted        3/  140001 events ( 0.00%)
Processed   150000/ 2208000 entries,  6.79% (elapsed time  1831.2s, curr speed    0.082 kHz, avg speed    0.082 kHz), accepted        5/  150001 events ( 0.00%)
Processed   160000/ 2208000 entries,  7.25% (elapsed time  1954.0s, curr speed    0.081 kHz, avg speed    0.082 kHz), accepted        5/  160001 events ( 0.00%)
Processed   170000/ 2208000 entries,  7.70% (elapsed time  2075.7s, curr speed    0.082 kHz, avg speed    0.082 kHz), accepted        6/  170001 events ( 0.00%)
Processed   180000/ 2208000 entries,  8.15% (elapsed time  2196.7s, curr speed    0.083 kHz, avg speed    0.082 kHz), accepted        6/  180001 events ( 0.00%)
Processed   190000/ 2208000 entries,  8.61% (elapsed time  2318.5s, curr speed    0.082 kHz, avg speed    0.082 kHz), accepted        6/  190001 events ( 0.00%)
Processed   200000/ 2208000 entries,  9.06% (elapsed time  2439.5s, curr speed    0.083 kHz, avg speed    0.082 kHz), accepted        6/  200001 events ( 0.00%)
Processed   210000/ 2208000 entries,  9.51% (elapsed time  2561.8s, curr speed    0.082 kHz, avg speed    0.082 kHz), accepted        7/  210001 events ( 0.00%)
Processed   220000/ 2208000 entries,  9.96% (elapsed time  2684.1s, curr speed    0.082 kHz, avg speed    0.082 kHz), accepted        7/  220001 events ( 0.00%)
Processed   230000/ 2208000 entries, 10.42% (elapsed time  2805.1s, curr speed    0.083 kHz, avg speed    0.082 kHz), accepted        7/  230001 events ( 0.00%)
TtoEM trigger inconsistency
Processed   240000/ 2208000 entries, 10.87% (elapsed time  2927.9s, curr speed    0.081 kHz, avg speed    0.082 kHz), accepted        7/  240001 events ( 0.00%)
Processed   250000/ 2208000 entries, 11.32% (elapsed time  3049.2s, curr speed    0.082 kHz, avg speed    0.082 kHz), accepted        7/  250001 events ( 0.00%)
Processed   260000/ 2208000 entries, 11.78% (elapsed time  3170.9s, curr speed    0.082 kHz, avg speed    0.082 kHz), accepted        7/  260001 events ( 0.00%)
Processed   270000/ 2208000 entries, 12.23% (elapsed time  3291.9s, curr speed    0.083 kHz, avg speed    0.082 kHz), accepted        7/  270001 events ( 0.00%)
Processed   280000/ 2208000 entries, 12.68% (elapsed time  3413.1s, curr speed    0.083 kHz, avg speed    0.082 kHz), accepted        7/  280001 events ( 0.00%)
Processed   290000/ 2208000 entries, 13.13% (elapsed time  3534.4s, curr speed    0.082 kHz, avg speed    0.082 kHz), accepted        7/  290001 events ( 0.00%)
Processed   300000/ 2208000 entries, 13.59% (elapsed time  3656.2s, curr speed    0.082 kHz, avg speed    0.082 kHz), accepted        7/  300001 events ( 0.00%)
Processed   310000/ 2208000 entries, 14.04% (elapsed time  3776.9s, curr speed    0.083 kHz, avg speed    0.082 kHz), accepted        7/  310001 events ( 0.00%)
Processed   320000/ 2208000 entries, 14.49% (elapsed time  3898.3s, curr speed    0.082 kHz, avg speed    0.082 kHz), accepted        8/  320001 events ( 0.00%)
Processed   330000/ 2208000 entries, 14.95% (elapsed time  4019.4s, curr speed    0.083 kHz, avg speed    0.082 kHz), accepted        8/  330001 events ( 0.00%)
Processed   340000/ 2208000 entries, 15.40% (elapsed time  4141.2s, curr speed    0.082 kHz, avg speed    0.082 kHz), accepted        8/  340001 events ( 0.00%)
Processed   350000/ 2208000 entries, 15.85% (elapsed time  4261.6s, curr speed    0.083 kHz, avg speed    0.082 kHz), accepted        8/  350001 events ( 0.00%)
Processed   360000/ 2208000 entries, 16.30% (elapsed time  4382.7s, curr speed    0.083 kHz, avg speed    0.082 kHz), accepted        8/  360001 events ( 0.00%)
Processed   370000/ 2208000 entries, 16.76% (elapsed time  4504.1s, curr speed    0.082 kHz, avg speed    0.082 kHz), accepted        8/  370001 events ( 0.00%)
Processed   380000/ 2208000 entries, 17.21% (elapsed time  4625.9s, curr speed    0.082 kHz, avg speed    0.082 kHz), accepted        8/  380001 events ( 0.00%)
Processed   390000/ 2208000 entries, 17.66% (elapsed time  4746.9s, curr speed    0.083 kHz, avg speed    0.082 kHz), accepted       10/  390001 events ( 0.00%)
Processed   400000/ 2208000 entries, 18.12% (elapsed time  4868.6s, curr speed    0.082 kHz, avg speed    0.082 kHz), accepted       10/  400001 events ( 0.00%)
Processed   410000/ 2208000 entries, 18.57% (elapsed time  4989.0s, curr speed    0.083 kHz, avg speed    0.082 kHz), accepted       10/  410001 events ( 0.00%)
Processed   420000/ 2208000 entries, 19.02% (elapsed time  5111.0s, curr speed    0.082 kHz, avg speed    0.082 kHz), accepted       10/  420001 events ( 0.00%)
Processed   430000/ 2208000 entries, 19.47% (elapsed time  5233.4s, curr speed    0.082 kHz, avg speed    0.082 kHz), accepted       10/  430001 events ( 0.00%)
Processed   440000/ 2208000 entries, 19.93% (elapsed time  5354.1s, curr speed    0.083 kHz, avg speed    0.082 kHz), accepted       10/  440001 events ( 0.00%)
Processed   450000/ 2208000 entries, 20.38% (elapsed time  5474.6s, curr speed    0.083 kHz, avg speed    0.082 kHz), accepted       10/  450001 events ( 0.00%)
Processed   460000/ 2208000 entries, 20.83% (elapsed time  5596.2s, curr speed    0.082 kHz, avg speed    0.082 kHz), accepted       10/  460001 events ( 0.00%)
Bad event
Processed   470000/ 2208000 entries, 21.29% (elapsed time  5717.3s, curr speed    0.083 kHz, avg speed    0.082 kHz), accepted       10/  470001 events ( 0.00%)
Processed   480000/ 2208000 entries, 21.74% (elapsed time  5837.7s, curr speed    0.083 kHz, avg speed    0.082 kHz), accepted       10/  480001 events ( 0.00%)
%MSG-e SimpleJetCorrectionUncertainty: 
 bin variables out of range
%MSG
%MSG-e SimpleJetCorrectionUncertainty: 
 bin variables out of range
%MSG
Processed   490000/ 2208000 entries, 22.19% (elapsed time  5958.9s, curr speed    0.082 kHz, avg speed    0.082 kHz), accepted       11/  490001 events ( 0.00%)
Processed   500000/ 2208000 entries, 22.64% (elapsed time  6080.2s, curr speed    0.082 kHz, avg speed    0.082 kHz), accepted       11/  500001 events ( 0.00%)
Processed   510000/ 2208000 entries, 23.10% (elapsed time  6201.7s, curr speed    0.082 kHz, avg speed    0.082 kHz), accepted       11/  510001 events ( 0.00%)
Processed   520000/ 2208000 entries, 23.55% (elapsed time  6323.7s, curr speed    0.082 kHz, avg speed    0.082 kHz), accepted       11/  520001 events ( 0.00%)
Processed   530000/ 2208000 entries, 24.00% (elapsed time  6445.5s, curr speed    0.082 kHz, avg speed    0.082 kHz), accepted       12/  530001 events ( 0.00%)
Processed   540000/ 2208000 entries, 24.46% (elapsed time  6565.6s, curr speed    0.083 kHz, avg speed    0.082 kHz), accepted       12/  540001 events ( 0.00%)
Processed   550000/ 2208000 entries, 24.91% (elapsed time  6686.6s, curr speed    0.083 kHz, avg speed    0.082 kHz), accepted       12/  550001 events ( 0.00%)
Processed   560000/ 2208000 entries, 25.36% (elapsed time  6808.5s, curr speed    0.082 kHz, avg speed    0.082 kHz), accepted       12/  560001 events ( 0.00%)
Processed   570000/ 2208000 entries, 25.82% (elapsed time  6930.3s, curr speed    0.082 kHz, avg speed    0.082 kHz), accepted       12/  570001 events ( 0.00%)
Processed   580000/ 2208000 entries, 26.27% (elapsed time  7051.1s, curr speed    0.083 kHz, avg speed    0.082 kHz), accepted       12/  580001 events ( 0.00%)
Processed   590000/ 2208000 entries, 26.72% (elapsed time  7172.1s, curr speed    0.083 kHz, avg speed    0.082 kHz), accepted       12/  590001 events ( 0.00%)
Processed   600000/ 2208000 entries, 27.17% (elapsed time  7293.6s, curr speed    0.082 kHz, avg speed    0.082 kHz), accepted       13/  600001 events ( 0.00%)
Processed   610000/ 2208000 entries, 27.63% (elapsed time  7415.2s, curr speed    0.082 kHz, avg speed    0.082 kHz), accepted       13/  610001 events ( 0.00%)
Processed   620000/ 2208000 entries, 28.08% (elapsed time  7536.5s, curr speed    0.082 kHz, avg speed    0.082 kHz), accepted       13/  620001 events ( 0.00%)
Processed   630000/ 2208000 entries, 28.53% (elapsed time  7656.8s, curr speed    0.083 kHz, avg speed    0.082 kHz), accepted       13/  630001 events ( 0.00%)
Processed   640000/ 2208000 entries, 28.99% (elapsed time  7777.1s, curr speed    0.083 kHz, avg speed    0.082 kHz), accepted       13/  640001 events ( 0.00%)
Processed   650000/ 2208000 entries, 29.44% (elapsed time  7896.9s, curr speed    0.083 kHz, avg speed    0.082 kHz), accepted       13/  650001 events ( 0.00%)
Processed   660000/ 2208000 entries, 29.89% (elapsed time  8017.3s, curr speed    0.083 kHz, avg speed    0.082 kHz), accepted       15/  660001 events ( 0.00%)
Processed   670000/ 2208000 entries, 30.34% (elapsed time  8135.3s, curr speed    0.085 kHz, avg speed    0.082 kHz), accepted       15/  670001 events ( 0.00%)
Processed   680000/ 2208000 entries, 30.80% (elapsed time  8254.0s, curr speed    0.084 kHz, avg speed    0.082 kHz), accepted       15/  680001 events ( 0.00%)
Processed   690000/ 2208000 entries, 31.25% (elapsed time  8374.3s, curr speed    0.083 kHz, avg speed    0.082 kHz), accepted       15/  690001 events ( 0.00%)
Processed   700000/ 2208000 entries, 31.70% (elapsed time  8494.3s, curr speed    0.083 kHz, avg speed    0.082 kHz), accepted       15/  700001 events ( 0.00%)
Processed   710000/ 2208000 entries, 32.16% (elapsed time  8615.9s, curr speed    0.082 kHz, avg speed    0.082 kHz), accepted       16/  710001 events ( 0.00%)
Processed   720000/ 2208000 entries, 32.61% (elapsed time  8735.5s, curr speed    0.084 kHz, avg speed    0.082 kHz), accepted       16/  720001 events ( 0.00%)
Processed   730000/ 2208000 entries, 33.06% (elapsed time  8857.1s, curr speed    0.082 kHz, avg speed    0.082 kHz), accepted       16/  730001 events ( 0.00%)
Processed   740000/ 2208000 entries, 33.51% (elapsed time  8977.2s, curr speed    0.083 kHz, avg speed    0.082 kHz), accepted       16/  740001 events ( 0.00%)
Processed   750000/ 2208000 entries, 33.97% (elapsed time  9098.6s, curr speed    0.082 kHz, avg speed    0.082 kHz), accepted       16/  750001 events ( 0.00%)
%MSG-e SimpleJetCorrectionUncertainty: 
 bin variables out of range
%MSG
%MSG-e SimpleJetCorrectionUncertainty: 
 bin variables out of range
%MSG
Processed   760000/ 2208000 entries, 34.42% (elapsed time  9218.5s, curr speed    0.083 kHz, avg speed    0.082 kHz), accepted       16/  760001 events ( 0.00%)
Processed   770000/ 2208000 entries, 34.87% (elapsed time  9338.7s, curr speed    0.083 kHz, avg speed    0.082 kHz), accepted       16/  770001 events ( 0.00%)
Processed   780000/ 2208000 entries, 35.33% (elapsed time  9458.1s, curr speed    0.084 kHz, avg speed    0.082 kHz), accepted       16/  780001 events ( 0.00%)
Processed   790000/ 2208000 entries, 35.78% (elapsed time  9578.4s, curr speed    0.083 kHz, avg speed    0.082 kHz), accepted       16/  790001 events ( 0.00%)
Processed   800000/ 2208000 entries, 36.23% (elapsed time  9696.1s, curr speed    0.085 kHz, avg speed    0.083 kHz), accepted       16/  800001 events ( 0.00%)
Processed   810000/ 2208000 entries, 36.68% (elapsed time  9814.0s, curr speed    0.085 kHz, avg speed    0.083 kHz), accepted       16/  810001 events ( 0.00%)
Processed   820000/ 2208000 entries, 37.14% (elapsed time  9931.2s, curr speed    0.085 kHz, avg speed    0.083 kHz), accepted       16/  820001 events ( 0.00%)
Processed   830000/ 2208000 entries, 37.59% (elapsed time 10049.9s, curr speed    0.084 kHz, avg speed    0.083 kHz), accepted       16/  830001 events ( 0.00%)
Processed   840000/ 2208000 entries, 38.04% (elapsed time 10167.8s, curr speed    0.085 kHz, avg speed    0.083 kHz), accepted       16/  840001 events ( 0.00%)
Processed   850000/ 2208000 entries, 38.50% (elapsed time 10285.9s, curr speed    0.085 kHz, avg speed    0.083 kHz), accepted       16/  850001 events ( 0.00%)
Processed   860000/ 2208000 entries, 38.95% (elapsed time 10403.5s, curr speed    0.085 kHz, avg speed    0.083 kHz), accepted       16/  860001 events ( 0.00%)
Processed   870000/ 2208000 entries, 39.40% (elapsed time 10520.8s, curr speed    0.085 kHz, avg speed    0.083 kHz), accepted       16/  870001 events ( 0.00%)
Processed   880000/ 2208000 entries, 39.86% (elapsed time 10639.4s, curr speed    0.084 kHz, avg speed    0.083 kHz), accepted       16/  880001 events ( 0.00%)
Processed   890000/ 2208000 entries, 40.31% (elapsed time 10756.9s, curr speed    0.085 kHz, avg speed    0.083 kHz), accepted       16/  890001 events ( 0.00%)
Processed   900000/ 2208000 entries, 40.76% (elapsed time 10875.7s, curr speed    0.084 kHz, avg speed    0.083 kHz), accepted       16/  900001 events ( 0.00%)
Processed   910000/ 2208000 entries, 41.21% (elapsed time 10993.1s, curr speed    0.085 kHz, avg speed    0.083 kHz), accepted       16/  910001 events ( 0.00%)
Processed   920000/ 2208000 entries, 41.67% (elapsed time 11110.2s, curr speed    0.085 kHz, avg speed    0.083 kHz), accepted       17/  920001 events ( 0.00%)
Processed   930000/ 2208000 entries, 42.12% (elapsed time 11228.4s, curr speed    0.085 kHz, avg speed    0.083 kHz), accepted       17/  930001 events ( 0.00%)
Processed   940000/ 2208000 entries, 42.57% (elapsed time 11347.2s, curr speed    0.084 kHz, avg speed    0.083 kHz), accepted       18/  940001 events ( 0.00%)
Processed   950000/ 2208000 entries, 43.03% (elapsed time 11465.2s, curr speed    0.085 kHz, avg speed    0.083 kHz), accepted       18/  950001 events ( 0.00%)
Processed   960000/ 2208000 entries, 43.48% (elapsed time 11583.2s, curr speed    0.085 kHz, avg speed    0.083 kHz), accepted       18/  960001 events ( 0.00%)
Processed   970000/ 2208000 entries, 43.93% (elapsed time 11701.3s, curr speed    0.085 kHz, avg speed    0.083 kHz), accepted       18/  970001 events ( 0.00%)
Processed   980000/ 2208000 entries, 44.38% (elapsed time 11820.0s, curr speed    0.084 kHz, avg speed    0.083 kHz), accepted       18/  980001 events ( 0.00%)
Processed   990000/ 2208000 entries, 44.84% (elapsed time 11937.5s, curr speed    0.085 kHz, avg speed    0.083 kHz), accepted       18/  990001 events ( 0.00%)
Processed  1000000/ 2208000 entries, 45.29% (elapsed time 12054.4s, curr speed    0.086 kHz, avg speed    0.083 kHz), accepted       18/ 1000001 events ( 0.00%)
Processed  1010000/ 2208000 entries, 45.74% (elapsed time 12172.4s, curr speed    0.085 kHz, avg speed    0.083 kHz), accepted       18/ 1010001 events ( 0.00%)
Processed  1020000/ 2208000 entries, 46.20% (elapsed time 12291.4s, curr speed    0.084 kHz, avg speed    0.083 kHz), accepted       18/ 1020001 events ( 0.00%)
Processed  1030000/ 2208000 entries, 46.65% (elapsed time 12410.4s, curr speed    0.084 kHz, avg speed    0.083 kHz), accepted       18/ 1030001 events ( 0.00%)
Processed  1040000/ 2208000 entries, 47.10% (elapsed time 12527.6s, curr speed    0.085 kHz, avg speed    0.083 kHz), accepted       18/ 1040001 events ( 0.00%)
Processed  1050000/ 2208000 entries, 47.55% (elapsed time 12645.7s, curr speed    0.085 kHz, avg speed    0.083 kHz), accepted       18/ 1050001 events ( 0.00%)
Processed  1060000/ 2208000 entries, 48.01% (elapsed time 12764.1s, curr speed    0.084 kHz, avg speed    0.083 kHz), accepted       18/ 1060001 events ( 0.00%)
Processed  1070000/ 2208000 entries, 48.46% (elapsed time 12882.3s, curr speed    0.085 kHz, avg speed    0.083 kHz), accepted       18/ 1070001 events ( 0.00%)
Processed  1080000/ 2208000 entries, 48.91% (elapsed time 12999.8s, curr speed    0.085 kHz, avg speed    0.083 kHz), accepted       18/ 1080001 events ( 0.00%)
Processed  1090000/ 2208000 entries, 49.37% (elapsed time 13119.2s, curr speed    0.084 kHz, avg speed    0.083 kHz), accepted       19/ 1090001 events ( 0.00%)
Processed  1100000/ 2208000 entries, 49.82% (elapsed time 13236.9s, curr speed    0.085 kHz, avg speed    0.083 kHz), accepted       19/ 1100001 events ( 0.00%)
Processed  1110000/ 2208000 entries, 50.27% (elapsed time 13354.2s, curr speed    0.085 kHz, avg speed    0.083 kHz), accepted       19/ 1110001 events ( 0.00%)
Processed  1120000/ 2208000 entries, 50.72% (elapsed time 13470.7s, curr speed    0.086 kHz, avg speed    0.083 kHz), accepted       19/ 1120001 events ( 0.00%)
Processed  1130000/ 2208000 entries, 51.18% (elapsed time 13588.0s, curr speed    0.085 kHz, avg speed    0.083 kHz), accepted       19/ 1130001 events ( 0.00%)
Processed  1140000/ 2208000 entries, 51.63% (elapsed time 13706.1s, curr speed    0.085 kHz, avg speed    0.083 kHz), accepted       19/ 1140001 events ( 0.00%)
Processed  1150000/ 2208000 entries, 52.08% (elapsed time 13823.6s, curr speed    0.085 kHz, avg speed    0.083 kHz), accepted       19/ 1150001 events ( 0.00%)
Processed  1160000/ 2208000 entries, 52.54% (elapsed time 13941.1s, curr speed    0.085 kHz, avg speed    0.083 kHz), accepted       19/ 1160001 events ( 0.00%)
Processed  1170000/ 2208000 entries, 52.99% (elapsed time 14063.9s, curr speed    0.081 kHz, avg speed    0.083 kHz), accepted       19/ 1170001 events ( 0.00%)
Processed  1180000/ 2208000 entries, 53.44% (elapsed time 14186.2s, curr speed    0.082 kHz, avg speed    0.083 kHz), accepted       19/ 1180001 events ( 0.00%)
Processed  1190000/ 2208000 entries, 53.89% (elapsed time 14303.7s, curr speed    0.085 kHz, avg speed    0.083 kHz), accepted       19/ 1190001 events ( 0.00%)
Processed  1200000/ 2208000 entries, 54.35% (elapsed time 14421.9s, curr speed    0.085 kHz, avg speed    0.083 kHz), accepted       19/ 1200001 events ( 0.00%)
Processed  1210000/ 2208000 entries, 54.80% (elapsed time 14539.1s, curr speed    0.085 kHz, avg speed    0.083 kHz), accepted       19/ 1210001 events ( 0.00%)
Processed  1220000/ 2208000 entries, 55.25% (elapsed time 14657.1s, curr speed    0.085 kHz, avg speed    0.083 kHz), accepted       19/ 1220001 events ( 0.00%)
Processed  1230000/ 2208000 entries, 55.71% (elapsed time 14775.1s, curr speed    0.085 kHz, avg speed    0.083 kHz), accepted       19/ 1230001 events ( 0.00%)
Processed  1240000/ 2208000 entries, 56.16% (elapsed time 14897.0s, curr speed    0.082 kHz, avg speed    0.083 kHz), accepted       20/ 1240001 events ( 0.00%)
Processed  1250000/ 2208000 entries, 56.61% (elapsed time 15021.4s, curr speed    0.080 kHz, avg speed    0.083 kHz), accepted       20/ 1250001 events ( 0.00%)
Processed  1260000/ 2208000 entries, 57.07% (elapsed time 15144.7s, curr speed    0.081 kHz, avg speed    0.083 kHz), accepted       20/ 1260001 events ( 0.00%)
Processed  1270000/ 2208000 entries, 57.52% (elapsed time 15266.1s, curr speed    0.082 kHz, avg speed    0.083 kHz), accepted       20/ 1270001 events ( 0.00%)
Processed  1280000/ 2208000 entries, 57.97% (elapsed time 15385.5s, curr speed    0.084 kHz, avg speed    0.083 kHz), accepted       20/ 1280001 events ( 0.00%)
Processed  1290000/ 2208000 entries, 58.42% (elapsed time 15504.6s, curr speed    0.084 kHz, avg speed    0.083 kHz), accepted       20/ 1290001 events ( 0.00%)
Processed  1300000/ 2208000 entries, 58.88% (elapsed time 15622.6s, curr speed    0.085 kHz, avg speed    0.083 kHz), accepted       21/ 1300001 events ( 0.00%)
Processed  1310000/ 2208000 entries, 59.33% (elapsed time 15740.9s, curr speed    0.085 kHz, avg speed    0.083 kHz), accepted       21/ 1310001 events ( 0.00%)
Processed  1320000/ 2208000 entries, 59.78% (elapsed time 15860.2s, curr speed    0.084 kHz, avg speed    0.083 kHz), accepted       22/ 1320001 events ( 0.00%)
Processed  1330000/ 2208000 entries, 60.24% (elapsed time 15978.3s, curr speed    0.085 kHz, avg speed    0.083 kHz), accepted       22/ 1330001 events ( 0.00%)
Processed  1340000/ 2208000 entries, 60.69% (elapsed time 16097.2s, curr speed    0.084 kHz, avg speed    0.083 kHz), accepted       22/ 1340001 events ( 0.00%)
Processed  1350000/ 2208000 entries, 61.14% (elapsed time 16216.0s, curr speed    0.084 kHz, avg speed    0.083 kHz), accepted       23/ 1350001 events ( 0.00%)
Processed  1360000/ 2208000 entries, 61.59% (elapsed time 16333.3s, curr speed    0.085 kHz, avg speed    0.083 kHz), accepted       23/ 1360001 events ( 0.00%)
Processed  1370000/ 2208000 entries, 62.05% (elapsed time 16450.5s, curr speed    0.085 kHz, avg speed    0.083 kHz), accepted       23/ 1370001 events ( 0.00%)
Processed  1380000/ 2208000 entries, 62.50% (elapsed time 16567.7s, curr speed    0.085 kHz, avg speed    0.083 kHz), accepted       23/ 1380001 events ( 0.00%)
Processed  1390000/ 2208000 entries, 62.95% (elapsed time 16686.4s, curr speed    0.084 kHz, avg speed    0.083 kHz), accepted       23/ 1390001 events ( 0.00%)
Processed  1400000/ 2208000 entries, 63.41% (elapsed time 16804.0s, curr speed    0.085 kHz, avg speed    0.083 kHz), accepted       23/ 1400001 events ( 0.00%)
Processed  1410000/ 2208000 entries, 63.86% (elapsed time 16921.9s, curr speed    0.085 kHz, avg speed    0.083 kHz), accepted       23/ 1410001 events ( 0.00%)
Processed  1420000/ 2208000 entries, 64.31% (elapsed time 17039.8s, curr speed    0.085 kHz, avg speed    0.083 kHz), accepted       23/ 1420001 events ( 0.00%)
Processed  1430000/ 2208000 entries, 64.76% (elapsed time 17157.8s, curr speed    0.085 kHz, avg speed    0.083 kHz), accepted       23/ 1430001 events ( 0.00%)
Processed  1440000/ 2208000 entries, 65.22% (elapsed time 17276.7s, curr speed    0.084 kHz, avg speed    0.083 kHz), accepted       25/ 1440001 events ( 0.00%)
Processed  1450000/ 2208000 entries, 65.67% (elapsed time 17394.7s, curr speed    0.085 kHz, avg speed    0.083 kHz), accepted       25/ 1450001 events ( 0.00%)
Processed  1460000/ 2208000 entries, 66.12% (elapsed time 17513.0s, curr speed    0.085 kHz, avg speed    0.083 kHz), accepted       25/ 1460001 events ( 0.00%)
Processed  1470000/ 2208000 entries, 66.58% (elapsed time 17630.6s, curr speed    0.085 kHz, avg speed    0.083 kHz), accepted       25/ 1470001 events ( 0.00%)
Processed  1480000/ 2208000 entries, 67.03% (elapsed time 17748.4s, curr speed    0.085 kHz, avg speed    0.083 kHz), accepted       25/ 1480001 events ( 0.00%)
Processed  1490000/ 2208000 entries, 67.48% (elapsed time 17865.7s, curr speed    0.085 kHz, avg speed    0.083 kHz), accepted       26/ 1490001 events ( 0.00%)
Processed  1500000/ 2208000 entries, 67.93% (elapsed time 17983.7s, curr speed    0.085 kHz, avg speed    0.083 kHz), accepted       26/ 1500001 events ( 0.00%)
Processed  1510000/ 2208000 entries, 68.39% (elapsed time 18101.2s, curr speed    0.085 kHz, avg speed    0.083 kHz), accepted       26/ 1510001 events ( 0.00%)
Processed  1520000/ 2208000 entries, 68.84% (elapsed time 18218.3s, curr speed    0.085 kHz, avg speed    0.083 kHz), accepted       26/ 1520001 events ( 0.00%)
Processed  1530000/ 2208000 entries, 69.29% (elapsed time 18336.8s, curr speed    0.084 kHz, avg speed    0.083 kHz), accepted       26/ 1530001 events ( 0.00%)
Processed  1540000/ 2208000 entries, 69.75% (elapsed time 18455.0s, curr speed    0.085 kHz, avg speed    0.083 kHz), accepted       26/ 1540001 events ( 0.00%)
Processed  1550000/ 2208000 entries, 70.20% (elapsed time 18573.2s, curr speed    0.085 kHz, avg speed    0.083 kHz), accepted       27/ 1550001 events ( 0.00%)
Processed  1560000/ 2208000 entries, 70.65% (elapsed time 18691.1s, curr speed    0.085 kHz, avg speed    0.083 kHz), accepted       27/ 1560001 events ( 0.00%)
Processed  1570000/ 2208000 entries, 71.11% (elapsed time 18808.8s, curr speed    0.085 kHz, avg speed    0.083 kHz), accepted       27/ 1570001 events ( 0.00%)
Processed  1580000/ 2208000 entries, 71.56% (elapsed time 18926.6s, curr speed    0.085 kHz, avg speed    0.083 kHz), accepted       27/ 1580001 events ( 0.00%)
Processed  1590000/ 2208000 entries, 72.01% (elapsed time 19044.1s, curr speed    0.085 kHz, avg speed    0.083 kHz), accepted       27/ 1590001 events ( 0.00%)
Processed  1600000/ 2208000 entries, 72.46% (elapsed time 19162.5s, curr speed    0.084 kHz, avg speed    0.083 kHz), accepted       27/ 1600001 events ( 0.00%)
Processed  1610000/ 2208000 entries, 72.92% (elapsed time 19280.3s, curr speed    0.085 kHz, avg speed    0.084 kHz), accepted       27/ 1610001 events ( 0.00%)
Processed  1620000/ 2208000 entries, 73.37% (elapsed time 19398.4s, curr speed    0.085 kHz, avg speed    0.084 kHz), accepted       27/ 1620001 events ( 0.00%)
Processed  1630000/ 2208000 entries, 73.82% (elapsed time 19516.8s, curr speed    0.084 kHz, avg speed    0.084 kHz), accepted       27/ 1630001 events ( 0.00%)
Processed  1640000/ 2208000 entries, 74.28% (elapsed time 19634.7s, curr speed    0.085 kHz, avg speed    0.084 kHz), accepted       27/ 1640001 events ( 0.00%)
Processed  1650000/ 2208000 entries, 74.73% (elapsed time 19752.0s, curr speed    0.085 kHz, avg speed    0.084 kHz), accepted       27/ 1650001 events ( 0.00%)
Processed  1660000/ 2208000 entries, 75.18% (elapsed time 19869.9s, curr speed    0.085 kHz, avg speed    0.084 kHz), accepted       27/ 1660001 events ( 0.00%)
Processed  1670000/ 2208000 entries, 75.63% (elapsed time 19988.0s, curr speed    0.085 kHz, avg speed    0.084 kHz), accepted       27/ 1670001 events ( 0.00%)
Processed  1680000/ 2208000 entries, 76.09% (elapsed time 20105.6s, curr speed    0.085 kHz, avg speed    0.084 kHz), accepted       27/ 1680001 events ( 0.00%)
Processed  1690000/ 2208000 entries, 76.54% (elapsed time 20223.3s, curr speed    0.085 kHz, avg speed    0.084 kHz), accepted       27/ 1690001 events ( 0.00%)
Bad event
Processed  1700000/ 2208000 entries, 76.99% (elapsed time 20341.8s, curr speed    0.084 kHz, avg speed    0.084 kHz), accepted       28/ 1700001 events ( 0.00%)
Processed  1710000/ 2208000 entries, 77.45% (elapsed time 20459.0s, curr speed    0.085 kHz, avg speed    0.084 kHz), accepted       28/ 1710001 events ( 0.00%)
Processed  1720000/ 2208000 entries, 77.90% (elapsed time 20576.1s, curr speed    0.085 kHz, avg speed    0.084 kHz), accepted       28/ 1720001 events ( 0.00%)
Processed  1730000/ 2208000 entries, 78.35% (elapsed time 20694.5s, curr speed    0.084 kHz, avg speed    0.084 kHz), accepted       28/ 1730001 events ( 0.00%)
Bad event
Processed  1740000/ 2208000 entries, 78.80% (elapsed time 20811.7s, curr speed    0.085 kHz, avg speed    0.084 kHz), accepted       28/ 1740001 events ( 0.00%)
Processed  1750000/ 2208000 entries, 79.26% (elapsed time 20929.5s, curr speed    0.085 kHz, avg speed    0.084 kHz), accepted       28/ 1750001 events ( 0.00%)
Processed  1760000/ 2208000 entries, 79.71% (elapsed time 21045.9s, curr speed    0.086 kHz, avg speed    0.084 kHz), accepted       28/ 1760001 events ( 0.00%)
Processed  1770000/ 2208000 entries, 80.16% (elapsed time 21164.4s, curr speed    0.084 kHz, avg speed    0.084 kHz), accepted       28/ 1770001 events ( 0.00%)
Processed  1780000/ 2208000 entries, 80.62% (elapsed time 21282.5s, curr speed    0.085 kHz, avg speed    0.084 kHz), accepted       28/ 1780001 events ( 0.00%)
Processed  1790000/ 2208000 entries, 81.07% (elapsed time 21399.9s, curr speed    0.085 kHz, avg speed    0.084 kHz), accepted       28/ 1790001 events ( 0.00%)
Processed  1800000/ 2208000 entries, 81.52% (elapsed time 21516.0s, curr speed    0.086 kHz, avg speed    0.084 kHz), accepted       28/ 1800001 events ( 0.00%)
Processed  1810000/ 2208000 entries, 81.97% (elapsed time 21634.2s, curr speed    0.085 kHz, avg speed    0.084 kHz), accepted       29/ 1810001 events ( 0.00%)
Processed  1820000/ 2208000 entries, 82.43% (elapsed time 21751.7s, curr speed    0.085 kHz, avg speed    0.084 kHz), accepted       29/ 1820001 events ( 0.00%)
Processed  1830000/ 2208000 entries, 82.88% (elapsed time 21869.4s, curr speed    0.085 kHz, avg speed    0.084 kHz), accepted       29/ 1830001 events ( 0.00%)
Processed  1840000/ 2208000 entries, 83.33% (elapsed time 21986.8s, curr speed    0.085 kHz, avg speed    0.084 kHz), accepted       29/ 1840001 events ( 0.00%)
Processed  1850000/ 2208000 entries, 83.79% (elapsed time 22105.7s, curr speed    0.084 kHz, avg speed    0.084 kHz), accepted       29/ 1850001 events ( 0.00%)
Processed  1860000/ 2208000 entries, 84.24% (elapsed time 22223.2s, curr speed    0.085 kHz, avg speed    0.084 kHz), accepted       29/ 1860001 events ( 0.00%)
Processed  1870000/ 2208000 entries, 84.69% (elapsed time 22340.5s, curr speed    0.085 kHz, avg speed    0.084 kHz), accepted       30/ 1870001 events ( 0.00%)
TtoEM trigger inconsistency
Processed  1880000/ 2208000 entries, 85.14% (elapsed time 22459.7s, curr speed    0.084 kHz, avg speed    0.084 kHz), accepted       30/ 1880001 events ( 0.00%)
Processed  1890000/ 2208000 entries, 85.60% (elapsed time 22576.6s, curr speed    0.086 kHz, avg speed    0.084 kHz), accepted       30/ 1890001 events ( 0.00%)
Processed  1900000/ 2208000 entries, 86.05% (elapsed time 22693.0s, curr speed    0.086 kHz, avg speed    0.084 kHz), accepted       30/ 1900001 events ( 0.00%)
Processed  1910000/ 2208000 entries, 86.50% (elapsed time 22810.3s, curr speed    0.085 kHz, avg speed    0.084 kHz), accepted       30/ 1910001 events ( 0.00%)
Processed  1920000/ 2208000 entries, 86.96% (elapsed time 22928.2s, curr speed    0.085 kHz, avg speed    0.084 kHz), accepted       30/ 1920001 events ( 0.00%)
Bad event
Processed  1930000/ 2208000 entries, 87.41% (elapsed time 23044.5s, curr speed    0.086 kHz, avg speed    0.084 kHz), accepted       30/ 1930001 events ( 0.00%)
Processed  1940000/ 2208000 entries, 87.86% (elapsed time 23161.3s, curr speed    0.086 kHz, avg speed    0.084 kHz), accepted       30/ 1940001 events ( 0.00%)
Processed  1950000/ 2208000 entries, 88.32% (elapsed time 23277.1s, curr speed    0.086 kHz, avg speed    0.084 kHz), accepted       30/ 1950001 events ( 0.00%)
Processed  1960000/ 2208000 entries, 88.77% (elapsed time 23393.3s, curr speed    0.086 kHz, avg speed    0.084 kHz), accepted       30/ 1960001 events ( 0.00%)
Processed  1970000/ 2208000 entries, 89.22% (elapsed time 23510.9s, curr speed    0.085 kHz, avg speed    0.084 kHz), accepted       31/ 1970001 events ( 0.00%)
Processed  1980000/ 2208000 entries, 89.67% (elapsed time 23627.7s, curr speed    0.086 kHz, avg speed    0.084 kHz), accepted       31/ 1980001 events ( 0.00%)
Processed  1990000/ 2208000 entries, 90.13% (elapsed time 23744.1s, curr speed    0.086 kHz, avg speed    0.084 kHz), accepted       31/ 1990001 events ( 0.00%)
Processed  2000000/ 2208000 entries, 90.58% (elapsed time 23861.5s, curr speed    0.085 kHz, avg speed    0.084 kHz), accepted       31/ 2000001 events ( 0.00%)
Processed  2010000/ 2208000 entries, 91.03% (elapsed time 23978.9s, curr speed    0.085 kHz, avg speed    0.084 kHz), accepted       31/ 2010001 events ( 0.00%)
Processed  2020000/ 2208000 entries, 91.49% (elapsed time 24095.2s, curr speed    0.086 kHz, avg speed    0.084 kHz), accepted       31/ 2020001 events ( 0.00%)
Processed  2030000/ 2208000 entries, 91.94% (elapsed time 24210.8s, curr speed    0.087 kHz, avg speed    0.084 kHz), accepted       31/ 2030001 events ( 0.00%)
Processed  2040000/ 2208000 entries, 92.39% (elapsed time 24327.5s, curr speed    0.086 kHz, avg speed    0.084 kHz), accepted       31/ 2040001 events ( 0.00%)
Processed  2050000/ 2208000 entries, 92.84% (elapsed time 24444.5s, curr speed    0.086 kHz, avg speed    0.084 kHz), accepted       31/ 2050001 events ( 0.00%)
Processed  2060000/ 2208000 entries, 93.30% (elapsed time 24561.9s, curr speed    0.085 kHz, avg speed    0.084 kHz), accepted       32/ 2060001 events ( 0.00%)
Processed  2070000/ 2208000 entries, 93.75% (elapsed time 24677.5s, curr speed    0.087 kHz, avg speed    0.084 kHz), accepted       32/ 2070001 events ( 0.00%)
Processed  2080000/ 2208000 entries, 94.20% (elapsed time 24793.1s, curr speed    0.087 kHz, avg speed    0.084 kHz), accepted       32/ 2080001 events ( 0.00%)
Processed  2090000/ 2208000 entries, 94.66% (elapsed time 24907.7s, curr speed    0.087 kHz, avg speed    0.084 kHz), accepted       34/ 2090001 events ( 0.00%)
Processed  2100000/ 2208000 entries, 95.11% (elapsed time 25022.4s, curr speed    0.087 kHz, avg speed    0.084 kHz), accepted       35/ 2100001 events ( 0.00%)
Processed  2110000/ 2208000 entries, 95.56% (elapsed time 25137.4s, curr speed    0.087 kHz, avg speed    0.084 kHz), accepted       35/ 2110001 events ( 0.00%)
Processed  2120000/ 2208000 entries, 96.01% (elapsed time 25251.9s, curr speed    0.087 kHz, avg speed    0.084 kHz), accepted       35/ 2120001 events ( 0.00%)
Processed  2130000/ 2208000 entries, 96.47% (elapsed time 25367.3s, curr speed    0.087 kHz, avg speed    0.084 kHz), accepted       35/ 2130001 events ( 0.00%)
Processed  2140000/ 2208000 entries, 96.92% (elapsed time 25482.2s, curr speed    0.087 kHz, avg speed    0.084 kHz), accepted       35/ 2140001 events ( 0.00%)
Processed  2150000/ 2208000 entries, 97.37% (elapsed time 25598.4s, curr speed    0.086 kHz, avg speed    0.084 kHz), accepted       35/ 2150001 events ( 0.00%)
Processed  2160000/ 2208000 entries, 97.83% (elapsed time 25714.0s, curr speed    0.087 kHz, avg speed    0.084 kHz), accepted       35/ 2160001 events ( 0.00%)
Processed  2170000/ 2208000 entries, 98.28% (elapsed time 25829.1s, curr speed    0.087 kHz, avg speed    0.084 kHz), accepted       35/ 2170001 events ( 0.00%)
Processed  2180000/ 2208000 entries, 98.73% (elapsed time 25944.0s, curr speed    0.087 kHz, avg speed    0.084 kHz), accepted       35/ 2180001 events ( 0.00%)
Processed  2190000/ 2208000 entries, 99.18% (elapsed time 26058.1s, curr speed    0.088 kHz, avg speed    0.084 kHz), accepted       35/ 2190001 events ( 0.00%)
Processed  2200000/ 2208000 entries, 99.64% (elapsed time 26173.9s, curr speed    0.086 kHz, avg speed    0.084 kHz), accepted       35/ 2200001 events ( 0.00%)
Processed 2208000 preselected entries from root://cms-xrd-global.cern.ch//store/mc/RunIIAutumn18NanoAODv6/GluGluHToBB_M125_13TeV_powheg_pythia8/NANOAODSIM/Nano25Oct2019_102X_upgrade2018_realistic_v20-v1/60000/85ECF1C6-C300-CE41-A0E6-084CF66915FB.root (2208000 entries). Finally selected 35 entries
Done /work/pbaertsc/heavy_resonance/output_2018/GluGluHToBB_M125_13TeV_powheg_pythia8__RunIIAutumn18NanoAODv6-Nano25Oct2019_102X_upgrade2018_realistic_v20-v1__NANOAODSIM/85ECF1C6-C300-CE41-A0E6-084CF66915FB.root
84.0588229024 Hz
deleting root file with name: /work/pbaertsc/heavy_resonance/output_2018/GluGluHToBB_M125_13TeV_powheg_pythia8__RunIIAutumn18NanoAODv6-Nano25Oct2019_102X_upgrade2018_realistic_v20-v1__NANOAODSIM/85ECF1C6-C300-CE41-A0E6-084CF66915FB.root
DONE
Complete at
Wed Jan 29 05:59:08 CET 2020
