job start at
Wed Jan 29 18:02:20 CET 2020
SLURM_JOB_ID: 432936
HOSTNAME: t3wn45
JOBLIST:/work/pbaertsc/heavy_resonance/NanoTreeProducer/joblist/joblist_ZZTo4L_13TeV_powheg_pythia8_ext1__RunIISummer16NanoAODv6-PUMoriond17_Nano25Oct2019_102X_mcRun2_asymptotic_v7-v1__NANOAODSIM_ll_retry.txt
Going to execute
python job.py -i root://cms-xrd-global.cern.ch//store/mc/RunIISummer16NanoAODv6/ZZTo4L_13TeV_powheg_pythia8_ext1/NANOAODSIM/PUMoriond17_Nano25Oct2019_102X_mcRun2_asymptotic_v7-v1/270000/B96E503C-1282-0F45-88FA-A0F2D54B1902.root -o /work/pbaertsc/heavy_resonance/output_2016/ZZTo4L_13TeV_powheg_pythia8_ext1__RunIISummer16NanoAODv6-PUMoriond17_Nano25Oct2019_102X_mcRun2_asymptotic_v7-v1__NANOAODSIM -N ZZTo4L_13TeV_powheg_pythia8_ext1__RunIISummer16NanoAODv6-PUMoriond17_Nano25Oct2019_102X_mcRun2_asymptotic_v7-v1__NANOAODSIM -n 33 -c ll -y 2016
TClass::Init:0: RuntimeWarning: no dictionary for class ROOT::TIOFeatures is available
/work/pbaertsc/heavy_resonance/CMSSW_9_4_6/python/PhysicsTools/NanoAODTools/postprocessing/framework/treeReaderArrayTools.py:69: RuntimeWarning: creating executor for unknown type "ULong64_t*"
  ret = _vr.Get()[0]
JEC= Summer16_07Aug2017_V11_MC 	 JER= Summer16_25nsV1_MC
MET branch= PuppiMET
JEC= Summer16_07Aug2017_V11_MC 	 JER= Summer16_25nsV1_MC
MET branch= PuppiMET
--------------------------------------------------------------------------------
input files  = ['root://cms-xrd-global.cern.ch//store/mc/RunIISummer16NanoAODv6/ZZTo4L_13TeV_powheg_pythia8_ext1/NANOAODSIM/PUMoriond17_Nano25Oct2019_102X_mcRun2_asymptotic_v7-v1/270000/B96E503C-1282-0F45-88FA-A0F2D54B1902.root']
output directory = /work/pbaertsc/heavy_resonance/output_2016/ZZTo4L_13TeV_powheg_pythia8_ext1__RunIISummer16NanoAODv6-PUMoriond17_Nano25Oct2019_102X_mcRun2_asymptotic_v7-v1__NANOAODSIM
output file  = ZZTo4L_13TeV_powheg_pythia8_ext1__RunIISummer16NanoAODv6-PUMoriond17_Nano25Oct2019_102X_mcRun2_asymptotic_v7-v1__NANOAODSIM_33_ll.root
chunck       = 33
channel      = ll
dataType     = mc
year         = 2016
tes          = 1.0
ltf          = 1.0
jtf          = 1.0
--------------------------------------------------------------------------------
job.py: creating PostProcessor...
TreeProducer is called /work/pbaertsc/heavy_resonance/output_2016/ZZTo4L_13TeV_powheg_pythia8_ext1__RunIISummer16NanoAODv6-PUMoriond17_Nano25Oct2019_102X_mcRun2_asymptotic_v7-v1__NANOAODSIM/ZZTo4L_13TeV_powheg_pythia8_ext1__RunIISummer16NanoAODv6-PUMoriond17_Nano25Oct2019_102X_mcRun2_asymptotic_v7-v1__NANOAODSIM_33_ll.root
job.py: going to run PostProcessor...
Will write selected trees to /work/pbaertsc/heavy_resonance/output_2016/ZZTo4L_13TeV_powheg_pythia8_ext1__RunIISummer16NanoAODv6-PUMoriond17_Nano25Oct2019_102X_mcRun2_asymptotic_v7-v1__NANOAODSIM
Loading jet energy scale (JES) uncertainties from file '/tmp/tmpjtg8fM/Summer16_07Aug2017_V11_MC_Uncertainty_AK4PFchs.txt'
Loading jet energy resolutions (JER) from file '/tmp/tmp3y0WKm/Summer16_25nsV1_MC_PtResolution_AK4PFchs.txt'
Loading JER scale factors and uncertainties from file '/tmp/tmp3y0WKm/Summer16_25nsV1_MC_SF_AK4PFchs.txt'
Loading jet energy scale (JES) uncertainties from file '/tmp/tmpuAOMgK/Summer16_07Aug2017_V11_MC_Uncertainty_AK8PFPuppi.txt'
Loading jet energy resolutions (JER) from file '/tmp/tmpdao0Yw/Summer16_25nsV1_MC_PtResolution_AK8PFPuppi.txt'
Loading JER scale factors and uncertainties from file '/tmp/tmpdao0Yw/Summer16_25nsV1_MC_SF_AK8PFPuppi.txt'
Pre-select 2012896 entries out of 2012896 (100.00%)
nanoAODv5? True
Processed    10000/ 2012896 entries,  0.50% (elapsed time   215.2s, curr speed    0.046 kHz, avg speed    0.046 kHz), accepted        9/   10001 events ( 0.09%)
Processed    20000/ 2012896 entries,  0.99% (elapsed time   413.5s, curr speed    0.050 kHz, avg speed    0.048 kHz), accepted       18/   20001 events ( 0.09%)
Processed    30000/ 2012896 entries,  1.49% (elapsed time   608.0s, curr speed    0.051 kHz, avg speed    0.049 kHz), accepted       40/   30001 events ( 0.13%)
Processed    40000/ 2012896 entries,  1.99% (elapsed time   800.0s, curr speed    0.052 kHz, avg speed    0.050 kHz), accepted       53/   40001 events ( 0.13%)
ZtoMM trigger inconsistency
Processed    50000/ 2012896 entries,  2.48% (elapsed time   983.9s, curr speed    0.054 kHz, avg speed    0.051 kHz), accepted       64/   50001 events ( 0.13%)
Processed    60000/ 2012896 entries,  2.98% (elapsed time  1179.5s, curr speed    0.051 kHz, avg speed    0.051 kHz), accepted       76/   60001 events ( 0.13%)
Processed    70000/ 2012896 entries,  3.48% (elapsed time  1374.0s, curr speed    0.051 kHz, avg speed    0.051 kHz), accepted       90/   70001 events ( 0.13%)
Processed    80000/ 2012896 entries,  3.97% (elapsed time  1574.4s, curr speed    0.050 kHz, avg speed    0.051 kHz), accepted      111/   80001 events ( 0.14%)
ZtoMM trigger inconsistency
Processed    90000/ 2012896 entries,  4.47% (elapsed time  1758.0s, curr speed    0.054 kHz, avg speed    0.051 kHz), accepted      124/   90001 events ( 0.14%)
ZtoEE trigger inconsistency
Processed   100000/ 2012896 entries,  4.97% (elapsed time  1948.3s, curr speed    0.053 kHz, avg speed    0.051 kHz), accepted      144/  100001 events ( 0.14%)
Processed   110000/ 2012896 entries,  5.46% (elapsed time  2132.5s, curr speed    0.054 kHz, avg speed    0.052 kHz), accepted      158/  110001 events ( 0.14%)
Processed   120000/ 2012896 entries,  5.96% (elapsed time  2317.8s, curr speed    0.054 kHz, avg speed    0.052 kHz), accepted      175/  120001 events ( 0.15%)
Processed   130000/ 2012896 entries,  6.46% (elapsed time  2515.8s, curr speed    0.050 kHz, avg speed    0.052 kHz), accepted      188/  130001 events ( 0.14%)
ZtoMM trigger inconsistency
Processed   140000/ 2012896 entries,  6.96% (elapsed time  2711.3s, curr speed    0.051 kHz, avg speed    0.052 kHz), accepted      208/  140001 events ( 0.15%)
TtoEM trigger inconsistency
Processed   150000/ 2012896 entries,  7.45% (elapsed time  2901.3s, curr speed    0.053 kHz, avg speed    0.052 kHz), accepted      224/  150001 events ( 0.15%)
TtoEM trigger inconsistency
Processed   160000/ 2012896 entries,  7.95% (elapsed time  3084.8s, curr speed    0.055 kHz, avg speed    0.052 kHz), accepted      236/  160001 events ( 0.15%)
ZtoMM trigger inconsistency
Processed   170000/ 2012896 entries,  8.45% (elapsed time  3274.9s, curr speed    0.053 kHz, avg speed    0.052 kHz), accepted      250/  170001 events ( 0.15%)
Processed   180000/ 2012896 entries,  8.94% (elapsed time  3463.9s, curr speed    0.053 kHz, avg speed    0.052 kHz), accepted      261/  180001 events ( 0.14%)
ZtoMM trigger inconsistency
Processed   190000/ 2012896 entries,  9.44% (elapsed time  3652.7s, curr speed    0.053 kHz, avg speed    0.052 kHz), accepted      271/  190001 events ( 0.14%)
TtoEM trigger inconsistency
ZtoMM trigger inconsistency
ZtoMM trigger inconsistency
Processed   200000/ 2012896 entries,  9.94% (elapsed time  3839.0s, curr speed    0.054 kHz, avg speed    0.052 kHz), accepted      280/  200001 events ( 0.14%)
Processed   210000/ 2012896 entries, 10.43% (elapsed time  4028.6s, curr speed    0.053 kHz, avg speed    0.052 kHz), accepted      290/  210001 events ( 0.14%)
TtoEM trigger inconsistency
TtoEM trigger inconsistency
Processed   220000/ 2012896 entries, 10.93% (elapsed time  4208.4s, curr speed    0.056 kHz, avg speed    0.052 kHz), accepted      306/  220001 events ( 0.14%)
Processed   230000/ 2012896 entries, 11.43% (elapsed time  4395.0s, curr speed    0.054 kHz, avg speed    0.052 kHz), accepted      314/  230001 events ( 0.14%)
Processed   240000/ 2012896 entries, 11.92% (elapsed time  4578.8s, curr speed    0.054 kHz, avg speed    0.052 kHz), accepted      325/  240001 events ( 0.14%)
ZtoMM trigger inconsistency
Processed   250000/ 2012896 entries, 12.42% (elapsed time  4758.4s, curr speed    0.056 kHz, avg speed    0.053 kHz), accepted      343/  250001 events ( 0.14%)
Processed   260000/ 2012896 entries, 12.92% (elapsed time  4934.2s, curr speed    0.057 kHz, avg speed    0.053 kHz), accepted      353/  260001 events ( 0.14%)
ZtoMM trigger inconsistency
ZtoMM trigger inconsistency
Processed   270000/ 2012896 entries, 13.41% (elapsed time  5121.7s, curr speed    0.053 kHz, avg speed    0.053 kHz), accepted      365/  270001 events ( 0.14%)
Processed   280000/ 2012896 entries, 13.91% (elapsed time  5298.5s, curr speed    0.057 kHz, avg speed    0.053 kHz), accepted      377/  280001 events ( 0.13%)
ZtoEE trigger inconsistency
Processed   290000/ 2012896 entries, 14.41% (elapsed time  5477.4s, curr speed    0.056 kHz, avg speed    0.053 kHz), accepted      401/  290001 events ( 0.14%)
Processed   300000/ 2012896 entries, 14.90% (elapsed time  5669.6s, curr speed    0.052 kHz, avg speed    0.053 kHz), accepted      421/  300001 events ( 0.14%)
Processed   310000/ 2012896 entries, 15.40% (elapsed time  5869.8s, curr speed    0.050 kHz, avg speed    0.053 kHz), accepted      433/  310001 events ( 0.14%)
TtoEM trigger inconsistency
Processed   320000/ 2012896 entries, 15.90% (elapsed time  6069.2s, curr speed    0.050 kHz, avg speed    0.053 kHz), accepted      457/  320001 events ( 0.14%)
Processed   330000/ 2012896 entries, 16.39% (elapsed time  6250.6s, curr speed    0.055 kHz, avg speed    0.053 kHz), accepted      475/  330001 events ( 0.14%)
ZtoMM trigger incSysError in <TFile::WriteBuffer>: error writing to file /work/pbaertsc/heavy_resonance/output_2016/ZZTo4L_13TeV_powheg_pythia8_ext1__RunIISummer16NanoAODv6-PUMoriond17_Nano25Oct2019_102X_mcRun2_asymptotic_v7-v1__NANOAODSIM/B96E503C-1282-0F45-88FA-A0F2D54B1902.root (-1) (Stale file handle)
Error in <TBranch::TBranch::WriteBasketImpl>: basket's WriteBuffer failed.

Error in <TBranch::TBranch::Fill>: Failed to write out basket.

Error in <TTree::Fill>: Failed filling branch:Events.Jet_pt_raw, nbytes=-1, entry=876
 This error is symptomatic of a Tree created as a memory-resident Tree
 Instead of doing:
    TTree *T = new TTree(...)
    TFile *f = new TFile(...)
 you should do:
    TFile *f = new TFile(...)
    TTree *T = new TTree(...)
Error in <TBranch::TBranch::WriteBasketImpl>: basket's WriteBuffer failed.

Error in <TBranch::TBranch::Fill>: Failed to write out basket.

Error in <TTree::Fill>: Failed filling branch:Events.Jet_pt_nom, nbytes=-1, entry=876
 This error is symptomatic of a Tree created as a memory-resident Tree
 Instead of doing:
    TTree *T = new TTree(...)
    TFile *f = new TFile(...)
 you should do:
    TFile *f = new TFile(...)
    TTree *T = new TTree(...)
Error in <TBranch::TBranch::WriteBasketImpl>: basket's WriteBuffer failed.

Error in <TBranch::TBranch::Fill>: Failed to write out basket.

Error in <TTree::Fill>: Failed filling branch:Events.Jet_mass_raw, nbytes=-1, entry=876
Error in <TBranch::TBranch::WriteBasketImpl>: basket's WriteBuffer failed.

Error in <TBranch::TBranch::Fill>: Failed to write out basket.

Error in <TTree::Fill>: Failed filling branch:Events.Jet_mass_nom, nbytes=-1, entry=876
Error in <TBranch::TBranch::WriteBasketImpl>: basket's WriteBuffer failed.

Error in <TBranch::TBranch::Fill>: Failed to write out basket.

Error in <TTree::Fill>: Failed filling branch:Events.Jet_corr_JEC, nbytes=-1, entry=876
Error in <TBranch::TBranch::WriteBasketImpl>: basket's WriteBuffer failed.

Error in <TBranch::TBranch::Fill>: Failed to write out basket.

Error in <TTree::Fill>: Failed filling branch:Events.Jet_corr_JER, nbytes=-1, entry=876
Error in <TBranch::TBranch::WriteBasketImpl>: basket's WriteBuffer failed.

Error in <TBranch::TBranch::Fill>: Failed to write out basket.

Error in <TTree::Fill>: Failed filling branch:Events.Jet_pt_jerUp, nbytes=-1, entry=876
Error in <TBranch::TBranch::WriteBasketImpl>: basket's WriteBuffer failed.

Error in <TBranch::TBranch::Fill>: Failed to write out basket.

Error in <TTree::Fill>: Failed filling branch:Events.Jet_mass_jerUp, nbytes=-1, entry=876
Error in <TBranch::TBranch::WriteBasketImpl>: basket's WriteBuffer failed.

Error in <TBranch::TBranch::Fill>: Failed to write out basket.

Error in <TTree::Fill>: Failed filling branch:Events.Jet_pt_jesTotalUp, nbytes=-1, entry=876
Error in <TBranch::TBranch::WriteBasketImpl>: basket's WriteBuffer failed.

Error in <TBranch::TBranch::Fill>: Failed to write out basket.

Error in <TTree::Fill>: Failed filling branch:Events.Jet_mass_jesTotalUp, nbytes=-1, entry=876
Error in <TBranch::TBranch::WriteBasketImpl>: basket's WriteBuffer failed.

Error in <TBranch::TBranch::Fill>: Failed to write out basket.

Error in <TTree::Fill>: Failed filling branch:Events.Jet_pt_jerDown, nbytes=-1, entry=876
Error in <TBranch::TBranch::WriteBasketImpl>: basket's WriteBuffer failed.

Error in <TBranch::TBranch::Fill>: Failed to write out basket.

Error in <TTree::Fill>: Failed filling branch:Events.Jet_mass_jerDown, nbytes=-1, entry=876
Error in <TBranch::TBranch::WriteBasketImpl>: basket's WriteBuffer failed.

Error in <TBranch::TBranch::Fill>: Failed to write out basket.

Error in <TTree::Fill>: Failed filling branch:Events.Jet_pt_jesTotalDown, nbytes=-1, entry=876
Error in <TBranch::TBranch::WriteBasketImpl>: basket's WriteBuffer failed.

Error in <TBranch::TBranch::Fill>: Failed to write out basket.

Error in <TTree::Fill>: Failed filling branch:Events.Jet_mass_jesTotalDown, nbytes=-1, entry=876
onsistency
Processed   340000/ 2012896 entries, 16.89% (elapsed time  6433.6s, curr speed    0.055 kHz, avg speed    0.053 kHz), accepted      490/  340001 events ( 0.14%)
ZtoMM trigger inconsistency
ZtoMM trigger inconsistency
TtoEM trigger inconsistency
ZtoMM trigger inconsistency
Processed   350000/ 2012896 entries, 17.39% (elapsed time  6618.1s, curr speed    0.054 kHz, avg speed    0.053 kHz), accepted      506/  350001 events ( 0.14%)
ZtoMM trigger inconsistency
ZtoMM trigger inconsistency
ZtoMM trigger inconsistency
Processed   360000/ 2012896 entries, 17.88% (elapsed time  6801.2s, curr speed    0.055 kHz, avg speed    0.053 kHz), accepted      528/  360001 events ( 0.15%)
Processed   370000/ 2012896 entries, 18.38% (elapsed time  6983.9s, curr speed    0.055 kHz, avg speed    0.053 kHz), accepted      548/  370001 events ( 0.15%)
Processed   380000/ 2012896 entries, 18.88% (elapsed time  7163.7s, curr speed    0.056 kHz, avg speed    0.053 kHz), accepted      566/  380001 events ( 0.15%)
ZtoMM trigger inconsistency
Processed   390000/ 2012896 entries, 19.38% (elapsed time  7348.2s, curr speed    0.054 kHz, avg speed    0.053 kHz), accepted      581/  390001 events ( 0.15%)
ZtoMM trigger inconsistency
TtoEM trigger inconsistency
Processed   400000/ 2012896 entries, 19.87% (elapsed time  7534.9s, curr speed    0.054 kHz, avg speed    0.053 kHz), accepted      599/  400001 events ( 0.15%)
Processed   410000/ 2012896 entries, 20.37% (elapsed time  7716.0s, curr speed    0.055 kHz, avg speed    0.053 kHz), accepted      622/  410001 events ( 0.15%)
ZtoMM trigger inconsistency
ZtoMM trigger inconsistency
Processed   420000/ 2012896 entries, 20.87% (elapsed time  7911.9s, curr speed    0.051 kHz, avg speed    0.053 kHz), accepted      631/  420001 events ( 0.15%)
ZtoMM trigger inconsistency
ZtoMM trigger inconsistency
Processed   430000/ 2012896 entries, 21.36% (elapsed time  8106.3s, curr speed    0.051 kHz, avg speed    0.053 kHz), accepted      655/  430001 events ( 0.15%)
Processed   440000/ 2012896 entries, 21.86% (elapsed time  8288.3s, curr speed    0.055 kHz, avg speed    0.053 kHz), accepted      675/  440001 events ( 0.15%)
ZtoMM trigger inconsistency
Processed   450000/ 2012896 entries, 22.36% (elapsed time  8474.0s, curr speed    0.054 kHz, avg speed    0.053 kHz), accepted      692/  450001 events ( 0.15%)
ZtoMM trigger inconsistency
Processed   460000/ 2012896 entries, 22.85% (elapsed time  8661.8s, curr speed    0.053 kHz, avg speed    0.053 kHz), accepted      708/  460001 events ( 0.15%)
Processed   470000/ 2012896 entries, 23.35% (elapsed time  8840.0s, curr speed    0.056 kHz, avg speed    0.053 kHz), accepted      718/  470001 events ( 0.15%)
TtoEM trigger inconsistency
Processed   480000/ 2012896 entries, 23.85% (elapsed time  9025.4s, curr speed    0.054 kHz, avg speed    0.053 kHz), accepted      731/  480001 events ( 0.15%)
Processed   490000/ 2012896 entries, 24.34% (elapsed time  9202.2s, curr speed    0.057 kHz, avg speed    0.053 kHz), accepted      751/  490001 events ( 0.15%)
ZtoMM trigger inconsistency
Processed   500000/ 2012896 entries, 24.84% (elapsed time  9383.6s, curr speed    0.055 kHz, avg speed    0.053 kHz), accepted      762/  500001 events ( 0.15%)
Processed   510000/ 2012896 entries, 25.34% (elapsed time  9579.6s, curr speed    0.051 kHz, avg speed    0.053 kHz), accepted      770/  510001 events ( 0.15%)
TtoEM trigger inconsistency
Processed   520000/ 2012896 entries, 25.83% (elapsed time  9765.7s, curr speed    0.054 kHz, avg speed    0.053 kHz), accepted      790/  520001 events ( 0.15%)
ZtoMM trigger inconsistency
Processed   530000/ 2012896 entries, 26.33% (elapsed time  9954.0s, curr speed    0.053 kHz, avg speed    0.053 kHz), accepted      811/  530001 events ( 0.15%)
ZtoMM trigger inconsistency
Processed   540000/ 2012896 entries, 26.83% (elapsed time 10135.3s, curr speed    0.055 kHz, avg speed    0.053 kHz), accepted      824/  540001 events ( 0.15%)
Processed   550000/ 2012896 entries, 27.32% (elapsed time 10326.9s, curr speed    0.052 kHz, avg speed    0.053 kHz), accepted      838/  550001 events ( 0.15%)
Processed   560000/ 2012896 entries, 27.82% (elapsed time 10515.9s, curr speed    0.053 kHz, avg speed    0.053 kHz), accepted      853/  560001 events ( 0.15%)
Processed   570000/ 2012896 entries, 28.32% (elapsed time 10701.2s, curr speed    0.054 kHz, avg speed    0.053 kHz), accepted      873/  570001 events ( 0.15%)
Processed   580000/ 2012896 entries, 28.81% (elapsed time 10898.7s, curr speed    0.051 kHz, avg speed    0.053 kHz), accepted      887/  580001 events ( 0.15%)
Processed   590000/ 2012896 entries, 29.31% (elapsed time 11103.9s, curr speed    0.049 kHz, avg speed    0.053 kHz), accepted      906/  590001 events ( 0.15%)
ZtoMM trigger inconsistency
Processed   600000/ 2012896 entries, 29.81% (elapsed time 11304.5s, curr speed    0.050 kHz, avg speed    0.053 kHz), accepted      920/  600001 events ( 0.15%)
TtoEM trigger inconsistency
ZtoMM trigger inconsistency
Processed   610000/ 2012896 entries, 30.30% (elapsed time 11504.6s, curr speed    0.050 kHz, avg speed    0.053 kHz), accepted      941/  610001 events ( 0.15%)
Processed   620000/ 2012896 entries, 30.80% (elapsed time 11706.8s, curr speed    0.049 kHz, avg speed    0.053 kHz), accepted      959/  620001 events ( 0.15%)
ZtoEE trigger inconsistency
ZtoMM trigger inconsistency
Processed   630000/ 2012896 entries, 31.30% (elapsed time 11902.5s, curr speed    0.051 kHz, avg speed    0.053 kHz), accepted      970/  630001 events ( 0.15%)
ZtoMM trigger inconsistency
Processed   640000/ 2012896 entries, 31.79% (elapsed time 12101.6s, curr speed    0.050 kHz, avg speed    0.053 kHz), accepted      986/  640001 events ( 0.15%)
ZtoMM trigger inconsistency
Processed   650000/ 2012896 entries, 32.29% (elapsed time 12283.0s, curr speed    0.055 kHz, avg speed    0.053 kHz), accepted     1002/  650001 events ( 0.15%)
Processed   660000/ 2012896 entries, 32.79% (elapsed time 12471.5s, curr speed    0.053 kHz, avg speed    0.053 kHz), accepted     1016/  660001 events ( 0.15%)
Processed   670000/ 2012896 entries, 33.29% (elapsed time 12660.5s, curr speed    0.053 kHz, avg speed    0.053 kHz), accepted     1024/  670001 events ( 0.15%)
Processed   680000/ 2012896 entries, 33.78% (elapsed time 12849.5s, curr speed    0.053 kHz, avg speed    0.053 kHz), accepted     1044/  680001 events ( 0.15%)
ZtoMM trigger inconsistency
Processed   690000/ 2012896 entries, 34.28% (elapsed time 13048.6s, curr speed    0.050 kHz, avg speed    0.053 kHz), accepted     1054/  690001 events ( 0.15%)
Processed   700000/ 2012896 entries, 34.78% (elapsed time 13249.1s, curr speed    0.050 kHz, avg speed    0.053 kHz), accepted     1069/  700001 events ( 0.15%)
TtoEM trigger inconsistency
Processed   710000/ 2012896 entries, 35.27% (elapsed time 13449.7s, curr speed    0.050 kHz, avg speed    0.053 kHz), accepted     1083/  710001 events ( 0.15%)
ZtoMM trigger inconsistency
Processed   720000/ 2012896 entries, 35.77% (elapsed time 13638.9s, curr speed    0.053 kHz, avg speed    0.053 kHz), accepted     1100/  720001 events ( 0.15%)
ZtoMM trigger inconsistency
Processed   730000/ 2012896 entries, 36.27% (elapsed time 13826.6s, curr speed    0.053 kHz, avg speed    0.053 kHz), accepted     1124/  730001 events ( 0.15%)
TtoEM trigger inconsistency
Processed   740000/ 2012896 entries, 36.76% (elapsed time 14028.0s, curr speed    0.050 kHz, avg speed    0.053 kHz), accepted     1137/  740001 events ( 0.15%)
Processed   750000/ 2012896 entries, 37.26% (elapsed time 14211.2s, curr speed    0.055 kHz, avg speed    0.053 kHz), accepted     1146/  750001 events ( 0.15%)
TtoEM trigger inconsistency
Processed   760000/ 2012896 entries, 37.76% (elapsed time 14401.2s, curr speed    0.053 kHz, avg speed    0.053 kHz), accepted     1166/  760001 events ( 0.15%)
Processed   770000/ 2012896 entries, 38.25% (elapsed time 14582.5s, curr speed    0.055 kHz, avg speed    0.053 kHz), accepted     1181/  770001 events ( 0.15%)
ZtoMM trigger inconsistency
Processed   780000/ 2012896 entries, 38.75% (elapsed time 14766.3s, curr speed    0.054 kHz, avg speed    0.053 kHz),slurmstepd: error: *** JOB 432936 ON t3wn45 CANCELLED AT 2020-01-30T09:30:54 ***
