job start at
Tue Jan 28 22:18:02 CET 2020
SLURM_JOB_ID: 422443
HOSTNAME: t3wn47
JOBLIST:joblist/joblist_ZZTo4L_13TeV_powheg_pythia8_ext1__RunIISummer16NanoAODv6-PUMoriond17_Nano25Oct2019_102X_mcRun2_asymptotic_v7-v1__NANOAODSIM_ll.txt
Going to execute
python job.py -i root://cms-xrd-global.cern.ch//store/mc/RunIISummer16NanoAODv6/ZZTo4L_13TeV_powheg_pythia8_ext1/NANOAODSIM/PUMoriond17_Nano25Oct2019_102X_mcRun2_asymptotic_v7-v1/270000/84E6CE28-2502-3449-B791-AB3F168F8588.root -o /work/pbaertsc/heavy_resonance/output_2016/ZZTo4L_13TeV_powheg_pythia8_ext1__RunIISummer16NanoAODv6-PUMoriond17_Nano25Oct2019_102X_mcRun2_asymptotic_v7-v1__NANOAODSIM -N ZZTo4L_13TeV_powheg_pythia8_ext1__RunIISummer16NanoAODv6-PUMoriond17_Nano25Oct2019_102X_mcRun2_asymptotic_v7-v1__NANOAODSIM -n 34 -c ll -y 2016
TClass::Init:0: RuntimeWarning: no dictionary for class ROOT::TIOFeatures is available
/work/pbaertsc/heavy_resonance/CMSSW_9_4_6/python/PhysicsTools/NanoAODTools/postprocessing/framework/treeReaderArrayTools.py:69: RuntimeWarning: creating executor for unknown type "ULong64_t*"
  ret = _vr.Get()[0]
JEC= Summer16_07Aug2017_V11_MC 	 JER= Summer16_25nsV1_MC
MET branch= PuppiMET
JEC= Summer16_07Aug2017_V11_MC 	 JER= Summer16_25nsV1_MC
MET branch= PuppiMET
--------------------------------------------------------------------------------
input files  = ['root://cms-xrd-global.cern.ch//store/mc/RunIISummer16NanoAODv6/ZZTo4L_13TeV_powheg_pythia8_ext1/NANOAODSIM/PUMoriond17_Nano25Oct2019_102X_mcRun2_asymptotic_v7-v1/270000/84E6CE28-2502-3449-B791-AB3F168F8588.root']
output directory = /work/pbaertsc/heavy_resonance/output_2016/ZZTo4L_13TeV_powheg_pythia8_ext1__RunIISummer16NanoAODv6-PUMoriond17_Nano25Oct2019_102X_mcRun2_asymptotic_v7-v1__NANOAODSIM
output file  = ZZTo4L_13TeV_powheg_pythia8_ext1__RunIISummer16NanoAODv6-PUMoriond17_Nano25Oct2019_102X_mcRun2_asymptotic_v7-v1__NANOAODSIM_34_ll.root
chunck       = 34
channel      = ll
dataType     = mc
year         = 2016
tes          = 1.0
ltf          = 1.0
jtf          = 1.0
--------------------------------------------------------------------------------
job.py: creating PostProcessor...
TreeProducer is called /work/pbaertsc/heavy_resonance/output_2016/ZZTo4L_13TeV_powheg_pythia8_ext1__RunIISummer16NanoAODv6-PUMoriond17_Nano25Oct2019_102X_mcRun2_asymptotic_v7-v1__NANOAODSIM/ZZTo4L_13TeV_powheg_pythia8_ext1__RunIISummer16NanoAODv6-PUMoriond17_Nano25Oct2019_102X_mcRun2_asymptotic_v7-v1__NANOAODSIM_34_ll.root
job.py: going to run PostProcessor...
Will write selected trees to /work/pbaertsc/heavy_resonance/output_2016/ZZTo4L_13TeV_powheg_pythia8_ext1__RunIISummer16NanoAODv6-PUMoriond17_Nano25Oct2019_102X_mcRun2_asymptotic_v7-v1__NANOAODSIM
Loading jet energy scale (JES) uncertainties from file '/tmp/tmpUUJSVP/Summer16_07Aug2017_V11_MC_Uncertainty_AK4PFchs.txt'
Loading jet energy resolutions (JER) from file '/tmp/tmp_NscoU/Summer16_25nsV1_MC_PtResolution_AK4PFchs.txt'
Loading JER scale factors and uncertainties from file '/tmp/tmp_NscoU/Summer16_25nsV1_MC_SF_AK4PFchs.txt'
Loading jet energy scale (JES) uncertainties from file '/tmp/tmpCy2N6h/Summer16_07Aug2017_V11_MC_Uncertainty_AK8PFPuppi.txt'
Loading jet energy resolutions (JER) from file '/tmp/tmpAeI2Cx/Summer16_25nsV1_MC_PtResolution_AK8PFPuppi.txt'
Loading JER scale factors and uncertainties from file '/tmp/tmpAeI2Cx/Summer16_25nsV1_MC_SF_AK8PFPuppi.txt'
Pre-select 288886 entries out of 288886 (100.00%)
nanoAODv5? True
Processed    10000/  288886 entries,  3.46% (elapsed time   247.8s, curr speed    0.040 kHz, avg speed    0.040 kHz), accepted       12/   10001 events ( 0.12%)
Processed    20000/  288886 entries,  6.92% (elapsed time   491.4s, curr speed    0.041 kHz, avg speed    0.041 kHz), accepted       23/   20001 events ( 0.11%)
Processed    30000/  288886 entries, 10.38% (elapsed time   731.9s, curr speed    0.042 kHz, avg speed    0.041 kHz), accepted       41/   30001 events ( 0.14%)
Processed    40000/  288886 entries, 13.85% (elapsed time   974.5s, curr speed    0.041 kHz, avg speed    0.041 kHz), accepted       64/   40001 events ( 0.16%)
Processed    50000/  288886 entries, 17.31% (elapsed time  1205.4s, curr speed    0.043 kHz, avg speed    0.041 kHz), accepted       77/   50001 events ( 0.15%)
TtoEM trigger inconsistency
Processed    60000/  288886 entries, 20.77% (elapsed time  1437.4s, curr speed    0.043 kHz, avg speed    0.042 kHz), accepted       88/   60001 events ( 0.15%)
ZtoMM trigger inconsistency
Processed    70000/  288886 entries, 24.23% (elapsed time  1641.2s, curr speed    0.049 kHz, avg speed    0.043 kHz), accepted       98/   70001 events ( 0.14%)
ZtoEE trigger inconsistency
Processed    80000/  288886 entries, 27.69% (elapsed time  1838.5s, curr speed    0.051 kHz, avg speed    0.044 kHz), accepted      112/   80001 events ( 0.14%)
Processed    90000/  288886 entries, 31.15% (elapsed time  2063.3s, curr speed    0.044 kHz, avg speed    0.044 kHz), accepted      126/   90001 events ( 0.14%)
Processed   100000/  288886 entries, 34.62% (elapsed time  2268.9s, curr speed    0.049 kHz, avg speed    0.044 kHz), accepted      138/  100001 events ( 0.14%)
Processed   110000/  288886 entries, 38.08% (elapsed time  2460.5s, curr speed    0.052 kHz, avg speed    0.045 kHz), accepted      150/  110001 events ( 0.14%)
ZtoMM trigger inconsistency
ZtoMM trigger inconsistency
Processed   120000/  288886 entries, 41.54% (elapsed time  2640.7s, curr speed    0.055 kHz, avg speed    0.045 kHz), accepted      159/  120001 events ( 0.13%)
TtoEM trigger inconsistency
Processed   130000/  288886 entries, 45.00% (elapsed time  2819.0s, curr speed    0.056 kHz, avg speed    0.046 kHz), accepted      178/  130001 events ( 0.14%)
ZtoEE trigger inconsistency
Processed   140000/  288886 entries, 48.46% (elapsed time  2999.2s, curr speed    0.056 kHz, avg speed    0.047 kHz), accepted      194/  140001 events ( 0.14%)
ZtoMM trigger inconsistency
Processed   150000/  288886 entries, 51.92% (elapsed time  3178.3s, curr speed    0.056 kHz, avg speed    0.047 kHz), accepted      207/  150001 events ( 0.14%)
Processed   160000/  288886 entries, 55.39% (elapsed time  3355.2s, curr speed    0.057 kHz, avg speed    0.048 kHz), accepted      219/  160001 events ( 0.14%)
Processed   170000/  288886 entries, 58.85% (elapsed time  3525.7s, curr speed    0.059 kHz, avg speed    0.048 kHz), accepted      239/  170001 events ( 0.14%)
ZtoMM trigger inconsistency
%MSG-e SimpleJetCorrectionUncertainty: 
 bin variables out of range
%MSG
%MSG-e SimpleJetCorrectionUncertainty: 
 bin variables out of range
%MSG
Processed   180000/  288886 entries, 62.31% (elapsed time  3694.0s, curr speed    0.059 kHz, avg speed    0.049 kHz), accepted      254/  180001 events ( 0.14%)
%MSG-e SimpleJetCorrectionUncertainty: 
 bin variables out of range
%MSG
%MSG-e SimpleJetCorrectionUncertainty: 
 bin variables out of range
%MSG
Processed   190000/  288886 entries, 65.77% (elapsed time  3863.1s, curr speed    0.059 kHz, avg speed    0.049 kHz), accepted      267/  190001 events ( 0.14%)
Processed   200000/  288886 entries, 69.23% (elapsed time  4030.9s, curr speed    0.060 kHz, avg speed    0.050 kHz), accepted      280/  200001 events ( 0.14%)
ZtoMM trigger inconsistency
Processed   210000/  288886 entries, 72.69% (elapsed time  4199.4s, curr speed    0.059 kHz, avg speed    0.050 kHz), accepted      297/  210001 events ( 0.14%)
Processed   220000/  288886 entries, 76.15% (elapsed time  4367.8s, curr speed    0.059 kHz, avg speed    0.050 kHz), accepted      310/  220001 events ( 0.14%)
ZtoMM trigger inconsistency
Processed   230000/  288886 entries, 79.62% (elapsed time  4536.0s, curr speed    0.059 kHz, avg speed    0.051 kHz), accepted      325/  230001 events ( 0.14%)
ZtoMM trigger inconsistency
Processed   240000/  288886 entries, 83.08% (elapsed time  4704.4s, curr speed    0.059 kHz, avg speed    0.051 kHz), accepted      340/  240001 events ( 0.14%)
Processed   250000/  288886 entries, 86.54% (elapsed time  4872.6s, curr speed    0.059 kHz, avg speed    0.051 kHz), accepted      356/  250001 events ( 0.14%)
ZtoMM trigger inconsistency
Processed   260000/  288886 entries, 90.00% (elapsed time  5040.4s, curr speed    0.060 kHz, avg speed    0.052 kHz), accepted      372/  260001 events ( 0.14%)
Processed   270000/  288886 entries, 93.46% (elapsed time  5210.3s, curr speed    0.059 kHz, avg speed    0.052 kHz), accepted      392/  270001 events ( 0.15%)
ZtoMM trigger inconsistency
Processed   280000/  288886 entries, 96.92% (elapsed time  5376.7s, curr speed    0.060 kHz, avg speed    0.052 kHz), accepted      403/  280001 events ( 0.14%)
Processed 288886 preselected entries from root://cms-xrd-global.cern.ch//store/mc/RunIISummer16NanoAODv6/ZZTo4L_13TeV_powheg_pythia8_ext1/NANOAODSIM/PUMoriond17_Nano25Oct2019_102X_mcRun2_asymptotic_v7-v1/270000/84E6CE28-2502-3449-B791-AB3F168F8588.root (288886 entries). Finally selected 415 entries
Done /work/pbaertsc/heavy_resonance/output_2016/ZZTo4L_13TeV_powheg_pythia8_ext1__RunIISummer16NanoAODv6-PUMoriond17_Nano25Oct2019_102X_mcRun2_asymptotic_v7-v1__NANOAODSIM/84E6CE28-2502-3449-B791-AB3F168F8588.root
52.2194806721 Hz
deleting root file with name: /work/pbaertsc/heavy_resonance/output_2016/ZZTo4L_13TeV_powheg_pythia8_ext1__RunIISummer16NanoAODv6-PUMoriond17_Nano25Oct2019_102X_mcRun2_asymptotic_v7-v1__NANOAODSIM/84E6CE28-2502-3449-B791-AB3F168F8588.root
DONE
Complete at
Wed Jan 29 01:31:01 CET 2020
