job start at
Tue Jan 28 20:32:42 CET 2020
SLURM_JOB_ID: 422091
HOSTNAME: t3wn54
JOBLIST:joblist/joblist_ZZTo2L2Nu_TuneCP5_13TeV_powheg_pythia8__RunIIAutumn18NanoAODv6-Nano25Oct2019_102X_upgrade2018_realistic_v20_ext1-v1__NANOAODSIM_ll.txt
Going to execute
python job.py -i root://cms-xrd-global.cern.ch//store/mc/RunIIAutumn18NanoAODv6/ZZTo2L2Nu_TuneCP5_13TeV_powheg_pythia8/NANOAODSIM/Nano25Oct2019_102X_upgrade2018_realistic_v20_ext1-v1/40000/49878780-7039-354F-9EFF-62E86D1CAE7F.root -o /work/pbaertsc/heavy_resonance/output_2018/ZZTo2L2Nu_TuneCP5_13TeV_powheg_pythia8__RunIIAutumn18NanoAODv6-Nano25Oct2019_102X_upgrade2018_realistic_v20_ext1-v1__NANOAODSIM -N ZZTo2L2Nu_TuneCP5_13TeV_powheg_pythia8__RunIIAutumn18NanoAODv6-Nano25Oct2019_102X_upgrade2018_realistic_v20_ext1-v1__NANOAODSIM -n 8 -c ll -y 2018
TClass::Init:0: RuntimeWarning: no dictionary for class ROOT::TIOFeatures is available
/work/pbaertsc/heavy_resonance/CMSSW_9_4_6/python/PhysicsTools/NanoAODTools/postprocessing/framework/treeReaderArrayTools.py:69: RuntimeWarning: creating executor for unknown type "ULong64_t*"
  ret = _vr.Get()[0]
JEC= Autumn18_V19_MC 	 JER= Autumn18_V7_MC
MET branch= PuppiMET
JEC= Autumn18_V19_MC 	 JER= Autumn18_V7_MC
MET branch= PuppiMET
--------------------------------------------------------------------------------
input files  = ['root://cms-xrd-global.cern.ch//store/mc/RunIIAutumn18NanoAODv6/ZZTo2L2Nu_TuneCP5_13TeV_powheg_pythia8/NANOAODSIM/Nano25Oct2019_102X_upgrade2018_realistic_v20_ext1-v1/40000/49878780-7039-354F-9EFF-62E86D1CAE7F.root']
output directory = /work/pbaertsc/heavy_resonance/output_2018/ZZTo2L2Nu_TuneCP5_13TeV_powheg_pythia8__RunIIAutumn18NanoAODv6-Nano25Oct2019_102X_upgrade2018_realistic_v20_ext1-v1__NANOAODSIM
output file  = ZZTo2L2Nu_TuneCP5_13TeV_powheg_pythia8__RunIIAutumn18NanoAODv6-Nano25Oct2019_102X_upgrade2018_realistic_v20_ext1-v1__NANOAODSIM_8_ll.root
chunck       = 8
channel      = ll
dataType     = mc
year         = 2018
tes          = 1.0
ltf          = 1.0
jtf          = 1.0
--------------------------------------------------------------------------------
job.py: creating PostProcessor...
TreeProducer is called /work/pbaertsc/heavy_resonance/output_2018/ZZTo2L2Nu_TuneCP5_13TeV_powheg_pythia8__RunIIAutumn18NanoAODv6-Nano25Oct2019_102X_upgrade2018_realistic_v20_ext1-v1__NANOAODSIM/ZZTo2L2Nu_TuneCP5_13TeV_powheg_pythia8__RunIIAutumn18NanoAODv6-Nano25Oct2019_102X_upgrade2018_realistic_v20_ext1-v1__NANOAODSIM_8_ll.root
job.py: going to run PostProcessor...
Will write selected trees to /work/pbaertsc/heavy_resonance/output_2018/ZZTo2L2Nu_TuneCP5_13TeV_powheg_pythia8__RunIIAutumn18NanoAODv6-Nano25Oct2019_102X_upgrade2018_realistic_v20_ext1-v1__NANOAODSIM
Loading jet energy scale (JES) uncertainties from file '/tmp/tmpaXBflW/Autumn18_V19_MC_Uncertainty_AK4PFchs.txt'
Loading jet energy resolutions (JER) from file '/tmp/tmpH3_PKc/Autumn18_V7_MC_PtResolution_AK4PFchs.txt'
Loading JER scale factors and uncertainties from file '/tmp/tmpH3_PKc/Autumn18_V7_MC_SF_AK4PFchs.txt'
Loading jet energy scale (JES) uncertainties from file '/tmp/tmpePCKsK/Autumn18_V19_MC_Uncertainty_AK8PFPuppi.txt'
Loading jet energy resolutions (JER) from file '/tmp/tmpDaXm1_/Autumn18_V7_MC_PtResolution_AK8PFPuppi.txt'
Loading JER scale factors and uncertainties from file '/tmp/tmpDaXm1_/Autumn18_V7_MC_SF_AK8PFPuppi.txt'
Pre-select 1046500 entries out of 1046500 (100.00%)
nanoAODv5? True
ZtoMM trigger inconsistency
Processed    10000/ 1046500 entries,  0.96% (elapsed time   159.1s, curr speed    0.063 kHz, avg speed    0.063 kHz), accepted       49/   10001 events ( 0.49%)
Processed    20000/ 1046500 entries,  1.91% (elapsed time   305.5s, curr speed    0.068 kHz, avg speed    0.065 kHz), accepted       93/   20001 events ( 0.46%)
Processed    30000/ 1046500 entries,  2.87% (elapsed time   455.2s, curr speed    0.067 kHz, avg speed    0.066 kHz), accepted      127/   30001 events ( 0.42%)
ZtoEE trigger inconsistency
Processed    40000/ 1046500 entries,  3.82% (elapsed time   596.0s, curr speed    0.071 kHz, avg speed    0.067 kHz), accepted      166/   40001 events ( 0.41%)
ZtoMM trigger inconsistency
Processed    50000/ 1046500 entries,  4.78% (elapsed time   735.7s, curr speed    0.072 kHz, avg speed    0.068 kHz), accepted      210/   50001 events ( 0.42%)
ZtoMM trigger inconsistency
Processed    60000/ 1046500 entries,  5.73% (elapsed time   884.4s, curr speed    0.067 kHz, avg speed    0.068 kHz), accepted      247/   60001 events ( 0.41%)
ZtoMM trigger inconsistency
Processed    70000/ 1046500 entries,  6.69% (elapsed time  1026.5s, curr speed    0.070 kHz, avg speed    0.068 kHz), accepted      283/   70001 events ( 0.40%)
ZtoMM trigger inconsistency
Processed    80000/ 1046500 entries,  7.64% (elapsed time  1169.4s, curr speed    0.070 kHz, avg speed    0.068 kHz), accepted      313/   80001 events ( 0.39%)
ZtoMM trigger inconsistency
ZtoMM trigger inconsistency
Processed    90000/ 1046500 entries,  8.60% (elapsed time  1304.8s, curr speed    0.074 kHz, avg speed    0.069 kHz), accepted      346/   90001 events ( 0.38%)
ZtoMM trigger inconsistency
ZtoMM trigger inconsistency
Processed   100000/ 1046500 entries,  9.56% (elapsed time  1441.6s, curr speed    0.073 kHz, avg speed    0.069 kHz), accepted      381/  100001 events ( 0.38%)
TtoEM trigger inconsistency
Processed   110000/ 1046500 entries, 10.51% (elapsed time  1578.3s, curr speed    0.073 kHz, avg speed    0.070 kHz), accepted      424/  110001 events ( 0.39%)
Processed   120000/ 1046500 entries, 11.47% (elapsed time  1713.8s, curr speed    0.074 kHz, avg speed    0.070 kHz), accepted      461/  120001 events ( 0.38%)
Processed   130000/ 1046500 entries, 12.42% (elapsed time  1856.7s, curr speed    0.070 kHz, avg speed    0.070 kHz), accepted      497/  130001 events ( 0.38%)
ZtoMM trigger inconsistency
ZtoMM trigger inconsistency
Processed   140000/ 1046500 entries, 13.38% (elapsed time  1999.2s, curr speed    0.070 kHz, avg speed    0.070 kHz), accepted      535/  140001 events ( 0.38%)
ZtoMM trigger inconsistency
Processed   150000/ 1046500 entries, 14.33% (elapsed time  2145.0s, curr speed    0.069 kHz, avg speed    0.070 kHz), accepted      575/  150001 events ( 0.38%)
ZtoMM trigger inconsistency
Processed   160000/ 1046500 entries, 15.29% (elapsed time  2291.2s, curr speed    0.068 kHz, avg speed    0.070 kHz), accepted      611/  160001 events ( 0.38%)
Processed   170000/ 1046500 entries, 16.24% (elapsed time  2422.7s, curr speed    0.076 kHz, avg speed    0.070 kHz), accepted      640/  170001 events ( 0.38%)
Processed   180000/ 1046500 entries, 17.20% (elapsed time  2567.2s, curr speed    0.069 kHz, avg speed    0.070 kHz), accepted      676/  180001 events ( 0.38%)
ZtoMM trigger inconsistency
ZtoMM trigger inconsistency
ZtoMM trigger inconsistency
Processed   190000/ 1046500 entries, 18.16% (elapsed time  2708.0s, curr speed    0.071 kHz, avg speed    0.070 kHz), accepted      704/  190001 events ( 0.37%)
ZtoEE trigger inconsistency
ZtoMM trigger inconsistency
Processed   200000/ 1046500 entries, 19.11% (elapsed time  2849.5s, curr speed    0.071 kHz, avg speed    0.070 kHz), accepted      736/  200001 events ( 0.37%)
ZtoMM trigger inconsistency
ZtoMM trigger inconsistency
Processed   210000/ 1046500 entries, 20.07% (elapsed time  2987.9s, curr speed    0.072 kHz, avg speed    0.070 kHz), accepted      764/  210001 events ( 0.36%)
ZtoMM trigger inconsistency
ZtoMM trigger inconsistency
ZtoEE trigger inconsistency
Bad event
Processed   220000/ 1046500 entries, 21.02% (elapsed time  3119.2s, curr speed    0.076 kHz, avg speed    0.071 kHz), accepted      804/  220001 events ( 0.37%)
ZtoMM trigger inconsistency
ZtoEE trigger inconsistency
ZtoMM trigger inconsistency
Processed   230000/ 1046500 entries, 21.98% (elapsed time  3258.0s, curr speed    0.072 kHz, avg speed    0.071 kHz), accepted      833/  230001 events ( 0.36%)
ZtoMM trigger inconsistency
Processed   240000/ 1046500 entries, 22.93% (elapsed time  3382.6s, curr speed    0.080 kHz, avg speed    0.071 kHz), accepted      863/  240001 events ( 0.36%)
Processed   250000/ 1046500 entries, 23.89% (elapsed time  3515.6s, curr speed    0.075 kHz, avg speed    0.071 kHz), accepted      907/  250001 events ( 0.36%)
ZtoEE trigger inconsistency
ZtoMM trigger inconsistency
ZtoMM trigger inconsistency
Processed   260000/ 1046500 entries, 24.84% (elapsed time  3641.8s, curr speed    0.079 kHz, avg speed    0.071 kHz), accepted      942/  260001 events ( 0.36%)
ZtoMM trigger inconsistency
Processed   270000/ 1046500 entries, 25.80% (elapsed time  3770.6s, curr speed    0.078 kHz, avg speed    0.072 kHz), accepted      976/  270001 events ( 0.36%)
Processed   280000/ 1046500 entries, 26.76% (elapsed time  3895.1s, curr speed    0.080 kHz, avg speed    0.072 kHz), accepted     1012/  280001 events ( 0.36%)
TtoEM trigger inconsistency
ZtoMM trigger inconsistency
Processed   290000/ 1046500 entries, 27.71% (elapsed time  4015.7s, curr speed    0.083 kHz, avg speed    0.072 kHz), accepted     1050/  290001 events ( 0.36%)
ZtoMM trigger inconsistency
ZtoMM trigger inconsistency
ZtoMM trigger inconsistency
ZtoMM trigger inconsistency
ZtoMM trigger inconsistency
ZtoMM trigger inconsistency
Processed   300000/ 1046500 entries, 28.67% (elapsed time  4139.2s, curr speed    0.081 kHz, avg speed    0.072 kHz), accepted     1095/  300001 events ( 0.36%)
Processed   310000/ 1046500 entries, 29.62% (elapsed time  4255.0s, curr speed    0.086 kHz, avg speed    0.073 kHz), accepted     1135/  310001 events ( 0.37%)
ZtoMM trigger inconsistency
ZtoMM trigger inconsistency
Processed   320000/ 1046500 entries, 30.58% (elapsed time  4379.8s, curr speed    0.080 kHz, avg speed    0.073 kHz), accepted     1169/  320001 events ( 0.37%)
ZtoMM trigger inconsistency
Processed   330000/ 1046500 entries, 31.53% (elapsed time  4503.9s, curr speed    0.081 kHz, avg speed    0.073 kHz), accepted     1209/  330001 events ( 0.37%)
ZtoMM trigger inconsistency
Processed   340000/ 1046500 entries, 32.49% (elapsed time  4626.0s, curr speed    0.082 kHz, avg speed    0.073 kHz), accepted     1243/  340001 events ( 0.37%)
TtoEM trigger inconsistency
ZtoMM trigger inconsistency
ZtoMM trigger inconsistency
Processed   350000/ 1046500 entries, 33.44% (elapsed time  4759.3s, curr speed    0.075 kHz, avg speed    0.074 kHz), accepted     1281/  350001 events ( 0.37%)
ZtoMM trigger inconsistency
ZtoMM trigger inconsistency
ZtoMM trigger inconsistency
Processed   360000/ 1046500 entries, 34.40% (elapsed time  4894.9s, curr speed    0.074 kHz, avg speed    0.074 kHz), accepted     1325/  360001 events ( 0.37%)
ZtoMM trigger inconsistency
ZtoMM trigger inconsistency
Processed   370000/ 1046500 entries, 35.36% (elapsed time  5036.5s, curr speed    0.071 kHz, avg speed    0.073 kHz), accepted     1365/  370001 events ( 0.37%)
ZtoMM trigger inconsistency
ZtoMM trigger inconsistency
Processed   380000/ 1046500 entries, 36.31% (elapsed time  5168.6s, curr speed    0.076 kHz, avg speed    0.074 kHz), accepted     1407/  380001 events ( 0.37%)
Processed   390000/ 1046500 entries, 37.27% (elapsed time  5314.7s, curr speed    0.068 kHz, avg speed    0.073 kHz), accepted     1438/  390001 events ( 0.37%)
ZtoMM trigger inconsistency
ZtoMM trigger inconsistency
Processed   400000/ 1046500 entries, 38.22% (elapsed time  5462.4s, curr speed    0.068 kHz, avg speed    0.073 kHz), accepted     1484/  400001 events ( 0.37%)
ZtoMM trigger inconsistency
ZtoMM trigger inconsistency
Processed   410000/ 1046500 entries, 39.18% (elapsed time  5606.4s, curr speed    0.069 kHz, avg speed    0.073 kHz), accepted     1523/  410001 events ( 0.37%)
ZtoMM trigger inconsistency
ZtoMM trigger inconsistency
ZtoMM trigger inconsistency
Processed   420000/ 1046500 entries, 40.13% (elapsed time  5747.6s, curr speed    0.071 kHz, avg speed    0.073 kHz), accepted     1563/  420001 events ( 0.37%)
Processed   430000/ 1046500 entries, 41.09% (elapsed time  5894.6s, curr speed    0.068 kHz, avg speed    0.073 kHz), accepted     1606/  430001 events ( 0.37%)
ZtoMM trigger inconsistency
ZtoMM trigger inconsistency
Processed   440000/ 1046500 entries, 42.04% (elapsed time  6041.9s, curr speed    0.068 kHz, avg speed    0.073 kHz), accepted     1639/  440001 events ( 0.37%)
ZtoMM trigger inconsistency
ZtoMM trigger inconsistency
Processed   450000/ 1046500 entries, 43.00% (elapsed time  6186.5s, curr speed    0.069 kHz, avg speed    0.073 kHz), accepted     1674/  450001 events ( 0.37%)
ZtoMM trigger inconsistency
Processed   460000/ 1046500 entries, 43.96% (elapsed time  6327.5s, curr speed    0.071 kHz, avg speed    0.073 kHz), accepted     1707/  460001 events ( 0.37%)
ZtoMM trigger inconsistency
ZtoMM trigger inconsistency
ZtoMM trigger inconsistency
Processed   470000/ 1046500 entries, 44.91% (elapsed time  6468.4s, curr speed    0.071 kHz, avg speed    0.073 kHz), accepted     1735/  470001 events ( 0.37%)
ZtoMM trigger inconsistency
ZtoMM trigger inconsistency
ZtoMM trigger inconsistency
ZtoMM trigger inconsistency
Processed   480000/ 1046500 entries, 45.87% (elapsed time  6604.8s, curr speed    0.073 kHz, avg speed    0.073 kHz), accepted     1766/  480001 events ( 0.37%)
Processed   490000/ 1046500 entries, 46.82% (elapsed time  6747.7s, curr speed    0.070 kHz, avg speed    0.073 kHz), accepted     1804/  490001 events ( 0.37%)
ZtoMM trigger inconsistency
Processed   500000/ 1046500 entries, 47.78% (elapsed time  6884.0s, curr speed    0.073 kHz, avg speed    0.073 kHz), accepted     1827/  500001 events ( 0.37%)
ZtoMM trigger inconsistency
ZtoMM trigger inconsistency
Processed   510000/ 1046500 entries, 48.73% (elapsed time  7020.9s, curr speed    0.073 kHz, avg speed    0.073 kHz), accepted     1860/  510001 events ( 0.36%)
Processed   520000/ 1046500 entries, 49.69% (elapsed time  7165.2s, curr speed    0.069 kHz, avg speed    0.073 kHz), accepted     1897/  520001 events ( 0.36%)
Processed   530000/ 1046500 entries, 50.65% (elapsed time  7306.1s, curr speed    0.071 kHz, avg speed    0.073 kHz), accepted     1935/  530001 events ( 0.37%)
ZtoMM trigger inconsistency
Processed   540000/ 1046500 entries, 51.60% (elapsed time  7451.6s, curr speed    0.069 kHz, avg speed    0.072 kHz), accepted     1966/  540001 events ( 0.36%)
Processed   550000/ 1046500 entries, 52.56% (elapsed time  7579.8s, curr speed    0.078 kHz, avg speed    0.073 kHz), accepted     2008/  550001 events ( 0.37%)
Processed   560000/ 1046500 entries, 53.51% (elapsed time  7717.9s, curr speed    0.072 kHz, avg speed    0.073 kHz), accepted     2052/  560001 events ( 0.37%)
ZtoMM trigger inconsistency
Processed   570000/ 1046500 entries, 54.47% (elapsed time  7851.3s, curr speed    0.075 kHz, avg speed    0.073 kHz), accepted     2094/  570001 events ( 0.37%)
Processed   580000/ 1046500 entries, 55.42% (elapsed time  7977.6s, curr speed    0.079 kHz, avg speed    0.073 kHz), accepted     2130/  580001 events ( 0.37%)
Processed   590000/ 1046500 entries, 56.38% (elapsed time  8117.9s, curr speed    0.071 kHz, avg speed    0.073 kHz), accepted     2168/  590001 events ( 0.37%)
Processed   600000/ 1046500 entries, 57.33% (elapsed time  8239.8s, curr speed    0.082 kHz, avg speed    0.073 kHz), accepted     2207/  600001 events ( 0.37%)
ZtoMM trigger inconsistency
ZtoEE trigger inconsistency
Processed   610000/ 1046500 entries, 58.29% (elapsed time  8370.7s, curr speed    0.076 kHz, avg speed    0.073 kHz), accepted     2237/  610001 events ( 0.37%)
TtoEM trigger inconsistency
ZtoMM trigger inconsistency
ZtoMM trigger inconsistency
Processed   620000/ 1046500 entries, 59.25% (elapsed time  8497.4s, curr speed    0.079 kHz, avg speed    0.073 kHz), accepted     2267/  620001 events ( 0.37%)
Processed   630000/ 1046500 entries, 60.20% (elapsed time  8625.8s, curr speed    0.078 kHz, avg speed    0.073 kHz), accepted     2301/  630001 events ( 0.37%)
ZtoMM trigger inconsistency
ZtoMM trigger inconsistency
Processed   640000/ 1046500 entries, 61.16% (elapsed time  8753.2s, curr speed    0.078 kHz, avg speed    0.073 kHz), accepted     2342/  640001 events ( 0.37%)
ZtoMM trigger inconsistency
ZtoMM trigger inconsistency
ZtoMM trigger inconsistency
Processed   650000/ 1046500 entries, 62.11% (elapsed time  8872.2s, curr speed    0.084 kHz, avg speed    0.073 kHz), accepted     2375/  650001 events ( 0.37%)
ZtoMM trigger inconsistency
ZtoMM trigger inconsistency
ZtoMM trigger inconsistency
Processed   660000/ 1046500 entries, 63.07% (elapsed time  9006.3s, curr speed    0.075 kHz, avg speed    0.073 kHz), accepted     2411/  660001 events ( 0.37%)
Processed   670000/ 1046500 entries, 64.02% (elapsed time  9126.4s, curr speed    0.083 kHz, avg speed    0.073 kHz), accepted     2445/  670001 events ( 0.36%)
Bad event
Processed   680000/ 1046500 entries, 64.98% (elapsed time  9250.0s, curr speed    0.081 kHz, avg speed    0.074 kHz), accepted     2488/  680001 events ( 0.37%)
Processed   690000/ 1046500 entries, 65.93% (elapsed time  9374.9s, curr speed    0.080 kHz, avg speed    0.074 kHz), accepted     2534/  690001 events ( 0.37%)
Processed   700000/ 1046500 entries, 66.89% (elapsed time  9490.9s, curr speed    0.086 kHz, avg speed    0.074 kHz), accepted     2569/  700001 events ( 0.37%)
Processed   710000/ 1046500 entries, 67.85% (elapsed time  9610.4s, curr speed    0.084 kHz, avg speed    0.074 kHz), accepted     2616/  710001 events ( 0.37%)
ZtoMM trigger inconsistency
ZtoMM trigger inconsistency
Processed   720000/ 1046500 entries, 68.80% (elapsed time  9729.4s, curr speed    0.084 kHz, avg speed    0.074 kHz), accepted     2655/  720001 events ( 0.37%)
ZtoMM trigger inconsistency
Processed   730000/ 1046500 entries, 69.76% (elapsed time  9860.3s, curr speed    0.076 kHz, avg speed    0.074 kHz), accepted     2698/  730001 events ( 0.37%)
ZtoMM trigger inconsistency
ZtoMM trigger inconsistency
Bad event
Bad event
Processed   740000/ 1046500 entries, 70.71% (elapsed time  9983.9s, curr speed    0.081 kHz, avg speed    0.074 kHz), accepted     2736/  740001 events ( 0.37%)
ZtoMM trigger inconsistency
ZtoMM trigger inconsistency
ZtoMM trigger inconsistency
Processed   750000/ 1046500 entries, 71.67% (elapsed time 10105.3s, curr speed    0.082 kHz, avg speed    0.074 kHz), accepted     2769/  750001 events ( 0.37%)
ZtoMM trigger inconsistency
Processed   760000/ 1046500 entries, 72.62% (elapsed time 10230.4s, curr speed    0.080 kHz, avg speed    0.074 kHz), accepted     2804/  760001 events ( 0.37%)
ZtoMM trigger inconsistency
ZtoMM trigger inconsistency
Bad event
Processed   770000/ 1046500 entries, 73.58% (elapsed time 10349.9s, curr speed    0.084 kHz, avg speed    0.074 kHz), accepted     2837/  770001 events ( 0.37%)
ZtoMM trigger inconsistency
Processed   780000/ 1046500 entries, 74.53% (elapsed time 10476.6s, curr speed    0.079 kHz, avg speed    0.074 kHz), accepted     2864/  780001 events ( 0.37%)
ZtoMM trigger inconsistency
ZtoMM trigger inconsistency
Processed   790000/ 1046500 entries, 75.49% (elapsed time 10601.5s, curr speed    0.080 kHz, avg speed    0.075 kHz), accepted     2924/  790001 events ( 0.37%)
ZtoMM trigger inconsistency
Processed   800000/ 1046500 entries, 76.45% (elapsed time 10725.1s, curr speed    0.081 kHz, avg speed    0.075 kHz), accepted     2965/  800001 events ( 0.37%)
ZtoMM trigger inconsistency
Processed   810000/ 1046500 entries, 77.40% (elapsed time 10848.5s, curr speed    0.081 kHz, avg speed    0.075 kHz), accepted     2996/  810001 events ( 0.37%)
TtoEM trigger inconsistency
Processed   820000/ 1046500 entries, 78.36% (elapsed time 10971.0s, curr speed    0.082 kHz, avg speed    0.075 kHz), accepted     3038/  820001 events ( 0.37%)
ZtoMM trigger inconsistency
ZtoMM trigger inconsistency
ZtoMM trigger inconsistency
Bad event
Processed   830000/ 1046500 entries, 79.31% (elapsed time 11097.0s, curr speed    0.079 kHz, avg speed    0.075 kHz), accepted     3080/  830001 events ( 0.37%)
ZtoMM trigger inconsistency
Processed   840000/ 1046500 entries, 80.27% (elapsed time 11224.6s, curr speed    0.078 kHz, avg speed    0.075 kHz), accepted     3120/  840001 events ( 0.37%)
ZtoMM trigger inconsistency
Processed   850000/ 1046500 entries, 81.22% (elapsed time 11350.3s, curr speed    0.080 kHz, avg speed    0.075 kHz), accepted     3146/  850001 events ( 0.37%)
WARNING: jet m = -0.0 !!
Processed   860000/ 1046500 entries, 82.18% (elapsed time 11478.3s, curr speed    0.078 kHz, avg speed    0.075 kHz), accepted     3183/  860001 events ( 0.37%)
ZtoMM trigger inconsistency
ZtoMM trigger inconsistency
Bad event
ZtoMM trigger inconsistency
Processed   870000/ 1046500 entries, 83.13% (elapsed time 11598.7s, curr speed    0.083 kHz, avg speed    0.075 kHz), accepted     3217/  870001 events ( 0.37%)
Processed   880000/ 1046500 entries, 84.09% (elapsed time 11726.1s, curr speed    0.079 kHz, avg speed    0.075 kHz), accepted     3257/  880001 events ( 0.37%)
ZtoMM trigger inconsistency
ZtoMM trigger inconsistency
Processed   890000/ 1046500 entries, 85.05% (elapsed time 11853.8s, curr speed    0.078 kHz, avg speed    0.075 kHz), accepted     3299/  890001 events ( 0.37%)
ZtoEE trigger inconsistency
ZtoMM trigger inconsistency
Processed   900000/ 1046500 entries, 86.00% (elapsed time 11973.8s, curr speed    0.083 kHz, avg speed    0.075 kHz), accepted     3328/  900001 events ( 0.37%)
TtoEM trigger inconsistency
Processed   910000/ 1046500 entries, 86.96% (elapsed time 12101.3s, curr speed    0.078 kHz, avg speed    0.075 kHz), accepted     3370/  910001 events ( 0.37%)
ZtoMM trigger inconsistency
ZtoMM trigger inconsistency
Processed   920000/ 1046500 entries, 87.91% (elapsed time 12228.2s, curr speed    0.079 kHz, avg speed    0.075 kHz), accepted     3419/  920001 events ( 0.37%)
Processed   930000/ 1046500 entries, 88.87% (elapsed time 12351.6s, curr speed    0.081 kHz, avg speed    0.075 kHz), accepted     3454/  930001 events ( 0.37%)
ZtoMM trigger inconsistency
ZtoMM trigger inconsistency
WARNING: jet m = -0.0 !!
Processed   940000/ 1046500 entries, 89.82% (elapsed time 12476.3s, curr speed    0.080 kHz, avg speed    0.075 kHz), accepted     3493/  940001 events ( 0.37%)
Processed   950000/ 1046500 entries, 90.78% (elapsed time 12593.7s, curr speed    0.085 kHz, avg speed    0.075 kHz), accepted     3525/  950001 events ( 0.37%)
Processed   960000/ 1046500 entries, 91.73% (elapsed time 12720.3s, curr speed    0.079 kHz, avg speed    0.075 kHz), accepted     3562/  960001 events ( 0.37%)
TtoEM trigger inconsistency
ZtoMM trigger inconsistency
Processed   970000/ 1046500 entries, 92.69% (elapsed time 12842.5s, curr speed    0.082 kHz, avg speed    0.076 kHz), accepted     3590/  970001 events ( 0.37%)
Processed   980000/ 1046500 entries, 93.65% (elapsed time 12961.1s, curr speed    0.084 kHz, avg speed    0.076 kHz), accepted     3634/  980001 events ( 0.37%)
ZtoMM trigger inconsistency
ZtoMM trigger inconsistency
ZtoMM trigger inconsistency
Processed   990000/ 1046500 entries, 94.60% (elapsed time 13082.8s, curr speed    0.082 kHz, avg speed    0.076 kHz), accepted     3670/  990001 events ( 0.37%)
ZtoMM trigger inconsistency
Processed  1000000/ 1046500 entries, 95.56% (elapsed time 13202.9s, curr speed    0.083 kHz, avg speed    0.076 kHz), accepted     3694/ 1000001 events ( 0.37%)
TtoEM trigger inconsistency
ZtoMM trigger inconsistency
ZtoMM trigger inconsistency
Processed  1010000/ 1046500 entries, 96.51% (elapsed time 13336.8s, curr speed    0.075 kHz, avg speed    0.076 kHz), accepted     3744/ 1010001 events ( 0.37%)
Processed  1020000/ 1046500 entries, 97.47% (elapsed time 13461.2s, curr speed    0.080 kHz, avg speed    0.076 kHz), accepted     3773/ 1020001 events ( 0.37%)
ZtoMM trigger inconsistency
ZtoMM trigger inconsistency
ZtoMM trigger inconsistency
TtoEM trigger inconsistency
Processed  1030000/ 1046500 entries, 98.42% (elapsed time 13572.2s, curr speed    0.090 kHz, avg speed    0.076 kHz), accepted     3817/ 1030001 events ( 0.37%)
Processed  1040000/ 1046500 entries, 99.38% (elapsed time 13690.1s, curr speed    0.085 kHz, avg speed    0.076 kHz), accepted     3860/ 1040001 events ( 0.37%)
Processed 1046500 preselected entries from root://cms-xrd-global.cern.ch//store/mc/RunIIAutumn18NanoAODv6/ZZTo2L2Nu_TuneCP5_13TeV_powheg_pythia8/NANOAODSIM/Nano25Oct2019_102X_upgrade2018_realistic_v20_ext1-v1/40000/49878780-7039-354F-9EFF-62E86D1CAE7F.root (1046500 entries). Finally selected 3885 entries
Done /work/pbaertsc/heavy_resonance/output_2018/ZZTo2L2Nu_TuneCP5_13TeV_powheg_pythia8__RunIIAutumn18NanoAODv6-Nano25Oct2019_102X_upgrade2018_realistic_v20_ext1-v1__NANOAODSIM/49878780-7039-354F-9EFF-62E86D1CAE7F.root
75.9694176815 Hz
deleting root file with name: /work/pbaertsc/heavy_resonance/output_2018/ZZTo2L2Nu_TuneCP5_13TeV_powheg_pythia8__RunIIAutumn18NanoAODv6-Nano25Oct2019_102X_upgrade2018_realistic_v20_ext1-v1__NANOAODSIM/49878780-7039-354F-9EFF-62E86D1CAE7F.root
DONE
Complete at
Wed Jan 29 01:52:35 CET 2020
