job start at
Thu Jan 30 17:51:22 CET 2020
SLURM_JOB_ID: 437321
HOSTNAME: t3wn51
JOBLIST:joblist/joblist_Zprime_VBF_Zh_Zinvhinc_narrow_M-1000_TuneCP5_13TeV-madgraph-pythia8__RunIISummer16NanoAODv6-PUMoriond17_Nano25Oct2019_102X_mcRun2_asymptotic_v7-v1__NANOAODSIM_ll.txt
Going to execute
python job.py -i root://cms-xrd-global.cern.ch//store/mc/RunIISummer16NanoAODv6/Zprime_VBF_Zh_Zinvhinc_narrow_M-1000_TuneCP5_13TeV-madgraph-pythia8/NANOAODSIM/PUMoriond17_Nano25Oct2019_102X_mcRun2_asymptotic_v7-v1/280000/DB030DA3-AA8B-E347-8F0A-148C6BD3A9CC.root -o /work/pbaertsc/heavy_resonance/output_2016/Zprime_VBF_Zh_Zinvhinc_narrow_M-1000_TuneCP5_13TeV-madgraph-pythia8__RunIISummer16NanoAODv6-PUMoriond17_Nano25Oct2019_102X_mcRun2_asymptotic_v7-v1__NANOAODSIM -N Zprime_VBF_Zh_Zinvhinc_narrow_M-1000_TuneCP5_13TeV-madgraph-pythia8__RunIISummer16NanoAODv6-PUMoriond17_Nano25Oct2019_102X_mcRun2_asymptotic_v7-v1__NANOAODSIM -n 1 -c ll -y 2016
TClass::Init:0: RuntimeWarning: no dictionary for class ROOT::TIOFeatures is available
/work/pbaertsc/heavy_resonance/CMSSW_9_4_6/python/PhysicsTools/NanoAODTools/postprocessing/framework/treeReaderArrayTools.py:69: RuntimeWarning: creating executor for unknown type "ULong64_t*"
  ret = _vr.Get()[0]
JEC= Summer16_07Aug2017_V11_MC 	 JER= Summer16_25nsV1_MC
MET branch= PuppiMET
JEC= Summer16_07Aug2017_V11_MC 	 JER= Summer16_25nsV1_MC
MET branch= PuppiMET
--------------------------------------------------------------------------------
input files  = ['root://cms-xrd-global.cern.ch//store/mc/RunIISummer16NanoAODv6/Zprime_VBF_Zh_Zinvhinc_narrow_M-1000_TuneCP5_13TeV-madgraph-pythia8/NANOAODSIM/PUMoriond17_Nano25Oct2019_102X_mcRun2_asymptotic_v7-v1/280000/DB030DA3-AA8B-E347-8F0A-148C6BD3A9CC.root']
output directory = /work/pbaertsc/heavy_resonance/output_2016/Zprime_VBF_Zh_Zinvhinc_narrow_M-1000_TuneCP5_13TeV-madgraph-pythia8__RunIISummer16NanoAODv6-PUMoriond17_Nano25Oct2019_102X_mcRun2_asymptotic_v7-v1__NANOAODSIM
output file  = Zprime_VBF_Zh_Zinvhinc_narrow_M-1000_TuneCP5_13TeV-madgraph-pythia8__RunIISummer16NanoAODv6-PUMoriond17_Nano25Oct2019_102X_mcRun2_asymptotic_v7-v1__NANOAODSIM_1_ll.root
chunck       = 1
channel      = ll
dataType     = mc
year         = 2016
tes          = 1.0
ltf          = 1.0
jtf          = 1.0
--------------------------------------------------------------------------------
job.py: creating PostProcessor...
TreeProducer is called /work/pbaertsc/heavy_resonance/output_2016/Zprime_VBF_Zh_Zinvhinc_narrow_M-1000_TuneCP5_13TeV-madgraph-pythia8__RunIISummer16NanoAODv6-PUMoriond17_Nano25Oct2019_102X_mcRun2_asymptotic_v7-v1__NANOAODSIM/Zprime_VBF_Zh_Zinvhinc_narrow_M-1000_TuneCP5_13TeV-madgraph-pythia8__RunIISummer16NanoAODv6-PUMoriond17_Nano25Oct2019_102X_mcRun2_asymptotic_v7-v1__NANOAODSIM_1_ll.root
job.py: going to run PostProcessor...
Will write selected trees to /work/pbaertsc/heavy_resonance/output_2016/Zprime_VBF_Zh_Zinvhinc_narrow_M-1000_TuneCP5_13TeV-madgraph-pythia8__RunIISummer16NanoAODv6-PUMoriond17_Nano25Oct2019_102X_mcRun2_asymptotic_v7-v1__NANOAODSIM
Loading jet energy scale (JES) uncertainties from file '/tmp/tmpLsHzHp/Summer16_07Aug2017_V11_MC_Uncertainty_AK4PFchs.txt'
Loading jet energy resolutions (JER) from file '/tmp/tmpUraShU/Summer16_25nsV1_MC_PtResolution_AK4PFchs.txt'
Loading JER scale factors and uncertainties from file '/tmp/tmpUraShU/Summer16_25nsV1_MC_SF_AK4PFchs.txt'
Loading jet energy scale (JES) uncertainties from file '/tmp/tmpBqoL0j/Summer16_07Aug2017_V11_MC_Uncertainty_AK8PFPuppi.txt'
Loading jet energy resolutions (JER) from file '/tmp/tmprGnrOD/Summer16_25nsV1_MC_PtResolution_AK8PFPuppi.txt'
Loading JER scale factors and uncertainties from file '/tmp/tmprGnrOD/Summer16_25nsV1_MC_SF_AK8PFPuppi.txt'
Pre-select 600 entries out of 600 (100.00%)
nanoAODv5? True
TtoEM trigger inconsistency
Processed 600 preselected entries from root://cms-xrd-global.cern.ch//store/mc/RunIISummer16NanoAODv6/Zprime_VBF_Zh_Zinvhinc_narrow_M-1000_TuneCP5_13TeV-madgraph-pythia8/NANOAODSIM/PUMoriond17_Nano25Oct2019_102X_mcRun2_asymptotic_v7-v1/280000/DB030DA3-AA8B-E347-8F0A-148C6BD3A9CC.root (600 entries). Finally selected 330 entries
Done /work/pbaertsc/heavy_resonance/output_2016/Zprime_VBF_Zh_Zinvhinc_narrow_M-1000_TuneCP5_13TeV-madgraph-pythia8__RunIISummer16NanoAODv6-PUMoriond17_Nano25Oct2019_102X_mcRun2_asymptotic_v7-v1__NANOAODSIM/DB030DA3-AA8B-E347-8F0A-148C6BD3A9CC.root
39.6301188904 Hz
deleting root file with name: /work/pbaertsc/heavy_resonance/output_2016/Zprime_VBF_Zh_Zinvhinc_narrow_M-1000_TuneCP5_13TeV-madgraph-pythia8__RunIISummer16NanoAODv6-PUMoriond17_Nano25Oct2019_102X_mcRun2_asymptotic_v7-v1__NANOAODSIM/DB030DA3-AA8B-E347-8F0A-148C6BD3A9CC.root
DONE
Complete at
Thu Jan 30 17:55:15 CET 2020
