job start at
Thu Jan 30 19:13:58 CET 2020
SLURM_JOB_ID: 437405
HOSTNAME: t3wn33
JOBLIST:joblist/joblist_ZZTo2Q2Nu_TuneCP5_13TeV_amcatnloFXFX_madspin_pythia8__RunIIAutumn18NanoAODv6-Nano25Oct2019_102X_upgrade2018_realistic_v20-v1__NANOAODSIM_ll.txt
Going to execute
python job.py -i root://cms-xrd-global.cern.ch//store/mc/RunIIAutumn18NanoAODv6/ZZTo2Q2Nu_TuneCP5_13TeV_amcatnloFXFX_madspin_pythia8/NANOAODSIM/Nano25Oct2019_102X_upgrade2018_realistic_v20-v1/60000/E26E3EB3-3C74-7B4D-A77E-1EBC31A16790.root -o /work/pbaertsc/heavy_resonance/output_2018/ZZTo2Q2Nu_TuneCP5_13TeV_amcatnloFXFX_madspin_pythia8__RunIIAutumn18NanoAODv6-Nano25Oct2019_102X_upgrade2018_realistic_v20-v1__NANOAODSIM -N ZZTo2Q2Nu_TuneCP5_13TeV_amcatnloFXFX_madspin_pythia8__RunIIAutumn18NanoAODv6-Nano25Oct2019_102X_upgrade2018_realistic_v20-v1__NANOAODSIM -n 2 -c ll -y 2018
TClass::Init:0: RuntimeWarning: no dictionary for class ROOT::TIOFeatures is available
/work/pbaertsc/heavy_resonance/CMSSW_9_4_6/python/PhysicsTools/NanoAODTools/postprocessing/framework/treeReaderArrayTools.py:69: RuntimeWarning: creating executor for unknown type "ULong64_t*"
  ret = _vr.Get()[0]
JEC= Autumn18_V19_MC 	 JER= Autumn18_V7_MC
MET branch= PuppiMET
JEC= Autumn18_V19_MC 	 JER= Autumn18_V7_MC
MET branch= PuppiMET
--------------------------------------------------------------------------------
input files  = ['root://cms-xrd-global.cern.ch//store/mc/RunIIAutumn18NanoAODv6/ZZTo2Q2Nu_TuneCP5_13TeV_amcatnloFXFX_madspin_pythia8/NANOAODSIM/Nano25Oct2019_102X_upgrade2018_realistic_v20-v1/60000/E26E3EB3-3C74-7B4D-A77E-1EBC31A16790.root']
output directory = /work/pbaertsc/heavy_resonance/output_2018/ZZTo2Q2Nu_TuneCP5_13TeV_amcatnloFXFX_madspin_pythia8__RunIIAutumn18NanoAODv6-Nano25Oct2019_102X_upgrade2018_realistic_v20-v1__NANOAODSIM
output file  = ZZTo2Q2Nu_TuneCP5_13TeV_amcatnloFXFX_madspin_pythia8__RunIIAutumn18NanoAODv6-Nano25Oct2019_102X_upgrade2018_realistic_v20-v1__NANOAODSIM_2_ll.root
chunck       = 2
channel      = ll
dataType     = mc
year         = 2018
tes          = 1.0
ltf          = 1.0
jtf          = 1.0
--------------------------------------------------------------------------------
job.py: creating PostProcessor...
TreeProducer is called /work/pbaertsc/heavy_resonance/output_2018/ZZTo2Q2Nu_TuneCP5_13TeV_amcatnloFXFX_madspin_pythia8__RunIIAutumn18NanoAODv6-Nano25Oct2019_102X_upgrade2018_realistic_v20-v1__NANOAODSIM/ZZTo2Q2Nu_TuneCP5_13TeV_amcatnloFXFX_madspin_pythia8__RunIIAutumn18NanoAODv6-Nano25Oct2019_102X_upgrade2018_realistic_v20-v1__NANOAODSIM_2_ll.root
job.py: going to run PostProcessor...
Will write selected trees to /work/pbaertsc/heavy_resonance/output_2018/ZZTo2Q2Nu_TuneCP5_13TeV_amcatnloFXFX_madspin_pythia8__RunIIAutumn18NanoAODv6-Nano25Oct2019_102X_upgrade2018_realistic_v20-v1__NANOAODSIM
Loading jet energy scale (JES) uncertainties from file '/tmp/tmpXXFLtt/Autumn18_V19_MC_Uncertainty_AK4PFchs.txt'
Loading jet energy resolutions (JER) from file '/tmp/tmpZInBII/Autumn18_V7_MC_PtResolution_AK4PFchs.txt'
Loading JER scale factors and uncertainties from file '/tmp/tmpZInBII/Autumn18_V7_MC_SF_AK4PFchs.txt'
Loading jet energy scale (JES) uncertainties from file '/tmp/tmpKJMLUt/Autumn18_V19_MC_Uncertainty_AK8PFPuppi.txt'
Loading jet energy resolutions (JER) from file '/tmp/tmpiP0Fr8/Autumn18_V7_MC_PtResolution_AK8PFPuppi.txt'
Loading JER scale factors and uncertainties from file '/tmp/tmpiP0Fr8/Autumn18_V7_MC_SF_AK8PFPuppi.txt'
Pre-select 1240291 entries out of 1240291 (100.00%)
nanoAODv5? True
Bad event
Processed    10000/ 1240291 entries,  0.81% (elapsed time   113.7s, curr speed    0.088 kHz, avg speed    0.088 kHz), accepted      133/   10001 events ( 1.33%)
Processed    20000/ 1240291 entries,  1.61% (elapsed time   222.1s, curr speed    0.092 kHz, avg speed    0.090 kHz), accepted      264/   20001 events ( 1.32%)
Processed    30000/ 1240291 entries,  2.42% (elapsed time   331.5s, curr speed    0.091 kHz, avg speed    0.091 kHz), accepted      404/   30001 events ( 1.35%)
Processed    40000/ 1240291 entries,  3.23% (elapsed time   441.0s, curr speed    0.091 kHz, avg speed    0.091 kHz), accepted      522/   40001 events ( 1.30%)
Processed    50000/ 1240291 entries,  4.03% (elapsed time   549.8s, curr speed    0.092 kHz, avg speed    0.091 kHz), accepted      646/   50001 events ( 1.29%)
Processed    60000/ 1240291 entries,  4.84% (elapsed time   658.6s, curr speed    0.092 kHz, avg speed    0.091 kHz), accepted      774/   60001 events ( 1.29%)
Processed    70000/ 1240291 entries,  5.64% (elapsed time   766.3s, curr speed    0.093 kHz, avg speed    0.091 kHz), accepted      907/   70001 events ( 1.30%)
Bad event
Processed    80000/ 1240291 entries,  6.45% (elapsed time   874.3s, curr speed    0.093 kHz, avg speed    0.091 kHz), accepted     1036/   80001 events ( 1.29%)
Processed    90000/ 1240291 entries,  7.26% (elapsed time   983.8s, curr speed    0.091 kHz, avg speed    0.091 kHz), accepted     1179/   90001 events ( 1.31%)
Bad event
Processed   100000/ 1240291 entries,  8.06% (elapsed time  1093.3s, curr speed    0.091 kHz, avg speed    0.091 kHz), accepted     1326/  100001 events ( 1.33%)
Processed   110000/ 1240291 entries,  8.87% (elapsed time  1203.6s, curr speed    0.091 kHz, avg speed    0.091 kHz), accepted     1484/  110001 events ( 1.35%)
Processed   120000/ 1240291 entries,  9.68% (elapsed time  1311.4s, curr speed    0.093 kHz, avg speed    0.092 kHz), accepted     1604/  120001 events ( 1.34%)
Processed   130000/ 1240291 entries, 10.48% (elapsed time  1420.0s, curr speed    0.092 kHz, avg speed    0.092 kHz), accepted     1732/  130001 events ( 1.33%)
Processed   140000/ 1240291 entries, 11.29% (elapsed time  1529.0s, curr speed    0.092 kHz, avg speed    0.092 kHz), accepted     1892/  140001 events ( 1.35%)
Processed   150000/ 1240291 entries, 12.09% (elapsed time  1637.0s, curr speed    0.093 kHz, avg speed    0.092 kHz), accepted     2028/  150001 events ( 1.35%)
Processed   160000/ 1240291 entries, 12.90% (elapsed time  1746.8s, curr speed    0.091 kHz, avg speed    0.092 kHz), accepted     2167/  160001 events ( 1.35%)
Processed   170000/ 1240291 entries, 13.71% (elapsed time  1854.2s, curr speed    0.093 kHz, avg speed    0.092 kHz), accepted     2310/  170001 events ( 1.36%)
Processed   180000/ 1240291 entries, 14.51% (elapsed time  1962.4s, curr speed    0.092 kHz, avg speed    0.092 kHz), accepted     2431/  180001 events ( 1.35%)
Processed   190000/ 1240291 entries, 15.32% (elapsed time  2071.1s, curr speed    0.092 kHz, avg speed    0.092 kHz), accepted     2544/  190001 events ( 1.34%)
Processed   200000/ 1240291 entries, 16.13% (elapsed time  2178.6s, curr speed    0.093 kHz, avg speed    0.092 kHz), accepted     2693/  200001 events ( 1.35%)
Processed   210000/ 1240291 entries, 16.93% (elapsed time  2289.1s, curr speed    0.091 kHz, avg speed    0.092 kHz), accepted     2814/  210001 events ( 1.34%)
Processed   220000/ 1240291 entries, 17.74% (elapsed time  2400.3s, curr speed    0.090 kHz, avg speed    0.092 kHz), accepted     2968/  220001 events ( 1.35%)
Processed   230000/ 1240291 entries, 18.54% (elapsed time  2508.3s, curr speed    0.093 kHz, avg speed    0.092 kHz), accepted     3104/  230001 events ( 1.35%)
Processed   240000/ 1240291 entries, 19.35% (elapsed time  2617.7s, curr speed    0.091 kHz, avg speed    0.092 kHz), accepted     3239/  240001 events ( 1.35%)
Processed   250000/ 1240291 entries, 20.16% (elapsed time  2726.4s, curr speed    0.092 kHz, avg speed    0.092 kHz), accepted     3379/  250001 events ( 1.35%)
Processed   260000/ 1240291 entries, 20.96% (elapsed time  2833.8s, curr speed    0.093 kHz, avg speed    0.092 kHz), accepted     3509/  260001 events ( 1.35%)
Processed   270000/ 1240291 entries, 21.77% (elapsed time  2940.8s, curr speed    0.093 kHz, avg speed    0.092 kHz), accepted     3631/  270001 events ( 1.34%)
Processed   280000/ 1240291 entries, 22.58% (elapsed time  3049.5s, curr speed    0.092 kHz, avg speed    0.092 kHz), accepted     3771/  280001 events ( 1.35%)
Processed   290000/ 1240291 entries, 23.38% (elapsed time  3156.7s, curr speed    0.093 kHz, avg speed    0.092 kHz), accepted     3902/  290001 events ( 1.35%)
Processed   300000/ 1240291 entries, 24.19% (elapsed time  3263.4s, curr speed    0.094 kHz, avg speed    0.092 kHz), accepted     4025/  300001 events ( 1.34%)
Processed   310000/ 1240291 entries, 24.99% (elapsed time  3372.6s, curr speed    0.092 kHz, avg speed    0.092 kHz), accepted     4166/  310001 events ( 1.34%)
Processed   320000/ 1240291 entries, 25.80% (elapsed time  3480.8s, curr speed    0.092 kHz, avg speed    0.092 kHz), accepted     4269/  320001 events ( 1.33%)
Processed   330000/ 1240291 entries, 26.61% (elapsed time  3588.1s, curr speed    0.093 kHz, avg speed    0.092 kHz), accepted     4400/  330001 events ( 1.33%)
Processed   340000/ 1240291 entries, 27.41% (elapsed time  3697.0s, curr speed    0.092 kHz, avg speed    0.092 kHz), accepted     4534/  340001 events ( 1.33%)
Processed   350000/ 1240291 entries, 28.22% (elapsed time  3802.9s, curr speed    0.094 kHz, avg speed    0.092 kHz), accepted     4663/  350001 events ( 1.33%)
Processed   360000/ 1240291 entries, 29.03% (elapsed time  3909.8s, curr speed    0.094 kHz, avg speed    0.092 kHz), accepted     4801/  360001 events ( 1.33%)
Bad event
Processed   370000/ 1240291 entries, 29.83% (elapsed time  4017.5s, curr speed    0.093 kHz, avg speed    0.092 kHz), accepted     4920/  370001 events ( 1.33%)
Processed   380000/ 1240291 entries, 30.64% (elapsed time  4124.3s, curr speed    0.094 kHz, avg speed    0.092 kHz), accepted     5037/  380001 events ( 1.33%)
Bad event
Processed   390000/ 1240291 entries, 31.44% (elapsed time  4232.1s, curr speed    0.093 kHz, avg speed    0.092 kHz), accepted     5194/  390001 events ( 1.33%)
Processed   400000/ 1240291 entries, 32.25% (elapsed time  4339.5s, curr speed    0.093 kHz, avg speed    0.092 kHz), accepted     5347/  400001 events ( 1.34%)
Processed   410000/ 1240291 entries, 33.06% (elapsed time  4447.4s, curr speed    0.093 kHz, avg speed    0.092 kHz), accepted     5498/  410001 events ( 1.34%)
Processed   420000/ 1240291 entries, 33.86% (elapsed time  4554.9s, curr speed    0.093 kHz, avg speed    0.092 kHz), accepted     5656/  420001 events ( 1.35%)
Processed   430000/ 1240291 entries, 34.67% (elapsed time  4662.0s, curr speed    0.093 kHz, avg speed    0.092 kHz), accepted     5786/  430001 events ( 1.35%)
Bad event
Processed   440000/ 1240291 entries, 35.48% (elapsed time  4770.6s, curr speed    0.092 kHz, avg speed    0.092 kHz), accepted     5918/  440001 events ( 1.34%)
Processed   450000/ 1240291 entries, 36.28% (elapsed time  4877.3s, curr speed    0.094 kHz, avg speed    0.092 kHz), accepted     6057/  450001 events ( 1.35%)
Processed   460000/ 1240291 entries, 37.09% (elapsed time  4985.2s, curr speed    0.093 kHz, avg speed    0.092 kHz), accepted     6190/  460001 events ( 1.35%)
Processed   470000/ 1240291 entries, 37.89% (elapsed time  5091.8s, curr speed    0.094 kHz, avg speed    0.092 kHz), accepted     6307/  470001 events ( 1.34%)
Processed   480000/ 1240291 entries, 38.70% (elapsed time  5199.1s, curr speed    0.093 kHz, avg speed    0.092 kHz), accepted     6441/  480001 events ( 1.34%)
Bad event
Processed   490000/ 1240291 entries, 39.51% (elapsed time  5306.7s, curr speed    0.093 kHz, avg speed    0.092 kHz), accepted     6577/  490001 events ( 1.34%)
Processed   500000/ 1240291 entries, 40.31% (elapsed time  5413.6s, curr speed    0.094 kHz, avg speed    0.092 kHz), accepted     6680/  500001 events ( 1.34%)
Processed   510000/ 1240291 entries, 41.12% (elapsed time  5521.0s, curr speed    0.093 kHz, avg speed    0.092 kHz), accepted     6796/  510001 events ( 1.33%)
Processed   520000/ 1240291 entries, 41.93% (elapsed time  5630.9s, curr speed    0.091 kHz, avg speed    0.092 kHz), accepted     6928/  520001 events ( 1.33%)
Processed   530000/ 1240291 entries, 42.73% (elapsed time  5737.7s, curr speed    0.094 kHz, avg speed    0.092 kHz), accepted     7080/  530001 events ( 1.34%)
Processed   540000/ 1240291 entries, 43.54% (elapsed time  5844.0s, curr speed    0.094 kHz, avg speed    0.092 kHz), accepted     7211/  540001 events ( 1.34%)
Processed   550000/ 1240291 entries, 44.34% (elapsed time  5953.3s, curr speed    0.091 kHz, avg speed    0.092 kHz), accepted     7337/  550001 events ( 1.33%)
Bad event
Processed   560000/ 1240291 entries, 45.15% (elapsed time  6061.7s, curr speed    0.092 kHz, avg speed    0.092 kHz), accepted     7476/  560001 events ( 1.33%)
Processed   570000/ 1240291 entries, 45.96% (elapsed time  6169.8s, curr speed    0.092 kHz, avg speed    0.092 kHz), accepted     7616/  570001 events ( 1.34%)
Processed   580000/ 1240291 entries, 46.76% (elapsed time  6276.4s, curr speed    0.094 kHz, avg speed    0.092 kHz), accepted     7735/  580001 events ( 1.33%)
Bad event
Processed   590000/ 1240291 entries, 47.57% (elapsed time  6383.8s, curr speed    0.093 kHz, avg speed    0.092 kHz), accepted     7842/  590001 events ( 1.33%)
Processed   600000/ 1240291 entries, 48.38% (elapsed time  6491.0s, curr speed    0.093 kHz, avg speed    0.092 kHz), accepted     7975/  600001 events ( 1.33%)
Processed   610000/ 1240291 entries, 49.18% (elapsed time  6597.9s, curr speed    0.094 kHz, avg speed    0.092 kHz), accepted     8106/  610001 events ( 1.33%)
Processed   620000/ 1240291 entries, 49.99% (elapsed time  6705.9s, curr speed    0.093 kHz, avg speed    0.092 kHz), accepted     8234/  620001 events ( 1.33%)
Processed   630000/ 1240291 entries, 50.79% (elapsed time  6812.4s, curr speed    0.094 kHz, avg speed    0.092 kHz), accepted     8363/  630001 events ( 1.33%)
Processed   640000/ 1240291 entries, 51.60% (elapsed time  6919.1s, curr speed    0.094 kHz, avg speed    0.092 kHz), accepted     8500/  640001 events ( 1.33%)
Processed   650000/ 1240291 entries, 52.41% (elapsed time  7027.5s, curr speed    0.092 kHz, avg speed    0.092 kHz), accepted     8645/  650001 events ( 1.33%)
Processed   660000/ 1240291 entries, 53.21% (elapsed time  7134.9s, curr speed    0.093 kHz, avg speed    0.093 kHz), accepted     8772/  660001 events ( 1.33%)
Processed   670000/ 1240291 entries, 54.02% (elapsed time  7243.1s, curr speed    0.092 kHz, avg speed    0.093 kHz), accepted     8912/  670001 events ( 1.33%)
Processed   680000/ 1240291 entries, 54.83% (elapsed time  7351.0s, curr speed    0.093 kHz, avg speed    0.093 kHz), accepted     9046/  680001 events ( 1.33%)
Processed   690000/ 1240291 entries, 55.63% (elapsed time  7458.0s, curr speed    0.094 kHz, avg speed    0.093 kHz), accepted     9185/  690001 events ( 1.33%)
Bad event
Processed   700000/ 1240291 entries, 56.44% (elapsed time  7565.6s, curr speed    0.093 kHz, avg speed    0.093 kHz), accepted     9309/  700001 events ( 1.33%)
Processed   710000/ 1240291 entries, 57.24% (elapsed time  7673.2s, curr speed    0.093 kHz, avg speed    0.093 kHz), accepted     9422/  710001 events ( 1.33%)
Processed   720000/ 1240291 entries, 58.05% (elapsed time  7781.2s, curr speed    0.093 kHz, avg speed    0.093 kHz), accepted     9567/  720001 events ( 1.33%)
Processed   730000/ 1240291 entries, 58.86% (elapsed time  7889.0s, curr speed    0.093 kHz, avg speed    0.093 kHz), accepted     9706/  730001 events ( 1.33%)
Processed   740000/ 1240291 entries, 59.66% (elapsed time  7997.0s, curr speed    0.093 kHz, avg speed    0.093 kHz), accepted     9853/  740001 events ( 1.33%)
Bad event
Processed   750000/ 1240291 entries, 60.47% (elapsed time  8106.6s, curr speed    0.091 kHz, avg speed    0.093 kHz), accepted     9995/  750001 events ( 1.33%)
Processed   760000/ 1240291 entries, 61.28% (elapsed time  8215.6s, curr speed    0.092 kHz, avg speed    0.093 kHz), accepted    10143/  760001 events ( 1.33%)
Processed   770000/ 1240291 entries, 62.08% (elapsed time  8323.9s, curr speed    0.092 kHz, avg speed    0.093 kHz), accepted    10295/  770001 events ( 1.34%)
Processed   780000/ 1240291 entries, 62.89% (elapsed time  8433.7s, curr speed    0.091 kHz, avg speed    0.092 kHz), accepted    10426/  780001 events ( 1.34%)
Processed   790000/ 1240291 entries, 63.69% (elapsed time  8542.3s, curr speed    0.092 kHz, avg speed    0.092 kHz), accepted    10586/  790001 events ( 1.34%)
Bad event
Processed   800000/ 1240291 entries, 64.50% (elapsed time  8652.4s, curr speed    0.091 kHz, avg speed    0.092 kHz), accepted    10740/  800001 events ( 1.34%)
Bad event
Processed   810000/ 1240291 entries, 65.31% (elapsed time  8762.4s, curr speed    0.091 kHz, avg speed    0.092 kHz), accepted    10881/  810001 events ( 1.34%)
Processed   820000/ 1240291 entries, 66.11% (elapsed time  8872.5s, curr speed    0.091 kHz, avg speed    0.092 kHz), accepted    11000/  820001 events ( 1.34%)
Processed   830000/ 1240291 entries, 66.92% (elapsed time  8982.6s, curr speed    0.091 kHz, avg speed    0.092 kHz), accepted    11150/  830001 events ( 1.34%)
Processed   840000/ 1240291 entries, 67.73% (elapsed time  9090.3s, curr speed    0.093 kHz, avg speed    0.092 kHz), accepted    11290/  840001 events ( 1.34%)
Processed   850000/ 1240291 entries, 68.53% (elapsed time  9199.0s, curr speed    0.092 kHz, avg speed    0.092 kHz), accepted    11416/  850001 events ( 1.34%)
Processed   860000/ 1240291 entries, 69.34% (elapsed time  9308.2s, curr speed    0.092 kHz, avg speed    0.092 kHz), accepted    11535/  860001 events ( 1.34%)
Processed   870000/ 1240291 entries, 70.14% (elapsed time  9416.8s, curr speed    0.092 kHz, avg speed    0.092 kHz), accepted    11670/  870001 events ( 1.34%)
Processed   880000/ 1240291 entries, 70.95% (elapsed time  9527.1s, curr speed    0.091 kHz, avg speed    0.092 kHz), accepted    11816/  880001 events ( 1.34%)
Processed   890000/ 1240291 entries, 71.76% (elapsed time  9634.5s, curr speed    0.093 kHz, avg speed    0.092 kHz), accepted    11933/  890001 events ( 1.34%)
Processed   900000/ 1240291 entries, 72.56% (elapsed time  9744.6s, curr speed    0.091 kHz, avg speed    0.092 kHz), accepted    12062/  900001 events ( 1.34%)
Processed   910000/ 1240291 entries, 73.37% (elapsed time  9855.5s, curr speed    0.090 kHz, avg speed    0.092 kHz), accepted    12208/  910001 events ( 1.34%)
Bad event
Processed   920000/ 1240291 entries, 74.18% (elapsed time  9965.1s, curr speed    0.091 kHz, avg speed    0.092 kHz), accepted    12320/  920001 events ( 1.34%)
Processed   930000/ 1240291 entries, 74.98% (elapsed time 10077.0s, curr speed    0.089 kHz, avg speed    0.092 kHz), accepted    12451/  930001 events ( 1.34%)
Processed   940000/ 1240291 entries, 75.79% (elapsed time 10187.0s, curr speed    0.091 kHz, avg speed    0.092 kHz), accepted    12597/  940001 events ( 1.34%)
Processed   950000/ 1240291 entries, 76.59% (elapsed time 10298.0s, curr speed    0.090 kHz, avg speed    0.092 kHz), accepted    12747/  950001 events ( 1.34%)
Processed   960000/ 1240291 entries, 77.40% (elapsed time 10408.1s, curr speed    0.091 kHz, avg speed    0.092 kHz), accepted    12880/  960001 events ( 1.34%)
Processed   970000/ 1240291 entries, 78.21% (elapsed time 10517.5s, curr speed    0.091 kHz, avg speed    0.092 kHz), accepted    13017/  970001 events ( 1.34%)
Processed   980000/ 1240291 entries, 79.01% (elapsed time 10628.2s, curr speed    0.090 kHz, avg speed    0.092 kHz), accepted    13161/  980001 events ( 1.34%)
Bad event
Processed   990000/ 1240291 entries, 79.82% (elapsed time 10739.6s, curr speed    0.090 kHz, avg speed    0.092 kHz), accepted    13309/  990001 events ( 1.34%)
Processed  1000000/ 1240291 entries, 80.63% (elapsed time 10849.8s, curr speed    0.091 kHz, avg speed    0.092 kHz), accepted    13440/ 1000001 events ( 1.34%)
Processed  1010000/ 1240291 entries, 81.43% (elapsed time 10961.9s, curr speed    0.089 kHz, avg speed    0.092 kHz), accepted    13550/ 1010001 events ( 1.34%)
Processed  1020000/ 1240291 entries, 82.24% (elapsed time 11073.1s, curr speed    0.090 kHz, avg speed    0.092 kHz), accepted    13676/ 1020001 events ( 1.34%)
Processed  1030000/ 1240291 entries, 83.05% (elapsed time 11186.2s, curr speed    0.088 kHz, avg speed    0.092 kHz), accepted    13808/ 1030001 events ( 1.34%)
Processed  1040000/ 1240291 entries, 83.85% (elapsed time 11297.3s, curr speed    0.090 kHz, avg speed    0.092 kHz), accepted    13932/ 1040001 events ( 1.34%)
Bad event
Processed  1050000/ 1240291 entries, 84.66% (elapsed time 11407.1s, curr speed    0.091 kHz, avg speed    0.092 kHz), accepted    14058/ 1050001 events ( 1.34%)
Processed  1060000/ 1240291 entries, 85.46% (elapsed time 11518.2s, curr speed    0.090 kHz, avg speed    0.092 kHz), accepted    14187/ 1060001 events ( 1.34%)
Processed  1070000/ 1240291 entries, 86.27% (elapsed time 11628.2s, curr speed    0.091 kHz, avg speed    0.092 kHz), accepted    14300/ 1070001 events ( 1.34%)
Processed  1080000/ 1240291 entries, 87.08% (elapsed time 11738.9s, curr speed    0.090 kHz, avg speed    0.092 kHz), accepted    14430/ 1080001 events ( 1.34%)
Processed  1090000/ 1240291 entries, 87.88% (elapsed time 11851.3s, curr speed    0.089 kHz, avg speed    0.092 kHz), accepted    14571/ 1090001 events ( 1.34%)
Processed  1100000/ 1240291 entries, 88.69% (elapsed time 11961.3s, curr speed    0.091 kHz, avg speed    0.092 kHz), accepted    14703/ 1100001 events ( 1.34%)
Processed  1110000/ 1240291 entries, 89.50% (elapsed time 12072.4s, curr speed    0.090 kHz, avg speed    0.092 kHz), accepted    14828/ 1110001 events ( 1.34%)
Bad event
Processed  1120000/ 1240291 entries, 90.30% (elapsed time 12182.9s, curr speed    0.090 kHz, avg speed    0.092 kHz), accepted    14968/ 1120001 events ( 1.34%)
Processed  1130000/ 1240291 entries, 91.11% (elapsed time 12292.5s, curr speed    0.091 kHz, avg speed    0.092 kHz), accepted    15090/ 1130001 events ( 1.34%)
Processed  1140000/ 1240291 entries, 91.91% (elapsed time 12403.9s, curr speed    0.090 kHz, avg speed    0.092 kHz), accepted    15220/ 1140001 events ( 1.34%)
Processed  1150000/ 1240291 entries, 92.72% (elapsed time 12514.8s, curr speed    0.090 kHz, avg speed    0.092 kHz), accepted    15352/ 1150001 events ( 1.33%)
Processed  1160000/ 1240291 entries, 93.53% (elapsed time 12626.1s, curr speed    0.090 kHz, avg speed    0.092 kHz), accepted    15483/ 1160001 events ( 1.33%)
Bad event
Processed  1170000/ 1240291 entries, 94.33% (elapsed time 12737.7s, curr speed    0.090 kHz, avg speed    0.092 kHz), accepted    15613/ 1170001 events ( 1.33%)
Processed  1180000/ 1240291 entries, 95.14% (elapsed time 12848.8s, curr speed    0.090 kHz, avg speed    0.092 kHz), accepted    15739/ 1180001 events ( 1.33%)
Processed  1190000/ 1240291 entries, 95.95% (elapsed time 12960.1s, curr speed    0.090 kHz, avg speed    0.092 kHz), accepted    15885/ 1190001 events ( 1.33%)
Processed  1200000/ 1240291 entries, 96.75% (elapsed time 13070.0s, curr speed    0.091 kHz, avg speed    0.092 kHz), accepted    16036/ 1200001 events ( 1.34%)
Processed  1210000/ 1240291 entries, 97.56% (elapsed time 13179.9s, curr speed    0.091 kHz, avg speed    0.092 kHz), accepted    16183/ 1210001 events ( 1.34%)
Processed  1220000/ 1240291 entries, 98.36% (elapsed time 13294.1s, curr speed    0.088 kHz, avg speed    0.092 kHz), accepted    16323/ 1220001 events ( 1.34%)
Bad event
Processed  1230000/ 1240291 entries, 99.17% (elapsed time 13405.8s, curr speed    0.090 kHz, avg speed    0.092 kHz), accepted    16458/ 1230001 events ( 1.34%)
Processed  1240000/ 1240291 entries, 99.98% (elapsed time 13517.6s, curr speed    0.089 kHz, avg speed    0.092 kHz), accepted    16604/ 1240001 events ( 1.34%)
Processed 1240291 preselected entries from root://cms-xrd-global.cern.ch//store/mc/RunIIAutumn18NanoAODv6/ZZTo2Q2Nu_TuneCP5_13TeV_amcatnloFXFX_madspin_pythia8/NANOAODSIM/Nano25Oct2019_102X_upgrade2018_realistic_v20-v1/60000/E26E3EB3-3C74-7B4D-A77E-1EBC31A16790.root (1240291 entries). Finally selected 16606 entries
Done /work/pbaertsc/heavy_resonance/output_2018/ZZTo2Q2Nu_TuneCP5_13TeV_amcatnloFXFX_madspin_pythia8__RunIIAutumn18NanoAODv6-Nano25Oct2019_102X_upgrade2018_realistic_v20-v1__NANOAODSIM/E26E3EB3-3C74-7B4D-A77E-1EBC31A16790.root
91.4892204513 Hz
deleting root file with name: /work/pbaertsc/heavy_resonance/output_2018/ZZTo2Q2Nu_TuneCP5_13TeV_amcatnloFXFX_madspin_pythia8__RunIIAutumn18NanoAODv6-Nano25Oct2019_102X_upgrade2018_realistic_v20-v1__NANOAODSIM/E26E3EB3-3C74-7B4D-A77E-1EBC31A16790.root
DONE
Complete at
Fri Jan 31 03:24:18 CET 2020
