job start at
Thu Jan 30 19:15:02 CET 2020
SLURM_JOB_ID: 437567
HOSTNAME: t3wn42
JOBLIST:joblist/joblist_WZTo2L2Q_13TeV_amcatnloFXFX_madspin_pythia8__RunIIFall17NanoAODv6-PU2017_12Apr2018_Nano25Oct2019_102X_mc2017_realistic_v7-v1__NANOAODSIM_ll.txt
Going to execute
python job.py -i root://cms-xrd-global.cern.ch//store/mc/RunIIFall17NanoAODv6/WZTo2L2Q_13TeV_amcatnloFXFX_madspin_pythia8/NANOAODSIM/PU2017_12Apr2018_Nano25Oct2019_102X_mc2017_realistic_v7-v1/280000/91519AD5-1C31-A844-86BF-D767C44A3063.root -o /work/pbaertsc/heavy_resonance/output_2017/WZTo2L2Q_13TeV_amcatnloFXFX_madspin_pythia8__RunIIFall17NanoAODv6-PU2017_12Apr2018_Nano25Oct2019_102X_mc2017_realistic_v7-v1__NANOAODSIM -N WZTo2L2Q_13TeV_amcatnloFXFX_madspin_pythia8__RunIIFall17NanoAODv6-PU2017_12Apr2018_Nano25Oct2019_102X_mc2017_realistic_v7-v1__NANOAODSIM -n 13 -c ll -y 2017
TClass::Init:0: RuntimeWarning: no dictionary for class ROOT::TIOFeatures is available
/work/pbaertsc/heavy_resonance/CMSSW_9_4_6/python/PhysicsTools/NanoAODTools/postprocessing/framework/treeReaderArrayTools.py:69: RuntimeWarning: creating executor for unknown type "ULong64_t*"
  ret = _vr.Get()[0]
JEC= Fall17_17Nov2017_V32_MC 	 JER= Fall17_V3_MC
MET branch= PuppiMET
JEC= Fall17_17Nov2017_V32_MC 	 JER= Fall17_V3_MC
MET branch= PuppiMET
--------------------------------------------------------------------------------
input files  = ['root://cms-xrd-global.cern.ch//store/mc/RunIIFall17NanoAODv6/WZTo2L2Q_13TeV_amcatnloFXFX_madspin_pythia8/NANOAODSIM/PU2017_12Apr2018_Nano25Oct2019_102X_mc2017_realistic_v7-v1/280000/91519AD5-1C31-A844-86BF-D767C44A3063.root']
output directory = /work/pbaertsc/heavy_resonance/output_2017/WZTo2L2Q_13TeV_amcatnloFXFX_madspin_pythia8__RunIIFall17NanoAODv6-PU2017_12Apr2018_Nano25Oct2019_102X_mc2017_realistic_v7-v1__NANOAODSIM
output file  = WZTo2L2Q_13TeV_amcatnloFXFX_madspin_pythia8__RunIIFall17NanoAODv6-PU2017_12Apr2018_Nano25Oct2019_102X_mc2017_realistic_v7-v1__NANOAODSIM_13_ll.root
chunck       = 13
channel      = ll
dataType     = mc
year         = 2017
tes          = 1.0
ltf          = 1.0
jtf          = 1.0
--------------------------------------------------------------------------------
job.py: creating PostProcessor...
TreeProducer is called /work/pbaertsc/heavy_resonance/output_2017/WZTo2L2Q_13TeV_amcatnloFXFX_madspin_pythia8__RunIIFall17NanoAODv6-PU2017_12Apr2018_Nano25Oct2019_102X_mc2017_realistic_v7-v1__NANOAODSIM/WZTo2L2Q_13TeV_amcatnloFXFX_madspin_pythia8__RunIIFall17NanoAODv6-PU2017_12Apr2018_Nano25Oct2019_102X_mc2017_realistic_v7-v1__NANOAODSIM_13_ll.root
job.py: going to run PostProcessor...
Will write selected trees to /work/pbaertsc/heavy_resonance/output_2017/WZTo2L2Q_13TeV_amcatnloFXFX_madspin_pythia8__RunIIFall17NanoAODv6-PU2017_12Apr2018_Nano25Oct2019_102X_mc2017_realistic_v7-v1__NANOAODSIM
Loading jet energy scale (JES) uncertainties from file '/tmp/tmpPJfxrv/Fall17_17Nov2017_V32_MC_Uncertainty_AK4PFchs.txt'
Loading jet energy resolutions (JER) from file '/tmp/tmpRD1ptN/Fall17_V3_MC_PtResolution_AK4PFchs.txt'
Loading JER scale factors and uncertainties from file '/tmp/tmpRD1ptN/Fall17_V3_MC_SF_AK4PFchs.txt'
Loading jet energy scale (JES) uncertainties from file '/tmp/tmpZb4gZl/Fall17_17Nov2017_V32_MC_Uncertainty_AK8PFPuppi.txt'
Loading jet energy resolutions (JER) from file '/tmp/tmpc8rv0h/Fall17_V3_MC_PtResolution_AK8PFPuppi.txt'
Loading JER scale factors and uncertainties from file '/tmp/tmpc8rv0h/Fall17_V3_MC_SF_AK8PFPuppi.txt'
Pre-select 1052480 entries out of 1052480 (100.00%)
nanoAODv5? True
ZtoMM trigger inconsistency
Processed    10000/ 1052480 entries,  0.95% (elapsed time   364.8s, curr speed    0.027 kHz, avg speed    0.027 kHz), accepted       72/   10001 events ( 0.72%)
Processed    20000/ 1052480 entries,  1.90% (elapsed time   722.0s, curr speed    0.028 kHz, avg speed    0.028 kHz), accepted      145/   20001 events ( 0.72%)
Processed    30000/ 1052480 entries,  2.85% (elapsed time  1074.5s, curr speed    0.028 kHz, avg speed    0.028 kHz), accepted      223/   30001 events ( 0.74%)
Processed    40000/ 1052480 entries,  3.80% (elapsed time  1429.0s, curr speed    0.028 kHz, avg speed    0.028 kHz), accepted      312/   40001 events ( 0.78%)
ZtoMM trigger inconsistency
Processed    50000/ 1052480 entries,  4.75% (elapsed time  1781.4s, curr speed    0.028 kHz, avg speed    0.028 kHz), accepted      381/   50001 events ( 0.76%)
ZtoMM trigger inconsistency
ZtoMM trigger inconsistency
ZtoMM trigger inconsistency
Processed    60000/ 1052480 entries,  5.70% (elapsed time  2135.1s, curr speed    0.028 kHz, avg speed    0.028 kHz), accepted      450/   60001 events ( 0.75%)
TtoEM trigger inconsistency
Processed    70000/ 1052480 entries,  6.65% (elapsed time  2488.4s, curr speed    0.028 kHz, avg speed    0.028 kHz), accepted      511/   70001 events ( 0.73%)
ZtoMM trigger inconsistency
Processed    80000/ 1052480 entries,  7.60% (elapsed time  2842.2s, curr speed    0.028 kHz, avg speed    0.028 kHz), accepted      575/   80001 events ( 0.72%)
ZtoMM trigger inconsistency
ZtoMM trigger inconsistency
Processed    90000/ 1052480 entries,  8.55% (elapsed time  3192.3s, curr speed    0.029 kHz, avg speed    0.028 kHz), accepted      656/   90001 events ( 0.73%)
ZtoMM trigger inconsistency
Processed   100000/ 1052480 entries,  9.50% (elapsed time  3544.4s, curr speed    0.028 kHz, avg speed    0.028 kHz), accepted      738/  100001 events ( 0.74%)
ZtoMM trigger inconsistency
TtoEM trigger inconsistency
Processed   110000/ 1052480 entries, 10.45% (elapsed time  3902.4s, curr speed    0.028 kHz, avg speed    0.028 kHz), accepted      824/  110001 events ( 0.75%)
ZtoMM trigger inconsistency
ZtoMM trigger inconsistency
ZtoMM trigger inconsistency
ZtoMM trigger inconsistency
ZtoMM trigger inconsistency
Processed   120000/ 1052480 entries, 11.40% (elapsed time  4256.7s, curr speed    0.028 kHz, avg speed    0.028 kHz), accepted      895/  120001 events ( 0.75%)
ZtoMM trigger inconsistency
Processed   130000/ 1052480 entries, 12.35% (elapsed time  4607.0s, curr speed    0.029 kHz, avg speed    0.028 kHz), accepted      973/  130001 events ( 0.75%)
ZtoMM trigger inconsistency
Processed   140000/ 1052480 entries, 13.30% (elapsed time  4960.9s, curr speed    0.028 kHz, avg speed    0.028 kHz), accepted     1053/  140001 events ( 0.75%)
ZtoMM trigger inconsistency
Processed   150000/ 1052480 entries, 14.25% (elapsed time  5312.9s, curr speed    0.028 kHz, avg speed    0.028 kHz), accepted     1131/  150001 events ( 0.75%)
ZtoEE trigger inconsistency
ZtoMM trigger inconsistency
Processed   160000/ 1052480 entries, 15.20% (elapsed time  5661.0s, curr speed    0.029 kHz, avg speed    0.028 kHz), accepted     1216/  160001 events ( 0.76%)
Processed   170000/ 1052480 entries, 16.15% (elapsed time  6000.0s, curr speed    0.029 kHz, avg speed    0.028 kHz), accepted     1296/  170001 events ( 0.76%)
ZtoEE trigger inconsistency
TtoEM trigger inconsistency
Processed   180000/ 1052480 entries, 17.10% (elapsed time  6339.2s, curr speed    0.029 kHz, avg speed    0.028 kHz), accepted     1372/  180001 events ( 0.76%)
ZtoMM trigger inconsistency
ZtoMM trigger inconsistency
Processed   190000/ 1052480 entries, 18.05% (elapsed time  6676.7s, curr speed    0.030 kHz, avg speed    0.028 kHz), accepted     1438/  190001 events ( 0.76%)
ZtoMM trigger inconsistency
Bad event
Processed   200000/ 1052480 entries, 19.00% (elapsed time  7015.8s, curr speed    0.029 kHz, avg speed    0.029 kHz), accepted     1519/  200001 events ( 0.76%)
ZtoEE trigger inconsistency
ZtoMM trigger inconsistency
ZtoMM trigger inconsistency
Processed   210000/ 1052480 entries, 19.95% (elapsed time  7358.2s, curr speed    0.029 kHz, avg speed    0.029 kHz), accepted     1597/  210001 events ( 0.76%)
ZtoMM trigger inconsistency
TtoEM trigger inconsistency
ZtoMM trigger inconsistency
Processed   220000/ 1052480 entries, 20.90% (elapsed time  7697.0s, curr speed    0.030 kHz, avg speed    0.029 kHz), accepted     1693/  220001 events ( 0.77%)
ZtoMM trigger inconsistency
Processed   230000/ 1052480 entries, 21.85% (elapsed time  8036.1s, curr speed    0.029 kHz, avg speed    0.029 kHz), accepted     1775/  230001 events ( 0.77%)
ZtoMM trigger inconsistency
ZtoMM trigger inconsistency
ZtoMM trigger inconsistency
ZtoEE trigger inconsistency
Processed   240000/ 1052480 entries, 22.80% (elapsed time  8369.8s, curr speed    0.030 kHz, avg speed    0.029 kHz), accepted     1840/  240001 events ( 0.77%)
ZtoMM trigger inconsistency
Processed   250000/ 1052480 entries, 23.75% (elapsed time  8703.4s, curr speed    0.030 kHz, avg speed    0.029 kHz), accepted     1927/  250001 events ( 0.77%)
TtoEM trigger inconsistency
Processed   260000/ 1052480 entries, 24.70% (elapsed time  9042.2s, curr speed    0.030 kHz, avg speed    0.029 kHz), accepted     1994/  260001 events ( 0.77%)
WARNING: jet m = -0.0 !!
WARNING: jet m = -0.0 !!
Processed   270000/ 1052480 entries, 25.65% (elapsed time  9381.3s, curr speed    0.029 kHz, avg speed    0.029 kHz), accepted     2072/  270001 events ( 0.77%)
ZtoMM trigger inconsistency
Bad event
Processed   280000/ 1052480 entries, 26.60% (elapsed time  9715.1s, curr speed    0.030 kHz, avg speed    0.029 kHz), accepted     2131/  280001 events ( 0.76%)
ZtoEE trigger inconsistency
ZtoEE trigger inconsistency
ZtoMM trigger inconsistency
ZtoMM trigger inconsistency
ZtoMM trigger inconsistency
TtoEM trigger inconsistency
Processed   290000/ 1052480 entries, 27.55% (elapsed time 10051.3s, curr speed    0.030 kHz, avg speed    0.029 kHz), accepted     2214/  290001 events ( 0.76%)
ZtoMM trigger inconsistency
Processed   300000/ 1052480 entries, 28.50% (elapsed time 10390.6s, curr speed    0.029 kHz, avg speed    0.029 kHz), accepted     2275/  300001 events ( 0.76%)
ZtoMM trigger inconsistency
ZtoMM trigger inconsistency
ZtoMM trigger inconsistency
ZtoMM trigger inconsistency
ZtoMM trigger inconsistency
ZtoMM trigger inconsistency
Processed   310000/ 1052480 entries, 29.45% (elapsed time 10725.3s, curr speed    0.030 kHz, avg speed    0.029 kHz), accepted     2349/  310001 events ( 0.76%)
Processed   320000/ 1052480 entries, 30.40% (elapsed time 11064.9s, curr speed    0.029 kHz, avg speed    0.029 kHz), accepted     2421/  320001 events ( 0.76%)
Processed   330000/ 1052480 entries, 31.35% (elapsed time 11404.5s, curr speed    0.029 kHz, avg speed    0.029 kHz), accepted     2507/  330001 events ( 0.76%)
Bad event
Processed   340000/ 1052480 entries, 32.30% (elapsed time 11741.3s, curr speed    0.030 kHz, avg speed    0.029 kHz), accepted     2567/  340001 events ( 0.75%)
ZtoMM trigger inconsistency
ZtoMM trigger inconsistency
Processed   350000/ 1052480 entries, 33.25% (elapsed time 12077.4s, curr speed    0.030 kHz, avg speed    0.029 kHz), accepted     2633/  350001 events ( 0.75%)
ZtoMM trigger inconsistency
Processed   360000/ 1052480 entries, 34.20% (elapsed time 12413.0s, curr speed    0.030 kHz, avg speed    0.029 kHz), accepted     2707/  360001 events ( 0.75%)
ZtoMM trigger inconsistency
ZtoMM trigger inconsistency
Processed   370000/ 1052480 entries, 35.16% (elapsed time 12749.3s, curr speed    0.030 kHz, avg speed    0.029 kHz), accepted     2784/  370001 events ( 0.75%)
ZtoMM trigger inconsistency
ZtoEE trigger inconsistency
Processed   380000/ 1052480 entries, 36.11% (elapsed time 13091.1s, curr speed    0.029 kHz, avg speed    0.029 kHz), accepted     2860/  380001 events ( 0.75%)
Bad event
Processed   390000/ 1052480 entries, 37.06% (elapsed time 13430.6s, curr speed    0.029 kHz, avg speed    0.029 kHz), accepted     2928/  390001 events ( 0.75%)
ZtoMM trigger inconsistency
ZtoMM trigger inconsistency
TtoEM trigger inconsistency
Processed   400000/ 1052480 entries, 38.01% (elapsed time 13766.6s, curr speed    0.030 kHz, avg speed    0.029 kHz), accepted     3007/  400001 events ( 0.75%)
ZtoMM trigger inconsistency
ZtoMM trigger inconsistency
ZtoMM trigger inconsistency
TtoEM trigger inconsistency
Processed   410000/ 1052480 entries, 38.96% (elapsed time 14103.3s, curr speed    0.030 kHz, avg speed    0.029 kHz), accepted     3071/  410001 events ( 0.75%)
ZtoMM trigger inconsistency
ZtoMM trigger inconsistency
TtoEM trigger inconsistency
Processed   420000/ 1052480 entries, 39.91% (elapsed time 14443.2s, curr speed    0.029 kHz, avg speed    0.029 kHz), accepted     3129/  420001 events ( 0.74%)
ZtoMM trigger inconsistency
Bad event
ZtoMM trigger inconsistency
Processed   430000/ 1052480 entries, 40.86% (elapsed time 14781.8s, curr speed    0.030 kHz, avg speed    0.029 kHz), accepted     3208/  430001 events ( 0.75%)
TtoEM trigger inconsistency
ZtoMM trigger inconsistency
ZtoMM trigger inconsistency
Processed   440000/ 1052480 entries, 41.81% (elapsed time 15125.1s, curr speed    0.029 kHz, avg speed    0.029 kHz), accepted     3277/  440001 events ( 0.74%)
ZtoMM trigger inconsistency
TtoEM trigger inconsistency
TtoEM trigger inconsistency
ZtoMM trigger inconsistency
Processed   450000/ 1052480 entries, 42.76% (elapsed time 15464.2s, curr speed    0.029 kHz, avg speed    0.029 kHz), accepted     3358/  450001 events ( 0.75%)
ZtoMM trigger inconsistency
Processed   460000/ 1052480 entries, 43.71% (elapsed time 15802.0s, curr speed    0.030 kHz, avg speed    0.029 kHz), accepted     3433/  460001 events ( 0.75%)
ZtoMM trigger inconsistency
Processed   470000/ 1052480 entries, 44.66% (elapsed time 16142.9s, curr speed    0.029 kHz, avg speed    0.029 kHz), accepted     3512/  470001 events ( 0.75%)
TtoEM trigger inconsistency
ZtoMM trigger inconsistency
ZtoMM trigger inconsistency
ZtoMM trigger inconsistency
Processed   480000/ 1052480 entries, 45.61% (elapsed time 16482.8s, curr speed    0.029 kHz, avg speed    0.029 kHz), accepted     3578/  480001 events ( 0.75%)
Processed   490000/ 1052480 entries, 46.56% (elapsed time 16824.6s, curr speed    0.029 kHz, avg speed    0.029 kHz), accepted     3657/  490001 events ( 0.75%)
Processed   500000/ 1052480 entries, 47.51% (elapsed time 17167.9s, curr speed    0.029 kHz, avg speed    0.029 kHz), accepted     3728/  500001 events ( 0.75%)
TtoEM trigger inconsistency
ZtoMM trigger inconsistency
Processed   510000/ 1052480 entries, 48.46% (elapsed time 17509.5s, curr speed    0.029 kHz, avg speed    0.029 kHz), accepted     3803/  510001 events ( 0.75%)
TtoEM trigger inconsistency
Processed   520000/ 1052480 entries, 49.41% (elapsed time 17851.8s, curr speed    0.029 kHz, avg speed    0.029 kHz), accepted     3885/  520001 events ( 0.75%)
ZtoMM trigger inconsistency
ZtoMM trigger inconsistency
ZtoMM trigger inconsistency
TtoEM trigger inconsistency
ZtoMM trigger inconsistency
ZtoMM trigger inconsistency
Processed   530000/ 1052480 entries, 50.36% (elapsed time 18192.5s, curr speed    0.029 kHz, avg speed    0.029 kHz), accepted     3959/  530001 events ( 0.75%)
ZtoMM trigger inconsistency
ZtoMM trigger inconsistency
Processed   540000/ 1052480 entries, 51.31% (elapsed time 18532.1s, curr speed    0.029 kHz, avg speed    0.029 kHz), accepted     4029/  540001 events ( 0.75%)
ZtoMM trigger inconsistency
ZtoMM trigger inconsistency
ZtoMM trigger inconsistency
Processed   550000/ 1052480 entries, 52.26% (elapsed time 18874.9s, curr speed    0.029 kHz, avg speed    0.029 kHz), accepted     4083/  550001 events ( 0.74%)
ZtoMM trigger inconsistency
Processed   560000/ 1052480 entries, 53.21% (elapsed time 19212.8s, curr speed    0.030 kHz, avg speed    0.029 kHz), accepted     4165/  560001 events ( 0.74%)
Processed   570000/ 1052480 entries, 54.16% (elapsed time 19556.8s, curr speed    0.029 kHz, avg speed    0.029 kHz), accepted     4254/  570001 events ( 0.75%)
TtoEM trigger inconsistency
ZtoMM trigger inconsistency
Processed   580000/ 1052480 entries, 55.11% (elapsed time 19901.3s, curr speed    0.029 kHz, avg speed    0.029 kHz), accepted     4333/  580001 events ( 0.75%)
ZtoMM trigger inconsistency
TtoEM trigger inconsistency
ZtoMM trigger inconsistency
Processed   590000/ 1052480 entries, 56.06% (elapsed time 20246.6s, curr speed    0.029 kHz, avg speed    0.029 kHz), accepted     4405/  590001 events ( 0.75%)
ZtoMM trigger inconsistency
ZtoMM trigger inconsistency
Processed   600000/ 1052480 entries, 57.01% (elapsed time 20591.0s, curr speed    0.029 kHz, avg speed    0.029 kHz), accepted     4483/  600001 events ( 0.75%)
Processed   610000/ 1052480 entries, 57.96% (elapsed time 20935.8s, curr speed    0.029 kHz, avg speed    0.029 kHz), accepted     4558/  610001 events ( 0.75%)
TtoEM trigger inconsistency
ZtoEE trigger inconsistency
Processed   620000/ 1052480 entries, 58.91% (elapsed time 21278.2s, curr speed    0.029 kHz, avg speed    0.029 kHz), accepted     4617/  620001 events ( 0.74%)
ZtoMM trigger inconsistency
ZtoMM trigger inconsistency
Processed   630000/ 1052480 entries, 59.86% (elapsed time 21622.5s, curr speed    0.029 kHz, avg speed    0.029 kHz), accepted     4688/  630001 events ( 0.74%)
ZtoMM trigger inconsistency
Processed   640000/ 1052480 entries, 60.81% (elapsed time 21961.1s, curr speed    0.030 kHz, avg speed    0.029 kHz), accepted     4756/  640001 events ( 0.74%)
ZtoMM trigger inconsistency
TtoEM trigger inconsistency
Processed   650000/ 1052480 entries, 61.76% (elapsed time 22304.4s, curr speed    0.029 kHz, avg speed    0.029 kHz), accepted     4821/  650001 events ( 0.74%)
ZtoMM trigger inconsistency
Processed   660000/ 1052480 entries, 62.71% (elapsed time 22644.6s, curr speed    0.029 kHz, avg speed    0.029 kHz), accepted     4885/  660001 events ( 0.74%)
ZtoMM trigger inconsistency
ZtoMM trigger inconsistency
Processed   670000/ 1052480 entries, 63.66% (elapsed time 22992.9s, curr speed    0.029 kHz, avg speed    0.029 kHz), accepted     4979/  670001 events ( 0.74%)
ZtoMM trigger inconsistency
Bad event
ZtoMM trigger inconsistency
Processed   680000/ 1052480 entries, 64.61% (elapsed time 23335.8s, curr speed    0.029 kHz, avg speed    0.029 kHz), accepted     5057/  680001 events ( 0.74%)
Processed   690000/ 1052480 entries, 65.56% (elapsed time 23675.9s, curr speed    0.029 kHz, avg speed    0.029 kHz), accepted     5118/  690001 events ( 0.74%)
ZtoMM trigger inconsistency
ZtoMM trigger inconsistency
ZtoMM trigger inconsistency
Processed   700000/ 1052480 entries, 66.51% (elapsed time 24012.0s, curr speed    0.030 kHz, avg speed    0.029 kHz), accepted     5172/  700001 events ( 0.74%)
Processed   710000/ 1052480 entries, 67.46% (elapsed time 24352.5s, curr speed    0.029 kHz, avg speed    0.029 kHz), accepted     5242/  710001 events ( 0.74%)
ZtoMM trigger inconsistency
Processed   720000/ 1052480 entries, 68.41% (elapsed time 24693.4s, curr speed    0.029 kHz, avg speed    0.029 kHz), accepted     5313/  720001 events ( 0.74%)
ZtoMM trigger inconsistency
ZtoMM trigger inconsistency
Processed   730000/ 1052480 entries, 69.36% (elapsed time 25034.9s, curr speed    0.029 kHz, avg speed    0.029 kHz), accepted     5387/  730001 events ( 0.74%)
Bad event
Processed   740000/ 1052480 entries, 70.31% (elapsed time 25378.0s, curr speed    0.029 kHz, avg speed    0.029 kHz), accepted     5465/  740001 events ( 0.74%)
ZtoMM trigger inconsistency
TtoEM trigger inconsistency
Processed   750000/ 1052480 entries, 71.26% (elapsed time 25720.0s, curr speed    0.029 kHz, avg speed    0.029 kHz), accepted     5538/  750001 events ( 0.74%)
ZtoMM trigger inconsistency
ZtoMM trigger inconsistency
Processed   760000/ 1052480 entries, 72.21% (elapsed time 26061.7s, curr speed    0.029 kHz, avg speed    0.029 kHz), accepted     5620/  760001 events ( 0.74%)
ZtoMM trigger inconsistency
ZtoMM trigger inconsistency
Processed   770000/ 1052480 entries, 73.16% (elapsed time 26402.5s, curr speed    0.029 kHz, avg speed    0.029 kHz), accepted     5692/  770001 events ( 0.74%)
ZtoMM trigger inconsistency
Processed   780000/ 1052480 entries, 74.11% (elapsed time 26739.7s, curr speed    0.030 kHz, avg speed    0.029 kHz), accepted     5773/  780001 events ( 0.74%)
ZtoMM trigger inconsistency
ZtoMM trigger inconsistency
Processed   790000/ 1052480 entries, 75.06% (elapsed time 27075.6s, curr speed    0.030 kHz, avg speed    0.029 kHz), accepted     5857/  790001 events ( 0.74%)
ZtoMM trigger inconsistency
ZtoMM trigger inconsistency
Processed   800000/ 1052480 entries, 76.01% (elapsed time 27414.7s, curr speed    0.029 kHz, avg speed    0.029 kHz), accepted     5924/  800001 events ( 0.74%)
ZtoMM trigger inconsistency
ZtoMM trigger inconsistency
Processed   810000/ 1052480 entries, 76.96% (elapsed time 27755.0s, curr speed    0.029 kHz, avg speed    0.029 kHz), accepted     5989/  810001 events ( 0.74%)
ZtoMM trigger inconsistency
Processed   820000/ 1052480 entries, 77.91% (elapsed time 28092.7s, curr speed    0.030 kHz, avg speed    0.029 kHz), accepted     6057/  820001 events ( 0.74%)
ZtoMM trigger inconsistency
Processed   830000/ 1052480 entries, 78.86% (elapsed time 28431.7s, curr speed    0.029 kHz, avg speed    0.029 kHz), accepted     6128/  830001 events ( 0.74%)
ZtoMM trigger inconsistency
ZtoEE trigger inconsistency
Processed   840000/ 1052480 entries, 79.81% (elapsed time 28767.1s, curr speed    0.030 kHz, avg speed    0.029 kHz), accepted     6202/  840001 events ( 0.74%)
ZtoMM trigger inconsistency
TtoEM trigger inconsistency
ZtoMM trigger inconsistency
Processed   850000/ 1052480 entries, 80.76% (elapsed time 29105.4s, curr speed    0.030 kHz, avg speed    0.029 kHz), accepted     6268/  850001 events ( 0.74%)
Bad event
ZtoMM trigger inconsistency
Processed   860000/ 1052480 entries, 81.71% (elapsed time 29441.5s, curr speed    0.030 kHz, avg speed    0.029 kHz), accepted     6327/  860001 events ( 0.74%)
ZtoMM trigger inconsistency
Processed   870000/ 1052480 entries, 82.66% (elapsed time 29779.7s, curr speed    0.030 kHz, avg speed    0.029 kHz), accepted     6397/  870001 events ( 0.74%)
ZtoMM trigger inconsistency
Processed   880000/ 1052480 entries, 83.61% (elapsed time 30114.2s, curr speed    0.030 kHz, avg speed    0.029 kHz), accepted     6464/  880001 events ( 0.73%)
ZtoMM trigger inconsistency
ZtoMM trigger inconsistency
ZtoMM trigger inconsistency
TtoEM trigger inconsistency
Processed   890000/ 1052480 entries, 84.56% (elapsed time 30450.4s, curr speed    0.030 kHz, avg speed    0.029 kHz), accepted     6536/  890001 events ( 0.73%)
TtoEM trigger inconsistency
TtoEM trigger inconsistency
Processed   900000/ 1052480 entries, 85.51% (elapsed time 30785.8s, curr speed    0.030 kHz, avg speed    0.029 kHz), accepted     6603/  900001 events ( 0.73%)
ZtoMM trigger inconsistency
Processed   910000/ 1052480 entries, 86.46% (elapsed time 31121.1s, curr speed    0.030 kHz, avg speed    0.029 kHz), accepted     6679/  910001 events ( 0.73%)
TtoEM trigger inconsistency
Processed   920000/ 1052480 entries, 87.41% (elapsed time 31457.4s, curr speed    0.030 kHz, avg speed    0.029 kHz), accepted     6744/  920001 events ( 0.73%)
TtoEM trigger inconsistency
Processed   930000/ 1052480 entries, 88.36% (elapsed time 31795.8s, curr speed    0.030 kHz, avg speed    0.029 kHz), accepted     6817/  930001 events ( 0.73%)
Processed   940000/ 1052480 entries, 89.31% (elapsed time 32133.7s, curr speed    0.030 kHz, avg speed    0.029 kHz), accepted     6894/  940001 events ( 0.73%)
ZtoMM trigger inconsistency
Bad event
Processed   950000/ 1052480 entries, 90.26% (elapsed time 32471.4s, curr speed    0.030 kHz, avg speed    0.029 kHz), accepted     6961/  950001 events ( 0.73%)
Processed   960000/ 1052480 entries, 91.21% (elapsed time 32808.1s, curr speed    0.030 kHz, avg speed    0.029 kHz), accepted     7034/  960001 events ( 0.73%)
ZtoMM trigger inconsistency
TtoEM trigger inconsistency
Processed   970000/ 1052480 entries, 92.16% (elapsed time 33140.4s, curr speed    0.030 kHz, avg speed    0.029 kHz), accepted     7096/  970001 events ( 0.73%)
ZtoMM trigger inconsistency
TtoEM trigger inconsistency
Processed   980000/ 1052480 entries, 93.11% (elapsed time 33474.1s, curr speed    0.030 kHz, avg speed    0.029 kHz), accepted     7161/  980001 events ( 0.73%)
ZtoEE trigger inconsistency
ZtoMM trigger inconsistency
TtoEM trigger inconsistency
Processed   990000/ 1052480 entries, 94.06% (elapsed time 33800.7s, curr speed    0.031 kHz, avg speed    0.029 kHz), accepted     7237/  990001 events ( 0.73%)
ZtoMM trigger inconsistency
ZtoMM trigger inconsistency
ZtoMM trigger inconsistency
Processed  1000000/ 1052480 entries, 95.01% (elapsed time 34124.5s, curr speed    0.031 kHz, avg speed    0.029 kHz), accepted     7311/ 1000001 events ( 0.73%)
ZtoMM trigger inconsistency
ZtoMM trigger inconsistency
Processed  1010000/ 1052480 entries, 95.96% (elapsed time 34451.2s, curr speed    0.031 kHz, avg speed    0.029 kHz), accepted     7389/ 1010001 events ( 0.73%)
TtoEM trigger inconsistency
TtoEM trigger inconsistency
ZtoMM trigger inconsistency
Processed  1020000/ 1052480 entries, 96.91% (elapsed time 34773.3s, curr speed    0.031 kHz, avg speed    0.029 kHz), accepted     7461/ 1020001 events ( 0.73%)
ZtoMM trigger inconsistency
ZtoEE trigger inconsistency
ZtoMM trigger inconsistency
TtoEM trigger inconsistency
Processed  1030000/ 1052480 entries, 97.86% (elapsed time 35099.5s, curr speed    0.031 kHz, avg speed    0.029 kHz), accepted     7547/ 1030001 events ( 0.73%)
TtoEM trigger inconsistency
TtoEM trigger inconsistency
ZtoMM trigger inconsistency
ZtoMM trigger inconsistency
ZtoMM trigger inconsistency
ZtoMM trigger inconsistency
Processed  1040000/ 1052480 entries, 98.81% (elapsed time 35430.8s, curr speed    0.030 kHz, avg speed    0.029 kHz), accepted     7630/ 1040001 events ( 0.73%)
TtoEM trigger inconsistency
ZtoMM trigger inconsistency
ZtoMM trigger inconsistency
ZtoMM trigger inconsistency
ZtoMM trigger inconsistency
ZtoMM trigger inconsistency
ZtoMM trigger inconsistency
Processed  1050000/ 1052480 entries, 99.76% (elapsed time 35757.0s, curr speed    0.031 kHz, avg speed    0.029 kHz), accepted     7699/ 1050001 events ( 0.73%)
ZtoMM trigger inconsistency
Processed 1052480 preselected entries from root://cms-xrd-global.cern.ch//store/mc/RunIIFall17NanoAODv6/WZTo2L2Q_13TeV_amcatnloFXFX_madspin_pythia8/NANOAODSIM/PU2017_12Apr2018_Nano25Oct2019_102X_mc2017_realistic_v7-v1/280000/91519AD5-1C31-A844-86BF-D767C44A3063.root (1052480 entries). Finally selected 7721 entries
Done /work/pbaertsc/heavy_resonance/output_2017/WZTo2L2Q_13TeV_amcatnloFXFX_madspin_pythia8__RunIIFall17NanoAODv6-PU2017_12Apr2018_Nano25Oct2019_102X_mc2017_realistic_v7-v1__NANOAODSIM/91519AD5-1C31-A844-86BF-D767C44A3063.root
29.3298183328 Hz
deleting root file with name: /work/pbaertsc/heavy_resonance/output_2017/WZTo2L2Q_13TeV_amcatnloFXFX_madspin_pythia8__RunIIFall17NanoAODv6-PU2017_12Apr2018_Nano25Oct2019_102X_mc2017_realistic_v7-v1__NANOAODSIM/91519AD5-1C31-A844-86BF-D767C44A3063.root
DONE
Complete at
Fri Jan 31 06:24:47 CET 2020
