job start at
Tue Jan 28 20:36:44 CET 2020
SLURM_JOB_ID: 422150
HOSTNAME: t3wn52
JOBLIST:joblist/joblist_GluGluHToBB_M125_13TeV_powheg_pythia8__RunIIAutumn18NanoAODv6-Nano25Oct2019_102X_upgrade2018_realistic_v20-v1__NANOAODSIM_ll.txt
Going to execute
python job.py -i root://cms-xrd-global.cern.ch//store/mc/RunIIAutumn18NanoAODv6/GluGluHToBB_M125_13TeV_powheg_pythia8/NANOAODSIM/Nano25Oct2019_102X_upgrade2018_realistic_v20-v1/60000/616A9FA8-7448-814C-8F6F-BF6AE857ED2F.root -o /work/pbaertsc/heavy_resonance/output_2018/GluGluHToBB_M125_13TeV_powheg_pythia8__RunIIAutumn18NanoAODv6-Nano25Oct2019_102X_upgrade2018_realistic_v20-v1__NANOAODSIM -N GluGluHToBB_M125_13TeV_powheg_pythia8__RunIIAutumn18NanoAODv6-Nano25Oct2019_102X_upgrade2018_realistic_v20-v1__NANOAODSIM -n 2 -c ll -y 2018
TClass::Init:0: RuntimeWarning: no dictionary for class ROOT::TIOFeatures is available
/work/pbaertsc/heavy_resonance/CMSSW_9_4_6/python/PhysicsTools/NanoAODTools/postprocessing/framework/treeReaderArrayTools.py:69: RuntimeWarning: creating executor for unknown type "ULong64_t*"
  ret = _vr.Get()[0]
JEC= Autumn18_V19_MC 	 JER= Autumn18_V7_MC
MET branch= PuppiMET
JEC= Autumn18_V19_MC 	 JER= Autumn18_V7_MC
MET branch= PuppiMET
--------------------------------------------------------------------------------
input files  = ['root://cms-xrd-global.cern.ch//store/mc/RunIIAutumn18NanoAODv6/GluGluHToBB_M125_13TeV_powheg_pythia8/NANOAODSIM/Nano25Oct2019_102X_upgrade2018_realistic_v20-v1/60000/616A9FA8-7448-814C-8F6F-BF6AE857ED2F.root']
output directory = /work/pbaertsc/heavy_resonance/output_2018/GluGluHToBB_M125_13TeV_powheg_pythia8__RunIIAutumn18NanoAODv6-Nano25Oct2019_102X_upgrade2018_realistic_v20-v1__NANOAODSIM
output file  = GluGluHToBB_M125_13TeV_powheg_pythia8__RunIIAutumn18NanoAODv6-Nano25Oct2019_102X_upgrade2018_realistic_v20-v1__NANOAODSIM_2_ll.root
chunck       = 2
channel      = ll
dataType     = mc
year         = 2018
tes          = 1.0
ltf          = 1.0
jtf          = 1.0
--------------------------------------------------------------------------------
job.py: creating PostProcessor...
TreeProducer is called /work/pbaertsc/heavy_resonance/output_2018/GluGluHToBB_M125_13TeV_powheg_pythia8__RunIIAutumn18NanoAODv6-Nano25Oct2019_102X_upgrade2018_realistic_v20-v1__NANOAODSIM/GluGluHToBB_M125_13TeV_powheg_pythia8__RunIIAutumn18NanoAODv6-Nano25Oct2019_102X_upgrade2018_realistic_v20-v1__NANOAODSIM_2_ll.root
job.py: going to run PostProcessor...
Will write selected trees to /work/pbaertsc/heavy_resonance/output_2018/GluGluHToBB_M125_13TeV_powheg_pythia8__RunIIAutumn18NanoAODv6-Nano25Oct2019_102X_upgrade2018_realistic_v20-v1__NANOAODSIM
Loading jet energy scale (JES) uncertainties from file '/tmp/tmp65V_ye/Autumn18_V19_MC_Uncertainty_AK4PFchs.txt'
Loading jet energy resolutions (JER) from file '/tmp/tmpNNJ3rQ/Autumn18_V7_MC_PtResolution_AK4PFchs.txt'
Loading JER scale factors and uncertainties from file '/tmp/tmpNNJ3rQ/Autumn18_V7_MC_SF_AK4PFchs.txt'
Loading jet energy scale (JES) uncertainties from file '/tmp/tmpgDYIHn/Autumn18_V19_MC_Uncertainty_AK8PFPuppi.txt'
Loading jet energy resolutions (JER) from file '/tmp/tmpY645ZE/Autumn18_V7_MC_PtResolution_AK8PFPuppi.txt'
Loading JER scale factors and uncertainties from file '/tmp/tmpY645ZE/Autumn18_V7_MC_SF_AK8PFPuppi.txt'
Pre-select 1380000 entries out of 1380000 (100.00%)
nanoAODv5? True
Processed    10000/ 1380000 entries,  0.72% (elapsed time   156.9s, curr speed    0.064 kHz, avg speed    0.064 kHz), accepted        1/   10001 events ( 0.01%)
Processed    20000/ 1380000 entries,  1.45% (elapsed time   305.9s, curr speed    0.067 kHz, avg speed    0.065 kHz), accepted        1/   20001 events ( 0.00%)
Processed    30000/ 1380000 entries,  2.17% (elapsed time   438.1s, curr speed    0.076 kHz, avg speed    0.068 kHz), accepted        1/   30001 events ( 0.00%)
Processed    40000/ 1380000 entries,  2.90% (elapsed time   587.9s, curr speed    0.067 kHz, avg speed    0.068 kHz), accepted        2/   40001 events ( 0.00%)
Processed    50000/ 1380000 entries,  3.62% (elapsed time   718.2s, curr speed    0.077 kHz, avg speed    0.070 kHz), accepted        2/   50001 events ( 0.00%)
%MSG-e SimpleJetCorrectionUncertainty: 
 bin variables out of range
%MSG
%MSG-e SimpleJetCorrectionUncertainty: 
 bin variables out of range
%MSG
Processed    60000/ 1380000 entries,  4.35% (elapsed time   849.1s, curr speed    0.076 kHz, avg speed    0.071 kHz), accepted        2/   60001 events ( 0.00%)
Processed    70000/ 1380000 entries,  5.07% (elapsed time   992.9s, curr speed    0.070 kHz, avg speed    0.071 kHz), accepted        2/   70001 events ( 0.00%)
Processed    80000/ 1380000 entries,  5.80% (elapsed time  1140.4s, curr speed    0.068 kHz, avg speed    0.070 kHz), accepted        2/   80001 events ( 0.00%)
Processed    90000/ 1380000 entries,  6.52% (elapsed time  1283.8s, curr speed    0.070 kHz, avg speed    0.070 kHz), accepted        2/   90001 events ( 0.00%)
Processed   100000/ 1380000 entries,  7.25% (elapsed time  1427.3s, curr speed    0.070 kHz, avg speed    0.070 kHz), accepted        2/  100001 events ( 0.00%)
Processed   110000/ 1380000 entries,  7.97% (elapsed time  1555.5s, curr speed    0.078 kHz, avg speed    0.071 kHz), accepted        3/  110001 events ( 0.00%)
Processed   120000/ 1380000 entries,  8.70% (elapsed time  1692.6s, curr speed    0.073 kHz, avg speed    0.071 kHz), accepted        3/  120001 events ( 0.00%)
Processed   130000/ 1380000 entries,  9.42% (elapsed time  1832.4s, curr speed    0.072 kHz, avg speed    0.071 kHz), accepted        4/  130001 events ( 0.00%)
Processed   140000/ 1380000 entries, 10.14% (elapsed time  1964.7s, curr speed    0.076 kHz, avg speed    0.071 kHz), accepted        4/  140001 events ( 0.00%)
Processed   150000/ 1380000 entries, 10.87% (elapsed time  2097.2s, curr speed    0.075 kHz, avg speed    0.072 kHz), accepted        4/  150001 events ( 0.00%)
Processed   160000/ 1380000 entries, 11.59% (elapsed time  2241.2s, curr speed    0.069 kHz, avg speed    0.071 kHz), accepted        4/  160001 events ( 0.00%)
Processed   170000/ 1380000 entries, 12.32% (elapsed time  2391.4s, curr speed    0.067 kHz, avg speed    0.071 kHz), accepted        4/  170001 events ( 0.00%)
Processed   180000/ 1380000 entries, 13.04% (elapsed time  2533.9s, curr speed    0.070 kHz, avg speed    0.071 kHz), accepted        4/  180001 events ( 0.00%)
Processed   190000/ 1380000 entries, 13.77% (elapsed time  2666.6s, curr speed    0.075 kHz, avg speed    0.071 kHz), accepted        4/  190001 events ( 0.00%)
Processed   200000/ 1380000 entries, 14.49% (elapsed time  2802.4s, curr speed    0.074 kHz, avg speed    0.071 kHz), accepted        4/  200001 events ( 0.00%)
Processed   210000/ 1380000 entries, 15.22% (elapsed time  2935.3s, curr speed    0.075 kHz, avg speed    0.072 kHz), accepted        4/  210001 events ( 0.00%)
Processed   220000/ 1380000 entries, 15.94% (elapsed time  3082.0s, curr speed    0.068 kHz, avg speed    0.071 kHz), accepted        4/  220001 events ( 0.00%)
Processed   230000/ 1380000 entries, 16.67% (elapsed time  3236.6s, curr speed    0.065 kHz, avg speed    0.071 kHz), accepted        4/  230001 events ( 0.00%)
Processed   240000/ 1380000 entries, 17.39% (elapsed time  3401.6s, curr speed    0.061 kHz, avg speed    0.071 kHz), accepted        4/  240001 events ( 0.00%)
Processed   250000/ 1380000 entries, 18.12% (elapsed time  3509.4s, curr speed    0.093 kHz, avg speed    0.071 kHz), accepted        5/  250001 events ( 0.00%)
Processed   260000/ 1380000 entries, 18.84% (elapsed time  3608.7s, curr speed    0.101 kHz, avg speed    0.072 kHz), accepted        6/  260001 events ( 0.00%)
Processed   270000/ 1380000 entries, 19.57% (elapsed time  3708.3s, curr speed    0.100 kHz, avg speed    0.073 kHz), accepted        6/  270001 events ( 0.00%)
Processed   280000/ 1380000 entries, 20.29% (elapsed time  3806.1s, curr speed    0.102 kHz, avg speed    0.074 kHz), accepted        6/  280001 events ( 0.00%)
Processed   290000/ 1380000 entries, 21.01% (elapsed time  3905.4s, curr speed    0.101 kHz, avg speed    0.074 kHz), accepted        6/  290001 events ( 0.00%)
Processed   300000/ 1380000 entries, 21.74% (elapsed time  4004.2s, curr speed    0.101 kHz, avg speed    0.075 kHz), accepted        6/  300001 events ( 0.00%)
Processed   310000/ 1380000 entries, 22.46% (elapsed time  4103.7s, curr speed    0.101 kHz, avg speed    0.076 kHz), accepted        6/  310001 events ( 0.00%)
Processed   320000/ 1380000 entries, 23.19% (elapsed time  4202.9s, curr speed    0.101 kHz, avg speed    0.076 kHz), accepted        6/  320001 events ( 0.00%)
Processed   330000/ 1380000 entries, 23.91% (elapsed time  4302.3s, curr speed    0.101 kHz, avg speed    0.077 kHz), accepted        6/  330001 events ( 0.00%)
Processed   340000/ 1380000 entries, 24.64% (elapsed time  4402.1s, curr speed    0.100 kHz, avg speed    0.077 kHz), accepted        7/  340001 events ( 0.00%)
Processed   350000/ 1380000 entries, 25.36% (elapsed time  4500.4s, curr speed    0.102 kHz, avg speed    0.078 kHz), accepted        7/  350001 events ( 0.00%)
Processed   360000/ 1380000 entries, 26.09% (elapsed time  4600.2s, curr speed    0.100 kHz, avg speed    0.078 kHz), accepted        8/  360001 events ( 0.00%)
Processed   370000/ 1380000 entries, 26.81% (elapsed time  4699.3s, curr speed    0.101 kHz, avg speed    0.079 kHz), accepted        8/  370001 events ( 0.00%)
Processed   380000/ 1380000 entries, 27.54% (elapsed time  4798.7s, curr speed    0.101 kHz, avg speed    0.079 kHz), accepted        8/  380001 events ( 0.00%)
Processed   390000/ 1380000 entries, 28.26% (elapsed time  4896.9s, curr speed    0.102 kHz, avg speed    0.080 kHz), accepted        8/  390001 events ( 0.00%)
Processed   400000/ 1380000 entries, 28.99% (elapsed time  4998.2s, curr speed    0.099 kHz, avg speed    0.080 kHz), accepted        9/  400001 events ( 0.00%)
Processed   410000/ 1380000 entries, 29.71% (elapsed time  5096.1s, curr speed    0.102 kHz, avg speed    0.080 kHz), accepted        9/  410001 events ( 0.00%)
Processed   420000/ 1380000 entries, 30.43% (elapsed time  5196.0s, curr speed    0.100 kHz, avg speed    0.081 kHz), accepted        9/  420001 events ( 0.00%)
Processed   430000/ 1380000 entries, 31.16% (elapsed time  5295.3s, curr speed    0.101 kHz, avg speed    0.081 kHz), accepted        9/  430001 events ( 0.00%)
Processed   440000/ 1380000 entries, 31.88% (elapsed time  5395.8s, curr speed    0.100 kHz, avg speed    0.082 kHz), accepted       10/  440001 events ( 0.00%)
Processed   450000/ 1380000 entries, 32.61% (elapsed time  5494.4s, curr speed    0.101 kHz, avg speed    0.082 kHz), accepted       10/  450001 events ( 0.00%)
Processed   460000/ 1380000 entries, 33.33% (elapsed time  5594.6s, curr speed    0.100 kHz, avg speed    0.082 kHz), accepted       10/  460001 events ( 0.00%)
Processed   470000/ 1380000 entries, 34.06% (elapsed time  5690.1s, curr speed    0.105 kHz, avg speed    0.083 kHz), accepted       10/  470001 events ( 0.00%)
Processed   480000/ 1380000 entries, 34.78% (elapsed time  5788.1s, curr speed    0.102 kHz, avg speed    0.083 kHz), accepted       10/  480001 events ( 0.00%)
Processed   490000/ 1380000 entries, 35.51% (elapsed time  5884.7s, curr speed    0.103 kHz, avg speed    0.083 kHz), accepted       10/  490001 events ( 0.00%)
%MSG-e SimpleJetCorrectionUncertainty: 
 bin variables out of range
%MSG
%MSG-e SimpleJetCorrectionUncertainty: 
 bin variables out of range
%MSG
Processed   500000/ 1380000 entries, 36.23% (elapsed time  5983.2s, curr speed    0.102 kHz, avg speed    0.084 kHz), accepted       11/  500001 events ( 0.00%)
Processed   510000/ 1380000 entries, 36.96% (elapsed time  6078.8s, curr speed    0.105 kHz, avg speed    0.084 kHz), accepted       11/  510001 events ( 0.00%)
Processed   520000/ 1380000 entries, 37.68% (elapsed time  6177.7s, curr speed    0.101 kHz, avg speed    0.084 kHz), accepted       11/  520001 events ( 0.00%)
Processed   530000/ 1380000 entries, 38.41% (elapsed time  6273.4s, curr speed    0.105 kHz, avg speed    0.084 kHz), accepted       11/  530001 events ( 0.00%)
Processed   540000/ 1380000 entries, 39.13% (elapsed time  6370.8s, curr speed    0.103 kHz, avg speed    0.085 kHz), accepted       11/  540001 events ( 0.00%)
Processed   550000/ 1380000 entries, 39.86% (elapsed time  6467.7s, curr speed    0.103 kHz, avg speed    0.085 kHz), accepted       11/  550001 events ( 0.00%)
Processed   560000/ 1380000 entries, 40.58% (elapsed time  6565.9s, curr speed    0.102 kHz, avg speed    0.085 kHz), accepted       11/  560001 events ( 0.00%)
Processed   570000/ 1380000 entries, 41.30% (elapsed time  6661.4s, curr speed    0.105 kHz, avg speed    0.086 kHz), accepted       11/  570001 events ( 0.00%)
Processed   580000/ 1380000 entries, 42.03% (elapsed time  6758.3s, curr speed    0.103 kHz, avg speed    0.086 kHz), accepted       11/  580001 events ( 0.00%)
Processed   590000/ 1380000 entries, 42.75% (elapsed time  6854.7s, curr speed    0.104 kHz, avg speed    0.086 kHz), accepted       11/  590001 events ( 0.00%)
Processed   600000/ 1380000 entries, 43.48% (elapsed time  6952.7s, curr speed    0.102 kHz, avg speed    0.086 kHz), accepted       11/  600001 events ( 0.00%)
Processed   610000/ 1380000 entries, 44.20% (elapsed time  7096.9s, curr speed    0.069 kHz, avg speed    0.086 kHz), accepted       11/  610001 events ( 0.00%)
Processed   620000/ 1380000 entries, 44.93% (elapsed time  7212.2s, curr speed    0.087 kHz, avg speed    0.086 kHz), accepted       11/  620001 events ( 0.00%)
Processed   630000/ 1380000 entries, 45.65% (elapsed time  7309.8s, curr speed    0.102 kHz, avg speed    0.086 kHz), accepted       11/  630001 events ( 0.00%)
Processed   640000/ 1380000 entries, 46.38% (elapsed time  7460.4s, curr speed    0.066 kHz, avg speed    0.086 kHz), accepted       12/  640001 events ( 0.00%)
Processed   650000/ 1380000 entries, 47.10% (elapsed time  7609.7s, curr speed    0.067 kHz, avg speed    0.085 kHz), accepted       12/  650001 events ( 0.00%)
Processed   660000/ 1380000 entries, 47.83% (elapsed time  7731.5s, curr speed    0.082 kHz, avg speed    0.085 kHz), accepted       12/  660001 events ( 0.00%)
Processed   670000/ 1380000 entries, 48.55% (elapsed time  7841.2s, curr speed    0.091 kHz, avg speed    0.085 kHz), accepted       12/  670001 events ( 0.00%)
Processed   680000/ 1380000 entries, 49.28% (elapsed time  7949.9s, curr speed    0.092 kHz, avg speed    0.086 kHz), accepted       12/  680001 events ( 0.00%)
Processed   690000/ 1380000 entries, 50.00% (elapsed time  8059.2s, curr speed    0.092 kHz, avg speed    0.086 kHz), accepted       12/  690001 events ( 0.00%)
Processed   700000/ 1380000 entries, 50.72% (elapsed time  8168.5s, curr speed    0.091 kHz, avg speed    0.086 kHz), accepted       12/  700001 events ( 0.00%)
Processed   710000/ 1380000 entries, 51.45% (elapsed time  8278.1s, curr speed    0.091 kHz, avg speed    0.086 kHz), accepted       12/  710001 events ( 0.00%)
Processed   720000/ 1380000 entries, 52.17% (elapsed time  8384.6s, curr speed    0.094 kHz, avg speed    0.086 kHz), accepted       12/  720001 events ( 0.00%)
Processed   730000/ 1380000 entries, 52.90% (elapsed time  8513.7s, curr speed    0.077 kHz, avg speed    0.086 kHz), accepted       12/  730001 events ( 0.00%)
Processed   740000/ 1380000 entries, 53.62% (elapsed time  8644.5s, curr speed    0.076 kHz, avg speed    0.086 kHz), accepted       13/  740001 events ( 0.00%)
Processed   750000/ 1380000 entries, 54.35% (elapsed time  8749.4s, curr speed    0.095 kHz, avg speed    0.086 kHz), accepted       13/  750001 events ( 0.00%)
Processed   760000/ 1380000 entries, 55.07% (elapsed time  8850.2s, curr speed    0.099 kHz, avg speed    0.086 kHz), accepted       13/  760001 events ( 0.00%)
Processed   770000/ 1380000 entries, 55.80% (elapsed time  8954.5s, curr speed    0.096 kHz, avg speed    0.086 kHz), accepted       13/  770001 events ( 0.00%)
Processed   780000/ 1380000 entries, 56.52% (elapsed time  9056.9s, curr speed    0.098 kHz, avg speed    0.086 kHz), accepted       13/  780001 events ( 0.00%)
Processed   790000/ 1380000 entries, 57.25% (elapsed time  9162.2s, curr speed    0.095 kHz, avg speed    0.086 kHz), accepted       14/  790001 events ( 0.00%)
Processed   800000/ 1380000 entries, 57.97% (elapsed time  9265.0s, curr speed    0.097 kHz, avg speed    0.086 kHz), accepted       14/  800001 events ( 0.00%)
Processed   810000/ 1380000 entries, 58.70% (elapsed time  9369.3s, curr speed    0.096 kHz, avg speed    0.086 kHz), accepted       14/  810001 events ( 0.00%)
Processed   820000/ 1380000 entries, 59.42% (elapsed time  9471.3s, curr speed    0.098 kHz, avg speed    0.087 kHz), accepted       14/  820001 events ( 0.00%)
Processed   830000/ 1380000 entries, 60.14% (elapsed time  9570.4s, curr speed    0.101 kHz, avg speed    0.087 kHz), accepted       15/  830001 events ( 0.00%)
Processed   840000/ 1380000 entries, 60.87% (elapsed time  9666.7s, curr speed    0.104 kHz, avg speed    0.087 kHz), accepted       15/  840001 events ( 0.00%)
Processed   850000/ 1380000 entries, 61.59% (elapsed time  9764.1s, curr speed    0.103 kHz, avg speed    0.087 kHz), accepted       15/  850001 events ( 0.00%)
Processed   860000/ 1380000 entries, 62.32% (elapsed time  9860.9s, curr speed    0.103 kHz, avg speed    0.087 kHz), accepted       15/  860001 events ( 0.00%)
Processed   870000/ 1380000 entries, 63.04% (elapsed time  9958.6s, curr speed    0.102 kHz, avg speed    0.087 kHz), accepted       15/  870001 events ( 0.00%)
Processed   880000/ 1380000 entries, 63.77% (elapsed time 10056.6s, curr speed    0.102 kHz, avg speed    0.088 kHz), accepted       16/  880001 events ( 0.00%)
Processed   890000/ 1380000 entries, 64.49% (elapsed time 10153.8s, curr speed    0.103 kHz, avg speed    0.088 kHz), accepted       16/  890001 events ( 0.00%)
Processed   900000/ 1380000 entries, 65.22% (elapsed time 10251.1s, curr speed    0.103 kHz, avg speed    0.088 kHz), accepted       16/  900001 events ( 0.00%)
Processed   910000/ 1380000 entries, 65.94% (elapsed time 10348.0s, curr speed    0.103 kHz, avg speed    0.088 kHz), accepted       16/  910001 events ( 0.00%)
Processed   920000/ 1380000 entries, 66.67% (elapsed time 10447.4s, curr speed    0.101 kHz, avg speed    0.088 kHz), accepted       18/  920001 events ( 0.00%)
Processed   930000/ 1380000 entries, 67.39% (elapsed time 10544.8s, curr speed    0.103 kHz, avg speed    0.088 kHz), accepted       19/  930001 events ( 0.00%)
Processed   940000/ 1380000 entries, 68.12% (elapsed time 10642.9s, curr speed    0.102 kHz, avg speed    0.088 kHz), accepted       20/  940001 events ( 0.00%)
Processed   950000/ 1380000 entries, 68.84% (elapsed time 10739.2s, curr speed    0.104 kHz, avg speed    0.088 kHz), accepted       20/  950001 events ( 0.00%)
Processed   960000/ 1380000 entries, 69.57% (elapsed time 10836.5s, curr speed    0.103 kHz, avg speed    0.089 kHz), accepted       20/  960001 events ( 0.00%)
Processed   970000/ 1380000 entries, 70.29% (elapsed time 10933.4s, curr speed    0.103 kHz, avg speed    0.089 kHz), accepted       20/  970001 events ( 0.00%)
Processed   980000/ 1380000 entries, 71.01% (elapsed time 11029.7s, curr speed    0.104 kHz, avg speed    0.089 kHz), accepted       20/  980001 events ( 0.00%)
Processed   990000/ 1380000 entries, 71.74% (elapsed time 11125.6s, curr speed    0.104 kHz, avg speed    0.089 kHz), accepted       20/  990001 events ( 0.00%)
Processed  1000000/ 1380000 entries, 72.46% (elapsed time 11223.1s, curr speed    0.103 kHz, avg speed    0.089 kHz), accepted       20/ 1000001 events ( 0.00%)
Processed  1010000/ 1380000 entries, 73.19% (elapsed time 11318.5s, curr speed    0.105 kHz, avg speed    0.089 kHz), accepted       20/ 1010001 events ( 0.00%)
Processed  1020000/ 1380000 entries, 73.91% (elapsed time 11416.3s, curr speed    0.102 kHz, avg speed    0.089 kHz), accepted       20/ 1020001 events ( 0.00%)
Processed  1030000/ 1380000 entries, 74.64% (elapsed time 11512.1s, curr speed    0.104 kHz, avg speed    0.089 kHz), accepted       20/ 1030001 events ( 0.00%)
Processed  1040000/ 1380000 entries, 75.36% (elapsed time 11609.8s, curr speed    0.102 kHz, avg speed    0.090 kHz), accepted       20/ 1040001 events ( 0.00%)
Processed  1050000/ 1380000 entries, 76.09% (elapsed time 11706.1s, curr speed    0.104 kHz, avg speed    0.090 kHz), accepted       20/ 1050001 events ( 0.00%)
Processed  1060000/ 1380000 entries, 76.81% (elapsed time 11804.1s, curr speed    0.102 kHz, avg speed    0.090 kHz), accepted       21/ 1060001 events ( 0.00%)
Processed  1070000/ 1380000 entries, 77.54% (elapsed time 11901.2s, curr speed    0.103 kHz, avg speed    0.090 kHz), accepted       22/ 1070001 events ( 0.00%)
Processed  1080000/ 1380000 entries, 78.26% (elapsed time 11998.6s, curr speed    0.103 kHz, avg speed    0.090 kHz), accepted       22/ 1080001 events ( 0.00%)
Processed  1090000/ 1380000 entries, 78.99% (elapsed time 12093.7s, curr speed    0.105 kHz, avg speed    0.090 kHz), accepted       22/ 1090001 events ( 0.00%)
Processed  1100000/ 1380000 entries, 79.71% (elapsed time 12190.1s, curr speed    0.104 kHz, avg speed    0.090 kHz), accepted       22/ 1100001 events ( 0.00%)
Processed  1110000/ 1380000 entries, 80.43% (elapsed time 12287.3s, curr speed    0.103 kHz, avg speed    0.090 kHz), accepted       23/ 1110001 events ( 0.00%)
Processed  1120000/ 1380000 entries, 81.16% (elapsed time 12386.8s, curr speed    0.100 kHz, avg speed    0.090 kHz), accepted       25/ 1120001 events ( 0.00%)
Processed  1130000/ 1380000 entries, 81.88% (elapsed time 12482.7s, curr speed    0.104 kHz, avg speed    0.091 kHz), accepted       25/ 1130001 events ( 0.00%)
Processed  1140000/ 1380000 entries, 82.61% (elapsed time 12580.6s, curr speed    0.102 kHz, avg speed    0.091 kHz), accepted       25/ 1140001 events ( 0.00%)
Processed  1150000/ 1380000 entries, 83.33% (elapsed time 12677.0s, curr speed    0.104 kHz, avg speed    0.091 kHz), accepted       25/ 1150001 events ( 0.00%)
Processed  1160000/ 1380000 entries, 84.06% (elapsed time 12774.3s, curr speed    0.103 kHz, avg speed    0.091 kHz), accepted       25/ 1160001 events ( 0.00%)
Processed  1170000/ 1380000 entries, 84.78% (elapsed time 12870.8s, curr speed    0.104 kHz, avg speed    0.091 kHz), accepted       25/ 1170001 events ( 0.00%)
Processed  1180000/ 1380000 entries, 85.51% (elapsed time 12967.7s, curr speed    0.103 kHz, avg speed    0.091 kHz), accepted       25/ 1180001 events ( 0.00%)
Processed  1190000/ 1380000 entries, 86.23% (elapsed time 13064.1s, curr speed    0.104 kHz, avg speed    0.091 kHz), accepted       25/ 1190001 events ( 0.00%)
Processed  1200000/ 1380000 entries, 86.96% (elapsed time 13162.3s, curr speed    0.102 kHz, avg speed    0.091 kHz), accepted       25/ 1200001 events ( 0.00%)
Processed  1210000/ 1380000 entries, 87.68% (elapsed time 13258.7s, curr speed    0.104 kHz, avg speed    0.091 kHz), accepted       25/ 1210001 events ( 0.00%)
Bad event
Processed  1220000/ 1380000 entries, 88.41% (elapsed time 13357.0s, curr speed    0.102 kHz, avg speed    0.091 kHz), accepted       26/ 1220001 events ( 0.00%)
Processed  1230000/ 1380000 entries, 89.13% (elapsed time 13453.7s, curr speed    0.103 kHz, avg speed    0.091 kHz), accepted       26/ 1230001 events ( 0.00%)
Processed  1240000/ 1380000 entries, 89.86% (elapsed time 13550.5s, curr speed    0.103 kHz, avg speed    0.092 kHz), accepted       26/ 1240001 events ( 0.00%)
Processed  1250000/ 1380000 entries, 90.58% (elapsed time 13684.2s, curr speed    0.075 kHz, avg speed    0.091 kHz), accepted       26/ 1250001 events ( 0.00%)
Processed  1260000/ 1380000 entries, 91.30% (elapsed time 13830.5s, curr speed    0.068 kHz, avg speed    0.091 kHz), accepted       26/ 1260001 events ( 0.00%)
Processed  1270000/ 1380000 entries, 92.03% (elapsed time 13927.8s, curr speed    0.103 kHz, avg speed    0.091 kHz), accepted       26/ 1270001 events ( 0.00%)
Processed  1280000/ 1380000 entries, 92.75% (elapsed time 14024.1s, curr speed    0.104 kHz, avg speed    0.091 kHz), accepted       26/ 1280001 events ( 0.00%)
Processed  1290000/ 1380000 entries, 93.48% (elapsed time 14121.4s, curr speed    0.103 kHz, avg speed    0.091 kHz), accepted       26/ 1290001 events ( 0.00%)
Processed  1300000/ 1380000 entries, 94.20% (elapsed time 14217.1s, curr speed    0.104 kHz, avg speed    0.091 kHz), accepted       26/ 1300001 events ( 0.00%)
Processed  1310000/ 1380000 entries, 94.93% (elapsed time 14314.7s, curr speed    0.102 kHz, avg speed    0.092 kHz), accepted       26/ 1310001 events ( 0.00%)
Processed  1320000/ 1380000 entries, 95.65% (elapsed time 14441.9s, curr speed    0.079 kHz, avg speed    0.091 kHz), accepted       26/ 1320001 events ( 0.00%)
Processed  1330000/ 1380000 entries, 96.38% (elapsed time 14622.9s, curr speed    0.055 kHz, avg speed    0.091 kHz), accepted       26/ 1330001 events ( 0.00%)
Processed  1340000/ 1380000 entries, 97.10% (elapsed time 14804.2s, curr speed    0.055 kHz, avg speed    0.091 kHz), accepted       26/ 1340001 events ( 0.00%)
Processed  1350000/ 1380000 entries, 97.83% (elapsed time 14947.6s, curr speed    0.070 kHz, avg speed    0.090 kHz), accepted       27/ 1350001 events ( 0.00%)
Processed  1360000/ 1380000 entries, 98.55% (elapsed time 15046.1s, curr speed    0.102 kHz, avg speed    0.090 kHz), accepted       27/ 1360001 events ( 0.00%)
Processed  1370000/ 1380000 entries, 99.28% (elapsed time 15145.3s, curr speed    0.101 kHz, avg speed    0.090 kHz), accepted       27/ 1370001 events ( 0.00%)
Processed 1380000 preselected entries from root://cms-xrd-global.cern.ch//store/mc/RunIIAutumn18NanoAODv6/GluGluHToBB_M125_13TeV_powheg_pythia8/NANOAODSIM/Nano25Oct2019_102X_upgrade2018_realistic_v20-v1/60000/616A9FA8-7448-814C-8F6F-BF6AE857ED2F.root (1380000 entries). Finally selected 29 entries
Done /work/pbaertsc/heavy_resonance/output_2018/GluGluHToBB_M125_13TeV_powheg_pythia8__RunIIAutumn18NanoAODv6-Nano25Oct2019_102X_upgrade2018_realistic_v20-v1__NANOAODSIM/616A9FA8-7448-814C-8F6F-BF6AE857ED2F.root
90.5141202028 Hz
deleting root file with name: /work/pbaertsc/heavy_resonance/output_2018/GluGluHToBB_M125_13TeV_powheg_pythia8__RunIIAutumn18NanoAODv6-Nano25Oct2019_102X_upgrade2018_realistic_v20-v1__NANOAODSIM/616A9FA8-7448-814C-8F6F-BF6AE857ED2F.root
DONE
Complete at
Wed Jan 29 02:13:41 CET 2020
