job start at
Tue Jan 28 20:58:40 CET 2020
SLURM_JOB_ID: 422242
HOSTNAME: t3wn39
JOBLIST:joblist/joblist_ZZTo2Q2Nu_TuneCP5_13TeV_amcatnloFXFX_madspin_pythia8__RunIIFall17NanoAODv6-PU2017_12Apr2018_Nano25Oct2019_102X_mc2017_realistic_v7-v1__NANOAODSIM_ll.txt
Going to execute
python job.py -i root://cms-xrd-global.cern.ch//store/mc/RunIIFall17NanoAODv6/ZZTo2Q2Nu_TuneCP5_13TeV_amcatnloFXFX_madspin_pythia8/NANOAODSIM/PU2017_12Apr2018_Nano25Oct2019_102X_mc2017_realistic_v7-v1/270000/1CF97E2E-CB4A-554A-8474-B09B3F14E6F7.root -o /work/pbaertsc/heavy_resonance/output_2017/ZZTo2Q2Nu_TuneCP5_13TeV_amcatnloFXFX_madspin_pythia8__RunIIFall17NanoAODv6-PU2017_12Apr2018_Nano25Oct2019_102X_mc2017_realistic_v7-v1__NANOAODSIM -N ZZTo2Q2Nu_TuneCP5_13TeV_amcatnloFXFX_madspin_pythia8__RunIIFall17NanoAODv6-PU2017_12Apr2018_Nano25Oct2019_102X_mc2017_realistic_v7-v1__NANOAODSIM -n 8 -c ll -y 2017
TClass::Init:0: RuntimeWarning: no dictionary for class ROOT::TIOFeatures is available
/work/pbaertsc/heavy_resonance/CMSSW_9_4_6/python/PhysicsTools/NanoAODTools/postprocessing/framework/treeReaderArrayTools.py:69: RuntimeWarning: creating executor for unknown type "ULong64_t*"
  ret = _vr.Get()[0]
JEC= Fall17_17Nov2017_V32_MC 	 JER= Fall17_V3_MC
MET branch= PuppiMET
JEC= Fall17_17Nov2017_V32_MC 	 JER= Fall17_V3_MC
MET branch= PuppiMET
--------------------------------------------------------------------------------
input files  = ['root://cms-xrd-global.cern.ch//store/mc/RunIIFall17NanoAODv6/ZZTo2Q2Nu_TuneCP5_13TeV_amcatnloFXFX_madspin_pythia8/NANOAODSIM/PU2017_12Apr2018_Nano25Oct2019_102X_mc2017_realistic_v7-v1/270000/1CF97E2E-CB4A-554A-8474-B09B3F14E6F7.root']
output directory = /work/pbaertsc/heavy_resonance/output_2017/ZZTo2Q2Nu_TuneCP5_13TeV_amcatnloFXFX_madspin_pythia8__RunIIFall17NanoAODv6-PU2017_12Apr2018_Nano25Oct2019_102X_mc2017_realistic_v7-v1__NANOAODSIM
output file  = ZZTo2Q2Nu_TuneCP5_13TeV_amcatnloFXFX_madspin_pythia8__RunIIFall17NanoAODv6-PU2017_12Apr2018_Nano25Oct2019_102X_mc2017_realistic_v7-v1__NANOAODSIM_8_ll.root
chunck       = 8
channel      = ll
dataType     = mc
year         = 2017
tes          = 1.0
ltf          = 1.0
jtf          = 1.0
--------------------------------------------------------------------------------
job.py: creating PostProcessor...
TreeProducer is called /work/pbaertsc/heavy_resonance/output_2017/ZZTo2Q2Nu_TuneCP5_13TeV_amcatnloFXFX_madspin_pythia8__RunIIFall17NanoAODv6-PU2017_12Apr2018_Nano25Oct2019_102X_mc2017_realistic_v7-v1__NANOAODSIM/ZZTo2Q2Nu_TuneCP5_13TeV_amcatnloFXFX_madspin_pythia8__RunIIFall17NanoAODv6-PU2017_12Apr2018_Nano25Oct2019_102X_mc2017_realistic_v7-v1__NANOAODSIM_8_ll.root
job.py: going to run PostProcessor...
Will write selected trees to /work/pbaertsc/heavy_resonance/output_2017/ZZTo2Q2Nu_TuneCP5_13TeV_amcatnloFXFX_madspin_pythia8__RunIIFall17NanoAODv6-PU2017_12Apr2018_Nano25Oct2019_102X_mc2017_realistic_v7-v1__NANOAODSIM
Loading jet energy scale (JES) uncertainties from file '/tmp/tmpp_SP96/Fall17_17Nov2017_V32_MC_Uncertainty_AK4PFchs.txt'
Loading jet energy resolutions (JER) from file '/tmp/tmpy3x8dj/Fall17_V3_MC_PtResolution_AK4PFchs.txt'
Loading JER scale factors and uncertainties from file '/tmp/tmpy3x8dj/Fall17_V3_MC_SF_AK4PFchs.txt'
Loading jet energy scale (JES) uncertainties from file '/tmp/tmpfu4q3J/Fall17_17Nov2017_V32_MC_Uncertainty_AK8PFPuppi.txt'
Loading jet energy resolutions (JER) from file '/tmp/tmpbu8wgs/Fall17_V3_MC_PtResolution_AK8PFPuppi.txt'
Loading JER scale factors and uncertainties from file '/tmp/tmpbu8wgs/Fall17_V3_MC_SF_AK8PFPuppi.txt'
Pre-select 572014 entries out of 572014 (100.00%)
nanoAODv5? True
Processed    10000/  572014 entries,  1.75% (elapsed time   105.9s, curr speed    0.094 kHz, avg speed    0.094 kHz), accepted      144/   10001 events ( 1.44%)
Processed    20000/  572014 entries,  3.50% (elapsed time   207.7s, curr speed    0.098 kHz, avg speed    0.096 kHz), accepted      297/   20001 events ( 1.48%)
Processed    30000/  572014 entries,  5.24% (elapsed time   308.6s, curr speed    0.099 kHz, avg speed    0.097 kHz), accepted      438/   30001 events ( 1.46%)
Processed    40000/  572014 entries,  6.99% (elapsed time   409.8s, curr speed    0.099 kHz, avg speed    0.098 kHz), accepted      584/   40001 events ( 1.46%)
Bad event
Processed    50000/  572014 entries,  8.74% (elapsed time   511.8s, curr speed    0.098 kHz, avg speed    0.098 kHz), accepted      710/   50001 events ( 1.42%)
Bad event
Processed    60000/  572014 entries, 10.49% (elapsed time   614.4s, curr speed    0.097 kHz, avg speed    0.098 kHz), accepted      845/   60001 events ( 1.41%)
Processed    70000/  572014 entries, 12.24% (elapsed time   716.9s, curr speed    0.098 kHz, avg speed    0.098 kHz), accepted      995/   70001 events ( 1.42%)
Bad event
Processed    80000/  572014 entries, 13.99% (elapsed time   819.1s, curr speed    0.098 kHz, avg speed    0.098 kHz), accepted     1141/   80001 events ( 1.43%)
Bad event
Processed    90000/  572014 entries, 15.73% (elapsed time   920.5s, curr speed    0.099 kHz, avg speed    0.098 kHz), accepted     1269/   90001 events ( 1.41%)
Bad event
Processed   100000/  572014 entries, 17.48% (elapsed time  1023.7s, curr speed    0.097 kHz, avg speed    0.098 kHz), accepted     1405/  100001 events ( 1.40%)
Processed   110000/  572014 entries, 19.23% (elapsed time  1125.4s, curr speed    0.098 kHz, avg speed    0.098 kHz), accepted     1537/  110001 events ( 1.40%)
Processed   120000/  572014 entries, 20.98% (elapsed time  1227.1s, curr speed    0.098 kHz, avg speed    0.098 kHz), accepted     1680/  120001 events ( 1.40%)
Processed   130000/  572014 entries, 22.73% (elapsed time  1329.5s, curr speed    0.098 kHz, avg speed    0.098 kHz), accepted     1819/  130001 events ( 1.40%)
Processed   140000/  572014 entries, 24.47% (elapsed time  1431.5s, curr speed    0.098 kHz, avg speed    0.098 kHz), accepted     1939/  140001 events ( 1.38%)
Processed   150000/  572014 entries, 26.22% (elapsed time  1533.4s, curr speed    0.098 kHz, avg speed    0.098 kHz), accepted     2056/  150001 events ( 1.37%)
Processed   160000/  572014 entries, 27.97% (elapsed time  1636.1s, curr speed    0.097 kHz, avg speed    0.098 kHz), accepted     2216/  160001 events ( 1.38%)
Processed   170000/  572014 entries, 29.72% (elapsed time  1737.8s, curr speed    0.098 kHz, avg speed    0.098 kHz), accepted     2351/  170001 events ( 1.38%)
Processed   180000/  572014 entries, 31.47% (elapsed time  1840.4s, curr speed    0.097 kHz, avg speed    0.098 kHz), accepted     2482/  180001 events ( 1.38%)
Processed   190000/  572014 entries, 33.22% (elapsed time  1942.9s, curr speed    0.098 kHz, avg speed    0.098 kHz), accepted     2619/  190001 events ( 1.38%)
Processed   200000/  572014 entries, 34.96% (elapsed time  2044.5s, curr speed    0.098 kHz, avg speed    0.098 kHz), accepted     2746/  200001 events ( 1.37%)
Processed   210000/  572014 entries, 36.71% (elapsed time  2148.2s, curr speed    0.096 kHz, avg speed    0.098 kHz), accepted     2888/  210001 events ( 1.38%)
Processed   220000/  572014 entries, 38.46% (elapsed time  2249.9s, curr speed    0.098 kHz, avg speed    0.098 kHz), accepted     3016/  220001 events ( 1.37%)
Processed   230000/  572014 entries, 40.21% (elapsed time  2352.0s, curr speed    0.098 kHz, avg speed    0.098 kHz), accepted     3153/  230001 events ( 1.37%)
Processed   240000/  572014 entries, 41.96% (elapsed time  2453.0s, curr speed    0.099 kHz, avg speed    0.098 kHz), accepted     3287/  240001 events ( 1.37%)
Processed   250000/  572014 entries, 43.71% (elapsed time  2555.0s, curr speed    0.098 kHz, avg speed    0.098 kHz), accepted     3405/  250001 events ( 1.36%)
Bad event
Processed   260000/  572014 entries, 45.45% (elapsed time  2656.2s, curr speed    0.099 kHz, avg speed    0.098 kHz), accepted     3536/  260001 events ( 1.36%)
Bad event
Processed   270000/  572014 entries, 47.20% (elapsed time  2757.2s, curr speed    0.099 kHz, avg speed    0.098 kHz), accepted     3670/  270001 events ( 1.36%)
Processed   280000/  572014 entries, 48.95% (elapsed time  2858.7s, curr speed    0.099 kHz, avg speed    0.098 kHz), accepted     3816/  280001 events ( 1.36%)
Processed   290000/  572014 entries, 50.70% (elapsed time  2959.9s, curr speed    0.099 kHz, avg speed    0.098 kHz), accepted     3943/  290001 events ( 1.36%)
Processed   300000/  572014 entries, 52.45% (elapsed time  3062.1s, curr speed    0.098 kHz, avg speed    0.098 kHz), accepted     4085/  300001 events ( 1.36%)
Processed   310000/  572014 entries, 54.19% (elapsed time  3162.5s, curr speed    0.100 kHz, avg speed    0.098 kHz), accepted     4200/  310001 events ( 1.35%)
Processed   320000/  572014 entries, 55.94% (elapsed time  3264.3s, curr speed    0.098 kHz, avg speed    0.098 kHz), accepted     4342/  320001 events ( 1.36%)
Processed   330000/  572014 entries, 57.69% (elapsed time  3364.6s, curr speed    0.100 kHz, avg speed    0.098 kHz), accepted     4466/  330001 events ( 1.35%)
Processed   340000/  572014 entries, 59.44% (elapsed time  3464.5s, curr speed    0.100 kHz, avg speed    0.098 kHz), accepted     4600/  340001 events ( 1.35%)
Processed   350000/  572014 entries, 61.19% (elapsed time  3564.9s, curr speed    0.100 kHz, avg speed    0.098 kHz), accepted     4738/  350001 events ( 1.35%)
Processed   360000/  572014 entries, 62.94% (elapsed time  3664.1s, curr speed    0.101 kHz, avg speed    0.098 kHz), accepted     4857/  360001 events ( 1.35%)
Bad event
Processed   370000/  572014 entries, 64.68% (elapsed time  3764.9s, curr speed    0.099 kHz, avg speed    0.098 kHz), accepted     4991/  370001 events ( 1.35%)
Processed   380000/  572014 entries, 66.43% (elapsed time  3865.6s, curr speed    0.099 kHz, avg speed    0.098 kHz), accepted     5116/  380001 events ( 1.35%)
Processed   390000/  572014 entries, 68.18% (elapsed time  3965.3s, curr speed    0.100 kHz, avg speed    0.098 kHz), accepted     5245/  390001 events ( 1.34%)
Processed   400000/  572014 entries, 69.93% (elapsed time  4066.2s, curr speed    0.099 kHz, avg speed    0.098 kHz), accepted     5400/  400001 events ( 1.35%)
Processed   410000/  572014 entries, 71.68% (elapsed time  4166.6s, curr speed    0.100 kHz, avg speed    0.098 kHz), accepted     5541/  410001 events ( 1.35%)
Bad event
Processed   420000/  572014 entries, 73.42% (elapsed time  4267.1s, curr speed    0.100 kHz, avg speed    0.098 kHz), accepted     5661/  420001 events ( 1.35%)
Processed   430000/  572014 entries, 75.17% (elapsed time  4366.8s, curr speed    0.100 kHz, avg speed    0.098 kHz), accepted     5800/  430001 events ( 1.35%)
Processed   440000/  572014 entries, 76.92% (elapsed time  4466.4s, curr speed    0.100 kHz, avg speed    0.099 kHz), accepted     5930/  440001 events ( 1.35%)
Processed   450000/  572014 entries, 78.67% (elapsed time  4565.9s, curr speed    0.101 kHz, avg speed    0.099 kHz), accepted     6065/  450001 events ( 1.35%)
Processed   460000/  572014 entries, 80.42% (elapsed time  4666.8s, curr speed    0.099 kHz, avg speed    0.099 kHz), accepted     6199/  460001 events ( 1.35%)
Processed   470000/  572014 entries, 82.17% (elapsed time  4765.5s, curr speed    0.101 kHz, avg speed    0.099 kHz), accepted     6316/  470001 events ( 1.34%)
Bad event
Processed   480000/  572014 entries, 83.91% (elapsed time  4866.5s, curr speed    0.099 kHz, avg speed    0.099 kHz), accepted     6451/  480001 events ( 1.34%)
Processed   490000/  572014 entries, 85.66% (elapsed time  4965.8s, curr speed    0.101 kHz, avg speed    0.099 kHz), accepted     6594/  490001 events ( 1.35%)
Processed   500000/  572014 entries, 87.41% (elapsed time  5065.2s, curr speed    0.101 kHz, avg speed    0.099 kHz), accepted     6750/  500001 events ( 1.35%)
Processed   510000/  572014 entries, 89.16% (elapsed time  5168.0s, curr speed    0.097 kHz, avg speed    0.099 kHz), accepted     6882/  510001 events ( 1.35%)
Bad event
Processed   520000/  572014 entries, 90.91% (elapsed time  5268.4s, curr speed    0.100 kHz, avg speed    0.099 kHz), accepted     7032/  520001 events ( 1.35%)
Processed   530000/  572014 entries, 92.66% (elapsed time  5368.9s, curr speed    0.100 kHz, avg speed    0.099 kHz), accepted     7156/  530001 events ( 1.35%)
Processed   540000/  572014 entries, 94.40% (elapsed time  5469.7s, curr speed    0.099 kHz, avg speed    0.099 kHz), accepted     7299/  540001 events ( 1.35%)
Processed   550000/  572014 entries, 96.15% (elapsed time  5569.9s, curr speed    0.100 kHz, avg speed    0.099 kHz), accepted     7432/  550001 events ( 1.35%)
Processed   560000/  572014 entries, 97.90% (elapsed time  5671.0s, curr speed    0.099 kHz, avg speed    0.099 kHz), accepted     7535/  560001 events ( 1.35%)
Processed   570000/  572014 entries, 99.65% (elapsed time  5771.5s, curr speed    0.100 kHz, avg speed    0.099 kHz), accepted     7670/  570001 events ( 1.35%)
Processed 572014 preselected entries from root://cms-xrd-global.cern.ch//store/mc/RunIIFall17NanoAODv6/ZZTo2Q2Nu_TuneCP5_13TeV_amcatnloFXFX_madspin_pythia8/NANOAODSIM/PU2017_12Apr2018_Nano25Oct2019_102X_mc2017_realistic_v7-v1/270000/1CF97E2E-CB4A-554A-8474-B09B3F14E6F7.root (572014 entries). Finally selected 7699 entries
Done /work/pbaertsc/heavy_resonance/output_2017/ZZTo2Q2Nu_TuneCP5_13TeV_amcatnloFXFX_madspin_pythia8__RunIIFall17NanoAODv6-PU2017_12Apr2018_Nano25Oct2019_102X_mc2017_realistic_v7-v1__NANOAODSIM/1CF97E2E-CB4A-554A-8474-B09B3F14E6F7.root
98.4752208322 Hz
deleting root file with name: /work/pbaertsc/heavy_resonance/output_2017/ZZTo2Q2Nu_TuneCP5_13TeV_amcatnloFXFX_madspin_pythia8__RunIIFall17NanoAODv6-PU2017_12Apr2018_Nano25Oct2019_102X_mc2017_realistic_v7-v1__NANOAODSIM/1CF97E2E-CB4A-554A-8474-B09B3F14E6F7.root
DONE
Complete at
Tue Jan 28 23:25:33 CET 2020
