job start at
Tue Jan 28 20:32:46 CET 2020
SLURM_JOB_ID: 422044
HOSTNAME: t3wn53
JOBLIST:joblist/joblist_ZZTo2Q2Nu_TuneCP5_13TeV_amcatnloFXFX_madspin_pythia8__RunIIAutumn18NanoAODv6-Nano25Oct2019_102X_upgrade2018_realistic_v20-v1__NANOAODSIM_ll.txt
Going to execute
python job.py -i root://cms-xrd-global.cern.ch//store/mc/RunIIAutumn18NanoAODv6/ZZTo2Q2Nu_TuneCP5_13TeV_amcatnloFXFX_madspin_pythia8/NANOAODSIM/Nano25Oct2019_102X_upgrade2018_realistic_v20-v1/230000/B436A343-2C54-E84E-9842-C622944F81F7.root -o /work/pbaertsc/heavy_resonance/output_2018/ZZTo2Q2Nu_TuneCP5_13TeV_amcatnloFXFX_madspin_pythia8__RunIIAutumn18NanoAODv6-Nano25Oct2019_102X_upgrade2018_realistic_v20-v1__NANOAODSIM -N ZZTo2Q2Nu_TuneCP5_13TeV_amcatnloFXFX_madspin_pythia8__RunIIAutumn18NanoAODv6-Nano25Oct2019_102X_upgrade2018_realistic_v20-v1__NANOAODSIM -n 31 -c ll -y 2018
TClass::Init:0: RuntimeWarning: no dictionary for class ROOT::TIOFeatures is available
/work/pbaertsc/heavy_resonance/CMSSW_9_4_6/python/PhysicsTools/NanoAODTools/postprocessing/framework/treeReaderArrayTools.py:69: RuntimeWarning: creating executor for unknown type "ULong64_t*"
  ret = _vr.Get()[0]
JEC= Autumn18_V19_MC 	 JER= Autumn18_V7_MC
MET branch= PuppiMET
JEC= Autumn18_V19_MC 	 JER= Autumn18_V7_MC
MET branch= PuppiMET
--------------------------------------------------------------------------------
input files  = ['root://cms-xrd-global.cern.ch//store/mc/RunIIAutumn18NanoAODv6/ZZTo2Q2Nu_TuneCP5_13TeV_amcatnloFXFX_madspin_pythia8/NANOAODSIM/Nano25Oct2019_102X_upgrade2018_realistic_v20-v1/230000/B436A343-2C54-E84E-9842-C622944F81F7.root']
output directory = /work/pbaertsc/heavy_resonance/output_2018/ZZTo2Q2Nu_TuneCP5_13TeV_amcatnloFXFX_madspin_pythia8__RunIIAutumn18NanoAODv6-Nano25Oct2019_102X_upgrade2018_realistic_v20-v1__NANOAODSIM
output file  = ZZTo2Q2Nu_TuneCP5_13TeV_amcatnloFXFX_madspin_pythia8__RunIIAutumn18NanoAODv6-Nano25Oct2019_102X_upgrade2018_realistic_v20-v1__NANOAODSIM_31_ll.root
chunck       = 31
channel      = ll
dataType     = mc
year         = 2018
tes          = 1.0
ltf          = 1.0
jtf          = 1.0
--------------------------------------------------------------------------------
job.py: creating PostProcessor...
TreeProducer is called /work/pbaertsc/heavy_resonance/output_2018/ZZTo2Q2Nu_TuneCP5_13TeV_amcatnloFXFX_madspin_pythia8__RunIIAutumn18NanoAODv6-Nano25Oct2019_102X_upgrade2018_realistic_v20-v1__NANOAODSIM/ZZTo2Q2Nu_TuneCP5_13TeV_amcatnloFXFX_madspin_pythia8__RunIIAutumn18NanoAODv6-Nano25Oct2019_102X_upgrade2018_realistic_v20-v1__NANOAODSIM_31_ll.root
job.py: going to run PostProcessor...
Will write selected trees to /work/pbaertsc/heavy_resonance/output_2018/ZZTo2Q2Nu_TuneCP5_13TeV_amcatnloFXFX_madspin_pythia8__RunIIAutumn18NanoAODv6-Nano25Oct2019_102X_upgrade2018_realistic_v20-v1__NANOAODSIM
Loading jet energy scale (JES) uncertainties from file '/tmp/tmpHFk5U_/Autumn18_V19_MC_Uncertainty_AK4PFchs.txt'
Loading jet energy resolutions (JER) from file '/tmp/tmpNL2evN/Autumn18_V7_MC_PtResolution_AK4PFchs.txt'
Loading JER scale factors and uncertainties from file '/tmp/tmpNL2evN/Autumn18_V7_MC_SF_AK4PFchs.txt'
Loading jet energy scale (JES) uncertainties from file '/tmp/tmpnDyeJ5/Autumn18_V19_MC_Uncertainty_AK8PFPuppi.txt'
Loading jet energy resolutions (JER) from file '/tmp/tmpJbuBVj/Autumn18_V7_MC_PtResolution_AK8PFPuppi.txt'
Loading JER scale factors and uncertainties from file '/tmp/tmpJbuBVj/Autumn18_V7_MC_SF_AK8PFPuppi.txt'
Pre-select 1818877 entries out of 1818877 (100.00%)
nanoAODv5? True
Processed    10000/ 1818877 entries,  0.55% (elapsed time   179.1s, curr speed    0.056 kHz, avg speed    0.056 kHz), accepted      144/   10001 events ( 1.44%)
Processed    20000/ 1818877 entries,  1.10% (elapsed time   352.4s, curr speed    0.058 kHz, avg speed    0.057 kHz), accepted      291/   20001 events ( 1.45%)
%MSG-e SimpleJetCorrectionUncertainty: 
 bin variables out of range
%MSG
%MSG-e SimpleJetCorrectionUncertainty: 
 bin variables out of range
%MSG
Processed    30000/ 1818877 entries,  1.65% (elapsed time   524.2s, curr speed    0.058 kHz, avg speed    0.057 kHz), accepted      450/   30001 events ( 1.50%)
Processed    40000/ 1818877 entries,  2.20% (elapsed time   698.4s, curr speed    0.057 kHz, avg speed    0.057 kHz), accepted      590/   40001 events ( 1.47%)
Processed    50000/ 1818877 entries,  2.75% (elapsed time   865.9s, curr speed    0.060 kHz, avg speed    0.058 kHz), accepted      735/   50001 events ( 1.47%)
Processed    60000/ 1818877 entries,  3.30% (elapsed time  1037.9s, curr speed    0.058 kHz, avg speed    0.058 kHz), accepted      886/   60001 events ( 1.48%)
Bad event
Processed    70000/ 1818877 entries,  3.85% (elapsed time  1201.9s, curr speed    0.061 kHz, avg speed    0.058 kHz), accepted     1017/   70001 events ( 1.45%)
Processed    80000/ 1818877 entries,  4.40% (elapsed time  1360.0s, curr speed    0.063 kHz, avg speed    0.059 kHz), accepted     1171/   80001 events ( 1.46%)
Processed    90000/ 1818877 entries,  4.95% (elapsed time  1522.4s, curr speed    0.062 kHz, avg speed    0.059 kHz), accepted     1292/   90001 events ( 1.44%)
Processed   100000/ 1818877 entries,  5.50% (elapsed time  1666.7s, curr speed    0.069 kHz, avg speed    0.060 kHz), accepted     1443/  100001 events ( 1.44%)
Processed   110000/ 1818877 entries,  6.05% (elapsed time  1819.9s, curr speed    0.065 kHz, avg speed    0.060 kHz), accepted     1591/  110001 events ( 1.45%)
Processed   120000/ 1818877 entries,  6.60% (elapsed time  1963.7s, curr speed    0.070 kHz, avg speed    0.061 kHz), accepted     1734/  120001 events ( 1.44%)
Processed   130000/ 1818877 entries,  7.15% (elapsed time  2097.5s, curr speed    0.075 kHz, avg speed    0.062 kHz), accepted     1855/  130001 events ( 1.43%)
Processed   140000/ 1818877 entries,  7.70% (elapsed time  2232.4s, curr speed    0.074 kHz, avg speed    0.063 kHz), accepted     1994/  140001 events ( 1.42%)
Processed   150000/ 1818877 entries,  8.25% (elapsed time  2363.0s, curr speed    0.077 kHz, avg speed    0.063 kHz), accepted     2113/  150001 events ( 1.41%)
Processed   160000/ 1818877 entries,  8.80% (elapsed time  2498.5s, curr speed    0.074 kHz, avg speed    0.064 kHz), accepted     2267/  160001 events ( 1.42%)
Processed   170000/ 1818877 entries,  9.35% (elapsed time  2626.4s, curr speed    0.078 kHz, avg speed    0.065 kHz), accepted     2399/  170001 events ( 1.41%)
Processed   180000/ 1818877 entries,  9.90% (elapsed time  2741.5s, curr speed    0.087 kHz, avg speed    0.066 kHz), accepted     2535/  180001 events ( 1.41%)
Processed   190000/ 1818877 entries, 10.45% (elapsed time  2859.3s, curr speed    0.085 kHz, avg speed    0.066 kHz), accepted     2692/  190001 events ( 1.42%)
Processed   200000/ 1818877 entries, 11.00% (elapsed time  2975.3s, curr speed    0.086 kHz, avg speed    0.067 kHz), accepted     2830/  200001 events ( 1.41%)
Processed   210000/ 1818877 entries, 11.55% (elapsed time  3101.3s, curr speed    0.079 kHz, avg speed    0.068 kHz), accepted     2970/  210001 events ( 1.41%)
Processed   220000/ 1818877 entries, 12.10% (elapsed time  3225.4s, curr speed    0.081 kHz, avg speed    0.068 kHz), accepted     3103/  220001 events ( 1.41%)
Processed   230000/ 1818877 entries, 12.65% (elapsed time  3359.6s, curr speed    0.075 kHz, avg speed    0.068 kHz), accepted     3232/  230001 events ( 1.41%)
Bad event
Bad event
Processed   240000/ 1818877 entries, 13.19% (elapsed time  3489.8s, curr speed    0.077 kHz, avg speed    0.069 kHz), accepted     3381/  240001 events ( 1.41%)
Processed   250000/ 1818877 entries, 13.74% (elapsed time  3608.0s, curr speed    0.085 kHz, avg speed    0.069 kHz), accepted     3521/  250001 events ( 1.41%)
Processed   260000/ 1818877 entries, 14.29% (elapsed time  3747.1s, curr speed    0.072 kHz, avg speed    0.069 kHz), accepted     3669/  260001 events ( 1.41%)
Bad event
Processed   270000/ 1818877 entries, 14.84% (elapsed time  3864.4s, curr speed    0.085 kHz, avg speed    0.070 kHz), accepted     3804/  270001 events ( 1.41%)
Processed   280000/ 1818877 entries, 15.39% (elapsed time  3993.1s, curr speed    0.078 kHz, avg speed    0.070 kHz), accepted     3943/  280001 events ( 1.41%)
Processed   290000/ 1818877 entries, 15.94% (elapsed time  4122.8s, curr speed    0.077 kHz, avg speed    0.070 kHz), accepted     4086/  290001 events ( 1.41%)
Processed   300000/ 1818877 entries, 16.49% (elapsed time  4241.7s, curr speed    0.084 kHz, avg speed    0.071 kHz), accepted     4204/  300001 events ( 1.40%)
Processed   310000/ 1818877 entries, 17.04% (elapsed time  4370.4s, curr speed    0.078 kHz, avg speed    0.071 kHz), accepted     4335/  310001 events ( 1.40%)
Processed   320000/ 1818877 entries, 17.59% (elapsed time  4495.1s, curr speed    0.080 kHz, avg speed    0.071 kHz), accepted     4459/  320001 events ( 1.39%)
Processed   330000/ 1818877 entries, 18.14% (elapsed time  4619.0s, curr speed    0.081 kHz, avg speed    0.071 kHz), accepted     4601/  330001 events ( 1.39%)
Processed   340000/ 1818877 entries, 18.69% (elapsed time  4751.6s, curr speed    0.075 kHz, avg speed    0.072 kHz), accepted     4731/  340001 events ( 1.39%)
Processed   350000/ 1818877 entries, 19.24% (elapsed time  4867.2s, curr speed    0.086 kHz, avg speed    0.072 kHz), accepted     4848/  350001 events ( 1.39%)
Processed   360000/ 1818877 entries, 19.79% (elapsed time  4999.0s, curr speed    0.076 kHz, avg speed    0.072 kHz), accepted     4970/  360001 events ( 1.38%)
Bad event
Processed   370000/ 1818877 entries, 20.34% (elapsed time  5123.9s, curr speed    0.080 kHz, avg speed    0.072 kHz), accepted     5095/  370001 events ( 1.38%)
Processed   380000/ 1818877 entries, 20.89% (elapsed time  5247.0s, curr speed    0.081 kHz, avg speed    0.072 kHz), accepted     5213/  380001 events ( 1.37%)
Processed   390000/ 1818877 entries, 21.44% (elapsed time  5382.5s, curr speed    0.074 kHz, avg speed    0.072 kHz), accepted     5335/  390001 events ( 1.37%)
Processed   400000/ 1818877 entries, 21.99% (elapsed time  5501.7s, curr speed    0.084 kHz, avg speed    0.073 kHz), accepted     5440/  400001 events ( 1.36%)
Bad event
Processed   410000/ 1818877 entries, 22.54% (elapsed time  5633.2s, curr speed    0.076 kHz, avg speed    0.073 kHz), accepted     5565/  410001 events ( 1.36%)
Processed   420000/ 1818877 entries, 23.09% (elapsed time  5760.6s, curr speed    0.079 kHz, avg speed    0.073 kHz), accepted     5700/  420001 events ( 1.36%)
Processed   430000/ 1818877 entries, 23.64% (elapsed time  5886.2s, curr speed    0.080 kHz, avg speed    0.073 kHz), accepted     5857/  430001 events ( 1.36%)
Processed   440000/ 1818877 entries, 24.19% (elapsed time  6020.2s, curr speed    0.075 kHz, avg speed    0.073 kHz), accepted     5995/  440001 events ( 1.36%)
Processed   450000/ 1818877 entries, 24.74% (elapsed time  6135.5s, curr speed    0.087 kHz, avg speed    0.073 kHz), accepted     6136/  450001 events ( 1.36%)
Processed   460000/ 1818877 entries, 25.29% (elapsed time  6261.6s, curr speed    0.079 kHz, avg speed    0.073 kHz), accepted     6286/  460001 events ( 1.37%)
Processed   470000/ 1818877 entries, 25.84% (elapsed time  6373.6s, curr speed    0.089 kHz, avg speed    0.074 kHz), accepted     6424/  470001 events ( 1.37%)
Bad event
Processed   480000/ 1818877 entries, 26.39% (elapsed time  6491.8s, curr speed    0.085 kHz, avg speed    0.074 kHz), accepted     6559/  480001 events ( 1.37%)
Processed   490000/ 1818877 entries, 26.94% (elapsed time  6609.3s, curr speed    0.085 kHz, avg speed    0.074 kHz), accepted     6693/  490001 events ( 1.37%)
Processed   500000/ 1818877 entries, 27.49% (elapsed time  6718.6s, curr speed    0.092 kHz, avg speed    0.074 kHz), accepted     6827/  500001 events ( 1.37%)
Processed   510000/ 1818877 entries, 28.04% (elapsed time  6847.8s, curr speed    0.077 kHz, avg speed    0.074 kHz), accepted     6956/  510001 events ( 1.36%)
Processed   520000/ 1818877 entries, 28.59% (elapsed time  6961.5s, curr speed    0.088 kHz, avg speed    0.075 kHz), accepted     7069/  520001 events ( 1.36%)
Processed   530000/ 1818877 entries, 29.14% (elapsed time  7078.7s, curr speed    0.085 kHz, avg speed    0.075 kHz), accepted     7201/  530001 events ( 1.36%)
Processed   540000/ 1818877 entries, 29.69% (elapsed time  7207.4s, curr speed    0.078 kHz, avg speed    0.075 kHz), accepted     7349/  540001 events ( 1.36%)
Processed   550000/ 1818877 entries, 30.24% (elapsed time  7319.7s, curr speed    0.089 kHz, avg speed    0.075 kHz), accepted     7488/  550001 events ( 1.36%)
Processed   560000/ 1818877 entries, 30.79% (elapsed time  7447.3s, curr speed    0.078 kHz, avg speed    0.075 kHz), accepted     7603/  560001 events ( 1.36%)
Processed   570000/ 1818877 entries, 31.34% (elapsed time  7570.3s, curr speed    0.081 kHz, avg speed    0.075 kHz), accepted     7771/  570001 events ( 1.36%)
Processed   580000/ 1818877 entries, 31.89% (elapsed time  7691.4s, curr speed    0.083 kHz, avg speed    0.075 kHz), accepted     7915/  580001 events ( 1.36%)
Processed   590000/ 1818877 entries, 32.44% (elapsed time  7824.7s, curr speed    0.075 kHz, avg speed    0.075 kHz), accepted     8058/  590001 events ( 1.37%)
Processed   600000/ 1818877 entries, 32.99% (elapsed time  7947.7s, curr speed    0.081 kHz, avg speed    0.075 kHz), accepted     8195/  600001 events ( 1.37%)
Processed   610000/ 1818877 entries, 33.54% (elapsed time  8072.1s, curr speed    0.080 kHz, avg speed    0.076 kHz), accepted     8331/  610001 events ( 1.37%)
Processed   620000/ 1818877 entries, 34.09% (elapsed time  8200.9s, curr speed    0.078 kHz, avg speed    0.076 kHz), accepted     8492/  620001 events ( 1.37%)
Processed   630000/ 1818877 entries, 34.64% (elapsed time  8318.5s, curr speed    0.085 kHz, avg speed    0.076 kHz), accepted     8630/  630001 events ( 1.37%)
Bad event
Processed   640000/ 1818877 entries, 35.19% (elapsed time  8447.6s, curr speed    0.077 kHz, avg speed    0.076 kHz), accepted     8772/  640001 events ( 1.37%)
Processed   650000/ 1818877 entries, 35.74% (elapsed time  8570.5s, curr speed    0.081 kHz, avg speed    0.076 kHz), accepted     8910/  650001 events ( 1.37%)
Processed   660000/ 1818877 entries, 36.29% (elapsed time  8692.0s, curr speed    0.082 kHz, avg speed    0.076 kHz), accepted     9043/  660001 events ( 1.37%)
Processed   670000/ 1818877 entries, 36.84% (elapsed time  8824.3s, curr speed    0.076 kHz, avg speed    0.076 kHz), accepted     9173/  670001 events ( 1.37%)
Processed   680000/ 1818877 entries, 37.39% (elapsed time  8939.6s, curr speed    0.087 kHz, avg speed    0.076 kHz), accepted     9308/  680001 events ( 1.37%)
Processed   690000/ 1818877 entries, 37.94% (elapsed time  9070.2s, curr speed    0.077 kHz, avg speed    0.076 kHz), accepted     9444/  690001 events ( 1.37%)
Processed   700000/ 1818877 entries, 38.49% (elapsed time  9191.3s, curr speed    0.083 kHz, avg speed    0.076 kHz), accepted     9580/  700001 events ( 1.37%)
Processed   710000/ 1818877 entries, 39.04% (elapsed time  9311.2s, curr speed    0.083 kHz, avg speed    0.076 kHz), accepted     9708/  710001 events ( 1.37%)
Processed   720000/ 1818877 entries, 39.58% (elapsed time  9440.3s, curr speed    0.077 kHz, avg speed    0.076 kHz), accepted     9852/  720001 events ( 1.37%)
Processed   730000/ 1818877 entries, 40.13% (elapsed time  9555.4s, curr speed    0.087 kHz, avg speed    0.076 kHz), accepted     9970/  730001 events ( 1.37%)
Processed   740000/ 1818877 entries, 40.68% (elapsed time  9689.6s, curr speed    0.075 kHz, avg speed    0.076 kHz), accepted    10110/  740001 events ( 1.37%)
Processed   750000/ 1818877 entries, 41.23% (elapsed time  9806.3s, curr speed    0.086 kHz, avg speed    0.076 kHz), accepted    10252/  750001 events ( 1.37%)
Processed   760000/ 1818877 entries, 41.78% (elapsed time  9923.1s, curr speed    0.086 kHz, avg speed    0.077 kHz), accepted    10399/  760001 events ( 1.37%)
Processed   770000/ 1818877 entries, 42.33% (elapsed time 10043.9s, curr speed    0.083 kHz, avg speed    0.077 kHz), accepted    10518/  770001 events ( 1.37%)
Processed   780000/ 1818877 entries, 42.88% (elapsed time 10153.5s, curr speed    0.091 kHz, avg speed    0.077 kHz), accepted    10661/  780001 events ( 1.37%)
Bad event
Processed   790000/ 1818877 entries, 43.43% (elapsed time 10285.2s, curr speed    0.076 kHz, avg speed    0.077 kHz), accepted    10786/  790001 events ( 1.37%)
Processed   800000/ 1818877 entries, 43.98% (elapsed time 10399.8s, curr speed    0.087 kHz, avg speed    0.077 kHz), accepted    10902/  800001 events ( 1.36%)
Processed   810000/ 1818877 entries, 44.53% (elapsed time 10527.2s, curr speed    0.079 kHz, avg speed    0.077 kHz), accepted    11051/  810001 events ( 1.36%)
Processed   820000/ 1818877 entries, 45.08% (elapsed time 10653.3s, curr speed    0.079 kHz, avg speed    0.077 kHz), accepted    11182/  820001 events ( 1.36%)
Processed   830000/ 1818877 entries, 45.63% (elapsed time 10768.4s, curr speed    0.087 kHz, avg speed    0.077 kHz), accepted    11324/  830001 events ( 1.36%)
Processed   840000/ 1818877 entries, 46.18% (elapsed time 10912.3s, curr speed    0.069 kHz, avg speed    0.077 kHz), accepted    11456/  840001 events ( 1.36%)
Processed   850000/ 1818877 entries, 46.73% (elapsed time 11033.5s, curr speed    0.083 kHz, avg speed    0.077 kHz), accepted    11579/  850001 events ( 1.36%)
Processed   860000/ 1818877 entries, 47.28% (elapsed time 11167.2s, curr speed    0.075 kHz, avg speed    0.077 kHz), accepted    11708/  860001 events ( 1.36%)
Processed   870000/ 1818877 entries, 47.83% (elapsed time 11299.6s, curr speed    0.076 kHz, avg speed    0.077 kHz), accepted    11858/  870001 events ( 1.36%)
Processed   880000/ 1818877 entries, 48.38% (elapsed time 11423.0s, curr speed    0.081 kHz, avg speed    0.077 kHz), accepted    11988/  880001 events ( 1.36%)
Processed   890000/ 1818877 entries, 48.93% (elapsed time 11563.4s, curr speed    0.071 kHz, avg speed    0.077 kHz), accepted    12126/  890001 events ( 1.36%)
Processed   900000/ 1818877 entries, 49.48% (elapsed time 11684.8s, curr speed    0.082 kHz, avg speed    0.077 kHz), accepted    12248/  900001 events ( 1.36%)
Processed   910000/ 1818877 entries, 50.03% (elapsed time 11807.1s, curr speed    0.082 kHz, avg speed    0.077 kHz), accepted    12368/  910001 events ( 1.36%)
Processed   920000/ 1818877 entries, 50.58% (elapsed time 11939.1s, curr speed    0.076 kHz, avg speed    0.077 kHz), accepted    12509/  920001 events ( 1.36%)
Processed   930000/ 1818877 entries, 51.13% (elapsed time 12058.7s, curr speed    0.084 kHz, avg speed    0.077 kHz), accepted    12642/  930001 events ( 1.36%)
Processed   940000/ 1818877 entries, 51.68% (elapsed time 12175.6s, curr speed    0.086 kHz, avg speed    0.077 kHz), accepted    12762/  940001 events ( 1.36%)
Processed   950000/ 1818877 entries, 52.23% (elapsed time 12288.8s, curr speed    0.088 kHz, avg speed    0.077 kHz), accepted    12913/  950001 events ( 1.36%)
Processed   960000/ 1818877 entries, 52.78% (elapsed time 12399.1s, curr speed    0.091 kHz, avg speed    0.077 kHz), accepted    13038/  960001 events ( 1.36%)
Processed   970000/ 1818877 entries, 53.33% (elapsed time 12528.4s, curr speed    0.077 kHz, avg speed    0.077 kHz), accepted    13177/  970001 events ( 1.36%)
Processed   980000/ 1818877 entries, 53.88% (elapsed time 12640.5s, curr speed    0.089 kHz, avg speed    0.078 kHz), accepted    13306/  980001 events ( 1.36%)
Processed   990000/ 1818877 entries, 54.43% (elapsed time 12759.0s, curr speed    0.084 kHz, avg speed    0.078 kHz), accepted    13438/  990001 events ( 1.36%)
Bad event
Processed  1000000/ 1818877 entries, 54.98% (elapsed time 12875.4s, curr speed    0.086 kHz, avg speed    0.078 kHz), accepted    13560/ 1000001 events ( 1.36%)
Processed  1010000/ 1818877 entries, 55.53% (elapsed time 12986.0s, curr speed    0.090 kHz, avg speed    0.078 kHz), accepted    13709/ 1010001 events ( 1.36%)
Processed  1020000/ 1818877 entries, 56.08% (elapsed time 13109.2s, curr speed    0.081 kHz, avg speed    0.078 kHz), accepted    13841/ 1020001 events ( 1.36%)
Processed  1030000/ 1818877 entries, 56.63% (elapsed time 13221.6s, curr speed    0.089 kHz, avg speed    0.078 kHz), accepted    13967/ 1030001 events ( 1.36%)
Processed  1040000/ 1818877 entries, 57.18% (elapsed time 13335.6s, curr speed    0.088 kHz, avg speed    0.078 kHz), accepted    14117/ 1040001 events ( 1.36%)
Processed  1050000/ 1818877 entries, 57.73% (elapsed time 13457.6s, curr speed    0.082 kHz, avg speed    0.078 kHz), accepted    14246/ 1050001 events ( 1.36%)
Processed  1060000/ 1818877 entries, 58.28% (elapsed time 13567.7s, curr speed    0.091 kHz, avg speed    0.078 kHz), accepted    14379/ 1060001 events ( 1.36%)
Bad event
Bad event
Processed  1070000/ 1818877 entries, 58.83% (elapsed time 13690.0s, curr speed    0.082 kHz, avg speed    0.078 kHz), accepted    14502/ 1070001 events ( 1.36%)
Processed  1080000/ 1818877 entries, 59.38% (elapsed time 13797.4s, curr speed    0.093 kHz, avg speed    0.078 kHz), accepted    14635/ 1080001 events ( 1.36%)
Processed  1090000/ 1818877 entries, 59.93% (elapsed time 13907.6s, curr speed    0.091 kHz, avg speed    0.078 kHz), accepted    14772/ 1090001 events ( 1.36%)
Processed  1100000/ 1818877 entries, 60.48% (elapsed time 14028.5s, curr speed    0.083 kHz, avg speed    0.078 kHz), accepted    14889/ 1100001 events ( 1.35%)
Processed  1110000/ 1818877 entries, 61.03% (elapsed time 14141.5s, curr speed    0.089 kHz, avg speed    0.078 kHz), accepted    15024/ 1110001 events ( 1.35%)
Processed  1120000/ 1818877 entries, 61.58% (elapsed time 14261.5s, curr speed    0.083 kHz, avg speed    0.079 kHz), accepted    15147/ 1120001 events ( 1.35%)
Processed  1130000/ 1818877 entries, 62.13% (elapsed time 14386.5s, curr speed    0.080 kHz, avg speed    0.079 kHz), accepted    15269/ 1130001 events ( 1.35%)
Processed  1140000/ 1818877 entries, 62.68% (elapsed time 14498.6s, curr speed    0.089 kHz, avg speed    0.079 kHz), accepted    15407/ 1140001 events ( 1.35%)
Processed  1150000/ 1818877 entries, 63.23% (elapsed time 14622.4s, curr speed    0.081 kHz, avg speed    0.079 kHz), accepted    15531/ 1150001 events ( 1.35%)
Processed  1160000/ 1818877 entries, 63.78% (elapsed time 14735.9s, curr speed    0.088 kHz, avg speed    0.079 kHz), accepted    15652/ 1160001 events ( 1.35%)
Processed  1170000/ 1818877 entries, 64.33% (elapsed time 14857.9s, curr speed    0.082 kHz, avg speed    0.079 kHz), accepted    15782/ 1170001 events ( 1.35%)
Processed  1180000/ 1818877 entries, 64.88% (elapsed time 14982.8s, curr speed    0.080 kHz, avg speed    0.079 kHz), accepted    15901/ 1180001 events ( 1.35%)
Processed  1190000/ 1818877 entries, 65.42% (elapsed time 15094.5s, curr speed    0.090 kHz, avg speed    0.079 kHz), accepted    16047/ 1190001 events ( 1.35%)
Processed  1200000/ 1818877 entries, 65.97% (elapsed time 15222.3s, curr speed    0.078 kHz, avg speed    0.079 kHz), accepted    16176/ 1200001 events ( 1.35%)
Processed  1210000/ 1818877 entries, 66.52% (elapsed time 15335.2s, curr speed    0.089 kHz, avg speed    0.079 kHz), accepted    16318/ 1210001 events ( 1.35%)
Bad event
Processed  1220000/ 1818877 entries, 67.07% (elapsed time 15451.5s, curr speed    0.086 kHz, avg speed    0.079 kHz), accepted    16464/ 1220001 events ( 1.35%)
Processed  1230000/ 1818877 entries, 67.62% (elapsed time 15565.4s, curr speed    0.088 kHz, avg speed    0.079 kHz), accepted    16586/ 1230001 events ( 1.35%)
Processed  1240000/ 1818877 entries, 68.17% (elapsed time 15673.4s, curr speed    0.093 kHz, avg speed    0.079 kHz), accepted    16741/ 1240001 events ( 1.35%)
Processed  1250000/ 1818877 entries, 68.72% (elapsed time 15797.6s, curr speed    0.081 kHz, avg speed    0.079 kHz), accepted    16862/ 1250001 events ( 1.35%)
Processed  1260000/ 1818877 entries, 69.27% (elapsed time 15903.6s, curr speed    0.094 kHz, avg speed    0.079 kHz), accepted    16981/ 1260001 events ( 1.35%)
Processed  1270000/ 1818877 entries, 69.82% (elapsed time 16016.7s, curr speed    0.088 kHz, avg speed    0.079 kHz), accepted    17102/ 1270001 events ( 1.35%)
Processed  1280000/ 1818877 entries, 70.37% (elapsed time 16131.9s, curr speed    0.087 kHz, avg speed    0.079 kHz), accepted    17242/ 1280001 events ( 1.35%)
Bad event
Processed  1290000/ 1818877 entries, 70.92% (elapsed time 16241.1s, curr speed    0.092 kHz, avg speed    0.079 kHz), accepted    17348/ 1290001 events ( 1.34%)
Processed  1300000/ 1818877 entries, 71.47% (elapsed time 16364.0s, curr speed    0.081 kHz, avg speed    0.079 kHz), accepted    17485/ 1300001 events ( 1.34%)
Bad event
Processed  1310000/ 1818877 entries, 72.02% (elapsed time 16472.0s, curr speed    0.093 kHz, avg speed    0.080 kHz), accepted    17622/ 1310001 events ( 1.35%)
Bad event
Processed  1320000/ 1818877 entries, 72.57% (elapsed time 16585.0s, curr speed    0.088 kHz, avg speed    0.080 kHz), accepted    17778/ 1320001 events ( 1.35%)
Bad event
Processed  1330000/ 1818877 entries, 73.12% (elapsed time 16711.9s, curr speed    0.079 kHz, avg speed    0.080 kHz), accepted    17911/ 1330001 events ( 1.35%)
Processed  1340000/ 1818877 entries, 73.67% (elapsed time 16821.4s, curr speed    0.091 kHz, avg speed    0.080 kHz), accepted    18014/ 1340001 events ( 1.34%)
Bad event
Processed  1350000/ 1818877 entries, 74.22% (elapsed time 16941.9s, curr speed    0.083 kHz, avg speed    0.080 kHz), accepted    18163/ 1350001 events ( 1.35%)
Processed  1360000/ 1818877 entries, 74.77% (elapsed time 17058.8s, curr speed    0.085 kHz, avg speed    0.080 kHz), accepted    18304/ 1360001 events ( 1.35%)
Processed  1370000/ 1818877 entries, 75.32% (elapsed time 17166.2s, curr speed    0.093 kHz, avg speed    0.080 kHz), accepted    18436/ 1370001 events ( 1.35%)
Bad event
Processed  1380000/ 1818877 entries, 75.87% (elapsed time 17282.5s, curr speed    0.086 kHz, avg speed    0.080 kHz), accepted    18566/ 1380001 events ( 1.35%)
Processed  1390000/ 1818877 entries, 76.42% (elapsed time 17396.6s, curr speed    0.088 kHz, avg speed    0.080 kHz), accepted    18692/ 1390001 events ( 1.34%)
Processed  1400000/ 1818877 entries, 76.97% (elapsed time 17514.6s, curr speed    0.085 kHz, avg speed    0.080 kHz), accepted    18822/ 1400001 events ( 1.34%)
Processed  1410000/ 1818877 entries, 77.52% (elapsed time 17629.7s, curr speed    0.087 kHz, avg speed    0.080 kHz), accepted    18949/ 1410001 events ( 1.34%)
Processed  1420000/ 1818877 entries, 78.07% (elapsed time 17732.7s, curr speed    0.097 kHz, avg speed    0.080 kHz), accepted    19096/ 1420001 events ( 1.34%)
Processed  1430000/ 1818877 entries, 78.62% (elapsed time 17848.6s, curr speed    0.086 kHz, avg speed    0.080 kHz), accepted    19224/ 1430001 events ( 1.34%)
Processed  1440000/ 1818877 entries, 79.17% (elapsed time 17952.5s, curr speed    0.096 kHz, avg speed    0.080 kHz), accepted    19347/ 1440001 events ( 1.34%)
Bad event
Processed  1450000/ 1818877 entries, 79.72% (elapsed time 18072.4s, curr speed    0.083 kHz, avg speed    0.080 kHz), accepted    19476/ 1450001 events ( 1.34%)
Processed  1460000/ 1818877 entries, 80.27% (elapsed time 18181.9s, curr speed    0.091 kHz, avg speed    0.080 kHz), accepted    19605/ 1460001 events ( 1.34%)
Processed  1470000/ 1818877 entries, 80.82% (elapsed time 18302.2s, curr speed    0.083 kHz, avg speed    0.080 kHz), accepted    19723/ 1470001 events ( 1.34%)
Processed  1480000/ 1818877 entries, 81.37% (elapsed time 18423.0s, curr speed    0.083 kHz, avg speed    0.080 kHz), accepted    19856/ 1480001 events ( 1.34%)
Bad event
Processed  1490000/ 1818877 entries, 81.92% (elapsed time 18537.0s, curr speed    0.088 kHz, avg speed    0.080 kHz), accepted    19994/ 1490001 events ( 1.34%)
Processed  1500000/ 1818877 entries, 82.47% (elapsed time 18639.7s, curr speed    0.097 kHz, avg speed    0.080 kHz), accepted    20102/ 1500001 events ( 1.34%)
Processed  1510000/ 1818877 entries, 83.02% (elapsed time 18730.6s, curr speed    0.110 kHz, avg speed    0.081 kHz), accepted    20258/ 1510001 events ( 1.34%)
Processed  1520000/ 1818877 entries, 83.57% (elapsed time 18820.5s, curr speed    0.111 kHz, avg speed    0.081 kHz), accepted    20393/ 1520001 events ( 1.34%)
Processed  1530000/ 1818877 entries, 84.12% (elapsed time 18913.0s, curr speed    0.108 kHz, avg speed    0.081 kHz), accepted    20545/ 1530001 events ( 1.34%)
Bad event
Processed  1540000/ 1818877 entries, 84.67% (elapsed time 19002.4s, curr speed    0.112 kHz, avg speed    0.081 kHz), accepted    20694/ 1540001 events ( 1.34%)
Processed  1550000/ 1818877 entries, 85.22% (elapsed time 19095.4s, curr speed    0.107 kHz, avg speed    0.081 kHz), accepted    20827/ 1550001 events ( 1.34%)
Processed  1560000/ 1818877 entries, 85.77% (elapsed time 19185.6s, curr speed    0.111 kHz, avg speed    0.081 kHz), accepted    20945/ 1560001 events ( 1.34%)
Processed  1570000/ 1818877 entries, 86.32% (elapsed time 19273.6s, curr speed    0.114 kHz, avg speed    0.081 kHz), accepted    21082/ 1570001 events ( 1.34%)
Processed  1580000/ 1818877 entries, 86.87% (elapsed time 19363.5s, curr speed    0.111 kHz, avg speed    0.082 kHz), accepted    21200/ 1580001 events ( 1.34%)
Processed  1590000/ 1818877 entries, 87.42% (elapsed time 19450.7s, curr speed    0.115 kHz, avg speed    0.082 kHz), accepted    21310/ 1590001 events ( 1.34%)
Processed  1600000/ 1818877 entries, 87.97% (elapsed time 19540.5s, curr speed    0.111 kHz, avg speed    0.082 kHz), accepted    21465/ 1600001 events ( 1.34%)
Processed  1610000/ 1818877 entries, 88.52% (elapsed time 19629.9s, curr speed    0.112 kHz, avg speed    0.082 kHz), accepted    21604/ 1610001 events ( 1.34%)
Processed  1620000/ 1818877 entries, 89.07% (elapsed time 19716.5s, curr speed    0.115 kHz, avg speed    0.082 kHz), accepted    21750/ 1620001 events ( 1.34%)
Processed  1630000/ 1818877 entries, 89.62% (elapsed time 19805.8s, curr speed    0.112 kHz, avg speed    0.082 kHz), accepted    21882/ 1630001 events ( 1.34%)
Processed  1640000/ 1818877 entries, 90.17% (elapsed time 19891.7s, curr speed    0.116 kHz, avg speed    0.082 kHz), accepted    22013/ 1640001 events ( 1.34%)
%MSG-e SimpleJetCorrectionUncertainty: 
 bin variables out of range
%MSG
%MSG-e SimpleJetCorrectionUncertainty: 
 bin variables out of range
%MSG
Processed  1650000/ 1818877 entries, 90.72% (elapsed time 19979.2s, curr speed    0.114 kHz, avg speed    0.083 kHz), accepted    22143/ 1650001 events ( 1.34%)
Processed  1660000/ 1818877 entries, 91.27% (elapsed time 20067.7s, curr speed    0.113 kHz, avg speed    0.083 kHz), accepted    22282/ 1660001 events ( 1.34%)
Processed  1670000/ 1818877 entries, 91.81% (elapsed time 20152.1s, curr speed    0.118 kHz, avg speed    0.083 kHz), accepted    22398/ 1670001 events ( 1.34%)
Processed  1680000/ 1818877 entries, 92.36% (elapsed time 20240.8s, curr speed    0.113 kHz, avg speed    0.083 kHz), accepted    22524/ 1680001 events ( 1.34%)
Processed  1690000/ 1818877 entries, 92.91% (elapsed time 20327.3s, curr speed    0.116 kHz, avg speed    0.083 kHz), accepted    22646/ 1690001 events ( 1.34%)
Processed  1700000/ 1818877 entries, 93.46% (elapsed time 20413.2s, curr speed    0.116 kHz, avg speed    0.083 kHz), accepted    22780/ 1700001 events ( 1.34%)
Bad event
Processed  1710000/ 1818877 entries, 94.01% (elapsed time 20501.6s, curr speed    0.113 kHz, avg speed    0.083 kHz), accepted    22924/ 1710001 events ( 1.34%)
Processed  1720000/ 1818877 entries, 94.56% (elapsed time 20588.1s, curr speed    0.116 kHz, avg speed    0.084 kHz), accepted    23053/ 1720001 events ( 1.34%)
Processed  1730000/ 1818877 entries, 95.11% (elapsed time 20676.4s, curr speed    0.113 kHz, avg speed    0.084 kHz), accepted    23180/ 1730001 events ( 1.34%)
Processed  1740000/ 1818877 entries, 95.66% (elapsed time 20764.4s, curr speed    0.114 kHz, avg speed    0.084 kHz), accepted    23340/ 1740001 events ( 1.34%)
Processed  1750000/ 1818877 entries, 96.21% (elapsed time 20849.2s, curr speed    0.118 kHz, avg speed    0.084 kHz), accepted    23455/ 1750001 events ( 1.34%)
Processed  1760000/ 1818877 entries, 96.76% (elapsed time 20937.8s, curr speed    0.113 kHz, avg speed    0.084 kHz), accepted    23585/ 1760001 events ( 1.34%)
Bad event
Processed  1770000/ 1818877 entries, 97.31% (elapsed time 21023.1s, curr speed    0.117 kHz, avg speed    0.084 kHz), accepted    23739/ 1770001 events ( 1.34%)
Bad event
Processed  1780000/ 1818877 entries, 97.86% (elapsed time 21110.5s, curr speed    0.114 kHz, avg speed    0.084 kHz), accepted    23884/ 1780001 events ( 1.34%)
Processed  1790000/ 1818877 entries, 98.41% (elapsed time 21197.1s, curr speed    0.115 kHz, avg speed    0.084 kHz), accepted    24028/ 1790001 events ( 1.34%)
Processed  1800000/ 1818877 entries, 98.96% (elapsed time 21283.2s, curr speed    0.116 kHz, avg speed    0.085 kHz), accepted    24172/ 1800001 events ( 1.34%)
Processed  1810000/ 1818877 entries, 99.51% (elapsed time 21370.8s, curr speed    0.114 kHz, avg speed    0.085 kHz), accepted    24298/ 1810001 events ( 1.34%)
Processed 1818877 preselected entries from root://cms-xrd-global.cern.ch//store/mc/RunIIAutumn18NanoAODv6/ZZTo2Q2Nu_TuneCP5_13TeV_amcatnloFXFX_madspin_pythia8/NANOAODSIM/Nano25Oct2019_102X_upgrade2018_realistic_v20-v1/230000/B436A343-2C54-E84E-9842-C622944F81F7.root (1818877 entries). Finally selected 24396 entries
Done /work/pbaertsc/heavy_resonance/output_2018/ZZTo2Q2Nu_TuneCP5_13TeV_amcatnloFXFX_madspin_pythia8__RunIIAutumn18NanoAODv6-Nano25Oct2019_102X_upgrade2018_realistic_v20-v1__NANOAODSIM/B436A343-2C54-E84E-9842-C622944F81F7.root
84.6359732329 Hz
deleting root file with name: /work/pbaertsc/heavy_resonance/output_2018/ZZTo2Q2Nu_TuneCP5_13TeV_amcatnloFXFX_madspin_pythia8__RunIIAutumn18NanoAODv6-Nano25Oct2019_102X_upgrade2018_realistic_v20-v1__NANOAODSIM/B436A343-2C54-E84E-9842-C622944F81F7.root
DONE
Complete at
Wed Jan 29 08:17:41 CET 2020
