job start at
Thu Jan 30 19:13:57 CET 2020
SLURM_JOB_ID: 437382
HOSTNAME: t3wn48
JOBLIST:joblist/joblist_WZTo2L2Q_13TeV_amcatnloFXFX_madspin_pythia8__RunIIAutumn18NanoAODv6-Nano25Oct2019_102X_upgrade2018_realistic_v20-v1__NANOAODSIM_ll.txt
Going to execute
python job.py -i root://cms-xrd-global.cern.ch//store/mc/RunIIAutumn18NanoAODv6/WZTo2L2Q_13TeV_amcatnloFXFX_madspin_pythia8/NANOAODSIM/Nano25Oct2019_102X_upgrade2018_realistic_v20-v1/30000/11BE29DB-FDBF-6248-9D55-12D1F91F61CB.root -o /work/pbaertsc/heavy_resonance/output_2018/WZTo2L2Q_13TeV_amcatnloFXFX_madspin_pythia8__RunIIAutumn18NanoAODv6-Nano25Oct2019_102X_upgrade2018_realistic_v20-v1__NANOAODSIM -N WZTo2L2Q_13TeV_amcatnloFXFX_madspin_pythia8__RunIIAutumn18NanoAODv6-Nano25Oct2019_102X_upgrade2018_realistic_v20-v1__NANOAODSIM -n 3 -c ll -y 2018
TClass::Init:0: RuntimeWarning: no dictionary for class ROOT::TIOFeatures is available
/work/pbaertsc/heavy_resonance/CMSSW_9_4_6/python/PhysicsTools/NanoAODTools/postprocessing/framework/treeReaderArrayTools.py:69: RuntimeWarning: creating executor for unknown type "ULong64_t*"
  ret = _vr.Get()[0]
JEC= Autumn18_V19_MC 	 JER= Autumn18_V7_MC
MET branch= PuppiMET
JEC= Autumn18_V19_MC 	 JER= Autumn18_V7_MC
MET branch= PuppiMET
--------------------------------------------------------------------------------
input files  = ['root://cms-xrd-global.cern.ch//store/mc/RunIIAutumn18NanoAODv6/WZTo2L2Q_13TeV_amcatnloFXFX_madspin_pythia8/NANOAODSIM/Nano25Oct2019_102X_upgrade2018_realistic_v20-v1/30000/11BE29DB-FDBF-6248-9D55-12D1F91F61CB.root']
output directory = /work/pbaertsc/heavy_resonance/output_2018/WZTo2L2Q_13TeV_amcatnloFXFX_madspin_pythia8__RunIIAutumn18NanoAODv6-Nano25Oct2019_102X_upgrade2018_realistic_v20-v1__NANOAODSIM
output file  = WZTo2L2Q_13TeV_amcatnloFXFX_madspin_pythia8__RunIIAutumn18NanoAODv6-Nano25Oct2019_102X_upgrade2018_realistic_v20-v1__NANOAODSIM_3_ll.root
chunck       = 3
channel      = ll
dataType     = mc
year         = 2018
tes          = 1.0
ltf          = 1.0
jtf          = 1.0
--------------------------------------------------------------------------------
job.py: creating PostProcessor...
TreeProducer is called /work/pbaertsc/heavy_resonance/output_2018/WZTo2L2Q_13TeV_amcatnloFXFX_madspin_pythia8__RunIIAutumn18NanoAODv6-Nano25Oct2019_102X_upgrade2018_realistic_v20-v1__NANOAODSIM/WZTo2L2Q_13TeV_amcatnloFXFX_madspin_pythia8__RunIIAutumn18NanoAODv6-Nano25Oct2019_102X_upgrade2018_realistic_v20-v1__NANOAODSIM_3_ll.root
job.py: going to run PostProcessor...
Will write selected trees to /work/pbaertsc/heavy_resonance/output_2018/WZTo2L2Q_13TeV_amcatnloFXFX_madspin_pythia8__RunIIAutumn18NanoAODv6-Nano25Oct2019_102X_upgrade2018_realistic_v20-v1__NANOAODSIM
Loading jet energy scale (JES) uncertainties from file '/tmp/tmpznxigF/Autumn18_V19_MC_Uncertainty_AK4PFchs.txt'
Loading jet energy resolutions (JER) from file '/tmp/tmp6Rb8Qi/Autumn18_V7_MC_PtResolution_AK4PFchs.txt'
Loading JER scale factors and uncertainties from file '/tmp/tmp6Rb8Qi/Autumn18_V7_MC_SF_AK4PFchs.txt'
Loading jet energy scale (JES) uncertainties from file '/tmp/tmps9Dlbi/Autumn18_V19_MC_Uncertainty_AK8PFPuppi.txt'
Loading jet energy resolutions (JER) from file '/tmp/tmpusCSEe/Autumn18_V7_MC_PtResolution_AK8PFPuppi.txt'
Loading JER scale factors and uncertainties from file '/tmp/tmpusCSEe/Autumn18_V7_MC_SF_AK8PFPuppi.txt'
Pre-select 1146036 entries out of 1146036 (100.00%)
nanoAODv5? True
Processed    10000/ 1146036 entries,  0.87% (elapsed time   401.6s, curr speed    0.025 kHz, avg speed    0.025 kHz), accepted      101/   10001 events ( 1.01%)
ZtoMM trigger inconsistency
Processed    20000/ 1146036 entries,  1.75% (elapsed time   787.9s, curr speed    0.026 kHz, avg speed    0.025 kHz), accepted      174/   20001 events ( 0.87%)
ZtoEE trigger inconsistency
Processed    30000/ 1146036 entries,  2.62% (elapsed time  1179.7s, curr speed    0.026 kHz, avg speed    0.025 kHz), accepted      249/   30001 events ( 0.83%)
Processed    40000/ 1146036 entries,  3.49% (elapsed time  1571.9s, curr speed    0.026 kHz, avg speed    0.025 kHz), accepted      323/   40001 events ( 0.81%)
TtoEM trigger inconsistency
ZtoMM trigger inconsistency
Processed    50000/ 1146036 entries,  4.36% (elapsed time  1959.8s, curr speed    0.026 kHz, avg speed    0.026 kHz), accepted      394/   50001 events ( 0.79%)
ZtoMM trigger inconsistency
Processed    60000/ 1146036 entries,  5.24% (elapsed time  2352.7s, curr speed    0.025 kHz, avg speed    0.026 kHz), accepted      465/   60001 events ( 0.77%)
ZtoEE trigger inconsistency
ZtoMM trigger inconsistency
Processed    70000/ 1146036 entries,  6.11% (elapsed time  2740.8s, curr speed    0.026 kHz, avg speed    0.026 kHz), accepted      527/   70001 events ( 0.75%)
ZtoMM trigger inconsistency
ZtoMM trigger inconsistency
ZtoMM trigger inconsistency
Processed    80000/ 1146036 entries,  6.98% (elapsed time  3127.9s, curr speed    0.026 kHz, avg speed    0.026 kHz), accepted      602/   80001 events ( 0.75%)
Bad event
TtoEM trigger inconsistency
Processed    90000/ 1146036 entries,  7.85% (elapsed time  3517.5s, curr speed    0.026 kHz, avg speed    0.026 kHz), accepted      662/   90001 events ( 0.74%)
Processed   100000/ 1146036 entries,  8.73% (elapsed time  3905.6s, curr speed    0.026 kHz, avg speed    0.026 kHz), accepted      739/  100001 events ( 0.74%)
ZtoMM trigger inconsistency
TtoEM trigger inconsistency
Processed   110000/ 1146036 entries,  9.60% (elapsed time  4292.5s, curr speed    0.026 kHz, avg speed    0.026 kHz), accepted      830/  110001 events ( 0.75%)
TtoEM trigger inconsistency
ZtoMM trigger inconsistency
TtoEM trigger inconsistency
ZtoMM trigger inconsistency
Processed   120000/ 1146036 entries, 10.47% (elapsed time  4676.9s, curr speed    0.026 kHz, avg speed    0.026 kHz), accepted      885/  120001 events ( 0.74%)
TtoEM trigger inconsistency
ZtoMM trigger inconsistency
Processed   130000/ 1146036 entries, 11.34% (elapsed time  5068.0s, curr speed    0.026 kHz, avg speed    0.026 kHz), accepted      970/  130001 events ( 0.75%)
Processed   140000/ 1146036 entries, 12.22% (elapsed time  5456.1s, curr speed    0.026 kHz, avg speed    0.026 kHz), accepted     1030/  140001 events ( 0.74%)
Processed   150000/ 1146036 entries, 13.09% (elapsed time  5836.0s, curr speed    0.026 kHz, avg speed    0.026 kHz), accepted     1110/  150001 events ( 0.74%)
ZtoMM trigger inconsistency
ZtoMM trigger inconsistency
TtoEM trigger inconsistency
Processed   160000/ 1146036 entries, 13.96% (elapsed time  6206.2s, curr speed    0.027 kHz, avg speed    0.026 kHz), accepted     1184/  160001 events ( 0.74%)
ZtoMM trigger inconsistency
ZtoMM trigger inconsistency
ZtoEE trigger inconsistency
ZtoMM trigger inconsistency
Processed   170000/ 1146036 entries, 14.83% (elapsed time  6569.8s, curr speed    0.028 kHz, avg speed    0.026 kHz), accepted     1252/  170001 events ( 0.74%)
ZtoMM trigger inconsistency
ZtoMM trigger inconsistency
Processed   180000/ 1146036 entries, 15.71% (elapsed time  6938.5s, curr speed    0.027 kHz, avg speed    0.026 kHz), accepted     1335/  180001 events ( 0.74%)
ZtoMM trigger inconsistency
ZtoEE trigger inconsistency
Processed   190000/ 1146036 entries, 16.58% (elapsed time  7307.4s, curr speed    0.027 kHz, avg speed    0.026 kHz), accepted     1414/  190001 events ( 0.74%)
Processed   200000/ 1146036 entries, 17.45% (elapsed time  7671.7s, curr speed    0.027 kHz, avg speed    0.026 kHz), accepted     1489/  200001 events ( 0.74%)
Bad event
Processed   210000/ 1146036 entries, 18.32% (elapsed time  8035.3s, curr speed    0.027 kHz, avg speed    0.026 kHz), accepted     1566/  210001 events ( 0.75%)
ZtoMM trigger inconsistency
ZtoMM trigger inconsistency
Processed   220000/ 1146036 entries, 19.20% (elapsed time  8399.9s, curr speed    0.027 kHz, avg speed    0.026 kHz), accepted     1649/  220001 events ( 0.75%)
ZtoMM trigger inconsistency
Processed   230000/ 1146036 entries, 20.07% (elapsed time  8765.3s, curr speed    0.027 kHz, avg speed    0.026 kHz), accepted     1700/  230001 events ( 0.74%)
TtoEM trigger inconsistency
Processed   240000/ 1146036 entries, 20.94% (elapsed time  9134.8s, curr speed    0.027 kHz, avg speed    0.026 kHz), accepted     1773/  240001 events ( 0.74%)
ZtoMM trigger inconsistency
ZtoMM trigger inconsistency
ZtoMM trigger inconsistency
Processed   250000/ 1146036 entries, 21.81% (elapsed time  9501.0s, curr speed    0.027 kHz, avg speed    0.026 kHz), accepted     1845/  250001 events ( 0.74%)
ZtoMM trigger inconsistency
ZtoMM trigger inconsistency
Processed   260000/ 1146036 entries, 22.69% (elapsed time  9869.2s, curr speed    0.027 kHz, avg speed    0.026 kHz), accepted     1908/  260001 events ( 0.73%)
ZtoMM trigger inconsistency
Processed   270000/ 1146036 entries, 23.56% (elapsed time 10233.9s, curr speed    0.027 kHz, avg speed    0.026 kHz), accepted     1972/  270001 events ( 0.73%)
ZtoMM trigger inconsistency
ZtoMM trigger inconsistency
Processed   280000/ 1146036 entries, 24.43% (elapsed time 10599.5s, curr speed    0.027 kHz, avg speed    0.026 kHz), accepted     2047/  280001 events ( 0.73%)
ZtoEE trigger inconsistency
WARNING: jet m = -0.0 !!
Processed   290000/ 1146036 entries, 25.30% (elapsed time 10967.5s, curr speed    0.027 kHz, avg speed    0.026 kHz), accepted     2120/  290001 events ( 0.73%)
ZtoMM trigger inconsistency
ZtoMM trigger inconsistency
TtoEM trigger inconsistency
Processed   300000/ 1146036 entries, 26.18% (elapsed time 11334.8s, curr speed    0.027 kHz, avg speed    0.026 kHz), accepted     2180/  300001 events ( 0.73%)
ZtoEE trigger inconsistency
ZtoMM trigger inconsistency
ZtoMM trigger inconsistency
Processed   310000/ 1146036 entries, 27.05% (elapsed time 11699.9s, curr speed    0.027 kHz, avg speed    0.026 kHz), accepted     2236/  310001 events ( 0.72%)
ZtoMM trigger inconsistency
Processed   320000/ 1146036 entries, 27.92% (elapsed time 12071.4s, curr speed    0.027 kHz, avg speed    0.027 kHz), accepted     2309/  320001 events ( 0.72%)
ZtoMM trigger inconsistency
TtoEM trigger inconsistency
Processed   330000/ 1146036 entries, 28.79% (elapsed time 12441.9s, curr speed    0.027 kHz, avg speed    0.027 kHz), accepted     2396/  330001 events ( 0.73%)
ZtoEE trigger inconsistency
ZtoMM trigger inconsistency
ZtoMM trigger inconsistency
ZtoMM trigger inconsistency
Processed   340000/ 1146036 entries, 29.67% (elapsed time 12812.0s, curr speed    0.027 kHz, avg speed    0.027 kHz), accepted     2477/  340001 events ( 0.73%)
ZtoMM trigger inconsistency
Processed   350000/ 1146036 entries, 30.54% (elapsed time 13183.3s, curr speed    0.027 kHz, avg speed    0.027 kHz), accepted     2557/  350001 events ( 0.73%)
ZtoMM trigger inconsistency
Processed   360000/ 1146036 entries, 31.41% (elapsed time 13551.1s, curr speed    0.027 kHz, avg speed    0.027 kHz), accepted     2640/  360001 events ( 0.73%)
ZtoMM trigger inconsistency
Processed   370000/ 1146036 entries, 32.29% (elapsed time 13918.8s, curr speed    0.027 kHz, avg speed    0.027 kHz), accepted     2702/  370001 events ( 0.73%)
TtoEM trigger inconsistency
ZtoEE trigger inconsistency
Bad event
ZtoMM trigger inconsistency
ZtoMM trigger inconsistency
ZtoEE trigger inconsistency
ZtoMM trigger inconsistency
ZtoMM trigger inconsistency
Processed   380000/ 1146036 entries, 33.16% (elapsed time 14288.2s, curr speed    0.027 kHz, avg speed    0.027 kHz), accepted     2776/  380001 events ( 0.73%)
TtoEM trigger inconsistency
Processed   390000/ 1146036 entries, 34.03% (elapsed time 14663.4s, curr speed    0.027 kHz, avg speed    0.027 kHz), accepted     2856/  390001 events ( 0.73%)
TtoEM trigger inconsistency
Processed   400000/ 1146036 entries, 34.90% (elapsed time 15035.8s, curr speed    0.027 kHz, avg speed    0.027 kHz), accepted     2931/  400001 events ( 0.73%)
ZtoMM trigger inconsistency
Processed   410000/ 1146036 entries, 35.78% (elapsed time 15410.2s, curr speed    0.027 kHz, avg speed    0.027 kHz), accepted     3014/  410001 events ( 0.74%)
ZtoMM trigger inconsistency
TtoEM trigger inconsistency
Processed   420000/ 1146036 entries, 36.65% (elapsed time 15782.8s, curr speed    0.027 kHz, avg speed    0.027 kHz), accepted     3083/  420001 events ( 0.73%)
ZtoMM trigger inconsistency
Processed   430000/ 1146036 entries, 37.52% (elapsed time 16156.3s, curr speed    0.027 kHz, avg speed    0.027 kHz), accepted     3153/  430001 events ( 0.73%)
ZtoMM trigger inconsistency
ZtoMM trigger inconsistency
ZtoMM trigger inconsistency
Processed   440000/ 1146036 entries, 38.39% (elapsed time 16529.2s, curr speed    0.027 kHz, avg speed    0.027 kHz), accepted     3225/  440001 events ( 0.73%)
TtoEM trigger inconsistency
TtoEM trigger inconsistency
Processed   450000/ 1146036 entries, 39.27% (elapsed time 16904.3s, curr speed    0.027 kHz, avg speed    0.027 kHz), accepted     3295/  450001 events ( 0.73%)
ZtoMM trigger inconsistency
Processed   460000/ 1146036 entries, 40.14% (elapsed time 17275.0s, curr speed    0.027 kHz, avg speed    0.027 kHz), accepted     3374/  460001 events ( 0.73%)
ZtoMM trigger inconsistency
Processed   470000/ 1146036 entries, 41.01% (elapsed time 17644.0s, curr speed    0.027 kHz, avg speed    0.027 kHz), accepted     3455/  470001 events ( 0.74%)
ZtoMM trigger inconsistency
Processed   480000/ 1146036 entries, 41.88% (elapsed time 18010.8s, curr speed    0.027 kHz, avg speed    0.027 kHz), accepted     3537/  480001 events ( 0.74%)
ZtoMM trigger inconsistency
ZtoMM trigger inconsistency
TtoEM trigger inconsistency
Bad event
Processed   490000/ 1146036 entries, 42.76% (elapsed time 18382.7s, curr speed    0.027 kHz, avg speed    0.027 kHz), accepted     3613/  490001 events ( 0.74%)
ZtoEE trigger inconsistency
ZtoMM trigger inconsistency
Bad event
TtoEM trigger inconsistency
Processed   500000/ 1146036 entries, 43.63% (elapsed time 18749.8s, curr speed    0.027 kHz, avg speed    0.027 kHz), accepted     3682/  500001 events ( 0.74%)
ZtoEE trigger inconsistency
Processed   510000/ 1146036 entries, 44.50% (elapsed time 19118.9s, curr speed    0.027 kHz, avg speed    0.027 kHz), accepted     3741/  510001 events ( 0.73%)
TtoEM trigger inconsistency
ZtoMM trigger inconsistency
Processed   520000/ 1146036 entries, 45.37% (elapsed time 19491.5s, curr speed    0.027 kHz, avg speed    0.027 kHz), accepted     3825/  520001 events ( 0.74%)
ZtoMM trigger inconsistency
ZtoMM trigger inconsistency
Processed   530000/ 1146036 entries, 46.25% (elapsed time 19860.0s, curr speed    0.027 kHz, avg speed    0.027 kHz), accepted     3907/  530001 events ( 0.74%)
ZtoMM trigger inconsistency
ZtoMM trigger inconsistency
Processed   540000/ 1146036 entries, 47.12% (elapsed time 20228.2s, curr speed    0.027 kHz, avg speed    0.027 kHz), accepted     3985/  540001 events ( 0.74%)
ZtoMM trigger inconsistency
ZtoMM trigger inconsistency
Processed   550000/ 1146036 entries, 47.99% (elapsed time 20597.0s, curr speed    0.027 kHz, avg speed    0.027 kHz), accepted     4060/  550001 events ( 0.74%)
ZtoMM trigger inconsistency
ZtoMM trigger inconsistency
Processed   560000/ 1146036 entries, 48.86% (elapsed time 20970.3s, curr speed    0.027 kHz, avg speed    0.027 kHz), accepted     4149/  560001 events ( 0.74%)
ZtoMM trigger inconsistency
ZtoMM trigger inconsistency
ZtoMM trigger inconsistency
Processed   570000/ 1146036 entries, 49.74% (elapsed time 21342.9s, curr speed    0.027 kHz, avg speed    0.027 kHz), accepted     4224/  570001 events ( 0.74%)
ZtoEE trigger inconsistency
Processed   580000/ 1146036 entries, 50.61% (elapsed time 21712.8s, curr speed    0.027 kHz, avg speed    0.027 kHz), accepted     4300/  580001 events ( 0.74%)
ZtoMM trigger inconsistency
Processed   590000/ 1146036 entries, 51.48% (elapsed time 22078.5s, curr speed    0.027 kHz, avg speed    0.027 kHz), accepted     4360/  590001 events ( 0.74%)
ZtoMM trigger inconsistency
Processed   600000/ 1146036 entries, 52.35% (elapsed time 22444.9s, curr speed    0.027 kHz, avg speed    0.027 kHz), accepted     4431/  600001 events ( 0.74%)
ZtoMM trigger inconsistency
ZtoMM trigger inconsistency
Processed   610000/ 1146036 entries, 53.23% (elapsed time 22812.8s, curr speed    0.027 kHz, avg speed    0.027 kHz), accepted     4507/  610001 events ( 0.74%)
ZtoMM trigger inconsistency
ZtoEE trigger inconsistency
ZtoMM trigger inconsistency
Processed   620000/ 1146036 entries, 54.10% (elapsed time 23180.4s, curr speed    0.027 kHz, avg speed    0.027 kHz), accepted     4568/  620001 events ( 0.74%)
TtoEM trigger inconsistency
Processed   630000/ 1146036 entries, 54.97% (elapsed time 23547.6s, curr speed    0.027 kHz, avg speed    0.027 kHz), accepted     4636/  630001 events ( 0.74%)
ZtoMM trigger inconsistency
Bad event
Processed   640000/ 1146036 entries, 55.84% (elapsed time 23912.0s, curr speed    0.027 kHz, avg speed    0.027 kHz), accepted     4715/  640001 events ( 0.74%)
Processed   650000/ 1146036 entries, 56.72% (elapsed time 24279.6s, curr speed    0.027 kHz, avg speed    0.027 kHz), accepted     4790/  650001 events ( 0.74%)
TtoEM trigger inconsistency
ZtoMM trigger inconsistency
ZtoMM trigger inconsistency
ZtoMM trigger inconsistency
ZtoMM trigger inconsistency
Processed   660000/ 1146036 entries, 57.59% (elapsed time 24645.6s, curr speed    0.027 kHz, avg speed    0.027 kHz), accepted     4864/  660001 events ( 0.74%)
ZtoMM trigger inconsistency
ZtoMM trigger inconsistency
Processed   670000/ 1146036 entries, 58.46% (elapsed time 25021.8s, curr speed    0.027 kHz, avg speed    0.027 kHz), accepted     4962/  670001 events ( 0.74%)
ZtoMM trigger inconsistency
Bad event
ZtoMM trigger inconsistency
Processed   680000/ 1146036 entries, 59.33% (elapsed time 25371.4s, curr speed    0.029 kHz, avg speed    0.027 kHz), accepted     5053/  680001 events ( 0.74%)
ZtoMM trigger inconsistency
ZtoEE trigger inconsistency
Processed   690000/ 1146036 entries, 60.21% (elapsed time 25723.4s, curr speed    0.028 kHz, avg speed    0.027 kHz), accepted     5117/  690001 events ( 0.74%)
TtoEM trigger inconsistency
ZtoMM trigger inconsistency
ZtoMM trigger inconsistency
Bad event
Bad event
Processed   700000/ 1146036 entries, 61.08% (elapsed time 26073.2s, curr speed    0.029 kHz, avg speed    0.027 kHz), accepted     5198/  700001 events ( 0.74%)
ZtoMM trigger inconsistency
ZtoMM trigger inconsistency
Processed   710000/ 1146036 entries, 61.95% (elapsed time 26418.6s, curr speed    0.029 kHz, avg speed    0.027 kHz), accepted     5265/  710001 events ( 0.74%)
Processed   720000/ 1146036 entries, 62.83% (elapsed time 26769.7s, curr speed    0.028 kHz, avg speed    0.027 kHz), accepted     5345/  720001 events ( 0.74%)
ZtoMM trigger inconsistency
Processed   730000/ 1146036 entries, 63.70% (elapsed time 27121.8s, curr speed    0.028 kHz, avg speed    0.027 kHz), accepted     5411/  730001 events ( 0.74%)
ZtoMM trigger inconsistency
TtoEM trigger inconsistency
Processed   740000/ 1146036 entries, 64.57% (elapsed time 27470.7s, curr speed    0.029 kHz, avg speed    0.027 kHz), accepted     5481/  740001 events ( 0.74%)
Processed   750000/ 1146036 entries, 65.44% (elapsed time 27817.5s, curr speed    0.029 kHz, avg speed    0.027 kHz), accepted     5557/  750001 events ( 0.74%)
ZtoMM trigger inconsistency
ZtoMM trigger inconsistency
Processed   760000/ 1146036 entries, 66.32% (elapsed time 28164.1s, curr speed    0.029 kHz, avg speed    0.027 kHz), accepted     5627/  760001 events ( 0.74%)
Bad event
Processed   770000/ 1146036 entries, 67.19% (elapsed time 28517.1s, curr speed    0.028 kHz, avg speed    0.027 kHz), accepted     5710/  770001 events ( 0.74%)
ZtoMM trigger inconsistency
Processed   780000/ 1146036 entries, 68.06% (elapsed time 28870.8s, curr speed    0.028 kHz, avg speed    0.027 kHz), accepted     5778/  780001 events ( 0.74%)
ZtoMM trigger inconsistency
ZtoMM trigger inconsistency
Processed   790000/ 1146036 entries, 68.93% (elapsed time 29218.0s, curr speed    0.029 kHz, avg speed    0.027 kHz), accepted     5860/  790001 events ( 0.74%)
TtoEM trigger inconsistency
ZtoMM trigger inconsistency
ZtoEE trigger inconsistency
ZtoEE trigger inconsistency
Processed   800000/ 1146036 entries, 69.81% (elapsed time 29565.5s, curr speed    0.029 kHz, avg speed    0.027 kHz), accepted     5931/  800001 events ( 0.74%)
Processed   810000/ 1146036 entries, 70.68% (elapsed time 29908.7s, curr speed    0.029 kHz, avg speed    0.027 kHz), accepted     6013/  810001 events ( 0.74%)
TtoEM trigger inconsistency
ZtoMM trigger inconsistency
Processed   820000/ 1146036 entries, 71.55% (elapsed time 30258.0s, curr speed    0.029 kHz, avg speed    0.027 kHz), accepted     6109/  820001 events ( 0.74%)
ZtoMM trigger inconsistency
ZtoMM trigger inconsistency
Processed   830000/ 1146036 entries, 72.42% (elapsed time 30607.9s, curr speed    0.029 kHz, avg speed    0.027 kHz), accepted     6179/  830001 events ( 0.74%)
ZtoMM trigger inconsistency
TtoEM trigger inconsistency
Processed   840000/ 1146036 entries, 73.30% (elapsed time 30961.6s, curr speed    0.028 kHz, avg speed    0.027 kHz), accepted     6263/  840001 events ( 0.75%)
ZtoMM trigger inconsistency
Bad event
Processed   850000/ 1146036 entries, 74.17% (elapsed time 31315.2s, curr speed    0.028 kHz, avg speed    0.027 kHz), accepted     6342/  850001 events ( 0.75%)
TtoEM trigger inconsistency
ZtoMM trigger inconsistency
Processed   860000/ 1146036 entries, 75.04% (elapsed time 31664.1s, curr speed    0.029 kHz, avg speed    0.027 kHz), accepted     6414/  860001 events ( 0.75%)
ZtoMM trigger inconsistency
ZtoMM trigger inconsistency
ZtoMM trigger inconsistency
TtoEM trigger inconsistency
ZtoMM trigger inconsistency
Processed   870000/ 1146036 entries, 75.91% (elapsed time 32012.6s, curr speed    0.029 kHz, avg speed    0.027 kHz), accepted     6482/  870001 events ( 0.75%)
ZtoMM trigger inconsistency
Processed   880000/ 1146036 entries, 76.79% (elapsed time 32366.0s, curr speed    0.028 kHz, avg speed    0.027 kHz), accepted     6560/  880001 events ( 0.75%)
ZtoEE trigger inconsistency
Processed   890000/ 1146036 entries, 77.66% (elapsed time 32711.4s, curr speed    0.029 kHz, avg speed    0.027 kHz), accepted     6647/  890001 events ( 0.75%)
Processed   900000/ 1146036 entries, 78.53% (elapsed time 33056.5s, curr speed    0.029 kHz, avg speed    0.027 kHz), accepted     6726/  900001 events ( 0.75%)
ZtoMM trigger inconsistency
Processed   910000/ 1146036 entries, 79.40% (elapsed time 33402.3s, curr speed    0.029 kHz, avg speed    0.027 kHz), accepted     6806/  910001 events ( 0.75%)
ZtoMM trigger inconsistency
ZtoMM trigger inconsistency
Processed   920000/ 1146036 entries, 80.28% (elapsed time 33744.0s, curr speed    0.029 kHz, avg speed    0.027 kHz), accepted     6874/  920001 events ( 0.75%)
ZtoMM trigger inconsistency
ZtoMM trigger inconsistency
ZtoMM trigger inconsistency
ZtoMM trigger inconsistency
ZtoMM trigger inconsistency
Processed   930000/ 1146036 entries, 81.15% (elapsed time 34087.2s, curr speed    0.029 kHz, avg speed    0.027 kHz), accepted     6944/  930001 events ( 0.75%)
ZtoMM trigger inconsistency
TtoEM trigger inconsistency
ZtoMM trigger inconsistency
Processed   940000/ 1146036 entries, 82.02% (elapsed time 34431.0s, curr speed    0.029 kHz, avg speed    0.027 kHz), accepted     7009/  940001 events ( 0.75%)
ZtoEE trigger inconsistency
ZtoMM trigger inconsistency
Processed   950000/ 1146036 entries, 82.89% (elapsed time 34777.9s, curr speed    0.029 kHz, avg speed    0.027 kHz), accepted     7091/  950001 events ( 0.75%)
TtoEM trigger inconsistency
ZtoMM trigger inconsistency
Processed   960000/ 1146036 entries, 83.77% (elapsed time 35127.3s, curr speed    0.029 kHz, avg speed    0.027 kHz), accepted     7153/  960001 events ( 0.75%)
ZtoEE trigger inconsistency
ZtoMM trigger inconsistency
Processed   970000/ 1146036 entries, 84.64% (elapsed time 35476.1s, curr speed    0.029 kHz, avg speed    0.027 kHz), accepted     7209/  970001 events ( 0.74%)
Processed   980000/ 1146036 entries, 85.51% (elapsed time 35821.1s, curr speed    0.029 kHz, avg speed    0.027 kHz), accepted     7294/  980001 events ( 0.74%)
Processed   990000/ 1146036 entries, 86.38% (elapsed time 36163.4s, curr speed    0.029 kHz, avg speed    0.027 kHz), accepted     7366/  990001 events ( 0.74%)
ZtoMM trigger inconsistency
ZtoMM trigger inconsistency
ZtoMM trigger inconsistency
Processed  1000000/ 1146036 entries, 87.26% (elapsed time 36504.9s, curr speed    0.029 kHz, avg speed    0.027 kHz), accepted     7454/ 1000001 events ( 0.75%)
ZtoEE trigger inconsistency
Processed  1010000/ 1146036 entries, 88.13% (elapsed time 36847.1s, curr speed    0.029 kHz, avg speed    0.027 kHz), accepted     7529/ 1010001 events ( 0.75%)
Bad event
ZtoMM trigger inconsistency
TtoEM trigger inconsistency
ZtoMM trigger inconsistency
Processed  1020000/ 1146036 entries, 89.00% (elapsed time 37191.7s, curr speed    0.029 kHz, avg speed    0.027 kHz), accepted     7603/ 1020001 events ( 0.75%)
Processed  1030000/ 1146036 entries, 89.88% (elapsed time 37537.1s, curr speed    0.029 kHz, avg speed    0.027 kHz), accepted     7677/ 1030001 events ( 0.75%)
ZtoMM trigger inconsistency
TtoEM trigger inconsistency
Processed  1040000/ 1146036 entries, 90.75% (elapsed time 37878.2s, curr speed    0.029 kHz, avg speed    0.027 kHz), accepted     7750/ 1040001 events ( 0.75%)
ZtoMM trigger inconsistency
TtoEM trigger inconsistency
ZtoMM trigger inconsistency
Processed  1050000/ 1146036 entries, 91.62% (elapsed time 38218.8s, curr speed    0.029 kHz, avg speed    0.027 kHz), accepted     7818/ 1050001 events ( 0.74%)
ZtoMM trigger inconsistency
Processed  1060000/ 1146036 entries, 92.49% (elapsed time 38560.4s, curr speed    0.029 kHz, avg speed    0.027 kHz), accepted     7901/ 1060001 events ( 0.75%)
TtoEM trigger inconsistency
ZtoMM trigger inconsistency
ZtoMM trigger inconsistency
Processed  1070000/ 1146036 entries, 93.37% (elapsed time 38905.3s, curr speed    0.029 kHz, avg speed    0.028 kHz), accepted     7972/ 1070001 events ( 0.75%)
ZtoMM trigger inconsistency
ZtoMM trigger inconsistency
ZtoMM trigger inconsistency
Processed  1080000/ 1146036 entries, 94.24% (elapsed time 39251.8s, curr speed    0.029 kHz, avg speed    0.028 kHz), accepted     8044/ 1080001 events ( 0.74%)
ZtoMM trigger inconsistency
ZtoMM trigger inconsistency
Processed  1090000/ 1146036 entries, 95.11% (elapsed time 39596.0s, curr speed    0.029 kHz, avg speed    0.028 kHz), accepted     8112/ 1090001 events ( 0.74%)
ZtoMM trigger inconsistency
Processed  1100000/ 1146036 entries, 95.98% (elapsed time 39941.4s, curr speed    0.029 kHz, avg speed    0.028 kHz), accepted     8195/ 1100001 events ( 0.74%)
TtoEM trigger inconsistency
ZtoMM trigger inconsistency
Processed  1110000/ 1146036 entries, 96.86% (elapsed time 40287.0s, curr speed    0.029 kHz, avg speed    0.028 kHz), accepted     8276/ 1110001 events ( 0.75%)
Processed  1120000/ 1146036 entries, 97.73% (elapsed time 40636.3s, curr speed    0.029 kHz, avg speed    0.028 kHz), accepted     8336/ 1120001 events ( 0.74%)
ZtoMM trigger inconsistency
Processed  1130000/ 1146036 entries, 98.60% (elapsed time 40987.8s, curr speed    0.028 kHz, avg speed    0.028 kHz), accepted     8398/ 1130001 events ( 0.74%)
Processed  1140000/ 1146036 entries, 99.47% (elapsed time 41335.3s, curr speed    0.029 kHz, avg speed    0.028 kHz), accepted     8464/ 1140001 events ( 0.74%)
ZtoMM trigger inconsistency
ZtoMM trigger inconsistency
Processed 1146036 preselected entries from root://cms-xrd-global.cern.ch//store/mc/RunIIAutumn18NanoAODv6/WZTo2L2Q_13TeV_amcatnloFXFX_madspin_pythia8/NANOAODSIM/Nano25Oct2019_102X_upgrade2018_realistic_v20-v1/30000/11BE29DB-FDBF-6248-9D55-12D1F91F61CB.root (1146036 entries). Finally selected 8511 entries
Done /work/pbaertsc/heavy_resonance/output_2018/WZTo2L2Q_13TeV_amcatnloFXFX_madspin_pythia8__RunIIAutumn18NanoAODv6-Nano25Oct2019_102X_upgrade2018_realistic_v20-v1__NANOAODSIM/11BE29DB-FDBF-6248-9D55-12D1F91F61CB.root
27.5527175599 Hz
deleting root file with name: /work/pbaertsc/heavy_resonance/output_2018/WZTo2L2Q_13TeV_amcatnloFXFX_madspin_pythia8__RunIIAutumn18NanoAODv6-Nano25Oct2019_102X_upgrade2018_realistic_v20-v1__NANOAODSIM/11BE29DB-FDBF-6248-9D55-12D1F91F61CB.root
DONE
Complete at
Fri Jan 31 08:45:52 CET 2020
