job start at
Thu Jan 30 19:15:02 CET 2020
SLURM_JOB_ID: 437598
HOSTNAME: t3wn41
JOBLIST:joblist/joblist_ZZTo2L2Q_13TeV_amcatnloFXFX_madspin_pythia8__RunIIFall17NanoAODv6-PU2017_12Apr2018_Nano25Oct2019_102X_mc2017_realistic_v7-v1__NANOAODSIM_ll.txt
Going to execute
python job.py -i root://cms-xrd-global.cern.ch//store/mc/RunIIFall17NanoAODv6/ZZTo2L2Q_13TeV_amcatnloFXFX_madspin_pythia8/NANOAODSIM/PU2017_12Apr2018_Nano25Oct2019_102X_mc2017_realistic_v7-v1/100000/92D1DED9-97F9-C245-9A0C-8B02D64FF6AA.root -o /work/pbaertsc/heavy_resonance/output_2017/ZZTo2L2Q_13TeV_amcatnloFXFX_madspin_pythia8__RunIIFall17NanoAODv6-PU2017_12Apr2018_Nano25Oct2019_102X_mc2017_realistic_v7-v1__NANOAODSIM -N ZZTo2L2Q_13TeV_amcatnloFXFX_madspin_pythia8__RunIIFall17NanoAODv6-PU2017_12Apr2018_Nano25Oct2019_102X_mc2017_realistic_v7-v1__NANOAODSIM -n 16 -c ll -y 2017
TClass::Init:0: RuntimeWarning: no dictionary for class ROOT::TIOFeatures is available
/work/pbaertsc/heavy_resonance/CMSSW_9_4_6/python/PhysicsTools/NanoAODTools/postprocessing/framework/treeReaderArrayTools.py:69: RuntimeWarning: creating executor for unknown type "ULong64_t*"
  ret = _vr.Get()[0]
JEC= Fall17_17Nov2017_V32_MC 	 JER= Fall17_V3_MC
MET branch= PuppiMET
JEC= Fall17_17Nov2017_V32_MC 	 JER= Fall17_V3_MC
MET branch= PuppiMET
--------------------------------------------------------------------------------
input files  = ['root://cms-xrd-global.cern.ch//store/mc/RunIIFall17NanoAODv6/ZZTo2L2Q_13TeV_amcatnloFXFX_madspin_pythia8/NANOAODSIM/PU2017_12Apr2018_Nano25Oct2019_102X_mc2017_realistic_v7-v1/100000/92D1DED9-97F9-C245-9A0C-8B02D64FF6AA.root']
output directory = /work/pbaertsc/heavy_resonance/output_2017/ZZTo2L2Q_13TeV_amcatnloFXFX_madspin_pythia8__RunIIFall17NanoAODv6-PU2017_12Apr2018_Nano25Oct2019_102X_mc2017_realistic_v7-v1__NANOAODSIM
output file  = ZZTo2L2Q_13TeV_amcatnloFXFX_madspin_pythia8__RunIIFall17NanoAODv6-PU2017_12Apr2018_Nano25Oct2019_102X_mc2017_realistic_v7-v1__NANOAODSIM_16_ll.root
chunck       = 16
channel      = ll
dataType     = mc
year         = 2017
tes          = 1.0
ltf          = 1.0
jtf          = 1.0
--------------------------------------------------------------------------------
job.py: creating PostProcessor...
TreeProducer is called /work/pbaertsc/heavy_resonance/output_2017/ZZTo2L2Q_13TeV_amcatnloFXFX_madspin_pythia8__RunIIFall17NanoAODv6-PU2017_12Apr2018_Nano25Oct2019_102X_mc2017_realistic_v7-v1__NANOAODSIM/ZZTo2L2Q_13TeV_amcatnloFXFX_madspin_pythia8__RunIIFall17NanoAODv6-PU2017_12Apr2018_Nano25Oct2019_102X_mc2017_realistic_v7-v1__NANOAODSIM_16_ll.root
job.py: going to run PostProcessor...
Will write selected trees to /work/pbaertsc/heavy_resonance/output_2017/ZZTo2L2Q_13TeV_amcatnloFXFX_madspin_pythia8__RunIIFall17NanoAODv6-PU2017_12Apr2018_Nano25Oct2019_102X_mc2017_realistic_v7-v1__NANOAODSIM
Loading jet energy scale (JES) uncertainties from file '/tmp/tmpzebbCu/Fall17_17Nov2017_V32_MC_Uncertainty_AK4PFchs.txt'
Loading jet energy resolutions (JER) from file '/tmp/tmp893ESN/Fall17_V3_MC_PtResolution_AK4PFchs.txt'
Loading JER scale factors and uncertainties from file '/tmp/tmp893ESN/Fall17_V3_MC_SF_AK4PFchs.txt'
Loading jet energy scale (JES) uncertainties from file '/tmp/tmpp0sT5I/Fall17_17Nov2017_V32_MC_Uncertainty_AK8PFPuppi.txt'
Loading jet energy resolutions (JER) from file '/tmp/tmpiZ9I8R/Fall17_V3_MC_PtResolution_AK8PFPuppi.txt'
Loading JER scale factors and uncertainties from file '/tmp/tmpiZ9I8R/Fall17_V3_MC_SF_AK8PFPuppi.txt'
Pre-select 191442 entries out of 191442 (100.00%)
nanoAODv5? True
ZtoMM trigger inconsistency
ZtoMM trigger inconsistency
TtoEM trigger inconsistency
Processed    10000/  191442 entries,  5.22% (elapsed time   358.4s, curr speed    0.028 kHz, avg speed    0.028 kHz), accepted       50/   10001 events ( 0.50%)
ZtoMM trigger inconsistency
ZtoMM trigger inconsistency
ZtoMM trigger inconsistency
TtoEM trigger inconsistency
Processed    20000/  191442 entries, 10.45% (elapsed time   708.1s, curr speed    0.029 kHz, avg speed    0.028 kHz), accepted      109/   20001 events ( 0.54%)
ZtoMM trigger inconsistency
ZtoMM trigger inconsistency
Processed    30000/  191442 entries, 15.67% (elapsed time  1060.3s, curr speed    0.028 kHz, avg speed    0.028 kHz), accepted      173/   30001 events ( 0.58%)
ZtoMM trigger inconsistency
Processed    40000/  191442 entries, 20.89% (elapsed time  1413.7s, curr speed    0.028 kHz, avg speed    0.028 kHz), accepted      230/   40001 events ( 0.57%)
ZtoMM trigger inconsistency
TtoEM trigger inconsistency
ZtoMM trigger inconsistency
Processed    50000/  191442 entries, 26.12% (elapsed time  1761.8s, curr speed    0.029 kHz, avg speed    0.028 kHz), accepted      296/   50001 events ( 0.59%)
ZtoMM trigger inconsistency
TtoEM trigger inconsistency
Processed    60000/  191442 entries, 31.34% (elapsed time  2102.0s, curr speed    0.029 kHz, avg speed    0.029 kHz), accepted      364/   60001 events ( 0.61%)
ZtoMM trigger inconsistency
TtoEM trigger inconsistency
ZtoMM trigger inconsistency
ZtoMM trigger inconsistency
Processed    70000/  191442 entries, 36.56% (elapsed time  2431.4s, curr speed    0.030 kHz, avg speed    0.029 kHz), accepted      409/   70001 events ( 0.58%)
ZtoMM trigger inconsistency
ZtoMM trigger inconsistency
ZtoMM trigger inconsistency
ZtoMM trigger inconsistency
Processed    80000/  191442 entries, 41.79% (elapsed time  2763.3s, curr speed    0.030 kHz, avg speed    0.029 kHz), accepted      479/   80001 events ( 0.60%)
ZtoMM trigger inconsistency
ZtoMM trigger inconsistency
Processed    90000/  191442 entries, 47.01% (elapsed time  3090.8s, curr speed    0.031 kHz, avg speed    0.029 kHz), accepted      542/   90001 events ( 0.60%)
ZtoMM trigger inconsistency
ZtoMM trigger inconsistency
ZtoMM trigger inconsistency
Processed   100000/  191442 entries, 52.24% (elapsed time  3425.1s, curr speed    0.030 kHz, avg speed    0.029 kHz), accepted      604/  100001 events ( 0.60%)
ZtoMM trigger inconsistency
Processed   110000/  191442 entries, 57.46% (elapsed time  3754.3s, curr speed    0.030 kHz, avg speed    0.029 kHz), accepted      663/  110001 events ( 0.60%)
ZtoMM trigger inconsistency
Processed   120000/  191442 entries, 62.68% (elapsed time  4080.7s, curr speed    0.031 kHz, avg speed    0.029 kHz), accepted      730/  120001 events ( 0.61%)
ZtoEE trigger inconsistency
ZtoMM trigger inconsistency
ZtoMM trigger inconsistency
Processed   130000/  191442 entries, 67.91% (elapsed time  4408.6s, curr speed    0.031 kHz, avg speed    0.029 kHz), accepted      789/  130001 events ( 0.61%)
ZtoEE trigger inconsistency
TtoEM trigger inconsistency
ZtoMM trigger inconsistency
Processed   140000/  191442 entries, 73.13% (elapsed time  4740.8s, curr speed    0.030 kHz, avg speed    0.030 kHz), accepted      847/  140001 events ( 0.60%)
ZtoMM trigger inconsistency
TtoEM trigger inconsistency
ZtoMM trigger inconsistency
ZtoMM trigger inconsistency
Processed   150000/  191442 entries, 78.35% (elapsed time  5069.4s, curr speed    0.030 kHz, avg speed    0.030 kHz), accepted      904/  150001 events ( 0.60%)
ZtoMM trigger inconsistency
Processed   160000/  191442 entries, 83.58% (elapsed time  5401.2s, curr speed    0.030 kHz, avg speed    0.030 kHz), accepted      948/  160001 events ( 0.59%)
Bad event
Processed   170000/  191442 entries, 88.80% (elapsed time  5733.5s, curr speed    0.030 kHz, avg speed    0.030 kHz), accepted     1012/  170001 events ( 0.60%)
ZtoMM trigger inconsistency
Processed   180000/  191442 entries, 94.02% (elapsed time  6066.9s, curr speed    0.030 kHz, avg speed    0.030 kHz), accepted     1064/  180001 events ( 0.59%)
TtoEM trigger inconsistency
Processed   190000/  191442 entries, 99.25% (elapsed time  6397.0s, curr speed    0.030 kHz, avg speed    0.030 kHz), accepted     1118/  190001 events ( 0.59%)
Processed 191442 preselected entries from root://cms-xrd-global.cern.ch//store/mc/RunIIFall17NanoAODv6/ZZTo2L2Q_13TeV_amcatnloFXFX_madspin_pythia8/NANOAODSIM/PU2017_12Apr2018_Nano25Oct2019_102X_mc2017_realistic_v7-v1/100000/92D1DED9-97F9-C245-9A0C-8B02D64FF6AA.root (191442 entries). Finally selected 1124 entries
Done /work/pbaertsc/heavy_resonance/output_2017/ZZTo2L2Q_13TeV_amcatnloFXFX_madspin_pythia8__RunIIFall17NanoAODv6-PU2017_12Apr2018_Nano25Oct2019_102X_mc2017_realistic_v7-v1__NANOAODSIM/92D1DED9-97F9-C245-9A0C-8B02D64FF6AA.root
29.6639137239 Hz
deleting root file with name: /work/pbaertsc/heavy_resonance/output_2017/ZZTo2L2Q_13TeV_amcatnloFXFX_madspin_pythia8__RunIIFall17NanoAODv6-PU2017_12Apr2018_Nano25Oct2019_102X_mc2017_realistic_v7-v1__NANOAODSIM/92D1DED9-97F9-C245-9A0C-8B02D64FF6AA.root
DONE
Complete at
Thu Jan 30 21:26:13 CET 2020
