job start at
Thu Jan 30 20:46:18 CET 2020
SLURM_JOB_ID: 442472
HOSTNAME: t3wn59
JOBLIST:/work/pbaertsc/heavy_resonance/NanoTreeProducer/joblist/joblist_ZprimeToZHToZlepHinc_narrow_M-4000_TuneCP5_13TeV-madgraph-pythia8__RunIIFall17NanoAODv6-PU2017_12Apr2018_Nano25Oct2019_102X_mc2017_realistic_v7-v1__NANOAODSIM_ll_retry.txt
Going to execute
python job.py -i root://cms-xrd-global.cern.ch//store/mc/RunIIFall17NanoAODv6/ZprimeToZHToZlepHinc_narrow_M-4000_TuneCP5_13TeV-madgraph-pythia8/NANOAODSIM/PU2017_12Apr2018_Nano25Oct2019_102X_mc2017_realistic_v7-v1/70000/0AB9C4D3-2D8C-2242-A368-E05ED727135D.root -o /work/pbaertsc/heavy_resonance/output_2017/ZprimeToZHToZlepHinc_narrow_M-4000_TuneCP5_13TeV-madgraph-pythia8__RunIIFall17NanoAODv6-PU2017_12Apr2018_Nano25Oct2019_102X_mc2017_realistic_v7-v1__NANOAODSIM -N ZprimeToZHToZlepHinc_narrow_M-4000_TuneCP5_13TeV-madgraph-pythia8__RunIIFall17NanoAODv6-PU2017_12Apr2018_Nano25Oct2019_102X_mc2017_realistic_v7-v1__NANOAODSIM -n 1 -c ll -y 2017
TClass::Init:0: RuntimeWarning: no dictionary for class ROOT::TIOFeatures is available
/work/pbaertsc/heavy_resonance/CMSSW_9_4_6/python/PhysicsTools/NanoAODTools/postprocessing/framework/treeReaderArrayTools.py:69: RuntimeWarning: creating executor for unknown type "ULong64_t*"
  ret = _vr.Get()[0]
JEC= Fall17_17Nov2017_V32_MC 	 JER= Fall17_V3_MC
MET branch= PuppiMET
JEC= Fall17_17Nov2017_V32_MC 	 JER= Fall17_V3_MC
MET branch= PuppiMET
--------------------------------------------------------------------------------
input files  = ['root://cms-xrd-global.cern.ch//store/mc/RunIIFall17NanoAODv6/ZprimeToZHToZlepHinc_narrow_M-4000_TuneCP5_13TeV-madgraph-pythia8/NANOAODSIM/PU2017_12Apr2018_Nano25Oct2019_102X_mc2017_realistic_v7-v1/70000/0AB9C4D3-2D8C-2242-A368-E05ED727135D.root']
output directory = /work/pbaertsc/heavy_resonance/output_2017/ZprimeToZHToZlepHinc_narrow_M-4000_TuneCP5_13TeV-madgraph-pythia8__RunIIFall17NanoAODv6-PU2017_12Apr2018_Nano25Oct2019_102X_mc2017_realistic_v7-v1__NANOAODSIM
output file  = ZprimeToZHToZlepHinc_narrow_M-4000_TuneCP5_13TeV-madgraph-pythia8__RunIIFall17NanoAODv6-PU2017_12Apr2018_Nano25Oct2019_102X_mc2017_realistic_v7-v1__NANOAODSIM_1_ll.root
chunck       = 1
channel      = ll
dataType     = mc
year         = 2017
tes          = 1.0
ltf          = 1.0
jtf          = 1.0
--------------------------------------------------------------------------------
job.py: creating PostProcessor...
TreeProducer is called /work/pbaertsc/heavy_resonance/output_2017/ZprimeToZHToZlepHinc_narrow_M-4000_TuneCP5_13TeV-madgraph-pythia8__RunIIFall17NanoAODv6-PU2017_12Apr2018_Nano25Oct2019_102X_mc2017_realistic_v7-v1__NANOAODSIM/ZprimeToZHToZlepHinc_narrow_M-4000_TuneCP5_13TeV-madgraph-pythia8__RunIIFall17NanoAODv6-PU2017_12Apr2018_Nano25Oct2019_102X_mc2017_realistic_v7-v1__NANOAODSIM_1_ll.root
job.py: going to run PostProcessor...
Will write selected trees to /work/pbaertsc/heavy_resonance/output_2017/ZprimeToZHToZlepHinc_narrow_M-4000_TuneCP5_13TeV-madgraph-pythia8__RunIIFall17NanoAODv6-PU2017_12Apr2018_Nano25Oct2019_102X_mc2017_realistic_v7-v1__NANOAODSIM
Loading jet energy scale (JES) uncertainties from file '/tmp/tmpyKu33X/Fall17_17Nov2017_V32_MC_Uncertainty_AK4PFchs.txt'
Loading jet energy resolutions (JER) from file '/tmp/tmp_1Qiu6/Fall17_V3_MC_PtResolution_AK4PFchs.txt'
Loading JER scale factors and uncertainties from file '/tmp/tmp_1Qiu6/Fall17_V3_MC_SF_AK4PFchs.txt'
Loading jet energy scale (JES) uncertainties from file '/tmp/tmp61CEH6/Fall17_17Nov2017_V32_MC_Uncertainty_AK8PFPuppi.txt'
Loading jet energy resolutions (JER) from file '/tmp/tmpQYedBs/Fall17_V3_MC_PtResolution_AK8PFPuppi.txt'
Loading JER scale factors and uncertainties from file '/tmp/tmpQYedBs/Fall17_V3_MC_SF_AK8PFPuppi.txt'
Pre-select 12000 entries out of 12000 (100.00%)
nanoAODv5? True
ZtoMM trigger inconsistency
Bad event
TtoEM trigger inconsistency
Bad event
ZtoMM trigger inconsistency
ZtoMM trigger inconsistency
Bad event
Bad event
ZtoMM trigger inconsistency
ZtoMM trigger inconsistency
ZtoMM trigger inconsistency
ZtoMM trigger inconsistency
ZtoMM trigger inconsistency
Bad event
ZtoMM trigger inconsistency
Bad event
Bad event
ZtoMM trigger inconsistency
ZtoMM trigger inconsistency
ZtoMM trigger inconsistency
ZtoMM trigger inconsistency
ZtoMM trigger inconsistency
Bad event
ZtoMM trigger inconsistency
TtoEM trigger inconsistency
ZtoMM trigger inconsistency
Bad event
ZtoMM trigger inconsistency
ZtoMM trigger inconsistency
Bad event
ZtoMM trigger inconsistency
Bad event
Bad event
Bad event
TtoEM trigger inconsistency
TtoEM trigger inconsistency
Bad event
ZtoMM trigger inconsistency
TtoEM trigger inconsistency
ZtoMM trigger inconsistency
Bad event
TtoEM trigger inconsistency
Bad event
ZtoMM trigger inconsistency
ZtoMM trigger inconsistency
ZtoMM trigger inconsistency
ZtoMM trigger inconsistency
ZtoMM trigger inconsistency
Bad event
ZtoMM trigger inconsistency
ZtoMM trigger inconsistency
ZtoMM trigger inconsistency
ZtoMM trigger inconsistency
ZtoMM trigger inconsistency
Bad event
TtoEM trigger inconsistency
TtoEM trigger inconsistency
TtoEM trigger inconsistency
Bad event
Bad event
ZtoMM trigger inconsistency
ZtoMM trigger inconsistency
ZtoMM trigger inconsistency
ZtoMM trigger inconsistency
ZtoMM trigger inconsistency
Bad event
ZtoMM trigger inconsistency
TtoEM trigger inconsistency
ZtoMM trigger inconsistency
Bad event
ZtoMM trigger inconsistency
ZtoMM trigger inconsistency
ZtoMM trigger inconsistency
ZtoMM trigger inconsistency
ZtoMM trigger inconsistency
Bad event
ZtoMM trigger inconsistency
ZtoMM trigger inconsistency
ZtoMM trigger inconsistency
ZtoMM trigger inconsistency
ZtoMM trigger inconsistency
TtoEM trigger inconsistency
ZtoMM trigger inconsistency
Bad event
ZtoMM trigger inconsistency
ZtoMM trigger inconsistency
Bad event
ZtoMM trigger inconsistency
TtoEM trigger inconsistency
ZtoMM trigger inconsistency
ZtoMM trigger inconsistency
ZtoMM trigger inconsistency
ZtoMM trigger inconsistency
Bad event
ZtoMM trigger inconsistency
ZtoMM trigger inconsistency
Bad event
Bad event
Bad event
Bad event
ZtoMM trigger inconsistency
Bad event
Bad event
ZtoMM trigger inconsistency
ZtoMM trigger inconsistency
ZtoMM trigger inconsistency
ZtoMM trigger inconsistency
ZtoMM trigger inconsistency
ZtoMM trigger inconsistency
ZtoMM trigger inconsistency
Bad event
TtoEM trigger inconsistency
ZtoMM trigger inconsistency
Bad event
ZtoMM trigger inconsistency
ZtoMM trigger inconsistency
ZtoMM trigger inconsistency
ZtoMM trigger inconsistency
ZtoMM trigger inconsistency
Bad event
Bad event
Bad event
ZtoMM trigger inconsistency
ZtoMM trigger inconsistency
Bad event
ZtoMM trigger inconsistency
ZtoMM trigger inconsistency
ZtoMM trigger inconsistency
Bad event
TtoEM trigger inconsistency
ZtoMM trigger inconsistency
ZtoMM trigger inconsistency
ZtoMM trigger inconsistency
ZtoMM trigger inconsistency
ZtoMM trigger inconsistency
Bad event
Bad event
Bad event
ZtoMM trigger inconsistency
TtoEM trigger inconsistency
Bad event
ZtoMM trigger inconsistency
ZtoMM trigger inconsistency
Bad event
TtoEM trigger inconsistency
ZtoMM trigger inconsistency
ZtoMM trigger inconsistency
Bad event
TtoEM trigger inconsistency
TtoEM trigger inconsistency
Bad event
Bad event
ZtoMM trigger inconsistency
ZtoMM trigger inconsistency
ZtoMM trigger inconsistency
ZtoMM trigger inconsistency
ZtoMM trigger inconsistency
TtoEM trigger inconsistency
ZtoMM trigger inconsistency
ZtoMM trigger inconsistency
ZtoMM trigger inconsistency
Bad event
TtoEM trigger inconsistency
ZtoMM trigger inconsistency
ZtoMM trigger inconsistency
ZtoMM trigger inconsistency
Bad event
ZtoMM trigger inconsistency
ZtoMM trigger inconsistency
ZtoMM trigger inconsistency
ZtoMM trigger inconsistency
Bad event
ZtoMM trigger inconsistency
ZtoMM trigger inconsistency
ZtoMM trigger inconsistency
Bad event
ZtoMM trigger inconsistency
ZtoMM trigger inconsistency
ZtoMM trigger inconsistency
ZtoMM trigger inconsistency
TtoEM trigger inconsistency
Bad event
TtoEM trigger inconsistency
Bad event
TtoEM trigger inconsistency
ZtoMM trigger inconsistency
ZtoMM trigger inconsistency
Bad event
ZtoMM trigger inconsistency
Bad event
Bad event
ZtoMM trigger inconsistency
ZtoMM trigger inconsistency
ZtoMM trigger inconsistency
Processed    10000/   12000 entries, 83.33% (elapsed time   245.0s, curr speed    0.041 kHz, avg speed    0.041 kHz), accepted     7286/   10001 events (72.85%)
ZtoMM trigger inconsistency
Bad event
ZtoMM trigger inconsistency
ZtoMM trigger inconsistency
Bad event
Bad event
Bad event
ZtoMM trigger inconsistency
TtoEM trigger inconsistency
ZtoMM trigger inconsistency
Bad event
ZtoMM trigger inconsistency
ZtoMM trigger inconsistency
ZtoMM trigger inconsistency
ZtoMM trigger inconsistency
TtoEM trigger inconsistency
ZtoMM trigger inconsistency
Bad event
Bad event
Bad event
TtoEM trigger inconsistency
ZtoMM trigger inconsistency
ZtoMM trigger inconsistency
Bad event
Bad event
ZtoMM trigger inconsistency
TtoEM trigger inconsistency
ZtoMM trigger inconsistency
ZtoMM trigger inconsistency
Bad event
ZtoMM trigger inconsistency
TtoEM trigger inconsistency
Bad event
TtoEM trigger inconsistency
Bad event
ZtoMM trigger inconsistency
Bad event
ZtoEE trigger inconsistency
TtoEM trigger inconsistency
Processed 12000 preselected entries from root://cms-xrd-global.cern.ch//store/mc/RunIIFall17NanoAODv6/ZprimeToZHToZlepHinc_narrow_M-4000_TuneCP5_13TeV-madgraph-pythia8/NANOAODSIM/PU2017_12Apr2018_Nano25Oct2019_102X_mc2017_realistic_v7-v1/70000/0AB9C4D3-2D8C-2242-A368-E05ED727135D.root (12000 entries). Finally selected 8750 entries
Done /work/pbaertsc/heavy_resonance/output_2017/ZprimeToZHToZlepHinc_narrow_M-4000_TuneCP5_13TeV-madgraph-pythia8__RunIIFall17NanoAODv6-PU2017_12Apr2018_Nano25Oct2019_102X_mc2017_realistic_v7-v1__NANOAODSIM/0AB9C4D3-2D8C-2242-A368-E05ED727135D.root
38.7321670647 Hz
deleting root file with name: /work/pbaertsc/heavy_resonance/output_2017/ZprimeToZHToZlepHinc_narrow_M-4000_TuneCP5_13TeV-madgraph-pythia8__RunIIFall17NanoAODv6-PU2017_12Apr2018_Nano25Oct2019_102X_mc2017_realistic_v7-v1__NANOAODSIM/0AB9C4D3-2D8C-2242-A368-E05ED727135D.root
DONE
Complete at
Thu Jan 30 21:01:26 CET 2020
