job start at
Thu Jan 30 19:52:43 CET 2020
SLURM_JOB_ID: 440064
HOSTNAME: t3wn58
JOBLIST:joblist/joblist_ZZTo4L_13TeV_powheg_pythia8_ext1__RunIISummer16NanoAODv6-PUMoriond17_Nano25Oct2019_102X_mcRun2_asymptotic_v7-v1__NANOAODSIM_ll.txt
Going to execute
python job.py -i root://cms-xrd-global.cern.ch//store/mc/RunIISummer16NanoAODv6/ZZTo4L_13TeV_powheg_pythia8_ext1/NANOAODSIM/PUMoriond17_Nano25Oct2019_102X_mcRun2_asymptotic_v7-v1/70000/B2DC1652-A6CB-1B4E-ADF1-4AAF9E1BD427.root -o /work/pbaertsc/heavy_resonance/output_2016/ZZTo4L_13TeV_powheg_pythia8_ext1__RunIISummer16NanoAODv6-PUMoriond17_Nano25Oct2019_102X_mcRun2_asymptotic_v7-v1__NANOAODSIM -N ZZTo4L_13TeV_powheg_pythia8_ext1__RunIISummer16NanoAODv6-PUMoriond17_Nano25Oct2019_102X_mcRun2_asymptotic_v7-v1__NANOAODSIM -n 50 -c ll -y 2016
TClass::Init:0: RuntimeWarning: no dictionary for class ROOT::TIOFeatures is available
/work/pbaertsc/heavy_resonance/CMSSW_9_4_6/python/PhysicsTools/NanoAODTools/postprocessing/framework/treeReaderArrayTools.py:69: RuntimeWarning: creating executor for unknown type "ULong64_t*"
  ret = _vr.Get()[0]
JEC= Summer16_07Aug2017_V11_MC 	 JER= Summer16_25nsV1_MC
MET branch= PuppiMET
JEC= Summer16_07Aug2017_V11_MC 	 JER= Summer16_25nsV1_MC
MET branch= PuppiMET
--------------------------------------------------------------------------------
input files  = ['root://cms-xrd-global.cern.ch//store/mc/RunIISummer16NanoAODv6/ZZTo4L_13TeV_powheg_pythia8_ext1/NANOAODSIM/PUMoriond17_Nano25Oct2019_102X_mcRun2_asymptotic_v7-v1/70000/B2DC1652-A6CB-1B4E-ADF1-4AAF9E1BD427.root']
output directory = /work/pbaertsc/heavy_resonance/output_2016/ZZTo4L_13TeV_powheg_pythia8_ext1__RunIISummer16NanoAODv6-PUMoriond17_Nano25Oct2019_102X_mcRun2_asymptotic_v7-v1__NANOAODSIM
output file  = ZZTo4L_13TeV_powheg_pythia8_ext1__RunIISummer16NanoAODv6-PUMoriond17_Nano25Oct2019_102X_mcRun2_asymptotic_v7-v1__NANOAODSIM_50_ll.root
chunck       = 50
channel      = ll
dataType     = mc
year         = 2016
tes          = 1.0
ltf          = 1.0
jtf          = 1.0
--------------------------------------------------------------------------------
job.py: creating PostProcessor...
TreeProducer is called /work/pbaertsc/heavy_resonance/output_2016/ZZTo4L_13TeV_powheg_pythia8_ext1__RunIISummer16NanoAODv6-PUMoriond17_Nano25Oct2019_102X_mcRun2_asymptotic_v7-v1__NANOAODSIM/ZZTo4L_13TeV_powheg_pythia8_ext1__RunIISummer16NanoAODv6-PUMoriond17_Nano25Oct2019_102X_mcRun2_asymptotic_v7-v1__NANOAODSIM_50_ll.root
job.py: going to run PostProcessor...
Will write selected trees to /work/pbaertsc/heavy_resonance/output_2016/ZZTo4L_13TeV_powheg_pythia8_ext1__RunIISummer16NanoAODv6-PUMoriond17_Nano25Oct2019_102X_mcRun2_asymptotic_v7-v1__NANOAODSIM
Loading jet energy scale (JES) uncertainties from file '/tmp/tmpLozIZc/Summer16_07Aug2017_V11_MC_Uncertainty_AK4PFchs.txt'
Loading jet energy resolutions (JER) from file '/tmp/tmpZS7tZr/Summer16_25nsV1_MC_PtResolution_AK4PFchs.txt'
Loading JER scale factors and uncertainties from file '/tmp/tmpZS7tZr/Summer16_25nsV1_MC_SF_AK4PFchs.txt'
Loading jet energy scale (JES) uncertainties from file '/tmp/tmpeOxmPw/Summer16_07Aug2017_V11_MC_Uncertainty_AK8PFPuppi.txt'
Loading jet energy resolutions (JER) from file '/tmp/tmp8AyAos/Summer16_25nsV1_MC_PtResolution_AK8PFPuppi.txt'
Loading JER scale factors and uncertainties from file '/tmp/tmp8AyAos/Summer16_25nsV1_MC_SF_AK8PFPuppi.txt'
Pre-select 1501431 entries out of 1501431 (100.00%)
nanoAODv5? True
Processed    10000/ 1501431 entries,  0.67% (elapsed time   186.1s, curr speed    0.054 kHz, avg speed    0.054 kHz), accepted       16/   10001 events ( 0.16%)
ZtoMM trigger inconsistency
Processed    20000/ 1501431 entries,  1.33% (elapsed time   367.7s, curr speed    0.055 kHz, avg speed    0.054 kHz), accepted       39/   20001 events ( 0.19%)
Processed    30000/ 1501431 entries,  2.00% (elapsed time   543.8s, curr speed    0.057 kHz, avg speed    0.055 kHz), accepted       53/   30001 events ( 0.18%)
Processed    40000/ 1501431 entries,  2.66% (elapsed time   717.2s, curr speed    0.058 kHz, avg speed    0.056 kHz), accepted       74/   40001 events ( 0.18%)
TtoEM trigger inconsistency
Processed    50000/ 1501431 entries,  3.33% (elapsed time   889.2s, curr speed    0.058 kHz, avg speed    0.056 kHz), accepted       86/   50001 events ( 0.17%)
ZtoMM trigger inconsistency
ZtoEE trigger inconsistency
Processed    60000/ 1501431 entries,  4.00% (elapsed time  1054.5s, curr speed    0.061 kHz, avg speed    0.057 kHz), accepted       97/   60001 events ( 0.16%)
ZtoMM trigger inconsistency
Processed    70000/ 1501431 entries,  4.66% (elapsed time  1214.5s, curr speed    0.062 kHz, avg speed    0.058 kHz), accepted      111/   70001 events ( 0.16%)
Processed    80000/ 1501431 entries,  5.33% (elapsed time  1374.6s, curr speed    0.062 kHz, avg speed    0.058 kHz), accepted      125/   80001 events ( 0.16%)
Processed    90000/ 1501431 entries,  5.99% (elapsed time  1537.7s, curr speed    0.061 kHz, avg speed    0.059 kHz), accepted      139/   90001 events ( 0.15%)
Processed   100000/ 1501431 entries,  6.66% (elapsed time  1703.6s, curr speed    0.060 kHz, avg speed    0.059 kHz), accepted      150/  100001 events ( 0.15%)
TtoEM trigger inconsistency
Processed   110000/ 1501431 entries,  7.33% (elapsed time  1866.1s, curr speed    0.062 kHz, avg speed    0.059 kHz), accepted      164/  110001 events ( 0.15%)
Processed   120000/ 1501431 entries,  7.99% (elapsed time  2027.9s, curr speed    0.062 kHz, avg speed    0.059 kHz), accepted      177/  120001 events ( 0.15%)
ZtoMM trigger inconsistency
ZtoMM trigger inconsistency
Processed   130000/ 1501431 entries,  8.66% (elapsed time  2191.6s, curr speed    0.061 kHz, avg speed    0.059 kHz), accepted      192/  130001 events ( 0.15%)
Processed   140000/ 1501431 entries,  9.32% (elapsed time  2356.3s, curr speed    0.061 kHz, avg speed    0.059 kHz), accepted      207/  140001 events ( 0.15%)
Processed   150000/ 1501431 entries,  9.99% (elapsed time  2518.6s, curr speed    0.062 kHz, avg speed    0.060 kHz), accepted      220/  150001 events ( 0.15%)
ZtoMM trigger inconsistency
Processed   160000/ 1501431 entries, 10.66% (elapsed time  2682.3s, curr speed    0.061 kHz, avg speed    0.060 kHz), accepted      228/  160001 events ( 0.14%)
ZtoMM trigger inconsistency
Processed   170000/ 1501431 entries, 11.32% (elapsed time  2847.3s, curr speed    0.061 kHz, avg speed    0.060 kHz), accepted      252/  170001 events ( 0.15%)
Processed   180000/ 1501431 entries, 11.99% (elapsed time  3010.0s, curr speed    0.061 kHz, avg speed    0.060 kHz), accepted      264/  180001 events ( 0.15%)
ZtoMM trigger inconsistency
Processed   190000/ 1501431 entries, 12.65% (elapsed time  3178.1s, curr speed    0.059 kHz, avg speed    0.060 kHz), accepted      274/  190001 events ( 0.14%)
Processed   200000/ 1501431 entries, 13.32% (elapsed time  3341.6s, curr speed    0.061 kHz, avg speed    0.060 kHz), accepted      289/  200001 events ( 0.14%)
ZtoMM trigger inconsistency
Processed   210000/ 1501431 entries, 13.99% (elapsed time  3505.0s, curr speed    0.061 kHz, avg speed    0.060 kHz), accepted      299/  210001 events ( 0.14%)
Processed   220000/ 1501431 entries, 14.65% (elapsed time  3666.2s, curr speed    0.062 kHz, avg speed    0.060 kHz), accepted      318/  220001 events ( 0.14%)
Processed   230000/ 1501431 entries, 15.32% (elapsed time  3826.9s, curr speed    0.062 kHz, avg speed    0.060 kHz), accepted      342/  230001 events ( 0.15%)
Processed   240000/ 1501431 entries, 15.98% (elapsed time  3991.6s, curr speed    0.061 kHz, avg speed    0.060 kHz), accepted      358/  240001 events ( 0.15%)
ZtoMM trigger inconsistency
Processed   250000/ 1501431 entries, 16.65% (elapsed time  4157.2s, curr speed    0.060 kHz, avg speed    0.060 kHz), accepted      374/  250001 events ( 0.15%)
Processed   260000/ 1501431 entries, 17.32% (elapsed time  4320.8s, curr speed    0.061 kHz, avg speed    0.060 kHz), accepted      392/  260001 events ( 0.15%)
TtoEM trigger inconsistency
Processed   270000/ 1501431 entries, 17.98% (elapsed time  4485.2s, curr speed    0.061 kHz, avg speed    0.060 kHz), accepted      404/  270001 events ( 0.15%)
Processed   280000/ 1501431 entries, 18.65% (elapsed time  4650.2s, curr speed    0.061 kHz, avg speed    0.060 kHz), accepted      427/  280001 events ( 0.15%)
Processed   290000/ 1501431 entries, 19.31% (elapsed time  4814.9s, curr speed    0.061 kHz, avg speed    0.060 kHz), accepted      449/  290001 events ( 0.15%)
Processed   300000/ 1501431 entries, 19.98% (elapsed time  4981.1s, curr speed    0.060 kHz, avg speed    0.060 kHz), accepted      469/  300001 events ( 0.16%)
TtoEM trigger inconsistency
Processed   310000/ 1501431 entries, 20.65% (elapsed time  5143.6s, curr speed    0.062 kHz, avg speed    0.060 kHz), accepted      491/  310001 events ( 0.16%)
Processed   320000/ 1501431 entries, 21.31% (elapsed time  5308.3s, curr speed    0.061 kHz, avg speed    0.060 kHz), accepted      504/  320001 events ( 0.16%)
TtoEM trigger inconsistency
TtoEM trigger inconsistency
ZtoMM trigger inconsistency
Processed   330000/ 1501431 entries, 21.98% (elapsed time  5472.1s, curr speed    0.061 kHz, avg speed    0.060 kHz), accepted      517/  330001 events ( 0.16%)
ZtoEE trigger inconsistency
Processed   340000/ 1501431 entries, 22.65% (elapsed time  5637.5s, curr speed    0.060 kHz, avg speed    0.060 kHz), accepted      532/  340001 events ( 0.16%)
ZtoMM trigger inconsistency
ZtoMM trigger inconsistency
Processed   350000/ 1501431 entries, 23.31% (elapsed time  5781.7s, curr speed    0.069 kHz, avg speed    0.061 kHz), accepted      547/  350001 events ( 0.16%)
Processed   360000/ 1501431 entries, 23.98% (elapsed time  5926.5s, curr speed    0.069 kHz, avg speed    0.061 kHz), accepted      558/  360001 events ( 0.15%)
Processed   370000/ 1501431 entries, 24.64% (elapsed time  6094.0s, curr speed    0.060 kHz, avg speed    0.061 kHz), accepted      575/  370001 events ( 0.16%)
Processed   380000/ 1501431 entries, 25.31% (elapsed time  6264.3s, curr speed    0.059 kHz, avg speed    0.061 kHz), accepted      598/  380001 events ( 0.16%)
Processed   390000/ 1501431 entries, 25.98% (elapsed time  6427.8s, curr speed    0.061 kHz, avg speed    0.061 kHz), accepted      618/  390001 events ( 0.16%)
Processed   400000/ 1501431 entries, 26.64% (elapsed time  6594.4s, curr speed    0.060 kHz, avg speed    0.061 kHz), accepted      628/  400001 events ( 0.16%)
TtoEM trigger inconsistency
Processed   410000/ 1501431 entries, 27.31% (elapsed time  6761.7s, curr speed    0.060 kHz, avg speed    0.061 kHz), accepted      640/  410001 events ( 0.16%)
Processed   420000/ 1501431 entries, 27.97% (elapsed time  6926.4s, curr speed    0.061 kHz, avg speed    0.061 kHz), accepted      656/  420001 events ( 0.16%)
Processed   430000/ 1501431 entries, 28.64% (elapsed time  7092.8s, curr speed    0.060 kHz, avg speed    0.061 kHz), accepted      675/  430001 events ( 0.16%)
Processed   440000/ 1501431 entries, 29.31% (elapsed time  7257.7s, curr speed    0.061 kHz, avg speed    0.061 kHz), accepted      692/  440001 events ( 0.16%)
TtoEM trigger inconsistency
Processed   450000/ 1501431 entries, 29.97% (elapsed time  7425.3s, curr speed    0.060 kHz, avg speed    0.061 kHz), accepted      712/  450001 events ( 0.16%)
Processed   460000/ 1501431 entries, 30.64% (elapsed time  7593.5s, curr speed    0.059 kHz, avg speed    0.061 kHz), accepted      724/  460001 events ( 0.16%)
Processed   470000/ 1501431 entries, 31.30% (elapsed time  7758.7s, curr speed    0.061 kHz, avg speed    0.061 kHz), accepted      740/  470001 events ( 0.16%)
Processed   480000/ 1501431 entries, 31.97% (elapsed time  7925.8s, curr speed    0.060 kHz, avg speed    0.061 kHz), accepted      758/  480001 events ( 0.16%)
ZtoMM trigger inconsistency
TtoEM trigger inconsistency
Processed   490000/ 1501431 entries, 32.64% (elapsed time  8089.3s, curr speed    0.061 kHz, avg speed    0.061 kHz), accepted      777/  490001 events ( 0.16%)
ZtoMM trigger inconsistency
Processed   500000/ 1501431 entries, 33.30% (elapsed time  8249.6s, curr speed    0.062 kHz, avg speed    0.061 kHz), accepted      789/  500001 events ( 0.16%)
ZtoMM trigger inconsistency
Processed   510000/ 1501431 entries, 33.97% (elapsed time  8405.9s, curr speed    0.064 kHz, avg speed    0.061 kHz), accepted      803/  510001 events ( 0.16%)
Processed   520000/ 1501431 entries, 34.63% (elapsed time  8563.2s, curr speed    0.064 kHz, avg speed    0.061 kHz), accepted      819/  520001 events ( 0.16%)
ZtoMM trigger inconsistency
Processed   530000/ 1501431 entries, 35.30% (elapsed time  8718.6s, curr speed    0.064 kHz, avg speed    0.061 kHz), accepted      836/  530001 events ( 0.16%)
Processed   540000/ 1501431 entries, 35.97% (elapsed time  8865.1s, curr speed    0.068 kHz, avg speed    0.061 kHz), accepted      846/  540001 events ( 0.16%)
Processed   550000/ 1501431 entries, 36.63% (elapsed time  9003.3s, curr speed    0.072 kHz, avg speed    0.061 kHz), accepted      856/  550001 events ( 0.16%)
ZtoMM trigger inconsistency
TtoEM trigger inconsistency
Processed   560000/ 1501431 entries, 37.30% (elapsed time  9133.3s, curr speed    0.077 kHz, avg speed    0.061 kHz), accepted      875/  560001 events ( 0.16%)
Processed   570000/ 1501431 entries, 37.96% (elapsed time  9256.1s, curr speed    0.081 kHz, avg speed    0.062 kHz), accepted      885/  570001 events ( 0.16%)
ZtoMM trigger inconsistency
Processed   580000/ 1501431 entries, 38.63% (elapsed time  9382.2s, curr speed    0.079 kHz, avg speed    0.062 kHz), accepted      900/  580001 events ( 0.16%)
Processed   590000/ 1501431 entries, 39.30% (elapsed time  9492.4s, curr speed    0.091 kHz, avg speed    0.062 kHz), accepted      914/  590001 events ( 0.15%)
TtoEM trigger inconsistency
ZtoMM trigger inconsistency
Processed   600000/ 1501431 entries, 39.96% (elapsed time  9577.8s, curr speed    0.117 kHz, avg speed    0.063 kHz), accepted      922/  600001 events ( 0.15%)
Processed   610000/ 1501431 entries, 40.63% (elapsed time  9657.0s, curr speed    0.126 kHz, avg speed    0.063 kHz), accepted      934/  610001 events ( 0.15%)
Processed   620000/ 1501431 entries, 41.29% (elapsed time  9724.7s, curr speed    0.148 kHz, avg speed    0.064 kHz), accepted      948/  620001 events ( 0.15%)
ZtoMM trigger inconsistency
Processed   630000/ 1501431 entries, 41.96% (elapsed time  9787.7s, curr speed    0.159 kHz, avg speed    0.064 kHz), accepted      970/  630001 events ( 0.15%)
Processed   640000/ 1501431 entries, 42.63% (elapsed time  9849.6s, curr speed    0.162 kHz, avg speed    0.065 kHz), accepted      992/  640001 events ( 0.15%)
Processed   650000/ 1501431 entries, 43.29% (elapsed time  9913.4s, curr speed    0.157 kHz, avg speed    0.066 kHz), accepted     1008/  650001 events ( 0.16%)
Processed   660000/ 1501431 entries, 43.96% (elapsed time  9973.3s, curr speed    0.167 kHz, avg speed    0.066 kHz), accepted     1025/  660001 events ( 0.16%)
Processed   670000/ 1501431 entries, 44.62% (elapsed time 10035.6s, curr speed    0.160 kHz, avg speed    0.067 kHz), accepted     1036/  670001 events ( 0.15%)
Processed   680000/ 1501431 entries, 45.29% (elapsed time 10098.0s, curr speed    0.160 kHz, avg speed    0.067 kHz), accepted     1050/  680001 events ( 0.15%)
Processed   690000/ 1501431 entries, 45.96% (elapsed time 10160.8s, curr speed    0.159 kHz, avg speed    0.068 kHz), accepted     1064/  690001 events ( 0.15%)
TtoEM trigger inconsistency
Processed   700000/ 1501431 entries, 46.62% (elapsed time 10223.4s, curr speed    0.160 kHz, avg speed    0.068 kHz), accepted     1085/  700001 events ( 0.15%)
Processed   710000/ 1501431 entries, 47.29% (elapsed time 10283.0s, curr speed    0.168 kHz, avg speed    0.069 kHz), accepted     1099/  710001 events ( 0.15%)
Processed   720000/ 1501431 entries, 47.95% (elapsed time 10345.5s, curr speed    0.160 kHz, avg speed    0.070 kHz), accepted     1115/  720001 events ( 0.15%)
Processed   730000/ 1501431 entries, 48.62% (elapsed time 10406.0s, curr speed    0.165 kHz, avg speed    0.070 kHz), accepted     1134/  730001 events ( 0.16%)
ZtoMM trigger inconsistency
ZtoMM trigger inconsistency
Processed   740000/ 1501431 entries, 49.29% (elapsed time 10467.5s, curr speed    0.163 kHz, avg speed    0.071 kHz), accepted     1152/  740001 events ( 0.16%)
Processed   750000/ 1501431 entries, 49.95% (elapsed time 10530.0s, curr speed    0.160 kHz, avg speed    0.071 kHz), accepted     1169/  750001 events ( 0.16%)
Processed   760000/ 1501431 entries, 50.62% (elapsed time 10589.0s, curr speed    0.169 kHz, avg speed    0.072 kHz), accepted     1182/  760001 events ( 0.16%)
Processed   770000/ 1501431 entries, 51.28% (elapsed time 10652.3s, curr speed    0.158 kHz, avg speed    0.072 kHz), accepted     1190/  770001 events ( 0.15%)
ZtoMM trigger inconsistency
ZtoMM trigger inconsistency
TtoEM trigger inconsistency
Processed   780000/ 1501431 entries, 51.95% (elapsed time 10713.1s, curr speed    0.164 kHz, avg speed    0.073 kHz), accepted     1199/  780001 events ( 0.15%)
TtoEM trigger inconsistency
Processed   790000/ 1501431 entries, 52.62% (elapsed time 10776.2s, curr speed    0.158 kHz, avg speed    0.073 kHz), accepted     1216/  790001 events ( 0.15%)
ZtoMM trigger inconsistency
ZtoMM trigger inconsistency
ZtoMM trigger inconsistency
Processed   800000/ 1501431 entries, 53.28% (elapsed time 10837.5s, curr speed    0.163 kHz, avg speed    0.074 kHz), accepted     1226/  800001 events ( 0.15%)
Processed   810000/ 1501431 entries, 53.95% (elapsed time 10898.3s, curr speed    0.164 kHz, avg speed    0.074 kHz), accepted     1237/  810001 events ( 0.15%)
ZtoMM trigger inconsistency
Processed   820000/ 1501431 entries, 54.61% (elapsed time 10960.3s, curr speed    0.161 kHz, avg speed    0.075 kHz), accepted     1252/  820001 events ( 0.15%)
TtoEM trigger inconsistency
Processed   830000/ 1501431 entries, 55.28% (elapsed time 11021.0s, curr speed    0.165 kHz, avg speed    0.075 kHz), accepted     1263/  830001 events ( 0.15%)
Processed   840000/ 1501431 entries, 55.95% (elapsed time 11083.8s, curr speed    0.159 kHz, avg speed    0.076 kHz), accepted     1275/  840001 events ( 0.15%)
Processed   850000/ 1501431 entries, 56.61% (elapsed time 11144.8s, curr speed    0.164 kHz, avg speed    0.076 kHz), accepted     1291/  850001 events ( 0.15%)
ZtoMM trigger inconsistency
Processed   860000/ 1501431 entries, 57.28% (elapsed time 11205.5s, curr speed    0.165 kHz, avg speed    0.077 kHz), accepted     1303/  860001 events ( 0.15%)
ZtoMM trigger inconsistency
TtoEM trigger inconsistency
Processed   870000/ 1501431 entries, 57.94% (elapsed time 11269.2s, curr speed    0.157 kHz, avg speed    0.077 kHz), accepted     1320/  870001 events ( 0.15%)
ZtoMM trigger inconsistency
Processed   880000/ 1501431 entries, 58.61% (elapsed time 11328.5s, curr speed    0.169 kHz, avg speed    0.078 kHz), accepted     1336/  880001 events ( 0.15%)
Processed   890000/ 1501431 entries, 59.28% (elapsed time 11390.9s, curr speed    0.160 kHz, avg speed    0.078 kHz), accepted     1349/  890001 events ( 0.15%)
Processed   900000/ 1501431 entries, 59.94% (elapsed time 11451.7s, curr speed    0.164 kHz, avg speed    0.079 kHz), accepted     1367/  900001 events ( 0.15%)
Processed   910000/ 1501431 entries, 60.61% (elapsed time 11514.3s, curr speed    0.160 kHz, avg speed    0.079 kHz), accepted     1388/  910001 events ( 0.15%)
ZtoEE trigger inconsistency
Processed   920000/ 1501431 entries, 61.27% (elapsed time 11577.0s, curr speed    0.160 kHz, avg speed    0.079 kHz), accepted     1407/  920001 events ( 0.15%)
ZtoMM trigger inconsistency
Processed   930000/ 1501431 entries, 61.94% (elapsed time 11636.4s, curr speed    0.168 kHz, avg speed    0.080 kHz), accepted     1427/  930001 events ( 0.15%)
Processed   940000/ 1501431 entries, 62.61% (elapsed time 11698.7s, curr speed    0.161 kHz, avg speed    0.080 kHz), accepted     1454/  940001 events ( 0.15%)
Processed   950000/ 1501431 entries, 63.27% (elapsed time 11757.9s, curr speed    0.169 kHz, avg speed    0.081 kHz), accepted     1469/  950001 events ( 0.15%)
Processed   960000/ 1501431 entries, 63.94% (elapsed time 11820.2s, curr speed    0.161 kHz, avg speed    0.081 kHz), accepted     1483/  960001 events ( 0.15%)
ZtoEE trigger inconsistency
Processed   970000/ 1501431 entries, 64.61% (elapsed time 11880.8s, curr speed    0.165 kHz, avg speed    0.082 kHz), accepted     1501/  970001 events ( 0.15%)
ZtoMM trigger inconsistency
Processed   980000/ 1501431 entries, 65.27% (elapsed time 11941.9s, curr speed    0.164 kHz, avg speed    0.082 kHz), accepted     1511/  980001 events ( 0.15%)
ZtoMM trigger inconsistency
Processed   990000/ 1501431 entries, 65.94% (elapsed time 12004.3s, curr speed    0.160 kHz, avg speed    0.082 kHz), accepted     1522/  990001 events ( 0.15%)
TtoEM trigger inconsistency
Processed  1000000/ 1501431 entries, 66.60% (elapsed time 12063.8s, curr speed    0.168 kHz, avg speed    0.083 kHz), accepted     1540/ 1000001 events ( 0.15%)
ZtoMM trigger inconsistency
Processed  1010000/ 1501431 entries, 67.27% (elapsed time 12126.9s, curr speed    0.159 kHz, avg speed    0.083 kHz), accepted     1555/ 1010001 events ( 0.15%)
Processed  1020000/ 1501431 entries, 67.94% (elapsed time 12188.2s, curr speed    0.163 kHz, avg speed    0.084 kHz), accepted     1572/ 1020001 events ( 0.15%)
Processed  1030000/ 1501431 entries, 68.60% (elapsed time 12249.5s, curr speed    0.163 kHz, avg speed    0.084 kHz), accepted     1590/ 1030001 events ( 0.15%)
Processed  1040000/ 1501431 entries, 69.27% (elapsed time 12311.5s, curr speed    0.161 kHz, avg speed    0.084 kHz), accepted     1607/ 1040001 events ( 0.15%)
ZtoMM trigger inconsistency
TtoEM trigger inconsistency
Processed  1050000/ 1501431 entries, 69.93% (elapsed time 12371.9s, curr speed    0.166 kHz, avg speed    0.085 kHz), accepted     1617/ 1050001 events ( 0.15%)
ZtoMM trigger inconsistency
TtoEM trigger inconsistency
ZtoMM trigger inconsistency
Processed  1060000/ 1501431 entries, 70.60% (elapsed time 12434.3s, curr speed    0.160 kHz, avg speed    0.085 kHz), accepted     1630/ 1060001 events ( 0.15%)
ZtoMM trigger inconsistency
Processed  1070000/ 1501431 entries, 71.27% (elapsed time 12495.9s, curr speed    0.162 kHz, avg speed    0.086 kHz), accepted     1645/ 1070001 events ( 0.15%)
TtoEM trigger inconsistency
Processed  1080000/ 1501431 entries, 71.93% (elapsed time 12556.8s, curr speed    0.164 kHz, avg speed    0.086 kHz), accepted     1657/ 1080001 events ( 0.15%)
ZtoMM trigger inconsistency
Processed  1090000/ 1501431 entries, 72.60% (elapsed time 12618.9s, curr speed    0.161 kHz, avg speed    0.086 kHz), accepted     1672/ 1090001 events ( 0.15%)
Processed  1100000/ 1501431 entries, 73.26% (elapsed time 12677.0s, curr speed    0.172 kHz, avg speed    0.087 kHz), accepted     1676/ 1100001 events ( 0.15%)
ZtoMM trigger inconsistency
ZtoMM trigger inconsistency
ZtoMM trigger inconsistency
Processed  1110000/ 1501431 entries, 73.93% (elapsed time 12739.7s, curr speed    0.160 kHz, avg speed    0.087 kHz), accepted     1696/ 1110001 events ( 0.15%)
Processed  1120000/ 1501431 entries, 74.60% (elapsed time 12799.6s, curr speed    0.167 kHz, avg speed    0.088 kHz), accepted     1709/ 1120001 events ( 0.15%)
Processed  1130000/ 1501431 entries, 75.26% (elapsed time 12860.7s, curr speed    0.164 kHz, avg speed    0.088 kHz), accepted     1724/ 1130001 events ( 0.15%)
ZtoMM trigger inconsistency
Processed  1140000/ 1501431 entries, 75.93% (elapsed time 12922.4s, curr speed    0.162 kHz, avg speed    0.088 kHz), accepted     1744/ 1140001 events ( 0.15%)
Processed  1150000/ 1501431 entries, 76.59% (elapsed time 12983.4s, curr speed    0.164 kHz, avg speed    0.089 kHz), accepted     1759/ 1150001 events ( 0.15%)
Processed  1160000/ 1501431 entries, 77.26% (elapsed time 13046.0s, curr speed    0.160 kHz, avg speed    0.089 kHz), accepted     1776/ 1160001 events ( 0.15%)
TtoEM trigger inconsistency
Bad event
Processed  1170000/ 1501431 entries, 77.93% (elapsed time 13105.4s, curr speed    0.168 kHz, avg speed    0.089 kHz), accepted     1786/ 1170001 events ( 0.15%)
Processed  1180000/ 1501431 entries, 78.59% (elapsed time 13168.7s, curr speed    0.158 kHz, avg speed    0.090 kHz), accepted     1801/ 1180001 events ( 0.15%)
Processed  1190000/ 1501431 entries, 79.26% (elapsed time 13230.1s, curr speed    0.163 kHz, avg speed    0.090 kHz), accepted     1814/ 1190001 events ( 0.15%)
ZtoMM trigger inconsistency
TtoEM trigger inconsistency
Processed  1200000/ 1501431 entries, 79.92% (elapsed time 13292.2s, curr speed    0.161 kHz, avg speed    0.090 kHz), accepted     1827/ 1200001 events ( 0.15%)
Processed  1210000/ 1501431 entries, 80.59% (elapsed time 13353.8s, curr speed    0.162 kHz, avg speed    0.091 kHz), accepted     1839/ 1210001 events ( 0.15%)
TtoEM trigger inconsistency
%MSG-e SimpleJetCorrectionUncertainty: 
 bin variables out of range
%MSG
%MSG-e SimpleJetCorrectionUncertainty: 
 bin variables out of range
%MSG
Processed  1220000/ 1501431 entries, 81.26% (elapsed time 13414.1s, curr speed    0.166 kHz, avg speed    0.091 kHz), accepted     1854/ 1220001 events ( 0.15%)
ZtoMM trigger inconsistency
ZtoMM trigger inconsistency
Processed  1230000/ 1501431 entries, 81.92% (elapsed time 13476.4s, curr speed    0.160 kHz, avg speed    0.091 kHz), accepted     1862/ 1230001 events ( 0.15%)
Processed  1240000/ 1501431 entries, 82.59% (elapsed time 13538.5s, curr speed    0.161 kHz, avg speed    0.092 kHz), accepted     1877/ 1240001 events ( 0.15%)
ZtoMM trigger inconsistency
Processed  1250000/ 1501431 entries, 83.25% (elapsed time 13600.6s, curr speed    0.161 kHz, avg speed    0.092 kHz), accepted     1885/ 1250001 events ( 0.15%)
TtoEM trigger inconsistency
Processed  1260000/ 1501431 entries, 83.92% (elapsed time 13663.4s, curr speed    0.159 kHz, avg speed    0.092 kHz), accepted     1899/ 1260001 events ( 0.15%)
TtoEM trigger inconsistency
Processed  1270000/ 1501431 entries, 84.59% (elapsed time 13782.4s, curr speed    0.084 kHz, avg speed    0.092 kHz), accepted     1910/ 1270001 events ( 0.15%)
ZtoMM trigger inconsistency
Processed  1280000/ 1501431 entries, 85.25% (elapsed time 13847.2s, curr speed    0.154 kHz, avg speed    0.092 kHz), accepted     1927/ 1280001 events ( 0.15%)
Processed  1290000/ 1501431 entries, 85.92% (elapsed time 13907.5s, curr speed    0.166 kHz, avg speed    0.093 kHz), accepted     1946/ 1290001 events ( 0.15%)
Processed  1300000/ 1501431 entries, 86.58% (elapsed time 13969.9s, curr speed    0.160 kHz, avg speed    0.093 kHz), accepted     1960/ 1300001 events ( 0.15%)
Processed  1310000/ 1501431 entries, 87.25% (elapsed time 14030.8s, curr speed    0.164 kHz, avg speed    0.093 kHz), accepted     1977/ 1310001 events ( 0.15%)
Processed  1320000/ 1501431 entries, 87.92% (elapsed time 14091.8s, curr speed    0.164 kHz, avg speed    0.094 kHz), accepted     1988/ 1320001 events ( 0.15%)
ZtoMM trigger inconsistency
Processed  1330000/ 1501431 entries, 88.58% (elapsed time 14154.0s, curr speed    0.161 kHz, avg speed    0.094 kHz), accepted     1997/ 1330001 events ( 0.15%)
Processed  1340000/ 1501431 entries, 89.25% (elapsed time 14214.6s, curr speed    0.165 kHz, avg speed    0.094 kHz), accepted     2017/ 1340001 events ( 0.15%)
TtoEM trigger inconsistency
Processed  1350000/ 1501431 entries, 89.91% (elapsed time 14276.3s, curr speed    0.162 kHz, avg speed    0.095 kHz), accepted     2036/ 1350001 events ( 0.15%)
Processed  1360000/ 1501431 entries, 90.58% (elapsed time 14336.3s, curr speed    0.167 kHz, avg speed    0.095 kHz), accepted     2053/ 1360001 events ( 0.15%)
Processed  1370000/ 1501431 entries, 91.25% (elapsed time 14404.1s, curr speed    0.147 kHz, avg speed    0.095 kHz), accepted     2066/ 1370001 events ( 0.15%)
TtoEM trigger inconsistency
Processed  1380000/ 1501431 entries, 91.91% (elapsed time 14472.8s, curr speed    0.146 kHz, avg speed    0.095 kHz), accepted     2081/ 1380001 events ( 0.15%)
ZtoMM trigger inconsistency
Processed  1390000/ 1501431 entries, 92.58% (elapsed time 14538.9s, curr speed    0.151 kHz, avg speed    0.096 kHz), accepted     2091/ 1390001 events ( 0.15%)
Processed  1400000/ 1501431 entries, 93.24% (elapsed time 14603.7s, curr speed    0.154 kHz, avg speed    0.096 kHz), accepted     2100/ 1400001 events ( 0.15%)
Processed  1410000/ 1501431 entries, 93.91% (elapsed time 14669.9s, curr speed    0.151 kHz, avg speed    0.096 kHz), accepted     2119/ 1410001 events ( 0.15%)
Processed  1420000/ 1501431 entries, 94.58% (elapsed time 14735.1s, curr speed    0.153 kHz, avg speed    0.096 kHz), accepted     2132/ 1420001 events ( 0.15%)
Processed  1430000/ 1501431 entries, 95.24% (elapsed time 14801.7s, curr speed    0.150 kHz, avg speed    0.097 kHz), accepted     2155/ 1430001 events ( 0.15%)
Processed  1440000/ 1501431 entries, 95.91% (elapsed time 14868.4s, curr speed    0.150 kHz, avg speed    0.097 kHz), accepted     2173/ 1440001 events ( 0.15%)
Processed  1450000/ 1501431 entries, 96.57% (elapsed time 14962.0s, curr speed    0.107 kHz, avg speed    0.097 kHz), accepted     2188/ 1450001 events ( 0.15%)
ZtoMM trigger inconsistency
Processed  1460000/ 1501431 entries, 97.24% (elapsed time 15028.3s, curr speed    0.151 kHz, avg speed    0.097 kHz), accepted     2205/ 1460001 events ( 0.15%)
Processed  1470000/ 1501431 entries, 97.91% (elapsed time 15090.8s, curr speed    0.160 kHz, avg speed    0.097 kHz), accepted     2220/ 1470001 events ( 0.15%)
TtoEM trigger inconsistency
Processed  1480000/ 1501431 entries, 98.57% (elapsed time 15155.1s, curr speed    0.155 kHz, avg speed    0.098 kHz), accepted     2236/ 1480001 events ( 0.15%)
Processed  1490000/ 1501431 entries, 99.24% (elapsed time 15215.4s, curr speed    0.166 kHz, avg speed    0.098 kHz), accepted     2257/ 1490001 events ( 0.15%)
Processed  1500000/ 1501431 entries, 99.90% (elapsed time 15277.3s, curr speed    0.162 kHz, avg speed    0.098 kHz), accepted     2279/ 1500001 events ( 0.15%)
Processed 1501431 preselected entries from root://cms-xrd-global.cern.ch//store/mc/RunIISummer16NanoAODv6/ZZTo4L_13TeV_powheg_pythia8_ext1/NANOAODSIM/PUMoriond17_Nano25Oct2019_102X_mcRun2_asymptotic_v7-v1/70000/B2DC1652-A6CB-1B4E-ADF1-4AAF9E1BD427.root (1501431 entries). Finally selected 2281 entries
Done /work/pbaertsc/heavy_resonance/output_2016/ZZTo4L_13TeV_powheg_pythia8_ext1__RunIISummer16NanoAODv6-PUMoriond17_Nano25Oct2019_102X_mcRun2_asymptotic_v7-v1__NANOAODSIM/B2DC1652-A6CB-1B4E-ADF1-4AAF9E1BD427.root
98.1811297855 Hz
deleting root file with name: /work/pbaertsc/heavy_resonance/output_2016/ZZTo4L_13TeV_powheg_pythia8_ext1__RunIISummer16NanoAODv6-PUMoriond17_Nano25Oct2019_102X_mcRun2_asymptotic_v7-v1__NANOAODSIM/B2DC1652-A6CB-1B4E-ADF1-4AAF9E1BD427.root
DONE
Complete at
Fri Jan 31 14:13:33 CET 2020
