job start at
Thu Jan 30 19:31:30 CET 2020
SLURM_JOB_ID: 439129
HOSTNAME: t3wn56
JOBLIST:joblist/joblist_ZZTo4L_13TeV_powheg_pythia8_ext1__RunIISummer16NanoAODv6-PUMoriond17_Nano25Oct2019_102X_mcRun2_asymptotic_v7-v1__NANOAODSIM_ll.txt
Going to execute
python job.py -i root://cms-xrd-global.cern.ch//store/mc/RunIISummer16NanoAODv6/ZZTo4L_13TeV_powheg_pythia8_ext1/NANOAODSIM/PUMoriond17_Nano25Oct2019_102X_mcRun2_asymptotic_v7-v1/270000/DCEF92FB-E741-3745-A7D3-C568972C296D.root -o /work/pbaertsc/heavy_resonance/output_2016/ZZTo4L_13TeV_powheg_pythia8_ext1__RunIISummer16NanoAODv6-PUMoriond17_Nano25Oct2019_102X_mcRun2_asymptotic_v7-v1__NANOAODSIM -N ZZTo4L_13TeV_powheg_pythia8_ext1__RunIISummer16NanoAODv6-PUMoriond17_Nano25Oct2019_102X_mcRun2_asymptotic_v7-v1__NANOAODSIM -n 16 -c ll -y 2016
TClass::Init:0: RuntimeWarning: no dictionary for class ROOT::TIOFeatures is available
/work/pbaertsc/heavy_resonance/CMSSW_9_4_6/python/PhysicsTools/NanoAODTools/postprocessing/framework/treeReaderArrayTools.py:69: RuntimeWarning: creating executor for unknown type "ULong64_t*"
  ret = _vr.Get()[0]
JEC= Summer16_07Aug2017_V11_MC 	 JER= Summer16_25nsV1_MC
MET branch= PuppiMET
JEC= Summer16_07Aug2017_V11_MC 	 JER= Summer16_25nsV1_MC
MET branch= PuppiMET
--------------------------------------------------------------------------------
input files  = ['root://cms-xrd-global.cern.ch//store/mc/RunIISummer16NanoAODv6/ZZTo4L_13TeV_powheg_pythia8_ext1/NANOAODSIM/PUMoriond17_Nano25Oct2019_102X_mcRun2_asymptotic_v7-v1/270000/DCEF92FB-E741-3745-A7D3-C568972C296D.root']
output directory = /work/pbaertsc/heavy_resonance/output_2016/ZZTo4L_13TeV_powheg_pythia8_ext1__RunIISummer16NanoAODv6-PUMoriond17_Nano25Oct2019_102X_mcRun2_asymptotic_v7-v1__NANOAODSIM
output file  = ZZTo4L_13TeV_powheg_pythia8_ext1__RunIISummer16NanoAODv6-PUMoriond17_Nano25Oct2019_102X_mcRun2_asymptotic_v7-v1__NANOAODSIM_16_ll.root
chunck       = 16
channel      = ll
dataType     = mc
year         = 2016
tes          = 1.0
ltf          = 1.0
jtf          = 1.0
--------------------------------------------------------------------------------
job.py: creating PostProcessor...
TreeProducer is called /work/pbaertsc/heavy_resonance/output_2016/ZZTo4L_13TeV_powheg_pythia8_ext1__RunIISummer16NanoAODv6-PUMoriond17_Nano25Oct2019_102X_mcRun2_asymptotic_v7-v1__NANOAODSIM/ZZTo4L_13TeV_powheg_pythia8_ext1__RunIISummer16NanoAODv6-PUMoriond17_Nano25Oct2019_102X_mcRun2_asymptotic_v7-v1__NANOAODSIM_16_ll.root
job.py: going to run PostProcessor...
Will write selected trees to /work/pbaertsc/heavy_resonance/output_2016/ZZTo4L_13TeV_powheg_pythia8_ext1__RunIISummer16NanoAODv6-PUMoriond17_Nano25Oct2019_102X_mcRun2_asymptotic_v7-v1__NANOAODSIM
Loading jet energy scale (JES) uncertainties from file '/tmp/tmp831W_f/Summer16_07Aug2017_V11_MC_Uncertainty_AK4PFchs.txt'
Loading jet energy resolutions (JER) from file '/tmp/tmpvRlmJX/Summer16_25nsV1_MC_PtResolution_AK4PFchs.txt'
Loading JER scale factors and uncertainties from file '/tmp/tmpvRlmJX/Summer16_25nsV1_MC_SF_AK4PFchs.txt'
Loading jet energy scale (JES) uncertainties from file '/tmp/tmpkwss7q/Summer16_07Aug2017_V11_MC_Uncertainty_AK8PFPuppi.txt'
Loading jet energy resolutions (JER) from file '/tmp/tmpUIkyFG/Summer16_25nsV1_MC_PtResolution_AK8PFPuppi.txt'
Loading JER scale factors and uncertainties from file '/tmp/tmpUIkyFG/Summer16_25nsV1_MC_SF_AK8PFPuppi.txt'
Pre-select 2013680 entries out of 2013680 (100.00%)
nanoAODv5? True
ZtoMM trigger inconsistency
Processed    10000/ 2013680 entries,  0.50% (elapsed time   185.8s, curr speed    0.054 kHz, avg speed    0.054 kHz), accepted       16/   10001 events ( 0.16%)
TtoEM trigger inconsistency
Processed    20000/ 2013680 entries,  0.99% (elapsed time   368.8s, curr speed    0.055 kHz, avg speed    0.054 kHz), accepted       27/   20001 events ( 0.13%)
Processed    30000/ 2013680 entries,  1.49% (elapsed time   550.6s, curr speed    0.055 kHz, avg speed    0.054 kHz), accepted       39/   30001 events ( 0.13%)
ZtoMM trigger inconsistency
Processed    40000/ 2013680 entries,  1.99% (elapsed time   726.3s, curr speed    0.057 kHz, avg speed    0.055 kHz), accepted       58/   40001 events ( 0.14%)
Processed    50000/ 2013680 entries,  2.48% (elapsed time   895.9s, curr speed    0.059 kHz, avg speed    0.056 kHz), accepted       79/   50001 events ( 0.16%)
TtoEM trigger inconsistency
ZtoMM trigger inconsistency
Processed    60000/ 2013680 entries,  2.98% (elapsed time  1072.0s, curr speed    0.057 kHz, avg speed    0.056 kHz), accepted       95/   60001 events ( 0.16%)
Processed    70000/ 2013680 entries,  3.48% (elapsed time  1245.3s, curr speed    0.058 kHz, avg speed    0.056 kHz), accepted      106/   70001 events ( 0.15%)
Processed    80000/ 2013680 entries,  3.97% (elapsed time  1417.0s, curr speed    0.058 kHz, avg speed    0.056 kHz), accepted      119/   80001 events ( 0.15%)
ZtoEE trigger inconsistency
Processed    90000/ 2013680 entries,  4.47% (elapsed time  1590.7s, curr speed    0.058 kHz, avg speed    0.057 kHz), accepted      133/   90001 events ( 0.15%)
ZtoMM trigger inconsistency
ZtoMM trigger inconsistency
TtoEM trigger inconsistency
Processed   100000/ 2013680 entries,  4.97% (elapsed time  1760.8s, curr speed    0.059 kHz, avg speed    0.057 kHz), accepted      146/  100001 events ( 0.15%)
Processed   110000/ 2013680 entries,  5.46% (elapsed time  1932.4s, curr speed    0.058 kHz, avg speed    0.057 kHz), accepted      162/  110001 events ( 0.15%)
Processed   120000/ 2013680 entries,  5.96% (elapsed time  2104.5s, curr speed    0.058 kHz, avg speed    0.057 kHz), accepted      175/  120001 events ( 0.15%)
ZtoMM trigger inconsistency
ZtoMM trigger inconsistency
Processed   130000/ 2013680 entries,  6.46% (elapsed time  2273.7s, curr speed    0.059 kHz, avg speed    0.057 kHz), accepted      194/  130001 events ( 0.15%)
Processed   140000/ 2013680 entries,  6.95% (elapsed time  2441.1s, curr speed    0.060 kHz, avg speed    0.057 kHz), accepted      208/  140001 events ( 0.15%)
TtoEM trigger inconsistency
Processed   150000/ 2013680 entries,  7.45% (elapsed time  2612.2s, curr speed    0.058 kHz, avg speed    0.057 kHz), accepted      221/  150001 events ( 0.15%)
ZtoMM trigger inconsistency
ZtoMM trigger inconsistency
Processed   160000/ 2013680 entries,  7.95% (elapsed time  2784.1s, curr speed    0.058 kHz, avg speed    0.057 kHz), accepted      237/  160001 events ( 0.15%)
Processed   170000/ 2013680 entries,  8.44% (elapsed time  2956.9s, curr speed    0.058 kHz, avg speed    0.057 kHz), accepted      253/  170001 events ( 0.15%)
Processed   180000/ 2013680 entries,  8.94% (elapsed time  3120.5s, curr speed    0.061 kHz, avg speed    0.058 kHz), accepted      270/  180001 events ( 0.15%)
Processed   190000/ 2013680 entries,  9.44% (elapsed time  3287.8s, curr speed    0.060 kHz, avg speed    0.058 kHz), accepted      286/  190001 events ( 0.15%)
ZtoMM trigger inconsistency
Processed   200000/ 2013680 entries,  9.93% (elapsed time  3457.8s, curr speed    0.059 kHz, avg speed    0.058 kHz), accepted      301/  200001 events ( 0.15%)
Processed   210000/ 2013680 entries, 10.43% (elapsed time  3629.4s, curr speed    0.058 kHz, avg speed    0.058 kHz), accepted      319/  210001 events ( 0.15%)
Processed   220000/ 2013680 entries, 10.93% (elapsed time  3798.7s, curr speed    0.059 kHz, avg speed    0.058 kHz), accepted      333/  220001 events ( 0.15%)
ZtoMM trigger inconsistency
TtoEM trigger inconsistency
Processed   230000/ 2013680 entries, 11.42% (elapsed time  3973.8s, curr speed    0.057 kHz, avg speed    0.058 kHz), accepted      347/  230001 events ( 0.15%)
ZtoEE trigger inconsistency
Processed   240000/ 2013680 entries, 11.92% (elapsed time  4151.7s, curr speed    0.056 kHz, avg speed    0.058 kHz), accepted      363/  240001 events ( 0.15%)
Processed   250000/ 2013680 entries, 12.42% (elapsed time  4324.4s, curr speed    0.058 kHz, avg speed    0.058 kHz), accepted      381/  250001 events ( 0.15%)
Processed   260000/ 2013680 entries, 12.91% (elapsed time  4498.4s, curr speed    0.057 kHz, avg speed    0.058 kHz), accepted      395/  260001 events ( 0.15%)
ZtoMM trigger inconsistency
Processed   270000/ 2013680 entries, 13.41% (elapsed time  4670.9s, curr speed    0.058 kHz, avg speed    0.058 kHz), accepted      409/  270001 events ( 0.15%)
ZtoMM trigger inconsistency
Processed   280000/ 2013680 entries, 13.90% (elapsed time  4846.0s, curr speed    0.057 kHz, avg speed    0.058 kHz), accepted      426/  280001 events ( 0.15%)
Processed   290000/ 2013680 entries, 14.40% (elapsed time  5022.2s, curr speed    0.057 kHz, avg speed    0.058 kHz), accepted      442/  290001 events ( 0.15%)
Processed   300000/ 2013680 entries, 14.90% (elapsed time  5187.7s, curr speed    0.060 kHz, avg speed    0.058 kHz), accepted      454/  300001 events ( 0.15%)
Processed   310000/ 2013680 entries, 15.39% (elapsed time  5366.7s, curr speed    0.056 kHz, avg speed    0.058 kHz), accepted      469/  310001 events ( 0.15%)
Processed   320000/ 2013680 entries, 15.89% (elapsed time  5545.8s, curr speed    0.056 kHz, avg speed    0.058 kHz), accepted      488/  320001 events ( 0.15%)
Processed   330000/ 2013680 entries, 16.39% (elapsed time  5721.4s, curr speed    0.057 kHz, avg speed    0.058 kHz), accepted      510/  330001 events ( 0.15%)
ZtoEE trigger inconsistency
ZtoMM trigger inconsistency
Processed   340000/ 2013680 entries, 16.88% (elapsed time  5895.4s, curr speed    0.057 kHz, avg speed    0.058 kHz), accepted      525/  340001 events ( 0.15%)
Processed   350000/ 2013680 entries, 17.38% (elapsed time  6067.4s, curr speed    0.058 kHz, avg speed    0.058 kHz), accepted      550/  350001 events ( 0.16%)
ZtoMM trigger inconsistency
Processed   360000/ 2013680 entries, 17.88% (elapsed time  6245.3s, curr speed    0.056 kHz, avg speed    0.058 kHz), accepted      564/  360001 events ( 0.16%)
ZtoMM trigger inconsistency
Processed   370000/ 2013680 entries, 18.37% (elapsed time  6418.7s, curr speed    0.058 kHz, avg speed    0.058 kHz), accepted      581/  370001 events ( 0.16%)
Processed   380000/ 2013680 entries, 18.87% (elapsed time  6592.7s, curr speed    0.057 kHz, avg speed    0.058 kHz), accepted      602/  380001 events ( 0.16%)
Processed   390000/ 2013680 entries, 19.37% (elapsed time  6773.6s, curr speed    0.055 kHz, avg speed    0.058 kHz), accepted      612/  390001 events ( 0.16%)
Processed   400000/ 2013680 entries, 19.86% (elapsed time  6950.1s, curr speed    0.057 kHz, avg speed    0.058 kHz), accepted      623/  400001 events ( 0.16%)
Processed   410000/ 2013680 entries, 20.36% (elapsed time  7126.1s, curr speed    0.057 kHz, avg speed    0.058 kHz), accepted      636/  410001 events ( 0.16%)
Processed   420000/ 2013680 entries, 20.86% (elapsed time  7302.8s, curr speed    0.057 kHz, avg speed    0.058 kHz), accepted      656/  420001 events ( 0.16%)
ZtoMM trigger inconsistency
Processed   430000/ 2013680 entries, 21.35% (elapsed time  7474.9s, curr speed    0.058 kHz, avg speed    0.058 kHz), accepted      674/  430001 events ( 0.16%)
TtoEM trigger inconsistency
Processed   440000/ 2013680 entries, 21.85% (elapsed time  7651.1s, curr speed    0.057 kHz, avg speed    0.058 kHz), accepted      694/  440001 events ( 0.16%)
TtoEM trigger inconsistency
Processed   450000/ 2013680 entries, 22.35% (elapsed time  7825.1s, curr speed    0.057 kHz, avg speed    0.058 kHz), accepted      706/  450001 events ( 0.16%)
Processed   460000/ 2013680 entries, 22.84% (elapsed time  8005.7s, curr speed    0.055 kHz, avg speed    0.057 kHz), accepted      720/  460001 events ( 0.16%)
ZtoEE trigger inconsistency
Processed   470000/ 2013680 entries, 23.34% (elapsed time  8184.8s, curr speed    0.056 kHz, avg speed    0.057 kHz), accepted      739/  470001 events ( 0.16%)
Processed   480000/ 2013680 entries, 23.84% (elapsed time  8362.8s, curr speed    0.056 kHz, avg speed    0.057 kHz), accepted      752/  480001 events ( 0.16%)
Processed   490000/ 2013680 entries, 24.33% (elapsed time  8537.0s, curr speed    0.057 kHz, avg speed    0.057 kHz), accepted      766/  490001 events ( 0.16%)
TtoEM trigger inconsistency
Processed   500000/ 2013680 entries, 24.83% (elapsed time  8712.6s, curr speed    0.057 kHz, avg speed    0.057 kHz), accepted      786/  500001 events ( 0.16%)
Processed   510000/ 2013680 entries, 25.33% (elapsed time  8891.8s, curr speed    0.056 kHz, avg speed    0.057 kHz), accepted      801/  510001 events ( 0.16%)
Processed   520000/ 2013680 entries, 25.82% (elapsed time  9070.3s, curr speed    0.056 kHz, avg speed    0.057 kHz), accepted      814/  520001 events ( 0.16%)
Processed   530000/ 2013680 entries, 26.32% (elapsed time  9250.4s, curr speed    0.056 kHz, avg speed    0.057 kHz), accepted      831/  530001 events ( 0.16%)
Processed   540000/ 2013680 entries, 26.82% (elapsed time  9426.1s, curr speed    0.057 kHz, avg speed    0.057 kHz), accepted      847/  540001 events ( 0.16%)
Processed   550000/ 2013680 entries, 27.31% (elapsed time  9600.6s, curr speed    0.057 kHz, avg speed    0.057 kHz), accepted      866/  550001 events ( 0.16%)
Processed   560000/ 2013680 entries, 27.81% (elapsed time  9781.8s, curr speed    0.055 kHz, avg speed    0.057 kHz), accepted      890/  560001 events ( 0.16%)
ZtoMM trigger inconsistency
Processed   570000/ 2013680 entries, 28.31% (elapsed time  9959.7s, curr speed    0.056 kHz, avg speed    0.057 kHz), accepted      909/  570001 events ( 0.16%)
ZtoMM trigger inconsistency
Processed   580000/ 2013680 entries, 28.80% (elapsed time 10137.5s, curr speed    0.056 kHz, avg speed    0.057 kHz), accepted      928/  580001 events ( 0.16%)
ZtoMM trigger inconsistency
Processed   590000/ 2013680 entries, 29.30% (elapsed time 10313.3s, curr speed    0.057 kHz, avg speed    0.057 kHz), accepted      942/  590001 events ( 0.16%)
ZtoMM trigger inconsistency
Processed   600000/ 2013680 entries, 29.80% (elapsed time 10489.4s, curr speed    0.057 kHz, avg speed    0.057 kHz), accepted      957/  600001 events ( 0.16%)
Processed   610000/ 2013680 entries, 30.29% (elapsed time 10668.8s, curr speed    0.056 kHz, avg speed    0.057 kHz), accepted      969/  610001 events ( 0.16%)
Processed   620000/ 2013680 entries, 30.79% (elapsed time 10843.8s, curr speed    0.057 kHz, avg speed    0.057 kHz), accepted      984/  620001 events ( 0.16%)
Processed   630000/ 2013680 entries, 31.29% (elapsed time 11014.7s, curr speed    0.059 kHz, avg speed    0.057 kHz), accepted     1004/  630001 events ( 0.16%)
Processed   640000/ 2013680 entries, 31.78% (elapsed time 11192.7s, curr speed    0.056 kHz, avg speed    0.057 kHz), accepted     1014/  640001 events ( 0.16%)
Processed   650000/ 2013680 entries, 32.28% (elapsed time 11370.7s, curr speed    0.056 kHz, avg speed    0.057 kHz), accepted     1032/  650001 events ( 0.16%)
Processed   660000/ 2013680 entries, 32.78% (elapsed time 11544.4s, curr speed    0.058 kHz, avg speed    0.057 kHz), accepted     1042/  660001 events ( 0.16%)
TtoEM trigger inconsistency
TtoEM trigger inconsistency
Processed   670000/ 2013680 entries, 33.27% (elapsed time 11720.4s, curr speed    0.057 kHz, avg speed    0.057 kHz), accepted     1059/  670001 events ( 0.16%)
Processed   680000/ 2013680 entries, 33.77% (elapsed time 11896.4s, curr speed    0.057 kHz, avg speed    0.057 kHz), accepted     1070/  680001 events ( 0.16%)
Processed   690000/ 2013680 entries, 34.27% (elapsed time 12076.1s, curr speed    0.056 kHz, avg speed    0.057 kHz), accepted     1086/  690001 events ( 0.16%)
Processed   700000/ 2013680 entries, 34.76% (elapsed time 12243.8s, curr speed    0.060 kHz, avg speed    0.057 kHz), accepted     1102/  700001 events ( 0.16%)
ZtoMM trigger inconsistency
Processed   710000/ 2013680 entries, 35.26% (elapsed time 12424.6s, curr speed    0.055 kHz, avg speed    0.057 kHz), accepted     1118/  710001 events ( 0.16%)
Processed   720000/ 2013680 entries, 35.76% (elapsed time 12605.7s, curr speed    0.055 kHz, avg speed    0.057 kHz), accepted     1129/  720001 events ( 0.16%)
Processed   730000/ 2013680 entries, 36.25% (elapsed time 12781.1s, curr speed    0.057 kHz, avg speed    0.057 kHz), accepted     1142/  730001 events ( 0.16%)
Processed   740000/ 2013680 entries, 36.75% (elapsed time 12955.2s, curr speed    0.057 kHz, avg speed    0.057 kHz), accepted     1157/  740001 events ( 0.16%)
Processed   750000/ 2013680 entries, 37.25% (elapsed time 13128.6s, curr speed    0.058 kHz, avg speed    0.057 kHz), accepted     1166/  750001 events ( 0.16%)
Processed   760000/ 2013680 entries, 37.74% (elapsed time 13305.3s, curr speed    0.057 kHz, avg speed    0.057 kHz), accepted     1181/  760001 events ( 0.16%)
Processed   770000/ 2013680 entries, 38.24% (elapsed time 13484.4s, curr speed    0.056 kHz, avg speed    0.057 kHz), accepted     1197/  770001 events ( 0.16%)
ZtoMM trigger inconsistency
Processed   780000/ 2013680 entries, 38.74% (elapsed time 13658.8s, curr speed    0.057 kHz, avg speed    0.057 kHz), accepted     1207/  780001 events ( 0.15%)
Processed   790000/ 2013680 entries, 39.23% (elapsed time 13839.2s, curr speed    0.055 kHz, avg speed    0.057 kHz), accepted     1225/  790001 events ( 0.16%)
Processed   800000/ 2013680 entries, 39.73% (elapsed time 14021.2s, curr speed    0.055 kHz, avg speed    0.057 kHz), accepted     1245/  800001 events ( 0.16%)
ZtoMM trigger inconsistency
TtoEM trigger inconsistency
Processed   810000/ 2013680 entries, 40.22% (elapsed time 14206.6s, curr speed    0.054 kHz, avg speed    0.057 kHz), accepted     1264/  810001 events ( 0.16%)
Processed   820000/ 2013680 entries, 40.72% (elapsed time 14381.3s, curr speed    0.057 kHz, avg speed    0.057 kHz), accepted     1277/  820001 events ( 0.16%)
Processed   830000/ 2013680 entries, 41.22% (elapsed time 14557.8s, curr speed    0.057 kHz, avg speed    0.057 kHz), accepted     1288/  830001 events ( 0.16%)
ZtoMM trigger inconsistency
Processed   840000/ 2013680 entries, 41.71% (elapsed time 14734.5s, curr speed    0.057 kHz, avg speed    0.057 kHz), accepted     1308/  840001 events ( 0.16%)
ZtoMM trigger inconsistency
Processed   850000/ 2013680 entries, 42.21% (elapsed time 14910.3s, curr speed    0.057 kHz, avg speed    0.057 kHz), accepted     1317/  850001 events ( 0.15%)
Processed   860000/ 2013680 entries, 42.71% (elapsed time 15086.2s, curr speed    0.057 kHz, avg speed    0.057 kHz), accepted     1335/  860001 events ( 0.16%)
Processed   870000/ 2013680 entries, 43.20% (elapsed time 15265.7s, curr speed    0.056 kHz, avg speed    0.057 kHz), accepted     1349/  870001 events ( 0.16%)
ZtoMM trigger inconsistency
Processed   880000/ 2013680 entries, 43.70% (elapsed time 15446.1s, curr speed    0.055 kHz, avg speed    0.057 kHz), accepted     1358/  880001 events ( 0.15%)
TtoEM trigger inconsistency
Processed   890000/ 2013680 entries, 44.20% (elapsed time 15624.9s, curr speed    0.056 kHz, avg speed    0.057 kHz), accepted     1376/  890001 events ( 0.15%)
Processed   900000/ 2013680 entries, 44.69% (elapsed time 15800.1s, curr speed    0.057 kHz, avg speed    0.057 kHz), accepted     1390/  900001 events ( 0.15%)
ZtoMM trigger inconsistency
Processed   910000/ 2013680 entries, 45.19% (elapsed time 15979.8s, curr speed    0.056 kHz, avg speed    0.057 kHz), accepted     1405/  910001 events ( 0.15%)
Processed   920000/ 2013680 entries, 45.69% (elapsed time 16155.2s, curr speed    0.057 kHz, avg speed    0.057 kHz), accepted     1420/  920001 events ( 0.15%)
Processed   930000/ 2013680 entries, 46.18% (elapsed time 16335.2s, curr speed    0.056 kHz, avg speed    0.057 kHz), accepted     1439/  930001 events ( 0.15%)
TtoEM trigger inconsistency
Processed   940000/ 2013680 entries, 46.68% (elapsed time 16515.3s, curr speed    0.056 kHz, avg speed    0.057 kHz), accepted     1454/  940001 events ( 0.15%)
ZtoMM trigger inconsistency
Processed   950000/ 2013680 entries, 47.18% (elapsed time 16700.6s, curr speed    0.054 kHz, avg speed    0.057 kHz), accepted     1466/  950001 events ( 0.15%)
Processed   960000/ 2013680 entries, 47.67% (elapsed time 16877.2s, curr speed    0.057 kHz, avg speed    0.057 kHz), accepted     1477/  960001 events ( 0.15%)
TtoEM trigger inconsistency
ZtoEE trigger inconsistency
Processed   970000/ 2013680 entries, 48.17% (elapsed time 17053.8s, curr speed    0.057 kHz, avg speed    0.057 kHz), accepted     1492/  970001 events ( 0.15%)
Processed   980000/ 2013680 entries, 48.67% (elapsed time 17231.0s, curr speed    0.056 kHz, avg speed    0.057 kHz), accepted     1514/  980001 events ( 0.15%)
ZtoMM trigger inconsistency
Processed   990000/ 2013680 entries, 49.16% (elapsed time 17410.8s, curr speed    0.056 kHz, avg speed    0.057 kHz), accepted     1529/  990001 events ( 0.15%)
Processed  1000000/ 2013680 entries, 49.66% (elapsed time 17591.5s, curr speed    0.055 kHz, avg speed    0.057 kHz), accepted     1548/ 1000001 events ( 0.15%)
TtoEM trigger inconsistency
TtoEM trigger inconsistency
Processed  1010000/ 2013680 entries, 50.16% (elapsed time 17771.4s, curr speed    0.056 kHz, avg speed    0.057 kHz), accepted     1564/ 1010001 events ( 0.15%)
TtoEM trigger inconsistency
Processed  1020000/ 2013680 entries, 50.65% (elapsed time 17947.1s, curr speed    0.057 kHz, avg speed    0.057 kHz), accepted     1573/ 1020001 events ( 0.15%)
Processed  1030000/ 2013680 entries, 51.15% (elapsed time 18120.9s, curr speed    0.058 kHz, avg speed    0.057 kHz), accepted     1589/ 1030001 events ( 0.15%)
TtoEM trigger inconsistency
Processed  1040000/ 2013680 entries, 51.65% (elapsed time 18288.7s, curr speed    0.060 kHz, avg speed    0.057 kHz), accepted     1600/ 1040001 events ( 0.15%)
ZtoMM trigger inconsistency
Processed  1050000/ 2013680 entries, 52.14% (elapsed time 18461.2s, curr speed    0.058 kHz, avg speed    0.057 kHz), accepted     1610/ 1050001 events ( 0.15%)
Processed  1060000/ 2013680 entries, 52.64% (elapsed time 18635.0s, curr speed    0.058 kHz, avg speed    0.057 kHz), accepted     1626/ 1060001 events ( 0.15%)
Processed  1070000/ 2013680 entries, 53.14% (elapsed time 18805.8s, curr speed    0.059 kHz, avg speed    0.057 kHz), accepted     1639/ 1070001 events ( 0.15%)
Processed  1080000/ 2013680 entries, 53.63% (elapsed time 18976.9s, curr speed    0.058 kHz, avg speed    0.057 kHz), accepted     1653/ 1080001 events ( 0.15%)
Processed  1090000/ 2013680 entries, 54.13% (elapsed time 19147.9s, curr speed    0.058 kHz, avg speed    0.057 kHz), accepted     1666/ 1090001 events ( 0.15%)
TtoEM trigger inconsistency
Processed  1100000/ 2013680 entries, 54.63% (elapsed time 19319.2s, curr speed    0.058 kHz, avg speed    0.057 kHz), accepted     1687/ 1100001 events ( 0.15%)
Processed  1110000/ 2013680 entries, 55.12% (elapsed time 19489.0s, curr speed    0.059 kHz, avg speed    0.057 kHz), accepted     1699/ 1110001 events ( 0.15%)
Processed  1120000/ 2013680 entries, 55.62% (elapsed time 19673.7s, curr speed    0.054 kHz, avg speed    0.057 kHz), accepted     1717/ 1120001 events ( 0.15%)
Processed  1130000/ 2013680 entries, 56.12% (elapsed time 19853.4s, curr speed    0.056 kHz, avg speed    0.057 kHz), accepted     1730/ 1130001 events ( 0.15%)
Processed  1140000/ 2013680 entries, 56.61% (elapsed time 20030.1s, curr speed    0.057 kHz, avg speed    0.057 kHz), accepted     1746/ 1140001 events ( 0.15%)
Processed  1150000/ 2013680 entries, 57.11% (elapsed time 20196.7s, curr speed    0.060 kHz, avg speed    0.057 kHz), accepted     1763/ 1150001 events ( 0.15%)
Processed  1160000/ 2013680 entries, 57.61% (elapsed time 20364.1s, curr speed    0.060 kHz, avg speed    0.057 kHz), accepted     1773/ 1160001 events ( 0.15%)
Processed  1170000/ 2013680 entries, 58.10% (elapsed time 20533.6s, curr speed    0.059 kHz, avg speed    0.057 kHz), accepted     1794/ 1170001 events ( 0.15%)
Processed  1180000/ 2013680 entries, 58.60% (elapsed time 20702.5s, curr speed    0.059 kHz, avg speed    0.057 kHz), accepted     1810/ 1180001 events ( 0.15%)
ZtoMM trigger inconsistency
Processed  1190000/ 2013680 entries, 59.10% (elapsed time 20869.8s, curr speed    0.060 kHz, avg speed    0.057 kHz), accepted     1829/ 1190001 events ( 0.15%)
Bad event
Processed  1200000/ 2013680 entries, 59.59% (elapsed time 21037.4s, curr speed    0.060 kHz, avg speed    0.057 kHz), accepted     1848/ 1200001 events ( 0.15%)
TtoEM trigger inconsistency
ZtoMM trigger inconsistency
Processed  1210000/ 2013680 entries, 60.09% (elapsed time 21202.2s, curr speed    0.061 kHz, avg speed    0.057 kHz), accepted     1866/ 1210001 events ( 0.15%)
Processed  1220000/ 2013680 entries, 60.59% (elapsed time 21368.0s, curr speed    0.060 kHz, avg speed    0.057 kHz), accepted     1883/ 1220001 events ( 0.15%)
Processed  1230000/ 2013680 entries, 61.08% (elapsed time 21537.3s, curr speed    0.059 kHz, avg speed    0.057 kHz), accepted     1904/ 1230001 events ( 0.15%)
Processed  1240000/ 2013680 entries, 61.58% (elapsed time 21704.6s, curr speed    0.060 kHz, avg speed    0.057 kHz), accepted     1918/ 1240001 events ( 0.15%)
Processed  1250000/ 2013680 entries, 62.08% (elapsed time 21874.8s, curr speed    0.059 kHz, avg speed    0.057 kHz), accepted     1937/ 1250001 events ( 0.15%)
Processed  1260000/ 2013680 entries, 62.57% (elapsed time 22039.3s, curr speed    0.061 kHz, avg speed    0.057 kHz), accepted     1956/ 1260001 events ( 0.16%)
ZtoEE trigger inconsistency
Processed  1270000/ 2013680 entries, 63.07% (elapsed time 22205.4s, curr speed    0.060 kHz, avg speed    0.057 kHz), accepted     1969/ 1270001 events ( 0.16%)
TtoEM trigger inconsistency
Processed  1280000/ 2013680 entries, 63.57% (elapsed time 22369.7s, curr speed    0.061 kHz, avg speed    0.057 kHz), accepted     1979/ 1280001 events ( 0.15%)
ZtoMM trigger inconsistency
Processed  1290000/ 2013680 entries, 64.06% (elapsed time 22534.4s, curr speed    0.061 kHz, avg speed    0.057 kHz), accepted     1994/ 1290001 events ( 0.15%)
TtoEM trigger inconsistency
Processed  1300000/ 2013680 entries, 64.56% (elapsed time 22701.5s, curr speed    0.060 kHz, avg speed    0.057 kHz), accepted     2012/ 1300001 events ( 0.15%)
TtoEM trigger inconsistency
Processed  1310000/ 2013680 entries, 65.06% (elapsed time 22868.2s, curr speed    0.060 kHz, avg speed    0.057 kHz), accepted     2020/ 1310001 events ( 0.15%)
ZtoMM trigger inconsistency
ZtoMM trigger inconsistency
Processed  1320000/ 2013680 entries, 65.55% (elapsed time 23035.8s, curr speed    0.060 kHz, avg speed    0.057 kHz), accepted     2035/ 1320001 events ( 0.15%)
ZtoMM trigger inconsistency
Processed  1330000/ 2013680 entries, 66.05% (elapsed time 23205.8s, curr speed    0.059 kHz, avg speed    0.057 kHz), accepted     2052/ 1330001 events ( 0.15%)
Processed  1340000/ 2013680 entries, 66.54% (elapsed time 23369.6s, curr speed    0.061 kHz, avg speed    0.057 kHz), accepted     2067/ 1340001 events ( 0.15%)
ZtoMM trigger inconsistency
TtoEM trigger inconsistency
Processed  1350000/ 2013680 entries, 67.04% (elapsed time 23483.7s, curr speed    0.088 kHz, avg speed    0.057 kHz), accepted     2089/ 1350001 events ( 0.15%)
Processed  1360000/ 2013680 entries, 67.54% (elapsed time 23560.1s, curr speed    0.131 kHz, avg speed    0.058 kHz), accepted     2099/ 1360001 events ( 0.15%)
TtoEM trigger inconsistency
ZtoMM trigger inconsistency
Processed  1370000/ 2013680 entries, 68.03% (elapsed time 23629.3s, curr speed    0.144 kHz, avg speed    0.058 kHz), accepted     2117/ 1370001 events ( 0.15%)
TtoEM trigger inconsistency
ZtoMM trigger inconsistency
Processed  1380000/ 2013680 entries, 68.53% (elapsed time 23694.5s, curr speed    0.153 kHz, avg speed    0.058 kHz), accepted     2128/ 1380001 events ( 0.15%)
ZtoMM trigger inconsistency
Processed  1390000/ 2013680 entries, 69.03% (elapsed time 23753.8s, curr speed    0.169 kHz, avg speed    0.059 kHz), accepted     2140/ 1390001 events ( 0.15%)
Processed  1400000/ 2013680 entries, 69.52% (elapsed time 23817.4s, curr speed    0.157 kHz, avg speed    0.059 kHz), accepted     2157/ 1400001 events ( 0.15%)
TtoEM trigger inconsistency
Processed  1410000/ 2013680 entries, 70.02% (elapsed time 23879.0s, curr speed    0.163 kHz, avg speed    0.059 kHz), accepted     2168/ 1410001 events ( 0.15%)
TtoEM trigger inconsistency
ZtoMM trigger inconsistency
TtoEM trigger inconsistency
Processed  1420000/ 2013680 entries, 70.52% (elapsed time 23942.2s, curr speed    0.158 kHz, avg speed    0.059 kHz), accepted     2185/ 1420001 events ( 0.15%)
ZtoMM trigger inconsistency
Processed  1430000/ 2013680 entries, 71.01% (elapsed time 24004.4s, curr speed    0.161 kHz, avg speed    0.060 kHz), accepted     2203/ 1430001 events ( 0.15%)
ZtoMM trigger inconsistency
Processed  1440000/ 2013680 entries, 71.51% (elapsed time 24064.5s, curr speed    0.167 kHz, avg speed    0.060 kHz), accepted     2215/ 1440001 events ( 0.15%)
Processed  1450000/ 2013680 entries, 72.01% (elapsed time 24128.9s, curr speed    0.155 kHz, avg speed    0.060 kHz), accepted     2233/ 1450001 events ( 0.15%)
Processed  1460000/ 2013680 entries, 72.50% (elapsed time 24190.8s, curr speed    0.162 kHz, avg speed    0.060 kHz), accepted     2248/ 1460001 events ( 0.15%)
TtoEM trigger inconsistency
Processed  1470000/ 2013680 entries, 73.00% (elapsed time 24252.4s, curr speed    0.162 kHz, avg speed    0.061 kHz), accepted     2256/ 1470001 events ( 0.15%)
Processed  1480000/ 2013680 entries, 73.50% (elapsed time 24316.0s, curr speed    0.157 kHz, avg speed    0.061 kHz), accepted     2273/ 1480001 events ( 0.15%)
TtoEM trigger inconsistency
Processed  1490000/ 2013680 entries, 73.99% (elapsed time 24378.0s, curr speed    0.161 kHz, avg speed    0.061 kHz), accepted     2291/ 1490001 events ( 0.15%)
Processed  1500000/ 2013680 entries, 74.49% (elapsed time 24439.9s, curr speed    0.161 kHz, avg speed    0.061 kHz), accepted     2306/ 1500001 events ( 0.15%)
Processed  1510000/ 2013680 entries, 74.99% (elapsed time 24499.8s, curr speed    0.167 kHz, avg speed    0.062 kHz), accepted     2315/ 1510001 events ( 0.15%)
TtoEM trigger inconsistency
Processed  1520000/ 2013680 entries, 75.48% (elapsed time 24561.7s, curr speed    0.161 kHz, avg speed    0.062 kHz), accepted     2333/ 1520001 events ( 0.15%)
ZtoEE trigger inconsistency
Processed  1530000/ 2013680 entries, 75.98% (elapsed time 24623.3s, curr speed    0.162 kHz, avg speed    0.062 kHz), accepted     2346/ 1530001 events ( 0.15%)
Processed  1540000/ 2013680 entries, 76.48% (elapsed time 24683.5s, curr speed    0.166 kHz, avg speed    0.062 kHz), accepted     2364/ 1540001 events ( 0.15%)
Processed  1550000/ 2013680 entries, 76.97% (elapsed time 24746.1s, curr speed    0.160 kHz, avg speed    0.063 kHz), accepted     2378/ 1550001 events ( 0.15%)
Processed  1560000/ 2013680 entries, 77.47% (elapsed time 24806.7s, curr speed    0.165 kHz, avg speed    0.063 kHz), accepted     2392/ 1560001 events ( 0.15%)
ZtoMM trigger inconsistency
Processed  1570000/ 2013680 entries, 77.97% (elapsed time 24867.6s, curr speed    0.164 kHz, avg speed    0.063 kHz), accepted     2408/ 1570001 events ( 0.15%)
Processed  1580000/ 2013680 entries, 78.46% (elapsed time 24928.4s, curr speed    0.164 kHz, avg speed    0.063 kHz), accepted     2423/ 1580001 events ( 0.15%)
Processed  1590000/ 2013680 entries, 78.96% (elapsed time 24988.6s, curr speed    0.166 kHz, avg speed    0.064 kHz), accepted     2439/ 1590001 events ( 0.15%)
Processed  1600000/ 2013680 entries, 79.46% (elapsed time 25050.6s, curr speed    0.161 kHz, avg speed    0.064 kHz), accepted     2450/ 1600001 events ( 0.15%)
TtoEM trigger inconsistency
Processed  1610000/ 2013680 entries, 79.95% (elapsed time 25110.5s, curr speed    0.167 kHz, avg speed    0.064 kHz), accepted     2467/ 1610001 events ( 0.15%)
Processed  1620000/ 2013680 entries, 80.45% (elapsed time 25170.8s, curr speed    0.166 kHz, avg speed    0.064 kHz), accepted     2487/ 1620001 events ( 0.15%)
Processed  1630000/ 2013680 entries, 80.95% (elapsed time 25232.5s, curr speed    0.162 kHz, avg speed    0.065 kHz), accepted     2497/ 1630001 events ( 0.15%)
TtoEM trigger inconsistency
Processed  1640000/ 2013680 entries, 81.44% (elapsed time 25291.4s, curr speed    0.170 kHz, avg speed    0.065 kHz), accepted     2513/ 1640001 events ( 0.15%)
TtoEM trigger inconsistency
Processed  1650000/ 2013680 entries, 81.94% (elapsed time 25354.1s, curr speed    0.159 kHz, avg speed    0.065 kHz), accepted     2527/ 1650001 events ( 0.15%)
ZtoMM trigger inconsistency
Processed  1660000/ 2013680 entries, 82.44% (elapsed time 25413.9s, curr speed    0.167 kHz, avg speed    0.065 kHz), accepted     2544/ 1660001 events ( 0.15%)
Processed  1670000/ 2013680 entries, 82.93% (elapsed time 25475.2s, curr speed    0.163 kHz, avg speed    0.066 kHz), accepted     2557/ 1670001 events ( 0.15%)
Processed  1680000/ 2013680 entries, 83.43% (elapsed time 25534.9s, curr speed    0.168 kHz, avg speed    0.066 kHz), accepted     2570/ 1680001 events ( 0.15%)
TtoEM trigger inconsistency
ZtoEE trigger inconsistency
ZtoMM trigger inconsistency
ZtoMM trigger inconsistency
ZtoMM trigger inconsistency
Processed  1690000/ 2013680 entries, 83.93% (elapsed time 25594.9s, curr speed    0.167 kHz, avg speed    0.066 kHz), accepted     2582/ 1690001 events ( 0.15%)
TtoEM trigger inconsistency
TtoEM trigger inconsistency
Processed  1700000/ 2013680 entries, 84.42% (elapsed time 25656.9s, curr speed    0.161 kHz, avg speed    0.066 kHz), accepted     2595/ 1700001 events ( 0.15%)
Processed  1710000/ 2013680 entries, 84.92% (elapsed time 25716.4s, curr speed    0.168 kHz, avg speed    0.066 kHz), accepted     2608/ 1710001 events ( 0.15%)
Processed  1720000/ 2013680 entries, 85.42% (elapsed time 25779.5s, curr speed    0.158 kHz, avg speed    0.067 kHz), accepted     2626/ 1720001 events ( 0.15%)
ZtoMM trigger inconsistency
Processed  1730000/ 2013680 entries, 85.91% (elapsed time 25841.8s, curr speed    0.161 kHz, avg speed    0.067 kHz), accepted     2642/ 1730001 events ( 0.15%)
Processed  1740000/ 2013680 entries, 86.41% (elapsed time 25902.5s, curr speed    0.165 kHz, avg speed    0.067 kHz), accepted     2660/ 1740001 events ( 0.15%)
TtoEM trigger inconsistency
Processed  1750000/ 2013680 entries, 86.91% (elapsed time 25964.6s, curr speed    0.161 kHz, avg speed    0.067 kHz), accepted     2670/ 1750001 events ( 0.15%)
Processed  1760000/ 2013680 entries, 87.40% (elapsed time 26024.9s, curr speed    0.166 kHz, avg speed    0.068 kHz), accepted     2690/ 1760001 events ( 0.15%)
ZtoMM trigger inconsistency
ZtoMM trigger inconsistency
ZtoMM trigger inconsistency
Processed  1770000/ 2013680 entries, 87.90% (elapsed time 26088.5s, curr speed    0.157 kHz, avg speed    0.068 kHz), accepted     2703/ 1770001 events ( 0.15%)
Processed  1780000/ 2013680 entries, 88.40% (elapsed time 26151.0s, curr speed    0.160 kHz, avg speed    0.068 kHz), accepted     2719/ 1780001 events ( 0.15%)
Processed  1790000/ 2013680 entries, 88.89% (elapsed time 26210.8s, curr speed    0.167 kHz, avg speed    0.068 kHz), accepted     2739/ 1790001 events ( 0.15%)
ZtoMM trigger inconsistency
ZtoMM trigger inconsistency
ZtoMM trigger inconsistency
Processed  1800000/ 2013680 entries, 89.39% (elapsed time 26274.5s, curr speed    0.157 kHz, avg speed    0.069 kHz), accepted     2755/ 1800001 events ( 0.15%)
ZtoMM trigger inconsistency
Processed  1810000/ 2013680 entries, 89.89% (elapsed time 26334.4s, curr speed    0.167 kHz, avg speed    0.069 kHz), accepted     2772/ 1810001 events ( 0.15%)
ZtoMM trigger inconsistency
Processed  1820000/ 2013680 entries, 90.38% (elapsed time 26396.5s, curr speed    0.161 kHz, avg speed    0.069 kHz), accepted     2788/ 1820001 events ( 0.15%)
TtoEM trigger inconsistency
Processed  1830000/ 2013680 entries, 90.88% (elapsed time 26456.2s, curr speed    0.167 kHz, avg speed    0.069 kHz), accepted     2803/ 1830001 events ( 0.15%)
TtoEM trigger inconsistency
Processed  1840000/ 2013680 entries, 91.37% (elapsed time 26516.7s, curr speed    0.165 kHz, avg speed    0.069 kHz), accepted     2820/ 1840001 events ( 0.15%)
Processed  1850000/ 2013680 entries, 91.87% (elapsed time 26579.0s, curr speed    0.160 kHz, avg speed    0.070 kHz), accepted     2830/ 1850001 events ( 0.15%)
Processed  1860000/ 2013680 entries, 92.37% (elapsed time 26638.2s, curr speed    0.169 kHz, avg speed    0.070 kHz), accepted     2841/ 1860001 events ( 0.15%)
Processed  1870000/ 2013680 entries, 92.86% (elapsed time 26700.5s, curr speed    0.161 kHz, avg speed    0.070 kHz), accepted     2861/ 1870001 events ( 0.15%)
Processed  1880000/ 2013680 entries, 93.36% (elapsed time 26761.0s, curr speed    0.165 kHz, avg speed    0.070 kHz), accepted     2872/ 1880001 events ( 0.15%)
Processed  1890000/ 2013680 entries, 93.86% (elapsed time 26822.8s, curr speed    0.162 kHz, avg speed    0.070 kHz), accepted     2881/ 1890001 events ( 0.15%)
ZtoMM trigger inconsistency
Processed  1900000/ 2013680 entries, 94.35% (elapsed time 26885.7s, curr speed    0.159 kHz, avg speed    0.071 kHz), accepted     2907/ 1900001 events ( 0.15%)
Processed  1910000/ 2013680 entries, 94.85% (elapsed time 26944.0s, curr speed    0.172 kHz, avg speed    0.071 kHz), accepted     2918/ 1910001 events ( 0.15%)
ZtoMM trigger inconsistency
Processed  1920000/ 2013680 entries, 95.35% (elapsed time 27005.7s, curr speed    0.162 kHz, avg speed    0.071 kHz), accepted     2937/ 1920001 events ( 0.15%)
Processed  1930000/ 2013680 entries, 95.84% (elapsed time 27066.4s, curr speed    0.165 kHz, avg speed    0.071 kHz), accepted     2955/ 1930001 events ( 0.15%)
Processed  1940000/ 2013680 entries, 96.34% (elapsed time 27128.1s, curr speed    0.162 kHz, avg speed    0.072 kHz), accepted     2974/ 1940001 events ( 0.15%)
Processed  1950000/ 2013680 entries, 96.84% (elapsed time 27192.4s, curr speed    0.156 kHz, avg speed    0.072 kHz), accepted     2992/ 1950001 events ( 0.15%)
ZtoMM trigger inconsistency
Processed  1960000/ 2013680 entries, 97.33% (elapsed time 27252.1s, curr speed    0.167 kHz, avg speed    0.072 kHz), accepted     3012/ 1960001 events ( 0.15%)
Processed  1970000/ 2013680 entries, 97.83% (elapsed time 27313.5s, curr speed    0.163 kHz, avg speed    0.072 kHz), accepted     3029/ 1970001 events ( 0.15%)
Processed  1980000/ 2013680 entries, 98.33% (elapsed time 27372.8s, curr speed    0.169 kHz, avg speed    0.072 kHz), accepted     3044/ 1980001 events ( 0.15%)
Bad event
Processed  1990000/ 2013680 entries, 98.82% (elapsed time 27434.8s, curr speed    0.161 kHz, avg speed    0.073 kHz), accepted     3062/ 1990001 events ( 0.15%)
TtoEM trigger inconsistency
Processed  2000000/ 2013680 entries, 99.32% (elapsed time 27497.4s, curr speed    0.160 kHz, avg speed    0.073 kHz), accepted     3077/ 2000001 events ( 0.15%)
Processed  2010000/ 2013680 entries, 99.82% (elapsed time 27558.6s, curr speed    0.163 kHz, avg speed    0.073 kHz), accepted     3098/ 2010001 events ( 0.15%)
Processed 2013680 preselected entries from root://cms-xrd-global.cern.ch//store/mc/RunIISummer16NanoAODv6/ZZTo4L_13TeV_powheg_pythia8_ext1/NANOAODSIM/PUMoriond17_Nano25Oct2019_102X_mcRun2_asymptotic_v7-v1/270000/DCEF92FB-E741-3745-A7D3-C568972C296D.root (2013680 entries). Finally selected 3101 entries
Done /work/pbaertsc/heavy_resonance/output_2016/ZZTo4L_13TeV_powheg_pythia8_ext1__RunIISummer16NanoAODv6-PUMoriond17_Nano25Oct2019_102X_mcRun2_asymptotic_v7-v1__NANOAODSIM/DCEF92FB-E741-3745-A7D3-C568972C296D.root
72.987240064 Hz
deleting root file with name: /work/pbaertsc/heavy_resonance/output_2016/ZZTo4L_13TeV_powheg_pythia8_ext1__RunIISummer16NanoAODv6-PUMoriond17_Nano25Oct2019_102X_mcRun2_asymptotic_v7-v1__NANOAODSIM/DCEF92FB-E741-3745-A7D3-C568972C296D.root
DONE
Complete at
Fri Jan 31 05:15:30 CET 2020
