job start at
Tue Jan 28 21:19:35 CET 2020
SLURM_JOB_ID: 422312
HOSTNAME: t3wn36
JOBLIST:joblist/joblist_GluGluHToBB_M125_13TeV_amcatnloFXFX_pythia8__RunIIFall17NanoAODv6-PU2017_12Apr2018_Nano25Oct2019_102X_mc2017_realistic_v7-v1__NANOAODSIM_ll.txt
Going to execute
python job.py -i root://cms-xrd-global.cern.ch//store/mc/RunIIFall17NanoAODv6/GluGluHToBB_M125_13TeV_amcatnloFXFX_pythia8/NANOAODSIM/PU2017_12Apr2018_Nano25Oct2019_102X_mc2017_realistic_v7-v1/280000/214FA82B-28FC-974D-8CD7-91FBDA96CCB9.root -o /work/pbaertsc/heavy_resonance/output_2017/GluGluHToBB_M125_13TeV_amcatnloFXFX_pythia8__RunIIFall17NanoAODv6-PU2017_12Apr2018_Nano25Oct2019_102X_mc2017_realistic_v7-v1__NANOAODSIM -N GluGluHToBB_M125_13TeV_amcatnloFXFX_pythia8__RunIIFall17NanoAODv6-PU2017_12Apr2018_Nano25Oct2019_102X_mc2017_realistic_v7-v1__NANOAODSIM -n 6 -c ll -y 2017
JEC= Fall17_17Nov2017_V32_MC 	 JER= Fall17_V3_MC
MET branch= PuppiMET
JEC= Fall17_17Nov2017_V32_MC 	 JER= Fall17_V3_MC
MET branch= PuppiMET
--------------------------------------------------------------------------------
input files  = ['root://cms-xrd-global.cern.ch//store/mc/RunIIFall17NanoAODv6/GluGluHToBB_M125_13TeV_amcatnloFXFX_pythia8/NANOAODSIM/PU2017_12Apr2018_Nano25Oct2019_102X_mc2017_realistic_v7-v1/280000/214FA82B-28FC-974D-8CD7-91FBDA96CCB9.root']
output directory = /work/pbaertsc/heavy_resonance/output_2017/GluGluHToBB_M125_13TeV_amcatnloFXFX_pythia8__RunIIFall17NanoAODv6-PU2017_12Apr2018_Nano25Oct2019_102X_mc2017_realistic_v7-v1__NANOAODSIM
output file  = GluGluHToBB_M125_13TeV_amcatnloFXFX_pythia8__RunIIFall17NanoAODv6-PU2017_12Apr2018_Nano25Oct2019_102X_mc2017_realistic_v7-v1__NANOAODSIM_6_ll.root
chunck       = 6
channel      = ll
dataType     = mc
year         = 2017
tes          = 1.0
ltf          = 1.0
jtf          = 1.0
--------------------------------------------------------------------------------
job.py: creating PostProcessor...
TreeProducer is called /work/pbaertsc/heavy_resonance/output_2017/GluGluHToBB_M125_13TeV_amcatnloFXFX_pythia8__RunIIFall17NanoAODv6-PU2017_12Apr2018_Nano25Oct2019_102X_mc2017_realistic_v7-v1__NANOAODSIM/GluGluHToBB_M125_13TeV_amcatnloFXFX_pythia8__RunIIFall17NanoAODv6-PU2017_12Apr2018_Nano25Oct2019_102X_mc2017_realistic_v7-v1__NANOAODSIM_6_ll.root
job.py: going to run PostProcessor...
Will write selected trees to /work/pbaertsc/heavy_resonance/output_2017/GluGluHToBB_M125_13TeV_amcatnloFXFX_pythia8__RunIIFall17NanoAODv6-PU2017_12Apr2018_Nano25Oct2019_102X_mc2017_realistic_v7-v1__NANOAODSIM
Loading jet energy scale (JES) uncertainties from file '/tmp/tmpESUcK8/Fall17_17Nov2017_V32_MC_Uncertainty_AK4PFchs.txt'
Loading jet energy resolutions (JER) from file '/tmp/tmp0O8YbM/Fall17_V3_MC_PtResolution_AK4PFchs.txt'
Loading JER scale factors and uncertainties from file '/tmp/tmp0O8YbM/Fall17_V3_MC_SF_AK4PFchs.txt'
Loading jet energy scale (JES) uncertainties from file '/tmp/tmpArBozP/Fall17_17Nov2017_V32_MC_Uncertainty_AK8PFPuppi.txt'
Loading jet energy resolutions (JER) from file '/tmp/tmpPWaKHv/Fall17_V3_MC_PtResolution_AK8PFPuppi.txt'
Loading JER scale factors and uncertainties from file '/tmp/tmpPWaKHv/Fall17_V3_MC_SF_AK8PFPuppi.txt'
200128 21:25:25 224735 secgsi_GetCA: CA entry for '5e02f50a.0:1' needs refreshing: clean the related entry cache first
200128 21:25:25 224735 secgsi_GetCA: CRL entry for '5e02f50a.0:1' needs refreshing: clean the related entry cache first (0x2b9524012270)
TClass::Init:0: RuntimeWarning: no dictionary for class ROOT::TIOFeatures is available
/work/pbaertsc/heavy_resonance/CMSSW_9_4_6/python/PhysicsTools/NanoAODTools/postprocessing/framework/treeReaderArrayTools.py:69: RuntimeWarning: creating executor for unknown type "ULong64_t*"
  ret = _vr.Get()[0]
Pre-select 1028577 entries out of 1028577 (100.00%)
nanoAODv5? True
Processed    10000/ 1028577 entries,  0.97% (elapsed time   126.5s, curr speed    0.079 kHz, avg speed    0.079 kHz), accepted        1/   10001 events ( 0.01%)
Processed    20000/ 1028577 entries,  1.94% (elapsed time   247.6s, curr speed    0.083 kHz, avg speed    0.081 kHz), accepted        2/   20001 events ( 0.01%)
Processed    30000/ 1028577 entries,  2.92% (elapsed time   367.6s, curr speed    0.083 kHz, avg speed    0.082 kHz), accepted        3/   30001 events ( 0.01%)
Processed    40000/ 1028577 entries,  3.89% (elapsed time   488.2s, curr speed    0.083 kHz, avg speed    0.082 kHz), accepted        4/   40001 events ( 0.01%)
Processed    50000/ 1028577 entries,  4.86% (elapsed time   609.2s, curr speed    0.083 kHz, avg speed    0.082 kHz), accepted        4/   50001 events ( 0.01%)
Processed    60000/ 1028577 entries,  5.83% (elapsed time   730.5s, curr speed    0.082 kHz, avg speed    0.082 kHz), accepted        5/   60001 events ( 0.01%)
Processed    70000/ 1028577 entries,  6.81% (elapsed time   852.0s, curr speed    0.082 kHz, avg speed    0.082 kHz), accepted        6/   70001 events ( 0.01%)
Processed    80000/ 1028577 entries,  7.78% (elapsed time   972.9s, curr speed    0.083 kHz, avg speed    0.082 kHz), accepted        6/   80001 events ( 0.01%)
Processed    90000/ 1028577 entries,  8.75% (elapsed time  1095.6s, curr speed    0.082 kHz, avg speed    0.082 kHz), accepted        7/   90001 events ( 0.01%)
Processed   100000/ 1028577 entries,  9.72% (elapsed time  1218.6s, curr speed    0.081 kHz, avg speed    0.082 kHz), accepted        8/  100001 events ( 0.01%)
Processed   110000/ 1028577 entries, 10.69% (elapsed time  1340.7s, curr speed    0.082 kHz, avg speed    0.082 kHz), accepted        8/  110001 events ( 0.01%)
Processed   120000/ 1028577 entries, 11.67% (elapsed time  1463.5s, curr speed    0.081 kHz, avg speed    0.082 kHz), accepted        8/  120001 events ( 0.01%)
Processed   130000/ 1028577 entries, 12.64% (elapsed time  1584.4s, curr speed    0.083 kHz, avg speed    0.082 kHz), accepted        8/  130001 events ( 0.01%)
Processed   140000/ 1028577 entries, 13.61% (elapsed time  1706.7s, curr speed    0.082 kHz, avg speed    0.082 kHz), accepted        9/  140001 events ( 0.01%)
Processed   150000/ 1028577 entries, 14.58% (elapsed time  1829.3s, curr speed    0.082 kHz, avg speed    0.082 kHz), accepted       10/  150001 events ( 0.01%)
Processed   160000/ 1028577 entries, 15.56% (elapsed time  1950.4s, curr speed    0.083 kHz, avg speed    0.082 kHz), accepted       10/  160001 events ( 0.01%)
Processed   170000/ 1028577 entries, 16.53% (elapsed time  2072.1s, curr speed    0.082 kHz, avg speed    0.082 kHz), accepted       10/  170001 events ( 0.01%)
Processed   180000/ 1028577 entries, 17.50% (elapsed time  2194.5s, curr speed    0.082 kHz, avg speed    0.082 kHz), accepted       10/  180001 events ( 0.01%)
Processed   190000/ 1028577 entries, 18.47% (elapsed time  2315.3s, curr speed    0.083 kHz, avg speed    0.082 kHz), accepted       10/  190001 events ( 0.01%)
Processed   200000/ 1028577 entries, 19.44% (elapsed time  2437.3s, curr speed    0.082 kHz, avg speed    0.082 kHz), accepted       10/  200001 events ( 0.00%)
Processed   210000/ 1028577 entries, 20.42% (elapsed time  2558.6s, curr speed    0.082 kHz, avg speed    0.082 kHz), accepted       10/  210001 events ( 0.00%)
Processed   220000/ 1028577 entries, 21.39% (elapsed time  2680.5s, curr speed    0.082 kHz, avg speed    0.082 kHz), accepted       10/  220001 events ( 0.00%)
Processed   230000/ 1028577 entries, 22.36% (elapsed time  2802.6s, curr speed    0.082 kHz, avg speed    0.082 kHz), accepted       10/  230001 events ( 0.00%)
Bad event
Processed   240000/ 1028577 entries, 23.33% (elapsed time  2924.0s, curr speed    0.082 kHz, avg speed    0.082 kHz), accepted       10/  240001 events ( 0.00%)
Processed   250000/ 1028577 entries, 24.31% (elapsed time  3047.0s, curr speed    0.081 kHz, avg speed    0.082 kHz), accepted       11/  250001 events ( 0.00%)
Processed   260000/ 1028577 entries, 25.28% (elapsed time  3168.9s, curr speed    0.082 kHz, avg speed    0.082 kHz), accepted       11/  260001 events ( 0.00%)
Processed   270000/ 1028577 entries, 26.25% (elapsed time  3291.1s, curr speed    0.082 kHz, avg speed    0.082 kHz), accepted       11/  270001 events ( 0.00%)
Bad event
Processed   280000/ 1028577 entries, 27.22% (elapsed time  3411.9s, curr speed    0.083 kHz, avg speed    0.082 kHz), accepted       11/  280001 events ( 0.00%)
Processed   290000/ 1028577 entries, 28.19% (elapsed time  3533.6s, curr speed    0.082 kHz, avg speed    0.082 kHz), accepted       11/  290001 events ( 0.00%)
Processed   300000/ 1028577 entries, 29.17% (elapsed time  3656.0s, curr speed    0.082 kHz, avg speed    0.082 kHz), accepted       11/  300001 events ( 0.00%)
Processed   310000/ 1028577 entries, 30.14% (elapsed time  3777.4s, curr speed    0.082 kHz, avg speed    0.082 kHz), accepted       11/  310001 events ( 0.00%)
Processed   320000/ 1028577 entries, 31.11% (elapsed time  3899.4s, curr speed    0.082 kHz, avg speed    0.082 kHz), accepted       11/  320001 events ( 0.00%)
Processed   330000/ 1028577 entries, 32.08% (elapsed time  4022.1s, curr speed    0.082 kHz, avg speed    0.082 kHz), accepted       12/  330001 events ( 0.00%)
Processed   340000/ 1028577 entries, 33.06% (elapsed time  4142.9s, curr speed    0.083 kHz, avg speed    0.082 kHz), accepted       12/  340001 events ( 0.00%)
Processed   350000/ 1028577 entries, 34.03% (elapsed time  4264.1s, curr speed    0.083 kHz, avg speed    0.082 kHz), accepted       12/  350001 events ( 0.00%)
Processed   360000/ 1028577 entries, 35.00% (elapsed time  4386.4s, curr speed    0.082 kHz, avg speed    0.082 kHz), accepted       13/  360001 events ( 0.00%)
Processed   370000/ 1028577 entries, 35.97% (elapsed time  4508.6s, curr speed    0.082 kHz, avg speed    0.082 kHz), accepted       13/  370001 events ( 0.00%)
Processed   380000/ 1028577 entries, 36.94% (elapsed time  4630.6s, curr speed    0.082 kHz, avg speed    0.082 kHz), accepted       13/  380001 events ( 0.00%)
Processed   390000/ 1028577 entries, 37.92% (elapsed time  4751.6s, curr speed    0.083 kHz, avg speed    0.082 kHz), accepted       13/  390001 events ( 0.00%)
Processed   400000/ 1028577 entries, 38.89% (elapsed time  4873.2s, curr speed    0.082 kHz, avg speed    0.082 kHz), accepted       13/  400001 events ( 0.00%)
Processed   410000/ 1028577 entries, 39.86% (elapsed time  4994.8s, curr speed    0.082 kHz, avg speed    0.082 kHz), accepted       13/  410001 events ( 0.00%)
Processed   420000/ 1028577 entries, 40.83% (elapsed time  5115.6s, curr speed    0.083 kHz, avg speed    0.082 kHz), accepted       13/  420001 events ( 0.00%)
Processed   430000/ 1028577 entries, 41.81% (elapsed time  5237.4s, curr speed    0.082 kHz, avg speed    0.082 kHz), accepted       13/  430001 events ( 0.00%)
Processed   440000/ 1028577 entries, 42.78% (elapsed time  5359.6s, curr speed    0.082 kHz, avg speed    0.082 kHz), accepted       13/  440001 events ( 0.00%)
Processed   450000/ 1028577 entries, 43.75% (elapsed time  5481.0s, curr speed    0.082 kHz, avg speed    0.082 kHz), accepted       14/  450001 events ( 0.00%)
Processed   460000/ 1028577 entries, 44.72% (elapsed time  5602.9s, curr speed    0.082 kHz, avg speed    0.082 kHz), accepted       15/  460001 events ( 0.00%)
Processed   470000/ 1028577 entries, 45.69% (elapsed time  5723.1s, curr speed    0.083 kHz, avg speed    0.082 kHz), accepted       15/  470001 events ( 0.00%)
Processed   480000/ 1028577 entries, 46.67% (elapsed time  5843.9s, curr speed    0.083 kHz, avg speed    0.082 kHz), accepted       15/  480001 events ( 0.00%)
Processed   490000/ 1028577 entries, 47.64% (elapsed time  5965.1s, curr speed    0.083 kHz, avg speed    0.082 kHz), accepted       15/  490001 events ( 0.00%)
Processed   500000/ 1028577 entries, 48.61% (elapsed time  6085.5s, curr speed    0.083 kHz, avg speed    0.082 kHz), accepted       16/  500001 events ( 0.00%)
Processed   510000/ 1028577 entries, 49.58% (elapsed time  6206.3s, curr speed    0.083 kHz, avg speed    0.082 kHz), accepted       16/  510001 events ( 0.00%)
Processed   520000/ 1028577 entries, 50.56% (elapsed time  6326.8s, curr speed    0.083 kHz, avg speed    0.082 kHz), accepted       17/  520001 events ( 0.00%)
Processed   530000/ 1028577 entries, 51.53% (elapsed time  6447.1s, curr speed    0.083 kHz, avg speed    0.082 kHz), accepted       18/  530001 events ( 0.00%)
Processed   540000/ 1028577 entries, 52.50% (elapsed time  6568.2s, curr speed    0.083 kHz, avg speed    0.082 kHz), accepted       19/  540001 events ( 0.00%)
Processed   550000/ 1028577 entries, 53.47% (elapsed time  6687.9s, curr speed    0.084 kHz, avg speed    0.082 kHz), accepted       19/  550001 events ( 0.00%)
Processed   560000/ 1028577 entries, 54.44% (elapsed time  6808.8s, curr speed    0.083 kHz, avg speed    0.082 kHz), accepted       19/  560001 events ( 0.00%)
Processed   570000/ 1028577 entries, 55.42% (elapsed time  6929.2s, curr speed    0.083 kHz, avg speed    0.082 kHz), accepted       19/  570001 events ( 0.00%)
Processed   580000/ 1028577 entries, 56.39% (elapsed time  7050.3s, curr speed    0.083 kHz, avg speed    0.082 kHz), accepted       19/  580001 events ( 0.00%)
Processed   590000/ 1028577 entries, 57.36% (elapsed time  7170.8s, curr speed    0.083 kHz, avg speed    0.082 kHz), accepted       19/  590001 events ( 0.00%)
Processed   600000/ 1028577 entries, 58.33% (elapsed time  7290.8s, curr speed    0.083 kHz, avg speed    0.082 kHz), accepted       22/  600001 events ( 0.00%)
Processed   610000/ 1028577 entries, 59.31% (elapsed time  7411.0s, curr speed    0.083 kHz, avg speed    0.082 kHz), accepted       23/  610001 events ( 0.00%)
Processed   620000/ 1028577 entries, 60.28% (elapsed time  7532.5s, curr speed    0.082 kHz, avg speed    0.082 kHz), accepted       23/  620001 events ( 0.00%)
Bad event
Processed   630000/ 1028577 entries, 61.25% (elapsed time  7651.8s, curr speed    0.084 kHz, avg speed    0.082 kHz), accepted       23/  630001 events ( 0.00%)
Processed   640000/ 1028577 entries, 62.22% (elapsed time  7773.3s, curr speed    0.082 kHz, avg speed    0.082 kHz), accepted       26/  640001 events ( 0.00%)
Processed   650000/ 1028577 entries, 63.19% (elapsed time  7893.5s, curr speed    0.083 kHz, avg speed    0.082 kHz), accepted       27/  650001 events ( 0.00%)
Processed   660000/ 1028577 entries, 64.17% (elapsed time  8013.0s, curr speed    0.084 kHz, avg speed    0.082 kHz), accepted       27/  660001 events ( 0.00%)
Processed   670000/ 1028577 entries, 65.14% (elapsed time  8133.2s, curr speed    0.083 kHz, avg speed    0.082 kHz), accepted       27/  670001 events ( 0.00%)
Processed   680000/ 1028577 entries, 66.11% (elapsed time  8253.5s, curr speed    0.083 kHz, avg speed    0.082 kHz), accepted       28/  680001 events ( 0.00%)
Processed   690000/ 1028577 entries, 67.08% (elapsed time  8375.1s, curr speed    0.082 kHz, avg speed    0.082 kHz), accepted       30/  690001 events ( 0.00%)
Processed   700000/ 1028577 entries, 68.06% (elapsed time  8496.0s, curr speed    0.083 kHz, avg speed    0.082 kHz), accepted       30/  700001 events ( 0.00%)
Processed   710000/ 1028577 entries, 69.03% (elapsed time  8616.8s, curr speed    0.083 kHz, avg speed    0.082 kHz), accepted       31/  710001 events ( 0.00%)
Processed   720000/ 1028577 entries, 70.00% (elapsed time  8737.5s, curr speed    0.083 kHz, avg speed    0.082 kHz), accepted       31/  720001 events ( 0.00%)
Processed   730000/ 1028577 entries, 70.97% (elapsed time  8857.5s, curr speed    0.083 kHz, avg speed    0.082 kHz), accepted       31/  730001 events ( 0.00%)
Processed   740000/ 1028577 entries, 71.94% (elapsed time  8979.4s, curr speed    0.082 kHz, avg speed    0.082 kHz), accepted       32/  740001 events ( 0.00%)
Processed   750000/ 1028577 entries, 72.92% (elapsed time  9100.7s, curr speed    0.082 kHz, avg speed    0.082 kHz), accepted       33/  750001 events ( 0.00%)
Bad event
%MSG-e SimpleJetCorrectionUncertainty: 
 bin variables out of range
%MSG
%MSG-e SimpleJetCorrectionUncertainty: 
 bin variables out of range
%MSG
Processed   760000/ 1028577 entries, 73.89% (elapsed time  9220.6s, curr speed    0.083 kHz, avg speed    0.082 kHz), accepted       33/  760001 events ( 0.00%)
Processed   770000/ 1028577 entries, 74.86% (elapsed time  9340.8s, curr speed    0.083 kHz, avg speed    0.082 kHz), accepted       33/  770001 events ( 0.00%)
Processed   780000/ 1028577 entries, 75.83% (elapsed time  9461.0s, curr speed    0.083 kHz, avg speed    0.082 kHz), accepted       34/  780001 events ( 0.00%)
Processed   790000/ 1028577 entries, 76.81% (elapsed time  9581.1s, curr speed    0.083 kHz, avg speed    0.082 kHz), accepted       34/  790001 events ( 0.00%)
Processed   800000/ 1028577 entries, 77.78% (elapsed time  9701.7s, curr speed    0.083 kHz, avg speed    0.082 kHz), accepted       34/  800001 events ( 0.00%)
Processed   810000/ 1028577 entries, 78.75% (elapsed time  9821.6s, curr speed    0.083 kHz, avg speed    0.082 kHz), accepted       34/  810001 events ( 0.00%)
Processed   820000/ 1028577 entries, 79.72% (elapsed time  9941.8s, curr speed    0.083 kHz, avg speed    0.082 kHz), accepted       35/  820001 events ( 0.00%)
Processed   830000/ 1028577 entries, 80.69% (elapsed time 10061.0s, curr speed    0.084 kHz, avg speed    0.082 kHz), accepted       36/  830001 events ( 0.00%)
Processed   840000/ 1028577 entries, 81.67% (elapsed time 10179.2s, curr speed    0.085 kHz, avg speed    0.083 kHz), accepted       36/  840001 events ( 0.00%)
Processed   850000/ 1028577 entries, 82.64% (elapsed time 10296.9s, curr speed    0.085 kHz, avg speed    0.083 kHz), accepted       36/  850001 events ( 0.00%)
Processed   860000/ 1028577 entries, 83.61% (elapsed time 10416.0s, curr speed    0.084 kHz, avg speed    0.083 kHz), accepted       36/  860001 events ( 0.00%)
Processed   870000/ 1028577 entries, 84.58% (elapsed time 10534.4s, curr speed    0.084 kHz, avg speed    0.083 kHz), accepted       36/  870001 events ( 0.00%)
Processed   880000/ 1028577 entries, 85.56% (elapsed time 10653.3s, curr speed    0.084 kHz, avg speed    0.083 kHz), accepted       36/  880001 events ( 0.00%)
Processed   890000/ 1028577 entries, 86.53% (elapsed time 10771.8s, curr speed    0.084 kHz, avg speed    0.083 kHz), accepted       36/  890001 events ( 0.00%)
Processed   900000/ 1028577 entries, 87.50% (elapsed time 10890.1s, curr speed    0.085 kHz, avg speed    0.083 kHz), accepted       36/  900001 events ( 0.00%)
Processed   910000/ 1028577 entries, 88.47% (elapsed time 11010.0s, curr speed    0.083 kHz, avg speed    0.083 kHz), accepted       37/  910001 events ( 0.00%)
Processed   920000/ 1028577 entries, 89.44% (elapsed time 11128.3s, curr speed    0.084 kHz, avg speed    0.083 kHz), accepted       37/  920001 events ( 0.00%)
Processed   930000/ 1028577 entries, 90.42% (elapsed time 11247.9s, curr speed    0.084 kHz, avg speed    0.083 kHz), accepted       39/  930001 events ( 0.00%)
Processed   940000/ 1028577 entries, 91.39% (elapsed time 11367.5s, curr speed    0.084 kHz, avg speed    0.083 kHz), accepted       39/  940001 events ( 0.00%)
Processed   950000/ 1028577 entries, 92.36% (elapsed time 11487.1s, curr speed    0.084 kHz, avg speed    0.083 kHz), accepted       40/  950001 events ( 0.00%)
Processed   960000/ 1028577 entries, 93.33% (elapsed time 11606.0s, curr speed    0.084 kHz, avg speed    0.083 kHz), accepted       40/  960001 events ( 0.00%)
Processed   970000/ 1028577 entries, 94.31% (elapsed time 11725.5s, curr speed    0.084 kHz, avg speed    0.083 kHz), accepted       41/  970001 events ( 0.00%)
Processed   980000/ 1028577 entries, 95.28% (elapsed time 11845.5s, curr speed    0.083 kHz, avg speed    0.083 kHz), accepted       42/  980001 events ( 0.00%)
Processed   990000/ 1028577 entries, 96.25% (elapsed time 11962.9s, curr speed    0.085 kHz, avg speed    0.083 kHz), accepted       42/  990001 events ( 0.00%)
Processed  1000000/ 1028577 entries, 97.22% (elapsed time 12080.8s, curr speed    0.085 kHz, avg speed    0.083 kHz), accepted       43/ 1000001 events ( 0.00%)
Processed  1010000/ 1028577 entries, 98.19% (elapsed time 12199.5s, curr speed    0.084 kHz, avg speed    0.083 kHz), accepted       43/ 1010001 events ( 0.00%)
Processed  1020000/ 1028577 entries, 99.17% (elapsed time 12317.9s, curr speed    0.085 kHz, avg speed    0.083 kHz), accepted       43/ 1020001 events ( 0.00%)
Processed 1028577 preselected entries from root://cms-xrd-global.cern.ch//store/mc/RunIIFall17NanoAODv6/GluGluHToBB_M125_13TeV_amcatnloFXFX_pythia8/NANOAODSIM/PU2017_12Apr2018_Nano25Oct2019_102X_mc2017_realistic_v7-v1/280000/214FA82B-28FC-974D-8CD7-91FBDA96CCB9.root (1028577 entries). Finally selected 44 entries
Done /work/pbaertsc/heavy_resonance/output_2017/GluGluHToBB_M125_13TeV_amcatnloFXFX_pythia8__RunIIFall17NanoAODv6-PU2017_12Apr2018_Nano25Oct2019_102X_mc2017_realistic_v7-v1__NANOAODSIM/214FA82B-28FC-974D-8CD7-91FBDA96CCB9.root
82.8030497578 Hz
deleting root file with name: /work/pbaertsc/heavy_resonance/output_2017/GluGluHToBB_M125_13TeV_amcatnloFXFX_pythia8__RunIIFall17NanoAODv6-PU2017_12Apr2018_Nano25Oct2019_102X_mc2017_realistic_v7-v1__NANOAODSIM/214FA82B-28FC-974D-8CD7-91FBDA96CCB9.root
DONE
Complete at
Wed Jan 29 01:03:33 CET 2020
